    {
      "source": "sysmon",
      "provider": "Microsoft-Windows-Sysmon",
      "eventId": 1,
      "time": "2026-09-13T21:37:02.8229486Z",
      "recordId": 621190,
      "data": {
        "RuleName": "-",
        "UtcTime": "2026-09-13 21:37:02.750",
        "ProcessGuid": "{66b35fd9-177e-6aa7-ca37-000000001700}",
        "ProcessId": "5032",
        "Image": "C:\\Tools\\Python313\\python.exe",
        "FileVersion": "3.13.15",
        "Description": "Python",
        "Product": "Python",
        "Company": "Python Software Foundation",
        "OriginalFileName": "python.exe",
        "CommandLine": "\"C:\\Tools\\Python313\\python.exe\" -c print('hello')",
        "CurrentDirectory": "C:\\Users\\o-neo\\Documents\\Vip-Gece-Web-Gelistirme\\",
        "User": "DESKTOP-FOEGBB0\\CodexSandboxOffline",
        "LogonGuid": "{66b35fd9-1765-6aa7-708f-880300000000}",
        "LogonId": "0x3888f70",
        "TerminalSessionId": "1",
        "IntegrityLevel": "Medium",
        "Hashes": "MD5=ABAAA9026E4EA49EB00EFB04EAA6F30C,SHA256=85B71D8C6EC1905935F74BE0C9869AAE198D00E98F39DF699EC66F9C5A84CECD,IMPHASH=D233964EAA90E1B69B31D0C96B47B8D3",
        "ParentProcessGuid": "{66b35fd9-1768-6aa7-c537-000000001700}",
        "ParentProcessId": "11888",
        "ParentImage": "C:\\Users\\o-neo\\.cache\\codex-runtimes\\codex-primary-runtime\\dependencies\\native\\powershell\\pwsh.exe",
        "ParentCommandLine": "C:\\Users\\o-neo\\.cache\\codex-runtimes\\codex-primary-runtime\\dependencies\\native\\powershell\\pwsh.exe -NoProfile -Command \"try { [Console]::OutputEncoding=[System.Text.Encoding]::UTF8 } catch {}\npython -c \\\"print('hello')\\\"\"",
        "ParentUser": "DESKTOP-FOEGBB0\\CodexSandboxOffline"
      }
    },
    {
      "source": "sysmon",
      "provider": "Microsoft-Windows-Sysmon",
      "eventId": 1,
      "time": "2026-09-13T21:37:23.3228221Z",
      "recordId": 621221,
      "data": {
        "RuleName": "-",
        "UtcTime": "2026-09-13 21:37:19.851",
        "ProcessGuid": "{66b35fd9-178f-6aa7-dc37-000000001700}",
        "ProcessId": "8564",
        "Image": "C:\\Users\\o-neo\\.cache\\codex-runtimes\\codex-primary-runtime\\dependencies\\native\\powershell\\pwsh.exe",
        "FileVersion": "7.6.5.500",
        "Description": "PowerShell 7",
        "Product": "PowerShell",
        "Company": "Microsoft Corporation",
        "OriginalFileName": "pwsh.dll",
        "CommandLine": "C:\\Users\\o-neo\\.cache\\codex-runtimes\\codex-primary-runtime\\dependencies\\native\\powershell\\pwsh.exe -NoProfile -Command \"try { [Console]::OutputEncoding=[System.Text.Encoding]::UTF8 } catch {}\npython -c \\\"import importlib.util; print(importlib.util.find_spec('olefile')); print(importlib.util.find_spec('xlrd')); print(importlib.util.find_spec('openpyxl'))\\\"\"",
        "CurrentDirectory": "C:\\Users\\o-neo\\Documents\\Vip-Gece-Web-Gelistirme\\",
        "User": "DESKTOP-FOEGBB0\\CodexSandboxOffline",
        "LogonGuid": "{66b35fd9-178f-6aa7-c6e7-8a0300000000}",
        "LogonId": "0x38ae7c6",
        "TerminalSessionId": "1",
        "IntegrityLevel": "Medium",
        "Hashes": "MD5=900E13C7C07D7C3F949913452D81B208,SHA256=362A356CE7F0940EC74F73A8FC2C990A2CC24A38A11C90BBD8ECA947110AD139,IMPHASH=53E4E12437621212A425D294842D0A96",
        "ParentProcessGuid": "{66b35fd9-178f-6aa7-db37-000000001700}",
        "ParentProcessId": "12524",
        "ParentImage": "C:\\Users\\o-neo\\.codex\\.sandbox-bin\\codex-command-runner-0.154.0-alpha.6.2.exe",
        "ParentCommandLine": "C:\\Users\\o-neo\\.codex\\.sandbox-bin\\codex-command-runner-0.154.0-alpha.6.2.exe --pipe-in=\\\\.\\pipe\\codex-runner-a295787145c75f3ac612a9d6cc582c97-in --pipe-out=\\\\.\\pipe\\codex-runner-a295787145c75f3ac612a9d6cc582c97-out",
        "ParentUser": "DESKTOP-FOEGBB0\\CodexSandboxOffline"
      }
    },
    {
      "source": "sysmon",
      "provider": "Microsoft-Windows-Sysmon",
      "eventId": 1,
      "time": "2026-09-13T21:37:27.4318387Z",
      "recordId": 621225,
      "data": {
        "RuleName": "-",
        "UtcTime": "2026-09-13 21:37:27.252",
        "ProcessGuid": "{66b35fd9-1797-6aa7-de37-000000001700}",
        "ProcessId": "12448",
        "Image": "C:\\Tools\\Python313\\python.exe",
        "FileVersion": "3.13.15",
        "Description": "Python",
        "Product": "Python",
        "Company": "Python Software Foundation",
        "OriginalFileName": "python.exe",
        "CommandLine": "\"C:\\Tools\\Python313\\python.exe\" -c \"import importlib.util; print(importlib.util.find_spec('olefile')); print(importlib.util.find_spec('xlrd')); print(importlib.util.find_spec('openpyxl'))\"",
        "CurrentDirectory": "C:\\Users\\o-neo\\Documents\\Vip-Gece-Web-Gelistirme\\",
        "User": "DESKTOP-FOEGBB0\\CodexSandboxOffline",
        "LogonGuid": "{66b35fd9-178f-6aa7-c6e7-8a0300000000}",
        "LogonId": "0x38ae7c6",
        "TerminalSessionId": "1",
        "IntegrityLevel": "Medium",
        "Hashes": "MD5=ABAAA9026E4EA49EB00EFB04EAA6F30C,SHA256=85B71D8C6EC1905935F74BE0C9869AAE198D00E98F39DF699EC66F9C5A84CECD,IMPHASH=D233964EAA90E1B69B31D0C96B47B8D3",
        "ParentProcessGuid": "{66b35fd9-178f-6aa7-dc37-000000001700}",
        "ParentProcessId": "8564",
        "ParentImage": "C:\\Users\\o-neo\\.cache\\codex-runtimes\\codex-primary-runtime\\dependencies\\native\\powershell\\pwsh.exe",
        "ParentCommandLine": "C:\\Users\\o-neo\\.cache\\codex-runtimes\\codex-primary-runtime\\dependencies\\native\\powershell\\pwsh.exe -NoProfile -Command \"try { [Console]::OutputEncoding=[System.Text.Encoding]::UTF8 } catch {}\npython -c \\\"import importlib.util; print(importlib.util.find_spec('olefile')); print(importlib.util.find_spec('xlrd')); print(importlib.util.find_spec('openpyxl'))\\\"\"",
        "ParentUser": "DESKTOP-FOEGBB0\\CodexSandboxOffline"
      }
    },
    {
      "source": "sysmon",
      "provider": "Microsoft-Windows-Sysmon",
      "eventId": 1,
      "time": "2026-09-13T21:37:45.9047499Z",
      "recordId": 621245,
      "data": {
        "RuleName": "-",
        "UtcTime": "2026-09-13 21:37:41.280",
        "ProcessGuid": "{66b35fd9-17a5-6aa7-e737-000000001700}",
        "ProcessId": "11372",
        "Image": "C:\\Users\\o-neo\\.cache\\codex-runtimes\\codex-primary-runtime\\dependencies\\native\\powershell\\pwsh.exe",
        "FileVersion": "7.6.5.500",
        "Description": "PowerShell 7",
        "Product": "PowerShell",
        "Company": "Microsoft Corporation",
        "OriginalFileName": "pwsh.dll",
        "CommandLine": "C:\\Users\\o-neo\\.cache\\codex-runtimes\\codex-primary-runtime\\dependencies\\native\\powershell\\pwsh.exe -NoProfile -Command \"try { [Console]::OutputEncoding=[System.Text.Encoding]::UTF8 } catch {}\npython -m pip install --disable-pip-version-check --no-input --target \\\"$env:TEMP\\codex_xlrd\\\" xlrd==2.0.2\"",
        "CurrentDirectory": "C:\\Users\\o-neo\\Documents\\Vip-Gece-Web-Gelistirme\\",
        "User": "DESKTOP-FOEGBB0\\CodexSandboxOffline",
        "LogonGuid": "{66b35fd9-17a5-6aa7-a72b-8c0300000000}",
        "LogonId": "0x38c2ba7",
        "TerminalSessionId": "1",
        "IntegrityLevel": "Medium",
        "Hashes": "MD5=900E13C7C07D7C3F949913452D81B208,SHA256=362A356CE7F0940EC74F73A8FC2C990A2CC24A38A11C90BBD8ECA947110AD139,IMPHASH=53E4E12437621212A425D294842D0A96",
        "ParentProcessGuid": "{66b35fd9-17a5-6aa7-e637-000000001700}",
        "ParentProcessId": "10632",
        "ParentImage": "C:\\Users\\o-neo\\.codex\\.sandbox-bin\\codex-command-runner-0.154.0-alpha.6.2.exe",
        "ParentCommandLine": "C:\\Users\\o-neo\\.codex\\.sandbox-bin\\codex-command-runner-0.154.0-alpha.6.2.exe --pipe-in=\\\\.\\pipe\\codex-runner-14cfddfdc741fa9937e9a7e80a968e3f-in --pipe-out=\\\\.\\pipe\\codex-runner-14cfddfdc741fa9937e9a7e80a968e3f-out",
        "ParentUser": "DESKTOP-FOEGBB0\\CodexSandboxOffline"
      }
    },
    {
      "source": "sysmon",
      "provider": "Microsoft-Windows-Sysmon",
      "eventId": 1,
      "time": "2026-09-13T21:37:48.9510211Z",
      "recordId": 621247,
      "data": {
        "RuleName": "-",
        "UtcTime": "2026-09-13 21:37:48.906",
        "ProcessGuid": "{66b35fd9-17ac-6aa7-ea37-000000001700}",
        "ProcessId": "5256",
        "Image": "C:\\Tools\\Python313\\python.exe",
        "FileVersion": "3.13.15",
        "Description": "Python",
        "Product": "Python",
        "Company": "Python Software Foundation",
        "OriginalFileName": "python.exe",
        "CommandLine": "\"C:\\Tools\\Python313\\python.exe\" -m pip install --disable-pip-version-check --no-input --target C:\\Users\\o-neo\\AppData\\Local\\Temp\\codex_xlrd xlrd==2.0.2",
        "CurrentDirectory": "C:\\Users\\o-neo\\Documents\\Vip-Gece-Web-Gelistirme\\",
        "User": "DESKTOP-FOEGBB0\\CodexSandboxOffline",
        "LogonGuid": "{66b35fd9-17a5-6aa7-a72b-8c0300000000}",
        "LogonId": "0x38c2ba7",
        "TerminalSessionId": "1",
        "IntegrityLevel": "Medium",
        "Hashes": "MD5=ABAAA9026E4EA49EB00EFB04EAA6F30C,SHA256=85B71D8C6EC1905935F74BE0C9869AAE198D00E98F39DF699EC66F9C5A84CECD,IMPHASH=D233964EAA90E1B69B31D0C96B47B8D3",
        "ParentProcessGuid": "{66b35fd9-17a5-6aa7-e737-000000001700}",
        "ParentProcessId": "11372",
        "ParentImage": "C:\\Users\\o-neo\\.cache\\codex-runtimes\\codex-primary-runtime\\dependencies\\native\\powershell\\pwsh.exe",
        "ParentCommandLine": "C:\\Users\\o-neo\\.cache\\codex-runtimes\\codex-primary-runtime\\dependencies\\native\\powershell\\pwsh.exe -NoProfile -Command \"try { [Console]::OutputEncoding=[System.Text.Encoding]::UTF8 } catch {}\npython -m pip install --disable-pip-version-check --no-input --target \\\"$env:TEMP\\codex_xlrd\\\" xlrd==2.0.2\"",
        "ParentUser": "DESKTOP-FOEGBB0\\CodexSandboxOffline"
      }
    },
    {
      "source": "sysmon",
      "provider": "Microsoft-Windows-Sysmon",
      "eventId": 1,
      "time": "2026-09-13T21:38:00.9559984Z",
      "recordId": 621258,
      "data": {
        "RuleName": "-",
        "UtcTime": "2026-09-13 21:38:00.923",
        "ProcessGuid": "{66b35fd9-17b8-6aa7-eb37-000000001700}",
        "ProcessId": "12328",
        "Image": "C:\\Windows\\System32\\cmd.exe",
        "FileVersion": "10.0.26100.9278 (WinBuild.160101.0800)",
        "Description": "Windows Command Processor",
        "Product": "Microsoft� Windows� Operating System",
        "Company": "Microsoft Corporation",
        "OriginalFileName": "Cmd.Exe",
        "CommandLine": "C:\\WINDOWS\\system32\\cmd.exe /c \"ver\"",
        "CurrentDirectory": "C:\\Users\\o-neo\\Documents\\Vip-Gece-Web-Gelistirme\\",
        "User": "DESKTOP-FOEGBB0\\CodexSandboxOffline",
        "LogonGuid": "{66b35fd9-17a5-6aa7-a72b-8c0300000000}",
        "LogonId": "0x38c2ba7",
        "TerminalSessionId": "1",
        "IntegrityLevel": "Medium",
        "Hashes": "MD5=CE396564392FAFAAD5C07A5E2DADE4E6,SHA256=97AC98B1A92C286054CCE55239CFCCDFC23A5517BD07FE693072C9CA96C7DABB,IMPHASH=010B165E4C37F484601D3DBD700C9423",
        "ParentProcessGuid": "{66b35fd9-17ac-6aa7-ea37-000000001700}",
        "ParentProcessId": "5256",
        "ParentImage": "C:\\Tools\\Python313\\python.exe",
        "ParentCommandLine": "\"C:\\Tools\\Python313\\python.exe\" -m pip install --disable-pip-version-check --no-input --target C:\\Users\\o-neo\\AppData\\Local\\Temp\\codex_xlrd xlrd==2.0.2",
        "ParentUser": "DESKTOP-FOEGBB0\\CodexSandboxOffline"
      }
    },
    {
      "source": "sysmon",
      "provider": "Microsoft-Windows-Sysmon",
      "eventId": 1,
      "time": "2026-09-13T21:38:29.7076034Z",
      "recordId": 621301,
      "data": {
        "RuleName": "-",
        "UtcTime": "2026-09-13 21:38:27.298",
        "ProcessGuid": "{66b35fd9-17d3-6aa7-fc37-000000001700}",
        "ProcessId": "11052",
        "Image": "C:\\Users\\o-neo\\.cache\\codex-runtimes\\codex-primary-runtime\\dependencies\\native\\powershell\\pwsh.exe",
        "FileVersion": "7.6.5.500",
        "Description": "PowerShell 7",
        "Product": "PowerShell",
        "Company": "Microsoft Corporation",
        "OriginalFileName": "pwsh.dll",
        "CommandLine": "C:\\Users\\o-neo\\.cache\\codex-runtimes\\codex-primary-runtime\\dependencies\\native\\powershell\\pwsh.exe -NoProfile -Command \"try { [Console]::OutputEncoding=[System.Text.Encoding]::UTF8 } catch {}\npython -c \\\"import sys,os; sys.path.insert(0, os.path.join(os.environ['TEMP'],'codex_xlrd')); import xlrd; p=os.path.join(os.environ['TEMP'],'KBN.xls'); b=xlrd.open_workbook(p); print(b.sheet_names()); [(print(s.name,s.nrows,s.ncols), [print(r, s.row_values(r)) for r in range(min(20,s.nrows))]) for s in b.sheets()]\\\"\"",
        "CurrentDirectory": "C:\\Users\\o-neo\\Documents\\Vip-Gece-Web-Gelistirme\\",
        "User": "DESKTOP-FOEGBB0\\CodexSandboxOffline",
        "LogonGuid": "{66b35fd9-17d3-6aa7-e1f3-8e0300000000}",
        "LogonId": "0x38ef3e1",
        "TerminalSessionId": "1",
        "IntegrityLevel": "Medium",
        "Hashes": "MD5=900E13C7C07D7C3F949913452D81B208,SHA256=362A356CE7F0940EC74F73A8FC2C990A2CC24A38A11C90BBD8ECA947110AD139,IMPHASH=53E4E12437621212A425D294842D0A96",
        "ParentProcessGuid": "{66b35fd9-17d3-6aa7-fb37-000000001700}",
        "ParentProcessId": "4560",
        "ParentImage": "C:\\Users\\o-neo\\.codex\\.sandbox-bin\\codex-command-runner-0.154.0-alpha.6.2.exe",
        "ParentCommandLine": "C:\\Users\\o-neo\\.codex\\.sandbox-bin\\codex-command-runner-0.154.0-alpha.6.2.exe --pipe-in=\\\\.\\pipe\\codex-runner-a690c8d49efb2093382d9f385e9f5aea-in --pipe-out=\\\\.\\pipe\\codex-runner-a690c8d49efb2093382d9f385e9f5aea-out",
        "ParentUser": "DESKTOP-FOEGBB0\\CodexSandboxOffline"
      }
    },
    {
      "source": "sysmon",
      "provider": "Microsoft-Windows-Sysmon",
      "eventId": 1,
      "time": "2026-09-13T21:38:32.3654239Z",
      "recordId": 621307,
      "data": {
        "RuleName": "-",
        "UtcTime": "2026-09-13 21:38:32.340",
        "ProcessGuid": "{66b35fd9-17d8-6aa7-fe37-000000001700}",
        "ProcessId": "13068",
        "Image": "C:\\Tools\\Python313\\python.exe",
        "FileVersion": "3.13.15",
        "Description": "Python",
        "Product": "Python",
        "Company": "Python Software Foundation",
        "OriginalFileName": "python.exe",
        "CommandLine": "\"C:\\Tools\\Python313\\python.exe\" -c \"import sys,os; sys.path.insert(0, os.path.join(os.environ['TEMP'],'codex_xlrd')); import xlrd; p=os.path.join(os.environ['TEMP'],'KBN.xls'); b=xlrd.open_workbook(p); print(b.sheet_names()); [(print(s.name,s.nrows,s.ncols), [print(r, s.row_values(r)) for r in range(min(20,s.nrows))]) for s in b.sheets()]\"",
        "CurrentDirectory": "C:\\Users\\o-neo\\Documents\\Vip-Gece-Web-Gelistirme\\",
        "User": "DESKTOP-FOEGBB0\\CodexSandboxOffline",
        "LogonGuid": "{66b35fd9-17d3-6aa7-e1f3-8e0300000000}",
        "LogonId": "0x38ef3e1",
        "TerminalSessionId": "1",
        "IntegrityLevel": "Medium",
        "Hashes": "MD5=ABAAA9026E4EA49EB00EFB04EAA6F30C,SHA256=85B71D8C6EC1905935F74BE0C9869AAE198D00E98F39DF699EC66F9C5A84CECD,IMPHASH=D233964EAA90E1B69B31D0C96B47B8D3",
        "ParentProcessGuid": "{66b35fd9-17d3-6aa7-fc37-000000001700}",
        "ParentProcessId": "11052",
        "ParentImage": "C:\\Users\\o-neo\\.cache\\codex-runtimes\\codex-primary-runtime\\dependencies\\native\\powershell\\pwsh.exe",
        "ParentCommandLine": "C:\\Users\\o-neo\\.cache\\codex-runtimes\\codex-primary-runtime\\dependencies\\native\\powershell\\pwsh.exe -NoProfile -Command \"try { [Console]::OutputEncoding=[System.Text.Encoding]::UTF8 } catch {}\npython -c \\\"import sys,os; sys.path.insert(0, os.path.join(os.environ['TEMP'],'codex_xlrd')); import xlrd; p=os.path.join(os.environ['TEMP'],'KBN.xls'); b=xlrd.open_workbook(p); print(b.sheet_names()); [(print(s.name,s.nrows,s.ncols), [print(r, s.row_values(r)) for r in range(min(20,s.nrows))]) for s in b.sheets()]\\\"\"",
        "ParentUser": "DESKTOP-FOEGBB0\\CodexSandboxOffline"
      }
    },
    {
      "source": "sysmon",
      "provider": "Microsoft-Windows-Sysmon",
      "eventId": 1,
      "time": "2026-09-13T21:38:40.3677329Z",
      "recordId": 621321,
      "data": {
        "RuleName": "-",
        "UtcTime": "2026-09-13 21:38:38.532",
        "ProcessGuid": "{66b35fd9-17de-6aa7-0538-000000001700}",
        "ProcessId": "12472",
        "Image": "C:\\Users\\o-neo\\.cache\\codex-runtimes\\codex-primary-runtime\\dependencies\\native\\powershell\\pwsh.exe",
        "FileVersion": "7.6.5.500",
        "Description": "PowerShell 7",
        "Product": "PowerShell",
        "Company": "Microsoft Corporation",
        "OriginalFileName": "pwsh.dll",
        "CommandLine": "C:\\Users\\o-neo\\.cache\\codex-runtimes\\codex-primary-runtime\\dependencies\\native\\powershell\\pwsh.exe -NoProfile -Command \"try { [Console]::OutputEncoding=[System.Text.Encoding]::UTF8 } catch {}\npython -c \\\"import sys,os; sys.path.insert(0,os.path.join(os.environ['TEMP'],'codex_xlrd')); import xlrd; s=xlrd.open_workbook(os.path.join(os.environ['TEMP'],'KBN.xls')).sheet_by_index(0); [print(r, s.row_values(r)) for r in range(s.nrows) if '901' in str(s.cell_value(r,0))]\\\"\"",
        "CurrentDirectory": "C:\\Users\\o-neo\\Documents\\Vip-Gece-Web-Gelistirme\\",
        "User": "DESKTOP-FOEGBB0\\CodexSandboxOffline",
        "LogonGuid": "{66b35fd9-17de-6aa7-d7e1-8f0300000000}",
        "LogonId": "0x38fe1d7",
        "TerminalSessionId": "1",
        "IntegrityLevel": "Medium",
        "Hashes": "MD5=900E13C7C07D7C3F949913452D81B208,SHA256=362A356CE7F0940EC74F73A8FC2C990A2CC24A38A11C90BBD8ECA947110AD139,IMPHASH=53E4E12437621212A425D294842D0A96",
        "ParentProcessGuid": "{66b35fd9-17de-6aa7-0438-000000001700}",
        "ParentProcessId": "12616",
        "ParentImage": "C:\\Users\\o-neo\\.codex\\.sandbox-bin\\codex-command-runner-0.154.0-alpha.6.2.exe",
        "ParentCommandLine": "C:\\Users\\o-neo\\.codex\\.sandbox-bin\\codex-command-runner-0.154.0-alpha.6.2.exe --pipe-in=\\\\.\\pipe\\codex-runner-cfad811ce0c6fe86be62150c1d3a9f98-in --pipe-out=\\\\.\\pipe\\codex-runner-cfad811ce0c6fe86be62150c1d3a9f98-out",
        "ParentUser": "DESKTOP-FOEGBB0\\CodexSandboxOffline"
      }
    },
    {
      "source": "sysmon",
      "provider": "Microsoft-Windows-Sysmon",
      "eventId": 1,
      "time": "2026-09-13T21:38:41.8891657Z",
      "recordId": 621325,
      "data": {
        "RuleName": "-",
        "UtcTime": "2026-09-13 21:38:41.858",
        "ProcessGuid": "{66b35fd9-17e1-6aa7-0738-000000001700}",
        "ProcessId": "4976",
        "Image": "C:\\Tools\\Python313\\python.exe",
        "FileVersion": "3.13.15",
        "Description": "Python",
        "Product": "Python",
        "Company": "Python Software Foundation",
        "OriginalFileName": "python.exe",
        "CommandLine": "\"C:\\Tools\\Python313\\python.exe\" -c \"import sys,os; sys.path.insert(0,os.path.join(os.environ['TEMP'],'codex_xlrd')); import xlrd; s=xlrd.open_workbook(os.path.join(os.environ['TEMP'],'KBN.xls')).sheet_by_index(0); [print(r, s.row_values(r)) for r in range(s.nrows) if '901' in str(s.cell_value(r,0))]\"",
        "CurrentDirectory": "C:\\Users\\o-neo\\Documents\\Vip-Gece-Web-Gelistirme\\",
        "User": "DESKTOP-FOEGBB0\\CodexSandboxOffline",
        "LogonGuid": "{66b35fd9-17de-6aa7-d7e1-8f0300000000}",
        "LogonId": "0x38fe1d7",
        "TerminalSessionId": "1",
        "IntegrityLevel": "Medium",
        "Hashes": "MD5=ABAAA9026E4EA49EB00EFB04EAA6F30C,SHA256=85B71D8C6EC1905935F74BE0C9869AAE198D00E98F39DF699EC66F9C5A84CECD,IMPHASH=D233964EAA90E1B69B31D0C96B47B8D3",
        "ParentProcessGuid": "{66b35fd9-17de-6aa7-0538-000000001700}",
        "ParentProcessId": "12472",
        "ParentImage": "C:\\Users\\o-neo\\.cache\\codex-runtimes\\codex-primary-runtime\\dependencies\\native\\powershell\\pwsh.exe",
        "ParentCommandLine": "C:\\Users\\o-neo\\.cache\\codex-runtimes\\codex-primary-runtime\\dependencies\\native\\powershell\\pwsh.exe -NoProfile -Command \"try { [Console]::OutputEncoding=[System.Text.Encoding]::UTF8 } catch {}\npython -c \\\"import sys,os; sys.path.insert(0,os.path.join(os.environ['TEMP'],'codex_xlrd')); import xlrd; s=xlrd.open_workbook(os.path.join(os.environ['TEMP'],'KBN.xls')).sheet_by_index(0); [print(r, s.row_values(r)) for r in range(s.nrows) if '901' in str(s.cell_value(r,0))]\\\"\"",
        "ParentUser": "DESKTOP-FOEGBB0\\CodexSandboxOffline"
      }
    },
    {
      "source": "sysmon",
      "provider": "Microsoft-Windows-Sysmon",
      "eventId": 1,
      "time": "2026-09-13T21:38:56.8431345Z",
      "recordId": 621342,
      "data": {
        "RuleName": "-",
        "UtcTime": "2026-09-13 21:38:54.323",
        "ProcessGuid": "{66b35fd9-17ee-6aa7-0c38-000000001700}",
        "ProcessId": "9384",
        "Image": "C:\\Users\\o-neo\\.cache\\codex-runtimes\\codex-primary-runtime\\dependencies\\native\\powershell\\pwsh.exe",
        "FileVersion": "7.6.5.500",
        "Description": "PowerShell 7",
        "Product": "PowerShell",
        "Company": "Microsoft Corporation",
        "OriginalFileName": "pwsh.dll",
        "CommandLine": "C:\\Users\\o-neo\\.cache\\codex-runtimes\\codex-primary-runtime\\dependencies\\native\\powershell\\pwsh.exe -NoProfile -Command \"try { [Console]::OutputEncoding=[System.Text.Encoding]::UTF8 } catch {}\npython -c \\\"import sys,os; sys.path.insert(0,os.path.join(os.environ['TEMP'],'codex_xlrd')); import xlrd; b=xlrd.open_workbook(os.path.join(os.environ['TEMP'],'KBN.xls')); s=b.sheet_by_index(0); print(xlrd.xldate_as_datetime(s.cell_value(1,2),b.datemode).isoformat())\\\"\"",
        "CurrentDirectory": "C:\\Users\\o-neo\\Documents\\Vip-Gece-Web-Gelistirme\\",
        "User": "DESKTOP-FOEGBB0\\CodexSandboxOffline",
        "LogonGuid": "{66b35fd9-17ee-6aa7-2f99-900300000000}",
        "LogonId": "0x390992f",
        "TerminalSessionId": "1",
        "IntegrityLevel": "Medium",
        "Hashes": "MD5=900E13C7C07D7C3F949913452D81B208,SHA256=362A356CE7F0940EC74F73A8FC2C990A2CC24A38A11C90BBD8ECA947110AD139,IMPHASH=53E4E12437621212A425D294842D0A96",
        "ParentProcessGuid": "{66b35fd9-17ee-6aa7-0b38-000000001700}",
        "ParentProcessId": "10396",
        "ParentImage": "C:\\Users\\o-neo\\.codex\\.sandbox-bin\\codex-command-runner-0.154.0-alpha.6.2.exe",
        "ParentCommandLine": "C:\\Users\\o-neo\\.codex\\.sandbox-bin\\codex-command-runner-0.154.0-alpha.6.2.exe --pipe-in=\\\\.\\pipe\\codex-runner-6d30911c8a2d0765b2ba854c4a591105-in --pipe-out=\\\\.\\pipe\\codex-runner-6d30911c8a2d0765b2ba854c4a591105-out",
        "ParentUser": "DESKTOP-FOEGBB0\\CodexSandboxOffline"
      }
    },
    {
      "source": "sysmon",
      "provider": "Microsoft-Windows-Sysmon",
      "eventId": 1,
      "time": "2026-09-13T21:38:59.2176270Z",
      "recordId": 621345,
      "data": {
        "RuleName": "-",
        "UtcTime": "2026-09-13 21:38:59.201",
        "ProcessGuid": "{66b35fd9-17f3-6aa7-0e38-000000001700}",
        "ProcessId": "9000",
        "Image": "C:\\Tools\\Python313\\python.exe",
        "FileVersion": "3.13.15",
        "Description": "Python",
        "Product": "Python",
        "Company": "Python Software Foundation",
        "OriginalFileName": "python.exe",
        "CommandLine": "\"C:\\Tools\\Python313\\python.exe\" -c \"import sys,os; sys.path.insert(0,os.path.join(os.environ['TEMP'],'codex_xlrd')); import xlrd; b=xlrd.open_workbook(os.path.join(os.environ['TEMP'],'KBN.xls')); s=b.sheet_by_index(0); print(xlrd.xldate_as_datetime(s.cell_value(1,2),b.datemode).isoformat())\"",
        "CurrentDirectory": "C:\\Users\\o-neo\\Documents\\Vip-Gece-Web-Gelistirme\\",
        "User": "DESKTOP-FOEGBB0\\CodexSandboxOffline",
        "LogonGuid": "{66b35fd9-17ee-6aa7-2f99-900300000000}",
        "LogonId": "0x390992f",
        "TerminalSessionId": "1",
        "IntegrityLevel": "Medium",
        "Hashes": "MD5=ABAAA9026E4EA49EB00EFB04EAA6F30C,SHA256=85B71D8C6EC1905935F74BE0C9869AAE198D00E98F39DF699EC66F9C5A84CECD,IMPHASH=D233964EAA90E1B69B31D0C96B47B8D3",
        "ParentProcessGuid": "{66b35fd9-17ee-6aa7-0c38-000000001700}",
        "ParentProcessId": "9384",
        "ParentImage": "C:\\Users\\o-neo\\.cache\\codex-runtimes\\codex-primary-runtime\\dependencies\\native\\powershell\\pwsh.exe",
        "ParentCommandLine": "C:\\Users\\o-neo\\.cache\\codex-runtimes\\codex-primary-runtime\\dependencies\\native\\powershell\\pwsh.exe -NoProfile -Command \"try { [Console]::OutputEncoding=[System.Text.Encoding]::UTF8 } catch {}\npython -c \\\"import sys,os; sys.path.insert(0,os.path.join(os.environ['TEMP'],'codex_xlrd')); import xlrd; b=xlrd.open_workbook(os.path.join(os.environ['TEMP'],'KBN.xls')); s=b.sheet_by_index(0); print(xlrd.xldate_as_datetime(s.cell_value(1,2),b.datemode).isoformat())\\\"\"",
        "ParentUser": "DESKTOP-FOEGBB0\\CodexSandboxOffline"
      }
    },
    {
      "source": "sysmon",
      "provider": "Microsoft-Windows-Sysmon",
      "eventId": 1,
      "time": "2026-09-13T21:39:29.6989228Z",
      "recordId": 621468,
      "data": {
        "RuleName": "-",
        "UtcTime": "2026-09-13 21:39:29.679",
        "ProcessGuid": "{66b35fd9-1811-6aa7-5638-000000001700}",
        "ProcessId": "2612",
        "Image": "C:\\Windows\\System32\\cmd.exe",
        "FileVersion": "10.0.26100.9278 (WinBuild.160101.0800)",
        "Description": "Windows Command Processor",
        "Product": "Microsoft� Windows� Operating System",
        "Company": "Microsoft Corporation",
        "OriginalFileName": "Cmd.Exe",
        "CommandLine": "cmd.exe /e:ON /v:OFF /d /c \"\"C:\\Users\\o-neo\\.codex\\plugins\\cache\\openai-curated-remote\\codex-security\\0.1.24\\.\\scripts\\launch_codex_security_mcp.cmd\" --stdio\"",
        "CurrentDirectory": "C:\\Users\\o-neo\\.codex\\plugins\\cache\\openai-curated-remote\\codex-security\\0.1.24\\",
        "User": "DESKTOP-FOEGBB0\\o-neo",
        "LogonGuid": "{66b35fd9-c5ee-6aa6-d395-060000000000}",
        "LogonId": "0x695d3",
        "TerminalSessionId": "1",
        "IntegrityLevel": "Medium",
        "Hashes": "MD5=CE396564392FAFAAD5C07A5E2DADE4E6,SHA256=97AC98B1A92C286054CCE55239CFCCDFC23A5517BD07FE693072C9CA96C7DABB,IMPHASH=010B165E4C37F484601D3DBD700C9423",
        "ParentProcessGuid": "{66b35fd9-ee3a-6aa6-231e-000000001700}",
        "ParentProcessId": "11556",
        "ParentImage": "C:\\Users\\o-neo\\AppData\\Local\\OpenAI\\Codex\\bin\\bffc5354119c8421\\codex.exe",
        "ParentCommandLine": "C:\\Users\\o-neo\\AppData\\Local\\OpenAI\\Codex\\bin\\bffc5354119c8421\\codex.exe -c features.code_mode_host=true app-server --analytics-default-enabled -c plugins.codex-app-tools@openai-bundled.mcp_servers.codex_app.enabled=true",
        "ParentUser": "DESKTOP-FOEGBB0\\o-neo"
      }
    },
    {
      "source": "sysmon",
      "provider": "Microsoft-Windows-Sysmon",
      "eventId": 1,
      "time": "2026-09-13T21:39:29.8040859Z",
      "recordId": 621469,
      "data": {
        "RuleName": "-",
        "UtcTime": "2026-09-13 21:39:29.753",
        "ProcessGuid": "{66b35fd9-1811-6aa7-5738-000000001700}",
        "ProcessId": "1356",
        "Image": "C:\\Windows\\System32\\cmd.exe",
        "FileVersion": "10.0.26100.9278 (WinBuild.160101.0800)",
        "Description": "Windows Command Processor",
        "Product": "Microsoft� Windows� Operating System",
        "Company": "Microsoft Corporation",
        "OriginalFileName": "Cmd.Exe",
        "CommandLine": "\"C:\\WINDOWS\\system32\\cmd.exe\" /d /s /c call ./scripts/launch_codex_app_tools_mcp.cmd ./server.mjs",
        "CurrentDirectory": "C:\\Program Files\\WindowsApps\\OpenAI.Codex_26.908.4834.0_x64__2p2nqsd0c76g0\\app\\resources\\plugins\\openai-bundled\\plugins\\codex-app-tools\\",
        "User": "DESKTOP-FOEGBB0\\o-neo",
        "LogonGuid": "{66b35fd9-c5ee-6aa6-d395-060000000000}",
        "LogonId": "0x695d3",
        "TerminalSessionId": "1",
        "IntegrityLevel": "Medium",
        "Hashes": "MD5=CE396564392FAFAAD5C07A5E2DADE4E6,SHA256=97AC98B1A92C286054CCE55239CFCCDFC23A5517BD07FE693072C9CA96C7DABB,IMPHASH=010B165E4C37F484601D3DBD700C9423",
        "ParentProcessGuid": "{66b35fd9-ee3a-6aa6-231e-000000001700}",
        "ParentProcessId": "11556",
        "ParentImage": "C:\\Users\\o-neo\\AppData\\Local\\OpenAI\\Codex\\bin\\bffc5354119c8421\\codex.exe",
        "ParentCommandLine": "C:\\Users\\o-neo\\AppData\\Local\\OpenAI\\Codex\\bin\\bffc5354119c8421\\codex.exe -c features.code_mode_host=true app-server --analytics-default-enabled -c plugins.codex-app-tools@openai-bundled.mcp_servers.codex_app.enabled=true",
        "ParentUser": "DESKTOP-FOEGBB0\\o-neo"
      }
    },
    {
      "source": "sysmon",
      "provider": "Microsoft-Windows-Sysmon",
      "eventId": 1,
      "time": "2026-09-13T21:39:29.8308283Z",
      "recordId": 621471,
      "data": {
        "RuleName": "-",
        "UtcTime": "2026-09-13 21:39:29.782",
        "ProcessGuid": "{66b35fd9-1811-6aa7-5938-000000001700}",
        "ProcessId": "12456",
        "Image": "C:\\Windows\\System32\\cmd.exe",
        "FileVersion": "10.0.26100.9278 (WinBuild.160101.0800)",
        "Description": "Windows Command Processor",
        "Product": "Microsoft� Windows� Operating System",
        "Company": "Microsoft Corporation",
        "OriginalFileName": "Cmd.Exe",
        "CommandLine": "cmd.exe /e:ON /v:OFF /d /c \"\"C:\\Tools\\Node\\node-v24.21.0-win-x64\\npx.cmd\" -y firebase-tools@latest mcp --dir .\"",
        "CurrentDirectory": "C:\\Users\\o-neo\\Documents\\Vip-Gece-Web-Gelistirme\\",
        "User": "DESKTOP-FOEGBB0\\o-neo",
        "LogonGuid": "{66b35fd9-c5ee-6aa6-d395-060000000000}",
        "LogonId": "0x695d3",
        "TerminalSessionId": "1",
        "IntegrityLevel": "Medium",
        "Hashes": "MD5=CE396564392FAFAAD5C07A5E2DADE4E6,SHA256=97AC98B1A92C286054CCE55239CFCCDFC23A5517BD07FE693072C9CA96C7DABB,IMPHASH=010B165E4C37F484601D3DBD700C9423",
        "ParentProcessGuid": "{66b35fd9-ee3a-6aa6-231e-000000001700}",
        "ParentProcessId": "11556",
        "ParentImage": "C:\\Users\\o-neo\\AppData\\Local\\OpenAI\\Codex\\bin\\bffc5354119c8421\\codex.exe",
        "ParentCommandLine": "C:\\Users\\o-neo\\AppData\\Local\\OpenAI\\Codex\\bin\\bffc5354119c8421\\codex.exe -c features.code_mode_host=true app-server --analytics-default-enabled -c plugins.codex-app-tools@openai-bundled.mcp_servers.codex_app.enabled=true",
        "ParentUser": "DESKTOP-FOEGBB0\\o-neo"
      }
    },
    {
      "source": "sysmon",
      "provider": "Microsoft-Windows-Sysmon",
      "eventId": 1,
      "time": "2026-09-13T21:39:30.0748045Z",
      "recordId": 621474,
      "data": {
        "RuleName": "-",
        "UtcTime": "2026-09-13 21:39:29.958",
        "ProcessGuid": "{66b35fd9-1811-6aa7-5c38-000000001700}",
        "ProcessId": "7356",
        "Image": "C:\\Users\\o-neo\\AppData\\Local\\OpenAI\\Codex\\runtimes\\cua_node\\a708e72b10c27b59\\bin\\node.exe",
        "FileVersion": "24.20.0",
        "Description": "Node.js JavaScript Runtime",
        "Product": "Node.js",
        "Company": "Node.js",
        "OriginalFileName": "node.exe",
        "CommandLine": "\"C:\\Users\\o-neo\\AppData\\Local\\OpenAI\\Codex\\runtimes\\cua_node\\a708e72b10c27b59\\bin\\node.exe\"  \"C:\\Users\\o-neo\\.codex\\plugins\\cache\\openai-curated-remote\\codex-security\\0.1.24\\scripts\\..\\mcp\\server.mjs\" --stdio",
        "CurrentDirectory": "C:\\",
        "User": "DESKTOP-FOEGBB0\\o-neo",
        "LogonGuid": "{66b35fd9-c5ee-6aa6-d395-060000000000}",
        "LogonId": "0x695d3",
        "TerminalSessionId": "1",
        "IntegrityLevel": "Medium",
        "Hashes": "MD5=EB2EA40C02F62DB117B10DD12FB39A36,SHA256=8548590CA198A4AAB2715C9AF698DE4B4857AC0A8DD9DA4968473DEF948DD089,IMPHASH=6538DFB25A4AF0BD0D9AAA2ACC7B075A",
        "ParentProcessGuid": "{66b35fd9-1811-6aa7-5638-000000001700}",
        "ParentProcessId": "2612",
        "ParentImage": "C:\\Windows\\System32\\cmd.exe",
        "ParentCommandLine": "cmd.exe /e:ON /v:OFF /d /c \"\"C:\\Users\\o-neo\\.codex\\plugins\\cache\\openai-curated-remote\\codex-security\\0.1.24\\.\\scripts\\launch_codex_security_mcp.cmd\" --stdio\"",
        "ParentUser": "DESKTOP-FOEGBB0\\o-neo"
      }
    },
    {
      "source": "sysmon",
      "provider": "Microsoft-Windows-Sysmon",
      "eventId": 1,
      "time": "2026-09-13T21:39:30.2050077Z",
      "recordId": 621475,
      "data": {
        "RuleName": "-",
        "UtcTime": "2026-09-13 21:39:30.094",
        "ProcessGuid": "{66b35fd9-1812-6aa7-5d38-000000001700}",
        "ProcessId": "9228",
        "Image": "C:\\Users\\o-neo\\AppData\\Local\\OpenAI\\Codex\\runtimes\\cua_node\\a708e72b10c27b59\\bin\\node.exe",
        "FileVersion": "24.20.0",
        "Description": "Node.js JavaScript Runtime",
        "Product": "Node.js",
        "Company": "Node.js",
        "OriginalFileName": "node.exe",
        "CommandLine": "\"C:\\Users\\o-neo\\AppData\\Local\\OpenAI\\Codex\\runtimes\\cua_node\\a708e72b10c27b59\\bin\\node.exe\"  ./server.mjs",
        "CurrentDirectory": "C:\\Program Files\\WindowsApps\\OpenAI.Codex_26.908.4834.0_x64__2p2nqsd0c76g0\\app\\resources\\plugins\\openai-bundled\\plugins\\codex-app-tools\\",
        "User": "DESKTOP-FOEGBB0\\o-neo",
        "LogonGuid": "{66b35fd9-c5ee-6aa6-d395-060000000000}",
        "LogonId": "0x695d3",
        "TerminalSessionId": "1",
        "IntegrityLevel": "Medium",
        "Hashes": "MD5=EB2EA40C02F62DB117B10DD12FB39A36,SHA256=8548590CA198A4AAB2715C9AF698DE4B4857AC0A8DD9DA4968473DEF948DD089,IMPHASH=6538DFB25A4AF0BD0D9AAA2ACC7B075A",
        "ParentProcessGuid": "{66b35fd9-1811-6aa7-5738-000000001700}",
        "ParentProcessId": "1356",
        "ParentImage": "C:\\Windows\\System32\\cmd.exe",
        "ParentCommandLine": "\"C:\\WINDOWS\\system32\\cmd.exe\" /d /s /c call ./scripts/launch_codex_app_tools_mcp.cmd ./server.mjs",
        "ParentUser": "DESKTOP-FOEGBB0\\o-neo"
      }
    },
    {
      "source": "sysmon",
      "provider": "Microsoft-Windows-Sysmon",
      "eventId": 1,
      "time": "2026-09-13T21:39:30.8790970Z",
      "recordId": 621477,
      "data": {
        "RuleName": "-",
        "UtcTime": "2026-09-13 21:39:30.810",
        "ProcessGuid": "{66b35fd9-1812-6aa7-5e38-000000001700}",
        "ProcessId": "3468",
        "Image": "C:\\Windows\\System32\\cmd.exe",
        "FileVersion": "10.0.26100.9278 (WinBuild.160101.0800)",
        "Description": "Windows Command Processor",
        "Product": "Microsoft� Windows� Operating System",
        "Company": "Microsoft Corporation",
        "OriginalFileName": "Cmd.Exe",
        "CommandLine": "C:\\WINDOWS\\system32\\cmd.exe /c CALL \"C:\\Tools\\Node\\node-v24.21.0-win-x64\\\\node.exe\" \"C:\\Tools\\Node\\node-v24.21.0-win-x64\\\\node_modules\\npm\\bin\\npm-prefix.js\"",
        "CurrentDirectory": "C:\\Users\\o-neo\\Documents\\Vip-Gece-Web-Gelistirme\\",
        "User": "DESKTOP-FOEGBB0\\o-neo",
        "LogonGuid": "{66b35fd9-c5ee-6aa6-d395-060000000000}",
        "LogonId": "0x695d3",
        "TerminalSessionId": "1",
        "IntegrityLevel": "Medium",
        "Hashes": "MD5=CE396564392FAFAAD5C07A5E2DADE4E6,SHA256=97AC98B1A92C286054CCE55239CFCCDFC23A5517BD07FE693072C9CA96C7DABB,IMPHASH=010B165E4C37F484601D3DBD700C9423",
        "ParentProcessGuid": "{66b35fd9-1811-6aa7-5938-000000001700}",
        "ParentProcessId": "12456",
        "ParentImage": "C:\\Windows\\System32\\cmd.exe",
        "ParentCommandLine": "cmd.exe /e:ON /v:OFF /d /c \"\"C:\\Tools\\Node\\node-v24.21.0-win-x64\\npx.cmd\" -y firebase-tools@latest mcp --dir .\"",
        "ParentUser": "DESKTOP-FOEGBB0\\o-neo"
      }
    },
    {
      "source": "sysmon",
      "provider": "Microsoft-Windows-Sysmon",
      "eventId": 1,
      "time": "2026-09-13T21:39:31.2179585Z",
      "recordId": 621483,
      "data": {
        "RuleName": "-",
        "UtcTime": "2026-09-13 21:39:31.011",
        "ProcessGuid": "{66b35fd9-1813-6aa7-5f38-000000001700}",
        "ProcessId": "5616",
        "Image": "C:\\Tools\\Node\\node-v24.21.0-win-x64\\node.exe",
        "FileVersion": "24.21.0",
        "Description": "Node.js JavaScript Runtime",
        "Product": "Node.js",
        "Company": "Node.js",
        "OriginalFileName": "node.exe",
        "CommandLine": "\"C:\\Tools\\Node\\node-v24.21.0-win-x64\\\\node.exe\"  \"C:\\Tools\\Node\\node-v24.21.0-win-x64\\\\node_modules\\npm\\bin\\npm-prefix.js\"",
        "CurrentDirectory": "C:\\Users\\o-neo\\Documents\\Vip-Gece-Web-Gelistirme\\",
        "User": "DESKTOP-FOEGBB0\\o-neo",
        "LogonGuid": "{66b35fd9-c5ee-6aa6-d395-060000000000}",
        "LogonId": "0x695d3",
        "TerminalSessionId": "1",
        "IntegrityLevel": "Medium",
        "Hashes": "MD5=12E6FB7D516F65083AE68CCF1E5F4EB8,SHA256=BA4E6D110E8C1592A1ECD390F6B05F3DA124B13871A5BE62B341A07A853C6C32,IMPHASH=6538DFB25A4AF0BD0D9AAA2ACC7B075A",
        "ParentProcessGuid": "{66b35fd9-1812-6aa7-5e38-000000001700}",
        "ParentProcessId": "3468",
        "ParentImage": "C:\\Windows\\System32\\cmd.exe",
        "ParentCommandLine": "C:\\WINDOWS\\system32\\cmd.exe /c CALL \"C:\\Tools\\Node\\node-v24.21.0-win-x64\\\\node.exe\" \"C:\\Tools\\Node\\node-v24.21.0-win-x64\\\\node_modules\\npm\\bin\\npm-prefix.js\"",
        "ParentUser": "DESKTOP-FOEGBB0\\o-neo"
      }
    },
    {
      "source": "sysmon",
      "provider": "Microsoft-Windows-Sysmon",
      "eventId": 1,
      "time": "2026-09-13T21:39:37.7197296Z",
      "recordId": 621506,
      "data": {
        "RuleName": "-",
        "UtcTime": "2026-09-13 21:39:37.690",
        "ProcessGuid": "{66b35fd9-1819-6aa7-7038-000000001700}",
        "ProcessId": "7432",
        "Image": "C:\\Tools\\Node\\node-v24.21.0-win-x64\\node.exe",
        "FileVersion": "24.21.0",
        "Description": "Node.js JavaScript Runtime",
        "Product": "Node.js",
        "Company": "Node.js",
        "OriginalFileName": "node.exe",
        "CommandLine": "\"C:\\Tools\\Node\\node-v24.21.0-win-x64\\\\node.exe\"  \"C:\\Tools\\Node\\node-v24.21.0-win-x64\\node_modules\\npm\\bin\\npx-cli.js\" -y firebase-tools@latest mcp --dir .",
        "CurrentDirectory": "C:\\Users\\o-neo\\Documents\\Vip-Gece-Web-Gelistirme\\",
        "User": "DESKTOP-FOEGBB0\\o-neo",
        "LogonGuid": "{66b35fd9-c5ee-6aa6-d395-060000000000}",
        "LogonId": "0x695d3",
        "TerminalSessionId": "1",
        "IntegrityLevel": "Medium",
        "Hashes": "MD5=12E6FB7D516F65083AE68CCF1E5F4EB8,SHA256=BA4E6D110E8C1592A1ECD390F6B05F3DA124B13871A5BE62B341A07A853C6C32,IMPHASH=6538DFB25A4AF0BD0D9AAA2ACC7B075A",
        "ParentProcessGuid": "{66b35fd9-1811-6aa7-5938-000000001700}",
        "ParentProcessId": "12456",
        "ParentImage": "C:\\Windows\\System32\\cmd.exe",
        "ParentCommandLine": "cmd.exe /e:ON /v:OFF /d /c \"\"C:\\Tools\\Node\\node-v24.21.0-win-x64\\npx.cmd\" -y firebase-tools@latest mcp --dir .\"",
        "ParentUser": "DESKTOP-FOEGBB0\\o-neo"
      }
    },
    {
      "source": "sysmon",
      "provider": "Microsoft-Windows-Sysmon",
      "eventId": 1,
      "time": "2026-09-13T21:40:01.7751649Z",
      "recordId": 621609,
      "data": {
        "RuleName": "-",
        "UtcTime": "2026-09-13 21:40:01.645",
        "ProcessGuid": "{66b35fd9-1831-6aa7-a938-000000001700}",
        "ProcessId": "6260",
        "Image": "C:\\Windows\\System32\\cmd.exe",
        "FileVersion": "10.0.26100.9278 (WinBuild.160101.0800)",
        "Description": "Windows Command Processor",
        "Product": "Microsoft� Windows� Operating System",
        "Company": "Microsoft Corporation",
        "OriginalFileName": "Cmd.Exe",
        "CommandLine": "C:\\WINDOWS\\system32\\cmd.exe /d /s /c \"echo %%TEMP%%\"",
        "CurrentDirectory": "C:\\",
        "User": "DESKTOP-FOEGBB0\\o-neo",
        "LogonGuid": "{66b35fd9-c5ee-6aa6-d395-060000000000}",
        "LogonId": "0x695d3",
        "TerminalSessionId": "1",
        "IntegrityLevel": "Medium",
        "Hashes": "MD5=CE396564392FAFAAD5C07A5E2DADE4E6,SHA256=97AC98B1A92C286054CCE55239CFCCDFC23A5517BD07FE693072C9CA96C7DABB,IMPHASH=010B165E4C37F484601D3DBD700C9423",
        "ParentProcessGuid": "{66b35fd9-ee27-6aa6-131e-000000001700}",
        "ParentProcessId": "488",
        "ParentImage": "C:\\Program Files\\WindowsApps\\OpenAI.Codex_26.908.4834.0_x64__2p2nqsd0c76g0\\app\\ChatGPT.exe",
        "ParentCommandLine": "\"C:\\Program Files\\WindowsApps\\OpenAI.Codex_26.908.4834.0_x64__2p2nqsd0c76g0\\app\\ChatGPT.exe\"",
        "ParentUser": "DESKTOP-FOEGBB0\\o-neo"
      }
    },
    {
      "source": "sysmon",
      "provider": "Microsoft-Windows-Sysmon",
      "eventId": 1,
      "time": "2026-09-13T21:40:09.9741329Z",
      "recordId": 621662,
      "data": {
        "RuleName": "-",
        "UtcTime": "2026-09-13 21:40:09.965",
        "ProcessGuid": "{66b35fd9-1839-6aa7-ce38-000000001700}",
        "ProcessId": "10576",
        "Image": "C:\\Windows\\System32\\cmd.exe",
        "FileVersion": "10.0.26100.9278 (WinBuild.160101.0800)",
        "Description": "Windows Command Processor",
        "Product": "Microsoft� Windows� Operating System",
        "Company": "Microsoft Corporation",
        "OriginalFileName": "Cmd.Exe",
        "CommandLine": "C:\\WINDOWS\\system32\\cmd.exe /d /s /c \"echo %%TEMP%%\"",
        "CurrentDirectory": "C:\\",
        "User": "DESKTOP-FOEGBB0\\o-neo",
        "LogonGuid": "{66b35fd9-c5ee-6aa6-d395-060000000000}",
        "LogonId": "0x695d3",
        "TerminalSessionId": "1",
        "IntegrityLevel": "Medium",
        "Hashes": "MD5=CE396564392FAFAAD5C07A5E2DADE4E6,SHA256=97AC98B1A92C286054CCE55239CFCCDFC23A5517BD07FE693072C9CA96C7DABB,IMPHASH=010B165E4C37F484601D3DBD700C9423",
        "ParentProcessGuid": "{66b35fd9-ee27-6aa6-131e-000000001700}",
        "ParentProcessId": "488",
        "ParentImage": "C:\\Program Files\\WindowsApps\\OpenAI.Codex_26.908.4834.0_x64__2p2nqsd0c76g0\\app\\ChatGPT.exe",
        "ParentCommandLine": "\"C:\\Program Files\\WindowsApps\\OpenAI.Codex_26.908.4834.0_x64__2p2nqsd0c76g0\\app\\ChatGPT.exe\"",
        "ParentUser": "DESKTOP-FOEGBB0\\o-neo"
      }
    },
