    {
      "source": "sysmon",
      "provider": "Microsoft-Windows-Sysmon",
      "eventId": 1,
      "time": "2026-09-13T21:32:18.6952459Z",
      "recordId": 621016,
      "data": {
        "RuleName": "-",
        "UtcTime": "2026-09-13 21:32:13.536",
        "ProcessGuid": "{66b35fd9-165d-6aa7-7137-000000001700}",
        "ProcessId": "4544",
        "Image": "C:\\Users\\o-neo\\.cache\\codex-runtimes\\codex-primary-runtime\\dependencies\\native\\powershell\\pwsh.exe",
        "FileVersion": "7.6.5.500",
        "Description": "PowerShell 7",
        "Product": "PowerShell",
        "Company": "Microsoft Corporation",
        "OriginalFileName": "pwsh.dll",
        "CommandLine": "C:\\Users\\o-neo\\.cache\\codex-runtimes\\codex-primary-runtime\\dependencies\\native\\powershell\\pwsh.exe -NoProfile -Command \"try { [Console]::OutputEncoding=[System.Text.Encoding]::UTF8 } catch {}\n& 'C:\\Users\\o-neo\\.cache\\codex-runtimes\\codex-primary-runtime\\dependencies\\python\\python.exe' -c \\\"import pandas; print('ok')\\\"\"",
        "CurrentDirectory": "C:\\Users\\o-neo\\Documents\\Vip-Gece-Web-Gelistirme\\",
        "User": "DESKTOP-FOEGBB0\\CodexSandboxOffline",
        "LogonGuid": "{66b35fd9-1650-6aa7-8058-7f0300000000}",
        "LogonId": "0x37f5880",
        "TerminalSessionId": "1",
        "IntegrityLevel": "Medium",
        "Hashes": "MD5=900E13C7C07D7C3F949913452D81B208,SHA256=362A356CE7F0940EC74F73A8FC2C990A2CC24A38A11C90BBD8ECA947110AD139,IMPHASH=53E4E12437621212A425D294842D0A96",
        "ParentProcessGuid": "{66b35fd9-165a-6aa7-6f37-000000001700}",
        "ParentProcessId": "11900",
        "ParentImage": "C:\\Users\\o-neo\\.codex\\.sandbox-bin\\codex-command-runner-0.154.0-alpha.6.2.exe",
        "ParentCommandLine": "C:\\Users\\o-neo\\.codex\\.sandbox-bin\\codex-command-runner-0.154.0-alpha.6.2.exe --pipe-in=\\\\.\\pipe\\codex-runner-9dc0694524fce18fd54fdabdd0f1e3b8-in --pipe-out=\\\\.\\pipe\\codex-runner-9dc0694524fce18fd54fdabdd0f1e3b8-out",
        "ParentUser": "DESKTOP-FOEGBB0\\CodexSandboxOffline"
      }
    },
    {
      "source": "sysmon",
      "provider": "Microsoft-Windows-Sysmon",
      "eventId": 1,
      "time": "2026-09-13T21:32:36.3472799Z",
      "recordId": 621025,
      "data": {
        "RuleName": "-",
        "UtcTime": "2026-09-13 21:32:36.186",
        "ProcessGuid": "{66b35fd9-1674-6aa7-7637-000000001700}",
        "ProcessId": "12900",
        "Image": "C:\\Users\\o-neo\\.cache\\codex-runtimes\\codex-primary-runtime\\dependencies\\python\\python.exe",
        "FileVersion": "3.12.14",
        "Description": "Python",
        "Product": "Python",
        "Company": "Python Software Foundation",
        "OriginalFileName": "python.exe",
        "CommandLine": "\"C:\\Users\\o-neo\\.cache\\codex-runtimes\\codex-primary-runtime\\dependencies\\python\\python.exe\" -c \"import pandas; print('ok')\"",
        "CurrentDirectory": "C:\\Users\\o-neo\\Documents\\Vip-Gece-Web-Gelistirme\\",
        "User": "DESKTOP-FOEGBB0\\CodexSandboxOffline",
        "LogonGuid": "{66b35fd9-1650-6aa7-8058-7f0300000000}",
        "LogonId": "0x37f5880",
        "TerminalSessionId": "1",
        "IntegrityLevel": "Medium",
        "Hashes": "MD5=9040361B0BE629E55178E30A40BEC70F,SHA256=B7A12C3AF0B4DB44191EEC14EA095EBA731B7328917F570806183093D19DDCA2,IMPHASH=40445B394CDBF537CB1AA287F96583BD",
        "ParentProcessGuid": "{66b35fd9-165d-6aa7-7137-000000001700}",
        "ParentProcessId": "4544",
        "ParentImage": "C:\\Users\\o-neo\\.cache\\codex-runtimes\\codex-primary-runtime\\dependencies\\native\\powershell\\pwsh.exe",
        "ParentCommandLine": "C:\\Users\\o-neo\\.cache\\codex-runtimes\\codex-primary-runtime\\dependencies\\native\\powershell\\pwsh.exe -NoProfile -Command \"try { [Console]::OutputEncoding=[System.Text.Encoding]::UTF8 } catch {}\n& 'C:\\Users\\o-neo\\.cache\\codex-runtimes\\codex-primary-runtime\\dependencies\\python\\python.exe' -c \\\"import pandas; print('ok')\\\"\"",
        "ParentUser": "DESKTOP-FOEGBB0\\CodexSandboxOffline"
      }
    },
    {
      "source": "sysmon",
      "provider": "Microsoft-Windows-Sysmon",
      "eventId": 1,
      "time": "2026-09-13T21:33:03.6668617Z",
      "recordId": 621037,
      "data": {
        "RuleName": "-",
        "UtcTime": "2026-09-13 21:33:02.623",
        "ProcessGuid": "{66b35fd9-168e-6aa7-7c37-000000001700}",
        "ProcessId": "12124",
        "Image": "C:\\Windows\\System32\\cmd.exe",
        "FileVersion": "10.0.26100.9278 (WinBuild.160101.0800)",
        "Description": "Windows Command Processor",
        "Product": "Microsoft� Windows� Operating System",
        "Company": "Microsoft Corporation",
        "OriginalFileName": "Cmd.Exe",
        "CommandLine": "C:\\WINDOWS\\system32\\cmd.exe /c \"ver\"",
        "CurrentDirectory": "C:\\Users\\o-neo\\Documents\\Vip-Gece-Web-Gelistirme\\",
        "User": "DESKTOP-FOEGBB0\\CodexSandboxOffline",
        "LogonGuid": "{66b35fd9-1650-6aa7-8058-7f0300000000}",
        "LogonId": "0x37f5880",
        "TerminalSessionId": "1",
        "IntegrityLevel": "Medium",
        "Hashes": "MD5=CE396564392FAFAAD5C07A5E2DADE4E6,SHA256=97AC98B1A92C286054CCE55239CFCCDFC23A5517BD07FE693072C9CA96C7DABB,IMPHASH=010B165E4C37F484601D3DBD700C9423",
        "ParentProcessGuid": "{66b35fd9-1674-6aa7-7637-000000001700}",
        "ParentProcessId": "12900",
        "ParentImage": "C:\\Users\\o-neo\\.cache\\codex-runtimes\\codex-primary-runtime\\dependencies\\python\\python.exe",
        "ParentCommandLine": "\"C:\\Users\\o-neo\\.cache\\codex-runtimes\\codex-primary-runtime\\dependencies\\python\\python.exe\" -c \"import pandas; print('ok')\"",
        "ParentUser": "DESKTOP-FOEGBB0\\CodexSandboxOffline"
      }
    },
    {
      "source": "sysmon",
      "provider": "Microsoft-Windows-Sysmon",
      "eventId": 1,
      "time": "2026-09-13T21:33:12.2524374Z",
      "recordId": 621039,
      "data": {
        "RuleName": "-",
        "UtcTime": "2026-09-13 21:33:12.062",
        "ProcessGuid": "{66b35fd9-1698-6aa7-7e37-000000001700}",
        "ProcessId": "4516",
        "Image": "C:\\Windows\\System32\\WerFault.exe",
        "FileVersion": "10.0.26100.9444 (WinBuild.160101.0800)",
        "Description": "Windows Problem Reporting",
        "Product": "Microsoft� Windows� Operating System",
        "Company": "Microsoft Corporation",
        "OriginalFileName": "WerFault.exe",
        "CommandLine": "C:\\WINDOWS\\system32\\WerFault.exe -u -p 12900 -s 812",
        "CurrentDirectory": "C:\\WINDOWS\\system32\\",
        "User": "DESKTOP-FOEGBB0\\CodexSandboxOffline",
        "LogonGuid": "{66b35fd9-1650-6aa7-8058-7f0300000000}",
        "LogonId": "0x37f5880",
        "TerminalSessionId": "1",
        "IntegrityLevel": "Medium",
        "Hashes": "MD5=A413D37B7CD1D7671E85D9FB86BA6B22,SHA256=1F7F6450FAA8D63ED6B01E8676C758A23B9850AB6D910506070DF9736C95DFEF,IMPHASH=17291E6064EC341011A238FAA3B4E24A",
        "ParentProcessGuid": "{66b35fd9-1674-6aa7-7637-000000001700}",
        "ParentProcessId": "12900",
        "ParentImage": "C:\\Users\\o-neo\\.cache\\codex-runtimes\\codex-primary-runtime\\dependencies\\python\\python.exe",
        "ParentCommandLine": "\"C:\\Users\\o-neo\\.cache\\codex-runtimes\\codex-primary-runtime\\dependencies\\python\\python.exe\" -c \"import pandas; print('ok')\"",
        "ParentUser": "DESKTOP-FOEGBB0\\CodexSandboxOffline"
      }
    },
    {
      "source": "sysmon",
      "provider": "Microsoft-Windows-Sysmon",
      "eventId": 1,
      "time": "2026-09-13T21:35:04.5074167Z",
      "recordId": 621098,
      "data": {
        "RuleName": "-",
        "UtcTime": "2026-09-13 21:34:59.469",
        "ProcessGuid": "{66b35fd9-1703-6aa7-9937-000000001700}",
        "ProcessId": "6728",
        "Image": "C:\\Users\\o-neo\\.cache\\codex-runtimes\\codex-primary-runtime\\dependencies\\native\\powershell\\pwsh.exe",
        "FileVersion": "7.6.5.500",
        "Description": "PowerShell 7",
        "Product": "PowerShell",
        "Company": "Microsoft Corporation",
        "OriginalFileName": "pwsh.dll",
        "CommandLine": "C:\\Users\\o-neo\\.cache\\codex-runtimes\\codex-primary-runtime\\dependencies\\native\\powershell\\pwsh.exe -NoProfile -Command \"try { [Console]::OutputEncoding=[System.Text.Encoding]::UTF8 } catch {}\npython -c \\\"import importlib.util; print('olefile', importlib.util.find_spec('olefile')); print('xlrd', importlib.util.find_spec('xlrd')); print('pyxlsb', importlib.util.find_spec('pyxlsb')); print('openpyxl', importlib.util.find_spec('openpyxl'))\\\"\"",
        "CurrentDirectory": "C:\\Users\\o-neo\\Documents\\Vip-Gece-Web-Gelistirme\\",
        "User": "DESKTOP-FOEGBB0\\CodexSandboxOffline",
        "LogonGuid": "{66b35fd9-1701-6aa7-68e3-830300000000}",
        "LogonId": "0x383e368",
        "TerminalSessionId": "1",
        "IntegrityLevel": "Medium",
        "Hashes": "MD5=900E13C7C07D7C3F949913452D81B208,SHA256=362A356CE7F0940EC74F73A8FC2C990A2CC24A38A11C90BBD8ECA947110AD139,IMPHASH=53E4E12437621212A425D294842D0A96",
        "ParentProcessGuid": "{66b35fd9-1702-6aa7-9837-000000001700}",
        "ParentProcessId": "5032",
        "ParentImage": "C:\\Users\\o-neo\\.codex\\.sandbox-bin\\codex-command-runner-0.154.0-alpha.6.2.exe",
        "ParentCommandLine": "C:\\Users\\o-neo\\.codex\\.sandbox-bin\\codex-command-runner-0.154.0-alpha.6.2.exe --pipe-in=\\\\.\\pipe\\codex-runner-e2dfe3c9183c710a7e6486e67b7cd615-in --pipe-out=\\\\.\\pipe\\codex-runner-e2dfe3c9183c710a7e6486e67b7cd615-out",
        "ParentUser": "DESKTOP-FOEGBB0\\CodexSandboxOffline"
      }
    },
    {
      "source": "sysmon",
      "provider": "Microsoft-Windows-Sysmon",
      "eventId": 1,
      "time": "2026-09-13T21:35:32.8650533Z",
      "recordId": 621120,
      "data": {
        "RuleName": "-",
        "UtcTime": "2026-09-13 21:35:32.404",
        "ProcessGuid": "{66b35fd9-1724-6aa7-a737-000000001700}",
        "ProcessId": "9040",
        "Image": "C:\\Tools\\Python313\\python.exe",
        "FileVersion": "3.13.15",
        "Description": "Python",
        "Product": "Python",
        "Company": "Python Software Foundation",
        "OriginalFileName": "python.exe",
        "CommandLine": "\"C:\\Tools\\Python313\\python.exe\" -c \"import importlib.util; print('olefile', importlib.util.find_spec('olefile')); print('xlrd', importlib.util.find_spec('xlrd')); print('pyxlsb', importlib.util.find_spec('pyxlsb')); print('openpyxl', importlib.util.find_spec('openpyxl'))\"",
        "CurrentDirectory": "C:\\Users\\o-neo\\Documents\\Vip-Gece-Web-Gelistirme\\",
        "User": "DESKTOP-FOEGBB0\\CodexSandboxOffline",
        "LogonGuid": "{66b35fd9-1701-6aa7-68e3-830300000000}",
        "LogonId": "0x383e368",
        "TerminalSessionId": "1",
        "IntegrityLevel": "Medium",
        "Hashes": "MD5=ABAAA9026E4EA49EB00EFB04EAA6F30C,SHA256=85B71D8C6EC1905935F74BE0C9869AAE198D00E98F39DF699EC66F9C5A84CECD,IMPHASH=D233964EAA90E1B69B31D0C96B47B8D3",
        "ParentProcessGuid": "{66b35fd9-1703-6aa7-9937-000000001700}",
        "ParentProcessId": "6728",
        "ParentImage": "C:\\Users\\o-neo\\.cache\\codex-runtimes\\codex-primary-runtime\\dependencies\\native\\powershell\\pwsh.exe",
        "ParentCommandLine": "C:\\Users\\o-neo\\.cache\\codex-runtimes\\codex-primary-runtime\\dependencies\\native\\powershell\\pwsh.exe -NoProfile -Command \"try { [Console]::OutputEncoding=[System.Text.Encoding]::UTF8 } catch {}\npython -c \\\"import importlib.util; print('olefile', importlib.util.find_spec('olefile')); print('xlrd', importlib.util.find_spec('xlrd')); print('pyxlsb', importlib.util.find_spec('pyxlsb')); print('openpyxl', importlib.util.find_spec('openpyxl'))\\\"\"",
        "ParentUser": "DESKTOP-FOEGBB0\\CodexSandboxOffline"
      }
    },
    {
      "source": "sysmon",
      "provider": "Microsoft-Windows-Sysmon",
      "eventId": 1,
      "time": "2026-09-13T21:37:23.3228221Z",
      "recordId": 621221,
      "data": {
        "RuleName": "-",
        "UtcTime": "2026-09-13 21:37:19.851",
        "ProcessGuid": "{66b35fd9-178f-6aa7-dc37-000000001700}",
        "ProcessId": "8564",
        "Image": "C:\\Users\\o-neo\\.cache\\codex-runtimes\\codex-primary-runtime\\dependencies\\native\\powershell\\pwsh.exe",
        "FileVersion": "7.6.5.500",
        "Description": "PowerShell 7",
        "Product": "PowerShell",
        "Company": "Microsoft Corporation",
        "OriginalFileName": "pwsh.dll",
        "CommandLine": "C:\\Users\\o-neo\\.cache\\codex-runtimes\\codex-primary-runtime\\dependencies\\native\\powershell\\pwsh.exe -NoProfile -Command \"try { [Console]::OutputEncoding=[System.Text.Encoding]::UTF8 } catch {}\npython -c \\\"import importlib.util; print(importlib.util.find_spec('olefile')); print(importlib.util.find_spec('xlrd')); print(importlib.util.find_spec('openpyxl'))\\\"\"",
        "CurrentDirectory": "C:\\Users\\o-neo\\Documents\\Vip-Gece-Web-Gelistirme\\",
        "User": "DESKTOP-FOEGBB0\\CodexSandboxOffline",
        "LogonGuid": "{66b35fd9-178f-6aa7-c6e7-8a0300000000}",
        "LogonId": "0x38ae7c6",
        "TerminalSessionId": "1",
        "IntegrityLevel": "Medium",
        "Hashes": "MD5=900E13C7C07D7C3F949913452D81B208,SHA256=362A356CE7F0940EC74F73A8FC2C990A2CC24A38A11C90BBD8ECA947110AD139,IMPHASH=53E4E12437621212A425D294842D0A96",
        "ParentProcessGuid": "{66b35fd9-178f-6aa7-db37-000000001700}",
        "ParentProcessId": "12524",
        "ParentImage": "C:\\Users\\o-neo\\.codex\\.sandbox-bin\\codex-command-runner-0.154.0-alpha.6.2.exe",
        "ParentCommandLine": "C:\\Users\\o-neo\\.codex\\.sandbox-bin\\codex-command-runner-0.154.0-alpha.6.2.exe --pipe-in=\\\\.\\pipe\\codex-runner-a295787145c75f3ac612a9d6cc582c97-in --pipe-out=\\\\.\\pipe\\codex-runner-a295787145c75f3ac612a9d6cc582c97-out",
        "ParentUser": "DESKTOP-FOEGBB0\\CodexSandboxOffline"
      }
    },
    {
      "source": "sysmon",
      "provider": "Microsoft-Windows-Sysmon",
      "eventId": 1,
      "time": "2026-09-13T21:37:27.4318387Z",
      "recordId": 621225,
      "data": {
        "RuleName": "-",
        "UtcTime": "2026-09-13 21:37:27.252",
        "ProcessGuid": "{66b35fd9-1797-6aa7-de37-000000001700}",
        "ProcessId": "12448",
        "Image": "C:\\Tools\\Python313\\python.exe",
        "FileVersion": "3.13.15",
        "Description": "Python",
        "Product": "Python",
        "Company": "Python Software Foundation",
        "OriginalFileName": "python.exe",
        "CommandLine": "\"C:\\Tools\\Python313\\python.exe\" -c \"import importlib.util; print(importlib.util.find_spec('olefile')); print(importlib.util.find_spec('xlrd')); print(importlib.util.find_spec('openpyxl'))\"",
        "CurrentDirectory": "C:\\Users\\o-neo\\Documents\\Vip-Gece-Web-Gelistirme\\",
        "User": "DESKTOP-FOEGBB0\\CodexSandboxOffline",
        "LogonGuid": "{66b35fd9-178f-6aa7-c6e7-8a0300000000}",
        "LogonId": "0x38ae7c6",
        "TerminalSessionId": "1",
        "IntegrityLevel": "Medium",
        "Hashes": "MD5=ABAAA9026E4EA49EB00EFB04EAA6F30C,SHA256=85B71D8C6EC1905935F74BE0C9869AAE198D00E98F39DF699EC66F9C5A84CECD,IMPHASH=D233964EAA90E1B69B31D0C96B47B8D3",
        "ParentProcessGuid": "{66b35fd9-178f-6aa7-dc37-000000001700}",
        "ParentProcessId": "8564",
        "ParentImage": "C:\\Users\\o-neo\\.cache\\codex-runtimes\\codex-primary-runtime\\dependencies\\native\\powershell\\pwsh.exe",
        "ParentCommandLine": "C:\\Users\\o-neo\\.cache\\codex-runtimes\\codex-primary-runtime\\dependencies\\native\\powershell\\pwsh.exe -NoProfile -Command \"try { [Console]::OutputEncoding=[System.Text.Encoding]::UTF8 } catch {}\npython -c \\\"import importlib.util; print(importlib.util.find_spec('olefile')); print(importlib.util.find_spec('xlrd')); print(importlib.util.find_spec('openpyxl'))\\\"\"",
        "ParentUser": "DESKTOP-FOEGBB0\\CodexSandboxOffline"
      }
    },
    {
      "source": "sysmon",
      "provider": "Microsoft-Windows-Sysmon",
      "eventId": 1,
      "time": "2026-09-13T21:37:45.9047499Z",
      "recordId": 621245,
      "data": {
        "RuleName": "-",
        "UtcTime": "2026-09-13 21:37:41.280",
        "ProcessGuid": "{66b35fd9-17a5-6aa7-e737-000000001700}",
        "ProcessId": "11372",
        "Image": "C:\\Users\\o-neo\\.cache\\codex-runtimes\\codex-primary-runtime\\dependencies\\native\\powershell\\pwsh.exe",
        "FileVersion": "7.6.5.500",
        "Description": "PowerShell 7",
        "Product": "PowerShell",
        "Company": "Microsoft Corporation",
        "OriginalFileName": "pwsh.dll",
        "CommandLine": "C:\\Users\\o-neo\\.cache\\codex-runtimes\\codex-primary-runtime\\dependencies\\native\\powershell\\pwsh.exe -NoProfile -Command \"try { [Console]::OutputEncoding=[System.Text.Encoding]::UTF8 } catch {}\npython -m pip install --disable-pip-version-check --no-input --target \\\"$env:TEMP\\codex_xlrd\\\" xlrd==2.0.2\"",
        "CurrentDirectory": "C:\\Users\\o-neo\\Documents\\Vip-Gece-Web-Gelistirme\\",
        "User": "DESKTOP-FOEGBB0\\CodexSandboxOffline",
        "LogonGuid": "{66b35fd9-17a5-6aa7-a72b-8c0300000000}",
        "LogonId": "0x38c2ba7",
        "TerminalSessionId": "1",
        "IntegrityLevel": "Medium",
        "Hashes": "MD5=900E13C7C07D7C3F949913452D81B208,SHA256=362A356CE7F0940EC74F73A8FC2C990A2CC24A38A11C90BBD8ECA947110AD139,IMPHASH=53E4E12437621212A425D294842D0A96",
        "ParentProcessGuid": "{66b35fd9-17a5-6aa7-e637-000000001700}",
        "ParentProcessId": "10632",
        "ParentImage": "C:\\Users\\o-neo\\.codex\\.sandbox-bin\\codex-command-runner-0.154.0-alpha.6.2.exe",
        "ParentCommandLine": "C:\\Users\\o-neo\\.codex\\.sandbox-bin\\codex-command-runner-0.154.0-alpha.6.2.exe --pipe-in=\\\\.\\pipe\\codex-runner-14cfddfdc741fa9937e9a7e80a968e3f-in --pipe-out=\\\\.\\pipe\\codex-runner-14cfddfdc741fa9937e9a7e80a968e3f-out",
        "ParentUser": "DESKTOP-FOEGBB0\\CodexSandboxOffline"
      }
    },
    {
      "source": "sysmon",
      "provider": "Microsoft-Windows-Sysmon",
      "eventId": 1,
      "time": "2026-09-13T21:37:48.9510211Z",
      "recordId": 621247,
      "data": {
        "RuleName": "-",
        "UtcTime": "2026-09-13 21:37:48.906",
        "ProcessGuid": "{66b35fd9-17ac-6aa7-ea37-000000001700}",
        "ProcessId": "5256",
        "Image": "C:\\Tools\\Python313\\python.exe",
        "FileVersion": "3.13.15",
        "Description": "Python",
        "Product": "Python",
        "Company": "Python Software Foundation",
        "OriginalFileName": "python.exe",
        "CommandLine": "\"C:\\Tools\\Python313\\python.exe\" -m pip install --disable-pip-version-check --no-input --target C:\\Users\\o-neo\\AppData\\Local\\Temp\\codex_xlrd xlrd==2.0.2",
        "CurrentDirectory": "C:\\Users\\o-neo\\Documents\\Vip-Gece-Web-Gelistirme\\",
        "User": "DESKTOP-FOEGBB0\\CodexSandboxOffline",
        "LogonGuid": "{66b35fd9-17a5-6aa7-a72b-8c0300000000}",
        "LogonId": "0x38c2ba7",
        "TerminalSessionId": "1",
        "IntegrityLevel": "Medium",
        "Hashes": "MD5=ABAAA9026E4EA49EB00EFB04EAA6F30C,SHA256=85B71D8C6EC1905935F74BE0C9869AAE198D00E98F39DF699EC66F9C5A84CECD,IMPHASH=D233964EAA90E1B69B31D0C96B47B8D3",
        "ParentProcessGuid": "{66b35fd9-17a5-6aa7-e737-000000001700}",
        "ParentProcessId": "11372",
        "ParentImage": "C:\\Users\\o-neo\\.cache\\codex-runtimes\\codex-primary-runtime\\dependencies\\native\\powershell\\pwsh.exe",
        "ParentCommandLine": "C:\\Users\\o-neo\\.cache\\codex-runtimes\\codex-primary-runtime\\dependencies\\native\\powershell\\pwsh.exe -NoProfile -Command \"try { [Console]::OutputEncoding=[System.Text.Encoding]::UTF8 } catch {}\npython -m pip install --disable-pip-version-check --no-input --target \\\"$env:TEMP\\codex_xlrd\\\" xlrd==2.0.2\"",
        "ParentUser": "DESKTOP-FOEGBB0\\CodexSandboxOffline"
      }
    },
    {
      "source": "sysmon",
      "provider": "Microsoft-Windows-Sysmon",
      "eventId": 1,
      "time": "2026-09-13T21:38:00.9559984Z",
      "recordId": 621258,
      "data": {
        "RuleName": "-",
        "UtcTime": "2026-09-13 21:38:00.923",
        "ProcessGuid": "{66b35fd9-17b8-6aa7-eb37-000000001700}",
        "ProcessId": "12328",
        "Image": "C:\\Windows\\System32\\cmd.exe",
        "FileVersion": "10.0.26100.9278 (WinBuild.160101.0800)",
        "Description": "Windows Command Processor",
        "Product": "Microsoft� Windows� Operating System",
        "Company": "Microsoft Corporation",
        "OriginalFileName": "Cmd.Exe",
        "CommandLine": "C:\\WINDOWS\\system32\\cmd.exe /c \"ver\"",
        "CurrentDirectory": "C:\\Users\\o-neo\\Documents\\Vip-Gece-Web-Gelistirme\\",
        "User": "DESKTOP-FOEGBB0\\CodexSandboxOffline",
        "LogonGuid": "{66b35fd9-17a5-6aa7-a72b-8c0300000000}",
        "LogonId": "0x38c2ba7",
        "TerminalSessionId": "1",
        "IntegrityLevel": "Medium",
        "Hashes": "MD5=CE396564392FAFAAD5C07A5E2DADE4E6,SHA256=97AC98B1A92C286054CCE55239CFCCDFC23A5517BD07FE693072C9CA96C7DABB,IMPHASH=010B165E4C37F484601D3DBD700C9423",
        "ParentProcessGuid": "{66b35fd9-17ac-6aa7-ea37-000000001700}",
        "ParentProcessId": "5256",
        "ParentImage": "C:\\Tools\\Python313\\python.exe",
        "ParentCommandLine": "\"C:\\Tools\\Python313\\python.exe\" -m pip install --disable-pip-version-check --no-input --target C:\\Users\\o-neo\\AppData\\Local\\Temp\\codex_xlrd xlrd==2.0.2",
        "ParentUser": "DESKTOP-FOEGBB0\\CodexSandboxOffline"
      }
    },
    {
      "source": "sysmon",
      "provider": "Microsoft-Windows-Sysmon",
      "eventId": 1,
      "time": "2026-09-13T21:38:29.7076034Z",
      "recordId": 621301,
      "data": {
        "RuleName": "-",
        "UtcTime": "2026-09-13 21:38:27.298",
        "ProcessGuid": "{66b35fd9-17d3-6aa7-fc37-000000001700}",
        "ProcessId": "11052",
        "Image": "C:\\Users\\o-neo\\.cache\\codex-runtimes\\codex-primary-runtime\\dependencies\\native\\powershell\\pwsh.exe",
        "FileVersion": "7.6.5.500",
        "Description": "PowerShell 7",
        "Product": "PowerShell",
        "Company": "Microsoft Corporation",
        "OriginalFileName": "pwsh.dll",
        "CommandLine": "C:\\Users\\o-neo\\.cache\\codex-runtimes\\codex-primary-runtime\\dependencies\\native\\powershell\\pwsh.exe -NoProfile -Command \"try { [Console]::OutputEncoding=[System.Text.Encoding]::UTF8 } catch {}\npython -c \\\"import sys,os; sys.path.insert(0, os.path.join(os.environ['TEMP'],'codex_xlrd')); import xlrd; p=os.path.join(os.environ['TEMP'],'KBN.xls'); b=xlrd.open_workbook(p); print(b.sheet_names()); [(print(s.name,s.nrows,s.ncols), [print(r, s.row_values(r)) for r in range(min(20,s.nrows))]) for s in b.sheets()]\\\"\"",
        "CurrentDirectory": "C:\\Users\\o-neo\\Documents\\Vip-Gece-Web-Gelistirme\\",
        "User": "DESKTOP-FOEGBB0\\CodexSandboxOffline",
        "LogonGuid": "{66b35fd9-17d3-6aa7-e1f3-8e0300000000}",
        "LogonId": "0x38ef3e1",
        "TerminalSessionId": "1",
        "IntegrityLevel": "Medium",
        "Hashes": "MD5=900E13C7C07D7C3F949913452D81B208,SHA256=362A356CE7F0940EC74F73A8FC2C990A2CC24A38A11C90BBD8ECA947110AD139,IMPHASH=53E4E12437621212A425D294842D0A96",
        "ParentProcessGuid": "{66b35fd9-17d3-6aa7-fb37-000000001700}",
        "ParentProcessId": "4560",
        "ParentImage": "C:\\Users\\o-neo\\.codex\\.sandbox-bin\\codex-command-runner-0.154.0-alpha.6.2.exe",
        "ParentCommandLine": "C:\\Users\\o-neo\\.codex\\.sandbox-bin\\codex-command-runner-0.154.0-alpha.6.2.exe --pipe-in=\\\\.\\pipe\\codex-runner-a690c8d49efb2093382d9f385e9f5aea-in --pipe-out=\\\\.\\pipe\\codex-runner-a690c8d49efb2093382d9f385e9f5aea-out",
        "ParentUser": "DESKTOP-FOEGBB0\\CodexSandboxOffline"
      }
    },
    {
      "source": "sysmon",
      "provider": "Microsoft-Windows-Sysmon",
      "eventId": 1,
      "time": "2026-09-13T21:38:32.3654239Z",
      "recordId": 621307,
      "data": {
        "RuleName": "-",
        "UtcTime": "2026-09-13 21:38:32.340",
        "ProcessGuid": "{66b35fd9-17d8-6aa7-fe37-000000001700}",
        "ProcessId": "13068",
        "Image": "C:\\Tools\\Python313\\python.exe",
        "FileVersion": "3.13.15",
        "Description": "Python",
        "Product": "Python",
        "Company": "Python Software Foundation",
        "OriginalFileName": "python.exe",
        "CommandLine": "\"C:\\Tools\\Python313\\python.exe\" -c \"import sys,os; sys.path.insert(0, os.path.join(os.environ['TEMP'],'codex_xlrd')); import xlrd; p=os.path.join(os.environ['TEMP'],'KBN.xls'); b=xlrd.open_workbook(p); print(b.sheet_names()); [(print(s.name,s.nrows,s.ncols), [print(r, s.row_values(r)) for r in range(min(20,s.nrows))]) for s in b.sheets()]\"",
        "CurrentDirectory": "C:\\Users\\o-neo\\Documents\\Vip-Gece-Web-Gelistirme\\",
        "User": "DESKTOP-FOEGBB0\\CodexSandboxOffline",
        "LogonGuid": "{66b35fd9-17d3-6aa7-e1f3-8e0300000000}",
        "LogonId": "0x38ef3e1",
        "TerminalSessionId": "1",
        "IntegrityLevel": "Medium",
        "Hashes": "MD5=ABAAA9026E4EA49EB00EFB04EAA6F30C,SHA256=85B71D8C6EC1905935F74BE0C9869AAE198D00E98F39DF699EC66F9C5A84CECD,IMPHASH=D233964EAA90E1B69B31D0C96B47B8D3",
        "ParentProcessGuid": "{66b35fd9-17d3-6aa7-fc37-000000001700}",
        "ParentProcessId": "11052",
        "ParentImage": "C:\\Users\\o-neo\\.cache\\codex-runtimes\\codex-primary-runtime\\dependencies\\native\\powershell\\pwsh.exe",
        "ParentCommandLine": "C:\\Users\\o-neo\\.cache\\codex-runtimes\\codex-primary-runtime\\dependencies\\native\\powershell\\pwsh.exe -NoProfile -Command \"try { [Console]::OutputEncoding=[System.Text.Encoding]::UTF8 } catch {}\npython -c \\\"import sys,os; sys.path.insert(0, os.path.join(os.environ['TEMP'],'codex_xlrd')); import xlrd; p=os.path.join(os.environ['TEMP'],'KBN.xls'); b=xlrd.open_workbook(p); print(b.sheet_names()); [(print(s.name,s.nrows,s.ncols), [print(r, s.row_values(r)) for r in range(min(20,s.nrows))]) for s in b.sheets()]\\\"\"",
        "ParentUser": "DESKTOP-FOEGBB0\\CodexSandboxOffline"
      }
    },
    {
      "source": "sysmon",
      "provider": "Microsoft-Windows-Sysmon",
      "eventId": 1,
      "time": "2026-09-13T21:38:40.3677329Z",
      "recordId": 621321,
      "data": {
        "RuleName": "-",
        "UtcTime": "2026-09-13 21:38:38.532",
        "ProcessGuid": "{66b35fd9-17de-6aa7-0538-000000001700}",
        "ProcessId": "12472",
        "Image": "C:\\Users\\o-neo\\.cache\\codex-runtimes\\codex-primary-runtime\\dependencies\\native\\powershell\\pwsh.exe",
        "FileVersion": "7.6.5.500",
        "Description": "PowerShell 7",
        "Product": "PowerShell",
        "Company": "Microsoft Corporation",
        "OriginalFileName": "pwsh.dll",
        "CommandLine": "C:\\Users\\o-neo\\.cache\\codex-runtimes\\codex-primary-runtime\\dependencies\\native\\powershell\\pwsh.exe -NoProfile -Command \"try { [Console]::OutputEncoding=[System.Text.Encoding]::UTF8 } catch {}\npython -c \\\"import sys,os; sys.path.insert(0,os.path.join(os.environ['TEMP'],'codex_xlrd')); import xlrd; s=xlrd.open_workbook(os.path.join(os.environ['TEMP'],'KBN.xls')).sheet_by_index(0); [print(r, s.row_values(r)) for r in range(s.nrows) if '901' in str(s.cell_value(r,0))]\\\"\"",
        "CurrentDirectory": "C:\\Users\\o-neo\\Documents\\Vip-Gece-Web-Gelistirme\\",
        "User": "DESKTOP-FOEGBB0\\CodexSandboxOffline",
        "LogonGuid": "{66b35fd9-17de-6aa7-d7e1-8f0300000000}",
        "LogonId": "0x38fe1d7",
        "TerminalSessionId": "1",
        "IntegrityLevel": "Medium",
        "Hashes": "MD5=900E13C7C07D7C3F949913452D81B208,SHA256=362A356CE7F0940EC74F73A8FC2C990A2CC24A38A11C90BBD8ECA947110AD139,IMPHASH=53E4E12437621212A425D294842D0A96",
        "ParentProcessGuid": "{66b35fd9-17de-6aa7-0438-000000001700}",
        "ParentProcessId": "12616",
        "ParentImage": "C:\\Users\\o-neo\\.codex\\.sandbox-bin\\codex-command-runner-0.154.0-alpha.6.2.exe",
        "ParentCommandLine": "C:\\Users\\o-neo\\.codex\\.sandbox-bin\\codex-command-runner-0.154.0-alpha.6.2.exe --pipe-in=\\\\.\\pipe\\codex-runner-cfad811ce0c6fe86be62150c1d3a9f98-in --pipe-out=\\\\.\\pipe\\codex-runner-cfad811ce0c6fe86be62150c1d3a9f98-out",
        "ParentUser": "DESKTOP-FOEGBB0\\CodexSandboxOffline"
      }
    },
    {
      "source": "sysmon",
      "provider": "Microsoft-Windows-Sysmon",
      "eventId": 1,
      "time": "2026-09-13T21:38:41.8891657Z",
      "recordId": 621325,
      "data": {
        "RuleName": "-",
        "UtcTime": "2026-09-13 21:38:41.858",
        "ProcessGuid": "{66b35fd9-17e1-6aa7-0738-000000001700}",
        "ProcessId": "4976",
        "Image": "C:\\Tools\\Python313\\python.exe",
        "FileVersion": "3.13.15",
        "Description": "Python",
        "Product": "Python",
        "Company": "Python Software Foundation",
        "OriginalFileName": "python.exe",
        "CommandLine": "\"C:\\Tools\\Python313\\python.exe\" -c \"import sys,os; sys.path.insert(0,os.path.join(os.environ['TEMP'],'codex_xlrd')); import xlrd; s=xlrd.open_workbook(os.path.join(os.environ['TEMP'],'KBN.xls')).sheet_by_index(0); [print(r, s.row_values(r)) for r in range(s.nrows) if '901' in str(s.cell_value(r,0))]\"",
        "CurrentDirectory": "C:\\Users\\o-neo\\Documents\\Vip-Gece-Web-Gelistirme\\",
        "User": "DESKTOP-FOEGBB0\\CodexSandboxOffline",
        "LogonGuid": "{66b35fd9-17de-6aa7-d7e1-8f0300000000}",
        "LogonId": "0x38fe1d7",
        "TerminalSessionId": "1",
        "IntegrityLevel": "Medium",
        "Hashes": "MD5=ABAAA9026E4EA49EB00EFB04EAA6F30C,SHA256=85B71D8C6EC1905935F74BE0C9869AAE198D00E98F39DF699EC66F9C5A84CECD,IMPHASH=D233964EAA90E1B69B31D0C96B47B8D3",
        "ParentProcessGuid": "{66b35fd9-17de-6aa7-0538-000000001700}",
        "ParentProcessId": "12472",
        "ParentImage": "C:\\Users\\o-neo\\.cache\\codex-runtimes\\codex-primary-runtime\\dependencies\\native\\powershell\\pwsh.exe",
        "ParentCommandLine": "C:\\Users\\o-neo\\.cache\\codex-runtimes\\codex-primary-runtime\\dependencies\\native\\powershell\\pwsh.exe -NoProfile -Command \"try { [Console]::OutputEncoding=[System.Text.Encoding]::UTF8 } catch {}\npython -c \\\"import sys,os; sys.path.insert(0,os.path.join(os.environ['TEMP'],'codex_xlrd')); import xlrd; s=xlrd.open_workbook(os.path.join(os.environ['TEMP'],'KBN.xls')).sheet_by_index(0); [print(r, s.row_values(r)) for r in range(s.nrows) if '901' in str(s.cell_value(r,0))]\\\"\"",
        "ParentUser": "DESKTOP-FOEGBB0\\CodexSandboxOffline"
      }
    },
    {
      "source": "sysmon",
      "provider": "Microsoft-Windows-Sysmon",
      "eventId": 1,
      "time": "2026-09-13T21:38:56.8431345Z",
      "recordId": 621342,
      "data": {
        "RuleName": "-",
        "UtcTime": "2026-09-13 21:38:54.323",
        "ProcessGuid": "{66b35fd9-17ee-6aa7-0c38-000000001700}",
        "ProcessId": "9384",
        "Image": "C:\\Users\\o-neo\\.cache\\codex-runtimes\\codex-primary-runtime\\dependencies\\native\\powershell\\pwsh.exe",
        "FileVersion": "7.6.5.500",
        "Description": "PowerShell 7",
        "Product": "PowerShell",
        "Company": "Microsoft Corporation",
        "OriginalFileName": "pwsh.dll",
        "CommandLine": "C:\\Users\\o-neo\\.cache\\codex-runtimes\\codex-primary-runtime\\dependencies\\native\\powershell\\pwsh.exe -NoProfile -Command \"try { [Console]::OutputEncoding=[System.Text.Encoding]::UTF8 } catch {}\npython -c \\\"import sys,os; sys.path.insert(0,os.path.join(os.environ['TEMP'],'codex_xlrd')); import xlrd; b=xlrd.open_workbook(os.path.join(os.environ['TEMP'],'KBN.xls')); s=b.sheet_by_index(0); print(xlrd.xldate_as_datetime(s.cell_value(1,2),b.datemode).isoformat())\\\"\"",
        "CurrentDirectory": "C:\\Users\\o-neo\\Documents\\Vip-Gece-Web-Gelistirme\\",
        "User": "DESKTOP-FOEGBB0\\CodexSandboxOffline",
        "LogonGuid": "{66b35fd9-17ee-6aa7-2f99-900300000000}",
        "LogonId": "0x390992f",
        "TerminalSessionId": "1",
        "IntegrityLevel": "Medium",
        "Hashes": "MD5=900E13C7C07D7C3F949913452D81B208,SHA256=362A356CE7F0940EC74F73A8FC2C990A2CC24A38A11C90BBD8ECA947110AD139,IMPHASH=53E4E12437621212A425D294842D0A96",
        "ParentProcessGuid": "{66b35fd9-17ee-6aa7-0b38-000000001700}",
        "ParentProcessId": "10396",
        "ParentImage": "C:\\Users\\o-neo\\.codex\\.sandbox-bin\\codex-command-runner-0.154.0-alpha.6.2.exe",
        "ParentCommandLine": "C:\\Users\\o-neo\\.codex\\.sandbox-bin\\codex-command-runner-0.154.0-alpha.6.2.exe --pipe-in=\\\\.\\pipe\\codex-runner-6d30911c8a2d0765b2ba854c4a591105-in --pipe-out=\\\\.\\pipe\\codex-runner-6d30911c8a2d0765b2ba854c4a591105-out",
        "ParentUser": "DESKTOP-FOEGBB0\\CodexSandboxOffline"
      }
    },
    {
      "source": "sysmon",
      "provider": "Microsoft-Windows-Sysmon",
      "eventId": 1,
      "time": "2026-09-13T21:38:59.2176270Z",
      "recordId": 621345,
      "data": {
        "RuleName": "-",
        "UtcTime": "2026-09-13 21:38:59.201",
        "ProcessGuid": "{66b35fd9-17f3-6aa7-0e38-000000001700}",
        "ProcessId": "9000",
        "Image": "C:\\Tools\\Python313\\python.exe",
        "FileVersion": "3.13.15",
        "Description": "Python",
        "Product": "Python",
        "Company": "Python Software Foundation",
        "OriginalFileName": "python.exe",
        "CommandLine": "\"C:\\Tools\\Python313\\python.exe\" -c \"import sys,os; sys.path.insert(0,os.path.join(os.environ['TEMP'],'codex_xlrd')); import xlrd; b=xlrd.open_workbook(os.path.join(os.environ['TEMP'],'KBN.xls')); s=b.sheet_by_index(0); print(xlrd.xldate_as_datetime(s.cell_value(1,2),b.datemode).isoformat())\"",
        "CurrentDirectory": "C:\\Users\\o-neo\\Documents\\Vip-Gece-Web-Gelistirme\\",
        "User": "DESKTOP-FOEGBB0\\CodexSandboxOffline",
        "LogonGuid": "{66b35fd9-17ee-6aa7-2f99-900300000000}",
        "LogonId": "0x390992f",
        "TerminalSessionId": "1",
        "IntegrityLevel": "Medium",
        "Hashes": "MD5=ABAAA9026E4EA49EB00EFB04EAA6F30C,SHA256=85B71D8C6EC1905935F74BE0C9869AAE198D00E98F39DF699EC66F9C5A84CECD,IMPHASH=D233964EAA90E1B69B31D0C96B47B8D3",
        "ParentProcessGuid": "{66b35fd9-17ee-6aa7-0c38-000000001700}",
        "ParentProcessId": "9384",
        "ParentImage": "C:\\Users\\o-neo\\.cache\\codex-runtimes\\codex-primary-runtime\\dependencies\\native\\powershell\\pwsh.exe",
        "ParentCommandLine": "C:\\Users\\o-neo\\.cache\\codex-runtimes\\codex-primary-runtime\\dependencies\\native\\powershell\\pwsh.exe -NoProfile -Command \"try { [Console]::OutputEncoding=[System.Text.Encoding]::UTF8 } catch {}\npython -c \\\"import sys,os; sys.path.insert(0,os.path.join(os.environ['TEMP'],'codex_xlrd')); import xlrd; b=xlrd.open_workbook(os.path.join(os.environ['TEMP'],'KBN.xls')); s=b.sheet_by_index(0); print(xlrd.xldate_as_datetime(s.cell_value(1,2),b.datemode).isoformat())\\\"\"",
        "ParentUser": "DESKTOP-FOEGBB0\\CodexSandboxOffline"
      }
    },
    {
      "source": "sysmon",
      "provider": "Microsoft-Windows-Sysmon",
      "eventId": 1,
      "time": "2026-09-13T21:49:19.4385293Z",
      "recordId": 622093,
      "data": {
        "RuleName": "-",
        "UtcTime": "2026-09-13 21:49:14.434",
        "ProcessGuid": "{66b35fd9-1a5a-6aa7-5639-000000001700}",
        "ProcessId": "11800",
        "Image": "C:\\Users\\o-neo\\.cache\\codex-runtimes\\codex-primary-runtime\\dependencies\\native\\powershell\\pwsh.exe",
        "FileVersion": "7.6.5.500",
        "Description": "PowerShell 7",
        "Product": "PowerShell",
        "Company": "Microsoft Corporation",
        "OriginalFileName": "pwsh.dll",
        "CommandLine": "C:\\Users\\o-neo\\.cache\\codex-runtimes\\codex-primary-runtime\\dependencies\\native\\powershell\\pwsh.exe -NoProfile -Command \"try { [Console]::OutputEncoding=[System.Text.Encoding]::UTF8 } catch {}\npython -c \\\"import xlrd; print(xlrd.__version__)\\\"\"",
        "CurrentDirectory": "C:\\Users\\o-neo\\Documents\\Vip-Gece-Web-Gelistirme\\",
        "User": "DESKTOP-FOEGBB0\\CodexSandboxOffline",
        "LogonGuid": "{66b35fd9-1a59-6aa7-1ea9-a30300000000}",
        "LogonId": "0x3a3a91e",
        "TerminalSessionId": "1",
        "IntegrityLevel": "Medium",
        "Hashes": "MD5=900E13C7C07D7C3F949913452D81B208,SHA256=362A356CE7F0940EC74F73A8FC2C990A2CC24A38A11C90BBD8ECA947110AD139,IMPHASH=53E4E12437621212A425D294842D0A96",
        "ParentProcessGuid": "{66b35fd9-1a59-6aa7-5539-000000001700}",
        "ParentProcessId": "6984",
        "ParentImage": "C:\\Users\\o-neo\\.codex\\.sandbox-bin\\codex-command-runner-0.154.0-alpha.6.2.exe",
        "ParentCommandLine": "C:\\Users\\o-neo\\.codex\\.sandbox-bin\\codex-command-runner-0.154.0-alpha.6.2.exe --pipe-in=\\\\.\\pipe\\codex-runner-e670d60d0f0e2a04f09a0a2e67db4f61-in --pipe-out=\\\\.\\pipe\\codex-runner-e670d60d0f0e2a04f09a0a2e67db4f61-out",
        "ParentUser": "DESKTOP-FOEGBB0\\CodexSandboxOffline"
      }
    },
    {
      "source": "sysmon",
      "provider": "Microsoft-Windows-Sysmon",
      "eventId": 1,
      "time": "2026-09-13T21:49:29.1085992Z",
      "recordId": 622099,
      "data": {
        "RuleName": "-",
        "UtcTime": "2026-09-13 21:49:29.037",
        "ProcessGuid": "{66b35fd9-1a69-6aa7-5939-000000001700}",
        "ProcessId": "6360",
        "Image": "C:\\Tools\\Python313\\python.exe",
        "FileVersion": "3.13.15",
        "Description": "Python",
        "Product": "Python",
        "Company": "Python Software Foundation",
        "OriginalFileName": "python.exe",
        "CommandLine": "\"C:\\Tools\\Python313\\python.exe\" -c \"import xlrd; print(xlrd.__version__)\"",
        "CurrentDirectory": "C:\\Users\\o-neo\\Documents\\Vip-Gece-Web-Gelistirme\\",
        "User": "DESKTOP-FOEGBB0\\CodexSandboxOffline",
        "LogonGuid": "{66b35fd9-1a59-6aa7-1ea9-a30300000000}",
        "LogonId": "0x3a3a91e",
        "TerminalSessionId": "1",
        "IntegrityLevel": "Medium",
        "Hashes": "MD5=ABAAA9026E4EA49EB00EFB04EAA6F30C,SHA256=85B71D8C6EC1905935F74BE0C9869AAE198D00E98F39DF699EC66F9C5A84CECD,IMPHASH=D233964EAA90E1B69B31D0C96B47B8D3",
        "ParentProcessGuid": "{66b35fd9-1a5a-6aa7-5639-000000001700}",
        "ParentProcessId": "11800",
        "ParentImage": "C:\\Users\\o-neo\\.cache\\codex-runtimes\\codex-primary-runtime\\dependencies\\native\\powershell\\pwsh.exe",
        "ParentCommandLine": "C:\\Users\\o-neo\\.cache\\codex-runtimes\\codex-primary-runtime\\dependencies\\native\\powershell\\pwsh.exe -NoProfile -Command \"try { [Console]::OutputEncoding=[System.Text.Encoding]::UTF8 } catch {}\npython -c \\\"import xlrd; print(xlrd.__version__)\\\"\"",
        "ParentUser": "DESKTOP-FOEGBB0\\CodexSandboxOffline"
      }
    },
    {
      "source": "sysmon",
      "provider": "Microsoft-Windows-Sysmon",
      "eventId": 1,
      "time": "2026-09-13T21:49:46.2082806Z",
      "recordId": 622112,
      "data": {
        "RuleName": "-",
        "UtcTime": "2026-09-13 21:49:41.147",
        "ProcessGuid": "{66b35fd9-1a75-6aa7-5e39-000000001700}",
        "ProcessId": "11224",
        "Image": "C:\\Users\\o-neo\\.cache\\codex-runtimes\\codex-primary-runtime\\dependencies\\native\\powershell\\pwsh.exe",
        "FileVersion": "7.6.5.500",
        "Description": "PowerShell 7",
        "Product": "PowerShell",
        "Company": "Microsoft Corporation",
        "OriginalFileName": "pwsh.dll",
        "CommandLine": "C:\\Users\\o-neo\\.cache\\codex-runtimes\\codex-primary-runtime\\dependencies\\native\\powershell\\pwsh.exe -NoProfile -Command \"try { [Console]::OutputEncoding=[System.Text.Encoding]::UTF8 } catch {}\n& 'C:\\Users\\o-neo\\.cache\\codex-runtimes\\codex-primary-runtime\\dependencies\\python\\python.exe' -c \\\"import xlrd; print(xlrd.__version__)\\\"\"",
        "CurrentDirectory": "C:\\Users\\o-neo\\Documents\\Vip-Gece-Web-Gelistirme\\",
        "User": "DESKTOP-FOEGBB0\\CodexSandboxOffline",
        "LogonGuid": "{66b35fd9-1a74-6aa7-c86f-a40300000000}",
        "LogonId": "0x3a46fc8",
        "TerminalSessionId": "1",
        "IntegrityLevel": "Medium",
        "Hashes": "MD5=900E13C7C07D7C3F949913452D81B208,SHA256=362A356CE7F0940EC74F73A8FC2C990A2CC24A38A11C90BBD8ECA947110AD139,IMPHASH=53E4E12437621212A425D294842D0A96",
        "ParentProcessGuid": "{66b35fd9-1a74-6aa7-5d39-000000001700}",
        "ParentProcessId": "5156",
        "ParentImage": "C:\\Users\\o-neo\\.codex\\.sandbox-bin\\codex-command-runner-0.154.0-alpha.6.2.exe",
        "ParentCommandLine": "C:\\Users\\o-neo\\.codex\\.sandbox-bin\\codex-command-runner-0.154.0-alpha.6.2.exe --pipe-in=\\\\.\\pipe\\codex-runner-46fad3c78594b47b9e97b82e0537cd3c-in --pipe-out=\\\\.\\pipe\\codex-runner-46fad3c78594b47b9e97b82e0537cd3c-out",
        "ParentUser": "DESKTOP-FOEGBB0\\CodexSandboxOffline"
      }
    },
    {
      "source": "sysmon",
      "provider": "Microsoft-Windows-Sysmon",
      "eventId": 1,
      "time": "2026-09-13T21:50:00.1115815Z",
      "recordId": 622120,
      "data": {
        "RuleName": "-",
        "UtcTime": "2026-09-13 21:50:00.049",
        "ProcessGuid": "{66b35fd9-1a88-6aa7-6139-000000001700}",
        "ProcessId": "10636",
        "Image": "C:\\Users\\o-neo\\.cache\\codex-runtimes\\codex-primary-runtime\\dependencies\\python\\python.exe",
        "FileVersion": "3.12.14",
        "Description": "Python",
        "Product": "Python",
        "Company": "Python Software Foundation",
        "OriginalFileName": "python.exe",
        "CommandLine": "\"C:\\Users\\o-neo\\.cache\\codex-runtimes\\codex-primary-runtime\\dependencies\\python\\python.exe\" -c \"import xlrd; print(xlrd.__version__)\"",
        "CurrentDirectory": "C:\\Users\\o-neo\\Documents\\Vip-Gece-Web-Gelistirme\\",
        "User": "DESKTOP-FOEGBB0\\CodexSandboxOffline",
        "LogonGuid": "{66b35fd9-1a74-6aa7-c86f-a40300000000}",
        "LogonId": "0x3a46fc8",
        "TerminalSessionId": "1",
        "IntegrityLevel": "Medium",
        "Hashes": "MD5=9040361B0BE629E55178E30A40BEC70F,SHA256=B7A12C3AF0B4DB44191EEC14EA095EBA731B7328917F570806183093D19DDCA2,IMPHASH=40445B394CDBF537CB1AA287F96583BD",
        "ParentProcessGuid": "{66b35fd9-1a75-6aa7-5e39-000000001700}",
        "ParentProcessId": "11224",
        "ParentImage": "C:\\Users\\o-neo\\.cache\\codex-runtimes\\codex-primary-runtime\\dependencies\\native\\powershell\\pwsh.exe",
        "ParentCommandLine": "C:\\Users\\o-neo\\.cache\\codex-runtimes\\codex-primary-runtime\\dependencies\\native\\powershell\\pwsh.exe -NoProfile -Command \"try { [Console]::OutputEncoding=[System.Text.Encoding]::UTF8 } catch {}\n& 'C:\\Users\\o-neo\\.cache\\codex-runtimes\\codex-primary-runtime\\dependencies\\python\\python.exe' -c \\\"import xlrd; print(xlrd.__version__)\\\"\"",
        "ParentUser": "DESKTOP-FOEGBB0\\CodexSandboxOffline"
      }
    },
    {
      "source": "security",
      "provider": "Microsoft-Windows-Security-Auditing",
      "eventId": 4688,
      "time": "2026-09-13T21:25:40.5693936Z",
      "recordId": 212393,
      "data": {
        "ProcessId": "0x3028",
        "CommandLine": "C:\\Users\\o-neo\\.cache\\codex-runtimes\\codex-primary-runtime\\dependencies\\native\\powershell\\pwsh.exe -NoProfile -Command \"try { [Console]::OutputEncoding=[System.Text.Encoding]::UTF8 } catch {}\npython -c \\\"import pandas as pd; p=r'C:\\Users\\o-neo\\AppData\\Local\\Temp\\btk-kbn.xls'; x=pd.ExcelFile(p); print(x.sheet_names); [print(pd.read_excel(p,sheet_name=s,header=None).to_string(index=False,header=False,max_rows=40)) for s in x.sheet_names]\\\"\"",
        "NewProcessId": "0x1d50",
        "NewProcessName": "C:\\Users\\o-neo\\.cache\\codex-runtimes\\codex-primary-runtime\\dependencies\\native\\powershell\\pwsh.exe",
        "ParentProcessName": "C:\\Users\\o-neo\\.codex\\.sandbox-bin\\codex-command-runner-0.154.0-alpha.6.2.exe",
        "SubjectUserName": "CodexSandboxOffline",
        "SubjectDomainName": "DESKTOP-FOEGBB0"
      }
    },
    {
      "source": "security",
      "provider": "Microsoft-Windows-Security-Auditing",
      "eventId": 4688,
      "time": "2026-09-13T21:25:50.3199171Z",
      "recordId": 212407,
      "data": {
        "ProcessId": "0x2da8",
        "CommandLine": "C:\\Users\\o-neo\\.cache\\codex-runtimes\\codex-primary-runtime\\dependencies\\native\\powershell\\pwsh.exe -NoProfile -Command \"try { [Console]::OutputEncoding=[System.Text.Encoding]::UTF8 } catch {}\npython -c \\\"import pandas as pd; import xlrd; print('pandas', pd.__version__, 'xlrd', xlrd.__version__)\\\"\"",
        "NewProcessId": "0x2c40",
        "NewProcessName": "C:\\Users\\o-neo\\.cache\\codex-runtimes\\codex-primary-runtime\\dependencies\\native\\powershell\\pwsh.exe",
        "ParentProcessName": "C:\\Users\\o-neo\\.codex\\.sandbox-bin\\codex-command-runner-0.154.0-alpha.6.2.exe",
        "SubjectUserName": "CodexSandboxOffline",
        "SubjectDomainName": "DESKTOP-FOEGBB0"
      }
    },
    {
      "source": "security",
      "provider": "Microsoft-Windows-Security-Auditing",
      "eventId": 4688,
      "time": "2026-09-13T21:25:53.5982049Z",
      "recordId": 212409,
      "data": {
        "ProcessId": "0x1d50",
        "CommandLine": "\"C:\\Tools\\Python313\\python.exe\" -c \"import pandas as pd; p=r'C:\\Users\\o-neo\\AppData\\Local\\Temp\\btk-kbn.xls'; x=pd.ExcelFile(p); print(x.sheet_names); [print(pd.read_excel(p,sheet_name=s,header=None).to_string(index=False,header=False,max_rows=40)) for s in x.sheet_names]\"",
        "NewProcessId": "0x28c",
        "NewProcessName": "C:\\Tools\\Python313\\python.exe",
        "ParentProcessName": "C:\\Users\\o-neo\\.cache\\codex-runtimes\\codex-primary-runtime\\dependencies\\native\\powershell\\pwsh.exe",
        "SubjectUserName": "CodexSandboxOffline",
        "SubjectDomainName": "DESKTOP-FOEGBB0"
      }
    },
    {
      "source": "security",
      "provider": "Microsoft-Windows-Security-Auditing",
      "eventId": 4688,
      "time": "2026-09-13T21:25:58.7815879Z",
      "recordId": 212413,
      "data": {
        "ProcessId": "0x2c40",
        "CommandLine": "\"C:\\Tools\\Python313\\python.exe\" -c \"import pandas as pd; import xlrd; print('pandas', pd.__version__, 'xlrd', xlrd.__version__)\"",
        "NewProcessId": "0x31d4",
        "NewProcessName": "C:\\Tools\\Python313\\python.exe",
        "ParentProcessName": "C:\\Users\\o-neo\\.cache\\codex-runtimes\\codex-primary-runtime\\dependencies\\native\\powershell\\pwsh.exe",
        "SubjectUserName": "CodexSandboxOffline",
        "SubjectDomainName": "DESKTOP-FOEGBB0"
      }
    },
    {
      "source": "security",
      "provider": "Microsoft-Windows-Security-Auditing",
      "eventId": 4688,
      "time": "2026-09-13T21:26:22.2395607Z",
      "recordId": 212446,
      "data": {
        "ProcessId": "0x31f8",
        "CommandLine": "C:\\Users\\o-neo\\.cache\\codex-runtimes\\codex-primary-runtime\\dependencies\\native\\powershell\\pwsh.exe -NoProfile -Command \"try { [Console]::OutputEncoding=[System.Text.Encoding]::UTF8 } catch {}\n& 'C:\\Users\\o-neo\\.cache\\codex-runtimes\\codex-primary-runtime\\dependencies\\python\\python.exe' -c \\\"import pandas as pd; p=r'C:\\Users\\o-neo\\AppData\\Local\\Temp\\btk-kbn.xls'; x=pd.ExcelFile(p); print(x.sheet_names); [print(pd.read_excel(p,sheet_name=s,header=None).to_string(index=False,header=False,max_rows=80)) for s in x.sheet_names]\\\"\"",
        "NewProcessId": "0x120c",
        "NewProcessName": "C:\\Users\\o-neo\\.cache\\codex-runtimes\\codex-primary-runtime\\dependencies\\native\\powershell\\pwsh.exe",
        "ParentProcessName": "C:\\Users\\o-neo\\.codex\\.sandbox-bin\\codex-command-runner-0.154.0-alpha.6.2.exe",
        "SubjectUserName": "CodexSandboxOffline",
        "SubjectDomainName": "DESKTOP-FOEGBB0"
      }
    },
    {
      "source": "security",
      "provider": "Microsoft-Windows-Security-Auditing",
      "eventId": 4688,
      "time": "2026-09-13T21:26:28.9395587Z",
      "recordId": 212450,
      "data": {
        "ProcessId": "0x120c",
        "CommandLine": "\"C:\\Users\\o-neo\\.cache\\codex-runtimes\\codex-primary-runtime\\dependencies\\python\\python.exe\" -c \"import pandas as pd; p=r'C:\\Users\\o-neo\\AppData\\Local\\Temp\\btk-kbn.xls'; x=pd.ExcelFile(p); print(x.sheet_names); [print(pd.read_excel(p,sheet_name=s,header=None).to_string(index=False,header=False,max_rows=80)) for s in x.sheet_names]\"",
        "NewProcessId": "0x2e04",
        "NewProcessName": "C:\\Users\\o-neo\\.cache\\codex-runtimes\\codex-primary-runtime\\dependencies\\python\\python.exe",
        "ParentProcessName": "C:\\Users\\o-neo\\.cache\\codex-runtimes\\codex-primary-runtime\\dependencies\\native\\powershell\\pwsh.exe",
        "SubjectUserName": "CodexSandboxOffline",
        "SubjectDomainName": "DESKTOP-FOEGBB0"
      }
    },
