    {
      "source": "sysmon",
      "provider": "Microsoft-Windows-Sysmon",
      "eventId": 1,
      "time": "2026-09-13T21:49:59.4018501Z",
      "recordId": 622119,
      "data": {
        "RuleName": "-",
        "UtcTime": "2026-09-13 21:49:54.358",
        "ProcessGuid": "{66b35fd9-1a82-6aa7-6039-000000001700}",
        "ProcessId": "10092",
        "Image": "C:\\Users\\o-neo\\.cache\\codex-runtimes\\codex-primary-runtime\\dependencies\\native\\powershell\\pwsh.exe",
        "FileVersion": "7.6.5.500",
        "Description": "PowerShell 7",
        "Product": "PowerShell",
        "Company": "Microsoft Corporation",
        "OriginalFileName": "pwsh.dll",
        "CommandLine": "\"C:\\Users\\o-neo\\.cache\\codex-runtimes\\codex-primary-runtime\\dependencies\\native\\powershell\\pwsh.exe\" -NoProfile -Command \"try { [Console]::OutputEncoding=[System.Text.Encoding]::UTF8 } catch {}\n$now = Get-Date\n'USER_CONTEXT_AND_PYTHON_PATHS'\n[pscustomobject]@{CollectedAt=$now.ToString('o');User=[Security.Principal.WindowsIdentity]::GetCurrent().Name} | Format-List\nGet-Command python,python3,py -All -ErrorAction SilentlyContinue | Select-Object Name,CommandType,Source,Path,Version | Format-Table -AutoSize\nwhere.exe python 2>&1\nwhere.exe py 2>&1\n\n'PYTHON_BINARY_METADATA'\n$pythonCandidates = @(\n  'C:\\Tools\\Python313\\python.exe',\n  'C:\\Tools\\Python313\\pythonw.exe',\n  'C:\\Users\\o-neo\\AppData\\Local\\Microsoft\\WindowsApps\\python.exe',\n  'C:\\Users\\o-neo\\AppData\\Local\\Microsoft\\WindowsApps\\python3.exe'\n)\nforeach ($pythonCandidate in $pythonCandidates) {\n  if (Test-Path -LiteralPath $pythonCandidate) {\n    $item = Get-Item -LiteralPath $pythonCandidate\n    [pscustomobject]@{\n      Path = $item.FullName\n      Length = $item.Length\n      CreationTime = $item.CreationTime.ToString('o')\n      LastWriteTime = $item.LastWriteTime.ToString('o')\n      FileVersion = $item.VersionInfo.FileVersion\n      ProductName = $item.VersionInfo.ProductName\n      ProductVersion = $item.VersionInfo.ProductVersion\n      CompanyName = $item.VersionInfo.CompanyName\n      OriginalFilename = $item.VersionInfo.OriginalFilename\n    } | Format-List\n  }\n}\n\n'RELIABILITY_RECORDS_PYTHON'\ntry {\n  Get-CimInstance -ClassName Win32_ReliabilityRecords -ErrorAction Stop |\n    Where-Object { $_.TimeGenerated -ge [datetime]'2026-09-14T00:15:00+03:00' -and ($_.ProductName -match '(?i)python' -or $_.Message -match '(?i)python\\.exe|0xc000070a') } |\n    Select-Object TimeGenerated,SourceName,EventIdentifier,ProductName,RecordNumber,Message |\n    Format-List\n} catch {\n  \\\"RELIABILITY_INACCESSIBLE: $($_.Exception.Message)\\\"\n}\n\n'FRESH_WER_AND_DUMPS'\n$roots = @(\n  'C:\\Users\\o-neo\\AppData\\Local\\Microsoft\\Windows\\WER',\n  'C:\\Users\\o-neo\\AppData\\Local\\CrashDumps',\n  'C:\\ProgramData\\Microsoft\\Windows\\WER\\ReportArchive',\n  'C:\\ProgramData\\Microsoft\\Windows\\WER\\ReportQueue'\n)\nforeach ($rootPath in $roots) {\n  if (Test-Path -LiteralPath $rootPath) {\n    \\\"ROOT $rootPath\\\"\n    try {\n      Get-ChildItem -LiteralPath $rootPath -Recurse -Force -ErrorAction Stop |\n        Where-Object { $_.LastWriteTime -ge [datetime]'2026-09-14T00:15:00+03:00' } |\n        Sort-Object LastWriteTime |\n        Select-Object FullName,Length,CreationTime,LastWriteTime |\n        Format-Table -AutoSize\n    } catch {\n      \\\"WER_ROOT_INACCESSIBLE ${rootPath}: $($_.Exception.Message)\\\"\n    }\n  }\n}\n\n'FRESH_PYTHON_PREFETCH'\n$prefetchRoot = 'C:\\Windows\\Prefetch'\nif (Test-Path -LiteralPath $prefetchRoot) {\n  try {\n    Get-ChildItem -LiteralPath $prefetchRoot -Filter 'PYTHON*.pf' -Force -ErrorAction Stop |\n      Sort-Object LastWriteTime -Descending |\n      Select-Object -First 20 FullName,Length,CreationTime,LastWriteTime |\n      Format-Table -AutoSize\n  } catch {\n    \\\"PREFETCH_INACCESSIBLE: $($_.Exception.Message)\\\"\n  }\n}\"",
        "CurrentDirectory": "C:\\Users\\o-neo\\Documents\\Vip-Gece-Web-Gelistirme\\",
        "User": "DESKTOP-FOEGBB0\\o-neo",
        "LogonGuid": "{66b35fd9-c5ee-6aa6-d395-060000000000}",
        "LogonId": "0x695d3",
        "TerminalSessionId": "1",
        "IntegrityLevel": "Medium",
        "Hashes": "MD5=900E13C7C07D7C3F949913452D81B208,SHA256=362A356CE7F0940EC74F73A8FC2C990A2CC24A38A11C90BBD8ECA947110AD139,IMPHASH=53E4E12437621212A425D294842D0A96",
        "ParentProcessGuid": "{66b35fd9-ee3a-6aa6-231e-000000001700}",
        "ParentProcessId": "11556",
        "ParentImage": "C:\\Users\\o-neo\\AppData\\Local\\OpenAI\\Codex\\bin\\bffc5354119c8421\\codex.exe",
        "ParentCommandLine": "C:\\Users\\o-neo\\AppData\\Local\\OpenAI\\Codex\\bin\\bffc5354119c8421\\codex.exe -c features.code_mode_host=true app-server --analytics-default-enabled -c plugins.codex-app-tools@openai-bundled.mcp_servers.codex_app.enabled=true",
        "ParentUser": "DESKTOP-FOEGBB0\\o-neo"
      }
    },
    {
      "source": "sysmon",
      "provider": "Microsoft-Windows-Sysmon",
      "eventId": 1,
      "time": "2026-09-13T21:50:00.1115815Z",
      "recordId": 622120,
      "data": {
        "RuleName": "-",
        "UtcTime": "2026-09-13 21:50:00.049",
        "ProcessGuid": "{66b35fd9-1a88-6aa7-6139-000000001700}",
        "ProcessId": "10636",
        "Image": "C:\\Users\\o-neo\\.cache\\codex-runtimes\\codex-primary-runtime\\dependencies\\python\\python.exe",
        "FileVersion": "3.12.14",
        "Description": "Python",
        "Product": "Python",
        "Company": "Python Software Foundation",
        "OriginalFileName": "python.exe",
        "CommandLine": "\"C:\\Users\\o-neo\\.cache\\codex-runtimes\\codex-primary-runtime\\dependencies\\python\\python.exe\" -c \"import xlrd; print(xlrd.__version__)\"",
        "CurrentDirectory": "C:\\Users\\o-neo\\Documents\\Vip-Gece-Web-Gelistirme\\",
        "User": "DESKTOP-FOEGBB0\\CodexSandboxOffline",
        "LogonGuid": "{66b35fd9-1a74-6aa7-c86f-a40300000000}",
        "LogonId": "0x3a46fc8",
        "TerminalSessionId": "1",
        "IntegrityLevel": "Medium",
        "Hashes": "MD5=9040361B0BE629E55178E30A40BEC70F,SHA256=B7A12C3AF0B4DB44191EEC14EA095EBA731B7328917F570806183093D19DDCA2,IMPHASH=40445B394CDBF537CB1AA287F96583BD",
        "ParentProcessGuid": "{66b35fd9-1a75-6aa7-5e39-000000001700}",
        "ParentProcessId": "11224",
        "ParentImage": "C:\\Users\\o-neo\\.cache\\codex-runtimes\\codex-primary-runtime\\dependencies\\native\\powershell\\pwsh.exe",
        "ParentCommandLine": "C:\\Users\\o-neo\\.cache\\codex-runtimes\\codex-primary-runtime\\dependencies\\native\\powershell\\pwsh.exe -NoProfile -Command \"try { [Console]::OutputEncoding=[System.Text.Encoding]::UTF8 } catch {}\n& 'C:\\Users\\o-neo\\.cache\\codex-runtimes\\codex-primary-runtime\\dependencies\\python\\python.exe' -c \\\"import xlrd; print(xlrd.__version__)\\\"\"",
        "ParentUser": "DESKTOP-FOEGBB0\\CodexSandboxOffline"
      }
    },
    {
      "source": "sysmon",
      "provider": "Microsoft-Windows-Sysmon",
      "eventId": 1,
      "time": "2026-09-13T21:50:05.6048644Z",
      "recordId": 622125,
      "data": {
        "RuleName": "-",
        "UtcTime": "2026-09-13 21:50:05.566",
        "ProcessGuid": "{66b35fd9-1a8d-6aa7-6239-000000001700}",
        "ProcessId": "12708",
        "Image": "C:\\Windows\\System32\\where.exe",
        "FileVersion": "10.0.26100.1 (WinBuild.160101.0800)",
        "Description": "Where - Lists location of files",
        "Product": "Microsoft� Windows� Operating System",
        "Company": "Microsoft Corporation",
        "OriginalFileName": "where.exe",
        "CommandLine": "\"C:\\WINDOWS\\system32\\where.exe\" python",
        "CurrentDirectory": "C:\\Users\\o-neo\\Documents\\Vip-Gece-Web-Gelistirme\\",
        "User": "DESKTOP-FOEGBB0\\o-neo",
        "LogonGuid": "{66b35fd9-c5ee-6aa6-d395-060000000000}",
        "LogonId": "0x695d3",
        "TerminalSessionId": "1",
        "IntegrityLevel": "Medium",
        "Hashes": "MD5=8066FE09B1F19BA7752896C2FD68B04C,SHA256=F51FAB8041E5023D7290B540A2106F051EF0BD2BC3443C9DAF318628B560FA29,IMPHASH=F264C40E9C5668C813DEE205E3D4D322",
        "ParentProcessGuid": "{66b35fd9-1a82-6aa7-6039-000000001700}",
        "ParentProcessId": "10092",
        "ParentImage": "C:\\Users\\o-neo\\.cache\\codex-runtimes\\codex-primary-runtime\\dependencies\\native\\powershell\\pwsh.exe",
        "ParentCommandLine": "\"C:\\Users\\o-neo\\.cache\\codex-runtimes\\codex-primary-runtime\\dependencies\\native\\powershell\\pwsh.exe\" -NoProfile -Command \"try { [Console]::OutputEncoding=[System.Text.Encoding]::UTF8 } catch {}\n$now = Get-Date\n'USER_CONTEXT_AND_PYTHON_PATHS'\n[pscustomobject]@{CollectedAt=$now.ToString('o');User=[Security.Principal.WindowsIdentity]::GetCurrent().Name} | Format-List\nGet-Command python,python3,py -All -ErrorAction SilentlyContinue | Select-Object Name,CommandType,Source,Path,Version | Format-Table -AutoSize\nwhere.exe python 2>&1\nwhere.exe py 2>&1\n\n'PYTHON_BINARY_METADATA'\n$pythonCandidates = @(\n  'C:\\Tools\\Python313\\python.exe',\n  'C:\\Tools\\Python313\\pythonw.exe',\n  'C:\\Users\\o-neo\\AppData\\Local\\Microsoft\\WindowsApps\\python.exe',\n  'C:\\Users\\o-neo\\AppData\\Local\\Microsoft\\WindowsApps\\python3.exe'\n)\nforeach ($pythonCandidate in $pythonCandidates) {\n  if (Test-Path -LiteralPath $pythonCandidate) {\n    $item = Get-Item -LiteralPath $pythonCandidate\n    [pscustomobject]@{\n      Path = $item.FullName\n      Length = $item.Length\n      CreationTime = $item.CreationTime.ToString('o')\n      LastWriteTime = $item.LastWriteTime.ToString('o')\n      FileVersion = $item.VersionInfo.FileVersion\n      ProductName = $item.VersionInfo.ProductName\n      ProductVersion = $item.VersionInfo.ProductVersion\n      CompanyName = $item.VersionInfo.CompanyName\n      OriginalFilename = $item.VersionInfo.OriginalFilename\n    } | Format-List\n  }\n}\n\n'RELIABILITY_RECORDS_PYTHON'\ntry {\n  Get-CimInstance -ClassName Win32_ReliabilityRecords -ErrorAction Stop |\n    Where-Object { $_.TimeGenerated -ge [datetime]'2026-09-14T00:15:00+03:00' -and ($_.ProductName -match '(?i)python' -or $_.Message -match '(?i)python\\.exe|0xc000070a') } |\n    Select-Object TimeGenerated,SourceName,EventIdentifier,ProductName,RecordNumber,Message |\n    Format-List\n} catch {\n  \\\"RELIABILITY_INACCESSIBLE: $($_.Exception.Message)\\\"\n}\n\n'FRESH_WER_AND_DUMPS'\n$roots = @(\n  'C:\\Users\\o-neo\\AppData\\Local\\Microsoft\\Windows\\WER',\n  'C:\\Users\\o-neo\\AppData\\Local\\CrashDumps',\n  'C:\\ProgramData\\Microsoft\\Windows\\WER\\ReportArchive',\n  'C:\\ProgramData\\Microsoft\\Windows\\WER\\ReportQueue'\n)\nforeach ($rootPath in $roots) {\n  if (Test-Path -LiteralPath $rootPath) {\n    \\\"ROOT $rootPath\\\"\n    try {\n      Get-ChildItem -LiteralPath $rootPath -Recurse -Force -ErrorAction Stop |\n        Where-Object { $_.LastWriteTime -ge [datetime]'2026-09-14T00:15:00+03:00' } |\n        Sort-Object LastWriteTime |\n        Select-Object FullName,Length,CreationTime,LastWriteTime |\n        Format-Table -AutoSize\n    } catch {\n      \\\"WER_ROOT_INACCESSIBLE ${rootPath}: $($_.Exception.Message)\\\"\n    }\n  }\n}\n\n'FRESH_PYTHON_PREFETCH'\n$prefetchRoot = 'C:\\Windows\\Prefetch'\nif (Test-Path -LiteralPath $prefetchRoot) {\n  try {\n    Get-ChildItem -LiteralPath $prefetchRoot -Filter 'PYTHON*.pf' -Force -ErrorAction Stop |\n      Sort-Object LastWriteTime -Descending |\n      Select-Object -First 20 FullName,Length,CreationTime,LastWriteTime |\n      Format-Table -AutoSize\n  } catch {\n    \\\"PREFETCH_INACCESSIBLE: $($_.Exception.Message)\\\"\n  }\n}\"",
        "ParentUser": "DESKTOP-FOEGBB0\\o-neo"
      }
    },
    {
      "source": "sysmon",
      "provider": "Microsoft-Windows-Sysmon",
      "eventId": 1,
      "time": "2026-09-13T21:50:07.3297734Z",
      "recordId": 622126,
      "data": {
        "RuleName": "-",
        "UtcTime": "2026-09-13 21:50:07.311",
        "ProcessGuid": "{66b35fd9-1a8f-6aa7-6339-000000001700}",
        "ProcessId": "8308",
        "Image": "C:\\Windows\\System32\\where.exe",
        "FileVersion": "10.0.26100.1 (WinBuild.160101.0800)",
        "Description": "Where - Lists location of files",
        "Product": "Microsoft� Windows� Operating System",
        "Company": "Microsoft Corporation",
        "OriginalFileName": "where.exe",
        "CommandLine": "\"C:\\WINDOWS\\system32\\where.exe\" py",
        "CurrentDirectory": "C:\\Users\\o-neo\\Documents\\Vip-Gece-Web-Gelistirme\\",
        "User": "DESKTOP-FOEGBB0\\o-neo",
        "LogonGuid": "{66b35fd9-c5ee-6aa6-d395-060000000000}",
        "LogonId": "0x695d3",
        "TerminalSessionId": "1",
        "IntegrityLevel": "Medium",
        "Hashes": "MD5=8066FE09B1F19BA7752896C2FD68B04C,SHA256=F51FAB8041E5023D7290B540A2106F051EF0BD2BC3443C9DAF318628B560FA29,IMPHASH=F264C40E9C5668C813DEE205E3D4D322",
        "ParentProcessGuid": "{66b35fd9-1a82-6aa7-6039-000000001700}",
        "ParentProcessId": "10092",
        "ParentImage": "C:\\Users\\o-neo\\.cache\\codex-runtimes\\codex-primary-runtime\\dependencies\\native\\powershell\\pwsh.exe",
        "ParentCommandLine": "\"C:\\Users\\o-neo\\.cache\\codex-runtimes\\codex-primary-runtime\\dependencies\\native\\powershell\\pwsh.exe\" -NoProfile -Command \"try { [Console]::OutputEncoding=[System.Text.Encoding]::UTF8 } catch {}\n$now = Get-Date\n'USER_CONTEXT_AND_PYTHON_PATHS'\n[pscustomobject]@{CollectedAt=$now.ToString('o');User=[Security.Principal.WindowsIdentity]::GetCurrent().Name} | Format-List\nGet-Command python,python3,py -All -ErrorAction SilentlyContinue | Select-Object Name,CommandType,Source,Path,Version | Format-Table -AutoSize\nwhere.exe python 2>&1\nwhere.exe py 2>&1\n\n'PYTHON_BINARY_METADATA'\n$pythonCandidates = @(\n  'C:\\Tools\\Python313\\python.exe',\n  'C:\\Tools\\Python313\\pythonw.exe',\n  'C:\\Users\\o-neo\\AppData\\Local\\Microsoft\\WindowsApps\\python.exe',\n  'C:\\Users\\o-neo\\AppData\\Local\\Microsoft\\WindowsApps\\python3.exe'\n)\nforeach ($pythonCandidate in $pythonCandidates) {\n  if (Test-Path -LiteralPath $pythonCandidate) {\n    $item = Get-Item -LiteralPath $pythonCandidate\n    [pscustomobject]@{\n      Path = $item.FullName\n      Length = $item.Length\n      CreationTime = $item.CreationTime.ToString('o')\n      LastWriteTime = $item.LastWriteTime.ToString('o')\n      FileVersion = $item.VersionInfo.FileVersion\n      ProductName = $item.VersionInfo.ProductName\n      ProductVersion = $item.VersionInfo.ProductVersion\n      CompanyName = $item.VersionInfo.CompanyName\n      OriginalFilename = $item.VersionInfo.OriginalFilename\n    } | Format-List\n  }\n}\n\n'RELIABILITY_RECORDS_PYTHON'\ntry {\n  Get-CimInstance -ClassName Win32_ReliabilityRecords -ErrorAction Stop |\n    Where-Object { $_.TimeGenerated -ge [datetime]'2026-09-14T00:15:00+03:00' -and ($_.ProductName -match '(?i)python' -or $_.Message -match '(?i)python\\.exe|0xc000070a') } |\n    Select-Object TimeGenerated,SourceName,EventIdentifier,ProductName,RecordNumber,Message |\n    Format-List\n} catch {\n  \\\"RELIABILITY_INACCESSIBLE: $($_.Exception.Message)\\\"\n}\n\n'FRESH_WER_AND_DUMPS'\n$roots = @(\n  'C:\\Users\\o-neo\\AppData\\Local\\Microsoft\\Windows\\WER',\n  'C:\\Users\\o-neo\\AppData\\Local\\CrashDumps',\n  'C:\\ProgramData\\Microsoft\\Windows\\WER\\ReportArchive',\n  'C:\\ProgramData\\Microsoft\\Windows\\WER\\ReportQueue'\n)\nforeach ($rootPath in $roots) {\n  if (Test-Path -LiteralPath $rootPath) {\n    \\\"ROOT $rootPath\\\"\n    try {\n      Get-ChildItem -LiteralPath $rootPath -Recurse -Force -ErrorAction Stop |\n        Where-Object { $_.LastWriteTime -ge [datetime]'2026-09-14T00:15:00+03:00' } |\n        Sort-Object LastWriteTime |\n        Select-Object FullName,Length,CreationTime,LastWriteTime |\n        Format-Table -AutoSize\n    } catch {\n      \\\"WER_ROOT_INACCESSIBLE ${rootPath}: $($_.Exception.Message)\\\"\n    }\n  }\n}\n\n'FRESH_PYTHON_PREFETCH'\n$prefetchRoot = 'C:\\Windows\\Prefetch'\nif (Test-Path -LiteralPath $prefetchRoot) {\n  try {\n    Get-ChildItem -LiteralPath $prefetchRoot -Filter 'PYTHON*.pf' -Force -ErrorAction Stop |\n      Sort-Object LastWriteTime -Descending |\n      Select-Object -First 20 FullName,Length,CreationTime,LastWriteTime |\n      Format-Table -AutoSize\n  } catch {\n    \\\"PREFETCH_INACCESSIBLE: $($_.Exception.Message)\\\"\n  }\n}\"",
        "ParentUser": "DESKTOP-FOEGBB0\\o-neo"
      }
    },
    {
      "source": "sysmon",
      "provider": "Microsoft-Windows-Sysmon",
      "eventId": 1,
      "time": "2026-09-13T21:50:42.9686103Z",
      "recordId": 622144,
      "data": {
        "RuleName": "-",
        "UtcTime": "2026-09-13 21:50:38.681",
        "ProcessGuid": "{66b35fd9-1aae-6aa7-6b39-000000001700}",
        "ProcessId": "2720",
        "Image": "C:\\Users\\o-neo\\.cache\\codex-runtimes\\codex-primary-runtime\\dependencies\\native\\powershell\\pwsh.exe",
        "FileVersion": "7.6.5.500",
        "Description": "PowerShell 7",
        "Product": "PowerShell",
        "Company": "Microsoft Corporation",
        "OriginalFileName": "pwsh.dll",
        "CommandLine": "\"C:\\Users\\o-neo\\.cache\\codex-runtimes\\codex-primary-runtime\\dependencies\\native\\powershell\\pwsh.exe\" -Command \"try { [Console]::OutputEncoding=[System.Text.Encoding]::UTF8 } catch {}\n$excelApp = New-Object -ComObject Excel.Application; $excelApp.Visible = $false; $excelApp.DisplayAlerts = $false; try { $workbook = $excelApp.Workbooks.Open('C:\\Users\\o-neo\\AppData\\Local\\Temp\\btk-kbn.xls', 0, $true); $sheet = $workbook.Worksheets.Item(1); 'sheet=' + $sheet.Name; 'rows=' + $sheet.UsedRange.Rows.Count; 'cols=' + $sheet.UsedRange.Columns.Count; $values = $sheet.UsedRange.Value2; for ($rowIndex = 1; $rowIndex -le [Math]::Min(20,$sheet.UsedRange.Rows.Count); $rowIndex++) { $line = @(); for ($columnIndex = 1; $columnIndex -le $sheet.UsedRange.Columns.Count; $columnIndex++) { $line += [string]$values[$rowIndex,$columnIndex] }; $line -join ' | ' }; $workbook.Close($false) } catch { 'ERROR=' + $_.Exception.ToString() } finally { $excelApp.Quit(); [Runtime.InteropServices.Marshal]::ReleaseComObject($excelApp) | Out-Null }\"",
        "CurrentDirectory": "C:\\Users\\o-neo\\Documents\\Vip-Gece-Web-Gelistirme\\",
        "User": "DESKTOP-FOEGBB0\\o-neo",
        "LogonGuid": "{66b35fd9-c5ee-6aa6-d395-060000000000}",
        "LogonId": "0x695d3",
        "TerminalSessionId": "1",
        "IntegrityLevel": "Medium",
        "Hashes": "MD5=900E13C7C07D7C3F949913452D81B208,SHA256=362A356CE7F0940EC74F73A8FC2C990A2CC24A38A11C90BBD8ECA947110AD139,IMPHASH=53E4E12437621212A425D294842D0A96",
        "ParentProcessGuid": "{66b35fd9-ee3a-6aa6-231e-000000001700}",
        "ParentProcessId": "11556",
        "ParentImage": "C:\\Users\\o-neo\\AppData\\Local\\OpenAI\\Codex\\bin\\bffc5354119c8421\\codex.exe",
        "ParentCommandLine": "C:\\Users\\o-neo\\AppData\\Local\\OpenAI\\Codex\\bin\\bffc5354119c8421\\codex.exe -c features.code_mode_host=true app-server --analytics-default-enabled -c plugins.codex-app-tools@openai-bundled.mcp_servers.codex_app.enabled=true",
        "ParentUser": "DESKTOP-FOEGBB0\\o-neo"
      }
    },
    {
      "source": "sysmon",
      "provider": "Microsoft-Windows-Sysmon",
      "eventId": 1,
      "time": "2026-09-13T21:53:43.2365061Z",
      "recordId": 622267,
      "data": {
        "RuleName": "-",
        "UtcTime": "2026-09-13 21:53:43.196",
        "ProcessGuid": "{66b35fd9-1b67-6aa7-b639-000000001700}",
        "ProcessId": "13044",
        "Image": "C:\\Windows\\System32\\cmd.exe",
        "FileVersion": "10.0.26100.9278 (WinBuild.160101.0800)",
        "Description": "Windows Command Processor",
        "Product": "Microsoft� Windows� Operating System",
        "Company": "Microsoft Corporation",
        "OriginalFileName": "Cmd.Exe",
        "CommandLine": "C:\\WINDOWS\\system32\\cmd.exe /d /s /c \"echo %%TEMP%%\"",
        "CurrentDirectory": "C:\\",
        "User": "DESKTOP-FOEGBB0\\o-neo",
        "LogonGuid": "{66b35fd9-c5ee-6aa6-d395-060000000000}",
        "LogonId": "0x695d3",
        "TerminalSessionId": "1",
        "IntegrityLevel": "Medium",
        "Hashes": "MD5=CE396564392FAFAAD5C07A5E2DADE4E6,SHA256=97AC98B1A92C286054CCE55239CFCCDFC23A5517BD07FE693072C9CA96C7DABB,IMPHASH=010B165E4C37F484601D3DBD700C9423",
        "ParentProcessGuid": "{66b35fd9-ee27-6aa6-131e-000000001700}",
        "ParentProcessId": "488",
        "ParentImage": "C:\\Program Files\\WindowsApps\\OpenAI.Codex_26.908.4834.0_x64__2p2nqsd0c76g0\\app\\ChatGPT.exe",
        "ParentCommandLine": "\"C:\\Program Files\\WindowsApps\\OpenAI.Codex_26.908.4834.0_x64__2p2nqsd0c76g0\\app\\ChatGPT.exe\"",
        "ParentUser": "DESKTOP-FOEGBB0\\o-neo"
      }
    },
    {
      "source": "sysmon",
      "provider": "Microsoft-Windows-Sysmon",
      "eventId": 1,
      "time": "2026-09-13T21:53:49.3697427Z",
      "recordId": 622315,
      "data": {
        "RuleName": "-",
        "UtcTime": "2026-09-13 21:53:49.341",
        "ProcessGuid": "{66b35fd9-1b6d-6aa7-d939-000000001700}",
        "ProcessId": "12860",
        "Image": "C:\\Windows\\System32\\cmd.exe",
        "FileVersion": "10.0.26100.9278 (WinBuild.160101.0800)",
        "Description": "Windows Command Processor",
        "Product": "Microsoft� Windows� Operating System",
        "Company": "Microsoft Corporation",
        "OriginalFileName": "Cmd.Exe",
        "CommandLine": "C:\\WINDOWS\\system32\\cmd.exe /d /s /c \"echo %%TEMP%%\"",
        "CurrentDirectory": "C:\\",
        "User": "DESKTOP-FOEGBB0\\o-neo",
        "LogonGuid": "{66b35fd9-c5ee-6aa6-d395-060000000000}",
        "LogonId": "0x695d3",
        "TerminalSessionId": "1",
        "IntegrityLevel": "Medium",
        "Hashes": "MD5=CE396564392FAFAAD5C07A5E2DADE4E6,SHA256=97AC98B1A92C286054CCE55239CFCCDFC23A5517BD07FE693072C9CA96C7DABB,IMPHASH=010B165E4C37F484601D3DBD700C9423",
        "ParentProcessGuid": "{66b35fd9-ee27-6aa6-131e-000000001700}",
        "ParentProcessId": "488",
        "ParentImage": "C:\\Program Files\\WindowsApps\\OpenAI.Codex_26.908.4834.0_x64__2p2nqsd0c76g0\\app\\ChatGPT.exe",
        "ParentCommandLine": "\"C:\\Program Files\\WindowsApps\\OpenAI.Codex_26.908.4834.0_x64__2p2nqsd0c76g0\\app\\ChatGPT.exe\"",
        "ParentUser": "DESKTOP-FOEGBB0\\o-neo"
      }
    },
    {
      "source": "sysmon",
      "provider": "Microsoft-Windows-Sysmon",
      "eventId": 1,
      "time": "2026-09-13T21:56:44.3420284Z",
      "recordId": 622431,
      "data": {
        "RuleName": "-",
        "UtcTime": "2026-09-13 21:56:44.230",
        "ProcessGuid": "{66b35fd9-1c1c-6aa7-043a-000000001700}",
        "ProcessId": "12776",
        "Image": "C:\\Windows\\System32\\cmd.exe",
        "FileVersion": "10.0.26100.9278 (WinBuild.160101.0800)",
        "Description": "Windows Command Processor",
        "Product": "Microsoft� Windows� Operating System",
        "Company": "Microsoft Corporation",
        "OriginalFileName": "Cmd.Exe",
        "CommandLine": "C:\\WINDOWS\\system32\\cmd.exe /c whoami",
        "CurrentDirectory": "C:\\Users\\o-neo\\Documents\\Vip-Gece-Web-Gelistirme\\",
        "User": "DESKTOP-FOEGBB0\\CodexSandboxOffline",
        "LogonGuid": "{66b35fd9-1c1b-6aa7-d731-ac0300000000}",
        "LogonId": "0x3ac31d7",
        "TerminalSessionId": "1",
        "IntegrityLevel": "Medium",
        "Hashes": "MD5=CE396564392FAFAAD5C07A5E2DADE4E6,SHA256=97AC98B1A92C286054CCE55239CFCCDFC23A5517BD07FE693072C9CA96C7DABB,IMPHASH=010B165E4C37F484601D3DBD700C9423",
        "ParentProcessGuid": "{66b35fd9-1c1b-6aa7-033a-000000001700}",
        "ParentProcessId": "5724",
        "ParentImage": "C:\\Users\\o-neo\\.codex\\.sandbox-bin\\codex-command-runner-0.154.0-alpha.6.2.exe",
        "ParentCommandLine": "C:\\Users\\o-neo\\.codex\\.sandbox-bin\\codex-command-runner-0.154.0-alpha.6.2.exe --pipe-in=\\\\.\\pipe\\codex-runner-4528d3353413eaa72de726d67da62aac-in --pipe-out=\\\\.\\pipe\\codex-runner-4528d3353413eaa72de726d67da62aac-out",
        "ParentUser": "DESKTOP-FOEGBB0\\CodexSandboxOffline"
      }
    },
    {
      "source": "sysmon",
      "provider": "Microsoft-Windows-Sysmon",
      "eventId": 1,
      "time": "2026-09-13T21:56:44.9715681Z",
      "recordId": 622432,
      "data": {
        "RuleName": "-",
        "UtcTime": "2026-09-13 21:56:44.923",
        "ProcessGuid": "{66b35fd9-1c1c-6aa7-063a-000000001700}",
        "ProcessId": "4304",
        "Image": "C:\\Windows\\System32\\whoami.exe",
        "FileVersion": "10.0.26100.1882 (WinBuild.160101.0800)",
        "Description": "whoami - displays logged on user information",
        "Product": "Microsoft� Windows� Operating System",
        "Company": "Microsoft Corporation",
        "OriginalFileName": "whoami.exe",
        "CommandLine": "whoami",
        "CurrentDirectory": "C:\\Users\\o-neo\\Documents\\Vip-Gece-Web-Gelistirme\\",
        "User": "DESKTOP-FOEGBB0\\CodexSandboxOffline",
        "LogonGuid": "{66b35fd9-1c1b-6aa7-d731-ac0300000000}",
        "LogonId": "0x3ac31d7",
        "TerminalSessionId": "1",
        "IntegrityLevel": "Medium",
        "Hashes": "MD5=956692DADC5B2CEB46E9219F7A5BEFFA,SHA256=23240EF9F8B0A9A324110B1C2331DE31DC1B0E08F5359CB707E51A939AF56CD3,IMPHASH=E4464BCD92DF7AC69CCD074CB9C0EFED",
        "ParentProcessGuid": "{66b35fd9-1c1c-6aa7-043a-000000001700}",
        "ParentProcessId": "12776",
        "ParentImage": "C:\\Windows\\System32\\cmd.exe",
        "ParentCommandLine": "C:\\WINDOWS\\system32\\cmd.exe /c whoami",
        "ParentUser": "DESKTOP-FOEGBB0\\CodexSandboxOffline"
      }
    },
    {
      "source": "sysmon",
      "provider": "Microsoft-Windows-Sysmon",
      "eventId": 1,
      "time": "2026-09-13T21:56:55.1879778Z",
      "recordId": 622442,
      "data": {
        "RuleName": "-",
        "UtcTime": "2026-09-13 21:56:55.039",
        "ProcessGuid": "{66b35fd9-1c27-6aa7-0b3a-000000001700}",
        "ProcessId": "11932",
        "Image": "C:\\Windows\\System32\\cmd.exe",
        "FileVersion": "10.0.26100.9278 (WinBuild.160101.0800)",
        "Description": "Windows Command Processor",
        "Product": "Microsoft� Windows� Operating System",
        "Company": "Microsoft Corporation",
        "OriginalFileName": "Cmd.Exe",
        "CommandLine": "C:\\WINDOWS\\system32\\cmd.exe /c \"powershell.exe -NoLogo -NoProfile -NonInteractive -Command \\\"Get-ChildItem -LiteralPath 'C:\\Tools\\Python313' -Force | Select-Object Name,Length,LastWriteTime,Attributes | Format-Table -AutoSize\\\"\"",
        "CurrentDirectory": "C:\\Users\\o-neo\\Documents\\Vip-Gece-Web-Gelistirme\\",
        "User": "DESKTOP-FOEGBB0\\CodexSandboxOffline",
        "LogonGuid": "{66b35fd9-1c26-6aa7-d597-ac0300000000}",
        "LogonId": "0x3ac97d5",
        "TerminalSessionId": "1",
        "IntegrityLevel": "Medium",
        "Hashes": "MD5=CE396564392FAFAAD5C07A5E2DADE4E6,SHA256=97AC98B1A92C286054CCE55239CFCCDFC23A5517BD07FE693072C9CA96C7DABB,IMPHASH=010B165E4C37F484601D3DBD700C9423",
        "ParentProcessGuid": "{66b35fd9-1c26-6aa7-0a3a-000000001700}",
        "ParentProcessId": "1340",
        "ParentImage": "C:\\Users\\o-neo\\.codex\\.sandbox-bin\\codex-command-runner-0.154.0-alpha.6.2.exe",
        "ParentCommandLine": "C:\\Users\\o-neo\\.codex\\.sandbox-bin\\codex-command-runner-0.154.0-alpha.6.2.exe --pipe-in=\\\\.\\pipe\\codex-runner-8bdf05bfe1984eafc79460e630d48239-in --pipe-out=\\\\.\\pipe\\codex-runner-8bdf05bfe1984eafc79460e630d48239-out",
        "ParentUser": "DESKTOP-FOEGBB0\\CodexSandboxOffline"
      }
    },
    {
      "source": "sysmon",
      "provider": "Microsoft-Windows-Sysmon",
      "eventId": 1,
      "time": "2026-09-13T21:56:55.4536179Z",
      "recordId": 622443,
      "data": {
        "RuleName": "-",
        "UtcTime": "2026-09-13 21:56:55.366",
        "ProcessGuid": "{66b35fd9-1c27-6aa7-0d3a-000000001700}",
        "ProcessId": "6888",
        "Image": "C:\\Windows\\System32\\WindowsPowerShell\\v1.0\\powershell.exe",
        "FileVersion": "10.0.26100.9278 (WinBuild.160101.0800)",
        "Description": "Windows PowerShell",
        "Product": "Microsoft� Windows� Operating System",
        "Company": "Microsoft Corporation",
        "OriginalFileName": "PowerShell.EXE",
        "CommandLine": "powershell.exe  -NoLogo -NoProfile -NonInteractive -Command \\\"Get-ChildItem -LiteralPath 'C:\\Tools\\Python313' -Force | Select-Object Name,Length,LastWriteTime,Attributes | Format-Table -AutoSize\\\"",
        "CurrentDirectory": "C:\\Users\\o-neo\\Documents\\Vip-Gece-Web-Gelistirme\\",
        "User": "DESKTOP-FOEGBB0\\CodexSandboxOffline",
        "LogonGuid": "{66b35fd9-1c26-6aa7-d597-ac0300000000}",
        "LogonId": "0x3ac97d5",
        "TerminalSessionId": "1",
        "IntegrityLevel": "Medium",
        "Hashes": "MD5=61F649A6FDC374A6BF36C860519E017C,SHA256=8BB6FA8C283B4D92120B1EF249A9B311B0F804D4CABBE9981159976C8BE76A5E,IMPHASH=2F87CE4617F593D7148B739BBF06D059",
        "ParentProcessGuid": "{66b35fd9-1c27-6aa7-0b3a-000000001700}",
        "ParentProcessId": "11932",
        "ParentImage": "C:\\Windows\\System32\\cmd.exe",
        "ParentCommandLine": "C:\\WINDOWS\\system32\\cmd.exe /c \"powershell.exe -NoLogo -NoProfile -NonInteractive -Command \\\"Get-ChildItem -LiteralPath 'C:\\Tools\\Python313' -Force | Select-Object Name,Length,LastWriteTime,Attributes | Format-Table -AutoSize\\\"\"",
        "ParentUser": "DESKTOP-FOEGBB0\\CodexSandboxOffline"
      }
    },
    {
      "source": "sysmon",
      "provider": "Microsoft-Windows-Sysmon",
      "eventId": 1,
      "time": "2026-09-13T21:57:44.8803614Z",
      "recordId": 622461,
      "data": {
        "RuleName": "-",
        "UtcTime": "2026-09-13 21:57:44.647",
        "ProcessGuid": "{66b35fd9-1c58-6aa7-113a-000000001700}",
        "ProcessId": "11260",
        "Image": "C:\\Windows\\System32\\cmd.exe",
        "FileVersion": "10.0.26100.9278 (WinBuild.160101.0800)",
        "Description": "Windows Command Processor",
        "Product": "Microsoft� Windows� Operating System",
        "Company": "Microsoft Corporation",
        "OriginalFileName": "Cmd.Exe",
        "CommandLine": "\"C:\\WINDOWS\\system32\\cmd.exe\" /c \"tasklist /FI \\\"IMAGENAME eq node.exe\\\" /FO CSV /NH\"",
        "CurrentDirectory": "C:\\Users\\o-neo\\Documents\\Vip-Gece-Web-Gelistirme\\",
        "User": "DESKTOP-FOEGBB0\\o-neo",
        "LogonGuid": "{66b35fd9-c5ee-6aa6-d395-060000000000}",
        "LogonId": "0x695d3",
        "TerminalSessionId": "1",
        "IntegrityLevel": "Medium",
        "Hashes": "MD5=CE396564392FAFAAD5C07A5E2DADE4E6,SHA256=97AC98B1A92C286054CCE55239CFCCDFC23A5517BD07FE693072C9CA96C7DABB,IMPHASH=010B165E4C37F484601D3DBD700C9423",
        "ParentProcessGuid": "{66b35fd9-ee3a-6aa6-231e-000000001700}",
        "ParentProcessId": "11556",
        "ParentImage": "C:\\Users\\o-neo\\AppData\\Local\\OpenAI\\Codex\\bin\\bffc5354119c8421\\codex.exe",
        "ParentCommandLine": "C:\\Users\\o-neo\\AppData\\Local\\OpenAI\\Codex\\bin\\bffc5354119c8421\\codex.exe -c features.code_mode_host=true app-server --analytics-default-enabled -c plugins.codex-app-tools@openai-bundled.mcp_servers.codex_app.enabled=true",
        "ParentUser": "DESKTOP-FOEGBB0\\o-neo"
      }
    },
    {
      "source": "sysmon",
      "provider": "Microsoft-Windows-Sysmon",
      "eventId": 1,
      "time": "2026-09-13T21:57:45.1078743Z",
      "recordId": 622462,
      "data": {
        "RuleName": "-",
        "UtcTime": "2026-09-13 21:57:45.071",
        "ProcessGuid": "{66b35fd9-1c59-6aa7-133a-000000001700}",
        "ProcessId": "6448",
        "Image": "C:\\Windows\\System32\\tasklist.exe",
        "FileVersion": "10.0.26100.1 (WinBuild.160101.0800)",
        "Description": "Lists the current running tasks",
        "Product": "Microsoft� Windows� Operating System",
        "Company": "Microsoft Corporation",
        "OriginalFileName": "tasklist.exe",
        "CommandLine": "tasklist  /FI \\\"IMAGENAME eq node.exe\\\" /FO CSV /NH",
        "CurrentDirectory": "C:\\Users\\o-neo\\Documents\\Vip-Gece-Web-Gelistirme\\",
        "User": "DESKTOP-FOEGBB0\\o-neo",
        "LogonGuid": "{66b35fd9-c5ee-6aa6-d395-060000000000}",
        "LogonId": "0x695d3",
        "TerminalSessionId": "1",
        "IntegrityLevel": "Medium",
        "Hashes": "MD5=8ADD46C82B40A6F635F1406CF28DABA1,SHA256=62800679C55682F2F5F38B3DF9080D12480BEA78B5B8476EACE9DF014F353B14,IMPHASH=1EC449474B2F8125DB72AC9B593E4CA6",
        "ParentProcessGuid": "{66b35fd9-1c58-6aa7-113a-000000001700}",
        "ParentProcessId": "11260",
        "ParentImage": "C:\\Windows\\System32\\cmd.exe",
        "ParentCommandLine": "\"C:\\WINDOWS\\system32\\cmd.exe\" /c \"tasklist /FI \\\"IMAGENAME eq node.exe\\\" /FO CSV /NH\"",
        "ParentUser": "DESKTOP-FOEGBB0\\o-neo"
      }
    },
    {
      "source": "sysmon",
      "provider": "Microsoft-Windows-Sysmon",
      "eventId": 1,
      "time": "2026-09-13T21:57:46.4790825Z",
      "recordId": 622467,
      "data": {
        "RuleName": "-",
        "UtcTime": "2026-09-13 21:57:46.410",
        "ProcessGuid": "{66b35fd9-1c5a-6aa7-153a-000000001700}",
        "ProcessId": "9492",
        "Image": "C:\\Windows\\System32\\cmd.exe",
        "FileVersion": "10.0.26100.9278 (WinBuild.160101.0800)",
        "Description": "Windows Command Processor",
        "Product": "Microsoft� Windows� Operating System",
        "Company": "Microsoft Corporation",
        "OriginalFileName": "Cmd.Exe",
        "CommandLine": "C:\\WINDOWS\\system32\\cmd.exe /c \"dir /a \\\"C:\\Tools\\Python313\\\"\"",
        "CurrentDirectory": "C:\\Users\\o-neo\\Documents\\Vip-Gece-Web-Gelistirme\\",
        "User": "DESKTOP-FOEGBB0\\CodexSandboxOffline",
        "LogonGuid": "{66b35fd9-1c5a-6aa7-fe57-ad0300000000}",
        "LogonId": "0x3ad57fe",
        "TerminalSessionId": "1",
        "IntegrityLevel": "Medium",
        "Hashes": "MD5=CE396564392FAFAAD5C07A5E2DADE4E6,SHA256=97AC98B1A92C286054CCE55239CFCCDFC23A5517BD07FE693072C9CA96C7DABB,IMPHASH=010B165E4C37F484601D3DBD700C9423",
        "ParentProcessGuid": "{66b35fd9-1c5a-6aa7-143a-000000001700}",
        "ParentProcessId": "11448",
        "ParentImage": "C:\\Users\\o-neo\\.codex\\.sandbox-bin\\codex-command-runner-0.154.0-alpha.6.2.exe",
        "ParentCommandLine": "C:\\Users\\o-neo\\.codex\\.sandbox-bin\\codex-command-runner-0.154.0-alpha.6.2.exe --pipe-in=\\\\.\\pipe\\codex-runner-91929b210d3e23c44288a6c8041c6363-in --pipe-out=\\\\.\\pipe\\codex-runner-91929b210d3e23c44288a6c8041c6363-out",
        "ParentUser": "DESKTOP-FOEGBB0\\CodexSandboxOffline"
      }
    },
    {
      "source": "sysmon",
      "provider": "Microsoft-Windows-Sysmon",
      "eventId": 1,
      "time": "2026-09-13T21:58:12.5615755Z",
      "recordId": 622492,
      "data": {
        "RuleName": "-",
        "UtcTime": "2026-09-13 21:58:12.470",
        "ProcessGuid": "{66b35fd9-1c74-6aa7-233a-000000001700}",
        "ProcessId": "10628",
        "Image": "C:\\Windows\\System32\\cmd.exe",
        "FileVersion": "10.0.26100.9278 (WinBuild.160101.0800)",
        "Description": "Windows Command Processor",
        "Product": "Microsoft� Windows� Operating System",
        "Company": "Microsoft Corporation",
        "OriginalFileName": "Cmd.Exe",
        "CommandLine": "C:\\WINDOWS\\system32\\cmd.exe /c \"dir C:\\Tools\\Python313\"",
        "CurrentDirectory": "C:\\Users\\o-neo\\Documents\\Vip-Gece-Web-Gelistirme\\",
        "User": "DESKTOP-FOEGBB0\\CodexSandboxOffline",
        "LogonGuid": "{66b35fd9-1c74-6aa7-ac2f-ae0300000000}",
        "LogonId": "0x3ae2fac",
        "TerminalSessionId": "1",
        "IntegrityLevel": "Medium",
        "Hashes": "MD5=CE396564392FAFAAD5C07A5E2DADE4E6,SHA256=97AC98B1A92C286054CCE55239CFCCDFC23A5517BD07FE693072C9CA96C7DABB,IMPHASH=010B165E4C37F484601D3DBD700C9423",
        "ParentProcessGuid": "{66b35fd9-1c74-6aa7-223a-000000001700}",
        "ParentProcessId": "11816",
        "ParentImage": "C:\\Users\\o-neo\\.codex\\.sandbox-bin\\codex-command-runner-0.154.0-alpha.6.2.exe",
        "ParentCommandLine": "C:\\Users\\o-neo\\.codex\\.sandbox-bin\\codex-command-runner-0.154.0-alpha.6.2.exe --pipe-in=\\\\.\\pipe\\codex-runner-8b0aaaebf30d85ea50f977d8f4e494d2-in --pipe-out=\\\\.\\pipe\\codex-runner-8b0aaaebf30d85ea50f977d8f4e494d2-out",
        "ParentUser": "DESKTOP-FOEGBB0\\CodexSandboxOffline"
      }
    },
    {
      "source": "sysmon",
      "provider": "Microsoft-Windows-Sysmon",
      "eventId": 1,
      "time": "2026-09-13T21:58:26.9454554Z",
      "recordId": 622502,
      "data": {
        "RuleName": "-",
        "UtcTime": "2026-09-13 21:58:23.331",
        "ProcessGuid": "{66b35fd9-1c7f-6aa7-293a-000000001700}",
        "ProcessId": "13204",
        "Image": "C:\\Windows\\System32\\cmd.exe",
        "FileVersion": "10.0.26100.9278 (WinBuild.160101.0800)",
        "Description": "Windows Command Processor",
        "Product": "Microsoft� Windows� Operating System",
        "Company": "Microsoft Corporation",
        "OriginalFileName": "Cmd.Exe",
        "CommandLine": "C:\\WINDOWS\\system32\\cmd.exe /c \"where powershell.exe & where pwsh.exe & tasklist /FI \\\"IMAGENAME eq powershell.exe\\\" & tasklist /FI \\\"IMAGENAME eq pwsh.exe\\\"\"",
        "CurrentDirectory": "C:\\Users\\o-neo\\Documents\\Vip-Gece-Web-Gelistirme\\",
        "User": "DESKTOP-FOEGBB0\\CodexSandboxOffline",
        "LogonGuid": "{66b35fd9-1c7f-6aa7-0697-ae0300000000}",
        "LogonId": "0x3ae9706",
        "TerminalSessionId": "1",
        "IntegrityLevel": "Medium",
        "Hashes": "MD5=CE396564392FAFAAD5C07A5E2DADE4E6,SHA256=97AC98B1A92C286054CCE55239CFCCDFC23A5517BD07FE693072C9CA96C7DABB,IMPHASH=010B165E4C37F484601D3DBD700C9423",
        "ParentProcessGuid": "{66b35fd9-1c7f-6aa7-283a-000000001700}",
        "ParentProcessId": "12240",
        "ParentImage": "C:\\Users\\o-neo\\.codex\\.sandbox-bin\\codex-command-runner-0.154.0-alpha.6.2.exe",
        "ParentCommandLine": "C:\\Users\\o-neo\\.codex\\.sandbox-bin\\codex-command-runner-0.154.0-alpha.6.2.exe --pipe-in=\\\\.\\pipe\\codex-runner-e86d8cc8730ed10ed54c4c78a61c38d8-in --pipe-out=\\\\.\\pipe\\codex-runner-e86d8cc8730ed10ed54c4c78a61c38d8-out",
        "ParentUser": "DESKTOP-FOEGBB0\\CodexSandboxOffline"
      }
    },
    {
      "source": "sysmon",
      "provider": "Microsoft-Windows-Sysmon",
      "eventId": 1,
      "time": "2026-09-13T21:58:27.1556864Z",
      "recordId": 622503,
      "data": {
        "RuleName": "-",
        "UtcTime": "2026-09-13 21:58:27.120",
        "ProcessGuid": "{66b35fd9-1c83-6aa7-2c3a-000000001700}",
        "ProcessId": "12512",
        "Image": "C:\\Windows\\System32\\where.exe",
        "FileVersion": "10.0.26100.1 (WinBuild.160101.0800)",
        "Description": "Where - Lists location of files",
        "Product": "Microsoft� Windows� Operating System",
        "Company": "Microsoft Corporation",
        "OriginalFileName": "where.exe",
        "CommandLine": "where  powershell.exe",
        "CurrentDirectory": "C:\\Users\\o-neo\\Documents\\Vip-Gece-Web-Gelistirme\\",
        "User": "DESKTOP-FOEGBB0\\CodexSandboxOffline",
        "LogonGuid": "{66b35fd9-1c7f-6aa7-0697-ae0300000000}",
        "LogonId": "0x3ae9706",
        "TerminalSessionId": "1",
        "IntegrityLevel": "Medium",
        "Hashes": "MD5=8066FE09B1F19BA7752896C2FD68B04C,SHA256=F51FAB8041E5023D7290B540A2106F051EF0BD2BC3443C9DAF318628B560FA29,IMPHASH=F264C40E9C5668C813DEE205E3D4D322",
        "ParentProcessGuid": "{66b35fd9-1c7f-6aa7-293a-000000001700}",
        "ParentProcessId": "13204",
        "ParentImage": "C:\\Windows\\System32\\cmd.exe",
        "ParentCommandLine": "C:\\WINDOWS\\system32\\cmd.exe /c \"where powershell.exe & where pwsh.exe & tasklist /FI \\\"IMAGENAME eq powershell.exe\\\" & tasklist /FI \\\"IMAGENAME eq pwsh.exe\\\"\"",
        "ParentUser": "DESKTOP-FOEGBB0\\CodexSandboxOffline"
      }
    },
    {
      "source": "sysmon",
      "provider": "Microsoft-Windows-Sysmon",
      "eventId": 1,
      "time": "2026-09-13T21:58:28.2008587Z",
      "recordId": 622504,
      "data": {
        "RuleName": "-",
        "UtcTime": "2026-09-13 21:58:28.188",
        "ProcessGuid": "{66b35fd9-1c84-6aa7-2d3a-000000001700}",
        "ProcessId": "12472",
        "Image": "C:\\Windows\\System32\\where.exe",
        "FileVersion": "10.0.26100.1 (WinBuild.160101.0800)",
        "Description": "Where - Lists location of files",
        "Product": "Microsoft� Windows� Operating System",
        "Company": "Microsoft Corporation",
        "OriginalFileName": "where.exe",
        "CommandLine": "where  pwsh.exe",
        "CurrentDirectory": "C:\\Users\\o-neo\\Documents\\Vip-Gece-Web-Gelistirme\\",
        "User": "DESKTOP-FOEGBB0\\CodexSandboxOffline",
        "LogonGuid": "{66b35fd9-1c7f-6aa7-0697-ae0300000000}",
        "LogonId": "0x3ae9706",
        "TerminalSessionId": "1",
        "IntegrityLevel": "Medium",
        "Hashes": "MD5=8066FE09B1F19BA7752896C2FD68B04C,SHA256=F51FAB8041E5023D7290B540A2106F051EF0BD2BC3443C9DAF318628B560FA29,IMPHASH=F264C40E9C5668C813DEE205E3D4D322",
        "ParentProcessGuid": "{66b35fd9-1c7f-6aa7-293a-000000001700}",
        "ParentProcessId": "13204",
        "ParentImage": "C:\\Windows\\System32\\cmd.exe",
        "ParentCommandLine": "C:\\WINDOWS\\system32\\cmd.exe /c \"where powershell.exe & where pwsh.exe & tasklist /FI \\\"IMAGENAME eq powershell.exe\\\" & tasklist /FI \\\"IMAGENAME eq pwsh.exe\\\"\"",
        "ParentUser": "DESKTOP-FOEGBB0\\CodexSandboxOffline"
      }
    },
    {
      "source": "sysmon",
      "provider": "Microsoft-Windows-Sysmon",
      "eventId": 1,
      "time": "2026-09-13T21:58:28.3921363Z",
      "recordId": 622505,
      "data": {
        "RuleName": "-",
        "UtcTime": "2026-09-13 21:58:28.368",
        "ProcessGuid": "{66b35fd9-1c84-6aa7-2e3a-000000001700}",
        "ProcessId": "3268",
        "Image": "C:\\Windows\\System32\\tasklist.exe",
        "FileVersion": "10.0.26100.1 (WinBuild.160101.0800)",
        "Description": "Lists the current running tasks",
        "Product": "Microsoft� Windows� Operating System",
        "Company": "Microsoft Corporation",
        "OriginalFileName": "tasklist.exe",
        "CommandLine": "tasklist  /FI \\\"IMAGENAME eq powershell.exe\\\"",
        "CurrentDirectory": "C:\\Users\\o-neo\\Documents\\Vip-Gece-Web-Gelistirme\\",
        "User": "DESKTOP-FOEGBB0\\CodexSandboxOffline",
        "LogonGuid": "{66b35fd9-1c7f-6aa7-0697-ae0300000000}",
        "LogonId": "0x3ae9706",
        "TerminalSessionId": "1",
        "IntegrityLevel": "Medium",
        "Hashes": "MD5=8ADD46C82B40A6F635F1406CF28DABA1,SHA256=62800679C55682F2F5F38B3DF9080D12480BEA78B5B8476EACE9DF014F353B14,IMPHASH=1EC449474B2F8125DB72AC9B593E4CA6",
        "ParentProcessGuid": "{66b35fd9-1c7f-6aa7-293a-000000001700}",
        "ParentProcessId": "13204",
        "ParentImage": "C:\\Windows\\System32\\cmd.exe",
        "ParentCommandLine": "C:\\WINDOWS\\system32\\cmd.exe /c \"where powershell.exe & where pwsh.exe & tasklist /FI \\\"IMAGENAME eq powershell.exe\\\" & tasklist /FI \\\"IMAGENAME eq pwsh.exe\\\"\"",
        "ParentUser": "DESKTOP-FOEGBB0\\CodexSandboxOffline"
      }
    },
    {
      "source": "sysmon",
      "provider": "Microsoft-Windows-Sysmon",
      "eventId": 1,
      "time": "2026-09-13T21:58:28.9088989Z",
      "recordId": 622506,
      "data": {
        "RuleName": "-",
        "UtcTime": "2026-09-13 21:58:28.601",
        "ProcessGuid": "{66b35fd9-1c84-6aa7-2f3a-000000001700}",
        "ProcessId": "2764",
        "Image": "C:\\Windows\\System32\\tasklist.exe",
        "FileVersion": "10.0.26100.1 (WinBuild.160101.0800)",
        "Description": "Lists the current running tasks",
        "Product": "Microsoft� Windows� Operating System",
        "Company": "Microsoft Corporation",
        "OriginalFileName": "tasklist.exe",
        "CommandLine": "tasklist  /FI \\\"IMAGENAME eq pwsh.exe\\\"",
        "CurrentDirectory": "C:\\Users\\o-neo\\Documents\\Vip-Gece-Web-Gelistirme\\",
        "User": "DESKTOP-FOEGBB0\\CodexSandboxOffline",
        "LogonGuid": "{66b35fd9-1c7f-6aa7-0697-ae0300000000}",
        "LogonId": "0x3ae9706",
        "TerminalSessionId": "1",
        "IntegrityLevel": "Medium",
        "Hashes": "MD5=8ADD46C82B40A6F635F1406CF28DABA1,SHA256=62800679C55682F2F5F38B3DF9080D12480BEA78B5B8476EACE9DF014F353B14,IMPHASH=1EC449474B2F8125DB72AC9B593E4CA6",
        "ParentProcessGuid": "{66b35fd9-1c7f-6aa7-293a-000000001700}",
        "ParentProcessId": "13204",
        "ParentImage": "C:\\Windows\\System32\\cmd.exe",
        "ParentCommandLine": "C:\\WINDOWS\\system32\\cmd.exe /c \"where powershell.exe & where pwsh.exe & tasklist /FI \\\"IMAGENAME eq powershell.exe\\\" & tasklist /FI \\\"IMAGENAME eq pwsh.exe\\\"\"",
        "ParentUser": "DESKTOP-FOEGBB0\\CodexSandboxOffline"
      }
    },
    {
      "source": "sysmon",
      "provider": "Microsoft-Windows-Sysmon",
      "eventId": 1,
      "time": "2026-09-13T21:58:40.0679763Z",
      "recordId": 622518,
      "data": {
        "RuleName": "-",
        "UtcTime": "2026-09-13 21:58:35.048",
        "ProcessGuid": "{66b35fd9-1c8b-6aa7-343a-000000001700}",
        "ProcessId": "11908",
        "Image": "C:\\Windows\\System32\\cmd.exe",
        "FileVersion": "10.0.26100.9278 (WinBuild.160101.0800)",
        "Description": "Windows Command Processor",
        "Product": "Microsoft� Windows� Operating System",
        "Company": "Microsoft Corporation",
        "OriginalFileName": "Cmd.Exe",
        "CommandLine": "C:\\WINDOWS\\system32\\cmd.exe /c \"C:\\Users\\o-neo\\.cache\\codex-runtimes\\codex-primary-runtime\\dependencies\\native\\powershell\\pwsh.exe -NoLogo -NoProfile -NonInteractive -Command \\\"$PSVersionTable.PSVersion.ToString()\\\"\"",
        "CurrentDirectory": "C:\\Users\\o-neo\\Documents\\Vip-Gece-Web-Gelistirme\\",
        "User": "DESKTOP-FOEGBB0\\CodexSandboxOffline",
        "LogonGuid": "{66b35fd9-1c8a-6aa7-e70c-af0300000000}",
        "LogonId": "0x3af0ce7",
        "TerminalSessionId": "1",
        "IntegrityLevel": "Medium",
        "Hashes": "MD5=CE396564392FAFAAD5C07A5E2DADE4E6,SHA256=97AC98B1A92C286054CCE55239CFCCDFC23A5517BD07FE693072C9CA96C7DABB,IMPHASH=010B165E4C37F484601D3DBD700C9423",
        "ParentProcessGuid": "{66b35fd9-1c8a-6aa7-333a-000000001700}",
        "ParentProcessId": "5336",
        "ParentImage": "C:\\Users\\o-neo\\.codex\\.sandbox-bin\\codex-command-runner-0.154.0-alpha.6.2.exe",
        "ParentCommandLine": "C:\\Users\\o-neo\\.codex\\.sandbox-bin\\codex-command-runner-0.154.0-alpha.6.2.exe --pipe-in=\\\\.\\pipe\\codex-runner-edf47c35e33b3d9c80f0b88fff6ced47-in --pipe-out=\\\\.\\pipe\\codex-runner-edf47c35e33b3d9c80f0b88fff6ced47-out",
        "ParentUser": "DESKTOP-FOEGBB0\\CodexSandboxOffline"
      }
    },
    {
      "source": "sysmon",
      "provider": "Microsoft-Windows-Sysmon",
      "eventId": 1,
      "time": "2026-09-13T21:58:40.3277995Z",
      "recordId": 622519,
      "data": {
        "RuleName": "-",
        "UtcTime": "2026-09-13 21:58:40.177",
        "ProcessGuid": "{66b35fd9-1c90-6aa7-363a-000000001700}",
        "ProcessId": "10272",
        "Image": "C:\\Users\\o-neo\\.cache\\codex-runtimes\\codex-primary-runtime\\dependencies\\native\\powershell\\pwsh.exe",
        "FileVersion": "7.6.5.500",
        "Description": "PowerShell 7",
        "Product": "PowerShell",
        "Company": "Microsoft Corporation",
        "OriginalFileName": "pwsh.dll",
        "CommandLine": "C:\\Users\\o-neo\\.cache\\codex-runtimes\\codex-primary-runtime\\dependencies\\native\\powershell\\pwsh.exe  -NoLogo -NoProfile -NonInteractive -Command \\\"$PSVersionTable.PSVersion.ToString()\\\"",
        "CurrentDirectory": "C:\\Users\\o-neo\\Documents\\Vip-Gece-Web-Gelistirme\\",
        "User": "DESKTOP-FOEGBB0\\CodexSandboxOffline",
        "LogonGuid": "{66b35fd9-1c8a-6aa7-e70c-af0300000000}",
        "LogonId": "0x3af0ce7",
        "TerminalSessionId": "1",
        "IntegrityLevel": "Medium",
        "Hashes": "MD5=900E13C7C07D7C3F949913452D81B208,SHA256=362A356CE7F0940EC74F73A8FC2C990A2CC24A38A11C90BBD8ECA947110AD139,IMPHASH=53E4E12437621212A425D294842D0A96",
        "ParentProcessGuid": "{66b35fd9-1c8b-6aa7-343a-000000001700}",
        "ParentProcessId": "11908",
        "ParentImage": "C:\\Windows\\System32\\cmd.exe",
        "ParentCommandLine": "C:\\WINDOWS\\system32\\cmd.exe /c \"C:\\Users\\o-neo\\.cache\\codex-runtimes\\codex-primary-runtime\\dependencies\\native\\powershell\\pwsh.exe -NoLogo -NoProfile -NonInteractive -Command \\\"$PSVersionTable.PSVersion.ToString()\\\"\"",
        "ParentUser": "DESKTOP-FOEGBB0\\CodexSandboxOffline"
      }
    },
