    {
      "source": "security",
      "provider": "Microsoft-Windows-Security-Auditing",
      "eventId": 4688,
      "time": "2026-09-13T22:01:39.7986137Z",
      "recordId": 214097,
      "data": {
        "ProcessId": "0x1dc4",
        "CommandLine": "\\??\\C:\\WINDOWS\\system32\\conhost.exe 0xffffffff -ForceV1",
        "NewProcessId": "0x2f9c",
        "NewProcessName": "C:\\Windows\\System32\\conhost.exe",
        "ParentProcessName": "C:\\Windows\\System32\\cmd.exe",
        "SubjectUserName": "o-neo",
        "SubjectDomainName": "DESKTOP-FOEGBB0"
      }
    },
    {
      "source": "security",
      "provider": "Microsoft-Windows-Security-Auditing",
      "eventId": 4688,
      "time": "2026-09-13T22:01:39.8553267Z",
      "recordId": 214098,
      "data": {
        "ProcessId": "0x2324",
        "CommandLine": "C:\\WINDOWS\\system32\\cmd.exe /c \"dir tools\\forensics\"",
        "NewProcessId": "0xc28",
        "NewProcessName": "C:\\Windows\\System32\\cmd.exe",
        "ParentProcessName": "C:\\Users\\o-neo\\.codex\\.sandbox-bin\\codex-command-runner-0.154.0-alpha.6.2.exe",
        "SubjectUserName": "CodexSandboxOffline",
        "SubjectDomainName": "DESKTOP-FOEGBB0"
      }
    },
    {
      "source": "security",
      "provider": "Microsoft-Windows-Security-Auditing",
      "eventId": 4688,
      "time": "2026-09-13T22:01:39.9454816Z",
      "recordId": 214099,
      "data": {
        "ProcessId": "0xc28",
        "CommandLine": "\\??\\C:\\WINDOWS\\system32\\conhost.exe 0xffffffff -ForceV1",
        "NewProcessId": "0x160",
        "NewProcessName": "C:\\Windows\\System32\\conhost.exe",
        "ParentProcessName": "C:\\Windows\\System32\\cmd.exe",
        "SubjectUserName": "CodexSandboxOffline",
        "SubjectDomainName": "DESKTOP-FOEGBB0"
      }
    },
    {
      "source": "security",
      "provider": "Microsoft-Windows-Security-Auditing",
      "eventId": 4688,
      "time": "2026-09-13T22:02:03.3746549Z",
      "recordId": 214131,
      "data": {
        "ProcessId": "0x2d24",
        "CommandLine": "\"C:\\WINDOWS\\system32\\cmd.exe\" /c \"wscript.exe C:\\Users\\o-neo\\Documents\\Vip-Gece-Web-Gelistirme\\tools\\forensics\\run-python-error-admin.vbs\"",
        "NewProcessId": "0x18d8",
        "NewProcessName": "C:\\Windows\\System32\\cmd.exe",
        "ParentProcessName": "C:\\Users\\o-neo\\AppData\\Local\\OpenAI\\Codex\\bin\\bffc5354119c8421\\codex.exe",
        "SubjectUserName": "o-neo",
        "SubjectDomainName": "DESKTOP-FOEGBB0"
      }
    },
    {
      "source": "security",
      "provider": "Microsoft-Windows-Security-Auditing",
      "eventId": 4688,
      "time": "2026-09-13T22:02:03.6536586Z",
      "recordId": 214132,
      "data": {
        "ProcessId": "0x18d8",
        "CommandLine": "wscript.exe  C:\\Users\\o-neo\\Documents\\Vip-Gece-Web-Gelistirme\\tools\\forensics\\run-python-error-admin.vbs",
        "NewProcessId": "0x1920",
        "NewProcessName": "C:\\Windows\\System32\\wscript.exe",
        "ParentProcessName": "C:\\Windows\\System32\\cmd.exe",
        "SubjectUserName": "o-neo",
        "SubjectDomainName": "DESKTOP-FOEGBB0"
      }
    },
    {
      "source": "security",
      "provider": "Microsoft-Windows-Security-Auditing",
      "eventId": 4688,
      "time": "2026-09-13T22:02:27.9816971Z",
      "recordId": 214138,
      "data": {
        "ProcessId": "0x2d24",
        "CommandLine": "\"C:\\WINDOWS\\system32\\cmd.exe\" /c \"cd /d C:\\Users\\o-neo\\Documents\\Vip-Gece-Web-Gelistirme && dir /b\"",
        "NewProcessId": "0x165c",
        "NewProcessName": "C:\\Windows\\System32\\cmd.exe",
        "ParentProcessName": "C:\\Users\\o-neo\\AppData\\Local\\OpenAI\\Codex\\bin\\bffc5354119c8421\\codex.exe",
        "SubjectUserName": "o-neo",
        "SubjectDomainName": "DESKTOP-FOEGBB0"
      }
    },
    {
      "source": "security",
      "provider": "Microsoft-Windows-Security-Auditing",
      "eventId": 4688,
      "time": "2026-09-13T22:03:01.0950490Z",
      "recordId": 214154,
      "data": {
        "ProcessId": "0x2d24",
        "CommandLine": "\"C:\\WINDOWS\\system32\\cmd.exe\" /c \"git status --short && rg --files scripts src\\data | rg \\\"(profile|image|profilesRepo)\\\"\"",
        "NewProcessId": "0x1de8",
        "NewProcessName": "C:\\Windows\\System32\\cmd.exe",
        "ParentProcessName": "C:\\Users\\o-neo\\AppData\\Local\\OpenAI\\Codex\\bin\\bffc5354119c8421\\codex.exe",
        "SubjectUserName": "o-neo",
        "SubjectDomainName": "DESKTOP-FOEGBB0"
      }
    },
    {
      "source": "security",
      "provider": "Microsoft-Windows-Security-Auditing",
      "eventId": 4688,
      "time": "2026-09-13T22:03:02.4396206Z",
      "recordId": 214155,
      "data": {
        "ProcessId": "0x1de8",
        "CommandLine": "git  status --short",
        "NewProcessId": "0x2cc8",
        "NewProcessName": "C:\\Users\\o-neo\\.cache\\codex-runtimes\\codex-primary-runtime\\dependencies\\native\\git\\cmd\\git.exe",
        "ParentProcessName": "C:\\Windows\\System32\\cmd.exe",
        "SubjectUserName": "o-neo",
        "SubjectDomainName": "DESKTOP-FOEGBB0"
      }
    },
    {
      "source": "security",
      "provider": "Microsoft-Windows-Security-Auditing",
      "eventId": 4688,
      "time": "2026-09-13T22:03:07.0643150Z",
      "recordId": 214164,
      "data": {
        "ProcessId": "0x1de8",
        "CommandLine": "rg  --files scripts src\\data",
        "NewProcessId": "0x27a4",
        "NewProcessName": "C:\\Users\\o-neo\\AppData\\Local\\OpenAI\\Codex\\bin\\116cfc4fd47f015a\\rg.exe",
        "ParentProcessName": "C:\\Windows\\System32\\cmd.exe",
        "SubjectUserName": "o-neo",
        "SubjectDomainName": "DESKTOP-FOEGBB0"
      }
    },
    {
      "source": "security",
      "provider": "Microsoft-Windows-Security-Auditing",
      "eventId": 4688,
      "time": "2026-09-13T22:03:07.4541286Z",
      "recordId": 214165,
      "data": {
        "ProcessId": "0x1de8",
        "CommandLine": "rg  \\\"(profile|image|profilesRepo)\\\"",
        "NewProcessId": "0x2464",
        "NewProcessName": "C:\\Users\\o-neo\\AppData\\Local\\OpenAI\\Codex\\bin\\116cfc4fd47f015a\\rg.exe",
        "ParentProcessName": "C:\\Windows\\System32\\cmd.exe",
        "SubjectUserName": "o-neo",
        "SubjectDomainName": "DESKTOP-FOEGBB0"
      }
    },
    {
      "source": "security",
      "provider": "Microsoft-Windows-Security-Auditing",
      "eventId": 4688,
      "time": "2026-09-13T22:03:10.0390059Z",
      "recordId": 214167,
      "data": {
        "ProcessId": "0x1920",
        "CommandLine": "\"C:\\Windows\\System32\\cmd.exe\" /c \"C:\\Users\\o-neo\\Documents\\Vip-Gece-Web-Gelistirme\\tools\\forensics\\collect-python-error-admin.cmd\"",
        "NewProcessId": "0xb10",
        "NewProcessName": "C:\\Windows\\System32\\cmd.exe",
        "ParentProcessName": "C:\\Windows\\System32\\wscript.exe",
        "SubjectUserName": "DESKTOP-FOEGBB0$",
        "SubjectDomainName": "WORKGROUP"
      }
    },
    {
      "source": "security",
      "provider": "Microsoft-Windows-Security-Auditing",
      "eventId": 4688,
      "time": "2026-09-13T22:03:10.8763327Z",
      "recordId": 214168,
      "data": {
        "ProcessId": "0xb10",
        "CommandLine": "\\??\\C:\\WINDOWS\\system32\\conhost.exe 0xffffffff -ForceV1",
        "NewProcessId": "0x2408",
        "NewProcessName": "C:\\Windows\\System32\\conhost.exe",
        "ParentProcessName": "C:\\Windows\\System32\\cmd.exe",
        "SubjectUserName": "o-neo",
        "SubjectDomainName": "DESKTOP-FOEGBB0"
      }
    },
    {
      "source": "security",
      "provider": "Microsoft-Windows-Security-Auditing",
      "eventId": 4688,
      "time": "2026-09-13T22:03:14.3739352Z",
      "recordId": 214169,
      "data": {
        "ProcessId": "0xb10",
        "CommandLine": "whoami",
        "NewProcessId": "0xb00",
        "NewProcessName": "C:\\Windows\\System32\\whoami.exe",
        "ParentProcessName": "C:\\Windows\\System32\\cmd.exe",
        "SubjectUserName": "o-neo",
        "SubjectDomainName": "DESKTOP-FOEGBB0"
      }
    },
    {
      "source": "security",
      "provider": "Microsoft-Windows-Security-Auditing",
      "eventId": 4688,
      "time": "2026-09-13T22:03:15.3782382Z",
      "recordId": 214170,
      "data": {
        "ProcessId": "0xb10",
        "CommandLine": "whoami  /groups",
        "NewProcessId": "0x12f8",
        "NewProcessName": "C:\\Windows\\System32\\whoami.exe",
        "ParentProcessName": "C:\\Windows\\System32\\cmd.exe",
        "SubjectUserName": "o-neo",
        "SubjectDomainName": "DESKTOP-FOEGBB0"
      }
    },
    {
      "source": "security",
      "provider": "Microsoft-Windows-Security-Auditing",
      "eventId": 4688,
      "time": "2026-09-13T22:03:16.3201599Z",
      "recordId": 214176,
      "data": {
        "ProcessId": "0x2d24",
        "CommandLine": "\"C:\\WINDOWS\\system32\\cmd.exe\" /c \"node --check scripts\\search-missing-profile-images.js && node --check scripts\\missing-profile-image-key-inventory.js && node --check scripts\\recover-dead-profile-identities.js && node --check scripts\\profile-image-storage-inventory.js && type scripts\\search-missing-profile-images.js\"",
        "NewProcessId": "0x301c",
        "NewProcessName": "C:\\Windows\\System32\\cmd.exe",
        "ParentProcessName": "C:\\Users\\o-neo\\AppData\\Local\\OpenAI\\Codex\\bin\\bffc5354119c8421\\codex.exe",
        "SubjectUserName": "o-neo",
        "SubjectDomainName": "DESKTOP-FOEGBB0"
      }
    },
    {
      "source": "security",
      "provider": "Microsoft-Windows-Security-Auditing",
      "eventId": 4688,
      "time": "2026-09-13T22:03:16.3819396Z",
      "recordId": 214177,
      "data": {
        "ProcessId": "0xb10",
        "CommandLine": "fltmc",
        "NewProcessId": "0x2464",
        "NewProcessName": "C:\\Windows\\System32\\fltMC.exe",
        "ParentProcessName": "C:\\Windows\\System32\\cmd.exe",
        "SubjectUserName": "o-neo",
        "SubjectDomainName": "DESKTOP-FOEGBB0"
      }
    },
    {
      "source": "security",
      "provider": "Microsoft-Windows-Security-Auditing",
      "eventId": 4688,
      "time": "2026-09-13T22:03:16.6458216Z",
      "recordId": 214178,
      "data": {
        "ProcessId": "0x24c8",
        "CommandLine": "C:\\WINDOWS\\system32\\cmd.exe /c \"if exist docs\\forensics\\python-error-20260914\\collection-complete.txt (type docs\\forensics\\python-error-20260914\\collection-complete.txt) else (echo PENDING)\"",
        "NewProcessId": "0x2cb8",
        "NewProcessName": "C:\\Windows\\System32\\cmd.exe",
        "ParentProcessName": "C:\\Users\\o-neo\\.codex\\.sandbox-bin\\codex-command-runner-0.154.0-alpha.6.2.exe",
        "SubjectUserName": "CodexSandboxOffline",
        "SubjectDomainName": "DESKTOP-FOEGBB0"
      }
    },
    {
      "source": "security",
      "provider": "Microsoft-Windows-Security-Auditing",
      "eventId": 4688,
      "time": "2026-09-13T22:03:16.6896875Z",
      "recordId": 214179,
      "data": {
        "ProcessId": "0xb10",
        "CommandLine": "auditpol  /get /subcategory:{0CCE922B-69AE-11D9-BED3-505054503030}",
        "NewProcessId": "0x3124",
        "NewProcessName": "C:\\Windows\\System32\\auditpol.exe",
        "ParentProcessName": "C:\\Windows\\System32\\cmd.exe",
        "SubjectUserName": "o-neo",
        "SubjectDomainName": "DESKTOP-FOEGBB0"
      }
    },
    {
      "source": "security",
      "provider": "Microsoft-Windows-Security-Auditing",
      "eventId": 4688,
      "time": "2026-09-13T22:03:17.0254469Z",
      "recordId": 214180,
      "data": {
        "ProcessId": "0x2cb8",
        "CommandLine": "\\??\\C:\\WINDOWS\\system32\\conhost.exe 0xffffffff -ForceV1",
        "NewProcessId": "0x2624",
        "NewProcessName": "C:\\Windows\\System32\\conhost.exe",
        "ParentProcessName": "C:\\Windows\\System32\\cmd.exe",
        "SubjectUserName": "CodexSandboxOffline",
        "SubjectDomainName": "DESKTOP-FOEGBB0"
      }
    },
    {
      "source": "security",
      "provider": "Microsoft-Windows-Security-Auditing",
      "eventId": 4688,
      "time": "2026-09-13T22:03:17.0471738Z",
      "recordId": 214181,
      "data": {
        "ProcessId": "0x301c",
        "CommandLine": "node  --check scripts\\search-missing-profile-images.js",
        "NewProcessId": "0x934",
        "NewProcessName": "C:\\Tools\\Node\\node-v24.21.0-win-x64\\node.exe",
        "ParentProcessName": "C:\\Windows\\System32\\cmd.exe",
        "SubjectUserName": "o-neo",
        "SubjectDomainName": "DESKTOP-FOEGBB0"
      }
    },
    {
      "source": "security",
      "provider": "Microsoft-Windows-Security-Auditing",
      "eventId": 4688,
      "time": "2026-09-13T22:03:17.5689120Z",
      "recordId": 214182,
      "data": {
        "ProcessId": "0xb10",
        "CommandLine": "wevtutil  gli Security",
        "NewProcessId": "0x1670",
        "NewProcessName": "C:\\Windows\\System32\\wevtutil.exe",
        "ParentProcessName": "C:\\Windows\\System32\\cmd.exe",
        "SubjectUserName": "o-neo",
        "SubjectDomainName": "DESKTOP-FOEGBB0"
      }
    },
    {
      "source": "security",
      "provider": "Microsoft-Windows-Security-Auditing",
      "eventId": 4688,
      "time": "2026-09-13T22:03:18.0387508Z",
      "recordId": 214184,
      "data": {
        "ProcessId": "0xb10",
        "CommandLine": "wevtutil  gli Microsoft-Windows-Sysmon/Operational",
        "NewProcessId": "0x28e0",
        "NewProcessName": "C:\\Windows\\System32\\wevtutil.exe",
        "ParentProcessName": "C:\\Windows\\System32\\cmd.exe",
        "SubjectUserName": "o-neo",
        "SubjectDomainName": "DESKTOP-FOEGBB0"
      }
    },
    {
      "source": "security",
      "provider": "Microsoft-Windows-Security-Auditing",
      "eventId": 4688,
      "time": "2026-09-13T22:03:18.2621827Z",
      "recordId": 214185,
      "data": {
        "ProcessId": "0xb10",
        "CommandLine": "wevtutil  gli Microsoft-Windows-WER-Diag/Operational",
        "NewProcessId": "0x234c",
        "NewProcessName": "C:\\Windows\\System32\\wevtutil.exe",
        "ParentProcessName": "C:\\Windows\\System32\\cmd.exe",
        "SubjectUserName": "o-neo",
        "SubjectDomainName": "DESKTOP-FOEGBB0"
      }
    },
    {
      "source": "security",
      "provider": "Microsoft-Windows-Security-Auditing",
      "eventId": 4688,
      "time": "2026-09-13T22:03:18.6077662Z",
      "recordId": 214186,
      "data": {
        "ProcessId": "0xb10",
        "CommandLine": "where  python.exe",
        "NewProcessId": "0x28a0",
        "NewProcessName": "C:\\Windows\\System32\\where.exe",
        "ParentProcessName": "C:\\Windows\\System32\\cmd.exe",
        "SubjectUserName": "o-neo",
        "SubjectDomainName": "DESKTOP-FOEGBB0"
      }
    },
    {
      "source": "security",
      "provider": "Microsoft-Windows-Security-Auditing",
      "eventId": 4688,
      "time": "2026-09-13T22:03:20.1131135Z",
      "recordId": 214191,
      "data": {
        "ProcessId": "0xb10",
        "CommandLine": "where  py.exe",
        "NewProcessId": "0x2f9c",
        "NewProcessName": "C:\\Windows\\System32\\where.exe",
        "ParentProcessName": "C:\\Windows\\System32\\cmd.exe",
        "SubjectUserName": "o-neo",
        "SubjectDomainName": "DESKTOP-FOEGBB0"
      }
    },
    {
      "source": "security",
      "provider": "Microsoft-Windows-Security-Auditing",
      "eventId": 4688,
      "time": "2026-09-13T22:03:20.4540082Z",
      "recordId": 214192,
      "data": {
        "ProcessId": "0xb10",
        "CommandLine": "tasklist  /FI \"IMAGENAME eq python.exe\" /V",
        "NewProcessId": "0x264",
        "NewProcessName": "C:\\Windows\\System32\\tasklist.exe",
        "ParentProcessName": "C:\\Windows\\System32\\cmd.exe",
        "SubjectUserName": "o-neo",
        "SubjectDomainName": "DESKTOP-FOEGBB0"
      }
    },
    {
      "source": "security",
      "provider": "Microsoft-Windows-Security-Auditing",
      "eventId": 4688,
      "time": "2026-09-13T22:03:23.9803532Z",
      "recordId": 214198,
      "data": {
        "ProcessId": "0xb10",
        "CommandLine": "netstat  -ano",
        "NewProcessId": "0x23e4",
        "NewProcessName": "C:\\Windows\\System32\\NETSTAT.EXE",
        "ParentProcessName": "C:\\Windows\\System32\\cmd.exe",
        "SubjectUserName": "o-neo",
        "SubjectDomainName": "DESKTOP-FOEGBB0"
      }
    },
    {
      "source": "security",
      "provider": "Microsoft-Windows-Security-Auditing",
      "eventId": 4688,
      "time": "2026-09-13T22:03:25.1209506Z",
      "recordId": 214204,
      "data": {
        "ProcessId": "0xb10",
        "CommandLine": "certutil  -hashfile \"C:\\Tools\\Python313\\python.exe\" SHA256",
        "NewProcessId": "0x2790",
        "NewProcessName": "C:\\Windows\\System32\\certutil.exe",
        "ParentProcessName": "C:\\Windows\\System32\\cmd.exe",
        "SubjectUserName": "o-neo",
        "SubjectDomainName": "DESKTOP-FOEGBB0"
      }
    },
    {
      "source": "security",
      "provider": "Microsoft-Windows-Security-Auditing",
      "eventId": 4688,
      "time": "2026-09-13T22:03:25.8385604Z",
      "recordId": 214207,
      "data": {
        "ProcessId": "0x301c",
        "CommandLine": "node  --check scripts\\missing-profile-image-key-inventory.js",
        "NewProcessId": "0x1f34",
        "NewProcessName": "C:\\Tools\\Node\\node-v24.21.0-win-x64\\node.exe",
        "ParentProcessName": "C:\\Windows\\System32\\cmd.exe",
        "SubjectUserName": "o-neo",
        "SubjectDomainName": "DESKTOP-FOEGBB0"
      }
    },
    {
      "source": "security",
      "provider": "Microsoft-Windows-Security-Auditing",
      "eventId": 4688,
      "time": "2026-09-13T22:03:26.2711950Z",
      "recordId": 214211,
      "data": {
        "ProcessId": "0xb10",
        "CommandLine": "certutil  -hashfile \"C:\\Tools\\Python313\\python313.dll\" SHA256",
        "NewProcessId": "0x2eb0",
        "NewProcessName": "C:\\Windows\\System32\\certutil.exe",
        "ParentProcessName": "C:\\Windows\\System32\\cmd.exe",
        "SubjectUserName": "o-neo",
        "SubjectDomainName": "DESKTOP-FOEGBB0"
      }
    },
    {
      "source": "security",
      "provider": "Microsoft-Windows-Security-Auditing",
      "eventId": 4688,
      "time": "2026-09-13T22:03:27.7103611Z",
      "recordId": 214214,
      "data": {
        "ProcessId": "0xb10",
        "CommandLine": "certutil  -hashfile \"C:\\Tools\\Python313\\pythonw.exe\" SHA256",
        "NewProcessId": "0x25a8",
        "NewProcessName": "C:\\Windows\\System32\\certutil.exe",
        "ParentProcessName": "C:\\Windows\\System32\\cmd.exe",
        "SubjectUserName": "o-neo",
        "SubjectDomainName": "DESKTOP-FOEGBB0"
      }
    },
    {
      "source": "security",
      "provider": "Microsoft-Windows-Security-Auditing",
      "eventId": 4688,
      "time": "2026-09-13T22:03:29.1476251Z",
      "recordId": 214219,
      "data": {
        "ProcessId": "0x301c",
        "CommandLine": "node  --check scripts\\recover-dead-profile-identities.js",
        "NewProcessId": "0x25a4",
        "NewProcessName": "C:\\Tools\\Node\\node-v24.21.0-win-x64\\node.exe",
        "ParentProcessName": "C:\\Windows\\System32\\cmd.exe",
        "SubjectUserName": "o-neo",
        "SubjectDomainName": "DESKTOP-FOEGBB0"
      }
    },
    {
      "source": "security",
      "provider": "Microsoft-Windows-Security-Auditing",
      "eventId": 4688,
      "time": "2026-09-13T22:03:30.8806467Z",
      "recordId": 214222,
      "data": {
        "ProcessId": "0xb10",
        "CommandLine": "where  dumpbin.exe",
        "NewProcessId": "0x1670",
        "NewProcessName": "C:\\Windows\\System32\\where.exe",
        "ParentProcessName": "C:\\Windows\\System32\\cmd.exe",
        "SubjectUserName": "o-neo",
        "SubjectDomainName": "DESKTOP-FOEGBB0"
      }
    },
    {
      "source": "security",
      "provider": "Microsoft-Windows-Security-Auditing",
      "eventId": 4688,
      "time": "2026-09-13T22:03:31.9695285Z",
      "recordId": 214224,
      "data": {
        "ProcessId": "0x2d24",
        "CommandLine": "\"C:\\WINDOWS\\system32\\cmd.exe\" /c \"node --check scripts\\search-missing-profile-images.js\"",
        "NewProcessId": "0x28c",
        "NewProcessName": "C:\\Windows\\System32\\cmd.exe",
        "ParentProcessName": "C:\\Users\\o-neo\\AppData\\Local\\OpenAI\\Codex\\bin\\bffc5354119c8421\\codex.exe",
        "SubjectUserName": "o-neo",
        "SubjectDomainName": "DESKTOP-FOEGBB0"
      }
    },
    {
      "source": "security",
      "provider": "Microsoft-Windows-Security-Auditing",
      "eventId": 4688,
      "time": "2026-09-13T22:03:32.0086797Z",
      "recordId": 214225,
      "data": {
        "ProcessId": "0xb10",
        "CommandLine": "where  llvm-objdump.exe",
        "NewProcessId": "0x2350",
        "NewProcessName": "C:\\Windows\\System32\\where.exe",
        "ParentProcessName": "C:\\Windows\\System32\\cmd.exe",
        "SubjectUserName": "o-neo",
        "SubjectDomainName": "DESKTOP-FOEGBB0"
      }
    },
    {
      "source": "security",
      "provider": "Microsoft-Windows-Security-Auditing",
      "eventId": 4688,
      "time": "2026-09-13T22:03:32.2797218Z",
      "recordId": 214227,
      "data": {
        "ProcessId": "0x28c",
        "CommandLine": "node  --check scripts\\search-missing-profile-images.js",
        "NewProcessId": "0x3290",
        "NewProcessName": "C:\\Tools\\Node\\node-v24.21.0-win-x64\\node.exe",
        "ParentProcessName": "C:\\Windows\\System32\\cmd.exe",
        "SubjectUserName": "o-neo",
        "SubjectDomainName": "DESKTOP-FOEGBB0"
      }
    },
    {
      "source": "security",
      "provider": "Microsoft-Windows-Security-Auditing",
      "eventId": 4688,
      "time": "2026-09-13T22:03:32.5214589Z",
      "recordId": 214228,
      "data": {
        "ProcessId": "0x301c",
        "CommandLine": "node  --check scripts\\profile-image-storage-inventory.js",
        "NewProcessId": "0x1f34",
        "NewProcessName": "C:\\Tools\\Node\\node-v24.21.0-win-x64\\node.exe",
        "ParentProcessName": "C:\\Windows\\System32\\cmd.exe",
        "SubjectUserName": "o-neo",
        "SubjectDomainName": "DESKTOP-FOEGBB0"
      }
    },
    {
      "source": "security",
      "provider": "Microsoft-Windows-Security-Auditing",
      "eventId": 4688,
      "time": "2026-09-13T22:03:32.6547414Z",
      "recordId": 214229,
      "data": {
        "ProcessId": "0xb10",
        "CommandLine": "schtasks  /query /fo LIST /v",
        "NewProcessId": "0x2cb8",
        "NewProcessName": "C:\\Windows\\System32\\schtasks.exe",
        "ParentProcessName": "C:\\Windows\\System32\\cmd.exe",
        "SubjectUserName": "o-neo",
        "SubjectDomainName": "DESKTOP-FOEGBB0"
      }
    },
    {
      "source": "security",
      "provider": "Microsoft-Windows-Security-Auditing",
      "eventId": 4688,
      "time": "2026-09-13T22:03:40.8171005Z",
      "recordId": 214265,
      "data": {
        "ProcessId": "0x1e8",
        "CommandLine": "C:\\WINDOWS\\system32\\cmd.exe /d /s /c \"echo %TEMP%\"",
        "NewProcessId": "0x12a8",
        "NewProcessName": "C:\\Windows\\System32\\cmd.exe",
        "ParentProcessName": "C:\\Program Files\\WindowsApps\\OpenAI.Codex_26.908.4834.0_x64__2p2nqsd0c76g0\\app\\ChatGPT.exe",
        "SubjectUserName": "o-neo",
        "SubjectDomainName": "DESKTOP-FOEGBB0"
      }
    },
    {
      "source": "security",
      "provider": "Microsoft-Windows-Security-Auditing",
      "eventId": 4688,
      "time": "2026-09-13T22:03:40.8439886Z",
      "recordId": 214266,
      "data": {
        "ProcessId": "0x12a8",
        "CommandLine": "\\??\\C:\\WINDOWS\\system32\\conhost.exe 0xffffffff -ForceV1",
        "NewProcessId": "0x12f8",
        "NewProcessName": "C:\\Windows\\System32\\conhost.exe",
        "ParentProcessName": "C:\\Windows\\System32\\cmd.exe",
        "SubjectUserName": "o-neo",
        "SubjectDomainName": "DESKTOP-FOEGBB0"
      }
    },
    {
      "source": "security",
      "provider": "Microsoft-Windows-Security-Auditing",
      "eventId": 4688,
      "time": "2026-09-13T22:03:43.4876325Z",
      "recordId": 214284,
      "data": {
        "ProcessId": "0x2d24",
        "CommandLine": "\"C:\\WINDOWS\\system32\\cmd.exe\" /c \"type scripts\\search-missing-profile-images.js\"",
        "NewProcessId": "0xef0",
        "NewProcessName": "C:\\Windows\\System32\\cmd.exe",
        "ParentProcessName": "C:\\Users\\o-neo\\AppData\\Local\\OpenAI\\Codex\\bin\\bffc5354119c8421\\codex.exe",
        "SubjectUserName": "o-neo",
        "SubjectDomainName": "DESKTOP-FOEGBB0"
      }
    },
    {
      "source": "security",
      "provider": "Microsoft-Windows-Security-Auditing",
      "eventId": 4688,
      "time": "2026-09-13T22:03:54.0472450Z",
      "recordId": 214345,
      "data": {
        "ProcessId": "0x2d24",
        "CommandLine": "\"C:\\WINDOWS\\system32\\cmd.exe\" /c \"dir /b /ad D:\\ & echo ---ARCHIVES--- & where 7z.exe & for %R in (\\\"D:\\08 Ar�ivler\\\" \\\"D:\\Backups\\\" \\\"D:\\98 �ncelenecekler\\\" \\\"D:\\99 ��p Adaylar�\\\" \\\"D:\\WEB S�TE �ABLON\\\" \\\"D:\\ovhcloud\\\") do @if exist %R echo %~R\"",
        "NewProcessId": "0x28c",
        "NewProcessName": "C:\\Windows\\System32\\cmd.exe",
        "ParentProcessName": "C:\\Users\\o-neo\\AppData\\Local\\OpenAI\\Codex\\bin\\bffc5354119c8421\\codex.exe",
        "SubjectUserName": "o-neo",
        "SubjectDomainName": "DESKTOP-FOEGBB0"
      }
    },
    {
      "source": "security",
      "provider": "Microsoft-Windows-Security-Auditing",
      "eventId": 4688,
      "time": "2026-09-13T22:04:16.8511954Z",
      "recordId": 214441,
      "data": {
        "ProcessId": "0x28c",
        "CommandLine": "where  7z.exe",
        "NewProcessId": "0x2324",
        "NewProcessName": "C:\\Windows\\System32\\where.exe",
        "ParentProcessName": "C:\\Windows\\System32\\cmd.exe",
        "SubjectUserName": "o-neo",
        "SubjectDomainName": "DESKTOP-FOEGBB0"
      }
    },
    {
      "source": "security",
      "provider": "Microsoft-Windows-Security-Auditing",
      "eventId": 4688,
      "time": "2026-09-13T22:04:21.6944349Z",
      "recordId": 214446,
      "data": {
        "ProcessId": "0xb10",
        "CommandLine": "sc  queryex type= service state= all",
        "NewProcessId": "0x2f7c",
        "NewProcessName": "C:\\Windows\\System32\\sc.exe",
        "ParentProcessName": "C:\\Windows\\System32\\cmd.exe",
        "SubjectUserName": "o-neo",
        "SubjectDomainName": "DESKTOP-FOEGBB0"
      }
    },
    {
      "source": "security",
      "provider": "Microsoft-Windows-Security-Auditing",
      "eventId": 4688,
      "time": "2026-09-13T22:04:22.1648557Z",
      "recordId": 214449,
      "data": {
        "ProcessId": "0xb10",
        "CommandLine": "reg  query \"HKLM\\Software\\Microsoft\\Windows\\CurrentVersion\\Run\"",
        "NewProcessId": "0x23ec",
        "NewProcessName": "C:\\Windows\\System32\\reg.exe",
        "ParentProcessName": "C:\\Windows\\System32\\cmd.exe",
        "SubjectUserName": "o-neo",
        "SubjectDomainName": "DESKTOP-FOEGBB0"
      }
    },
    {
      "source": "security",
      "provider": "Microsoft-Windows-Security-Auditing",
      "eventId": 4688,
      "time": "2026-09-13T22:04:22.2635738Z",
      "recordId": 214450,
      "data": {
        "ProcessId": "0x2d24",
        "CommandLine": "\"C:\\WINDOWS\\system32\\cmd.exe\" /c \"dir /b /ad D:\\\\\"",
        "NewProcessId": "0x1368",
        "NewProcessName": "C:\\Windows\\System32\\cmd.exe",
        "ParentProcessName": "C:\\Users\\o-neo\\AppData\\Local\\OpenAI\\Codex\\bin\\bffc5354119c8421\\codex.exe",
        "SubjectUserName": "o-neo",
        "SubjectDomainName": "DESKTOP-FOEGBB0"
      }
    },
    {
      "source": "security",
      "provider": "Microsoft-Windows-Security-Auditing",
      "eventId": 4688,
      "time": "2026-09-13T22:04:22.6737296Z",
      "recordId": 214454,
      "data": {
        "ProcessId": "0xb10",
        "CommandLine": "reg  query \"HKCU\\Software\\Microsoft\\Windows\\CurrentVersion\\Run\"",
        "NewProcessId": "0x628",
        "NewProcessName": "C:\\Windows\\System32\\reg.exe",
        "ParentProcessName": "C:\\Windows\\System32\\cmd.exe",
        "SubjectUserName": "o-neo",
        "SubjectDomainName": "DESKTOP-FOEGBB0"
      }
    },
    {
      "source": "security",
      "provider": "Microsoft-Windows-Security-Auditing",
      "eventId": 4688,
      "time": "2026-09-13T22:04:24.8755270Z",
      "recordId": 214462,
      "data": {
        "ProcessId": "0xb10",
        "CommandLine": "wevtutil  qe System /q:\"*[System[(EventID=26) and TimeCreated[@SystemTime >= '2026-09-13T21:15:00.000Z' and @SystemTime <= '2026-09-13T21:45:00.000Z']]]\" /f:xml /rd:true",
        "NewProcessId": "0xd74",
        "NewProcessName": "C:\\Windows\\System32\\wevtutil.exe",
        "ParentProcessName": "C:\\Windows\\System32\\cmd.exe",
        "SubjectUserName": "o-neo",
        "SubjectDomainName": "DESKTOP-FOEGBB0"
      }
    },
    {
      "source": "security",
      "provider": "Microsoft-Windows-Security-Auditing",
      "eventId": 4688,
      "time": "2026-09-13T22:04:46.3979045Z",
      "recordId": 214471,
      "data": {
        "ProcessId": "0xb10",
        "CommandLine": "wevtutil  qe Application /q:\"*[System[((EventID=1000 or EventID=1001 or EventID=1002 or EventID=1026)) and TimeCreated[@SystemTime >= '2026-09-13T21:15:00.000Z' and @SystemTime <= '2026-09-13T21:45:00.000Z']]]\" /f:xml /rd:true",
        "NewProcessId": "0x30e0",
        "NewProcessName": "C:\\Windows\\System32\\wevtutil.exe",
        "ParentProcessName": "C:\\Windows\\System32\\cmd.exe",
        "SubjectUserName": "o-neo",
        "SubjectDomainName": "DESKTOP-FOEGBB0"
      }
    },
    {
      "source": "security",
      "provider": "Microsoft-Windows-Security-Auditing",
      "eventId": 4688,
      "time": "2026-09-13T22:04:49.2712360Z",
      "recordId": 214475,
      "data": {
        "ProcessId": "0xb10",
        "CommandLine": "wevtutil  qe Security /q:\"*[System[((EventID=4688 or EventID=5156 or EventID=5157)) and TimeCreated[@SystemTime >= '2026-09-13T21:15:00.000Z' and @SystemTime <= '2026-09-13T21:45:00.000Z']]]\" /f:xml /rd:false",
        "NewProcessId": "0x1698",
        "NewProcessName": "C:\\Windows\\System32\\wevtutil.exe",
        "ParentProcessName": "C:\\Windows\\System32\\cmd.exe",
        "SubjectUserName": "o-neo",
        "SubjectDomainName": "DESKTOP-FOEGBB0"
      }
    },
    {
      "source": "security",
      "provider": "Microsoft-Windows-Security-Auditing",
      "eventId": 4688,
      "time": "2026-09-13T22:04:59.2803191Z",
      "recordId": 214487,
      "data": {
        "ProcessId": "0x2d24",
        "CommandLine": "\"C:\\WINDOWS\\system32\\cmd.exe\" /c \"dir /b /ad D:\\*\"",
        "NewProcessId": "0x1248",
        "NewProcessName": "C:\\Windows\\System32\\cmd.exe",
        "ParentProcessName": "C:\\Users\\o-neo\\AppData\\Local\\OpenAI\\Codex\\bin\\bffc5354119c8421\\codex.exe",
        "SubjectUserName": "o-neo",
        "SubjectDomainName": "DESKTOP-FOEGBB0"
      }
    },
    {
      "source": "security",
      "provider": "Microsoft-Windows-Security-Auditing",
      "eventId": 4688,
      "time": "2026-09-13T22:05:31.9712866Z",
      "recordId": 214496,
      "data": {
        "ProcessId": "0x2dd0",
        "CommandLine": "\"C:\\WINDOWS\\system32\\cmd.exe\" /c dir C:\\Tools\\Python313",
        "NewProcessId": "0x216c",
        "NewProcessName": "C:\\Windows\\System32\\cmd.exe",
        "ParentProcessName": "C:\\Users\\o-neo\\.cache\\codex-runtimes\\codex-primary-runtime\\dependencies\\native\\powershell\\pwsh.exe",
        "SubjectUserName": "CodexSandboxOffline",
        "SubjectDomainName": "DESKTOP-FOEGBB0"
      }
    },
    {
      "source": "security",
      "provider": "Microsoft-Windows-Security-Auditing",
      "eventId": 4688,
      "time": "2026-09-13T22:05:32.5837626Z",
      "recordId": 214503,
      "data": {
        "ProcessId": "0x2160",
        "CommandLine": "\"C:\\Tools\\Python313\\python.exe\" -c \"import olefile; print(olefile.__version__)\"",
        "NewProcessId": "0x2940",
        "NewProcessName": "C:\\Tools\\Python313\\python.exe",
        "ParentProcessName": "C:\\Users\\o-neo\\.cache\\codex-runtimes\\codex-primary-runtime\\dependencies\\native\\powershell\\pwsh.exe",
        "SubjectUserName": "CodexSandboxOffline",
        "SubjectDomainName": "DESKTOP-FOEGBB0"
      }
    },
    {
      "source": "security",
      "provider": "Microsoft-Windows-Security-Auditing",
      "eventId": 4688,
      "time": "2026-09-13T22:05:39.4739977Z",
      "recordId": 214513,
      "data": {
        "ProcessId": "0x548",
        "CommandLine": "C:\\WINDOWS\\system32\\cmd.exe /c tasklist",
        "NewProcessId": "0x284c",
        "NewProcessName": "C:\\Windows\\System32\\cmd.exe",
        "ParentProcessName": "C:\\Users\\o-neo\\.codex\\.sandbox-bin\\codex-command-runner-0.154.0-alpha.6.2.exe",
        "SubjectUserName": "CodexSandboxOffline",
        "SubjectDomainName": "DESKTOP-FOEGBB0"
      }
    },
    {
      "source": "security",
      "provider": "Microsoft-Windows-Security-Auditing",
      "eventId": 4688,
      "time": "2026-09-13T22:05:41.0665435Z",
      "recordId": 214517,
      "data": {
        "ProcessId": "0x284c",
        "CommandLine": "\\??\\C:\\WINDOWS\\system32\\conhost.exe 0xffffffff -ForceV1",
        "NewProcessId": "0x2c90",
        "NewProcessName": "C:\\Windows\\System32\\conhost.exe",
        "ParentProcessName": "C:\\Windows\\System32\\cmd.exe",
        "SubjectUserName": "CodexSandboxOffline",
        "SubjectDomainName": "DESKTOP-FOEGBB0"
      }
    },
    {
      "source": "security",
      "provider": "Microsoft-Windows-Security-Auditing",
      "eventId": 4688,
      "time": "2026-09-13T22:05:45.1657993Z",
      "recordId": 214522,
      "data": {
        "ProcessId": "0x284c",
        "CommandLine": "tasklist",
        "NewProcessId": "0x31ac",
        "NewProcessName": "C:\\Windows\\System32\\tasklist.exe",
        "ParentProcessName": "C:\\Windows\\System32\\cmd.exe",
        "SubjectUserName": "CodexSandboxOffline",
        "SubjectDomainName": "DESKTOP-FOEGBB0"
      }
    },
    {
      "source": "security",
      "provider": "Microsoft-Windows-Security-Auditing",
      "eventId": 4688,
      "time": "2026-09-13T22:05:47.0816264Z",
      "recordId": 214529,
      "data": {
        "ProcessId": "0xb10",
        "CommandLine": "wevtutil  qe Microsoft-Windows-Sysmon/Operational /q:\"*[System[((EventID=1 or EventID=3 or EventID=7 or EventID=11 or EventID=22)) and TimeCreated[@SystemTime >= '2026-09-13T21:15:00.000Z' and @SystemTime <= '2026-09-13T21:45:00.000Z']]]\" /f:xml /rd:false",
        "NewProcessId": "0x2bfc",
        "NewProcessName": "C:\\Windows\\System32\\wevtutil.exe",
        "ParentProcessName": "C:\\Windows\\System32\\cmd.exe",
        "SubjectUserName": "o-neo",
        "SubjectDomainName": "DESKTOP-FOEGBB0"
      }
    },
    {
      "source": "security",
      "provider": "Microsoft-Windows-Security-Auditing",
      "eventId": 4688,
      "time": "2026-09-13T22:05:56.3615657Z",
      "recordId": 214558,
      "data": {
        "ProcessId": "0x3110",
        "CommandLine": "C:\\WINDOWS\\system32\\cmd.exe /c \"dir docs\\forensics\\python-error-20260914\"",
        "NewProcessId": "0x3378",
        "NewProcessName": "C:\\Windows\\System32\\cmd.exe",
        "ParentProcessName": "C:\\Users\\o-neo\\.codex\\.sandbox-bin\\codex-command-runner-0.154.0-alpha.6.2.exe",
        "SubjectUserName": "CodexSandboxOffline",
        "SubjectDomainName": "DESKTOP-FOEGBB0"
      }
    },
    {
      "source": "security",
      "provider": "Microsoft-Windows-Security-Auditing",
      "eventId": 4688,
      "time": "2026-09-13T22:05:56.6331018Z",
      "recordId": 214559,
      "data": {
        "ProcessId": "0x3378",
        "CommandLine": "\\??\\C:\\WINDOWS\\system32\\conhost.exe 0xffffffff -ForceV1",
        "NewProcessId": "0x18d8",
        "NewProcessName": "C:\\Windows\\System32\\conhost.exe",
        "ParentProcessName": "C:\\Windows\\System32\\cmd.exe",
        "SubjectUserName": "CodexSandboxOffline",
        "SubjectDomainName": "DESKTOP-FOEGBB0"
      }
    },
    {
      "source": "security",
      "provider": "Microsoft-Windows-Security-Auditing",
      "eventId": 4688,
      "time": "2026-09-13T22:05:59.3032587Z",
      "recordId": 214570,
      "data": {
        "ProcessId": "0xb10",
        "CommandLine": "wevtutil  qe Microsoft-Windows-WER-Diag/Operational /q:\"*[System[TimeCreated[@SystemTime >= '2026-09-13T21:15:00.000Z' and @SystemTime <= '2026-09-13T21:45:00.000Z']]]\" /f:xml /rd:false",
        "NewProcessId": "0x3124",
        "NewProcessName": "C:\\Windows\\System32\\wevtutil.exe",
        "ParentProcessName": "C:\\Windows\\System32\\cmd.exe",
        "SubjectUserName": "o-neo",
        "SubjectDomainName": "DESKTOP-FOEGBB0"
      }
    },
    {
      "source": "security",
      "provider": "Microsoft-Windows-Security-Auditing",
      "eventId": 4688,
      "time": "2026-09-13T22:06:01.3736062Z",
      "recordId": 214584,
      "data": {
        "ProcessId": "0xb10",
        "CommandLine": "fltmc  volumes",
        "NewProcessId": "0x2dc4",
        "NewProcessName": "C:\\Windows\\System32\\fltMC.exe",
        "ParentProcessName": "C:\\Windows\\System32\\cmd.exe",
        "SubjectUserName": "o-neo",
        "SubjectDomainName": "DESKTOP-FOEGBB0"
      }
    },
    {
      "source": "security",
      "provider": "Microsoft-Windows-Security-Auditing",
      "eventId": 4688,
      "time": "2026-09-13T22:06:02.5950078Z",
      "recordId": 214591,
      "data": {
        "ProcessId": "0xb10",
        "CommandLine": "findstr  /i /c:\"python.exe\" \"C:\\ProgramData\\Microsoft\\Windows\\WER\\ReportArchive\\Report.wer\"",
        "NewProcessId": "0x2150",
        "NewProcessName": "C:\\Windows\\System32\\findstr.exe",
        "ParentProcessName": "C:\\Windows\\System32\\cmd.exe",
        "SubjectUserName": "o-neo",
        "SubjectDomainName": "DESKTOP-FOEGBB0"
      }
    },
    {
      "source": "security",
      "provider": "Microsoft-Windows-Security-Auditing",
      "eventId": 4688,
      "time": "2026-09-13T22:06:03.3170663Z",
      "recordId": 214593,
      "data": {
        "ProcessId": "0xb10",
        "CommandLine": "findstr  /i /c:\"python.exe\" \"C:\\ProgramData\\Microsoft\\Windows\\WER\\ReportArchive\\Critical_10.0.26100.8035__ae9c76aac5ce952a8a392efa7196f46bf4bd9da2_00000000_fbab776c-31b8-420d-977d-fdd8bf262015\\Report.wer\"",
        "NewProcessId": "0x3254",
        "NewProcessName": "C:\\Windows\\System32\\findstr.exe",
        "ParentProcessName": "C:\\Windows\\System32\\cmd.exe",
        "SubjectUserName": "o-neo",
        "SubjectDomainName": "DESKTOP-FOEGBB0"
      }
    },
    {
      "source": "security",
      "provider": "Microsoft-Windows-Security-Auditing",
      "eventId": 4688,
      "time": "2026-09-13T22:06:03.7285014Z",
      "recordId": 214597,
      "data": {
        "ProcessId": "0xb10",
        "CommandLine": "findstr  /i /c:\"python.exe\" \"C:\\ProgramData\\Microsoft\\Windows\\WER\\ReportArchive\\Critical_10.0.26100.9156__1892517e82a43bfaeb6cffe514bc6f5a3f82fc_00000000_8b1f0f94-548c-45a7-a335-11f4804c64d5\\Report.wer\"",
        "NewProcessId": "0x20e4",
        "NewProcessName": "C:\\Windows\\System32\\findstr.exe",
        "ParentProcessName": "C:\\Windows\\System32\\cmd.exe",
        "SubjectUserName": "o-neo",
        "SubjectDomainName": "DESKTOP-FOEGBB0"
      }
    },
    {
      "source": "security",
      "provider": "Microsoft-Windows-Security-Auditing",
      "eventId": 4688,
      "time": "2026-09-13T22:06:04.5643203Z",
      "recordId": 214602,
      "data": {
        "ProcessId": "0xb10",
        "CommandLine": "findstr  /i /c:\"python.exe\" \"C:\\ProgramData\\Microsoft\\Windows\\WER\\ReportArchive\\NonCritical_Update;MoUpdateO_99a1944f329110c4e250cb74895b648d1168b82a_00000000_2eb7f608-2576-4cfa-9cf3-ab11eff6ec8d\\Report.wer\"",
        "NewProcessId": "0x2568",
        "NewProcessName": "C:\\Windows\\System32\\findstr.exe",
        "ParentProcessName": "C:\\Windows\\System32\\cmd.exe",
        "SubjectUserName": "o-neo",
        "SubjectDomainName": "DESKTOP-FOEGBB0"
      }
    },
    {
      "source": "security",
      "provider": "Microsoft-Windows-Security-Auditing",
      "eventId": 4688,
      "time": "2026-09-13T22:06:05.3613337Z",
      "recordId": 214607,
      "data": {
        "ProcessId": "0xb10",
        "CommandLine": "findstr  /i /c:\"python.exe\" \"C:\\ProgramData\\Microsoft\\Windows\\WER\\ReportArchive\\NonCritical_Update;UsoClient_a6d4e35e2fe82a62db439251f7685d95904bf3c8_00000000_5328b8a1-2989-46f7-82c2-2ca1435761b1\\Report.wer\"",
        "NewProcessId": "0x10e8",
        "NewProcessName": "C:\\Windows\\System32\\findstr.exe",
        "ParentProcessName": "C:\\Windows\\System32\\cmd.exe",
        "SubjectUserName": "o-neo",
        "SubjectDomainName": "DESKTOP-FOEGBB0"
      }
    },
    {
      "source": "security",
      "provider": "Microsoft-Windows-Security-Auditing",
      "eventId": 4688,
      "time": "2026-09-13T22:06:05.9213770Z",
      "recordId": 214610,
      "data": {
        "ProcessId": "0xb10",
        "CommandLine": "findstr  /i /c:\"python.exe\" \"C:\\ProgramData\\Microsoft\\Windows\\WER\\ReportArchive\\NonCritical_Update;UsoClient_a6d4e35e2fe82a62db439251f7685d95904bf3c8_00000000_5b020622-1024-421a-abe8-da3f72e3e356\\Report.wer\"",
        "NewProcessId": "0x30a0",
        "NewProcessName": "C:\\Windows\\System32\\findstr.exe",
        "ParentProcessName": "C:\\Windows\\System32\\cmd.exe",
        "SubjectUserName": "o-neo",
        "SubjectDomainName": "DESKTOP-FOEGBB0"
      }
    },
    {
      "source": "security",
      "provider": "Microsoft-Windows-Security-Auditing",
      "eventId": 4688,
      "time": "2026-09-13T22:06:06.2437734Z",
      "recordId": 214613,
      "data": {
        "ProcessId": "0xb10",
        "CommandLine": "findstr  /i /c:\"python.exe\" \"C:\\ProgramData\\Microsoft\\Windows\\WER\\ReportArchive\\NonCritical_Update;UsoClient_a6d4e35e2fe82a62db439251f7685d95904bf3c8_00000000_78854cbb-adde-4a47-93e9-4683d9709dc7\\Report.wer\"",
        "NewProcessId": "0x26cc",
        "NewProcessName": "C:\\Windows\\System32\\findstr.exe",
        "ParentProcessName": "C:\\Windows\\System32\\cmd.exe",
        "SubjectUserName": "o-neo",
        "SubjectDomainName": "DESKTOP-FOEGBB0"
      }
    },
    {
      "source": "security",
      "provider": "Microsoft-Windows-Security-Auditing",
      "eventId": 4688,
      "time": "2026-09-13T22:06:06.4060291Z",
      "recordId": 214615,
      "data": {
        "ProcessId": "0xb10",
        "CommandLine": "findstr  /i /c:\"python.exe\" \"C:\\ProgramData\\Microsoft\\Windows\\WER\\ReportArchive\\NonCritical_Update;UsoClient_a6d4e35e2fe82a62db439251f7685d95904bf3c8_00000000_c8fafd7c-ea1c-45a2-8768-60e378e109cc\\Report.wer\"",
        "NewProcessId": "0x2968",
        "NewProcessName": "C:\\Windows\\System32\\findstr.exe",
        "ParentProcessName": "C:\\Windows\\System32\\cmd.exe",
        "SubjectUserName": "o-neo",
        "SubjectDomainName": "DESKTOP-FOEGBB0"
      }
    },
    {
      "source": "security",
      "provider": "Microsoft-Windows-Security-Auditing",
      "eventId": 4688,
      "time": "2026-09-13T22:06:06.8787193Z",
      "recordId": 214621,
      "data": {
        "ProcessId": "0xb10",
        "CommandLine": "findstr  /i /c:\"python.exe\" \"C:\\ProgramData\\Microsoft\\Windows\\WER\\ReportQueue\\Report.wer\"",
        "NewProcessId": "0x900",
        "NewProcessName": "C:\\Windows\\System32\\findstr.exe",
        "ParentProcessName": "C:\\Windows\\System32\\cmd.exe",
        "SubjectUserName": "o-neo",
        "SubjectDomainName": "DESKTOP-FOEGBB0"
      }
    },
    {
      "source": "security",
      "provider": "Microsoft-Windows-Security-Auditing",
      "eventId": 4688,
      "time": "2026-09-13T22:06:13.8765431Z",
      "recordId": 214667,
      "data": {
        "ProcessId": "0x1e8",
        "CommandLine": "C:\\WINDOWS\\system32\\cmd.exe /d /s /c \"echo %TEMP%\"",
        "NewProcessId": "0x25c8",
        "NewProcessName": "C:\\Windows\\System32\\cmd.exe",
        "ParentProcessName": "C:\\Program Files\\WindowsApps\\OpenAI.Codex_26.908.4834.0_x64__2p2nqsd0c76g0\\app\\ChatGPT.exe",
        "SubjectUserName": "o-neo",
        "SubjectDomainName": "DESKTOP-FOEGBB0"
      }
    },
    {
      "source": "security",
      "provider": "Microsoft-Windows-Security-Auditing",
      "eventId": 4688,
      "time": "2026-09-13T22:06:13.9180627Z",
      "recordId": 214668,
      "data": {
        "ProcessId": "0x25c8",
        "CommandLine": "\\??\\C:\\WINDOWS\\system32\\conhost.exe 0xffffffff -ForceV1",
        "NewProcessId": "0x2ea4",
        "NewProcessName": "C:\\Windows\\System32\\conhost.exe",
        "ParentProcessName": "C:\\Windows\\System32\\cmd.exe",
        "SubjectUserName": "o-neo",
        "SubjectDomainName": "DESKTOP-FOEGBB0"
      }
    },
    {
      "source": "security",
      "provider": "Microsoft-Windows-Security-Auditing",
      "eventId": 4688,
      "time": "2026-09-13T22:08:09.2924909Z",
      "recordId": 214702,
      "data": {
        "ProcessId": "0x2d24",
        "CommandLine": "cmd.exe /e:ON /v:OFF /d /c \"\"C:\\Tools\\Node\\node-v24.21.0-win-x64\\npx.cmd\" -y firebase-tools@latest mcp --dir .\"",
        "NewProcessId": "0x29a0",
        "NewProcessName": "C:\\Windows\\System32\\cmd.exe",
        "ParentProcessName": "C:\\Users\\o-neo\\AppData\\Local\\OpenAI\\Codex\\bin\\bffc5354119c8421\\codex.exe",
        "SubjectUserName": "o-neo",
        "SubjectDomainName": "DESKTOP-FOEGBB0"
      }
    },
    {
      "source": "security",
      "provider": "Microsoft-Windows-Security-Auditing",
      "eventId": 4688,
      "time": "2026-09-13T22:08:09.3166842Z",
      "recordId": 214703,
      "data": {
        "ProcessId": "0x2d24",
        "CommandLine": "cmd.exe /e:ON /v:OFF /d /c \"\"C:\\Tools\\Node\\node-v24.21.0-win-x64\\npx.cmd\" -y firebase-tools@latest mcp --dir .\"",
        "NewProcessId": "0x67c",
        "NewProcessName": "C:\\Windows\\System32\\cmd.exe",
        "ParentProcessName": "C:\\Users\\o-neo\\AppData\\Local\\OpenAI\\Codex\\bin\\bffc5354119c8421\\codex.exe",
        "SubjectUserName": "o-neo",
        "SubjectDomainName": "DESKTOP-FOEGBB0"
      }
    },
    {
      "source": "security",
      "provider": "Microsoft-Windows-Security-Auditing",
      "eventId": 4688,
      "time": "2026-09-13T22:08:09.3485785Z",
      "recordId": 214704,
      "data": {
        "ProcessId": "0x2d24",
        "CommandLine": "\"C:\\WINDOWS\\system32\\cmd.exe\" /d /s /c call ./scripts/launch_codex_app_tools_mcp.cmd ./server.mjs",
        "NewProcessId": "0x2464",
        "NewProcessName": "C:\\Windows\\System32\\cmd.exe",
        "ParentProcessName": "C:\\Users\\o-neo\\AppData\\Local\\OpenAI\\Codex\\bin\\bffc5354119c8421\\codex.exe",
        "SubjectUserName": "o-neo",
        "SubjectDomainName": "DESKTOP-FOEGBB0"
      }
    },
    {
      "source": "security",
      "provider": "Microsoft-Windows-Security-Auditing",
      "eventId": 4688,
      "time": "2026-09-13T22:08:09.4055484Z",
      "recordId": 214706,
      "data": {
        "ProcessId": "0x2d24",
        "CommandLine": "cmd.exe /e:ON /v:OFF /d /c \"\"C:\\Users\\o-neo\\.codex\\plugins\\cache\\openai-curated-remote\\codex-security\\0.1.24\\.\\scripts\\launch_codex_security_mcp.cmd\" --stdio\"",
        "NewProcessId": "0x2378",
        "NewProcessName": "C:\\Windows\\System32\\cmd.exe",
        "ParentProcessName": "C:\\Users\\o-neo\\AppData\\Local\\OpenAI\\Codex\\bin\\bffc5354119c8421\\codex.exe",
        "SubjectUserName": "o-neo",
        "SubjectDomainName": "DESKTOP-FOEGBB0"
      }
    },
    {
      "source": "security",
      "provider": "Microsoft-Windows-Security-Auditing",
      "eventId": 4688,
      "time": "2026-09-13T22:08:09.4249066Z",
      "recordId": 214707,
      "data": {
        "ProcessId": "0x2d24",
        "CommandLine": "\"C:\\WINDOWS\\system32\\cmd.exe\" /d /s /c call ./scripts/launch_codex_app_tools_mcp.cmd ./server.mjs",
        "NewProcessId": "0x2f8c",
        "NewProcessName": "C:\\Windows\\System32\\cmd.exe",
        "ParentProcessName": "C:\\Users\\o-neo\\AppData\\Local\\OpenAI\\Codex\\bin\\bffc5354119c8421\\codex.exe",
        "SubjectUserName": "o-neo",
        "SubjectDomainName": "DESKTOP-FOEGBB0"
      }
    },
    {
      "source": "security",
      "provider": "Microsoft-Windows-Security-Auditing",
      "eventId": 4688,
      "time": "2026-09-13T22:08:09.4347659Z",
      "recordId": 214708,
      "data": {
        "ProcessId": "0x2d24",
        "CommandLine": "cmd.exe /e:ON /v:OFF /d /c \"\"C:\\Users\\o-neo\\.codex\\plugins\\cache\\openai-curated-remote\\codex-security\\0.1.24\\.\\scripts\\launch_codex_security_mcp.cmd\" --stdio\"",
        "NewProcessId": "0x2768",
        "NewProcessName": "C:\\Windows\\System32\\cmd.exe",
        "ParentProcessName": "C:\\Users\\o-neo\\AppData\\Local\\OpenAI\\Codex\\bin\\bffc5354119c8421\\codex.exe",
        "SubjectUserName": "o-neo",
        "SubjectDomainName": "DESKTOP-FOEGBB0"
      }
    },
