    {
      "source": "sysmon",
      "provider": "Microsoft-Windows-Sysmon",
      "eventId": 1,
      "time": "2026-09-13T22:09:48.3097441Z",
      "recordId": 623671,
      "data": {
        "RuleName": "-",
        "UtcTime": "2026-09-13 22:09:48.140",
        "ProcessGuid": "{66b35fd9-1f2c-6aa7-2a3d-000000001700}",
        "ProcessId": "4244",
        "Image": "C:\\Windows\\System32\\cmd.exe",
        "FileVersion": "10.0.26100.9278 (WinBuild.160101.0800)",
        "Description": "Windows Command Processor",
        "Product": "Microsoft� Windows� Operating System",
        "Company": "Microsoft Corporation",
        "OriginalFileName": "Cmd.Exe",
        "CommandLine": "C:\\WINDOWS\\system32\\cmd.exe /c \"if exist docs\\forensics\\python-error-20260914\\collection-complete.txt type docs\\forensics\\python-error-20260914\\collection-complete.txt\"",
        "CurrentDirectory": "C:\\Users\\o-neo\\Documents\\Vip-Gece-Web-Gelistirme\\",
        "User": "DESKTOP-FOEGBB0\\CodexSandboxOffline",
        "LogonGuid": "{66b35fd9-1f2a-6aa7-db52-cc0300000000}",
        "LogonId": "0x3cc52db",
        "TerminalSessionId": "1",
        "IntegrityLevel": "Medium",
        "Hashes": "MD5=CE396564392FAFAAD5C07A5E2DADE4E6,SHA256=97AC98B1A92C286054CCE55239CFCCDFC23A5517BD07FE693072C9CA96C7DABB,IMPHASH=010B165E4C37F484601D3DBD700C9423",
        "ParentProcessGuid": "{66b35fd9-1f2b-6aa7-293d-000000001700}",
        "ParentProcessId": "11356",
        "ParentImage": "C:\\Users\\o-neo\\.codex\\.sandbox-bin\\codex-command-runner-0.154.0-alpha.6.2.exe",
        "ParentCommandLine": "C:\\Users\\o-neo\\.codex\\.sandbox-bin\\codex-command-runner-0.154.0-alpha.6.2.exe --pipe-in=\\\\.\\pipe\\codex-runner-88af8aecb7f50981849260d6a9dca349-in --pipe-out=\\\\.\\pipe\\codex-runner-88af8aecb7f50981849260d6a9dca349-out",
        "ParentUser": "DESKTOP-FOEGBB0\\CodexSandboxOffline"
      }
    },
    {
      "source": "sysmon",
      "provider": "Microsoft-Windows-Sysmon",
      "eventId": 1,
      "time": "2026-09-13T22:09:53.7066002Z",
      "recordId": 623674,
      "data": {
        "RuleName": "-",
        "UtcTime": "2026-09-13 22:09:53.682",
        "ProcessGuid": "{66b35fd9-1f31-6aa7-2c3d-000000001700}",
        "ProcessId": "11168",
        "Image": "C:\\Windows\\System32\\cmd.exe",
        "FileVersion": "10.0.26100.9278 (WinBuild.160101.0800)",
        "Description": "Windows Command Processor",
        "Product": "Microsoft� Windows� Operating System",
        "Company": "Microsoft Corporation",
        "OriginalFileName": "Cmd.Exe",
        "CommandLine": "cmd.exe /e:ON /v:OFF /d /c \"\"C:\\Tools\\Node\\node-v24.21.0-win-x64\\npx.cmd\" -y firebase-tools@latest mcp --dir .\"",
        "CurrentDirectory": "C:\\Users\\o-neo\\Documents\\Vip-Gece-Web-Gelistirme\\",
        "User": "DESKTOP-FOEGBB0\\o-neo",
        "LogonGuid": "{66b35fd9-c5ee-6aa6-d395-060000000000}",
        "LogonId": "0x695d3",
        "TerminalSessionId": "1",
        "IntegrityLevel": "Medium",
        "Hashes": "MD5=CE396564392FAFAAD5C07A5E2DADE4E6,SHA256=97AC98B1A92C286054CCE55239CFCCDFC23A5517BD07FE693072C9CA96C7DABB,IMPHASH=010B165E4C37F484601D3DBD700C9423",
        "ParentProcessGuid": "{66b35fd9-ee3a-6aa6-231e-000000001700}",
        "ParentProcessId": "11556",
        "ParentImage": "C:\\Users\\o-neo\\AppData\\Local\\OpenAI\\Codex\\bin\\bffc5354119c8421\\codex.exe",
        "ParentCommandLine": "C:\\Users\\o-neo\\AppData\\Local\\OpenAI\\Codex\\bin\\bffc5354119c8421\\codex.exe -c features.code_mode_host=true app-server --analytics-default-enabled -c plugins.codex-app-tools@openai-bundled.mcp_servers.codex_app.enabled=true",
        "ParentUser": "DESKTOP-FOEGBB0\\o-neo"
      }
    },
    {
      "source": "sysmon",
      "provider": "Microsoft-Windows-Sysmon",
      "eventId": 1,
      "time": "2026-09-13T22:09:53.8332898Z",
      "recordId": 623675,
      "data": {
        "RuleName": "-",
        "UtcTime": "2026-09-13 22:09:53.818",
        "ProcessGuid": "{66b35fd9-1f31-6aa7-2d3d-000000001700}",
        "ProcessId": "11816",
        "Image": "C:\\Windows\\System32\\cmd.exe",
        "FileVersion": "10.0.26100.9278 (WinBuild.160101.0800)",
        "Description": "Windows Command Processor",
        "Product": "Microsoft� Windows� Operating System",
        "Company": "Microsoft Corporation",
        "OriginalFileName": "Cmd.Exe",
        "CommandLine": "cmd.exe /e:ON /v:OFF /d /c \"\"C:\\Tools\\Node\\node-v24.21.0-win-x64\\npx.cmd\" -y firebase-tools@latest mcp --dir .\"",
        "CurrentDirectory": "C:\\Users\\o-neo\\Documents\\Vip-Gece-Web-Gelistirme\\",
        "User": "DESKTOP-FOEGBB0\\o-neo",
        "LogonGuid": "{66b35fd9-c5ee-6aa6-d395-060000000000}",
        "LogonId": "0x695d3",
        "TerminalSessionId": "1",
        "IntegrityLevel": "Medium",
        "Hashes": "MD5=CE396564392FAFAAD5C07A5E2DADE4E6,SHA256=97AC98B1A92C286054CCE55239CFCCDFC23A5517BD07FE693072C9CA96C7DABB,IMPHASH=010B165E4C37F484601D3DBD700C9423",
        "ParentProcessGuid": "{66b35fd9-ee3a-6aa6-231e-000000001700}",
        "ParentProcessId": "11556",
        "ParentImage": "C:\\Users\\o-neo\\AppData\\Local\\OpenAI\\Codex\\bin\\bffc5354119c8421\\codex.exe",
        "ParentCommandLine": "C:\\Users\\o-neo\\AppData\\Local\\OpenAI\\Codex\\bin\\bffc5354119c8421\\codex.exe -c features.code_mode_host=true app-server --analytics-default-enabled -c plugins.codex-app-tools@openai-bundled.mcp_servers.codex_app.enabled=true",
        "ParentUser": "DESKTOP-FOEGBB0\\o-neo"
      }
    },
    {
      "source": "sysmon",
      "provider": "Microsoft-Windows-Sysmon",
      "eventId": 1,
      "time": "2026-09-13T22:09:54.0791820Z",
      "recordId": 623676,
      "data": {
        "RuleName": "-",
        "UtcTime": "2026-09-13 22:09:54.021",
        "ProcessGuid": "{66b35fd9-1f32-6aa7-2e3d-000000001700}",
        "ProcessId": "9740",
        "Image": "C:\\Windows\\System32\\cmd.exe",
        "FileVersion": "10.0.26100.9278 (WinBuild.160101.0800)",
        "Description": "Windows Command Processor",
        "Product": "Microsoft� Windows� Operating System",
        "Company": "Microsoft Corporation",
        "OriginalFileName": "Cmd.Exe",
        "CommandLine": "C:\\WINDOWS\\system32\\cmd.exe /c CALL \"C:\\Tools\\Node\\node-v24.21.0-win-x64\\\\node.exe\" \"C:\\Tools\\Node\\node-v24.21.0-win-x64\\\\node_modules\\npm\\bin\\npm-prefix.js\"",
        "CurrentDirectory": "C:\\Users\\o-neo\\Documents\\Vip-Gece-Web-Gelistirme\\",
        "User": "DESKTOP-FOEGBB0\\o-neo",
        "LogonGuid": "{66b35fd9-c5ee-6aa6-d395-060000000000}",
        "LogonId": "0x695d3",
        "TerminalSessionId": "1",
        "IntegrityLevel": "Medium",
        "Hashes": "MD5=CE396564392FAFAAD5C07A5E2DADE4E6,SHA256=97AC98B1A92C286054CCE55239CFCCDFC23A5517BD07FE693072C9CA96C7DABB,IMPHASH=010B165E4C37F484601D3DBD700C9423",
        "ParentProcessGuid": "{66b35fd9-1f31-6aa7-2c3d-000000001700}",
        "ParentProcessId": "11168",
        "ParentImage": "C:\\Windows\\System32\\cmd.exe",
        "ParentCommandLine": "cmd.exe /e:ON /v:OFF /d /c \"\"C:\\Tools\\Node\\node-v24.21.0-win-x64\\npx.cmd\" -y firebase-tools@latest mcp --dir .\"",
        "ParentUser": "DESKTOP-FOEGBB0\\o-neo"
      }
    },
    {
      "source": "sysmon",
      "provider": "Microsoft-Windows-Sysmon",
      "eventId": 1,
      "time": "2026-09-13T22:09:54.0830951Z",
      "recordId": 623677,
      "data": {
        "RuleName": "-",
        "UtcTime": "2026-09-13 22:09:54.021",
        "ProcessGuid": "{66b35fd9-1f32-6aa7-2f3d-000000001700}",
        "ProcessId": "12900",
        "Image": "C:\\Windows\\System32\\cmd.exe",
        "FileVersion": "10.0.26100.9278 (WinBuild.160101.0800)",
        "Description": "Windows Command Processor",
        "Product": "Microsoft� Windows� Operating System",
        "Company": "Microsoft Corporation",
        "OriginalFileName": "Cmd.Exe",
        "CommandLine": "C:\\WINDOWS\\system32\\cmd.exe /c CALL \"C:\\Tools\\Node\\node-v24.21.0-win-x64\\\\node.exe\" \"C:\\Tools\\Node\\node-v24.21.0-win-x64\\\\node_modules\\npm\\bin\\npm-prefix.js\"",
        "CurrentDirectory": "C:\\Users\\o-neo\\Documents\\Vip-Gece-Web-Gelistirme\\",
        "User": "DESKTOP-FOEGBB0\\o-neo",
        "LogonGuid": "{66b35fd9-c5ee-6aa6-d395-060000000000}",
        "LogonId": "0x695d3",
        "TerminalSessionId": "1",
        "IntegrityLevel": "Medium",
        "Hashes": "MD5=CE396564392FAFAAD5C07A5E2DADE4E6,SHA256=97AC98B1A92C286054CCE55239CFCCDFC23A5517BD07FE693072C9CA96C7DABB,IMPHASH=010B165E4C37F484601D3DBD700C9423",
        "ParentProcessGuid": "{66b35fd9-1f31-6aa7-2d3d-000000001700}",
        "ParentProcessId": "11816",
        "ParentImage": "C:\\Windows\\System32\\cmd.exe",
        "ParentCommandLine": "cmd.exe /e:ON /v:OFF /d /c \"\"C:\\Tools\\Node\\node-v24.21.0-win-x64\\npx.cmd\" -y firebase-tools@latest mcp --dir .\"",
        "ParentUser": "DESKTOP-FOEGBB0\\o-neo"
      }
    },
    {
      "source": "sysmon",
      "provider": "Microsoft-Windows-Sysmon",
      "eventId": 1,
      "time": "2026-09-13T22:09:54.2155890Z",
      "recordId": 623678,
      "data": {
        "RuleName": "-",
        "UtcTime": "2026-09-13 22:09:54.201",
        "ProcessGuid": "{66b35fd9-1f32-6aa7-303d-000000001700}",
        "ProcessId": "3376",
        "Image": "C:\\Windows\\System32\\cmd.exe",
        "FileVersion": "10.0.26100.9278 (WinBuild.160101.0800)",
        "Description": "Windows Command Processor",
        "Product": "Microsoft� Windows� Operating System",
        "Company": "Microsoft Corporation",
        "OriginalFileName": "Cmd.Exe",
        "CommandLine": "cmd.exe /e:ON /v:OFF /d /c \"\"C:\\Tools\\Node\\node-v24.21.0-win-x64\\npx.cmd\" -y firebase-tools@latest mcp --dir .\"",
        "CurrentDirectory": "C:\\Users\\o-neo\\Documents\\Vip-Gece-Web-Gelistirme\\",
        "User": "DESKTOP-FOEGBB0\\o-neo",
        "LogonGuid": "{66b35fd9-c5ee-6aa6-d395-060000000000}",
        "LogonId": "0x695d3",
        "TerminalSessionId": "1",
        "IntegrityLevel": "Medium",
        "Hashes": "MD5=CE396564392FAFAAD5C07A5E2DADE4E6,SHA256=97AC98B1A92C286054CCE55239CFCCDFC23A5517BD07FE693072C9CA96C7DABB,IMPHASH=010B165E4C37F484601D3DBD700C9423",
        "ParentProcessGuid": "{66b35fd9-ee3a-6aa6-231e-000000001700}",
        "ParentProcessId": "11556",
        "ParentImage": "C:\\Users\\o-neo\\AppData\\Local\\OpenAI\\Codex\\bin\\bffc5354119c8421\\codex.exe",
        "ParentCommandLine": "C:\\Users\\o-neo\\AppData\\Local\\OpenAI\\Codex\\bin\\bffc5354119c8421\\codex.exe -c features.code_mode_host=true app-server --analytics-default-enabled -c plugins.codex-app-tools@openai-bundled.mcp_servers.codex_app.enabled=true",
        "ParentUser": "DESKTOP-FOEGBB0\\o-neo"
      }
    },
    {
      "source": "sysmon",
      "provider": "Microsoft-Windows-Sysmon",
      "eventId": 1,
      "time": "2026-09-13T22:09:54.3571328Z",
      "recordId": 623679,
      "data": {
        "RuleName": "-",
        "UtcTime": "2026-09-13 22:09:54.257",
        "ProcessGuid": "{66b35fd9-1f32-6aa7-313d-000000001700}",
        "ProcessId": "13272",
        "Image": "C:\\Windows\\System32\\cmd.exe",
        "FileVersion": "10.0.26100.9278 (WinBuild.160101.0800)",
        "Description": "Windows Command Processor",
        "Product": "Microsoft� Windows� Operating System",
        "Company": "Microsoft Corporation",
        "OriginalFileName": "Cmd.Exe",
        "CommandLine": "C:\\WINDOWS\\system32\\cmd.exe /c CALL \"C:\\Tools\\Node\\node-v24.21.0-win-x64\\\\node.exe\" \"C:\\Tools\\Node\\node-v24.21.0-win-x64\\\\node_modules\\npm\\bin\\npm-prefix.js\"",
        "CurrentDirectory": "C:\\Users\\o-neo\\Documents\\Vip-Gece-Web-Gelistirme\\",
        "User": "DESKTOP-FOEGBB0\\o-neo",
        "LogonGuid": "{66b35fd9-c5ee-6aa6-d395-060000000000}",
        "LogonId": "0x695d3",
        "TerminalSessionId": "1",
        "IntegrityLevel": "Medium",
        "Hashes": "MD5=CE396564392FAFAAD5C07A5E2DADE4E6,SHA256=97AC98B1A92C286054CCE55239CFCCDFC23A5517BD07FE693072C9CA96C7DABB,IMPHASH=010B165E4C37F484601D3DBD700C9423",
        "ParentProcessGuid": "{66b35fd9-1f32-6aa7-303d-000000001700}",
        "ParentProcessId": "3376",
        "ParentImage": "C:\\Windows\\System32\\cmd.exe",
        "ParentCommandLine": "cmd.exe /e:ON /v:OFF /d /c \"\"C:\\Tools\\Node\\node-v24.21.0-win-x64\\npx.cmd\" -y firebase-tools@latest mcp --dir .\"",
        "ParentUser": "DESKTOP-FOEGBB0\\o-neo"
      }
    },
    {
      "source": "sysmon",
      "provider": "Microsoft-Windows-Sysmon",
      "eventId": 1,
      "time": "2026-09-13T22:09:54.4342883Z",
      "recordId": 623680,
      "data": {
        "RuleName": "-",
        "UtcTime": "2026-09-13 22:09:54.349",
        "ProcessGuid": "{66b35fd9-1f32-6aa7-333d-000000001700}",
        "ProcessId": "10284",
        "Image": "C:\\Tools\\Node\\node-v24.21.0-win-x64\\node.exe",
        "FileVersion": "24.21.0",
        "Description": "Node.js JavaScript Runtime",
        "Product": "Node.js",
        "Company": "Node.js",
        "OriginalFileName": "node.exe",
        "CommandLine": "\"C:\\Tools\\Node\\node-v24.21.0-win-x64\\\\node.exe\"  \"C:\\Tools\\Node\\node-v24.21.0-win-x64\\\\node_modules\\npm\\bin\\npm-prefix.js\"",
        "CurrentDirectory": "C:\\Users\\o-neo\\Documents\\Vip-Gece-Web-Gelistirme\\",
        "User": "DESKTOP-FOEGBB0\\o-neo",
        "LogonGuid": "{66b35fd9-c5ee-6aa6-d395-060000000000}",
        "LogonId": "0x695d3",
        "TerminalSessionId": "1",
        "IntegrityLevel": "Medium",
        "Hashes": "MD5=12E6FB7D516F65083AE68CCF1E5F4EB8,SHA256=BA4E6D110E8C1592A1ECD390F6B05F3DA124B13871A5BE62B341A07A853C6C32,IMPHASH=6538DFB25A4AF0BD0D9AAA2ACC7B075A",
        "ParentProcessGuid": "{66b35fd9-1f32-6aa7-2f3d-000000001700}",
        "ParentProcessId": "12900",
        "ParentImage": "C:\\Windows\\System32\\cmd.exe",
        "ParentCommandLine": "C:\\WINDOWS\\system32\\cmd.exe /c CALL \"C:\\Tools\\Node\\node-v24.21.0-win-x64\\\\node.exe\" \"C:\\Tools\\Node\\node-v24.21.0-win-x64\\\\node_modules\\npm\\bin\\npm-prefix.js\"",
        "ParentUser": "DESKTOP-FOEGBB0\\o-neo"
      }
    },
    {
      "source": "sysmon",
      "provider": "Microsoft-Windows-Sysmon",
      "eventId": 1,
      "time": "2026-09-13T22:09:54.4404620Z",
      "recordId": 623682,
      "data": {
        "RuleName": "-",
        "UtcTime": "2026-09-13 22:09:54.408",
        "ProcessGuid": "{66b35fd9-1f32-6aa7-343d-000000001700}",
        "ProcessId": "8684",
        "Image": "C:\\Tools\\Node\\node-v24.21.0-win-x64\\node.exe",
        "FileVersion": "24.21.0",
        "Description": "Node.js JavaScript Runtime",
        "Product": "Node.js",
        "Company": "Node.js",
        "OriginalFileName": "node.exe",
        "CommandLine": "\"C:\\Tools\\Node\\node-v24.21.0-win-x64\\\\node.exe\"  \"C:\\Tools\\Node\\node-v24.21.0-win-x64\\\\node_modules\\npm\\bin\\npm-prefix.js\"",
        "CurrentDirectory": "C:\\Users\\o-neo\\Documents\\Vip-Gece-Web-Gelistirme\\",
        "User": "DESKTOP-FOEGBB0\\o-neo",
        "LogonGuid": "{66b35fd9-c5ee-6aa6-d395-060000000000}",
        "LogonId": "0x695d3",
        "TerminalSessionId": "1",
        "IntegrityLevel": "Medium",
        "Hashes": "MD5=12E6FB7D516F65083AE68CCF1E5F4EB8,SHA256=BA4E6D110E8C1592A1ECD390F6B05F3DA124B13871A5BE62B341A07A853C6C32,IMPHASH=6538DFB25A4AF0BD0D9AAA2ACC7B075A",
        "ParentProcessGuid": "{66b35fd9-1f32-6aa7-313d-000000001700}",
        "ParentProcessId": "13272",
        "ParentImage": "C:\\Windows\\System32\\cmd.exe",
        "ParentCommandLine": "C:\\WINDOWS\\system32\\cmd.exe /c CALL \"C:\\Tools\\Node\\node-v24.21.0-win-x64\\\\node.exe\" \"C:\\Tools\\Node\\node-v24.21.0-win-x64\\\\node_modules\\npm\\bin\\npm-prefix.js\"",
        "ParentUser": "DESKTOP-FOEGBB0\\o-neo"
      }
    },
    {
      "source": "sysmon",
      "provider": "Microsoft-Windows-Sysmon",
      "eventId": 1,
      "time": "2026-09-13T22:09:54.4633940Z",
      "recordId": 623683,
      "data": {
        "RuleName": "-",
        "UtcTime": "2026-09-13 22:09:54.346",
        "ProcessGuid": "{66b35fd9-1f32-6aa7-323d-000000001700}",
        "ProcessId": "12004",
        "Image": "C:\\Tools\\Node\\node-v24.21.0-win-x64\\node.exe",
        "FileVersion": "24.21.0",
        "Description": "Node.js JavaScript Runtime",
        "Product": "Node.js",
        "Company": "Node.js",
        "OriginalFileName": "node.exe",
        "CommandLine": "\"C:\\Tools\\Node\\node-v24.21.0-win-x64\\\\node.exe\"  \"C:\\Tools\\Node\\node-v24.21.0-win-x64\\\\node_modules\\npm\\bin\\npm-prefix.js\"",
        "CurrentDirectory": "C:\\Users\\o-neo\\Documents\\Vip-Gece-Web-Gelistirme\\",
        "User": "DESKTOP-FOEGBB0\\o-neo",
        "LogonGuid": "{66b35fd9-c5ee-6aa6-d395-060000000000}",
        "LogonId": "0x695d3",
        "TerminalSessionId": "1",
        "IntegrityLevel": "Medium",
        "Hashes": "MD5=12E6FB7D516F65083AE68CCF1E5F4EB8,SHA256=BA4E6D110E8C1592A1ECD390F6B05F3DA124B13871A5BE62B341A07A853C6C32,IMPHASH=6538DFB25A4AF0BD0D9AAA2ACC7B075A",
        "ParentProcessGuid": "{66b35fd9-1f32-6aa7-2e3d-000000001700}",
        "ParentProcessId": "9740",
        "ParentImage": "C:\\Windows\\System32\\cmd.exe",
        "ParentCommandLine": "C:\\WINDOWS\\system32\\cmd.exe /c CALL \"C:\\Tools\\Node\\node-v24.21.0-win-x64\\\\node.exe\" \"C:\\Tools\\Node\\node-v24.21.0-win-x64\\\\node_modules\\npm\\bin\\npm-prefix.js\"",
        "ParentUser": "DESKTOP-FOEGBB0\\o-neo"
      }
    },
    {
      "source": "sysmon",
      "provider": "Microsoft-Windows-Sysmon",
      "eventId": 1,
      "time": "2026-09-13T22:09:54.5207183Z",
      "recordId": 623684,
      "data": {
        "RuleName": "-",
        "UtcTime": "2026-09-13 22:09:54.470",
        "ProcessGuid": "{66b35fd9-1f32-6aa7-353d-000000001700}",
        "ProcessId": "3580",
        "Image": "C:\\Windows\\System32\\cmd.exe",
        "FileVersion": "10.0.26100.9278 (WinBuild.160101.0800)",
        "Description": "Windows Command Processor",
        "Product": "Microsoft� Windows� Operating System",
        "Company": "Microsoft Corporation",
        "OriginalFileName": "Cmd.Exe",
        "CommandLine": "\"C:\\WINDOWS\\system32\\cmd.exe\" /d /s /c call ./scripts/launch_codex_app_tools_mcp.cmd ./server.mjs",
        "CurrentDirectory": "C:\\Program Files\\WindowsApps\\OpenAI.Codex_26.908.4834.0_x64__2p2nqsd0c76g0\\app\\resources\\plugins\\openai-bundled\\plugins\\codex-app-tools\\",
        "User": "DESKTOP-FOEGBB0\\o-neo",
        "LogonGuid": "{66b35fd9-c5ee-6aa6-d395-060000000000}",
        "LogonId": "0x695d3",
        "TerminalSessionId": "1",
        "IntegrityLevel": "Medium",
        "Hashes": "MD5=CE396564392FAFAAD5C07A5E2DADE4E6,SHA256=97AC98B1A92C286054CCE55239CFCCDFC23A5517BD07FE693072C9CA96C7DABB,IMPHASH=010B165E4C37F484601D3DBD700C9423",
        "ParentProcessGuid": "{66b35fd9-ee3a-6aa6-231e-000000001700}",
        "ParentProcessId": "11556",
        "ParentImage": "C:\\Users\\o-neo\\AppData\\Local\\OpenAI\\Codex\\bin\\bffc5354119c8421\\codex.exe",
        "ParentCommandLine": "C:\\Users\\o-neo\\AppData\\Local\\OpenAI\\Codex\\bin\\bffc5354119c8421\\codex.exe -c features.code_mode_host=true app-server --analytics-default-enabled -c plugins.codex-app-tools@openai-bundled.mcp_servers.codex_app.enabled=true",
        "ParentUser": "DESKTOP-FOEGBB0\\o-neo"
      }
    },
    {
      "source": "sysmon",
      "provider": "Microsoft-Windows-Sysmon",
      "eventId": 1,
      "time": "2026-09-13T22:09:55.2195818Z",
      "recordId": 623685,
      "data": {
        "RuleName": "-",
        "UtcTime": "2026-09-13 22:09:54.990",
        "ProcessGuid": "{66b35fd9-1f32-6aa7-363d-000000001700}",
        "ProcessId": "9388",
        "Image": "C:\\Users\\o-neo\\AppData\\Local\\OpenAI\\Codex\\runtimes\\cua_node\\a708e72b10c27b59\\bin\\node.exe",
        "FileVersion": "24.20.0",
        "Description": "Node.js JavaScript Runtime",
        "Product": "Node.js",
        "Company": "Node.js",
        "OriginalFileName": "node.exe",
        "CommandLine": "\"C:\\Users\\o-neo\\AppData\\Local\\OpenAI\\Codex\\runtimes\\cua_node\\a708e72b10c27b59\\bin\\node.exe\"  ./server.mjs",
        "CurrentDirectory": "C:\\Program Files\\WindowsApps\\OpenAI.Codex_26.908.4834.0_x64__2p2nqsd0c76g0\\app\\resources\\plugins\\openai-bundled\\plugins\\codex-app-tools\\",
        "User": "DESKTOP-FOEGBB0\\o-neo",
        "LogonGuid": "{66b35fd9-c5ee-6aa6-d395-060000000000}",
        "LogonId": "0x695d3",
        "TerminalSessionId": "1",
        "IntegrityLevel": "Medium",
        "Hashes": "MD5=EB2EA40C02F62DB117B10DD12FB39A36,SHA256=8548590CA198A4AAB2715C9AF698DE4B4857AC0A8DD9DA4968473DEF948DD089,IMPHASH=6538DFB25A4AF0BD0D9AAA2ACC7B075A",
        "ParentProcessGuid": "{66b35fd9-1f32-6aa7-353d-000000001700}",
        "ParentProcessId": "3580",
        "ParentImage": "C:\\Windows\\System32\\cmd.exe",
        "ParentCommandLine": "\"C:\\WINDOWS\\system32\\cmd.exe\" /d /s /c call ./scripts/launch_codex_app_tools_mcp.cmd ./server.mjs",
        "ParentUser": "DESKTOP-FOEGBB0\\o-neo"
      }
    },
    {
      "source": "sysmon",
      "provider": "Microsoft-Windows-Sysmon",
      "eventId": 1,
      "time": "2026-09-13T22:09:56.0335201Z",
      "recordId": 623687,
      "data": {
        "RuleName": "-",
        "UtcTime": "2026-09-13 22:09:56.021",
        "ProcessGuid": "{66b35fd9-1f34-6aa7-373d-000000001700}",
        "ProcessId": "10200",
        "Image": "C:\\Windows\\System32\\cmd.exe",
        "FileVersion": "10.0.26100.9278 (WinBuild.160101.0800)",
        "Description": "Windows Command Processor",
        "Product": "Microsoft� Windows� Operating System",
        "Company": "Microsoft Corporation",
        "OriginalFileName": "Cmd.Exe",
        "CommandLine": "cmd.exe /e:ON /v:OFF /d /c \"\"C:\\Tools\\Node\\node-v24.21.0-win-x64\\npx.cmd\" -y firebase-tools@latest mcp --dir .\"",
        "CurrentDirectory": "C:\\Users\\o-neo\\Documents\\Vip-Gece-Web-Gelistirme\\",
        "User": "DESKTOP-FOEGBB0\\o-neo",
        "LogonGuid": "{66b35fd9-c5ee-6aa6-d395-060000000000}",
        "LogonId": "0x695d3",
        "TerminalSessionId": "1",
        "IntegrityLevel": "Medium",
        "Hashes": "MD5=CE396564392FAFAAD5C07A5E2DADE4E6,SHA256=97AC98B1A92C286054CCE55239CFCCDFC23A5517BD07FE693072C9CA96C7DABB,IMPHASH=010B165E4C37F484601D3DBD700C9423",
        "ParentProcessGuid": "{66b35fd9-ee3a-6aa6-231e-000000001700}",
        "ParentProcessId": "11556",
        "ParentImage": "C:\\Users\\o-neo\\AppData\\Local\\OpenAI\\Codex\\bin\\bffc5354119c8421\\codex.exe",
        "ParentCommandLine": "C:\\Users\\o-neo\\AppData\\Local\\OpenAI\\Codex\\bin\\bffc5354119c8421\\codex.exe -c features.code_mode_host=true app-server --analytics-default-enabled -c plugins.codex-app-tools@openai-bundled.mcp_servers.codex_app.enabled=true",
        "ParentUser": "DESKTOP-FOEGBB0\\o-neo"
      }
    },
    {
      "source": "sysmon",
      "provider": "Microsoft-Windows-Sysmon",
      "eventId": 1,
      "time": "2026-09-13T22:09:56.1322612Z",
      "recordId": 623688,
      "data": {
        "RuleName": "-",
        "UtcTime": "2026-09-13 22:09:56.097",
        "ProcessGuid": "{66b35fd9-1f34-6aa7-383d-000000001700}",
        "ProcessId": "11808",
        "Image": "C:\\Windows\\System32\\cmd.exe",
        "FileVersion": "10.0.26100.9278 (WinBuild.160101.0800)",
        "Description": "Windows Command Processor",
        "Product": "Microsoft� Windows� Operating System",
        "Company": "Microsoft Corporation",
        "OriginalFileName": "Cmd.Exe",
        "CommandLine": "C:\\WINDOWS\\system32\\cmd.exe /c CALL \"C:\\Tools\\Node\\node-v24.21.0-win-x64\\\\node.exe\" \"C:\\Tools\\Node\\node-v24.21.0-win-x64\\\\node_modules\\npm\\bin\\npm-prefix.js\"",
        "CurrentDirectory": "C:\\Users\\o-neo\\Documents\\Vip-Gece-Web-Gelistirme\\",
        "User": "DESKTOP-FOEGBB0\\o-neo",
        "LogonGuid": "{66b35fd9-c5ee-6aa6-d395-060000000000}",
        "LogonId": "0x695d3",
        "TerminalSessionId": "1",
        "IntegrityLevel": "Medium",
        "Hashes": "MD5=CE396564392FAFAAD5C07A5E2DADE4E6,SHA256=97AC98B1A92C286054CCE55239CFCCDFC23A5517BD07FE693072C9CA96C7DABB,IMPHASH=010B165E4C37F484601D3DBD700C9423",
        "ParentProcessGuid": "{66b35fd9-1f34-6aa7-373d-000000001700}",
        "ParentProcessId": "10200",
        "ParentImage": "C:\\Windows\\System32\\cmd.exe",
        "ParentCommandLine": "cmd.exe /e:ON /v:OFF /d /c \"\"C:\\Tools\\Node\\node-v24.21.0-win-x64\\npx.cmd\" -y firebase-tools@latest mcp --dir .\"",
        "ParentUser": "DESKTOP-FOEGBB0\\o-neo"
      }
    },
    {
      "source": "sysmon",
      "provider": "Microsoft-Windows-Sysmon",
      "eventId": 1,
      "time": "2026-09-13T22:09:56.2097436Z",
      "recordId": 623689,
      "data": {
        "RuleName": "-",
        "UtcTime": "2026-09-13 22:09:56.160",
        "ProcessGuid": "{66b35fd9-1f34-6aa7-393d-000000001700}",
        "ProcessId": "8644",
        "Image": "C:\\Tools\\Node\\node-v24.21.0-win-x64\\node.exe",
        "FileVersion": "24.21.0",
        "Description": "Node.js JavaScript Runtime",
        "Product": "Node.js",
        "Company": "Node.js",
        "OriginalFileName": "node.exe",
        "CommandLine": "\"C:\\Tools\\Node\\node-v24.21.0-win-x64\\\\node.exe\"  \"C:\\Tools\\Node\\node-v24.21.0-win-x64\\\\node_modules\\npm\\bin\\npm-prefix.js\"",
        "CurrentDirectory": "C:\\Users\\o-neo\\Documents\\Vip-Gece-Web-Gelistirme\\",
        "User": "DESKTOP-FOEGBB0\\o-neo",
        "LogonGuid": "{66b35fd9-c5ee-6aa6-d395-060000000000}",
        "LogonId": "0x695d3",
        "TerminalSessionId": "1",
        "IntegrityLevel": "Medium",
        "Hashes": "MD5=12E6FB7D516F65083AE68CCF1E5F4EB8,SHA256=BA4E6D110E8C1592A1ECD390F6B05F3DA124B13871A5BE62B341A07A853C6C32,IMPHASH=6538DFB25A4AF0BD0D9AAA2ACC7B075A",
        "ParentProcessGuid": "{66b35fd9-1f34-6aa7-383d-000000001700}",
        "ParentProcessId": "11808",
        "ParentImage": "C:\\Windows\\System32\\cmd.exe",
        "ParentCommandLine": "C:\\WINDOWS\\system32\\cmd.exe /c CALL \"C:\\Tools\\Node\\node-v24.21.0-win-x64\\\\node.exe\" \"C:\\Tools\\Node\\node-v24.21.0-win-x64\\\\node_modules\\npm\\bin\\npm-prefix.js\"",
        "ParentUser": "DESKTOP-FOEGBB0\\o-neo"
      }
    },
    {
      "source": "sysmon",
      "provider": "Microsoft-Windows-Sysmon",
      "eventId": 1,
      "time": "2026-09-13T22:09:56.8852315Z",
      "recordId": 623692,
      "data": {
        "RuleName": "-",
        "UtcTime": "2026-09-13 22:09:56.874",
        "ProcessGuid": "{66b35fd9-1f34-6aa7-3a3d-000000001700}",
        "ProcessId": "1984",
        "Image": "C:\\Windows\\System32\\cmd.exe",
        "FileVersion": "10.0.26100.9278 (WinBuild.160101.0800)",
        "Description": "Windows Command Processor",
        "Product": "Microsoft� Windows� Operating System",
        "Company": "Microsoft Corporation",
        "OriginalFileName": "Cmd.Exe",
        "CommandLine": "cmd.exe /e:ON /v:OFF /d /c \"\"C:\\Tools\\Node\\node-v24.21.0-win-x64\\npx.cmd\" -y firebase-tools@latest mcp --dir .\"",
        "CurrentDirectory": "C:\\Users\\o-neo\\Documents\\Codex\\2026-09-10\\c\\",
        "User": "DESKTOP-FOEGBB0\\o-neo",
        "LogonGuid": "{66b35fd9-c5ee-6aa6-d395-060000000000}",
        "LogonId": "0x695d3",
        "TerminalSessionId": "1",
        "IntegrityLevel": "Medium",
        "Hashes": "MD5=CE396564392FAFAAD5C07A5E2DADE4E6,SHA256=97AC98B1A92C286054CCE55239CFCCDFC23A5517BD07FE693072C9CA96C7DABB,IMPHASH=010B165E4C37F484601D3DBD700C9423",
        "ParentProcessGuid": "{66b35fd9-ee3a-6aa6-231e-000000001700}",
        "ParentProcessId": "11556",
        "ParentImage": "C:\\Users\\o-neo\\AppData\\Local\\OpenAI\\Codex\\bin\\bffc5354119c8421\\codex.exe",
        "ParentCommandLine": "C:\\Users\\o-neo\\AppData\\Local\\OpenAI\\Codex\\bin\\bffc5354119c8421\\codex.exe -c features.code_mode_host=true app-server --analytics-default-enabled -c plugins.codex-app-tools@openai-bundled.mcp_servers.codex_app.enabled=true",
        "ParentUser": "DESKTOP-FOEGBB0\\o-neo"
      }
    },
    {
      "source": "sysmon",
      "provider": "Microsoft-Windows-Sysmon",
      "eventId": 1,
      "time": "2026-09-13T22:09:56.9866168Z",
      "recordId": 623693,
      "data": {
        "RuleName": "-",
        "UtcTime": "2026-09-13 22:09:56.935",
        "ProcessGuid": "{66b35fd9-1f34-6aa7-3b3d-000000001700}",
        "ProcessId": "6984",
        "Image": "C:\\Windows\\System32\\cmd.exe",
        "FileVersion": "10.0.26100.9278 (WinBuild.160101.0800)",
        "Description": "Windows Command Processor",
        "Product": "Microsoft� Windows� Operating System",
        "Company": "Microsoft Corporation",
        "OriginalFileName": "Cmd.Exe",
        "CommandLine": "cmd.exe /e:ON /v:OFF /d /c \"\"C:\\Tools\\Node\\node-v24.21.0-win-x64\\npx.cmd\" -y firebase-tools@latest mcp --dir .\"",
        "CurrentDirectory": "C:\\Users\\o-neo\\Documents\\Vip-Gece-Web-Gelistirme\\",
        "User": "DESKTOP-FOEGBB0\\o-neo",
        "LogonGuid": "{66b35fd9-c5ee-6aa6-d395-060000000000}",
        "LogonId": "0x695d3",
        "TerminalSessionId": "1",
        "IntegrityLevel": "Medium",
        "Hashes": "MD5=CE396564392FAFAAD5C07A5E2DADE4E6,SHA256=97AC98B1A92C286054CCE55239CFCCDFC23A5517BD07FE693072C9CA96C7DABB,IMPHASH=010B165E4C37F484601D3DBD700C9423",
        "ParentProcessGuid": "{66b35fd9-ee3a-6aa6-231e-000000001700}",
        "ParentProcessId": "11556",
        "ParentImage": "C:\\Users\\o-neo\\AppData\\Local\\OpenAI\\Codex\\bin\\bffc5354119c8421\\codex.exe",
        "ParentCommandLine": "C:\\Users\\o-neo\\AppData\\Local\\OpenAI\\Codex\\bin\\bffc5354119c8421\\codex.exe -c features.code_mode_host=true app-server --analytics-default-enabled -c plugins.codex-app-tools@openai-bundled.mcp_servers.codex_app.enabled=true",
        "ParentUser": "DESKTOP-FOEGBB0\\o-neo"
      }
    },
    {
      "source": "sysmon",
      "provider": "Microsoft-Windows-Sysmon",
      "eventId": 1,
      "time": "2026-09-13T22:09:57.0921377Z",
      "recordId": 623694,
      "data": {
        "RuleName": "-",
        "UtcTime": "2026-09-13 22:09:57.057",
        "ProcessGuid": "{66b35fd9-1f35-6aa7-3c3d-000000001700}",
        "ProcessId": "10552",
        "Image": "C:\\Windows\\System32\\cmd.exe",
        "FileVersion": "10.0.26100.9278 (WinBuild.160101.0800)",
        "Description": "Windows Command Processor",
        "Product": "Microsoft� Windows� Operating System",
        "Company": "Microsoft Corporation",
        "OriginalFileName": "Cmd.Exe",
        "CommandLine": "\"C:\\WINDOWS\\system32\\cmd.exe\" /d /s /c call ./scripts/launch_codex_app_tools_mcp.cmd ./server.mjs",
        "CurrentDirectory": "C:\\Program Files\\WindowsApps\\OpenAI.Codex_26.908.4834.0_x64__2p2nqsd0c76g0\\app\\resources\\plugins\\openai-bundled\\plugins\\codex-app-tools\\",
        "User": "DESKTOP-FOEGBB0\\o-neo",
        "LogonGuid": "{66b35fd9-c5ee-6aa6-d395-060000000000}",
        "LogonId": "0x695d3",
        "TerminalSessionId": "1",
        "IntegrityLevel": "Medium",
        "Hashes": "MD5=CE396564392FAFAAD5C07A5E2DADE4E6,SHA256=97AC98B1A92C286054CCE55239CFCCDFC23A5517BD07FE693072C9CA96C7DABB,IMPHASH=010B165E4C37F484601D3DBD700C9423",
        "ParentProcessGuid": "{66b35fd9-ee3a-6aa6-231e-000000001700}",
        "ParentProcessId": "11556",
        "ParentImage": "C:\\Users\\o-neo\\AppData\\Local\\OpenAI\\Codex\\bin\\bffc5354119c8421\\codex.exe",
        "ParentCommandLine": "C:\\Users\\o-neo\\AppData\\Local\\OpenAI\\Codex\\bin\\bffc5354119c8421\\codex.exe -c features.code_mode_host=true app-server --analytics-default-enabled -c plugins.codex-app-tools@openai-bundled.mcp_servers.codex_app.enabled=true",
        "ParentUser": "DESKTOP-FOEGBB0\\o-neo"
      }
    },
    {
      "source": "sysmon",
      "provider": "Microsoft-Windows-Sysmon",
      "eventId": 1,
      "time": "2026-09-13T22:09:57.1603773Z",
      "recordId": 623695,
      "data": {
        "RuleName": "-",
        "UtcTime": "2026-09-13 22:09:57.099",
        "ProcessGuid": "{66b35fd9-1f35-6aa7-3d3d-000000001700}",
        "ProcessId": "2556",
        "Image": "C:\\Windows\\System32\\cmd.exe",
        "FileVersion": "10.0.26100.9278 (WinBuild.160101.0800)",
        "Description": "Windows Command Processor",
        "Product": "Microsoft� Windows� Operating System",
        "Company": "Microsoft Corporation",
        "OriginalFileName": "Cmd.Exe",
        "CommandLine": "C:\\WINDOWS\\system32\\cmd.exe /c CALL \"C:\\Tools\\Node\\node-v24.21.0-win-x64\\\\node.exe\" \"C:\\Tools\\Node\\node-v24.21.0-win-x64\\\\node_modules\\npm\\bin\\npm-prefix.js\"",
        "CurrentDirectory": "C:\\Users\\o-neo\\Documents\\Vip-Gece-Web-Gelistirme\\",
        "User": "DESKTOP-FOEGBB0\\o-neo",
        "LogonGuid": "{66b35fd9-c5ee-6aa6-d395-060000000000}",
        "LogonId": "0x695d3",
        "TerminalSessionId": "1",
        "IntegrityLevel": "Medium",
        "Hashes": "MD5=CE396564392FAFAAD5C07A5E2DADE4E6,SHA256=97AC98B1A92C286054CCE55239CFCCDFC23A5517BD07FE693072C9CA96C7DABB,IMPHASH=010B165E4C37F484601D3DBD700C9423",
        "ParentProcessGuid": "{66b35fd9-1f34-6aa7-3b3d-000000001700}",
        "ParentProcessId": "6984",
        "ParentImage": "C:\\Windows\\System32\\cmd.exe",
        "ParentCommandLine": "cmd.exe /e:ON /v:OFF /d /c \"\"C:\\Tools\\Node\\node-v24.21.0-win-x64\\npx.cmd\" -y firebase-tools@latest mcp --dir .\"",
        "ParentUser": "DESKTOP-FOEGBB0\\o-neo"
      }
    },
    {
      "source": "sysmon",
      "provider": "Microsoft-Windows-Sysmon",
      "eventId": 1,
      "time": "2026-09-13T22:09:57.2007858Z",
      "recordId": 623696,
      "data": {
        "RuleName": "-",
        "UtcTime": "2026-09-13 22:09:57.153",
        "ProcessGuid": "{66b35fd9-1f35-6aa7-3e3d-000000001700}",
        "ProcessId": "6432",
        "Image": "C:\\Windows\\System32\\cmd.exe",
        "FileVersion": "10.0.26100.9278 (WinBuild.160101.0800)",
        "Description": "Windows Command Processor",
        "Product": "Microsoft� Windows� Operating System",
        "Company": "Microsoft Corporation",
        "OriginalFileName": "Cmd.Exe",
        "CommandLine": "C:\\WINDOWS\\system32\\cmd.exe /c CALL \"C:\\Tools\\Node\\node-v24.21.0-win-x64\\\\node.exe\" \"C:\\Tools\\Node\\node-v24.21.0-win-x64\\\\node_modules\\npm\\bin\\npm-prefix.js\"",
        "CurrentDirectory": "C:\\Users\\o-neo\\Documents\\Codex\\2026-09-10\\c\\",
        "User": "DESKTOP-FOEGBB0\\o-neo",
        "LogonGuid": "{66b35fd9-c5ee-6aa6-d395-060000000000}",
        "LogonId": "0x695d3",
        "TerminalSessionId": "1",
        "IntegrityLevel": "Medium",
        "Hashes": "MD5=CE396564392FAFAAD5C07A5E2DADE4E6,SHA256=97AC98B1A92C286054CCE55239CFCCDFC23A5517BD07FE693072C9CA96C7DABB,IMPHASH=010B165E4C37F484601D3DBD700C9423",
        "ParentProcessGuid": "{66b35fd9-1f34-6aa7-3a3d-000000001700}",
        "ParentProcessId": "1984",
        "ParentImage": "C:\\Windows\\System32\\cmd.exe",
        "ParentCommandLine": "cmd.exe /e:ON /v:OFF /d /c \"\"C:\\Tools\\Node\\node-v24.21.0-win-x64\\npx.cmd\" -y firebase-tools@latest mcp --dir .\"",
        "ParentUser": "DESKTOP-FOEGBB0\\o-neo"
      }
    },
    {
      "source": "sysmon",
      "provider": "Microsoft-Windows-Sysmon",
      "eventId": 1,
      "time": "2026-09-13T22:09:57.4206974Z",
      "recordId": 623697,
      "data": {
        "RuleName": "-",
        "UtcTime": "2026-09-13 22:09:57.249",
        "ProcessGuid": "{66b35fd9-1f35-6aa7-3f3d-000000001700}",
        "ProcessId": "4028",
        "Image": "C:\\Tools\\Node\\node-v24.21.0-win-x64\\node.exe",
        "FileVersion": "24.21.0",
        "Description": "Node.js JavaScript Runtime",
        "Product": "Node.js",
        "Company": "Node.js",
        "OriginalFileName": "node.exe",
        "CommandLine": "\"C:\\Tools\\Node\\node-v24.21.0-win-x64\\\\node.exe\"  \"C:\\Tools\\Node\\node-v24.21.0-win-x64\\\\node_modules\\npm\\bin\\npm-prefix.js\"",
        "CurrentDirectory": "C:\\Users\\o-neo\\Documents\\Vip-Gece-Web-Gelistirme\\",
        "User": "DESKTOP-FOEGBB0\\o-neo",
        "LogonGuid": "{66b35fd9-c5ee-6aa6-d395-060000000000}",
        "LogonId": "0x695d3",
        "TerminalSessionId": "1",
        "IntegrityLevel": "Medium",
        "Hashes": "MD5=12E6FB7D516F65083AE68CCF1E5F4EB8,SHA256=BA4E6D110E8C1592A1ECD390F6B05F3DA124B13871A5BE62B341A07A853C6C32,IMPHASH=6538DFB25A4AF0BD0D9AAA2ACC7B075A",
        "ParentProcessGuid": "{00000000-0000-0000-0000-000000000000}",
        "ParentProcessId": "2556",
        "ParentImage": "C:\\Windows\\System32\\cmd.exe",
        "ParentCommandLine": "C:\\WINDOWS\\system32\\cmd.exe /c CALL \"C:\\Tools\\Node\\node-v24.21.0-win-x64\\\\node.exe\" \"C:\\Tools\\Node\\node-v24.21.0-win-x64\\\\node_modules\\npm\\bin\\npm-prefix.js\"",
        "ParentUser": "-"
      }
    },
    {
      "source": "sysmon",
      "provider": "Microsoft-Windows-Sysmon",
      "eventId": 1,
      "time": "2026-09-13T22:09:57.5008630Z",
      "recordId": 623698,
      "data": {
        "RuleName": "-",
        "UtcTime": "2026-09-13 22:09:57.293",
        "ProcessGuid": "{66b35fd9-1f35-6aa7-403d-000000001700}",
        "ProcessId": "11680",
        "Image": "C:\\Tools\\Node\\node-v24.21.0-win-x64\\node.exe",
        "FileVersion": "24.21.0",
        "Description": "Node.js JavaScript Runtime",
        "Product": "Node.js",
        "Company": "Node.js",
        "OriginalFileName": "node.exe",
        "CommandLine": "\"C:\\Tools\\Node\\node-v24.21.0-win-x64\\\\node.exe\"  \"C:\\Tools\\Node\\node-v24.21.0-win-x64\\\\node_modules\\npm\\bin\\npm-prefix.js\"",
        "CurrentDirectory": "C:\\Users\\o-neo\\Documents\\Codex\\2026-09-10\\c\\",
        "User": "DESKTOP-FOEGBB0\\o-neo",
        "LogonGuid": "{66b35fd9-c5ee-6aa6-d395-060000000000}",
        "LogonId": "0x695d3",
        "TerminalSessionId": "1",
        "IntegrityLevel": "Medium",
        "Hashes": "MD5=12E6FB7D516F65083AE68CCF1E5F4EB8,SHA256=BA4E6D110E8C1592A1ECD390F6B05F3DA124B13871A5BE62B341A07A853C6C32,IMPHASH=6538DFB25A4AF0BD0D9AAA2ACC7B075A",
        "ParentProcessGuid": "{66b35fd9-1f35-6aa7-3e3d-000000001700}",
        "ParentProcessId": "6432",
        "ParentImage": "C:\\Windows\\System32\\cmd.exe",
        "ParentCommandLine": "C:\\WINDOWS\\system32\\cmd.exe /c CALL \"C:\\Tools\\Node\\node-v24.21.0-win-x64\\\\node.exe\" \"C:\\Tools\\Node\\node-v24.21.0-win-x64\\\\node_modules\\npm\\bin\\npm-prefix.js\"",
        "ParentUser": "DESKTOP-FOEGBB0\\o-neo"
      }
    },
    {
      "source": "sysmon",
      "provider": "Microsoft-Windows-Sysmon",
      "eventId": 1,
      "time": "2026-09-13T22:09:57.5928307Z",
      "recordId": 623699,
      "data": {
        "RuleName": "-",
        "UtcTime": "2026-09-13 22:09:57.304",
        "ProcessGuid": "{66b35fd9-1f35-6aa7-413d-000000001700}",
        "ProcessId": "10520",
        "Image": "C:\\Users\\o-neo\\AppData\\Local\\OpenAI\\Codex\\runtimes\\cua_node\\a708e72b10c27b59\\bin\\node.exe",
        "FileVersion": "24.20.0",
        "Description": "Node.js JavaScript Runtime",
        "Product": "Node.js",
        "Company": "Node.js",
        "OriginalFileName": "node.exe",
        "CommandLine": "\"C:\\Users\\o-neo\\AppData\\Local\\OpenAI\\Codex\\runtimes\\cua_node\\a708e72b10c27b59\\bin\\node.exe\"  ./server.mjs",
        "CurrentDirectory": "C:\\Program Files\\WindowsApps\\OpenAI.Codex_26.908.4834.0_x64__2p2nqsd0c76g0\\app\\resources\\plugins\\openai-bundled\\plugins\\codex-app-tools\\",
        "User": "DESKTOP-FOEGBB0\\o-neo",
        "LogonGuid": "{66b35fd9-c5ee-6aa6-d395-060000000000}",
        "LogonId": "0x695d3",
        "TerminalSessionId": "1",
        "IntegrityLevel": "Medium",
        "Hashes": "MD5=EB2EA40C02F62DB117B10DD12FB39A36,SHA256=8548590CA198A4AAB2715C9AF698DE4B4857AC0A8DD9DA4968473DEF948DD089,IMPHASH=6538DFB25A4AF0BD0D9AAA2ACC7B075A",
        "ParentProcessGuid": "{66b35fd9-1f35-6aa7-3c3d-000000001700}",
        "ParentProcessId": "10552",
        "ParentImage": "C:\\Windows\\System32\\cmd.exe",
        "ParentCommandLine": "\"C:\\WINDOWS\\system32\\cmd.exe\" /d /s /c call ./scripts/launch_codex_app_tools_mcp.cmd ./server.mjs",
        "ParentUser": "DESKTOP-FOEGBB0\\o-neo"
      }
    },
    {
      "source": "sysmon",
      "provider": "Microsoft-Windows-Sysmon",
      "eventId": 1,
      "time": "2026-09-13T22:10:08.5157632Z",
      "recordId": 623703,
      "data": {
        "RuleName": "-",
        "UtcTime": "2026-09-13 22:10:08.344",
        "ProcessGuid": "{66b35fd9-1f40-6aa7-423d-000000001700}",
        "ProcessId": "672",
        "Image": "C:\\Tools\\Node\\node-v24.21.0-win-x64\\node.exe",
        "FileVersion": "24.21.0",
        "Description": "Node.js JavaScript Runtime",
        "Product": "Node.js",
        "Company": "Node.js",
        "OriginalFileName": "node.exe",
        "CommandLine": "\"C:\\Tools\\Node\\node-v24.21.0-win-x64\\\\node.exe\"  \"C:\\Tools\\Node\\node-v24.21.0-win-x64\\node_modules\\npm\\bin\\npx-cli.js\" -y firebase-tools@latest mcp --dir .",
        "CurrentDirectory": "C:\\Users\\o-neo\\Documents\\Vip-Gece-Web-Gelistirme\\",
        "User": "DESKTOP-FOEGBB0\\o-neo",
        "LogonGuid": "{66b35fd9-c5ee-6aa6-d395-060000000000}",
        "LogonId": "0x695d3",
        "TerminalSessionId": "1",
        "IntegrityLevel": "Medium",
        "Hashes": "MD5=12E6FB7D516F65083AE68CCF1E5F4EB8,SHA256=BA4E6D110E8C1592A1ECD390F6B05F3DA124B13871A5BE62B341A07A853C6C32,IMPHASH=6538DFB25A4AF0BD0D9AAA2ACC7B075A",
        "ParentProcessGuid": "{66b35fd9-1f32-6aa7-303d-000000001700}",
        "ParentProcessId": "3376",
        "ParentImage": "C:\\Windows\\System32\\cmd.exe",
        "ParentCommandLine": "cmd.exe /e:ON /v:OFF /d /c \"\"C:\\Tools\\Node\\node-v24.21.0-win-x64\\npx.cmd\" -y firebase-tools@latest mcp --dir .\"",
        "ParentUser": "DESKTOP-FOEGBB0\\o-neo"
      }
    },
    {
      "source": "sysmon",
      "provider": "Microsoft-Windows-Sysmon",
      "eventId": 1,
      "time": "2026-09-13T22:10:08.5505419Z",
      "recordId": 623704,
      "data": {
        "RuleName": "-",
        "UtcTime": "2026-09-13 22:10:08.419",
        "ProcessGuid": "{66b35fd9-1f40-6aa7-443d-000000001700}",
        "ProcessId": "13144",
        "Image": "C:\\Tools\\Node\\node-v24.21.0-win-x64\\node.exe",
        "FileVersion": "24.21.0",
        "Description": "Node.js JavaScript Runtime",
        "Product": "Node.js",
        "Company": "Node.js",
        "OriginalFileName": "node.exe",
        "CommandLine": "\"C:\\Tools\\Node\\node-v24.21.0-win-x64\\\\node.exe\"  \"C:\\Tools\\Node\\node-v24.21.0-win-x64\\node_modules\\npm\\bin\\npx-cli.js\" -y firebase-tools@latest mcp --dir .",
        "CurrentDirectory": "C:\\Users\\o-neo\\Documents\\Vip-Gece-Web-Gelistirme\\",
        "User": "DESKTOP-FOEGBB0\\o-neo",
        "LogonGuid": "{66b35fd9-c5ee-6aa6-d395-060000000000}",
        "LogonId": "0x695d3",
        "TerminalSessionId": "1",
        "IntegrityLevel": "Medium",
        "Hashes": "MD5=12E6FB7D516F65083AE68CCF1E5F4EB8,SHA256=BA4E6D110E8C1592A1ECD390F6B05F3DA124B13871A5BE62B341A07A853C6C32,IMPHASH=6538DFB25A4AF0BD0D9AAA2ACC7B075A",
        "ParentProcessGuid": "{66b35fd9-1f31-6aa7-2d3d-000000001700}",
        "ParentProcessId": "11816",
        "ParentImage": "C:\\Windows\\System32\\cmd.exe",
        "ParentCommandLine": "cmd.exe /e:ON /v:OFF /d /c \"\"C:\\Tools\\Node\\node-v24.21.0-win-x64\\npx.cmd\" -y firebase-tools@latest mcp --dir .\"",
        "ParentUser": "DESKTOP-FOEGBB0\\o-neo"
      }
    },
    {
      "source": "sysmon",
      "provider": "Microsoft-Windows-Sysmon",
      "eventId": 1,
      "time": "2026-09-13T22:10:08.5518233Z",
      "recordId": 623705,
      "data": {
        "RuleName": "-",
        "UtcTime": "2026-09-13 22:10:08.459",
        "ProcessGuid": "{66b35fd9-1f40-6aa7-453d-000000001700}",
        "ProcessId": "13192",
        "Image": "C:\\Tools\\Node\\node-v24.21.0-win-x64\\node.exe",
        "FileVersion": "24.21.0",
        "Description": "Node.js JavaScript Runtime",
        "Product": "Node.js",
        "Company": "Node.js",
        "OriginalFileName": "node.exe",
        "CommandLine": "\"C:\\Tools\\Node\\node-v24.21.0-win-x64\\\\node.exe\"  \"C:\\Tools\\Node\\node-v24.21.0-win-x64\\node_modules\\npm\\bin\\npx-cli.js\" -y firebase-tools@latest mcp --dir .",
        "CurrentDirectory": "C:\\Users\\o-neo\\Documents\\Codex\\2026-09-10\\c\\",
        "User": "DESKTOP-FOEGBB0\\o-neo",
        "LogonGuid": "{66b35fd9-c5ee-6aa6-d395-060000000000}",
        "LogonId": "0x695d3",
        "TerminalSessionId": "1",
        "IntegrityLevel": "Medium",
        "Hashes": "MD5=12E6FB7D516F65083AE68CCF1E5F4EB8,SHA256=BA4E6D110E8C1592A1ECD390F6B05F3DA124B13871A5BE62B341A07A853C6C32,IMPHASH=6538DFB25A4AF0BD0D9AAA2ACC7B075A",
        "ParentProcessGuid": "{66b35fd9-1f34-6aa7-3a3d-000000001700}",
        "ParentProcessId": "1984",
        "ParentImage": "C:\\Windows\\System32\\cmd.exe",
        "ParentCommandLine": "cmd.exe /e:ON /v:OFF /d /c \"\"C:\\Tools\\Node\\node-v24.21.0-win-x64\\npx.cmd\" -y firebase-tools@latest mcp --dir .\"",
        "ParentUser": "DESKTOP-FOEGBB0\\o-neo"
      }
    },
    {
      "source": "sysmon",
      "provider": "Microsoft-Windows-Sysmon",
      "eventId": 1,
      "time": "2026-09-13T22:10:08.6238991Z",
      "recordId": 623706,
      "data": {
        "RuleName": "-",
        "UtcTime": "2026-09-13 22:10:08.464",
        "ProcessGuid": "{66b35fd9-1f40-6aa7-463d-000000001700}",
        "ProcessId": "11900",
        "Image": "C:\\Tools\\Node\\node-v24.21.0-win-x64\\node.exe",
        "FileVersion": "24.21.0",
        "Description": "Node.js JavaScript Runtime",
        "Product": "Node.js",
        "Company": "Node.js",
        "OriginalFileName": "node.exe",
        "CommandLine": "\"C:\\Tools\\Node\\node-v24.21.0-win-x64\\\\node.exe\"  \"C:\\Tools\\Node\\node-v24.21.0-win-x64\\node_modules\\npm\\bin\\npx-cli.js\" -y firebase-tools@latest mcp --dir .",
        "CurrentDirectory": "C:\\Users\\o-neo\\Documents\\Vip-Gece-Web-Gelistirme\\",
        "User": "DESKTOP-FOEGBB0\\o-neo",
        "LogonGuid": "{66b35fd9-c5ee-6aa6-d395-060000000000}",
        "LogonId": "0x695d3",
        "TerminalSessionId": "1",
        "IntegrityLevel": "Medium",
        "Hashes": "MD5=12E6FB7D516F65083AE68CCF1E5F4EB8,SHA256=BA4E6D110E8C1592A1ECD390F6B05F3DA124B13871A5BE62B341A07A853C6C32,IMPHASH=6538DFB25A4AF0BD0D9AAA2ACC7B075A",
        "ParentProcessGuid": "{66b35fd9-1f34-6aa7-373d-000000001700}",
        "ParentProcessId": "10200",
        "ParentImage": "C:\\Windows\\System32\\cmd.exe",
        "ParentCommandLine": "cmd.exe /e:ON /v:OFF /d /c \"\"C:\\Tools\\Node\\node-v24.21.0-win-x64\\npx.cmd\" -y firebase-tools@latest mcp --dir .\"",
        "ParentUser": "DESKTOP-FOEGBB0\\o-neo"
      }
    },
    {
      "source": "sysmon",
      "provider": "Microsoft-Windows-Sysmon",
      "eventId": 1,
      "time": "2026-09-13T22:10:08.6250598Z",
      "recordId": 623707,
      "data": {
        "RuleName": "-",
        "UtcTime": "2026-09-13 22:10:08.467",
        "ProcessGuid": "{66b35fd9-1f40-6aa7-473d-000000001700}",
        "ProcessId": "8484",
        "Image": "C:\\Tools\\Node\\node-v24.21.0-win-x64\\node.exe",
        "FileVersion": "24.21.0",
        "Description": "Node.js JavaScript Runtime",
        "Product": "Node.js",
        "Company": "Node.js",
        "OriginalFileName": "node.exe",
        "CommandLine": "\"C:\\Tools\\Node\\node-v24.21.0-win-x64\\\\node.exe\"  \"C:\\Tools\\Node\\node-v24.21.0-win-x64\\node_modules\\npm\\bin\\npx-cli.js\" -y firebase-tools@latest mcp --dir .",
        "CurrentDirectory": "C:\\Users\\o-neo\\Documents\\Vip-Gece-Web-Gelistirme\\",
        "User": "DESKTOP-FOEGBB0\\o-neo",
        "LogonGuid": "{66b35fd9-c5ee-6aa6-d395-060000000000}",
        "LogonId": "0x695d3",
        "TerminalSessionId": "1",
        "IntegrityLevel": "Medium",
        "Hashes": "MD5=12E6FB7D516F65083AE68CCF1E5F4EB8,SHA256=BA4E6D110E8C1592A1ECD390F6B05F3DA124B13871A5BE62B341A07A853C6C32,IMPHASH=6538DFB25A4AF0BD0D9AAA2ACC7B075A",
        "ParentProcessGuid": "{66b35fd9-1f34-6aa7-3b3d-000000001700}",
        "ParentProcessId": "6984",
        "ParentImage": "C:\\Windows\\System32\\cmd.exe",
        "ParentCommandLine": "cmd.exe /e:ON /v:OFF /d /c \"\"C:\\Tools\\Node\\node-v24.21.0-win-x64\\npx.cmd\" -y firebase-tools@latest mcp --dir .\"",
        "ParentUser": "DESKTOP-FOEGBB0\\o-neo"
      }
    },
