    {
      "source": "sysmon",
      "provider": "Microsoft-Windows-Sysmon",
      "eventId": 1,
      "time": "2026-09-13T21:59:03.1850568Z",
      "recordId": 622535,
      "data": {
        "RuleName": "-",
        "UtcTime": "2026-09-13 21:58:58.171",
        "ProcessGuid": "{66b35fd9-1ca2-6aa7-3b3a-000000001700}",
        "ProcessId": "12572",
        "Image": "C:\\Windows\\System32\\cmd.exe",
        "FileVersion": "10.0.26100.9278 (WinBuild.160101.0800)",
        "Description": "Windows Command Processor",
        "Product": "Microsoft� Windows� Operating System",
        "Company": "Microsoft Corporation",
        "OriginalFileName": "Cmd.Exe",
        "CommandLine": "C:\\WINDOWS\\system32\\cmd.exe /c \"C:\\Users\\o-neo\\.cache\\codex-runtimes\\codex-primary-runtime\\dependencies\\native\\powershell\\pwsh.exe -NoProfile -NonInteractive -Command Get-Date\"",
        "CurrentDirectory": "C:\\Users\\o-neo\\Documents\\Vip-Gece-Web-Gelistirme\\",
        "User": "DESKTOP-FOEGBB0\\CodexSandboxOffline",
        "LogonGuid": "{66b35fd9-1ca2-6aa7-2f94-af0300000000}",
        "LogonId": "0x3af942f",
        "TerminalSessionId": "1",
        "IntegrityLevel": "Medium",
        "Hashes": "MD5=CE396564392FAFAAD5C07A5E2DADE4E6,SHA256=97AC98B1A92C286054CCE55239CFCCDFC23A5517BD07FE693072C9CA96C7DABB,IMPHASH=010B165E4C37F484601D3DBD700C9423",
        "ParentProcessGuid": "{66b35fd9-1ca2-6aa7-3a3a-000000001700}",
        "ParentProcessId": "3376",
        "ParentImage": "C:\\Users\\o-neo\\.codex\\.sandbox-bin\\codex-command-runner-0.154.0-alpha.6.2.exe",
        "ParentCommandLine": "C:\\Users\\o-neo\\.codex\\.sandbox-bin\\codex-command-runner-0.154.0-alpha.6.2.exe --pipe-in=\\\\.\\pipe\\codex-runner-561884adc3db373df4b39c256f7a6ca5-in --pipe-out=\\\\.\\pipe\\codex-runner-561884adc3db373df4b39c256f7a6ca5-out",
        "ParentUser": "DESKTOP-FOEGBB0\\CodexSandboxOffline"
      }
    },
    {
      "source": "sysmon",
      "provider": "Microsoft-Windows-Sysmon",
      "eventId": 1,
      "time": "2026-09-13T21:59:03.4204602Z",
      "recordId": 622536,
      "data": {
        "RuleName": "-",
        "UtcTime": "2026-09-13 21:59:03.365",
        "ProcessGuid": "{66b35fd9-1ca7-6aa7-3d3a-000000001700}",
        "ProcessId": "1108",
        "Image": "C:\\Users\\o-neo\\.cache\\codex-runtimes\\codex-primary-runtime\\dependencies\\native\\powershell\\pwsh.exe",
        "FileVersion": "7.6.5.500",
        "Description": "PowerShell 7",
        "Product": "PowerShell",
        "Company": "Microsoft Corporation",
        "OriginalFileName": "pwsh.dll",
        "CommandLine": "C:\\Users\\o-neo\\.cache\\codex-runtimes\\codex-primary-runtime\\dependencies\\native\\powershell\\pwsh.exe  -NoProfile -NonInteractive -Command Get-Date",
        "CurrentDirectory": "C:\\Users\\o-neo\\Documents\\Vip-Gece-Web-Gelistirme\\",
        "User": "DESKTOP-FOEGBB0\\CodexSandboxOffline",
        "LogonGuid": "{66b35fd9-1ca2-6aa7-2f94-af0300000000}",
        "LogonId": "0x3af942f",
        "TerminalSessionId": "1",
        "IntegrityLevel": "Medium",
        "Hashes": "MD5=900E13C7C07D7C3F949913452D81B208,SHA256=362A356CE7F0940EC74F73A8FC2C990A2CC24A38A11C90BBD8ECA947110AD139,IMPHASH=53E4E12437621212A425D294842D0A96",
        "ParentProcessGuid": "{66b35fd9-1ca2-6aa7-3b3a-000000001700}",
        "ParentProcessId": "12572",
        "ParentImage": "C:\\Windows\\System32\\cmd.exe",
        "ParentCommandLine": "C:\\WINDOWS\\system32\\cmd.exe /c \"C:\\Users\\o-neo\\.cache\\codex-runtimes\\codex-primary-runtime\\dependencies\\native\\powershell\\pwsh.exe -NoProfile -NonInteractive -Command Get-Date\"",
        "ParentUser": "DESKTOP-FOEGBB0\\CodexSandboxOffline"
      }
    },
    {
      "source": "sysmon",
      "provider": "Microsoft-Windows-Sysmon",
      "eventId": 1,
      "time": "2026-09-13T21:59:23.1254168Z",
      "recordId": 622547,
      "data": {
        "RuleName": "-",
        "UtcTime": "2026-09-13 21:59:23.049",
        "ProcessGuid": "{66b35fd9-1cbb-6aa7-433a-000000001700}",
        "ProcessId": "9604",
        "Image": "C:\\Windows\\System32\\cmd.exe",
        "FileVersion": "10.0.26100.9278 (WinBuild.160101.0800)",
        "Description": "Windows Command Processor",
        "Product": "Microsoft� Windows� Operating System",
        "Company": "Microsoft Corporation",
        "OriginalFileName": "Cmd.Exe",
        "CommandLine": "C:\\WINDOWS\\system32\\cmd.exe /c \"dir /s /b AGENTS.md\"",
        "CurrentDirectory": "C:\\Users\\o-neo\\Documents\\Vip-Gece-Web-Gelistirme\\",
        "User": "DESKTOP-FOEGBB0\\CodexSandboxOffline",
        "LogonGuid": "{66b35fd9-1cba-6aa7-ee4d-b00300000000}",
        "LogonId": "0x3b04dee",
        "TerminalSessionId": "1",
        "IntegrityLevel": "Medium",
        "Hashes": "MD5=CE396564392FAFAAD5C07A5E2DADE4E6,SHA256=97AC98B1A92C286054CCE55239CFCCDFC23A5517BD07FE693072C9CA96C7DABB,IMPHASH=010B165E4C37F484601D3DBD700C9423",
        "ParentProcessGuid": "{66b35fd9-1cba-6aa7-423a-000000001700}",
        "ParentProcessId": "12512",
        "ParentImage": "C:\\Users\\o-neo\\.codex\\.sandbox-bin\\codex-command-runner-0.154.0-alpha.6.2.exe",
        "ParentCommandLine": "C:\\Users\\o-neo\\.codex\\.sandbox-bin\\codex-command-runner-0.154.0-alpha.6.2.exe --pipe-in=\\\\.\\pipe\\codex-runner-b214009f58e1b1210aa26be177cfcc0b-in --pipe-out=\\\\.\\pipe\\codex-runner-b214009f58e1b1210aa26be177cfcc0b-out",
        "ParentUser": "DESKTOP-FOEGBB0\\CodexSandboxOffline"
      }
    },
    {
      "source": "sysmon",
      "provider": "Microsoft-Windows-Sysmon",
      "eventId": 1,
      "time": "2026-09-13T22:01:39.7957196Z",
      "recordId": 622827,
      "data": {
        "RuleName": "-",
        "UtcTime": "2026-09-13 22:01:39.619",
        "ProcessGuid": "{66b35fd9-1d43-6aa7-fc3a-000000001700}",
        "ProcessId": "7620",
        "Image": "C:\\Windows\\System32\\cmd.exe",
        "FileVersion": "10.0.26100.9278 (WinBuild.160101.0800)",
        "Description": "Windows Command Processor",
        "Product": "Microsoft� Windows� Operating System",
        "Company": "Microsoft Corporation",
        "OriginalFileName": "Cmd.Exe",
        "CommandLine": "C:\\WINDOWS\\system32\\cmd.exe /d /s /c \"echo %%TEMP%%\"",
        "CurrentDirectory": "C:\\",
        "User": "DESKTOP-FOEGBB0\\o-neo",
        "LogonGuid": "{66b35fd9-c5ee-6aa6-d395-060000000000}",
        "LogonId": "0x695d3",
        "TerminalSessionId": "1",
        "IntegrityLevel": "Medium",
        "Hashes": "MD5=CE396564392FAFAAD5C07A5E2DADE4E6,SHA256=97AC98B1A92C286054CCE55239CFCCDFC23A5517BD07FE693072C9CA96C7DABB,IMPHASH=010B165E4C37F484601D3DBD700C9423",
        "ParentProcessGuid": "{66b35fd9-ee27-6aa6-131e-000000001700}",
        "ParentProcessId": "488",
        "ParentImage": "C:\\Program Files\\WindowsApps\\OpenAI.Codex_26.908.4834.0_x64__2p2nqsd0c76g0\\app\\ChatGPT.exe",
        "ParentCommandLine": "\"C:\\Program Files\\WindowsApps\\OpenAI.Codex_26.908.4834.0_x64__2p2nqsd0c76g0\\app\\ChatGPT.exe\"",
        "ParentUser": "DESKTOP-FOEGBB0\\o-neo"
      }
    },
    {
      "source": "sysmon",
      "provider": "Microsoft-Windows-Sysmon",
      "eventId": 1,
      "time": "2026-09-13T22:01:39.9342861Z",
      "recordId": 622828,
      "data": {
        "RuleName": "-",
        "UtcTime": "2026-09-13 22:01:39.855",
        "ProcessGuid": "{66b35fd9-1d43-6aa7-fe3a-000000001700}",
        "ProcessId": "3112",
        "Image": "C:\\Windows\\System32\\cmd.exe",
        "FileVersion": "10.0.26100.9278 (WinBuild.160101.0800)",
        "Description": "Windows Command Processor",
        "Product": "Microsoft� Windows� Operating System",
        "Company": "Microsoft Corporation",
        "OriginalFileName": "Cmd.Exe",
        "CommandLine": "C:\\WINDOWS\\system32\\cmd.exe /c \"dir tools\\forensics\"",
        "CurrentDirectory": "C:\\Users\\o-neo\\Documents\\Vip-Gece-Web-Gelistirme\\",
        "User": "DESKTOP-FOEGBB0\\CodexSandboxOffline",
        "LogonGuid": "{66b35fd9-1d43-6aa7-6ff9-b60300000000}",
        "LogonId": "0x3b6f96f",
        "TerminalSessionId": "1",
        "IntegrityLevel": "Medium",
        "Hashes": "MD5=CE396564392FAFAAD5C07A5E2DADE4E6,SHA256=97AC98B1A92C286054CCE55239CFCCDFC23A5517BD07FE693072C9CA96C7DABB,IMPHASH=010B165E4C37F484601D3DBD700C9423",
        "ParentProcessGuid": "{66b35fd9-1d43-6aa7-fb3a-000000001700}",
        "ParentProcessId": "8996",
        "ParentImage": "C:\\Users\\o-neo\\.codex\\.sandbox-bin\\codex-command-runner-0.154.0-alpha.6.2.exe",
        "ParentCommandLine": "C:\\Users\\o-neo\\.codex\\.sandbox-bin\\codex-command-runner-0.154.0-alpha.6.2.exe --pipe-in=\\\\.\\pipe\\codex-runner-e825c78db4d4e4852e6a8f5e3ac8cb2b-in --pipe-out=\\\\.\\pipe\\codex-runner-e825c78db4d4e4852e6a8f5e3ac8cb2b-out",
        "ParentUser": "DESKTOP-FOEGBB0\\CodexSandboxOffline"
      }
    },
    {
      "source": "sysmon",
      "provider": "Microsoft-Windows-Sysmon",
      "eventId": 1,
      "time": "2026-09-13T22:02:03.5128221Z",
      "recordId": 622882,
      "data": {
        "RuleName": "-",
        "UtcTime": "2026-09-13 22:02:03.374",
        "ProcessGuid": "{66b35fd9-1d5b-6aa7-1c3b-000000001700}",
        "ProcessId": "6360",
        "Image": "C:\\Windows\\System32\\cmd.exe",
        "FileVersion": "10.0.26100.9278 (WinBuild.160101.0800)",
        "Description": "Windows Command Processor",
        "Product": "Microsoft� Windows� Operating System",
        "Company": "Microsoft Corporation",
        "OriginalFileName": "Cmd.Exe",
        "CommandLine": "\"C:\\WINDOWS\\system32\\cmd.exe\" /c \"wscript.exe C:\\Users\\o-neo\\Documents\\Vip-Gece-Web-Gelistirme\\tools\\forensics\\run-python-error-admin.vbs\"",
        "CurrentDirectory": "C:\\Users\\o-neo\\Documents\\Vip-Gece-Web-Gelistirme\\",
        "User": "DESKTOP-FOEGBB0\\o-neo",
        "LogonGuid": "{66b35fd9-c5ee-6aa6-d395-060000000000}",
        "LogonId": "0x695d3",
        "TerminalSessionId": "1",
        "IntegrityLevel": "Medium",
        "Hashes": "MD5=CE396564392FAFAAD5C07A5E2DADE4E6,SHA256=97AC98B1A92C286054CCE55239CFCCDFC23A5517BD07FE693072C9CA96C7DABB,IMPHASH=010B165E4C37F484601D3DBD700C9423",
        "ParentProcessGuid": "{66b35fd9-ee3a-6aa6-231e-000000001700}",
        "ParentProcessId": "11556",
        "ParentImage": "C:\\Users\\o-neo\\AppData\\Local\\OpenAI\\Codex\\bin\\bffc5354119c8421\\codex.exe",
        "ParentCommandLine": "C:\\Users\\o-neo\\AppData\\Local\\OpenAI\\Codex\\bin\\bffc5354119c8421\\codex.exe -c features.code_mode_host=true app-server --analytics-default-enabled -c plugins.codex-app-tools@openai-bundled.mcp_servers.codex_app.enabled=true",
        "ParentUser": "DESKTOP-FOEGBB0\\o-neo"
      }
    },
    {
      "source": "sysmon",
      "provider": "Microsoft-Windows-Sysmon",
      "eventId": 1,
      "time": "2026-09-13T22:02:03.7215066Z",
      "recordId": 622883,
      "data": {
        "RuleName": "-",
        "UtcTime": "2026-09-13 22:02:03.653",
        "ProcessGuid": "{66b35fd9-1d5b-6aa7-1d3b-000000001700}",
        "ProcessId": "6432",
        "Image": "C:\\Windows\\System32\\wscript.exe",
        "FileVersion": "10.0.26100.9278",
        "Description": "Microsoft � Windows Based Script Host",
        "Product": "Microsoft � Windows Script Host",
        "Company": "Microsoft Corporation",
        "OriginalFileName": "wscript.exe",
        "CommandLine": "wscript.exe  C:\\Users\\o-neo\\Documents\\Vip-Gece-Web-Gelistirme\\tools\\forensics\\run-python-error-admin.vbs",
        "CurrentDirectory": "C:\\Users\\o-neo\\Documents\\Vip-Gece-Web-Gelistirme\\",
        "User": "DESKTOP-FOEGBB0\\o-neo",
        "LogonGuid": "{66b35fd9-c5ee-6aa6-d395-060000000000}",
        "LogonId": "0x695d3",
        "TerminalSessionId": "1",
        "IntegrityLevel": "Medium",
        "Hashes": "MD5=78EB7F02C6C533972ED7A87F44BCE96C,SHA256=947EB974B3080CF205FB215C4672C3AED061052E9673B6F5580A85396A77D5F0,IMPHASH=90AF0453BA89255FBC11B5E501CE22AB",
        "ParentProcessGuid": "{66b35fd9-1d5b-6aa7-1c3b-000000001700}",
        "ParentProcessId": "6360",
        "ParentImage": "C:\\Windows\\System32\\cmd.exe",
        "ParentCommandLine": "\"C:\\WINDOWS\\system32\\cmd.exe\" /c \"wscript.exe C:\\Users\\o-neo\\Documents\\Vip-Gece-Web-Gelistirme\\tools\\forensics\\run-python-error-admin.vbs\"",
        "ParentUser": "DESKTOP-FOEGBB0\\o-neo"
      }
    },
    {
      "source": "sysmon",
      "provider": "Microsoft-Windows-Sysmon",
      "eventId": 1,
      "time": "2026-09-13T22:02:28.3438507Z",
      "recordId": 622896,
      "data": {
        "RuleName": "-",
        "UtcTime": "2026-09-13 22:02:27.981",
        "ProcessGuid": "{66b35fd9-1d73-6aa7-203b-000000001700}",
        "ProcessId": "5724",
        "Image": "C:\\Windows\\System32\\cmd.exe",
        "FileVersion": "10.0.26100.9278 (WinBuild.160101.0800)",
        "Description": "Windows Command Processor",
        "Product": "Microsoft� Windows� Operating System",
        "Company": "Microsoft Corporation",
        "OriginalFileName": "Cmd.Exe",
        "CommandLine": "\"C:\\WINDOWS\\system32\\cmd.exe\" /c \"cd /d C:\\Users\\o-neo\\Documents\\Vip-Gece-Web-Gelistirme && dir /b\"",
        "CurrentDirectory": "C:\\Users\\o-neo\\Documents\\Vip-Gece-Web-Gelistirme\\",
        "User": "DESKTOP-FOEGBB0\\o-neo",
        "LogonGuid": "{66b35fd9-c5ee-6aa6-d395-060000000000}",
        "LogonId": "0x695d3",
        "TerminalSessionId": "1",
        "IntegrityLevel": "Medium",
        "Hashes": "MD5=CE396564392FAFAAD5C07A5E2DADE4E6,SHA256=97AC98B1A92C286054CCE55239CFCCDFC23A5517BD07FE693072C9CA96C7DABB,IMPHASH=010B165E4C37F484601D3DBD700C9423",
        "ParentProcessGuid": "{66b35fd9-ee3a-6aa6-231e-000000001700}",
        "ParentProcessId": "11556",
        "ParentImage": "C:\\Users\\o-neo\\AppData\\Local\\OpenAI\\Codex\\bin\\bffc5354119c8421\\codex.exe",
        "ParentCommandLine": "C:\\Users\\o-neo\\AppData\\Local\\OpenAI\\Codex\\bin\\bffc5354119c8421\\codex.exe -c features.code_mode_host=true app-server --analytics-default-enabled -c plugins.codex-app-tools@openai-bundled.mcp_servers.codex_app.enabled=true",
        "ParentUser": "DESKTOP-FOEGBB0\\o-neo"
      }
    },
    {
      "source": "sysmon",
      "provider": "Microsoft-Windows-Sysmon",
      "eventId": 1,
      "time": "2026-09-13T22:03:01.5689130Z",
      "recordId": 622909,
      "data": {
        "RuleName": "-",
        "UtcTime": "2026-09-13 22:03:01.094",
        "ProcessGuid": "{66b35fd9-1d95-6aa7-273b-000000001700}",
        "ProcessId": "7656",
        "Image": "C:\\Windows\\System32\\cmd.exe",
        "FileVersion": "10.0.26100.9278 (WinBuild.160101.0800)",
        "Description": "Windows Command Processor",
        "Product": "Microsoft� Windows� Operating System",
        "Company": "Microsoft Corporation",
        "OriginalFileName": "Cmd.Exe",
        "CommandLine": "\"C:\\WINDOWS\\system32\\cmd.exe\" /c \"git status --short && rg --files scripts src\\data | rg \\\"(profile|image|profilesRepo)\\\"\"",
        "CurrentDirectory": "C:\\Users\\o-neo\\Documents\\Vip-Gece-Web-Gelistirme\\",
        "User": "DESKTOP-FOEGBB0\\o-neo",
        "LogonGuid": "{66b35fd9-c5ee-6aa6-d395-060000000000}",
        "LogonId": "0x695d3",
        "TerminalSessionId": "1",
        "IntegrityLevel": "Medium",
        "Hashes": "MD5=CE396564392FAFAAD5C07A5E2DADE4E6,SHA256=97AC98B1A92C286054CCE55239CFCCDFC23A5517BD07FE693072C9CA96C7DABB,IMPHASH=010B165E4C37F484601D3DBD700C9423",
        "ParentProcessGuid": "{66b35fd9-ee3a-6aa6-231e-000000001700}",
        "ParentProcessId": "11556",
        "ParentImage": "C:\\Users\\o-neo\\AppData\\Local\\OpenAI\\Codex\\bin\\bffc5354119c8421\\codex.exe",
        "ParentCommandLine": "C:\\Users\\o-neo\\AppData\\Local\\OpenAI\\Codex\\bin\\bffc5354119c8421\\codex.exe -c features.code_mode_host=true app-server --analytics-default-enabled -c plugins.codex-app-tools@openai-bundled.mcp_servers.codex_app.enabled=true",
        "ParentUser": "DESKTOP-FOEGBB0\\o-neo"
      }
    },
    {
      "source": "sysmon",
      "provider": "Microsoft-Windows-Sysmon",
      "eventId": 1,
      "time": "2026-09-13T22:03:02.5286801Z",
      "recordId": 622910,
      "data": {
        "RuleName": "-",
        "UtcTime": "2026-09-13 22:03:02.439",
        "ProcessGuid": "{66b35fd9-1d96-6aa7-283b-000000001700}",
        "ProcessId": "11464",
        "Image": "C:\\Users\\o-neo\\.cache\\codex-runtimes\\codex-primary-runtime\\dependencies\\native\\git\\cmd\\git.exe",
        "FileVersion": "2.53.0.windows.3",
        "Description": "Git for Windows",
        "Product": "Git",
        "Company": "The Git Development Community",
        "OriginalFileName": "git.exe",
        "CommandLine": "git  status --short",
        "CurrentDirectory": "C:\\Users\\o-neo\\Documents\\Vip-Gece-Web-Gelistirme\\",
        "User": "DESKTOP-FOEGBB0\\o-neo",
        "LogonGuid": "{66b35fd9-c5ee-6aa6-d395-060000000000}",
        "LogonId": "0x695d3",
        "TerminalSessionId": "1",
        "IntegrityLevel": "Medium",
        "Hashes": "MD5=72F87446775ECCA78F3119A8F329BDAF,SHA256=C53279919FDEA03474BB23B465B3A82287157491F1BD69A5EB82DD9831582333,IMPHASH=0991041C9DE5C72802D268A52B7C03AC",
        "ParentProcessGuid": "{66b35fd9-1d95-6aa7-273b-000000001700}",
        "ParentProcessId": "7656",
        "ParentImage": "C:\\Windows\\System32\\cmd.exe",
        "ParentCommandLine": "\"C:\\WINDOWS\\system32\\cmd.exe\" /c \"git status --short && rg --files scripts src\\data | rg \\\"(profile|image|profilesRepo)\\\"\"",
        "ParentUser": "DESKTOP-FOEGBB0\\o-neo"
      }
    },
    {
      "source": "sysmon",
      "provider": "Microsoft-Windows-Sysmon",
      "eventId": 1,
      "time": "2026-09-13T22:03:07.1120264Z",
      "recordId": 622915,
      "data": {
        "RuleName": "-",
        "UtcTime": "2026-09-13 22:03:07.064",
        "ProcessGuid": "{66b35fd9-1d9b-6aa7-2a3b-000000001700}",
        "ProcessId": "10148",
        "Image": "C:\\Users\\o-neo\\AppData\\Local\\OpenAI\\Codex\\bin\\116cfc4fd47f015a\\rg.exe",
        "FileVersion": "-",
        "Description": "-",
        "Product": "-",
        "Company": "-",
        "OriginalFileName": "-",
        "CommandLine": "rg  --files scripts src\\data",
        "CurrentDirectory": "C:\\Users\\o-neo\\Documents\\Vip-Gece-Web-Gelistirme\\",
        "User": "DESKTOP-FOEGBB0\\o-neo",
        "LogonGuid": "{66b35fd9-c5ee-6aa6-d395-060000000000}",
        "LogonId": "0x695d3",
        "TerminalSessionId": "1",
        "IntegrityLevel": "Medium",
        "Hashes": "MD5=0E6EA5E18ECF32E358552260ED1E3258,SHA256=673C96C34AFF066742FADDD08566DBAF9F3A64BCC81F62D7260CE12D4A3C0E84,IMPHASH=56247B40FFD2F5A3795FCD281B348029",
        "ParentProcessGuid": "{66b35fd9-1d95-6aa7-273b-000000001700}",
        "ParentProcessId": "7656",
        "ParentImage": "C:\\Windows\\System32\\cmd.exe",
        "ParentCommandLine": "\"C:\\WINDOWS\\system32\\cmd.exe\" /c \"git status --short && rg --files scripts src\\data | rg \\\"(profile|image|profilesRepo)\\\"\"",
        "ParentUser": "DESKTOP-FOEGBB0\\o-neo"
      }
    },
    {
      "source": "sysmon",
      "provider": "Microsoft-Windows-Sysmon",
      "eventId": 1,
      "time": "2026-09-13T22:03:07.4818091Z",
      "recordId": 622916,
      "data": {
        "RuleName": "-",
        "UtcTime": "2026-09-13 22:03:07.454",
        "ProcessGuid": "{66b35fd9-1d9b-6aa7-2b3b-000000001700}",
        "ProcessId": "9316",
        "Image": "C:\\Users\\o-neo\\AppData\\Local\\OpenAI\\Codex\\bin\\116cfc4fd47f015a\\rg.exe",
        "FileVersion": "-",
        "Description": "-",
        "Product": "-",
        "Company": "-",
        "OriginalFileName": "-",
        "CommandLine": "rg  \\\"(profile|image|profilesRepo)\\\"",
        "CurrentDirectory": "C:\\Users\\o-neo\\Documents\\Vip-Gece-Web-Gelistirme\\",
        "User": "DESKTOP-FOEGBB0\\o-neo",
        "LogonGuid": "{66b35fd9-c5ee-6aa6-d395-060000000000}",
        "LogonId": "0x695d3",
        "TerminalSessionId": "1",
        "IntegrityLevel": "Medium",
        "Hashes": "MD5=0E6EA5E18ECF32E358552260ED1E3258,SHA256=673C96C34AFF066742FADDD08566DBAF9F3A64BCC81F62D7260CE12D4A3C0E84,IMPHASH=56247B40FFD2F5A3795FCD281B348029",
        "ParentProcessGuid": "{66b35fd9-1d95-6aa7-273b-000000001700}",
        "ParentProcessId": "7656",
        "ParentImage": "C:\\Windows\\System32\\cmd.exe",
        "ParentCommandLine": "\"C:\\WINDOWS\\system32\\cmd.exe\" /c \"git status --short && rg --files scripts src\\data | rg \\\"(profile|image|profilesRepo)\\\"\"",
        "ParentUser": "DESKTOP-FOEGBB0\\o-neo"
      }
    },
    {
      "source": "sysmon",
      "provider": "Microsoft-Windows-Sysmon",
      "eventId": 1,
      "time": "2026-09-13T22:03:10.0940508Z",
      "recordId": 622920,
      "data": {
        "RuleName": "-",
        "UtcTime": "2026-09-13 22:03:10.038",
        "ProcessGuid": "{66b35fd9-1d9e-6aa7-2c3b-000000001700}",
        "ProcessId": "2832",
        "Image": "C:\\Windows\\System32\\cmd.exe",
        "FileVersion": "10.0.26100.9278 (WinBuild.160101.0800)",
        "Description": "Windows Command Processor",
        "Product": "Microsoft� Windows� Operating System",
        "Company": "Microsoft Corporation",
        "OriginalFileName": "Cmd.Exe",
        "CommandLine": "\"C:\\Windows\\System32\\cmd.exe\" /c \"C:\\Users\\o-neo\\Documents\\Vip-Gece-Web-Gelistirme\\tools\\forensics\\collect-python-error-admin.cmd\"",
        "CurrentDirectory": "C:\\WINDOWS\\system32\\",
        "User": "DESKTOP-FOEGBB0\\o-neo",
        "LogonGuid": "{66b35fd9-1d97-6aa7-a3ab-b80300000000}",
        "LogonId": "0x3b8aba3",
        "TerminalSessionId": "1",
        "IntegrityLevel": "High",
        "Hashes": "MD5=CE396564392FAFAAD5C07A5E2DADE4E6,SHA256=97AC98B1A92C286054CCE55239CFCCDFC23A5517BD07FE693072C9CA96C7DABB,IMPHASH=010B165E4C37F484601D3DBD700C9423",
        "ParentProcessGuid": "{00000000-0000-0000-0000-000000000000}",
        "ParentProcessId": "6432",
        "ParentImage": "-",
        "ParentCommandLine": "-",
        "ParentUser": "-"
      }
    },
    {
      "source": "sysmon",
      "provider": "Microsoft-Windows-Sysmon",
      "eventId": 1,
      "time": "2026-09-13T22:03:14.4391551Z",
      "recordId": 622922,
      "data": {
        "RuleName": "-",
        "UtcTime": "2026-09-13 22:03:14.373",
        "ProcessGuid": "{66b35fd9-1da2-6aa7-2e3b-000000001700}",
        "ProcessId": "2816",
        "Image": "C:\\Windows\\System32\\whoami.exe",
        "FileVersion": "10.0.26100.1882 (WinBuild.160101.0800)",
        "Description": "whoami - displays logged on user information",
        "Product": "Microsoft� Windows� Operating System",
        "Company": "Microsoft Corporation",
        "OriginalFileName": "whoami.exe",
        "CommandLine": "whoami",
        "CurrentDirectory": "C:\\Windows\\System32\\",
        "User": "DESKTOP-FOEGBB0\\o-neo",
        "LogonGuid": "{66b35fd9-1d97-6aa7-a3ab-b80300000000}",
        "LogonId": "0x3b8aba3",
        "TerminalSessionId": "1",
        "IntegrityLevel": "High",
        "Hashes": "MD5=956692DADC5B2CEB46E9219F7A5BEFFA,SHA256=23240EF9F8B0A9A324110B1C2331DE31DC1B0E08F5359CB707E51A939AF56CD3,IMPHASH=E4464BCD92DF7AC69CCD074CB9C0EFED",
        "ParentProcessGuid": "{66b35fd9-1d9e-6aa7-2c3b-000000001700}",
        "ParentProcessId": "2832",
        "ParentImage": "C:\\Windows\\System32\\cmd.exe",
        "ParentCommandLine": "\"C:\\Windows\\System32\\cmd.exe\" /c \"C:\\Users\\o-neo\\Documents\\Vip-Gece-Web-Gelistirme\\tools\\forensics\\collect-python-error-admin.cmd\"",
        "ParentUser": "DESKTOP-FOEGBB0\\o-neo"
      }
    },
    {
      "source": "sysmon",
      "provider": "Microsoft-Windows-Sysmon",
      "eventId": 1,
      "time": "2026-09-13T22:03:15.4517537Z",
      "recordId": 622923,
      "data": {
        "RuleName": "-",
        "UtcTime": "2026-09-13 22:03:15.378",
        "ProcessGuid": "{66b35fd9-1da3-6aa7-2f3b-000000001700}",
        "ProcessId": "4856",
        "Image": "C:\\Windows\\System32\\whoami.exe",
        "FileVersion": "10.0.26100.1882 (WinBuild.160101.0800)",
        "Description": "whoami - displays logged on user information",
        "Product": "Microsoft� Windows� Operating System",
        "Company": "Microsoft Corporation",
        "OriginalFileName": "whoami.exe",
        "CommandLine": "whoami  /groups",
        "CurrentDirectory": "C:\\Windows\\System32\\",
        "User": "DESKTOP-FOEGBB0\\o-neo",
        "LogonGuid": "{66b35fd9-1d97-6aa7-a3ab-b80300000000}",
        "LogonId": "0x3b8aba3",
        "TerminalSessionId": "1",
        "IntegrityLevel": "High",
        "Hashes": "MD5=956692DADC5B2CEB46E9219F7A5BEFFA,SHA256=23240EF9F8B0A9A324110B1C2331DE31DC1B0E08F5359CB707E51A939AF56CD3,IMPHASH=E4464BCD92DF7AC69CCD074CB9C0EFED",
        "ParentProcessGuid": "{66b35fd9-1d9e-6aa7-2c3b-000000001700}",
        "ParentProcessId": "2832",
        "ParentImage": "C:\\Windows\\System32\\cmd.exe",
        "ParentCommandLine": "\"C:\\Windows\\System32\\cmd.exe\" /c \"C:\\Users\\o-neo\\Documents\\Vip-Gece-Web-Gelistirme\\tools\\forensics\\collect-python-error-admin.cmd\"",
        "ParentUser": "DESKTOP-FOEGBB0\\o-neo"
      }
    },
    {
      "source": "sysmon",
      "provider": "Microsoft-Windows-Sysmon",
      "eventId": 1,
      "time": "2026-09-13T22:03:16.4257866Z",
      "recordId": 622925,
      "data": {
        "RuleName": "-",
        "UtcTime": "2026-09-13 22:03:16.381",
        "ProcessGuid": "{66b35fd9-1da4-6aa7-323b-000000001700}",
        "ProcessId": "9316",
        "Image": "C:\\Windows\\System32\\fltMC.exe",
        "FileVersion": "10.0.26100.1882 (WinBuild.160101.0800)",
        "Description": "Filter Manager Control Program",
        "Product": "Microsoft� Windows� Operating System",
        "Company": "Microsoft Corporation",
        "OriginalFileName": "fltMC.exe",
        "CommandLine": "fltmc",
        "CurrentDirectory": "C:\\Windows\\System32\\",
        "User": "DESKTOP-FOEGBB0\\o-neo",
        "LogonGuid": "{66b35fd9-1d97-6aa7-a3ab-b80300000000}",
        "LogonId": "0x3b8aba3",
        "TerminalSessionId": "1",
        "IntegrityLevel": "High",
        "Hashes": "MD5=5CCBCC31258C2E34E37B14FAD50E0A28,SHA256=8099107E5BFBED1CB819E4477E1AD84E01397F215E9255B2616BB4793D6490BE,IMPHASH=3BB9381340F6C7B1E51AD45AB82E32D2",
        "ParentProcessGuid": "{66b35fd9-1d9e-6aa7-2c3b-000000001700}",
        "ParentProcessId": "2832",
        "ParentImage": "C:\\Windows\\System32\\cmd.exe",
        "ParentCommandLine": "\"C:\\Windows\\System32\\cmd.exe\" /c \"C:\\Users\\o-neo\\Documents\\Vip-Gece-Web-Gelistirme\\tools\\forensics\\collect-python-error-admin.cmd\"",
        "ParentUser": "DESKTOP-FOEGBB0\\o-neo"
      }
    },
    {
      "source": "sysmon",
      "provider": "Microsoft-Windows-Sysmon",
      "eventId": 1,
      "time": "2026-09-13T22:03:16.4683966Z",
      "recordId": 622926,
      "data": {
        "RuleName": "-",
        "UtcTime": "2026-09-13 22:03:16.320",
        "ProcessGuid": "{66b35fd9-1da4-6aa7-313b-000000001700}",
        "ProcessId": "12316",
        "Image": "C:\\Windows\\System32\\cmd.exe",
        "FileVersion": "10.0.26100.9278 (WinBuild.160101.0800)",
        "Description": "Windows Command Processor",
        "Product": "Microsoft� Windows� Operating System",
        "Company": "Microsoft Corporation",
        "OriginalFileName": "Cmd.Exe",
        "CommandLine": "\"C:\\WINDOWS\\system32\\cmd.exe\" /c \"node --check scripts\\search-missing-profile-images.js && node --check scripts\\missing-profile-image-key-inventory.js && node --check scripts\\recover-dead-profile-identities.js && node --check scripts\\profile-image-storage-inventory.js && type scripts\\search-missing-profile-images.js\"",
        "CurrentDirectory": "C:\\Users\\o-neo\\Documents\\Vip-Gece-Web-Gelistirme\\",
        "User": "DESKTOP-FOEGBB0\\o-neo",
        "LogonGuid": "{66b35fd9-c5ee-6aa6-d395-060000000000}",
        "LogonId": "0x695d3",
        "TerminalSessionId": "1",
        "IntegrityLevel": "Medium",
        "Hashes": "MD5=CE396564392FAFAAD5C07A5E2DADE4E6,SHA256=97AC98B1A92C286054CCE55239CFCCDFC23A5517BD07FE693072C9CA96C7DABB,IMPHASH=010B165E4C37F484601D3DBD700C9423",
        "ParentProcessGuid": "{66b35fd9-ee3a-6aa6-231e-000000001700}",
        "ParentProcessId": "11556",
        "ParentImage": "C:\\Users\\o-neo\\AppData\\Local\\OpenAI\\Codex\\bin\\bffc5354119c8421\\codex.exe",
        "ParentCommandLine": "C:\\Users\\o-neo\\AppData\\Local\\OpenAI\\Codex\\bin\\bffc5354119c8421\\codex.exe -c features.code_mode_host=true app-server --analytics-default-enabled -c plugins.codex-app-tools@openai-bundled.mcp_servers.codex_app.enabled=true",
        "ParentUser": "DESKTOP-FOEGBB0\\o-neo"
      }
    },
    {
      "source": "sysmon",
      "provider": "Microsoft-Windows-Sysmon",
      "eventId": 1,
      "time": "2026-09-13T22:03:17.0051053Z",
      "recordId": 622928,
      "data": {
        "RuleName": "-",
        "UtcTime": "2026-09-13 22:03:16.645",
        "ProcessGuid": "{66b35fd9-1da4-6aa7-333b-000000001700}",
        "ProcessId": "11448",
        "Image": "C:\\Windows\\System32\\cmd.exe",
        "FileVersion": "10.0.26100.9278 (WinBuild.160101.0800)",
        "Description": "Windows Command Processor",
        "Product": "Microsoft� Windows� Operating System",
        "Company": "Microsoft Corporation",
        "OriginalFileName": "Cmd.Exe",
        "CommandLine": "C:\\WINDOWS\\system32\\cmd.exe /c \"if exist docs\\forensics\\python-error-20260914\\collection-complete.txt (type docs\\forensics\\python-error-20260914\\collection-complete.txt) else (echo PENDING)\"",
        "CurrentDirectory": "C:\\Users\\o-neo\\Documents\\Vip-Gece-Web-Gelistirme\\",
        "User": "DESKTOP-FOEGBB0\\CodexSandboxOffline",
        "LogonGuid": "{66b35fd9-1da3-6aa7-f3fc-b80300000000}",
        "LogonId": "0x3b8fcf3",
        "TerminalSessionId": "1",
        "IntegrityLevel": "Medium",
        "Hashes": "MD5=CE396564392FAFAAD5C07A5E2DADE4E6,SHA256=97AC98B1A92C286054CCE55239CFCCDFC23A5517BD07FE693072C9CA96C7DABB,IMPHASH=010B165E4C37F484601D3DBD700C9423",
        "ParentProcessGuid": "{66b35fd9-1da3-6aa7-303b-000000001700}",
        "ParentProcessId": "9416",
        "ParentImage": "C:\\Users\\o-neo\\.codex\\.sandbox-bin\\codex-command-runner-0.154.0-alpha.6.2.exe",
        "ParentCommandLine": "C:\\Users\\o-neo\\.codex\\.sandbox-bin\\codex-command-runner-0.154.0-alpha.6.2.exe --pipe-in=\\\\.\\pipe\\codex-runner-8cb6fb0fadc0ef23f216337fd7acebe7-in --pipe-out=\\\\.\\pipe\\codex-runner-8cb6fb0fadc0ef23f216337fd7acebe7-out",
        "ParentUser": "DESKTOP-FOEGBB0\\CodexSandboxOffline"
      }
    },
    {
      "source": "sysmon",
      "provider": "Microsoft-Windows-Sysmon",
      "eventId": 1,
      "time": "2026-09-13T22:03:17.1001579Z",
      "recordId": 622929,
      "data": {
        "RuleName": "-",
        "UtcTime": "2026-09-13 22:03:16.689",
        "ProcessGuid": "{66b35fd9-1da4-6aa7-343b-000000001700}",
        "ProcessId": "12580",
        "Image": "C:\\Windows\\System32\\auditpol.exe",
        "FileVersion": "10.0.26100.3037 (WinBuild.160101.0800)",
        "Description": "Audit Policy Program",
        "Product": "Microsoft� Windows� Operating System",
        "Company": "Microsoft Corporation",
        "OriginalFileName": "AUDITPOL.EXE",
        "CommandLine": "auditpol  /get /subcategory:{0CCE922B-69AE-11D9-BED3-505054503030}",
        "CurrentDirectory": "C:\\Windows\\System32\\",
        "User": "DESKTOP-FOEGBB0\\o-neo",
        "LogonGuid": "{66b35fd9-1d97-6aa7-a3ab-b80300000000}",
        "LogonId": "0x3b8aba3",
        "TerminalSessionId": "1",
        "IntegrityLevel": "High",
        "Hashes": "MD5=0CB01A07EBCBBEDC392F719668941AF4,SHA256=F78A48ACC9B61F4086B74F54DC8F4E8D0139745C4004AF6C98603486D8D210D5,IMPHASH=FA2CFAB845A1096FB0F05EE99677BDD0",
        "ParentProcessGuid": "{66b35fd9-1d9e-6aa7-2c3b-000000001700}",
        "ParentProcessId": "2832",
        "ParentImage": "C:\\Windows\\System32\\cmd.exe",
        "ParentCommandLine": "\"C:\\Windows\\System32\\cmd.exe\" /c \"C:\\Users\\o-neo\\Documents\\Vip-Gece-Web-Gelistirme\\tools\\forensics\\collect-python-error-admin.cmd\"",
        "ParentUser": "DESKTOP-FOEGBB0\\o-neo"
      }
    },
    {
      "source": "sysmon",
      "provider": "Microsoft-Windows-Sysmon",
      "eventId": 1,
      "time": "2026-09-13T22:03:17.3220055Z",
      "recordId": 622930,
      "data": {
        "RuleName": "-",
        "UtcTime": "2026-09-13 22:03:17.047",
        "ProcessGuid": "{66b35fd9-1da5-6aa7-363b-000000001700}",
        "ProcessId": "2356",
        "Image": "C:\\Tools\\Node\\node-v24.21.0-win-x64\\node.exe",
        "FileVersion": "24.21.0",
        "Description": "Node.js JavaScript Runtime",
        "Product": "Node.js",
        "Company": "Node.js",
        "OriginalFileName": "node.exe",
        "CommandLine": "node  --check scripts\\search-missing-profile-images.js",
        "CurrentDirectory": "C:\\Users\\o-neo\\Documents\\Vip-Gece-Web-Gelistirme\\",
        "User": "DESKTOP-FOEGBB0\\o-neo",
        "LogonGuid": "{66b35fd9-c5ee-6aa6-d395-060000000000}",
        "LogonId": "0x695d3",
        "TerminalSessionId": "1",
        "IntegrityLevel": "Medium",
        "Hashes": "MD5=12E6FB7D516F65083AE68CCF1E5F4EB8,SHA256=BA4E6D110E8C1592A1ECD390F6B05F3DA124B13871A5BE62B341A07A853C6C32,IMPHASH=6538DFB25A4AF0BD0D9AAA2ACC7B075A",
        "ParentProcessGuid": "{66b35fd9-1da4-6aa7-313b-000000001700}",
        "ParentProcessId": "12316",
        "ParentImage": "C:\\Windows\\System32\\cmd.exe",
        "ParentCommandLine": "\"C:\\WINDOWS\\system32\\cmd.exe\" /c \"node --check scripts\\search-missing-profile-images.js && node --check scripts\\missing-profile-image-key-inventory.js && node --check scripts\\recover-dead-profile-identities.js && node --check scripts\\profile-image-storage-inventory.js && type scripts\\search-missing-profile-images.js\"",
        "ParentUser": "DESKTOP-FOEGBB0\\o-neo"
      }
    },
    {
      "source": "sysmon",
      "provider": "Microsoft-Windows-Sysmon",
      "eventId": 1,
      "time": "2026-09-13T22:03:17.6166761Z",
      "recordId": 622932,
      "data": {
        "RuleName": "-",
        "UtcTime": "2026-09-13 22:03:17.568",
        "ProcessGuid": "{66b35fd9-1da5-6aa7-373b-000000001700}",
        "ProcessId": "5744",
        "Image": "C:\\Windows\\System32\\wevtutil.exe",
        "FileVersion": "10.0.26100.9444 (WinBuild.160101.0800)",
        "Description": "Windows Event Log Utility",
        "Product": "Microsoft� Windows� Operating System",
        "Company": "Microsoft Corporation",
        "OriginalFileName": "wevtutil.exe",
        "CommandLine": "wevtutil  gli Security",
        "CurrentDirectory": "C:\\Windows\\System32\\",
        "User": "DESKTOP-FOEGBB0\\o-neo",
        "LogonGuid": "{66b35fd9-1d97-6aa7-a3ab-b80300000000}",
        "LogonId": "0x3b8aba3",
        "TerminalSessionId": "1",
        "IntegrityLevel": "High",
        "Hashes": "MD5=F8DF0C7532F536B3683F29EFD9272E10,SHA256=C3D9616F7224BF8E9EFEA95780632DC5229D51C16C1DA74CEB37F7C125C9FAAC,IMPHASH=D0C77550F931D496F0A0F8F1F12495AE",
        "ParentProcessGuid": "{66b35fd9-1d9e-6aa7-2c3b-000000001700}",
        "ParentProcessId": "2832",
        "ParentImage": "C:\\Windows\\System32\\cmd.exe",
        "ParentCommandLine": "\"C:\\Windows\\System32\\cmd.exe\" /c \"C:\\Users\\o-neo\\Documents\\Vip-Gece-Web-Gelistirme\\tools\\forensics\\collect-python-error-admin.cmd\"",
        "ParentUser": "DESKTOP-FOEGBB0\\o-neo"
      }
    },
    {
      "source": "sysmon",
      "provider": "Microsoft-Windows-Sysmon",
      "eventId": 1,
      "time": "2026-09-13T22:03:18.0623283Z",
      "recordId": 622933,
      "data": {
        "RuleName": "-",
        "UtcTime": "2026-09-13 22:03:18.037",
        "ProcessGuid": "{66b35fd9-1da6-6aa7-383b-000000001700}",
        "ProcessId": "10464",
        "Image": "C:\\Windows\\System32\\wevtutil.exe",
        "FileVersion": "10.0.26100.9444 (WinBuild.160101.0800)",
        "Description": "Windows Event Log Utility",
        "Product": "Microsoft� Windows� Operating System",
        "Company": "Microsoft Corporation",
        "OriginalFileName": "wevtutil.exe",
        "CommandLine": "wevtutil  gli Microsoft-Windows-Sysmon/Operational",
        "CurrentDirectory": "C:\\Windows\\System32\\",
        "User": "DESKTOP-FOEGBB0\\o-neo",
        "LogonGuid": "{66b35fd9-1d97-6aa7-a3ab-b80300000000}",
        "LogonId": "0x3b8aba3",
        "TerminalSessionId": "1",
        "IntegrityLevel": "High",
        "Hashes": "MD5=F8DF0C7532F536B3683F29EFD9272E10,SHA256=C3D9616F7224BF8E9EFEA95780632DC5229D51C16C1DA74CEB37F7C125C9FAAC,IMPHASH=D0C77550F931D496F0A0F8F1F12495AE",
        "ParentProcessGuid": "{66b35fd9-1d9e-6aa7-2c3b-000000001700}",
        "ParentProcessId": "2832",
        "ParentImage": "C:\\Windows\\System32\\cmd.exe",
        "ParentCommandLine": "\"C:\\Windows\\System32\\cmd.exe\" /c \"C:\\Users\\o-neo\\Documents\\Vip-Gece-Web-Gelistirme\\tools\\forensics\\collect-python-error-admin.cmd\"",
        "ParentUser": "DESKTOP-FOEGBB0\\o-neo"
      }
    },
    {
      "source": "sysmon",
      "provider": "Microsoft-Windows-Sysmon",
      "eventId": 1,
      "time": "2026-09-13T22:03:18.2917515Z",
      "recordId": 622934,
      "data": {
        "RuleName": "-",
        "UtcTime": "2026-09-13 22:03:18.262",
        "ProcessGuid": "{66b35fd9-1da6-6aa7-393b-000000001700}",
        "ProcessId": "9036",
        "Image": "C:\\Windows\\System32\\wevtutil.exe",
        "FileVersion": "10.0.26100.9444 (WinBuild.160101.0800)",
        "Description": "Windows Event Log Utility",
        "Product": "Microsoft� Windows� Operating System",
        "Company": "Microsoft Corporation",
        "OriginalFileName": "wevtutil.exe",
        "CommandLine": "wevtutil  gli Microsoft-Windows-WER-Diag/Operational",
        "CurrentDirectory": "C:\\Windows\\System32\\",
        "User": "DESKTOP-FOEGBB0\\o-neo",
        "LogonGuid": "{66b35fd9-1d97-6aa7-a3ab-b80300000000}",
        "LogonId": "0x3b8aba3",
        "TerminalSessionId": "1",
        "IntegrityLevel": "High",
        "Hashes": "MD5=F8DF0C7532F536B3683F29EFD9272E10,SHA256=C3D9616F7224BF8E9EFEA95780632DC5229D51C16C1DA74CEB37F7C125C9FAAC,IMPHASH=D0C77550F931D496F0A0F8F1F12495AE",
        "ParentProcessGuid": "{66b35fd9-1d9e-6aa7-2c3b-000000001700}",
        "ParentProcessId": "2832",
        "ParentImage": "C:\\Windows\\System32\\cmd.exe",
        "ParentCommandLine": "\"C:\\Windows\\System32\\cmd.exe\" /c \"C:\\Users\\o-neo\\Documents\\Vip-Gece-Web-Gelistirme\\tools\\forensics\\collect-python-error-admin.cmd\"",
        "ParentUser": "DESKTOP-FOEGBB0\\o-neo"
      }
    },
    {
      "source": "sysmon",
      "provider": "Microsoft-Windows-Sysmon",
      "eventId": 1,
      "time": "2026-09-13T22:03:18.6278741Z",
      "recordId": 622935,
      "data": {
        "RuleName": "-",
        "UtcTime": "2026-09-13 22:03:18.607",
        "ProcessGuid": "{66b35fd9-1da6-6aa7-3a3b-000000001700}",
        "ProcessId": "10400",
        "Image": "C:\\Windows\\System32\\where.exe",
        "FileVersion": "10.0.26100.1 (WinBuild.160101.0800)",
        "Description": "Where - Lists location of files",
        "Product": "Microsoft� Windows� Operating System",
        "Company": "Microsoft Corporation",
        "OriginalFileName": "where.exe",
        "CommandLine": "where  python.exe",
        "CurrentDirectory": "C:\\Windows\\System32\\",
        "User": "DESKTOP-FOEGBB0\\o-neo",
        "LogonGuid": "{66b35fd9-1d97-6aa7-a3ab-b80300000000}",
        "LogonId": "0x3b8aba3",
        "TerminalSessionId": "1",
        "IntegrityLevel": "High",
        "Hashes": "MD5=8066FE09B1F19BA7752896C2FD68B04C,SHA256=F51FAB8041E5023D7290B540A2106F051EF0BD2BC3443C9DAF318628B560FA29,IMPHASH=F264C40E9C5668C813DEE205E3D4D322",
        "ParentProcessGuid": "{66b35fd9-1d9e-6aa7-2c3b-000000001700}",
        "ParentProcessId": "2832",
        "ParentImage": "C:\\Windows\\System32\\cmd.exe",
        "ParentCommandLine": "\"C:\\Windows\\System32\\cmd.exe\" /c \"C:\\Users\\o-neo\\Documents\\Vip-Gece-Web-Gelistirme\\tools\\forensics\\collect-python-error-admin.cmd\"",
        "ParentUser": "DESKTOP-FOEGBB0\\o-neo"
      }
    },
    {
      "source": "sysmon",
      "provider": "Microsoft-Windows-Sysmon",
      "eventId": 1,
      "time": "2026-09-13T22:03:20.1561132Z",
      "recordId": 622938,
      "data": {
        "RuleName": "-",
        "UtcTime": "2026-09-13 22:03:20.113",
        "ProcessGuid": "{66b35fd9-1da8-6aa7-3e3b-000000001700}",
        "ProcessId": "12188",
        "Image": "C:\\Windows\\System32\\where.exe",
        "FileVersion": "10.0.26100.1 (WinBuild.160101.0800)",
        "Description": "Where - Lists location of files",
        "Product": "Microsoft� Windows� Operating System",
        "Company": "Microsoft Corporation",
        "OriginalFileName": "where.exe",
        "CommandLine": "where  py.exe",
        "CurrentDirectory": "C:\\Windows\\System32\\",
        "User": "DESKTOP-FOEGBB0\\o-neo",
        "LogonGuid": "{66b35fd9-1d97-6aa7-a3ab-b80300000000}",
        "LogonId": "0x3b8aba3",
        "TerminalSessionId": "1",
        "IntegrityLevel": "High",
        "Hashes": "MD5=8066FE09B1F19BA7752896C2FD68B04C,SHA256=F51FAB8041E5023D7290B540A2106F051EF0BD2BC3443C9DAF318628B560FA29,IMPHASH=F264C40E9C5668C813DEE205E3D4D322",
        "ParentProcessGuid": "{66b35fd9-1d9e-6aa7-2c3b-000000001700}",
        "ParentProcessId": "2832",
        "ParentImage": "C:\\Windows\\System32\\cmd.exe",
        "ParentCommandLine": "\"C:\\Windows\\System32\\cmd.exe\" /c \"C:\\Users\\o-neo\\Documents\\Vip-Gece-Web-Gelistirme\\tools\\forensics\\collect-python-error-admin.cmd\"",
        "ParentUser": "DESKTOP-FOEGBB0\\o-neo"
      }
    },
    {
      "source": "sysmon",
      "provider": "Microsoft-Windows-Sysmon",
      "eventId": 1,
      "time": "2026-09-13T22:03:20.4955371Z",
      "recordId": 622939,
      "data": {
        "RuleName": "-",
        "UtcTime": "2026-09-13 22:03:20.453",
        "ProcessGuid": "{66b35fd9-1da8-6aa7-3f3b-000000001700}",
        "ProcessId": "612",
        "Image": "C:\\Windows\\System32\\tasklist.exe",
        "FileVersion": "10.0.26100.1 (WinBuild.160101.0800)",
        "Description": "Lists the current running tasks",
        "Product": "Microsoft� Windows� Operating System",
        "Company": "Microsoft Corporation",
        "OriginalFileName": "tasklist.exe",
        "CommandLine": "tasklist  /FI \"IMAGENAME eq python.exe\" /V",
        "CurrentDirectory": "C:\\Windows\\System32\\",
        "User": "DESKTOP-FOEGBB0\\o-neo",
        "LogonGuid": "{66b35fd9-1d97-6aa7-a3ab-b80300000000}",
        "LogonId": "0x3b8aba3",
        "TerminalSessionId": "1",
        "IntegrityLevel": "High",
        "Hashes": "MD5=8ADD46C82B40A6F635F1406CF28DABA1,SHA256=62800679C55682F2F5F38B3DF9080D12480BEA78B5B8476EACE9DF014F353B14,IMPHASH=1EC449474B2F8125DB72AC9B593E4CA6",
        "ParentProcessGuid": "{66b35fd9-1d9e-6aa7-2c3b-000000001700}",
        "ParentProcessId": "2832",
        "ParentImage": "C:\\Windows\\System32\\cmd.exe",
        "ParentCommandLine": "\"C:\\Windows\\System32\\cmd.exe\" /c \"C:\\Users\\o-neo\\Documents\\Vip-Gece-Web-Gelistirme\\tools\\forensics\\collect-python-error-admin.cmd\"",
        "ParentUser": "DESKTOP-FOEGBB0\\o-neo"
      }
    },
    {
      "source": "sysmon",
      "provider": "Microsoft-Windows-Sysmon",
      "eventId": 1,
      "time": "2026-09-13T22:03:24.2133652Z",
      "recordId": 622949,
      "data": {
        "RuleName": "-",
        "UtcTime": "2026-09-13 22:03:23.980",
        "ProcessGuid": "{66b35fd9-1dab-6aa7-453b-000000001700}",
        "ProcessId": "9188",
        "Image": "C:\\Windows\\System32\\NETSTAT.EXE",
        "FileVersion": "10.0.26100.9278 (WinBuild.160101.0800)",
        "Description": "TCP/IP Netstat Command",
        "Product": "Microsoft� Windows� Operating System",
        "Company": "Microsoft Corporation",
        "OriginalFileName": "netstat.exe",
        "CommandLine": "netstat  -ano",
        "CurrentDirectory": "C:\\Windows\\System32\\",
        "User": "DESKTOP-FOEGBB0\\o-neo",
        "LogonGuid": "{66b35fd9-1d97-6aa7-a3ab-b80300000000}",
        "LogonId": "0x3b8aba3",
        "TerminalSessionId": "1",
        "IntegrityLevel": "High",
        "Hashes": "MD5=1ADEC9BC6D5F416B8DB16740C1B2C44B,SHA256=DC1FCC0FFA3B1FA23C947796A25F5B34F532045F0F65532532D1203B88528593,IMPHASH=DD7994520D06E69F0EA9CB4B172D7CC1",
        "ParentProcessGuid": "{66b35fd9-1d9e-6aa7-2c3b-000000001700}",
        "ParentProcessId": "2832",
        "ParentImage": "C:\\Windows\\System32\\cmd.exe",
        "ParentCommandLine": "\"C:\\Windows\\System32\\cmd.exe\" /c \"C:\\Users\\o-neo\\Documents\\Vip-Gece-Web-Gelistirme\\tools\\forensics\\collect-python-error-admin.cmd\"",
        "ParentUser": "DESKTOP-FOEGBB0\\o-neo"
      }
    },
    {
      "source": "sysmon",
      "provider": "Microsoft-Windows-Sysmon",
      "eventId": 1,
      "time": "2026-09-13T22:03:25.2937429Z",
      "recordId": 622954,
      "data": {
        "RuleName": "-",
        "UtcTime": "2026-09-13 22:03:25.120",
        "ProcessGuid": "{66b35fd9-1dad-6aa7-4a3b-000000001700}",
        "ProcessId": "10128",
        "Image": "C:\\Windows\\System32\\certutil.exe",
        "FileVersion": "10.0.26100.9278 (WinBuild.160101.0800)",
        "Description": "CertUtil.exe",
        "Product": "Microsoft� Windows� Operating System",
        "Company": "Microsoft Corporation",
        "OriginalFileName": "CertUtil.exe",
        "CommandLine": "certutil  -hashfile \"C:\\Tools\\Python313\\python.exe\" SHA256",
        "CurrentDirectory": "C:\\Windows\\System32\\",
        "User": "DESKTOP-FOEGBB0\\o-neo",
        "LogonGuid": "{66b35fd9-1d97-6aa7-a3ab-b80300000000}",
        "LogonId": "0x3b8aba3",
        "TerminalSessionId": "1",
        "IntegrityLevel": "High",
        "Hashes": "MD5=831CD0F0E2D7C5DB762EB3F162FEDE7B,SHA256=3220895DBD51A14FACAA617A0D98E6DC8D0790451D5A01344DCBE47D686B7648,IMPHASH=9B37213C84BEA497B22565938961AD08",
        "ParentProcessGuid": "{66b35fd9-1d9e-6aa7-2c3b-000000001700}",
        "ParentProcessId": "2832",
        "ParentImage": "C:\\Windows\\System32\\cmd.exe",
        "ParentCommandLine": "\"C:\\Windows\\System32\\cmd.exe\" /c \"C:\\Users\\o-neo\\Documents\\Vip-Gece-Web-Gelistirme\\tools\\forensics\\collect-python-error-admin.cmd\"",
        "ParentUser": "DESKTOP-FOEGBB0\\o-neo"
      }
    },
    {
      "source": "sysmon",
      "provider": "Microsoft-Windows-Sysmon",
      "eventId": 1,
      "time": "2026-09-13T22:03:26.0037598Z",
      "recordId": 622960,
      "data": {
        "RuleName": "-",
        "UtcTime": "2026-09-13 22:03:25.838",
        "ProcessGuid": "{66b35fd9-1dad-6aa7-4d3b-000000001700}",
        "ProcessId": "7988",
        "Image": "C:\\Tools\\Node\\node-v24.21.0-win-x64\\node.exe",
        "FileVersion": "24.21.0",
        "Description": "Node.js JavaScript Runtime",
        "Product": "Node.js",
        "Company": "Node.js",
        "OriginalFileName": "node.exe",
        "CommandLine": "node  --check scripts\\missing-profile-image-key-inventory.js",
        "CurrentDirectory": "C:\\Users\\o-neo\\Documents\\Vip-Gece-Web-Gelistirme\\",
        "User": "DESKTOP-FOEGBB0\\o-neo",
        "LogonGuid": "{66b35fd9-c5ee-6aa6-d395-060000000000}",
        "LogonId": "0x695d3",
        "TerminalSessionId": "1",
        "IntegrityLevel": "Medium",
        "Hashes": "MD5=12E6FB7D516F65083AE68CCF1E5F4EB8,SHA256=BA4E6D110E8C1592A1ECD390F6B05F3DA124B13871A5BE62B341A07A853C6C32,IMPHASH=6538DFB25A4AF0BD0D9AAA2ACC7B075A",
        "ParentProcessGuid": "{66b35fd9-1da4-6aa7-313b-000000001700}",
        "ParentProcessId": "12316",
        "ParentImage": "C:\\Windows\\System32\\cmd.exe",
        "ParentCommandLine": "\"C:\\WINDOWS\\system32\\cmd.exe\" /c \"node --check scripts\\search-missing-profile-images.js && node --check scripts\\missing-profile-image-key-inventory.js && node --check scripts\\recover-dead-profile-identities.js && node --check scripts\\profile-image-storage-inventory.js && type scripts\\search-missing-profile-images.js\"",
        "ParentUser": "DESKTOP-FOEGBB0\\o-neo"
      }
    },
    {
      "source": "sysmon",
      "provider": "Microsoft-Windows-Sysmon",
      "eventId": 1,
      "time": "2026-09-13T22:03:26.4646694Z",
      "recordId": 622963,
      "data": {
        "RuleName": "-",
        "UtcTime": "2026-09-13 22:03:26.271",
        "ProcessGuid": "{66b35fd9-1dae-6aa7-513b-000000001700}",
        "ProcessId": "11952",
        "Image": "C:\\Windows\\System32\\certutil.exe",
        "FileVersion": "10.0.26100.9278 (WinBuild.160101.0800)",
        "Description": "CertUtil.exe",
        "Product": "Microsoft� Windows� Operating System",
        "Company": "Microsoft Corporation",
        "OriginalFileName": "CertUtil.exe",
        "CommandLine": "certutil  -hashfile \"C:\\Tools\\Python313\\python313.dll\" SHA256",
        "CurrentDirectory": "C:\\Windows\\System32\\",
        "User": "DESKTOP-FOEGBB0\\o-neo",
        "LogonGuid": "{66b35fd9-1d97-6aa7-a3ab-b80300000000}",
        "LogonId": "0x3b8aba3",
        "TerminalSessionId": "1",
        "IntegrityLevel": "High",
        "Hashes": "MD5=831CD0F0E2D7C5DB762EB3F162FEDE7B,SHA256=3220895DBD51A14FACAA617A0D98E6DC8D0790451D5A01344DCBE47D686B7648,IMPHASH=9B37213C84BEA497B22565938961AD08",
        "ParentProcessGuid": "{66b35fd9-1d9e-6aa7-2c3b-000000001700}",
        "ParentProcessId": "2832",
        "ParentImage": "C:\\Windows\\System32\\cmd.exe",
        "ParentCommandLine": "\"C:\\Windows\\System32\\cmd.exe\" /c \"C:\\Users\\o-neo\\Documents\\Vip-Gece-Web-Gelistirme\\tools\\forensics\\collect-python-error-admin.cmd\"",
        "ParentUser": "DESKTOP-FOEGBB0\\o-neo"
      }
    },
