    {
      "source": "sysmon",
      "provider": "Microsoft-Windows-Sysmon",
      "eventId": 1,
      "time": "2026-09-13T22:06:03.5286991Z",
      "recordId": 623470,
      "data": {
        "RuleName": "-",
        "UtcTime": "2026-09-13 22:06:03.316",
        "ProcessGuid": "{66b35fd9-1e4b-6aa7-ae3c-000000001700}",
        "ProcessId": "12884",
        "Image": "C:\\Windows\\System32\\findstr.exe",
        "FileVersion": "10.0.26100.7019 (WinBuild.160101.0800)",
        "Description": "Find String (QGREP) Utility",
        "Product": "Microsoft� Windows� Operating System",
        "Company": "Microsoft Corporation",
        "OriginalFileName": "FINDSTR.EXE",
        "CommandLine": "findstr  /i /c:\"python.exe\" \"C:\\ProgramData\\Microsoft\\Windows\\WER\\ReportArchive\\Critical_10.0.26100.8035__ae9c76aac5ce952a8a392efa7196f46bf4bd9da2_00000000_fbab776c-31b8-420d-977d-fdd8bf262015\\Report.wer\"",
        "CurrentDirectory": "C:\\Windows\\System32\\",
        "User": "DESKTOP-FOEGBB0\\o-neo",
        "LogonGuid": "{66b35fd9-1d97-6aa7-a3ab-b80300000000}",
        "LogonId": "0x3b8aba3",
        "TerminalSessionId": "1",
        "IntegrityLevel": "High",
        "Hashes": "MD5=E9E5AB26797A44DF0045FB3B7FD834DE,SHA256=867816F8A714A87F5F573EBBE3A526931FBE787CC03B4EC7AC8A970C9D8C0264,IMPHASH=FAF6C2ABBD03B51B5852A294EAAFC7CE",
        "ParentProcessGuid": "{66b35fd9-1d9e-6aa7-2c3b-000000001700}",
        "ParentProcessId": "2832",
        "ParentImage": "C:\\Windows\\System32\\cmd.exe",
        "ParentCommandLine": "\"C:\\Windows\\System32\\cmd.exe\" /c \"C:\\Users\\o-neo\\Documents\\Vip-Gece-Web-Gelistirme\\tools\\forensics\\collect-python-error-admin.cmd\"",
        "ParentUser": "DESKTOP-FOEGBB0\\o-neo"
      }
    },
    {
      "source": "sysmon",
      "provider": "Microsoft-Windows-Sysmon",
      "eventId": 1,
      "time": "2026-09-13T22:06:04.0235645Z",
      "recordId": 623473,
      "data": {
        "RuleName": "-",
        "UtcTime": "2026-09-13 22:06:03.728",
        "ProcessGuid": "{66b35fd9-1e4b-6aa7-b23c-000000001700}",
        "ProcessId": "8420",
        "Image": "C:\\Windows\\System32\\findstr.exe",
        "FileVersion": "10.0.26100.7019 (WinBuild.160101.0800)",
        "Description": "Find String (QGREP) Utility",
        "Product": "Microsoft� Windows� Operating System",
        "Company": "Microsoft Corporation",
        "OriginalFileName": "FINDSTR.EXE",
        "CommandLine": "findstr  /i /c:\"python.exe\" \"C:\\ProgramData\\Microsoft\\Windows\\WER\\ReportArchive\\Critical_10.0.26100.9156__1892517e82a43bfaeb6cffe514bc6f5a3f82fc_00000000_8b1f0f94-548c-45a7-a335-11f4804c64d5\\Report.wer\"",
        "CurrentDirectory": "C:\\Windows\\System32\\",
        "User": "DESKTOP-FOEGBB0\\o-neo",
        "LogonGuid": "{66b35fd9-1d97-6aa7-a3ab-b80300000000}",
        "LogonId": "0x3b8aba3",
        "TerminalSessionId": "1",
        "IntegrityLevel": "High",
        "Hashes": "MD5=E9E5AB26797A44DF0045FB3B7FD834DE,SHA256=867816F8A714A87F5F573EBBE3A526931FBE787CC03B4EC7AC8A970C9D8C0264,IMPHASH=FAF6C2ABBD03B51B5852A294EAAFC7CE",
        "ParentProcessGuid": "{66b35fd9-1d9e-6aa7-2c3b-000000001700}",
        "ParentProcessId": "2832",
        "ParentImage": "C:\\Windows\\System32\\cmd.exe",
        "ParentCommandLine": "\"C:\\Windows\\System32\\cmd.exe\" /c \"C:\\Users\\o-neo\\Documents\\Vip-Gece-Web-Gelistirme\\tools\\forensics\\collect-python-error-admin.cmd\"",
        "ParentUser": "DESKTOP-FOEGBB0\\o-neo"
      }
    },
    {
      "source": "sysmon",
      "provider": "Microsoft-Windows-Sysmon",
      "eventId": 1,
      "time": "2026-09-13T22:06:04.9411853Z",
      "recordId": 623481,
      "data": {
        "RuleName": "-",
        "UtcTime": "2026-09-13 22:06:04.564",
        "ProcessGuid": "{66b35fd9-1e4c-6aa7-b73c-000000001700}",
        "ProcessId": "9576",
        "Image": "C:\\Windows\\System32\\findstr.exe",
        "FileVersion": "10.0.26100.7019 (WinBuild.160101.0800)",
        "Description": "Find String (QGREP) Utility",
        "Product": "Microsoft� Windows� Operating System",
        "Company": "Microsoft Corporation",
        "OriginalFileName": "FINDSTR.EXE",
        "CommandLine": "findstr  /i /c:\"python.exe\" \"C:\\ProgramData\\Microsoft\\Windows\\WER\\ReportArchive\\NonCritical_Update;MoUpdateO_99a1944f329110c4e250cb74895b648d1168b82a_00000000_2eb7f608-2576-4cfa-9cf3-ab11eff6ec8d\\Report.wer\"",
        "CurrentDirectory": "C:\\Windows\\System32\\",
        "User": "DESKTOP-FOEGBB0\\o-neo",
        "LogonGuid": "{66b35fd9-1d97-6aa7-a3ab-b80300000000}",
        "LogonId": "0x3b8aba3",
        "TerminalSessionId": "1",
        "IntegrityLevel": "High",
        "Hashes": "MD5=E9E5AB26797A44DF0045FB3B7FD834DE,SHA256=867816F8A714A87F5F573EBBE3A526931FBE787CC03B4EC7AC8A970C9D8C0264,IMPHASH=FAF6C2ABBD03B51B5852A294EAAFC7CE",
        "ParentProcessGuid": "{66b35fd9-1d9e-6aa7-2c3b-000000001700}",
        "ParentProcessId": "2832",
        "ParentImage": "C:\\Windows\\System32\\cmd.exe",
        "ParentCommandLine": "\"C:\\Windows\\System32\\cmd.exe\" /c \"C:\\Users\\o-neo\\Documents\\Vip-Gece-Web-Gelistirme\\tools\\forensics\\collect-python-error-admin.cmd\"",
        "ParentUser": "DESKTOP-FOEGBB0\\o-neo"
      }
    },
    {
      "source": "sysmon",
      "provider": "Microsoft-Windows-Sysmon",
      "eventId": 1,
      "time": "2026-09-13T22:06:05.4303934Z",
      "recordId": 623485,
      "data": {
        "RuleName": "-",
        "UtcTime": "2026-09-13 22:06:05.361",
        "ProcessGuid": "{66b35fd9-1e4d-6aa7-bc3c-000000001700}",
        "ProcessId": "4328",
        "Image": "C:\\Windows\\System32\\findstr.exe",
        "FileVersion": "10.0.26100.7019 (WinBuild.160101.0800)",
        "Description": "Find String (QGREP) Utility",
        "Product": "Microsoft� Windows� Operating System",
        "Company": "Microsoft Corporation",
        "OriginalFileName": "FINDSTR.EXE",
        "CommandLine": "findstr  /i /c:\"python.exe\" \"C:\\ProgramData\\Microsoft\\Windows\\WER\\ReportArchive\\NonCritical_Update;UsoClient_a6d4e35e2fe82a62db439251f7685d95904bf3c8_00000000_5328b8a1-2989-46f7-82c2-2ca1435761b1\\Report.wer\"",
        "CurrentDirectory": "C:\\Windows\\System32\\",
        "User": "DESKTOP-FOEGBB0\\o-neo",
        "LogonGuid": "{66b35fd9-1d97-6aa7-a3ab-b80300000000}",
        "LogonId": "0x3b8aba3",
        "TerminalSessionId": "1",
        "IntegrityLevel": "High",
        "Hashes": "MD5=E9E5AB26797A44DF0045FB3B7FD834DE,SHA256=867816F8A714A87F5F573EBBE3A526931FBE787CC03B4EC7AC8A970C9D8C0264,IMPHASH=FAF6C2ABBD03B51B5852A294EAAFC7CE",
        "ParentProcessGuid": "{66b35fd9-1d9e-6aa7-2c3b-000000001700}",
        "ParentProcessId": "2832",
        "ParentImage": "C:\\Windows\\System32\\cmd.exe",
        "ParentCommandLine": "\"C:\\Windows\\System32\\cmd.exe\" /c \"C:\\Users\\o-neo\\Documents\\Vip-Gece-Web-Gelistirme\\tools\\forensics\\collect-python-error-admin.cmd\"",
        "ParentUser": "DESKTOP-FOEGBB0\\o-neo"
      }
    },
    {
      "source": "sysmon",
      "provider": "Microsoft-Windows-Sysmon",
      "eventId": 1,
      "time": "2026-09-13T22:06:06.2308468Z",
      "recordId": 623492,
      "data": {
        "RuleName": "-",
        "UtcTime": "2026-09-13 22:06:05.921",
        "ProcessGuid": "{66b35fd9-1e4d-6aa7-bf3c-000000001700}",
        "ProcessId": "12448",
        "Image": "C:\\Windows\\System32\\findstr.exe",
        "FileVersion": "10.0.26100.7019 (WinBuild.160101.0800)",
        "Description": "Find String (QGREP) Utility",
        "Product": "Microsoft� Windows� Operating System",
        "Company": "Microsoft Corporation",
        "OriginalFileName": "FINDSTR.EXE",
        "CommandLine": "findstr  /i /c:\"python.exe\" \"C:\\ProgramData\\Microsoft\\Windows\\WER\\ReportArchive\\NonCritical_Update;UsoClient_a6d4e35e2fe82a62db439251f7685d95904bf3c8_00000000_5b020622-1024-421a-abe8-da3f72e3e356\\Report.wer\"",
        "CurrentDirectory": "C:\\Windows\\System32\\",
        "User": "DESKTOP-FOEGBB0\\o-neo",
        "LogonGuid": "{66b35fd9-1d97-6aa7-a3ab-b80300000000}",
        "LogonId": "0x3b8aba3",
        "TerminalSessionId": "1",
        "IntegrityLevel": "High",
        "Hashes": "MD5=E9E5AB26797A44DF0045FB3B7FD834DE,SHA256=867816F8A714A87F5F573EBBE3A526931FBE787CC03B4EC7AC8A970C9D8C0264,IMPHASH=FAF6C2ABBD03B51B5852A294EAAFC7CE",
        "ParentProcessGuid": "{66b35fd9-1d9e-6aa7-2c3b-000000001700}",
        "ParentProcessId": "2832",
        "ParentImage": "C:\\Windows\\System32\\cmd.exe",
        "ParentCommandLine": "\"C:\\Windows\\System32\\cmd.exe\" /c \"C:\\Users\\o-neo\\Documents\\Vip-Gece-Web-Gelistirme\\tools\\forensics\\collect-python-error-admin.cmd\"",
        "ParentUser": "DESKTOP-FOEGBB0\\o-neo"
      }
    },
    {
      "source": "sysmon",
      "provider": "Microsoft-Windows-Sysmon",
      "eventId": 1,
      "time": "2026-09-13T22:06:06.2647351Z",
      "recordId": 623494,
      "data": {
        "RuleName": "-",
        "UtcTime": "2026-09-13 22:06:06.243",
        "ProcessGuid": "{66b35fd9-1e4e-6aa7-c23c-000000001700}",
        "ProcessId": "9932",
        "Image": "C:\\Windows\\System32\\findstr.exe",
        "FileVersion": "10.0.26100.7019 (WinBuild.160101.0800)",
        "Description": "Find String (QGREP) Utility",
        "Product": "Microsoft� Windows� Operating System",
        "Company": "Microsoft Corporation",
        "OriginalFileName": "FINDSTR.EXE",
        "CommandLine": "findstr  /i /c:\"python.exe\" \"C:\\ProgramData\\Microsoft\\Windows\\WER\\ReportArchive\\NonCritical_Update;UsoClient_a6d4e35e2fe82a62db439251f7685d95904bf3c8_00000000_78854cbb-adde-4a47-93e9-4683d9709dc7\\Report.wer\"",
        "CurrentDirectory": "C:\\Windows\\System32\\",
        "User": "DESKTOP-FOEGBB0\\o-neo",
        "LogonGuid": "{66b35fd9-1d97-6aa7-a3ab-b80300000000}",
        "LogonId": "0x3b8aba3",
        "TerminalSessionId": "1",
        "IntegrityLevel": "High",
        "Hashes": "MD5=E9E5AB26797A44DF0045FB3B7FD834DE,SHA256=867816F8A714A87F5F573EBBE3A526931FBE787CC03B4EC7AC8A970C9D8C0264,IMPHASH=FAF6C2ABBD03B51B5852A294EAAFC7CE",
        "ParentProcessGuid": "{66b35fd9-1d9e-6aa7-2c3b-000000001700}",
        "ParentProcessId": "2832",
        "ParentImage": "C:\\Windows\\System32\\cmd.exe",
        "ParentCommandLine": "\"C:\\Windows\\System32\\cmd.exe\" /c \"C:\\Users\\o-neo\\Documents\\Vip-Gece-Web-Gelistirme\\tools\\forensics\\collect-python-error-admin.cmd\"",
        "ParentUser": "DESKTOP-FOEGBB0\\o-neo"
      }
    },
    {
      "source": "sysmon",
      "provider": "Microsoft-Windows-Sysmon",
      "eventId": 1,
      "time": "2026-09-13T22:06:06.4290089Z",
      "recordId": 623496,
      "data": {
        "RuleName": "-",
        "UtcTime": "2026-09-13 22:06:06.405",
        "ProcessGuid": "{66b35fd9-1e4e-6aa7-c43c-000000001700}",
        "ProcessId": "10600",
        "Image": "C:\\Windows\\System32\\findstr.exe",
        "FileVersion": "10.0.26100.7019 (WinBuild.160101.0800)",
        "Description": "Find String (QGREP) Utility",
        "Product": "Microsoft� Windows� Operating System",
        "Company": "Microsoft Corporation",
        "OriginalFileName": "FINDSTR.EXE",
        "CommandLine": "findstr  /i /c:\"python.exe\" \"C:\\ProgramData\\Microsoft\\Windows\\WER\\ReportArchive\\NonCritical_Update;UsoClient_a6d4e35e2fe82a62db439251f7685d95904bf3c8_00000000_c8fafd7c-ea1c-45a2-8768-60e378e109cc\\Report.wer\"",
        "CurrentDirectory": "C:\\Windows\\System32\\",
        "User": "DESKTOP-FOEGBB0\\o-neo",
        "LogonGuid": "{66b35fd9-1d97-6aa7-a3ab-b80300000000}",
        "LogonId": "0x3b8aba3",
        "TerminalSessionId": "1",
        "IntegrityLevel": "High",
        "Hashes": "MD5=E9E5AB26797A44DF0045FB3B7FD834DE,SHA256=867816F8A714A87F5F573EBBE3A526931FBE787CC03B4EC7AC8A970C9D8C0264,IMPHASH=FAF6C2ABBD03B51B5852A294EAAFC7CE",
        "ParentProcessGuid": "{66b35fd9-1d9e-6aa7-2c3b-000000001700}",
        "ParentProcessId": "2832",
        "ParentImage": "C:\\Windows\\System32\\cmd.exe",
        "ParentCommandLine": "\"C:\\Windows\\System32\\cmd.exe\" /c \"C:\\Users\\o-neo\\Documents\\Vip-Gece-Web-Gelistirme\\tools\\forensics\\collect-python-error-admin.cmd\"",
        "ParentUser": "DESKTOP-FOEGBB0\\o-neo"
      }
    },
    {
      "source": "sysmon",
      "provider": "Microsoft-Windows-Sysmon",
      "eventId": 1,
      "time": "2026-09-13T22:06:07.0210475Z",
      "recordId": 623502,
      "data": {
        "RuleName": "-",
        "UtcTime": "2026-09-13 22:06:06.878",
        "ProcessGuid": "{66b35fd9-1e4e-6aa7-ca3c-000000001700}",
        "ProcessId": "2304",
        "Image": "C:\\Windows\\System32\\findstr.exe",
        "FileVersion": "10.0.26100.7019 (WinBuild.160101.0800)",
        "Description": "Find String (QGREP) Utility",
        "Product": "Microsoft� Windows� Operating System",
        "Company": "Microsoft Corporation",
        "OriginalFileName": "FINDSTR.EXE",
        "CommandLine": "findstr  /i /c:\"python.exe\" \"C:\\ProgramData\\Microsoft\\Windows\\WER\\ReportQueue\\Report.wer\"",
        "CurrentDirectory": "C:\\Windows\\System32\\",
        "User": "DESKTOP-FOEGBB0\\o-neo",
        "LogonGuid": "{66b35fd9-1d97-6aa7-a3ab-b80300000000}",
        "LogonId": "0x3b8aba3",
        "TerminalSessionId": "1",
        "IntegrityLevel": "High",
        "Hashes": "MD5=E9E5AB26797A44DF0045FB3B7FD834DE,SHA256=867816F8A714A87F5F573EBBE3A526931FBE787CC03B4EC7AC8A970C9D8C0264,IMPHASH=FAF6C2ABBD03B51B5852A294EAAFC7CE",
        "ParentProcessGuid": "{66b35fd9-1d9e-6aa7-2c3b-000000001700}",
        "ParentProcessId": "2832",
        "ParentImage": "C:\\Windows\\System32\\cmd.exe",
        "ParentCommandLine": "\"C:\\Windows\\System32\\cmd.exe\" /c \"C:\\Users\\o-neo\\Documents\\Vip-Gece-Web-Gelistirme\\tools\\forensics\\collect-python-error-admin.cmd\"",
        "ParentUser": "DESKTOP-FOEGBB0\\o-neo"
      }
    },
    {
      "source": "sysmon",
      "provider": "Microsoft-Windows-Sysmon",
      "eventId": 1,
      "time": "2026-09-13T22:06:13.9062912Z",
      "recordId": 623562,
      "data": {
        "RuleName": "-",
        "UtcTime": "2026-09-13 22:06:13.876",
        "ProcessGuid": "{66b35fd9-1e55-6aa7-f73c-000000001700}",
        "ProcessId": "9672",
        "Image": "C:\\Windows\\System32\\cmd.exe",
        "FileVersion": "10.0.26100.9278 (WinBuild.160101.0800)",
        "Description": "Windows Command Processor",
        "Product": "Microsoft� Windows� Operating System",
        "Company": "Microsoft Corporation",
        "OriginalFileName": "Cmd.Exe",
        "CommandLine": "C:\\WINDOWS\\system32\\cmd.exe /d /s /c \"echo %%TEMP%%\"",
        "CurrentDirectory": "C:\\",
        "User": "DESKTOP-FOEGBB0\\o-neo",
        "LogonGuid": "{66b35fd9-c5ee-6aa6-d395-060000000000}",
        "LogonId": "0x695d3",
        "TerminalSessionId": "1",
        "IntegrityLevel": "Medium",
        "Hashes": "MD5=CE396564392FAFAAD5C07A5E2DADE4E6,SHA256=97AC98B1A92C286054CCE55239CFCCDFC23A5517BD07FE693072C9CA96C7DABB,IMPHASH=010B165E4C37F484601D3DBD700C9423",
        "ParentProcessGuid": "{66b35fd9-ee27-6aa6-131e-000000001700}",
        "ParentProcessId": "488",
        "ParentImage": "C:\\Program Files\\WindowsApps\\OpenAI.Codex_26.908.4834.0_x64__2p2nqsd0c76g0\\app\\ChatGPT.exe",
        "ParentCommandLine": "\"C:\\Program Files\\WindowsApps\\OpenAI.Codex_26.908.4834.0_x64__2p2nqsd0c76g0\\app\\ChatGPT.exe\"",
        "ParentUser": "DESKTOP-FOEGBB0\\o-neo"
      }
    },
    {
      "source": "sysmon",
      "provider": "Microsoft-Windows-Sysmon",
      "eventId": 1,
      "time": "2026-09-13T22:08:09.3601567Z",
      "recordId": 623605,
      "data": {
        "RuleName": "-",
        "UtcTime": "2026-09-13 22:08:09.292",
        "ProcessGuid": "{66b35fd9-1ec9-6aa7-0f3d-000000001700}",
        "ProcessId": "10656",
        "Image": "C:\\Windows\\System32\\cmd.exe",
        "FileVersion": "10.0.26100.9278 (WinBuild.160101.0800)",
        "Description": "Windows Command Processor",
        "Product": "Microsoft� Windows� Operating System",
        "Company": "Microsoft Corporation",
        "OriginalFileName": "Cmd.Exe",
        "CommandLine": "cmd.exe /e:ON /v:OFF /d /c \"\"C:\\Tools\\Node\\node-v24.21.0-win-x64\\npx.cmd\" -y firebase-tools@latest mcp --dir .\"",
        "CurrentDirectory": "C:\\Users\\o-neo\\AppData\\Local\\OpenAI\\Codex\\bin\\bffc5354119c8421\\",
        "User": "DESKTOP-FOEGBB0\\o-neo",
        "LogonGuid": "{66b35fd9-c5ee-6aa6-d395-060000000000}",
        "LogonId": "0x695d3",
        "TerminalSessionId": "1",
        "IntegrityLevel": "Medium",
        "Hashes": "MD5=CE396564392FAFAAD5C07A5E2DADE4E6,SHA256=97AC98B1A92C286054CCE55239CFCCDFC23A5517BD07FE693072C9CA96C7DABB,IMPHASH=010B165E4C37F484601D3DBD700C9423",
        "ParentProcessGuid": "{66b35fd9-ee3a-6aa6-231e-000000001700}",
        "ParentProcessId": "11556",
        "ParentImage": "C:\\Users\\o-neo\\AppData\\Local\\OpenAI\\Codex\\bin\\bffc5354119c8421\\codex.exe",
        "ParentCommandLine": "C:\\Users\\o-neo\\AppData\\Local\\OpenAI\\Codex\\bin\\bffc5354119c8421\\codex.exe -c features.code_mode_host=true app-server --analytics-default-enabled -c plugins.codex-app-tools@openai-bundled.mcp_servers.codex_app.enabled=true",
        "ParentUser": "DESKTOP-FOEGBB0\\o-neo"
      }
    },
    {
      "source": "sysmon",
      "provider": "Microsoft-Windows-Sysmon",
      "eventId": 1,
      "time": "2026-09-13T22:08:09.4190071Z",
      "recordId": 623606,
      "data": {
        "RuleName": "-",
        "UtcTime": "2026-09-13 22:08:09.316",
        "ProcessGuid": "{66b35fd9-1ec9-6aa7-103d-000000001700}",
        "ProcessId": "1660",
        "Image": "C:\\Windows\\System32\\cmd.exe",
        "FileVersion": "10.0.26100.9278 (WinBuild.160101.0800)",
        "Description": "Windows Command Processor",
        "Product": "Microsoft� Windows� Operating System",
        "Company": "Microsoft Corporation",
        "OriginalFileName": "Cmd.Exe",
        "CommandLine": "cmd.exe /e:ON /v:OFF /d /c \"\"C:\\Tools\\Node\\node-v24.21.0-win-x64\\npx.cmd\" -y firebase-tools@latest mcp --dir .\"",
        "CurrentDirectory": "C:\\Users\\o-neo\\AppData\\Local\\OpenAI\\Codex\\bin\\bffc5354119c8421\\",
        "User": "DESKTOP-FOEGBB0\\o-neo",
        "LogonGuid": "{66b35fd9-c5ee-6aa6-d395-060000000000}",
        "LogonId": "0x695d3",
        "TerminalSessionId": "1",
        "IntegrityLevel": "Medium",
        "Hashes": "MD5=CE396564392FAFAAD5C07A5E2DADE4E6,SHA256=97AC98B1A92C286054CCE55239CFCCDFC23A5517BD07FE693072C9CA96C7DABB,IMPHASH=010B165E4C37F484601D3DBD700C9423",
        "ParentProcessGuid": "{66b35fd9-ee3a-6aa6-231e-000000001700}",
        "ParentProcessId": "11556",
        "ParentImage": "C:\\Users\\o-neo\\AppData\\Local\\OpenAI\\Codex\\bin\\bffc5354119c8421\\codex.exe",
        "ParentCommandLine": "C:\\Users\\o-neo\\AppData\\Local\\OpenAI\\Codex\\bin\\bffc5354119c8421\\codex.exe -c features.code_mode_host=true app-server --analytics-default-enabled -c plugins.codex-app-tools@openai-bundled.mcp_servers.codex_app.enabled=true",
        "ParentUser": "DESKTOP-FOEGBB0\\o-neo"
      }
    },
    {
      "source": "sysmon",
      "provider": "Microsoft-Windows-Sysmon",
      "eventId": 1,
      "time": "2026-09-13T22:08:09.4551337Z",
      "recordId": 623607,
      "data": {
        "RuleName": "-",
        "UtcTime": "2026-09-13 22:08:09.348",
        "ProcessGuid": "{66b35fd9-1ec9-6aa7-113d-000000001700}",
        "ProcessId": "9316",
        "Image": "C:\\Windows\\System32\\cmd.exe",
        "FileVersion": "10.0.26100.9278 (WinBuild.160101.0800)",
        "Description": "Windows Command Processor",
        "Product": "Microsoft� Windows� Operating System",
        "Company": "Microsoft Corporation",
        "OriginalFileName": "Cmd.Exe",
        "CommandLine": "\"C:\\WINDOWS\\system32\\cmd.exe\" /d /s /c call ./scripts/launch_codex_app_tools_mcp.cmd ./server.mjs",
        "CurrentDirectory": "C:\\Program Files\\WindowsApps\\OpenAI.Codex_26.908.4834.0_x64__2p2nqsd0c76g0\\app\\resources\\plugins\\openai-bundled\\plugins\\codex-app-tools\\",
        "User": "DESKTOP-FOEGBB0\\o-neo",
        "LogonGuid": "{66b35fd9-c5ee-6aa6-d395-060000000000}",
        "LogonId": "0x695d3",
        "TerminalSessionId": "1",
        "IntegrityLevel": "Medium",
        "Hashes": "MD5=CE396564392FAFAAD5C07A5E2DADE4E6,SHA256=97AC98B1A92C286054CCE55239CFCCDFC23A5517BD07FE693072C9CA96C7DABB,IMPHASH=010B165E4C37F484601D3DBD700C9423",
        "ParentProcessGuid": "{66b35fd9-ee3a-6aa6-231e-000000001700}",
        "ParentProcessId": "11556",
        "ParentImage": "C:\\Users\\o-neo\\AppData\\Local\\OpenAI\\Codex\\bin\\bffc5354119c8421\\codex.exe",
        "ParentCommandLine": "C:\\Users\\o-neo\\AppData\\Local\\OpenAI\\Codex\\bin\\bffc5354119c8421\\codex.exe -c features.code_mode_host=true app-server --analytics-default-enabled -c plugins.codex-app-tools@openai-bundled.mcp_servers.codex_app.enabled=true",
        "ParentUser": "DESKTOP-FOEGBB0\\o-neo"
      }
    },
    {
      "source": "sysmon",
      "provider": "Microsoft-Windows-Sysmon",
      "eventId": 1,
      "time": "2026-09-13T22:08:09.5092232Z",
      "recordId": 623609,
      "data": {
        "RuleName": "-",
        "UtcTime": "2026-09-13 22:08:09.405",
        "ProcessGuid": "{66b35fd9-1ec9-6aa7-133d-000000001700}",
        "ProcessId": "9080",
        "Image": "C:\\Windows\\System32\\cmd.exe",
        "FileVersion": "10.0.26100.9278 (WinBuild.160101.0800)",
        "Description": "Windows Command Processor",
        "Product": "Microsoft� Windows� Operating System",
        "Company": "Microsoft Corporation",
        "OriginalFileName": "Cmd.Exe",
        "CommandLine": "cmd.exe /e:ON /v:OFF /d /c \"\"C:\\Users\\o-neo\\.codex\\plugins\\cache\\openai-curated-remote\\codex-security\\0.1.24\\.\\scripts\\launch_codex_security_mcp.cmd\" --stdio\"",
        "CurrentDirectory": "C:\\Users\\o-neo\\.codex\\plugins\\cache\\openai-curated-remote\\codex-security\\0.1.24\\",
        "User": "DESKTOP-FOEGBB0\\o-neo",
        "LogonGuid": "{66b35fd9-c5ee-6aa6-d395-060000000000}",
        "LogonId": "0x695d3",
        "TerminalSessionId": "1",
        "IntegrityLevel": "Medium",
        "Hashes": "MD5=CE396564392FAFAAD5C07A5E2DADE4E6,SHA256=97AC98B1A92C286054CCE55239CFCCDFC23A5517BD07FE693072C9CA96C7DABB,IMPHASH=010B165E4C37F484601D3DBD700C9423",
        "ParentProcessGuid": "{66b35fd9-ee3a-6aa6-231e-000000001700}",
        "ParentProcessId": "11556",
        "ParentImage": "C:\\Users\\o-neo\\AppData\\Local\\OpenAI\\Codex\\bin\\bffc5354119c8421\\codex.exe",
        "ParentCommandLine": "C:\\Users\\o-neo\\AppData\\Local\\OpenAI\\Codex\\bin\\bffc5354119c8421\\codex.exe -c features.code_mode_host=true app-server --analytics-default-enabled -c plugins.codex-app-tools@openai-bundled.mcp_servers.codex_app.enabled=true",
        "ParentUser": "DESKTOP-FOEGBB0\\o-neo"
      }
    },
    {
      "source": "sysmon",
      "provider": "Microsoft-Windows-Sysmon",
      "eventId": 1,
      "time": "2026-09-13T22:08:09.5114425Z",
      "recordId": 623610,
      "data": {
        "RuleName": "-",
        "UtcTime": "2026-09-13 22:08:09.424",
        "ProcessGuid": "{66b35fd9-1ec9-6aa7-143d-000000001700}",
        "ProcessId": "12172",
        "Image": "C:\\Windows\\System32\\cmd.exe",
        "FileVersion": "10.0.26100.9278 (WinBuild.160101.0800)",
        "Description": "Windows Command Processor",
        "Product": "Microsoft� Windows� Operating System",
        "Company": "Microsoft Corporation",
        "OriginalFileName": "Cmd.Exe",
        "CommandLine": "\"C:\\WINDOWS\\system32\\cmd.exe\" /d /s /c call ./scripts/launch_codex_app_tools_mcp.cmd ./server.mjs",
        "CurrentDirectory": "C:\\Program Files\\WindowsApps\\OpenAI.Codex_26.908.4834.0_x64__2p2nqsd0c76g0\\app\\resources\\plugins\\openai-bundled\\plugins\\codex-app-tools\\",
        "User": "DESKTOP-FOEGBB0\\o-neo",
        "LogonGuid": "{66b35fd9-c5ee-6aa6-d395-060000000000}",
        "LogonId": "0x695d3",
        "TerminalSessionId": "1",
        "IntegrityLevel": "Medium",
        "Hashes": "MD5=CE396564392FAFAAD5C07A5E2DADE4E6,SHA256=97AC98B1A92C286054CCE55239CFCCDFC23A5517BD07FE693072C9CA96C7DABB,IMPHASH=010B165E4C37F484601D3DBD700C9423",
        "ParentProcessGuid": "{66b35fd9-ee3a-6aa6-231e-000000001700}",
        "ParentProcessId": "11556",
        "ParentImage": "C:\\Users\\o-neo\\AppData\\Local\\OpenAI\\Codex\\bin\\bffc5354119c8421\\codex.exe",
        "ParentCommandLine": "C:\\Users\\o-neo\\AppData\\Local\\OpenAI\\Codex\\bin\\bffc5354119c8421\\codex.exe -c features.code_mode_host=true app-server --analytics-default-enabled -c plugins.codex-app-tools@openai-bundled.mcp_servers.codex_app.enabled=true",
        "ParentUser": "DESKTOP-FOEGBB0\\o-neo"
      }
    },
    {
      "source": "sysmon",
      "provider": "Microsoft-Windows-Sysmon",
      "eventId": 1,
      "time": "2026-09-13T22:08:09.6050160Z",
      "recordId": 623611,
      "data": {
        "RuleName": "-",
        "UtcTime": "2026-09-13 22:08:09.434",
        "ProcessGuid": "{66b35fd9-1ec9-6aa7-153d-000000001700}",
        "ProcessId": "10088",
        "Image": "C:\\Windows\\System32\\cmd.exe",
        "FileVersion": "10.0.26100.9278 (WinBuild.160101.0800)",
        "Description": "Windows Command Processor",
        "Product": "Microsoft� Windows� Operating System",
        "Company": "Microsoft Corporation",
        "OriginalFileName": "Cmd.Exe",
        "CommandLine": "cmd.exe /e:ON /v:OFF /d /c \"\"C:\\Users\\o-neo\\.codex\\plugins\\cache\\openai-curated-remote\\codex-security\\0.1.24\\.\\scripts\\launch_codex_security_mcp.cmd\" --stdio\"",
        "CurrentDirectory": "C:\\Users\\o-neo\\.codex\\plugins\\cache\\openai-curated-remote\\codex-security\\0.1.24\\",
        "User": "DESKTOP-FOEGBB0\\o-neo",
        "LogonGuid": "{66b35fd9-c5ee-6aa6-d395-060000000000}",
        "LogonId": "0x695d3",
        "TerminalSessionId": "1",
        "IntegrityLevel": "Medium",
        "Hashes": "MD5=CE396564392FAFAAD5C07A5E2DADE4E6,SHA256=97AC98B1A92C286054CCE55239CFCCDFC23A5517BD07FE693072C9CA96C7DABB,IMPHASH=010B165E4C37F484601D3DBD700C9423",
        "ParentProcessGuid": "{66b35fd9-ee3a-6aa6-231e-000000001700}",
        "ParentProcessId": "11556",
        "ParentImage": "C:\\Users\\o-neo\\AppData\\Local\\OpenAI\\Codex\\bin\\bffc5354119c8421\\codex.exe",
        "ParentCommandLine": "C:\\Users\\o-neo\\AppData\\Local\\OpenAI\\Codex\\bin\\bffc5354119c8421\\codex.exe -c features.code_mode_host=true app-server --analytics-default-enabled -c plugins.codex-app-tools@openai-bundled.mcp_servers.codex_app.enabled=true",
        "ParentUser": "DESKTOP-FOEGBB0\\o-neo"
      }
    },
    {
      "source": "sysmon",
      "provider": "Microsoft-Windows-Sysmon",
      "eventId": 1,
      "time": "2026-09-13T22:08:10.4810607Z",
      "recordId": 623615,
      "data": {
        "RuleName": "-",
        "UtcTime": "2026-09-13 22:08:10.289",
        "ProcessGuid": "{66b35fd9-1eca-6aa7-1a3d-000000001700}",
        "ProcessId": "12964",
        "Image": "C:\\Users\\o-neo\\AppData\\Local\\OpenAI\\Codex\\runtimes\\cua_node\\a708e72b10c27b59\\bin\\node.exe",
        "FileVersion": "24.20.0",
        "Description": "Node.js JavaScript Runtime",
        "Product": "Node.js",
        "Company": "Node.js",
        "OriginalFileName": "node.exe",
        "CommandLine": "\"C:\\Users\\o-neo\\AppData\\Local\\OpenAI\\Codex\\runtimes\\cua_node\\a708e72b10c27b59\\bin\\node.exe\"  ./server.mjs",
        "CurrentDirectory": "C:\\Program Files\\WindowsApps\\OpenAI.Codex_26.908.4834.0_x64__2p2nqsd0c76g0\\app\\resources\\plugins\\openai-bundled\\plugins\\codex-app-tools\\",
        "User": "DESKTOP-FOEGBB0\\o-neo",
        "LogonGuid": "{66b35fd9-c5ee-6aa6-d395-060000000000}",
        "LogonId": "0x695d3",
        "TerminalSessionId": "1",
        "IntegrityLevel": "Medium",
        "Hashes": "MD5=EB2EA40C02F62DB117B10DD12FB39A36,SHA256=8548590CA198A4AAB2715C9AF698DE4B4857AC0A8DD9DA4968473DEF948DD089,IMPHASH=6538DFB25A4AF0BD0D9AAA2ACC7B075A",
        "ParentProcessGuid": "{66b35fd9-1ec9-6aa7-113d-000000001700}",
        "ParentProcessId": "9316",
        "ParentImage": "C:\\Windows\\System32\\cmd.exe",
        "ParentCommandLine": "\"C:\\WINDOWS\\system32\\cmd.exe\" /d /s /c call ./scripts/launch_codex_app_tools_mcp.cmd ./server.mjs",
        "ParentUser": "DESKTOP-FOEGBB0\\o-neo"
      }
    },
    {
      "source": "sysmon",
      "provider": "Microsoft-Windows-Sysmon",
      "eventId": 1,
      "time": "2026-09-13T22:08:10.5270347Z",
      "recordId": 623616,
      "data": {
        "RuleName": "-",
        "UtcTime": "2026-09-13 22:08:10.299",
        "ProcessGuid": "{66b35fd9-1eca-6aa7-1b3d-000000001700}",
        "ProcessId": "2556",
        "Image": "C:\\Users\\o-neo\\AppData\\Local\\OpenAI\\Codex\\runtimes\\cua_node\\a708e72b10c27b59\\bin\\node.exe",
        "FileVersion": "24.20.0",
        "Description": "Node.js JavaScript Runtime",
        "Product": "Node.js",
        "Company": "Node.js",
        "OriginalFileName": "node.exe",
        "CommandLine": "\"C:\\Users\\o-neo\\AppData\\Local\\OpenAI\\Codex\\runtimes\\cua_node\\a708e72b10c27b59\\bin\\node.exe\"  \"C:\\Users\\o-neo\\.codex\\plugins\\cache\\openai-curated-remote\\codex-security\\0.1.24\\scripts\\..\\mcp\\server.mjs\" --stdio",
        "CurrentDirectory": "C:\\",
        "User": "DESKTOP-FOEGBB0\\o-neo",
        "LogonGuid": "{66b35fd9-c5ee-6aa6-d395-060000000000}",
        "LogonId": "0x695d3",
        "TerminalSessionId": "1",
        "IntegrityLevel": "Medium",
        "Hashes": "MD5=EB2EA40C02F62DB117B10DD12FB39A36,SHA256=8548590CA198A4AAB2715C9AF698DE4B4857AC0A8DD9DA4968473DEF948DD089,IMPHASH=6538DFB25A4AF0BD0D9AAA2ACC7B075A",
        "ParentProcessGuid": "{66b35fd9-1ec9-6aa7-133d-000000001700}",
        "ParentProcessId": "9080",
        "ParentImage": "C:\\Windows\\System32\\cmd.exe",
        "ParentCommandLine": "cmd.exe /e:ON /v:OFF /d /c \"\"C:\\Users\\o-neo\\.codex\\plugins\\cache\\openai-curated-remote\\codex-security\\0.1.24\\.\\scripts\\launch_codex_security_mcp.cmd\" --stdio\"",
        "ParentUser": "DESKTOP-FOEGBB0\\o-neo"
      }
    },
    {
      "source": "sysmon",
      "provider": "Microsoft-Windows-Sysmon",
      "eventId": 1,
      "time": "2026-09-13T22:08:10.5295093Z",
      "recordId": 623617,
      "data": {
        "RuleName": "-",
        "UtcTime": "2026-09-13 22:08:10.129",
        "ProcessGuid": "{66b35fd9-1eca-6aa7-183d-000000001700}",
        "ProcessId": "4364",
        "Image": "C:\\Windows\\System32\\cmd.exe",
        "FileVersion": "10.0.26100.9278 (WinBuild.160101.0800)",
        "Description": "Windows Command Processor",
        "Product": "Microsoft� Windows� Operating System",
        "Company": "Microsoft Corporation",
        "OriginalFileName": "Cmd.Exe",
        "CommandLine": "C:\\WINDOWS\\system32\\cmd.exe /c CALL \"C:\\Tools\\Node\\node-v24.21.0-win-x64\\\\node.exe\" \"C:\\Tools\\Node\\node-v24.21.0-win-x64\\\\node_modules\\npm\\bin\\npm-prefix.js\"",
        "CurrentDirectory": "C:\\Users\\o-neo\\AppData\\Local\\OpenAI\\Codex\\bin\\bffc5354119c8421\\",
        "User": "DESKTOP-FOEGBB0\\o-neo",
        "LogonGuid": "{66b35fd9-c5ee-6aa6-d395-060000000000}",
        "LogonId": "0x695d3",
        "TerminalSessionId": "1",
        "IntegrityLevel": "Medium",
        "Hashes": "MD5=CE396564392FAFAAD5C07A5E2DADE4E6,SHA256=97AC98B1A92C286054CCE55239CFCCDFC23A5517BD07FE693072C9CA96C7DABB,IMPHASH=010B165E4C37F484601D3DBD700C9423",
        "ParentProcessGuid": "{66b35fd9-1ec9-6aa7-103d-000000001700}",
        "ParentProcessId": "1660",
        "ParentImage": "C:\\Windows\\System32\\cmd.exe",
        "ParentCommandLine": "cmd.exe /e:ON /v:OFF /d /c \"\"C:\\Tools\\Node\\node-v24.21.0-win-x64\\npx.cmd\" -y firebase-tools@latest mcp --dir .\"",
        "ParentUser": "DESKTOP-FOEGBB0\\o-neo"
      }
    },
    {
      "source": "sysmon",
      "provider": "Microsoft-Windows-Sysmon",
      "eventId": 1,
      "time": "2026-09-13T22:08:10.6084697Z",
      "recordId": 623618,
      "data": {
        "RuleName": "-",
        "UtcTime": "2026-09-13 22:08:10.277",
        "ProcessGuid": "{66b35fd9-1eca-6aa7-193d-000000001700}",
        "ProcessId": "10644",
        "Image": "C:\\Users\\o-neo\\AppData\\Local\\OpenAI\\Codex\\runtimes\\cua_node\\a708e72b10c27b59\\bin\\node.exe",
        "FileVersion": "24.20.0",
        "Description": "Node.js JavaScript Runtime",
        "Product": "Node.js",
        "Company": "Node.js",
        "OriginalFileName": "node.exe",
        "CommandLine": "\"C:\\Users\\o-neo\\AppData\\Local\\OpenAI\\Codex\\runtimes\\cua_node\\a708e72b10c27b59\\bin\\node.exe\"  ./server.mjs",
        "CurrentDirectory": "C:\\Program Files\\WindowsApps\\OpenAI.Codex_26.908.4834.0_x64__2p2nqsd0c76g0\\app\\resources\\plugins\\openai-bundled\\plugins\\codex-app-tools\\",
        "User": "DESKTOP-FOEGBB0\\o-neo",
        "LogonGuid": "{66b35fd9-c5ee-6aa6-d395-060000000000}",
        "LogonId": "0x695d3",
        "TerminalSessionId": "1",
        "IntegrityLevel": "Medium",
        "Hashes": "MD5=EB2EA40C02F62DB117B10DD12FB39A36,SHA256=8548590CA198A4AAB2715C9AF698DE4B4857AC0A8DD9DA4968473DEF948DD089,IMPHASH=6538DFB25A4AF0BD0D9AAA2ACC7B075A",
        "ParentProcessGuid": "{66b35fd9-1ec9-6aa7-143d-000000001700}",
        "ParentProcessId": "12172",
        "ParentImage": "C:\\Windows\\System32\\cmd.exe",
        "ParentCommandLine": "\"C:\\WINDOWS\\system32\\cmd.exe\" /d /s /c call ./scripts/launch_codex_app_tools_mcp.cmd ./server.mjs",
        "ParentUser": "DESKTOP-FOEGBB0\\o-neo"
      }
    },
    {
      "source": "sysmon",
      "provider": "Microsoft-Windows-Sysmon",
      "eventId": 1,
      "time": "2026-09-13T22:08:10.6596462Z",
      "recordId": 623619,
      "data": {
        "RuleName": "-",
        "UtcTime": "2026-09-13 22:08:10.103",
        "ProcessGuid": "{66b35fd9-1eca-6aa7-173d-000000001700}",
        "ProcessId": "5152",
        "Image": "C:\\Windows\\System32\\cmd.exe",
        "FileVersion": "10.0.26100.9278 (WinBuild.160101.0800)",
        "Description": "Windows Command Processor",
        "Product": "Microsoft� Windows� Operating System",
        "Company": "Microsoft Corporation",
        "OriginalFileName": "Cmd.Exe",
        "CommandLine": "C:\\WINDOWS\\system32\\cmd.exe /c CALL \"C:\\Tools\\Node\\node-v24.21.0-win-x64\\\\node.exe\" \"C:\\Tools\\Node\\node-v24.21.0-win-x64\\\\node_modules\\npm\\bin\\npm-prefix.js\"",
        "CurrentDirectory": "C:\\Users\\o-neo\\AppData\\Local\\OpenAI\\Codex\\bin\\bffc5354119c8421\\",
        "User": "DESKTOP-FOEGBB0\\o-neo",
        "LogonGuid": "{66b35fd9-c5ee-6aa6-d395-060000000000}",
        "LogonId": "0x695d3",
        "TerminalSessionId": "1",
        "IntegrityLevel": "Medium",
        "Hashes": "MD5=CE396564392FAFAAD5C07A5E2DADE4E6,SHA256=97AC98B1A92C286054CCE55239CFCCDFC23A5517BD07FE693072C9CA96C7DABB,IMPHASH=010B165E4C37F484601D3DBD700C9423",
        "ParentProcessGuid": "{66b35fd9-1ec9-6aa7-0f3d-000000001700}",
        "ParentProcessId": "10656",
        "ParentImage": "C:\\Windows\\System32\\cmd.exe",
        "ParentCommandLine": "cmd.exe /e:ON /v:OFF /d /c \"\"C:\\Tools\\Node\\node-v24.21.0-win-x64\\npx.cmd\" -y firebase-tools@latest mcp --dir .\"",
        "ParentUser": "DESKTOP-FOEGBB0\\o-neo"
      }
    },
    {
      "source": "sysmon",
      "provider": "Microsoft-Windows-Sysmon",
      "eventId": 1,
      "time": "2026-09-13T22:08:10.6613626Z",
      "recordId": 623620,
      "data": {
        "RuleName": "-",
        "UtcTime": "2026-09-13 22:08:10.305",
        "ProcessGuid": "{66b35fd9-1eca-6aa7-1c3d-000000001700}",
        "ProcessId": "11184",
        "Image": "C:\\Users\\o-neo\\AppData\\Local\\OpenAI\\Codex\\runtimes\\cua_node\\a708e72b10c27b59\\bin\\node.exe",
        "FileVersion": "24.20.0",
        "Description": "Node.js JavaScript Runtime",
        "Product": "Node.js",
        "Company": "Node.js",
        "OriginalFileName": "node.exe",
        "CommandLine": "\"C:\\Users\\o-neo\\AppData\\Local\\OpenAI\\Codex\\runtimes\\cua_node\\a708e72b10c27b59\\bin\\node.exe\"  \"C:\\Users\\o-neo\\.codex\\plugins\\cache\\openai-curated-remote\\codex-security\\0.1.24\\scripts\\..\\mcp\\server.mjs\" --stdio",
        "CurrentDirectory": "C:\\",
        "User": "DESKTOP-FOEGBB0\\o-neo",
        "LogonGuid": "{66b35fd9-c5ee-6aa6-d395-060000000000}",
        "LogonId": "0x695d3",
        "TerminalSessionId": "1",
        "IntegrityLevel": "Medium",
        "Hashes": "MD5=EB2EA40C02F62DB117B10DD12FB39A36,SHA256=8548590CA198A4AAB2715C9AF698DE4B4857AC0A8DD9DA4968473DEF948DD089,IMPHASH=6538DFB25A4AF0BD0D9AAA2ACC7B075A",
        "ParentProcessGuid": "{66b35fd9-1ec9-6aa7-153d-000000001700}",
        "ParentProcessId": "10088",
        "ParentImage": "C:\\Windows\\System32\\cmd.exe",
        "ParentCommandLine": "cmd.exe /e:ON /v:OFF /d /c \"\"C:\\Users\\o-neo\\.codex\\plugins\\cache\\openai-curated-remote\\codex-security\\0.1.24\\.\\scripts\\launch_codex_security_mcp.cmd\" --stdio\"",
        "ParentUser": "DESKTOP-FOEGBB0\\o-neo"
      }
    },
    {
      "source": "sysmon",
      "provider": "Microsoft-Windows-Sysmon",
      "eventId": 1,
      "time": "2026-09-13T22:08:10.7849963Z",
      "recordId": 623621,
      "data": {
        "RuleName": "-",
        "UtcTime": "2026-09-13 22:08:10.578",
        "ProcessGuid": "{66b35fd9-1eca-6aa7-1d3d-000000001700}",
        "ProcessId": "9652",
        "Image": "C:\\Tools\\Node\\node-v24.21.0-win-x64\\node.exe",
        "FileVersion": "24.21.0",
        "Description": "Node.js JavaScript Runtime",
        "Product": "Node.js",
        "Company": "Node.js",
        "OriginalFileName": "node.exe",
        "CommandLine": "\"C:\\Tools\\Node\\node-v24.21.0-win-x64\\\\node.exe\"  \"C:\\Tools\\Node\\node-v24.21.0-win-x64\\\\node_modules\\npm\\bin\\npm-prefix.js\"",
        "CurrentDirectory": "C:\\Users\\o-neo\\AppData\\Local\\OpenAI\\Codex\\bin\\bffc5354119c8421\\",
        "User": "DESKTOP-FOEGBB0\\o-neo",
        "LogonGuid": "{66b35fd9-c5ee-6aa6-d395-060000000000}",
        "LogonId": "0x695d3",
        "TerminalSessionId": "1",
        "IntegrityLevel": "Medium",
        "Hashes": "MD5=12E6FB7D516F65083AE68CCF1E5F4EB8,SHA256=BA4E6D110E8C1592A1ECD390F6B05F3DA124B13871A5BE62B341A07A853C6C32,IMPHASH=6538DFB25A4AF0BD0D9AAA2ACC7B075A",
        "ParentProcessGuid": "{66b35fd9-1eca-6aa7-183d-000000001700}",
        "ParentProcessId": "4364",
        "ParentImage": "C:\\Windows\\System32\\cmd.exe",
        "ParentCommandLine": "C:\\WINDOWS\\system32\\cmd.exe /c CALL \"C:\\Tools\\Node\\node-v24.21.0-win-x64\\\\node.exe\" \"C:\\Tools\\Node\\node-v24.21.0-win-x64\\\\node_modules\\npm\\bin\\npm-prefix.js\"",
        "ParentUser": "DESKTOP-FOEGBB0\\o-neo"
      }
    },
    {
      "source": "sysmon",
      "provider": "Microsoft-Windows-Sysmon",
      "eventId": 1,
      "time": "2026-09-13T22:08:11.2170283Z",
      "recordId": 623623,
      "data": {
        "RuleName": "-",
        "UtcTime": "2026-09-13 22:08:11.097",
        "ProcessGuid": "{66b35fd9-1ecb-6aa7-1e3d-000000001700}",
        "ProcessId": "11280",
        "Image": "C:\\Tools\\Node\\node-v24.21.0-win-x64\\node.exe",
        "FileVersion": "24.21.0",
        "Description": "Node.js JavaScript Runtime",
        "Product": "Node.js",
        "Company": "Node.js",
        "OriginalFileName": "node.exe",
        "CommandLine": "\"C:\\Tools\\Node\\node-v24.21.0-win-x64\\\\node.exe\"  \"C:\\Tools\\Node\\node-v24.21.0-win-x64\\\\node_modules\\npm\\bin\\npm-prefix.js\"",
        "CurrentDirectory": "C:\\Users\\o-neo\\AppData\\Local\\OpenAI\\Codex\\bin\\bffc5354119c8421\\",
        "User": "DESKTOP-FOEGBB0\\o-neo",
        "LogonGuid": "{66b35fd9-c5ee-6aa6-d395-060000000000}",
        "LogonId": "0x695d3",
        "TerminalSessionId": "1",
        "IntegrityLevel": "Medium",
        "Hashes": "MD5=12E6FB7D516F65083AE68CCF1E5F4EB8,SHA256=BA4E6D110E8C1592A1ECD390F6B05F3DA124B13871A5BE62B341A07A853C6C32,IMPHASH=6538DFB25A4AF0BD0D9AAA2ACC7B075A",
        "ParentProcessGuid": "{66b35fd9-1eca-6aa7-173d-000000001700}",
        "ParentProcessId": "5152",
        "ParentImage": "C:\\Windows\\System32\\cmd.exe",
        "ParentCommandLine": "C:\\WINDOWS\\system32\\cmd.exe /c CALL \"C:\\Tools\\Node\\node-v24.21.0-win-x64\\\\node.exe\" \"C:\\Tools\\Node\\node-v24.21.0-win-x64\\\\node_modules\\npm\\bin\\npm-prefix.js\"",
        "ParentUser": "DESKTOP-FOEGBB0\\o-neo"
      }
    },
    {
      "source": "sysmon",
      "provider": "Microsoft-Windows-Sysmon",
      "eventId": 1,
      "time": "2026-09-13T22:08:21.6643340Z",
      "recordId": 623635,
      "data": {
        "RuleName": "-",
        "UtcTime": "2026-09-13 22:08:21.618",
        "ProcessGuid": "{66b35fd9-1ed5-6aa7-213d-000000001700}",
        "ProcessId": "12764",
        "Image": "C:\\Tools\\Node\\node-v24.21.0-win-x64\\node.exe",
        "FileVersion": "24.21.0",
        "Description": "Node.js JavaScript Runtime",
        "Product": "Node.js",
        "Company": "Node.js",
        "OriginalFileName": "node.exe",
        "CommandLine": "\"C:\\Tools\\Node\\node-v24.21.0-win-x64\\\\node.exe\"  \"C:\\Tools\\Node\\node-v24.21.0-win-x64\\node_modules\\npm\\bin\\npx-cli.js\" -y firebase-tools@latest mcp --dir .",
        "CurrentDirectory": "C:\\Users\\o-neo\\AppData\\Local\\OpenAI\\Codex\\bin\\bffc5354119c8421\\",
        "User": "DESKTOP-FOEGBB0\\o-neo",
        "LogonGuid": "{66b35fd9-c5ee-6aa6-d395-060000000000}",
        "LogonId": "0x695d3",
        "TerminalSessionId": "1",
        "IntegrityLevel": "Medium",
        "Hashes": "MD5=12E6FB7D516F65083AE68CCF1E5F4EB8,SHA256=BA4E6D110E8C1592A1ECD390F6B05F3DA124B13871A5BE62B341A07A853C6C32,IMPHASH=6538DFB25A4AF0BD0D9AAA2ACC7B075A",
        "ParentProcessGuid": "{66b35fd9-1ec9-6aa7-0f3d-000000001700}",
        "ParentProcessId": "10656",
        "ParentImage": "C:\\Windows\\System32\\cmd.exe",
        "ParentCommandLine": "cmd.exe /e:ON /v:OFF /d /c \"\"C:\\Tools\\Node\\node-v24.21.0-win-x64\\npx.cmd\" -y firebase-tools@latest mcp --dir .\"",
        "ParentUser": "DESKTOP-FOEGBB0\\o-neo"
      }
    },
    {
      "source": "sysmon",
      "provider": "Microsoft-Windows-Sysmon",
      "eventId": 1,
      "time": "2026-09-13T22:08:21.6894148Z",
      "recordId": 623636,
      "data": {
        "RuleName": "-",
        "UtcTime": "2026-09-13 22:08:21.621",
        "ProcessGuid": "{66b35fd9-1ed5-6aa7-223d-000000001700}",
        "ProcessId": "4100",
        "Image": "C:\\Tools\\Node\\node-v24.21.0-win-x64\\node.exe",
        "FileVersion": "24.21.0",
        "Description": "Node.js JavaScript Runtime",
        "Product": "Node.js",
        "Company": "Node.js",
        "OriginalFileName": "node.exe",
        "CommandLine": "\"C:\\Tools\\Node\\node-v24.21.0-win-x64\\\\node.exe\"  \"C:\\Tools\\Node\\node-v24.21.0-win-x64\\node_modules\\npm\\bin\\npx-cli.js\" -y firebase-tools@latest mcp --dir .",
        "CurrentDirectory": "C:\\Users\\o-neo\\AppData\\Local\\OpenAI\\Codex\\bin\\bffc5354119c8421\\",
        "User": "DESKTOP-FOEGBB0\\o-neo",
        "LogonGuid": "{66b35fd9-c5ee-6aa6-d395-060000000000}",
        "LogonId": "0x695d3",
        "TerminalSessionId": "1",
        "IntegrityLevel": "Medium",
        "Hashes": "MD5=12E6FB7D516F65083AE68CCF1E5F4EB8,SHA256=BA4E6D110E8C1592A1ECD390F6B05F3DA124B13871A5BE62B341A07A853C6C32,IMPHASH=6538DFB25A4AF0BD0D9AAA2ACC7B075A",
        "ParentProcessGuid": "{66b35fd9-1ec9-6aa7-103d-000000001700}",
        "ParentProcessId": "1660",
        "ParentImage": "C:\\Windows\\System32\\cmd.exe",
        "ParentCommandLine": "cmd.exe /e:ON /v:OFF /d /c \"\"C:\\Tools\\Node\\node-v24.21.0-win-x64\\npx.cmd\" -y firebase-tools@latest mcp --dir .\"",
        "ParentUser": "DESKTOP-FOEGBB0\\o-neo"
      }
    },
    {
      "source": "sysmon",
      "provider": "Microsoft-Windows-Sysmon",
      "eventId": 1,
      "time": "2026-09-13T22:09:44.7941225Z",
      "recordId": 623666,
      "data": {
        "RuleName": "-",
        "UtcTime": "2026-09-13 22:09:44.193",
        "ProcessGuid": "{66b35fd9-1f28-6aa7-253d-000000001700}",
        "ProcessId": "9696",
        "Image": "C:\\Windows\\System32\\cmd.exe",
        "FileVersion": "10.0.26100.9278 (WinBuild.160101.0800)",
        "Description": "Windows Command Processor",
        "Product": "Microsoft� Windows� Operating System",
        "Company": "Microsoft Corporation",
        "OriginalFileName": "Cmd.Exe",
        "CommandLine": "\"C:\\WINDOWS\\system32\\cmd.exe\" /c \"powershell.exe -NoLogo -NoProfile -NonInteractive -Command \\\"$roots=@('D:\\01 Projeler','D:\\04 Medya','D:\\08 Ar�ivler','D:\\Backups','D:\\98 �ncelenecekler','D:\\99 ��p Adaylar�','D:\\WEB S�TE �ABLON','D:\\ovhcloud'); foreach($root in $roots){ Write-Output ('### '+$root); Get-ChildItem -LiteralPath $root -Force -ErrorAction SilentlyContinue | Select-Object -First 80 Name,Mode,Length | Format-Table -AutoSize }\\\"\"",
        "CurrentDirectory": "C:\\Users\\o-neo\\Documents\\Vip-Gece-Web-Gelistirme\\",
        "User": "DESKTOP-FOEGBB0\\o-neo",
        "LogonGuid": "{66b35fd9-c5ee-6aa6-d395-060000000000}",
        "LogonId": "0x695d3",
        "TerminalSessionId": "1",
        "IntegrityLevel": "Medium",
        "Hashes": "MD5=CE396564392FAFAAD5C07A5E2DADE4E6,SHA256=97AC98B1A92C286054CCE55239CFCCDFC23A5517BD07FE693072C9CA96C7DABB,IMPHASH=010B165E4C37F484601D3DBD700C9423",
        "ParentProcessGuid": "{66b35fd9-ee3a-6aa6-231e-000000001700}",
        "ParentProcessId": "11556",
        "ParentImage": "C:\\Users\\o-neo\\AppData\\Local\\OpenAI\\Codex\\bin\\bffc5354119c8421\\codex.exe",
        "ParentCommandLine": "C:\\Users\\o-neo\\AppData\\Local\\OpenAI\\Codex\\bin\\bffc5354119c8421\\codex.exe -c features.code_mode_host=true app-server --analytics-default-enabled -c plugins.codex-app-tools@openai-bundled.mcp_servers.codex_app.enabled=true",
        "ParentUser": "DESKTOP-FOEGBB0\\o-neo"
      }
    },
    {
      "source": "sysmon",
      "provider": "Microsoft-Windows-Sysmon",
      "eventId": 1,
      "time": "2026-09-13T22:09:45.2333299Z",
      "recordId": 623667,
      "data": {
        "RuleName": "-",
        "UtcTime": "2026-09-13 22:09:45.109",
        "ProcessGuid": "{66b35fd9-1f29-6aa7-283d-000000001700}",
        "ProcessId": "11904",
        "Image": "C:\\Windows\\System32\\WindowsPowerShell\\v1.0\\powershell.exe",
        "FileVersion": "10.0.26100.9278 (WinBuild.160101.0800)",
        "Description": "Windows PowerShell",
        "Product": "Microsoft� Windows� Operating System",
        "Company": "Microsoft Corporation",
        "OriginalFileName": "PowerShell.EXE",
        "CommandLine": "powershell.exe  -NoLogo -NoProfile -NonInteractive -Command \\\"$roots=@('D:\\01 Projeler','D:\\04 Medya','D:\\08 Ar�ivler','D:\\Backups','D:\\98 �ncelenecekler','D:\\99 ��p Adaylar�','D:\\WEB S�TE �ABLON','D:\\ovhcloud'); foreach($root in $roots){ Write-Output ('### '+$root); Get-ChildItem -LiteralPath $root -Force -ErrorAction SilentlyContinue | Select-Object -First 80 Name,Mode,Length | Format-Table -AutoSize }\\\"",
        "CurrentDirectory": "C:\\Users\\o-neo\\Documents\\Vip-Gece-Web-Gelistirme\\",
        "User": "DESKTOP-FOEGBB0\\o-neo",
        "LogonGuid": "{66b35fd9-c5ee-6aa6-d395-060000000000}",
        "LogonId": "0x695d3",
        "TerminalSessionId": "1",
        "IntegrityLevel": "Medium",
        "Hashes": "MD5=61F649A6FDC374A6BF36C860519E017C,SHA256=8BB6FA8C283B4D92120B1EF249A9B311B0F804D4CABBE9981159976C8BE76A5E,IMPHASH=2F87CE4617F593D7148B739BBF06D059",
        "ParentProcessGuid": "{66b35fd9-1f28-6aa7-253d-000000001700}",
        "ParentProcessId": "9696",
        "ParentImage": "C:\\Windows\\System32\\cmd.exe",
        "ParentCommandLine": "\"C:\\WINDOWS\\system32\\cmd.exe\" /c \"powershell.exe -NoLogo -NoProfile -NonInteractive -Command \\\"$roots=@('D:\\01 Projeler','D:\\04 Medya','D:\\08 Ar�ivler','D:\\Backups','D:\\98 �ncelenecekler','D:\\99 ��p Adaylar�','D:\\WEB S�TE �ABLON','D:\\ovhcloud'); foreach($root in $roots){ Write-Output ('### '+$root); Get-ChildItem -LiteralPath $root -Force -ErrorAction SilentlyContinue | Select-Object -First 80 Name,Mode,Length | Format-Table -AutoSize }\\\"\"",
        "ParentUser": "DESKTOP-FOEGBB0\\o-neo"
      }
    },
