    {
      "source": "sysmon",
      "provider": "Microsoft-Windows-Sysmon",
      "eventId": 1,
      "time": "2026-09-13T22:03:28.9049430Z",
      "recordId": 622970,
      "data": {
        "RuleName": "-",
        "UtcTime": "2026-09-13 22:03:27.710",
        "ProcessGuid": "{66b35fd9-1daf-6aa7-533b-000000001700}",
        "ProcessId": "9640",
        "Image": "C:\\Windows\\System32\\certutil.exe",
        "FileVersion": "10.0.26100.9278 (WinBuild.160101.0800)",
        "Description": "CertUtil.exe",
        "Product": "Microsoft� Windows� Operating System",
        "Company": "Microsoft Corporation",
        "OriginalFileName": "CertUtil.exe",
        "CommandLine": "certutil  -hashfile \"C:\\Tools\\Python313\\pythonw.exe\" SHA256",
        "CurrentDirectory": "C:\\Windows\\System32\\",
        "User": "DESKTOP-FOEGBB0\\o-neo",
        "LogonGuid": "{66b35fd9-1d97-6aa7-a3ab-b80300000000}",
        "LogonId": "0x3b8aba3",
        "TerminalSessionId": "1",
        "IntegrityLevel": "High",
        "Hashes": "MD5=831CD0F0E2D7C5DB762EB3F162FEDE7B,SHA256=3220895DBD51A14FACAA617A0D98E6DC8D0790451D5A01344DCBE47D686B7648,IMPHASH=9B37213C84BEA497B22565938961AD08",
        "ParentProcessGuid": "{66b35fd9-1d9e-6aa7-2c3b-000000001700}",
        "ParentProcessId": "2832",
        "ParentImage": "C:\\Windows\\System32\\cmd.exe",
        "ParentCommandLine": "\"C:\\Windows\\System32\\cmd.exe\" /c \"C:\\Users\\o-neo\\Documents\\Vip-Gece-Web-Gelistirme\\tools\\forensics\\collect-python-error-admin.cmd\"",
        "ParentUser": "DESKTOP-FOEGBB0\\o-neo"
      }
    },
    {
      "source": "sysmon",
      "provider": "Microsoft-Windows-Sysmon",
      "eventId": 1,
      "time": "2026-09-13T22:03:30.1487448Z",
      "recordId": 622972,
      "data": {
        "RuleName": "-",
        "UtcTime": "2026-09-13 22:03:29.147",
        "ProcessGuid": "{66b35fd9-1db1-6aa7-563b-000000001700}",
        "ProcessId": "9636",
        "Image": "C:\\Tools\\Node\\node-v24.21.0-win-x64\\node.exe",
        "FileVersion": "24.21.0",
        "Description": "Node.js JavaScript Runtime",
        "Product": "Node.js",
        "Company": "Node.js",
        "OriginalFileName": "node.exe",
        "CommandLine": "node  --check scripts\\recover-dead-profile-identities.js",
        "CurrentDirectory": "C:\\Users\\o-neo\\Documents\\Vip-Gece-Web-Gelistirme\\",
        "User": "DESKTOP-FOEGBB0\\o-neo",
        "LogonGuid": "{66b35fd9-c5ee-6aa6-d395-060000000000}",
        "LogonId": "0x695d3",
        "TerminalSessionId": "1",
        "IntegrityLevel": "Medium",
        "Hashes": "MD5=12E6FB7D516F65083AE68CCF1E5F4EB8,SHA256=BA4E6D110E8C1592A1ECD390F6B05F3DA124B13871A5BE62B341A07A853C6C32,IMPHASH=6538DFB25A4AF0BD0D9AAA2ACC7B075A",
        "ParentProcessGuid": "{66b35fd9-1da4-6aa7-313b-000000001700}",
        "ParentProcessId": "12316",
        "ParentImage": "C:\\Windows\\System32\\cmd.exe",
        "ParentCommandLine": "\"C:\\WINDOWS\\system32\\cmd.exe\" /c \"node --check scripts\\search-missing-profile-images.js && node --check scripts\\missing-profile-image-key-inventory.js && node --check scripts\\recover-dead-profile-identities.js && node --check scripts\\profile-image-storage-inventory.js && type scripts\\search-missing-profile-images.js\"",
        "ParentUser": "DESKTOP-FOEGBB0\\o-neo"
      }
    },
    {
      "source": "sysmon",
      "provider": "Microsoft-Windows-Sysmon",
      "eventId": 1,
      "time": "2026-09-13T22:03:30.9615298Z",
      "recordId": 622974,
      "data": {
        "RuleName": "-",
        "UtcTime": "2026-09-13 22:03:30.880",
        "ProcessGuid": "{66b35fd9-1db2-6aa7-593b-000000001700}",
        "ProcessId": "5744",
        "Image": "C:\\Windows\\System32\\where.exe",
        "FileVersion": "10.0.26100.1 (WinBuild.160101.0800)",
        "Description": "Where - Lists location of files",
        "Product": "Microsoft� Windows� Operating System",
        "Company": "Microsoft Corporation",
        "OriginalFileName": "where.exe",
        "CommandLine": "where  dumpbin.exe",
        "CurrentDirectory": "C:\\Windows\\System32\\",
        "User": "DESKTOP-FOEGBB0\\o-neo",
        "LogonGuid": "{66b35fd9-1d97-6aa7-a3ab-b80300000000}",
        "LogonId": "0x3b8aba3",
        "TerminalSessionId": "1",
        "IntegrityLevel": "High",
        "Hashes": "MD5=8066FE09B1F19BA7752896C2FD68B04C,SHA256=F51FAB8041E5023D7290B540A2106F051EF0BD2BC3443C9DAF318628B560FA29,IMPHASH=F264C40E9C5668C813DEE205E3D4D322",
        "ParentProcessGuid": "{66b35fd9-1d9e-6aa7-2c3b-000000001700}",
        "ParentProcessId": "2832",
        "ParentImage": "C:\\Windows\\System32\\cmd.exe",
        "ParentCommandLine": "\"C:\\Windows\\System32\\cmd.exe\" /c \"C:\\Users\\o-neo\\Documents\\Vip-Gece-Web-Gelistirme\\tools\\forensics\\collect-python-error-admin.cmd\"",
        "ParentUser": "DESKTOP-FOEGBB0\\o-neo"
      }
    },
    {
      "source": "sysmon",
      "provider": "Microsoft-Windows-Sysmon",
      "eventId": 1,
      "time": "2026-09-13T22:03:32.0020248Z",
      "recordId": 622976,
      "data": {
        "RuleName": "-",
        "UtcTime": "2026-09-13 22:03:31.969",
        "ProcessGuid": "{66b35fd9-1db3-6aa7-5b3b-000000001700}",
        "ProcessId": "652",
        "Image": "C:\\Windows\\System32\\cmd.exe",
        "FileVersion": "10.0.26100.9278 (WinBuild.160101.0800)",
        "Description": "Windows Command Processor",
        "Product": "Microsoft� Windows� Operating System",
        "Company": "Microsoft Corporation",
        "OriginalFileName": "Cmd.Exe",
        "CommandLine": "\"C:\\WINDOWS\\system32\\cmd.exe\" /c \"node --check scripts\\search-missing-profile-images.js\"",
        "CurrentDirectory": "C:\\Users\\o-neo\\Documents\\Vip-Gece-Web-Gelistirme\\",
        "User": "DESKTOP-FOEGBB0\\o-neo",
        "LogonGuid": "{66b35fd9-c5ee-6aa6-d395-060000000000}",
        "LogonId": "0x695d3",
        "TerminalSessionId": "1",
        "IntegrityLevel": "Medium",
        "Hashes": "MD5=CE396564392FAFAAD5C07A5E2DADE4E6,SHA256=97AC98B1A92C286054CCE55239CFCCDFC23A5517BD07FE693072C9CA96C7DABB,IMPHASH=010B165E4C37F484601D3DBD700C9423",
        "ParentProcessGuid": "{66b35fd9-ee3a-6aa6-231e-000000001700}",
        "ParentProcessId": "11556",
        "ParentImage": "C:\\Users\\o-neo\\AppData\\Local\\OpenAI\\Codex\\bin\\bffc5354119c8421\\codex.exe",
        "ParentCommandLine": "C:\\Users\\o-neo\\AppData\\Local\\OpenAI\\Codex\\bin\\bffc5354119c8421\\codex.exe -c features.code_mode_host=true app-server --analytics-default-enabled -c plugins.codex-app-tools@openai-bundled.mcp_servers.codex_app.enabled=true",
        "ParentUser": "DESKTOP-FOEGBB0\\o-neo"
      }
    },
    {
      "source": "sysmon",
      "provider": "Microsoft-Windows-Sysmon",
      "eventId": 1,
      "time": "2026-09-13T22:03:32.0808148Z",
      "recordId": 622977,
      "data": {
        "RuleName": "-",
        "UtcTime": "2026-09-13 22:03:32.008",
        "ProcessGuid": "{66b35fd9-1db4-6aa7-5c3b-000000001700}",
        "ProcessId": "9040",
        "Image": "C:\\Windows\\System32\\where.exe",
        "FileVersion": "10.0.26100.1 (WinBuild.160101.0800)",
        "Description": "Where - Lists location of files",
        "Product": "Microsoft� Windows� Operating System",
        "Company": "Microsoft Corporation",
        "OriginalFileName": "where.exe",
        "CommandLine": "where  llvm-objdump.exe",
        "CurrentDirectory": "C:\\Windows\\System32\\",
        "User": "DESKTOP-FOEGBB0\\o-neo",
        "LogonGuid": "{66b35fd9-1d97-6aa7-a3ab-b80300000000}",
        "LogonId": "0x3b8aba3",
        "TerminalSessionId": "1",
        "IntegrityLevel": "High",
        "Hashes": "MD5=8066FE09B1F19BA7752896C2FD68B04C,SHA256=F51FAB8041E5023D7290B540A2106F051EF0BD2BC3443C9DAF318628B560FA29,IMPHASH=F264C40E9C5668C813DEE205E3D4D322",
        "ParentProcessGuid": "{66b35fd9-1d9e-6aa7-2c3b-000000001700}",
        "ParentProcessId": "2832",
        "ParentImage": "C:\\Windows\\System32\\cmd.exe",
        "ParentCommandLine": "\"C:\\Windows\\System32\\cmd.exe\" /c \"C:\\Users\\o-neo\\Documents\\Vip-Gece-Web-Gelistirme\\tools\\forensics\\collect-python-error-admin.cmd\"",
        "ParentUser": "DESKTOP-FOEGBB0\\o-neo"
      }
    },
    {
      "source": "sysmon",
      "provider": "Microsoft-Windows-Sysmon",
      "eventId": 1,
      "time": "2026-09-13T22:03:32.3238894Z",
      "recordId": 622981,
      "data": {
        "RuleName": "-",
        "UtcTime": "2026-09-13 22:03:32.279",
        "ProcessGuid": "{66b35fd9-1db4-6aa7-5e3b-000000001700}",
        "ProcessId": "12944",
        "Image": "C:\\Tools\\Node\\node-v24.21.0-win-x64\\node.exe",
        "FileVersion": "24.21.0",
        "Description": "Node.js JavaScript Runtime",
        "Product": "Node.js",
        "Company": "Node.js",
        "OriginalFileName": "node.exe",
        "CommandLine": "node  --check scripts\\search-missing-profile-images.js",
        "CurrentDirectory": "C:\\Users\\o-neo\\Documents\\Vip-Gece-Web-Gelistirme\\",
        "User": "DESKTOP-FOEGBB0\\o-neo",
        "LogonGuid": "{66b35fd9-c5ee-6aa6-d395-060000000000}",
        "LogonId": "0x695d3",
        "TerminalSessionId": "1",
        "IntegrityLevel": "Medium",
        "Hashes": "MD5=12E6FB7D516F65083AE68CCF1E5F4EB8,SHA256=BA4E6D110E8C1592A1ECD390F6B05F3DA124B13871A5BE62B341A07A853C6C32,IMPHASH=6538DFB25A4AF0BD0D9AAA2ACC7B075A",
        "ParentProcessGuid": "{66b35fd9-1db3-6aa7-5b3b-000000001700}",
        "ParentProcessId": "652",
        "ParentImage": "C:\\Windows\\System32\\cmd.exe",
        "ParentCommandLine": "\"C:\\WINDOWS\\system32\\cmd.exe\" /c \"node --check scripts\\search-missing-profile-images.js\"",
        "ParentUser": "DESKTOP-FOEGBB0\\o-neo"
      }
    },
    {
      "source": "sysmon",
      "provider": "Microsoft-Windows-Sysmon",
      "eventId": 1,
      "time": "2026-09-13T22:03:32.5594660Z",
      "recordId": 622982,
      "data": {
        "RuleName": "-",
        "UtcTime": "2026-09-13 22:03:32.521",
        "ProcessGuid": "{66b35fd9-1db4-6aa7-5f3b-000000001700}",
        "ProcessId": "7988",
        "Image": "C:\\Tools\\Node\\node-v24.21.0-win-x64\\node.exe",
        "FileVersion": "24.21.0",
        "Description": "Node.js JavaScript Runtime",
        "Product": "Node.js",
        "Company": "Node.js",
        "OriginalFileName": "node.exe",
        "CommandLine": "node  --check scripts\\profile-image-storage-inventory.js",
        "CurrentDirectory": "C:\\Users\\o-neo\\Documents\\Vip-Gece-Web-Gelistirme\\",
        "User": "DESKTOP-FOEGBB0\\o-neo",
        "LogonGuid": "{66b35fd9-c5ee-6aa6-d395-060000000000}",
        "LogonId": "0x695d3",
        "TerminalSessionId": "1",
        "IntegrityLevel": "Medium",
        "Hashes": "MD5=12E6FB7D516F65083AE68CCF1E5F4EB8,SHA256=BA4E6D110E8C1592A1ECD390F6B05F3DA124B13871A5BE62B341A07A853C6C32,IMPHASH=6538DFB25A4AF0BD0D9AAA2ACC7B075A",
        "ParentProcessGuid": "{66b35fd9-1da4-6aa7-313b-000000001700}",
        "ParentProcessId": "12316",
        "ParentImage": "C:\\Windows\\System32\\cmd.exe",
        "ParentCommandLine": "\"C:\\WINDOWS\\system32\\cmd.exe\" /c \"node --check scripts\\search-missing-profile-images.js && node --check scripts\\missing-profile-image-key-inventory.js && node --check scripts\\recover-dead-profile-identities.js && node --check scripts\\profile-image-storage-inventory.js && type scripts\\search-missing-profile-images.js\"",
        "ParentUser": "DESKTOP-FOEGBB0\\o-neo"
      }
    },
    {
      "source": "sysmon",
      "provider": "Microsoft-Windows-Sysmon",
      "eventId": 1,
      "time": "2026-09-13T22:03:32.8347992Z",
      "recordId": 622983,
      "data": {
        "RuleName": "-",
        "UtcTime": "2026-09-13 22:03:32.654",
        "ProcessGuid": "{66b35fd9-1db4-6aa7-603b-000000001700}",
        "ProcessId": "11448",
        "Image": "C:\\Windows\\System32\\schtasks.exe",
        "FileVersion": "10.0.26100.6725 (WinBuild.160101.0800)",
        "Description": "Task Scheduler Configuration Tool",
        "Product": "Microsoft� Windows� Operating System",
        "Company": "Microsoft Corporation",
        "OriginalFileName": "schtasks.exe",
        "CommandLine": "schtasks  /query /fo LIST /v",
        "CurrentDirectory": "C:\\Windows\\System32\\",
        "User": "DESKTOP-FOEGBB0\\o-neo",
        "LogonGuid": "{66b35fd9-1d97-6aa7-a3ab-b80300000000}",
        "LogonId": "0x3b8aba3",
        "TerminalSessionId": "1",
        "IntegrityLevel": "High",
        "Hashes": "MD5=0EB0E5987DADDBBCFAB61F46FC44ABE0,SHA256=B96AF3066F0B9DE8A460F77BAAE006C5372A266BE18C561DAA7C7AE8635D399D,IMPHASH=A7B2338D5533AE221C0EB231BBEC0787",
        "ParentProcessGuid": "{66b35fd9-1d9e-6aa7-2c3b-000000001700}",
        "ParentProcessId": "2832",
        "ParentImage": "C:\\Windows\\System32\\cmd.exe",
        "ParentCommandLine": "\"C:\\Windows\\System32\\cmd.exe\" /c \"C:\\Users\\o-neo\\Documents\\Vip-Gece-Web-Gelistirme\\tools\\forensics\\collect-python-error-admin.cmd\"",
        "ParentUser": "DESKTOP-FOEGBB0\\o-neo"
      }
    },
    {
      "source": "sysmon",
      "provider": "Microsoft-Windows-Sysmon",
      "eventId": 1,
      "time": "2026-09-13T22:03:40.8217785Z",
      "recordId": 623028,
      "data": {
        "RuleName": "-",
        "UtcTime": "2026-09-13 22:03:40.816",
        "ProcessGuid": "{66b35fd9-1dbc-6aa7-813b-000000001700}",
        "ProcessId": "4776",
        "Image": "C:\\Windows\\System32\\cmd.exe",
        "FileVersion": "10.0.26100.9278 (WinBuild.160101.0800)",
        "Description": "Windows Command Processor",
        "Product": "Microsoft� Windows� Operating System",
        "Company": "Microsoft Corporation",
        "OriginalFileName": "Cmd.Exe",
        "CommandLine": "C:\\WINDOWS\\system32\\cmd.exe /d /s /c \"echo %%TEMP%%\"",
        "CurrentDirectory": "C:\\",
        "User": "DESKTOP-FOEGBB0\\o-neo",
        "LogonGuid": "{66b35fd9-c5ee-6aa6-d395-060000000000}",
        "LogonId": "0x695d3",
        "TerminalSessionId": "1",
        "IntegrityLevel": "Medium",
        "Hashes": "MD5=CE396564392FAFAAD5C07A5E2DADE4E6,SHA256=97AC98B1A92C286054CCE55239CFCCDFC23A5517BD07FE693072C9CA96C7DABB,IMPHASH=010B165E4C37F484601D3DBD700C9423",
        "ParentProcessGuid": "{66b35fd9-ee27-6aa6-131e-000000001700}",
        "ParentProcessId": "488",
        "ParentImage": "C:\\Program Files\\WindowsApps\\OpenAI.Codex_26.908.4834.0_x64__2p2nqsd0c76g0\\app\\ChatGPT.exe",
        "ParentCommandLine": "\"C:\\Program Files\\WindowsApps\\OpenAI.Codex_26.908.4834.0_x64__2p2nqsd0c76g0\\app\\ChatGPT.exe\"",
        "ParentUser": "DESKTOP-FOEGBB0\\o-neo"
      }
    },
    {
      "source": "sysmon",
      "provider": "Microsoft-Windows-Sysmon",
      "eventId": 1,
      "time": "2026-09-13T22:03:43.5939600Z",
      "recordId": 623050,
      "data": {
        "RuleName": "-",
        "UtcTime": "2026-09-13 22:03:43.487",
        "ProcessGuid": "{66b35fd9-1dbf-6aa7-943b-000000001700}",
        "ProcessId": "3824",
        "Image": "C:\\Windows\\System32\\cmd.exe",
        "FileVersion": "10.0.26100.9278 (WinBuild.160101.0800)",
        "Description": "Windows Command Processor",
        "Product": "Microsoft� Windows� Operating System",
        "Company": "Microsoft Corporation",
        "OriginalFileName": "Cmd.Exe",
        "CommandLine": "\"C:\\WINDOWS\\system32\\cmd.exe\" /c \"type scripts\\search-missing-profile-images.js\"",
        "CurrentDirectory": "C:\\Users\\o-neo\\Documents\\Vip-Gece-Web-Gelistirme\\",
        "User": "DESKTOP-FOEGBB0\\o-neo",
        "LogonGuid": "{66b35fd9-c5ee-6aa6-d395-060000000000}",
        "LogonId": "0x695d3",
        "TerminalSessionId": "1",
        "IntegrityLevel": "Medium",
        "Hashes": "MD5=CE396564392FAFAAD5C07A5E2DADE4E6,SHA256=97AC98B1A92C286054CCE55239CFCCDFC23A5517BD07FE693072C9CA96C7DABB,IMPHASH=010B165E4C37F484601D3DBD700C9423",
        "ParentProcessGuid": "{66b35fd9-ee3a-6aa6-231e-000000001700}",
        "ParentProcessId": "11556",
        "ParentImage": "C:\\Users\\o-neo\\AppData\\Local\\OpenAI\\Codex\\bin\\bffc5354119c8421\\codex.exe",
        "ParentCommandLine": "C:\\Users\\o-neo\\AppData\\Local\\OpenAI\\Codex\\bin\\bffc5354119c8421\\codex.exe -c features.code_mode_host=true app-server --analytics-default-enabled -c plugins.codex-app-tools@openai-bundled.mcp_servers.codex_app.enabled=true",
        "ParentUser": "DESKTOP-FOEGBB0\\o-neo"
      }
    },
    {
      "source": "sysmon",
      "provider": "Microsoft-Windows-Sysmon",
      "eventId": 1,
      "time": "2026-09-13T22:03:54.1282848Z",
      "recordId": 623128,
      "data": {
        "RuleName": "-",
        "UtcTime": "2026-09-13 22:03:54.047",
        "ProcessGuid": "{66b35fd9-1dca-6aa7-cf3b-000000001700}",
        "ProcessId": "652",
        "Image": "C:\\Windows\\System32\\cmd.exe",
        "FileVersion": "10.0.26100.9278 (WinBuild.160101.0800)",
        "Description": "Windows Command Processor",
        "Product": "Microsoft� Windows� Operating System",
        "Company": "Microsoft Corporation",
        "OriginalFileName": "Cmd.Exe",
        "CommandLine": "\"C:\\WINDOWS\\system32\\cmd.exe\" /c \"dir /b /ad D:\\ & echo ---ARCHIVES--- & where 7z.exe & for %%R in (\\\"D:\\08 Ar�ivler\\\" \\\"D:\\Backups\\\" \\\"D:\\98 �ncelenecekler\\\" \\\"D:\\99 ��p Adaylar�\\\" \\\"D:\\WEB S�TE �ABLON\\\" \\\"D:\\ovhcloud\\\") do @if exist %%R echo %%~R\"",
        "CurrentDirectory": "C:\\Users\\o-neo\\Documents\\Vip-Gece-Web-Gelistirme\\",
        "User": "DESKTOP-FOEGBB0\\o-neo",
        "LogonGuid": "{66b35fd9-c5ee-6aa6-d395-060000000000}",
        "LogonId": "0x695d3",
        "TerminalSessionId": "1",
        "IntegrityLevel": "Medium",
        "Hashes": "MD5=CE396564392FAFAAD5C07A5E2DADE4E6,SHA256=97AC98B1A92C286054CCE55239CFCCDFC23A5517BD07FE693072C9CA96C7DABB,IMPHASH=010B165E4C37F484601D3DBD700C9423",
        "ParentProcessGuid": "{66b35fd9-ee3a-6aa6-231e-000000001700}",
        "ParentProcessId": "11556",
        "ParentImage": "C:\\Users\\o-neo\\AppData\\Local\\OpenAI\\Codex\\bin\\bffc5354119c8421\\codex.exe",
        "ParentCommandLine": "C:\\Users\\o-neo\\AppData\\Local\\OpenAI\\Codex\\bin\\bffc5354119c8421\\codex.exe -c features.code_mode_host=true app-server --analytics-default-enabled -c plugins.codex-app-tools@openai-bundled.mcp_servers.codex_app.enabled=true",
        "ParentUser": "DESKTOP-FOEGBB0\\o-neo"
      }
    },
    {
      "source": "sysmon",
      "provider": "Microsoft-Windows-Sysmon",
      "eventId": 1,
      "time": "2026-09-13T22:04:16.9505322Z",
      "recordId": 623258,
      "data": {
        "RuleName": "-",
        "UtcTime": "2026-09-13 22:04:16.851",
        "ProcessGuid": "{66b35fd9-1de0-6aa7-2b3c-000000001700}",
        "ProcessId": "8996",
        "Image": "C:\\Windows\\System32\\where.exe",
        "FileVersion": "10.0.26100.1 (WinBuild.160101.0800)",
        "Description": "Where - Lists location of files",
        "Product": "Microsoft� Windows� Operating System",
        "Company": "Microsoft Corporation",
        "OriginalFileName": "where.exe",
        "CommandLine": "where  7z.exe",
        "CurrentDirectory": "C:\\Users\\o-neo\\Documents\\Vip-Gece-Web-Gelistirme\\",
        "User": "DESKTOP-FOEGBB0\\o-neo",
        "LogonGuid": "{66b35fd9-c5ee-6aa6-d395-060000000000}",
        "LogonId": "0x695d3",
        "TerminalSessionId": "1",
        "IntegrityLevel": "Medium",
        "Hashes": "MD5=8066FE09B1F19BA7752896C2FD68B04C,SHA256=F51FAB8041E5023D7290B540A2106F051EF0BD2BC3443C9DAF318628B560FA29,IMPHASH=F264C40E9C5668C813DEE205E3D4D322",
        "ParentProcessGuid": "{66b35fd9-1dca-6aa7-cf3b-000000001700}",
        "ParentProcessId": "652",
        "ParentImage": "C:\\Windows\\System32\\cmd.exe",
        "ParentCommandLine": "\"C:\\WINDOWS\\system32\\cmd.exe\" /c \"dir /b /ad D:\\ & echo ---ARCHIVES--- & where 7z.exe & for %R in (\\\"D:\\08 Ar�ivler\\\" \\\"D:\\Backups\\\" \\\"D:\\98 �ncelenecekler\\\" \\\"D:\\99 ��p Adaylar�\\\" \\\"D:\\WEB S�TE �ABLON\\\" \\\"D:\\ovhcloud\\\") do @if exist %R echo %~R\"",
        "ParentUser": "DESKTOP-FOEGBB0\\o-neo"
      }
    },
    {
      "source": "sysmon",
      "provider": "Microsoft-Windows-Sysmon",
      "eventId": 1,
      "time": "2026-09-13T22:04:21.7902001Z",
      "recordId": 623266,
      "data": {
        "RuleName": "-",
        "UtcTime": "2026-09-13 22:04:21.682",
        "ProcessGuid": "{66b35fd9-1de5-6aa7-303c-000000001700}",
        "ProcessId": "12156",
        "Image": "C:\\Windows\\System32\\sc.exe",
        "FileVersion": "10.0.26100.4484 (WinBuild.160101.0800)",
        "Description": "Service Control Manager Configuration Tool",
        "Product": "Microsoft� Windows� Operating System",
        "Company": "Microsoft Corporation",
        "OriginalFileName": "sc.exe",
        "CommandLine": "sc  queryex type= service state= all",
        "CurrentDirectory": "C:\\Windows\\System32\\",
        "User": "DESKTOP-FOEGBB0\\o-neo",
        "LogonGuid": "{66b35fd9-1d97-6aa7-a3ab-b80300000000}",
        "LogonId": "0x3b8aba3",
        "TerminalSessionId": "1",
        "IntegrityLevel": "High",
        "Hashes": "MD5=C8F632A326219F85927B3F33A13F7C7D,SHA256=A452BFCB6000D03942DDFADDCDA5A7EB121447ED99B1BA090446B4A989F1F7AE,IMPHASH=42DADBD60BBC453DD1773FDC089E19B7",
        "ParentProcessGuid": "{66b35fd9-1d9e-6aa7-2c3b-000000001700}",
        "ParentProcessId": "2832",
        "ParentImage": "C:\\Windows\\System32\\cmd.exe",
        "ParentCommandLine": "\"C:\\Windows\\System32\\cmd.exe\" /c \"C:\\Users\\o-neo\\Documents\\Vip-Gece-Web-Gelistirme\\tools\\forensics\\collect-python-error-admin.cmd\"",
        "ParentUser": "DESKTOP-FOEGBB0\\o-neo"
      }
    },
    {
      "source": "sysmon",
      "provider": "Microsoft-Windows-Sysmon",
      "eventId": 1,
      "time": "2026-09-13T22:04:22.3574119Z",
      "recordId": 623268,
      "data": {
        "RuleName": "-",
        "UtcTime": "2026-09-13 22:04:22.263",
        "ProcessGuid": "{66b35fd9-1de6-6aa7-343c-000000001700}",
        "ProcessId": "4968",
        "Image": "C:\\Windows\\System32\\cmd.exe",
        "FileVersion": "10.0.26100.9278 (WinBuild.160101.0800)",
        "Description": "Windows Command Processor",
        "Product": "Microsoft� Windows� Operating System",
        "Company": "Microsoft Corporation",
        "OriginalFileName": "Cmd.Exe",
        "CommandLine": "\"C:\\WINDOWS\\system32\\cmd.exe\" /c \"dir /b /ad D:\\\\\"",
        "CurrentDirectory": "C:\\Users\\o-neo\\Documents\\Vip-Gece-Web-Gelistirme\\",
        "User": "DESKTOP-FOEGBB0\\o-neo",
        "LogonGuid": "{66b35fd9-c5ee-6aa6-d395-060000000000}",
        "LogonId": "0x695d3",
        "TerminalSessionId": "1",
        "IntegrityLevel": "Medium",
        "Hashes": "MD5=CE396564392FAFAAD5C07A5E2DADE4E6,SHA256=97AC98B1A92C286054CCE55239CFCCDFC23A5517BD07FE693072C9CA96C7DABB,IMPHASH=010B165E4C37F484601D3DBD700C9423",
        "ParentProcessGuid": "{66b35fd9-ee3a-6aa6-231e-000000001700}",
        "ParentProcessId": "11556",
        "ParentImage": "C:\\Users\\o-neo\\AppData\\Local\\OpenAI\\Codex\\bin\\bffc5354119c8421\\codex.exe",
        "ParentCommandLine": "C:\\Users\\o-neo\\AppData\\Local\\OpenAI\\Codex\\bin\\bffc5354119c8421\\codex.exe -c features.code_mode_host=true app-server --analytics-default-enabled -c plugins.codex-app-tools@openai-bundled.mcp_servers.codex_app.enabled=true",
        "ParentUser": "DESKTOP-FOEGBB0\\o-neo"
      }
    },
    {
      "source": "sysmon",
      "provider": "Microsoft-Windows-Sysmon",
      "eventId": 1,
      "time": "2026-09-13T22:04:22.3593596Z",
      "recordId": 623270,
      "data": {
        "RuleName": "-",
        "UtcTime": "2026-09-13 22:04:22.164",
        "ProcessGuid": "{66b35fd9-1de6-6aa7-333c-000000001700}",
        "ProcessId": "9196",
        "Image": "C:\\Windows\\System32\\reg.exe",
        "FileVersion": "10.0.26100.5074 (WinBuild.160101.0800)",
        "Description": "Registry Console Tool",
        "Product": "Microsoft� Windows� Operating System",
        "Company": "Microsoft Corporation",
        "OriginalFileName": "reg.exe",
        "CommandLine": "reg  query \"HKLM\\Software\\Microsoft\\Windows\\CurrentVersion\\Run\"",
        "CurrentDirectory": "C:\\Windows\\System32\\",
        "User": "DESKTOP-FOEGBB0\\o-neo",
        "LogonGuid": "{66b35fd9-1d97-6aa7-a3ab-b80300000000}",
        "LogonId": "0x3b8aba3",
        "TerminalSessionId": "1",
        "IntegrityLevel": "High",
        "Hashes": "MD5=F6E3559DDDDCCC843A12CFD50178C554,SHA256=EF37663B44AC66920C6F33694DEEA01ACB78AE3F3012884819373FA04C3EB5F0,IMPHASH=2DC6AE94704E0DBEAFC5A2BB00BD87F0",
        "ParentProcessGuid": "{66b35fd9-1d9e-6aa7-2c3b-000000001700}",
        "ParentProcessId": "2832",
        "ParentImage": "C:\\Windows\\System32\\cmd.exe",
        "ParentCommandLine": "\"C:\\Windows\\System32\\cmd.exe\" /c \"C:\\Users\\o-neo\\Documents\\Vip-Gece-Web-Gelistirme\\tools\\forensics\\collect-python-error-admin.cmd\"",
        "ParentUser": "DESKTOP-FOEGBB0\\o-neo"
      }
    },
    {
      "source": "sysmon",
      "provider": "Microsoft-Windows-Sysmon",
      "eventId": 1,
      "time": "2026-09-13T22:04:23.0889669Z",
      "recordId": 623273,
      "data": {
        "RuleName": "-",
        "UtcTime": "2026-09-13 22:04:22.673",
        "ProcessGuid": "{66b35fd9-1de6-6aa7-373c-000000001700}",
        "ProcessId": "1576",
        "Image": "C:\\Windows\\System32\\reg.exe",
        "FileVersion": "10.0.26100.5074 (WinBuild.160101.0800)",
        "Description": "Registry Console Tool",
        "Product": "Microsoft� Windows� Operating System",
        "Company": "Microsoft Corporation",
        "OriginalFileName": "reg.exe",
        "CommandLine": "reg  query \"HKCU\\Software\\Microsoft\\Windows\\CurrentVersion\\Run\"",
        "CurrentDirectory": "C:\\Windows\\System32\\",
        "User": "DESKTOP-FOEGBB0\\o-neo",
        "LogonGuid": "{66b35fd9-1d97-6aa7-a3ab-b80300000000}",
        "LogonId": "0x3b8aba3",
        "TerminalSessionId": "1",
        "IntegrityLevel": "High",
        "Hashes": "MD5=F6E3559DDDDCCC843A12CFD50178C554,SHA256=EF37663B44AC66920C6F33694DEEA01ACB78AE3F3012884819373FA04C3EB5F0,IMPHASH=2DC6AE94704E0DBEAFC5A2BB00BD87F0",
        "ParentProcessGuid": "{66b35fd9-1d9e-6aa7-2c3b-000000001700}",
        "ParentProcessId": "2832",
        "ParentImage": "C:\\Windows\\System32\\cmd.exe",
        "ParentCommandLine": "\"C:\\Windows\\System32\\cmd.exe\" /c \"C:\\Users\\o-neo\\Documents\\Vip-Gece-Web-Gelistirme\\tools\\forensics\\collect-python-error-admin.cmd\"",
        "ParentUser": "DESKTOP-FOEGBB0\\o-neo"
      }
    },
    {
      "source": "sysmon",
      "provider": "Microsoft-Windows-Sysmon",
      "eventId": 1,
      "time": "2026-09-13T22:04:25.3950631Z",
      "recordId": 623283,
      "data": {
        "RuleName": "-",
        "UtcTime": "2026-09-13 22:04:24.875",
        "ProcessGuid": "{66b35fd9-1de8-6aa7-3e3c-000000001700}",
        "ProcessId": "3444",
        "Image": "C:\\Windows\\System32\\wevtutil.exe",
        "FileVersion": "10.0.26100.9444 (WinBuild.160101.0800)",
        "Description": "Windows Event Log Utility",
        "Product": "Microsoft� Windows� Operating System",
        "Company": "Microsoft Corporation",
        "OriginalFileName": "wevtutil.exe",
        "CommandLine": "wevtutil  qe System /q:\"*[System[(EventID=26) and TimeCreated[@SystemTime >= '2026-09-13T21:15:00.000Z' and @SystemTime <= '2026-09-13T21:45:00.000Z']]]\" /f:xml /rd:true",
        "CurrentDirectory": "C:\\Windows\\System32\\",
        "User": "DESKTOP-FOEGBB0\\o-neo",
        "LogonGuid": "{66b35fd9-1d97-6aa7-a3ab-b80300000000}",
        "LogonId": "0x3b8aba3",
        "TerminalSessionId": "1",
        "IntegrityLevel": "High",
        "Hashes": "MD5=F8DF0C7532F536B3683F29EFD9272E10,SHA256=C3D9616F7224BF8E9EFEA95780632DC5229D51C16C1DA74CEB37F7C125C9FAAC,IMPHASH=D0C77550F931D496F0A0F8F1F12495AE",
        "ParentProcessGuid": "{66b35fd9-1d9e-6aa7-2c3b-000000001700}",
        "ParentProcessId": "2832",
        "ParentImage": "C:\\Windows\\System32\\cmd.exe",
        "ParentCommandLine": "\"C:\\Windows\\System32\\cmd.exe\" /c \"C:\\Users\\o-neo\\Documents\\Vip-Gece-Web-Gelistirme\\tools\\forensics\\collect-python-error-admin.cmd\"",
        "ParentUser": "DESKTOP-FOEGBB0\\o-neo"
      }
    },
    {
      "source": "sysmon",
      "provider": "Microsoft-Windows-Sysmon",
      "eventId": 1,
      "time": "2026-09-13T22:04:47.3146932Z",
      "recordId": 623291,
      "data": {
        "RuleName": "-",
        "UtcTime": "2026-09-13 22:04:46.397",
        "ProcessGuid": "{66b35fd9-1dfe-6aa7-473c-000000001700}",
        "ProcessId": "12512",
        "Image": "C:\\Windows\\System32\\wevtutil.exe",
        "FileVersion": "10.0.26100.9444 (WinBuild.160101.0800)",
        "Description": "Windows Event Log Utility",
        "Product": "Microsoft� Windows� Operating System",
        "Company": "Microsoft Corporation",
        "OriginalFileName": "wevtutil.exe",
        "CommandLine": "wevtutil  qe Application /q:\"*[System[((EventID=1000 or EventID=1001 or EventID=1002 or EventID=1026)) and TimeCreated[@SystemTime >= '2026-09-13T21:15:00.000Z' and @SystemTime <= '2026-09-13T21:45:00.000Z']]]\" /f:xml /rd:true",
        "CurrentDirectory": "C:\\Windows\\System32\\",
        "User": "DESKTOP-FOEGBB0\\o-neo",
        "LogonGuid": "{66b35fd9-1d97-6aa7-a3ab-b80300000000}",
        "LogonId": "0x3b8aba3",
        "TerminalSessionId": "1",
        "IntegrityLevel": "High",
        "Hashes": "MD5=F8DF0C7532F536B3683F29EFD9272E10,SHA256=C3D9616F7224BF8E9EFEA95780632DC5229D51C16C1DA74CEB37F7C125C9FAAC,IMPHASH=D0C77550F931D496F0A0F8F1F12495AE",
        "ParentProcessGuid": "{66b35fd9-1d9e-6aa7-2c3b-000000001700}",
        "ParentProcessId": "2832",
        "ParentImage": "C:\\Windows\\System32\\cmd.exe",
        "ParentCommandLine": "\"C:\\Windows\\System32\\cmd.exe\" /c \"C:\\Users\\o-neo\\Documents\\Vip-Gece-Web-Gelistirme\\tools\\forensics\\collect-python-error-admin.cmd\"",
        "ParentUser": "DESKTOP-FOEGBB0\\o-neo"
      }
    },
    {
      "source": "sysmon",
      "provider": "Microsoft-Windows-Sysmon",
      "eventId": 1,
      "time": "2026-09-13T22:04:49.3382798Z",
      "recordId": 623296,
      "data": {
        "RuleName": "-",
        "UtcTime": "2026-09-13 22:04:49.271",
        "ProcessGuid": "{66b35fd9-1e01-6aa7-4a3c-000000001700}",
        "ProcessId": "5784",
        "Image": "C:\\Windows\\System32\\wevtutil.exe",
        "FileVersion": "10.0.26100.9444 (WinBuild.160101.0800)",
        "Description": "Windows Event Log Utility",
        "Product": "Microsoft� Windows� Operating System",
        "Company": "Microsoft Corporation",
        "OriginalFileName": "wevtutil.exe",
        "CommandLine": "wevtutil  qe Security /q:\"*[System[((EventID=4688 or EventID=5156 or EventID=5157)) and TimeCreated[@SystemTime >= '2026-09-13T21:15:00.000Z' and @SystemTime <= '2026-09-13T21:45:00.000Z']]]\" /f:xml /rd:false",
        "CurrentDirectory": "C:\\Windows\\System32\\",
        "User": "DESKTOP-FOEGBB0\\o-neo",
        "LogonGuid": "{66b35fd9-1d97-6aa7-a3ab-b80300000000}",
        "LogonId": "0x3b8aba3",
        "TerminalSessionId": "1",
        "IntegrityLevel": "High",
        "Hashes": "MD5=F8DF0C7532F536B3683F29EFD9272E10,SHA256=C3D9616F7224BF8E9EFEA95780632DC5229D51C16C1DA74CEB37F7C125C9FAAC,IMPHASH=D0C77550F931D496F0A0F8F1F12495AE",
        "ParentProcessGuid": "{66b35fd9-1d9e-6aa7-2c3b-000000001700}",
        "ParentProcessId": "2832",
        "ParentImage": "C:\\Windows\\System32\\cmd.exe",
        "ParentCommandLine": "\"C:\\Windows\\System32\\cmd.exe\" /c \"C:\\Users\\o-neo\\Documents\\Vip-Gece-Web-Gelistirme\\tools\\forensics\\collect-python-error-admin.cmd\"",
        "ParentUser": "DESKTOP-FOEGBB0\\o-neo"
      }
    },
    {
      "source": "sysmon",
      "provider": "Microsoft-Windows-Sysmon",
      "eventId": 1,
      "time": "2026-09-13T22:05:14.5028748Z",
      "recordId": 623312,
      "data": {
        "RuleName": "-",
        "UtcTime": "2026-09-13 22:04:59.280",
        "ProcessGuid": "{66b35fd9-1e0b-6aa7-563c-000000001700}",
        "ProcessId": "4680",
        "Image": "C:\\Windows\\System32\\cmd.exe",
        "FileVersion": "10.0.26100.9278 (WinBuild.160101.0800)",
        "Description": "Windows Command Processor",
        "Product": "Microsoft� Windows� Operating System",
        "Company": "Microsoft Corporation",
        "OriginalFileName": "Cmd.Exe",
        "CommandLine": "\"C:\\WINDOWS\\system32\\cmd.exe\" /c \"dir /b /ad D:\\*\"",
        "CurrentDirectory": "C:\\Users\\o-neo\\Documents\\Vip-Gece-Web-Gelistirme\\",
        "User": "DESKTOP-FOEGBB0\\o-neo",
        "LogonGuid": "{66b35fd9-c5ee-6aa6-d395-060000000000}",
        "LogonId": "0x695d3",
        "TerminalSessionId": "1",
        "IntegrityLevel": "Medium",
        "Hashes": "MD5=CE396564392FAFAAD5C07A5E2DADE4E6,SHA256=97AC98B1A92C286054CCE55239CFCCDFC23A5517BD07FE693072C9CA96C7DABB,IMPHASH=010B165E4C37F484601D3DBD700C9423",
        "ParentProcessGuid": "{66b35fd9-ee3a-6aa6-231e-000000001700}",
        "ParentProcessId": "11556",
        "ParentImage": "C:\\Users\\o-neo\\AppData\\Local\\OpenAI\\Codex\\bin\\bffc5354119c8421\\codex.exe",
        "ParentCommandLine": "C:\\Users\\o-neo\\AppData\\Local\\OpenAI\\Codex\\bin\\bffc5354119c8421\\codex.exe -c features.code_mode_host=true app-server --analytics-default-enabled -c plugins.codex-app-tools@openai-bundled.mcp_servers.codex_app.enabled=true",
        "ParentUser": "DESKTOP-FOEGBB0\\o-neo"
      }
    },
    {
      "source": "sysmon",
      "provider": "Microsoft-Windows-Sysmon",
      "eventId": 1,
      "time": "2026-09-13T22:05:33.1948157Z",
      "recordId": 623323,
      "data": {
        "RuleName": "-",
        "UtcTime": "2026-09-13 22:05:31.971",
        "ProcessGuid": "{66b35fd9-1e2b-6aa7-5d3c-000000001700}",
        "ProcessId": "8556",
        "Image": "C:\\Windows\\System32\\cmd.exe",
        "FileVersion": "10.0.26100.9278 (WinBuild.160101.0800)",
        "Description": "Windows Command Processor",
        "Product": "Microsoft� Windows� Operating System",
        "Company": "Microsoft Corporation",
        "OriginalFileName": "Cmd.Exe",
        "CommandLine": "\"C:\\WINDOWS\\system32\\cmd.exe\" /c dir C:\\Tools\\Python313",
        "CurrentDirectory": "C:\\Users\\o-neo\\Documents\\Vip-Gece-Web-Gelistirme\\",
        "User": "DESKTOP-FOEGBB0\\CodexSandboxOffline",
        "LogonGuid": "{66b35fd9-1c60-6aa7-fbb5-ad0300000000}",
        "LogonId": "0x3adb5fb",
        "TerminalSessionId": "1",
        "IntegrityLevel": "Medium",
        "Hashes": "MD5=CE396564392FAFAAD5C07A5E2DADE4E6,SHA256=97AC98B1A92C286054CCE55239CFCCDFC23A5517BD07FE693072C9CA96C7DABB,IMPHASH=010B165E4C37F484601D3DBD700C9423",
        "ParentProcessGuid": "{66b35fd9-1c60-6aa7-1c3a-000000001700}",
        "ParentProcessId": "11728",
        "ParentImage": "C:\\Users\\o-neo\\.cache\\codex-runtimes\\codex-primary-runtime\\dependencies\\native\\powershell\\pwsh.exe",
        "ParentCommandLine": "C:\\Users\\o-neo\\.cache\\codex-runtimes\\codex-primary-runtime\\dependencies\\native\\powershell\\pwsh.exe -NoProfile -Command \"try { [Console]::OutputEncoding=[System.Text.Encoding]::UTF8 } catch {}\ncmd /c dir C:\\Tools\\Python313\"",
        "ParentUser": "DESKTOP-FOEGBB0\\CodexSandboxOffline"
      }
    },
    {
      "source": "sysmon",
      "provider": "Microsoft-Windows-Sysmon",
      "eventId": 1,
      "time": "2026-09-13T22:05:36.3318732Z",
      "recordId": 623328,
      "data": {
        "RuleName": "-",
        "UtcTime": "2026-09-13 22:05:32.583",
        "ProcessGuid": "{66b35fd9-1e2c-6aa7-643c-000000001700}",
        "ProcessId": "10560",
        "Image": "C:\\Tools\\Python313\\python.exe",
        "FileVersion": "3.13.15",
        "Description": "Python",
        "Product": "Python",
        "Company": "Python Software Foundation",
        "OriginalFileName": "python.exe",
        "CommandLine": "\"C:\\Tools\\Python313\\python.exe\" -c \"import olefile; print(olefile.__version__)\"",
        "CurrentDirectory": "C:\\Users\\o-neo\\Documents\\Vip-Gece-Web-Gelistirme\\",
        "User": "DESKTOP-FOEGBB0\\CodexSandboxOffline",
        "LogonGuid": "{66b35fd9-1add-6aa7-0e9c-a60300000000}",
        "LogonId": "0x3a69c0e",
        "TerminalSessionId": "1",
        "IntegrityLevel": "Medium",
        "Hashes": "MD5=ABAAA9026E4EA49EB00EFB04EAA6F30C,SHA256=85B71D8C6EC1905935F74BE0C9869AAE198D00E98F39DF699EC66F9C5A84CECD,IMPHASH=D233964EAA90E1B69B31D0C96B47B8D3",
        "ParentProcessGuid": "{66b35fd9-1ade-6aa7-7139-000000001700}",
        "ParentProcessId": "8544",
        "ParentImage": "C:\\Users\\o-neo\\.cache\\codex-runtimes\\codex-primary-runtime\\dependencies\\native\\powershell\\pwsh.exe",
        "ParentCommandLine": "C:\\Users\\o-neo\\.cache\\codex-runtimes\\codex-primary-runtime\\dependencies\\native\\powershell\\pwsh.exe -NoProfile -Command \"try { [Console]::OutputEncoding=[System.Text.Encoding]::UTF8 } catch {}\npython -c \\\"import olefile; print(olefile.__version__)\\\"\"",
        "ParentUser": "DESKTOP-FOEGBB0\\CodexSandboxOffline"
      }
    },
    {
      "source": "sysmon",
      "provider": "Microsoft-Windows-Sysmon",
      "eventId": 1,
      "time": "2026-09-13T22:05:41.4215925Z",
      "recordId": 623360,
      "data": {
        "RuleName": "-",
        "UtcTime": "2026-09-13 22:05:39.473",
        "ProcessGuid": "{66b35fd9-1e33-6aa7-6a3c-000000001700}",
        "ProcessId": "10316",
        "Image": "C:\\Windows\\System32\\cmd.exe",
        "FileVersion": "10.0.26100.9278 (WinBuild.160101.0800)",
        "Description": "Windows Command Processor",
        "Product": "Microsoft� Windows� Operating System",
        "Company": "Microsoft Corporation",
        "OriginalFileName": "Cmd.Exe",
        "CommandLine": "C:\\WINDOWS\\system32\\cmd.exe /c tasklist",
        "CurrentDirectory": "C:\\Users\\o-neo\\Documents\\Vip-Gece-Web-Gelistirme\\",
        "User": "DESKTOP-FOEGBB0\\CodexSandboxOffline",
        "LogonGuid": "{66b35fd9-1e2f-6aa7-e676-c00300000000}",
        "LogonId": "0x3c076e6",
        "TerminalSessionId": "1",
        "IntegrityLevel": "Medium",
        "Hashes": "MD5=CE396564392FAFAAD5C07A5E2DADE4E6,SHA256=97AC98B1A92C286054CCE55239CFCCDFC23A5517BD07FE693072C9CA96C7DABB,IMPHASH=010B165E4C37F484601D3DBD700C9423",
        "ParentProcessGuid": "{66b35fd9-1e30-6aa7-683c-000000001700}",
        "ParentProcessId": "1352",
        "ParentImage": "C:\\Users\\o-neo\\.codex\\.sandbox-bin\\codex-command-runner-0.154.0-alpha.6.2.exe",
        "ParentCommandLine": "C:\\Users\\o-neo\\.codex\\.sandbox-bin\\codex-command-runner-0.154.0-alpha.6.2.exe --pipe-in=\\\\.\\pipe\\codex-runner-8fd4d80cdf539da68a4db2726e24489b-in --pipe-out=\\\\.\\pipe\\codex-runner-8fd4d80cdf539da68a4db2726e24489b-out",
        "ParentUser": "DESKTOP-FOEGBB0\\CodexSandboxOffline"
      }
    },
    {
      "source": "sysmon",
      "provider": "Microsoft-Windows-Sysmon",
      "eventId": 1,
      "time": "2026-09-13T22:05:45.3254590Z",
      "recordId": 623374,
      "data": {
        "RuleName": "-",
        "UtcTime": "2026-09-13 22:05:45.165",
        "ProcessGuid": "{66b35fd9-1e39-6aa7-733c-000000001700}",
        "ProcessId": "12716",
        "Image": "C:\\Windows\\System32\\tasklist.exe",
        "FileVersion": "10.0.26100.1 (WinBuild.160101.0800)",
        "Description": "Lists the current running tasks",
        "Product": "Microsoft� Windows� Operating System",
        "Company": "Microsoft Corporation",
        "OriginalFileName": "tasklist.exe",
        "CommandLine": "tasklist",
        "CurrentDirectory": "C:\\Users\\o-neo\\Documents\\Vip-Gece-Web-Gelistirme\\",
        "User": "DESKTOP-FOEGBB0\\CodexSandboxOffline",
        "LogonGuid": "{66b35fd9-1e2f-6aa7-e676-c00300000000}",
        "LogonId": "0x3c076e6",
        "TerminalSessionId": "1",
        "IntegrityLevel": "Medium",
        "Hashes": "MD5=8ADD46C82B40A6F635F1406CF28DABA1,SHA256=62800679C55682F2F5F38B3DF9080D12480BEA78B5B8476EACE9DF014F353B14,IMPHASH=1EC449474B2F8125DB72AC9B593E4CA6",
        "ParentProcessGuid": "{66b35fd9-1e33-6aa7-6a3c-000000001700}",
        "ParentProcessId": "10316",
        "ParentImage": "C:\\Windows\\System32\\cmd.exe",
        "ParentCommandLine": "C:\\WINDOWS\\system32\\cmd.exe /c tasklist",
        "ParentUser": "DESKTOP-FOEGBB0\\CodexSandboxOffline"
      }
    },
    {
      "source": "sysmon",
      "provider": "Microsoft-Windows-Sysmon",
      "eventId": 1,
      "time": "2026-09-13T22:05:48.2381390Z",
      "recordId": 623381,
      "data": {
        "RuleName": "-",
        "UtcTime": "2026-09-13 22:05:47.081",
        "ProcessGuid": "{66b35fd9-1e3b-6aa7-763c-000000001700}",
        "ProcessId": "11260",
        "Image": "C:\\Windows\\System32\\wevtutil.exe",
        "FileVersion": "10.0.26100.9444 (WinBuild.160101.0800)",
        "Description": "Windows Event Log Utility",
        "Product": "Microsoft� Windows� Operating System",
        "Company": "Microsoft Corporation",
        "OriginalFileName": "wevtutil.exe",
        "CommandLine": "wevtutil  qe Microsoft-Windows-Sysmon/Operational /q:\"*[System[((EventID=1 or EventID=3 or EventID=7 or EventID=11 or EventID=22)) and TimeCreated[@SystemTime >= '2026-09-13T21:15:00.000Z' and @SystemTime <= '2026-09-13T21:45:00.000Z']]]\" /f:xml /rd:false",
        "CurrentDirectory": "C:\\Windows\\System32\\",
        "User": "DESKTOP-FOEGBB0\\o-neo",
        "LogonGuid": "{66b35fd9-1d97-6aa7-a3ab-b80300000000}",
        "LogonId": "0x3b8aba3",
        "TerminalSessionId": "1",
        "IntegrityLevel": "High",
        "Hashes": "MD5=F8DF0C7532F536B3683F29EFD9272E10,SHA256=C3D9616F7224BF8E9EFEA95780632DC5229D51C16C1DA74CEB37F7C125C9FAAC,IMPHASH=D0C77550F931D496F0A0F8F1F12495AE",
        "ParentProcessGuid": "{66b35fd9-1d9e-6aa7-2c3b-000000001700}",
        "ParentProcessId": "2832",
        "ParentImage": "C:\\Windows\\System32\\cmd.exe",
        "ParentCommandLine": "\"C:\\Windows\\System32\\cmd.exe\" /c \"C:\\Users\\o-neo\\Documents\\Vip-Gece-Web-Gelistirme\\tools\\forensics\\collect-python-error-admin.cmd\"",
        "ParentUser": "DESKTOP-FOEGBB0\\o-neo"
      }
    },
    {
      "source": "sysmon",
      "provider": "Microsoft-Windows-Sysmon",
      "eventId": 1,
      "time": "2026-09-13T22:05:56.5847795Z",
      "recordId": 623423,
      "data": {
        "RuleName": "-",
        "UtcTime": "2026-09-13 22:05:56.361",
        "ProcessGuid": "{66b35fd9-1e44-6aa7-8d3c-000000001700}",
        "ProcessId": "13176",
        "Image": "C:\\Windows\\System32\\cmd.exe",
        "FileVersion": "10.0.26100.9278 (WinBuild.160101.0800)",
        "Description": "Windows Command Processor",
        "Product": "Microsoft� Windows� Operating System",
        "Company": "Microsoft Corporation",
        "OriginalFileName": "Cmd.Exe",
        "CommandLine": "C:\\WINDOWS\\system32\\cmd.exe /c \"dir docs\\forensics\\python-error-20260914\"",
        "CurrentDirectory": "C:\\Users\\o-neo\\Documents\\Vip-Gece-Web-Gelistirme\\",
        "User": "DESKTOP-FOEGBB0\\CodexSandboxOffline",
        "LogonGuid": "{66b35fd9-1e43-6aa7-9dff-c10300000000}",
        "LogonId": "0x3c1ff9d",
        "TerminalSessionId": "1",
        "IntegrityLevel": "Medium",
        "Hashes": "MD5=CE396564392FAFAAD5C07A5E2DADE4E6,SHA256=97AC98B1A92C286054CCE55239CFCCDFC23A5517BD07FE693072C9CA96C7DABB,IMPHASH=010B165E4C37F484601D3DBD700C9423",
        "ParentProcessGuid": "{66b35fd9-1e43-6aa7-8b3c-000000001700}",
        "ParentProcessId": "12560",
        "ParentImage": "C:\\Users\\o-neo\\.codex\\.sandbox-bin\\codex-command-runner-0.154.0-alpha.6.2.exe",
        "ParentCommandLine": "C:\\Users\\o-neo\\.codex\\.sandbox-bin\\codex-command-runner-0.154.0-alpha.6.2.exe --pipe-in=\\\\.\\pipe\\codex-runner-9b9ad54c591ac7fb4836a82257864711-in --pipe-out=\\\\.\\pipe\\codex-runner-9b9ad54c591ac7fb4836a82257864711-out",
        "ParentUser": "DESKTOP-FOEGBB0\\CodexSandboxOffline"
      }
    },
    {
      "source": "sysmon",
      "provider": "Microsoft-Windows-Sysmon",
      "eventId": 1,
      "time": "2026-09-13T22:05:59.4211429Z",
      "recordId": 623441,
      "data": {
        "RuleName": "-",
        "UtcTime": "2026-09-13 22:05:59.303",
        "ProcessGuid": "{66b35fd9-1e47-6aa7-973c-000000001700}",
        "ProcessId": "12580",
        "Image": "C:\\Windows\\System32\\wevtutil.exe",
        "FileVersion": "10.0.26100.9444 (WinBuild.160101.0800)",
        "Description": "Windows Event Log Utility",
        "Product": "Microsoft� Windows� Operating System",
        "Company": "Microsoft Corporation",
        "OriginalFileName": "wevtutil.exe",
        "CommandLine": "wevtutil  qe Microsoft-Windows-WER-Diag/Operational /q:\"*[System[TimeCreated[@SystemTime >= '2026-09-13T21:15:00.000Z' and @SystemTime <= '2026-09-13T21:45:00.000Z']]]\" /f:xml /rd:false",
        "CurrentDirectory": "C:\\Windows\\System32\\",
        "User": "DESKTOP-FOEGBB0\\o-neo",
        "LogonGuid": "{66b35fd9-1d97-6aa7-a3ab-b80300000000}",
        "LogonId": "0x3b8aba3",
        "TerminalSessionId": "1",
        "IntegrityLevel": "High",
        "Hashes": "MD5=F8DF0C7532F536B3683F29EFD9272E10,SHA256=C3D9616F7224BF8E9EFEA95780632DC5229D51C16C1DA74CEB37F7C125C9FAAC,IMPHASH=D0C77550F931D496F0A0F8F1F12495AE",
        "ParentProcessGuid": "{66b35fd9-1d9e-6aa7-2c3b-000000001700}",
        "ParentProcessId": "2832",
        "ParentImage": "C:\\Windows\\System32\\cmd.exe",
        "ParentCommandLine": "\"C:\\Windows\\System32\\cmd.exe\" /c \"C:\\Users\\o-neo\\Documents\\Vip-Gece-Web-Gelistirme\\tools\\forensics\\collect-python-error-admin.cmd\"",
        "ParentUser": "DESKTOP-FOEGBB0\\o-neo"
      }
    },
    {
      "source": "sysmon",
      "provider": "Microsoft-Windows-Sysmon",
      "eventId": 1,
      "time": "2026-09-13T22:06:01.4568814Z",
      "recordId": 623457,
      "data": {
        "RuleName": "-",
        "UtcTime": "2026-09-13 22:06:01.373",
        "ProcessGuid": "{66b35fd9-1e49-6aa7-a53c-000000001700}",
        "ProcessId": "11716",
        "Image": "C:\\Windows\\System32\\fltMC.exe",
        "FileVersion": "10.0.26100.1882 (WinBuild.160101.0800)",
        "Description": "Filter Manager Control Program",
        "Product": "Microsoft� Windows� Operating System",
        "Company": "Microsoft Corporation",
        "OriginalFileName": "fltMC.exe",
        "CommandLine": "fltmc  volumes",
        "CurrentDirectory": "C:\\Windows\\System32\\",
        "User": "DESKTOP-FOEGBB0\\o-neo",
        "LogonGuid": "{66b35fd9-1d97-6aa7-a3ab-b80300000000}",
        "LogonId": "0x3b8aba3",
        "TerminalSessionId": "1",
        "IntegrityLevel": "High",
        "Hashes": "MD5=5CCBCC31258C2E34E37B14FAD50E0A28,SHA256=8099107E5BFBED1CB819E4477E1AD84E01397F215E9255B2616BB4793D6490BE,IMPHASH=3BB9381340F6C7B1E51AD45AB82E32D2",
        "ParentProcessGuid": "{66b35fd9-1d9e-6aa7-2c3b-000000001700}",
        "ParentProcessId": "2832",
        "ParentImage": "C:\\Windows\\System32\\cmd.exe",
        "ParentCommandLine": "\"C:\\Windows\\System32\\cmd.exe\" /c \"C:\\Users\\o-neo\\Documents\\Vip-Gece-Web-Gelistirme\\tools\\forensics\\collect-python-error-admin.cmd\"",
        "ParentUser": "DESKTOP-FOEGBB0\\o-neo"
      }
    },
    {
      "source": "sysmon",
      "provider": "Microsoft-Windows-Sysmon",
      "eventId": 1,
      "time": "2026-09-13T22:06:02.7402925Z",
      "recordId": 623468,
      "data": {
        "RuleName": "-",
        "UtcTime": "2026-09-13 22:06:02.594",
        "ProcessGuid": "{66b35fd9-1e4a-6aa7-ac3c-000000001700}",
        "ProcessId": "8528",
        "Image": "C:\\Windows\\System32\\findstr.exe",
        "FileVersion": "10.0.26100.7019 (WinBuild.160101.0800)",
        "Description": "Find String (QGREP) Utility",
        "Product": "Microsoft� Windows� Operating System",
        "Company": "Microsoft Corporation",
        "OriginalFileName": "FINDSTR.EXE",
        "CommandLine": "findstr  /i /c:\"python.exe\" \"C:\\ProgramData\\Microsoft\\Windows\\WER\\ReportArchive\\Report.wer\"",
        "CurrentDirectory": "C:\\Windows\\System32\\",
        "User": "DESKTOP-FOEGBB0\\o-neo",
        "LogonGuid": "{66b35fd9-1d97-6aa7-a3ab-b80300000000}",
        "LogonId": "0x3b8aba3",
        "TerminalSessionId": "1",
        "IntegrityLevel": "High",
        "Hashes": "MD5=E9E5AB26797A44DF0045FB3B7FD834DE,SHA256=867816F8A714A87F5F573EBBE3A526931FBE787CC03B4EC7AC8A970C9D8C0264,IMPHASH=FAF6C2ABBD03B51B5852A294EAAFC7CE",
        "ParentProcessGuid": "{66b35fd9-1d9e-6aa7-2c3b-000000001700}",
        "ParentProcessId": "2832",
        "ParentImage": "C:\\Windows\\System32\\cmd.exe",
        "ParentCommandLine": "\"C:\\Windows\\System32\\cmd.exe\" /c \"C:\\Users\\o-neo\\Documents\\Vip-Gece-Web-Gelistirme\\tools\\forensics\\collect-python-error-admin.cmd\"",
        "ParentUser": "DESKTOP-FOEGBB0\\o-neo"
      }
    },
