<Event xmlns='http://schemas.microsoft.com/win/2004/08/events/event'><System><Provider Name='Microsoft-Windows-Security-Auditing' Guid='{54849625-5478-4994-a5ba-3e3b0328c30d}'/><EventID>4688</EventID><Version>2</Version><Level>0</Level><Task>13312</Task><Opcode>0</Opcode><Keywords>0x8020000000000000</Keywords><TimeCreated SystemTime='2026-09-13T21:00:01.5544335Z'/><EventRecordID>211217</EventRecordID><Correlation/><Execution ProcessID='4' ThreadID='3676'/><Channel>Security</Channel><Computer>DESKTOP-FOEGBB0</Computer><Security/></System><EventData><Data Name='SubjectUserSid'>S-1-5-18</Data><Data Name='SubjectUserName'>DESKTOP-FOEGBB0$</Data><Data Name='SubjectDomainName'>WORKGROUP</Data><Data Name='SubjectLogonId'>0x3e7</Data><Data Name='NewProcessId'>0x2f8c</Data><Data Name='NewProcessName'>C:\Windows\System32\Microsoft.Data.UsageAndQualityInsights.MaintenanceTask.exe</Data><Data Name='TokenElevationType'>%%1936</Data><Data Name='ProcessId'>0x738</Data><Data Name='CommandLine'>"C:\WINDOWS\System32\Microsoft.Data.UsageAndQualityInsights.MaintenanceTask.exe"</Data><Data Name='TargetUserSid'>S-1-0-0</Data><Data Name='TargetUserName'>-</Data><Data Name='TargetDomainName'>-</Data><Data Name='TargetLogonId'>0x0</Data><Data Name='ParentProcessName'>C:\Windows\System32\svchost.exe</Data><Data Name='MandatoryLabel'>S-1-16-16384</Data></EventData></Event><Event xmlns='http://schemas.microsoft.com/win/2004/08/events/event'><System><Provider Name='Microsoft-Windows-Security-Auditing' Guid='{54849625-5478-4994-a5ba-3e3b0328c30d}'/><EventID>4688</EventID><Version>2</Version><Level>0</Level><Task>13312</Task><Opcode>0</Opcode><Keywords>0x8020000000000000</Keywords><TimeCreated SystemTime='2026-09-13T21:00:12.8398011Z'/><EventRecordID>211218</EventRecordID><Correlation/><Execution ProcessID='4' ThreadID='3676'/><Channel>Security</Channel><Computer>DESKTOP-FOEGBB0</Computer><Security/></System><EventData><Data Name='SubjectUserSid'>S-1-5-21-404346624-2769923240-1900471442-1000</Data><Data Name='SubjectUserName'>o-neo</Data><Data Name='SubjectDomainName'>DESKTOP-FOEGBB0</Data><Data Name='SubjectLogonId'>0x695d3</Data><Data Name='NewProcessId'>0x250c</Data><Data Name='NewProcessName'>C:\Program Files\Google\Chrome\Application\chrome.exe</Data><Data Name='TokenElevationType'>%%1938</Data><Data Name='ProcessId'>0xad8</Data><Data Name='CommandLine'>"C:\Program Files\Google\Chrome\Application\chrome.exe" --type=renderer --no-pre-read-main-dll --video-capture-use-gpu-memory-buffer --lang=tr --device-scale-factor=1.25 --num-raster-threads=1 --renderer-client-id=280 --launch-time-ticks=18700130267 --metrics-shmem-handle=8584,i,8583916236486257702,9391683812560498671,2097152 --field-trial-handle=1988,i,3674548996822873552,10286303927750587424,262144 --variations-seed-version=20260912-030030.322000-production --pseudonymization-salt-handle=1992,i,9258126933325675637,8831500867107946832,4 --trace-process-track-uuid=3190709248683589214 --mojo-platform-channel-handle=7920 /prefetch:1</Data><Data Name='TargetUserSid'>S-1-0-0</Data><Data Name='TargetUserName'>-</Data><Data Name='TargetDomainName'>-</Data><Data Name='TargetLogonId'>0x0</Data><Data Name='ParentProcessName'>C:\Program Files\Google\Chrome\Application\chrome.exe</Data><Data Name='MandatoryLabel'>S-1-16-4096</Data></EventData></Event><Event xmlns='http://schemas.microsoft.com/win/2004/08/events/event'><System><Provider Name='Microsoft-Windows-Security-Auditing' Guid='{54849625-5478-4994-a5ba-3e3b0328c30d}'/><EventID>4688</EventID><Version>2</Version><Level>0</Level><Task>13312</Task><Opcode>0</Opcode><Keywords>0x8020000000000000</Keywords><TimeCreated SystemTime='2026-09-13T21:00:16.3642055Z'/><EventRecordID>211219</EventRecordID><Correlation/><Execution ProcessID='4' ThreadID='3676'/><Channel>Security</Channel><Computer>DESKTOP-FOEGBB0</Computer><Security/></System><EventData><Data Name='SubjectUserSid'>S-1-5-21-404346624-2769923240-1900471442-1000</Data><Data Name='SubjectUserName'>o-neo</Data><Data Name='SubjectDomainName'>DESKTOP-FOEGBB0</Data><Data Name='SubjectLogonId'>0x695d3</Data><Data Name='NewProcessId'>0x10d8</Data><Data Name='NewProcessName'>C:\Program Files\Google\Chrome\Application\chrome.exe</Data><Data Name='TokenElevationType'>%%1938</Data><Data Name='ProcessId'>0xad8</Data><Data Name='CommandLine'>"C:\Program Files\Google\Chrome\Application\chrome.exe" --type=renderer --no-pre-read-main-dll --video-capture-use-gpu-memory-buffer --lang=tr --device-scale-factor=1.25 --num-raster-threads=1 --renderer-client-id=281 --launch-time-ticks=18703726612 --metrics-shmem-handle=9140,i,2668042566193869267,3369913740707199529,2097152 --field-trial-handle=1988,i,3674548996822873552,10286303927750587424,262144 --variations-seed-version=20260912-030030.322000-production --pseudonymization-salt-handle=1992,i,9258126933325675637,8831500867107946832,4 --trace-process-track-uuid=3190709249620631063 --mojo-platform-channel-handle=6356 /prefetch:1</Data><Data Name='TargetUserSid'>S-1-0-0</Data><Data Name='TargetUserName'>-</Data><Data Name='TargetDomainName'>-</Data><Data Name='TargetLogonId'>0x0</Data><Data Name='ParentProcessName'>C:\Program Files\Google\Chrome\Application\chrome.exe</Data><Data Name='MandatoryLabel'>S-1-16-4096</Data></EventData></Event><Event xmlns='http://schemas.microsoft.com/win/2004/08/events/event'><System><Provider Name='Microsoft-Windows-Security-Auditing' Guid='{54849625-5478-4994-a5ba-3e3b0328c30d}'/><EventID>4688</EventID><Version>2</Version><Level>0</Level><Task>13312</Task><Opcode>0</Opcode><Keywords>0x8020000000000000</Keywords><TimeCreated SystemTime='2026-09-13T21:00:20.4144220Z'/><EventRecordID>211221</EventRecordID><Correlation/><Execution ProcessID='4' ThreadID='3676'/><Channel>Security</Channel><Computer>DESKTOP-FOEGBB0</Computer><Security/></System><EventData><Data Name='SubjectUserSid'>S-1-5-21-404346624-2769923240-1900471442-1000</Data><Data Name='SubjectUserName'>o-neo</Data><Data Name='SubjectDomainName'>DESKTOP-FOEGBB0</Data><Data Name='SubjectLogonId'>0x695d3</Data><Data Name='NewProcessId'>0x2e58</Data><Data Name='NewProcessName'>C:\Program Files\Google\Chrome\Application\chrome.exe</Data><Data Name='TokenElevationType'>%%1938</Data><Data Name='ProcessId'>0xad8</Data><Data Name='CommandLine'>"C:\Program Files\Google\Chrome\Application\chrome.exe" --type=renderer --no-pre-read-main-dll --video-capture-use-gpu-memory-buffer --lang=tr --device-scale-factor=1.25 --num-raster-threads=1 --renderer-client-id=282 --launch-time-ticks=18707777043 --metrics-shmem-handle=8988,i,2916934280668285516,6999759878618463065,2097152 --field-trial-handle=1988,i,3674548996822873552,10286303927750587424,262144 --variations-seed-version=20260912-030030.322000-production --pseudonymization-salt-handle=1992,i,9258126933325675637,8831500867107946832,4 --trace-process-track-uuid=3190709250557672912 --mojo-platform-channel-handle=5196 /prefetch:1</Data><Data Name='TargetUserSid'>S-1-0-0</Data><Data Name='TargetUserName'>-</Data><Data Name='TargetDomainName'>-</Data><Data Name='TargetLogonId'>0x0</Data><Data Name='ParentProcessName'>C:\Program Files\Google\Chrome\Application\chrome.exe</Data><Data Name='MandatoryLabel'>S-1-16-4096</Data></EventData></Event><Event xmlns='http://schemas.microsoft.com/win/2004/08/events/event'><System><Provider Name='Microsoft-Windows-Security-Auditing' Guid='{54849625-5478-4994-a5ba-3e3b0328c30d}'/><EventID>4688</EventID><Version>2</Version><Level>0</Level><Task>13312</Task><Opcode>0</Opcode><Keywords>0x8020000000000000</Keywords><TimeCreated SystemTime='2026-09-13T21:00:36.6480250Z'/><EventRecordID>211222</EventRecordID><Correlation/><Execution ProcessID='4' ThreadID='9420'/><Channel>Security</Channel><Computer>DESKTOP-FOEGBB0</Computer><Security/></System><EventData><Data Name='SubjectUserSid'>S-1-5-21-404346624-2769923240-1900471442-1000</Data><Data Name='SubjectUserName'>o-neo</Data><Data Name='SubjectDomainName'>DESKTOP-FOEGBB0</Data><Data Name='SubjectLogonId'>0x695d3</Data><Data Name='NewProcessId'>0x3328</Data><Data Name='NewProcessName'>C:\Users\o-neo\.cache\codex-runtimes\codex-primary-runtime\dependencies\native\powershell\pwsh.exe</Data><Data Name='TokenElevationType'>%%1938</Data><Data Name='ProcessId'>0x2d24</Data><Data Name='CommandLine'>"C:\Users\o-neo\.cache\codex-runtimes\codex-primary-runtime\dependencies\native\powershell\pwsh.exe" -Command "try { [Console]::OutputEncoding=[System.Text.Encoding]::UTF8 } catch {}
Get-ChildItem -LiteralPath 'D:\VÝP-GECE MÜÞTERÝLER' -Force -ErrorAction SilentlyContinue | Select-Object Name,FullName,Attributes,Length,LastWriteTime | ConvertTo-Json -Depth 3"</Data><Data Name='TargetUserSid'>S-1-0-0</Data><Data Name='TargetUserName'>-</Data><Data Name='TargetDomainName'>-</Data><Data Name='TargetLogonId'>0x0</Data><Data Name='ParentProcessName'>C:\Users\o-neo\AppData\Local\OpenAI\Codex\bin\bffc5354119c8421\codex.exe</Data><Data Name='MandatoryLabel'>S-1-16-8192</Data></EventData></Event><Event xmlns='http://schemas.microsoft.com/win/2004/08/events/event'><System><Provider Name='Microsoft-Windows-Security-Auditing' Guid='{54849625-5478-4994-a5ba-3e3b0328c30d}'/><EventID>4688</EventID><Version>2</Version><Level>0</Level><Task>13312</Task><Opcode>0</Opcode><Keywords>0x8020000000000000</Keywords><TimeCreated SystemTime='2026-09-13T21:00:39.5123160Z'/><EventRecordID>211223</EventRecordID><Correlation/><Execution ProcessID='4' ThreadID='10056'/><Channel>Security</Channel><Computer>DESKTOP-FOEGBB0</Computer><Security/></System><EventData><Data Name='SubjectUserSid'>S-1-5-21-404346624-2769923240-1900471442-1000</Data><Data Name='SubjectUserName'>o-neo</Data><Data Name='SubjectDomainName'>DESKTOP-FOEGBB0</Data><Data Name='SubjectLogonId'>0x695d3</Data><Data Name='NewProcessId'>0x30d4</Data><Data Name='NewProcessName'>C:\Users\o-neo\.cache\codex-runtimes\codex-primary-runtime\dependencies\native\powershell\pwsh.exe</Data><Data Name='TokenElevationType'>%%1938</Data><Data Name='ProcessId'>0x2d24</Data><Data Name='CommandLine'>"C:\Users\o-neo\.cache\codex-runtimes\codex-primary-runtime\dependencies\native\powershell\pwsh.exe" -Command "try { [Console]::OutputEncoding=[System.Text.Encoding]::UTF8 } catch {}
node scripts/search-missing-profile-images.js --hash 'C:\Users\o-neo\AppData\Local\Temp\vip-gece-missing-image-keys.json' 'D:\VÝP-GECE MÜÞTERÝLER'"</Data><Data Name='TargetUserSid'>S-1-0-0</Data><Data Name='TargetUserName'>-</Data><Data Name='TargetDomainName'>-</Data><Data Name='TargetLogonId'>0x0</Data><Data Name='ParentProcessName'>C:\Users\o-neo\AppData\Local\OpenAI\Codex\bin\bffc5354119c8421\codex.exe</Data><Data Name='MandatoryLabel'>S-1-16-8192</Data></EventData></Event><Event xmlns='http://schemas.microsoft.com/win/2004/08/events/event'><System><Provider Name='Microsoft-Windows-Security-Auditing' Guid='{54849625-5478-4994-a5ba-3e3b0328c30d}'/><EventID>4688</EventID><Version>2</Version><Level>0</Level><Task>13312</Task><Opcode>0</Opcode><Keywords>0x8020000000000000</Keywords><TimeCreated SystemTime='2026-09-13T21:00:42.7665775Z'/><EventRecordID>211224</EventRecordID><Correlation/><Execution ProcessID='4' ThreadID='2308'/><Channel>Security</Channel><Computer>DESKTOP-FOEGBB0</Computer><Security/></System><EventData><Data Name='SubjectUserSid'>S-1-5-18</Data><Data Name='SubjectUserName'>DESKTOP-FOEGBB0$</Data><Data Name='SubjectDomainName'>WORKGROUP</Data><Data Name='SubjectLogonId'>0x3e7</Data><Data Name='NewProcessId'>0x2d14</Data><Data Name='NewProcessName'>C:\Windows\System32\taskhostw.exe</Data><Data Name='TokenElevationType'>%%1936</Data><Data Name='ProcessId'>0x738</Data><Data Name='CommandLine'>taskhostw.exe</Data><Data Name='TargetUserSid'>S-1-0-0</Data><Data Name='TargetUserName'>DESKTOP-FOEGBB0$</Data><Data Name='TargetDomainName'>WORKGROUP</Data><Data Name='TargetLogonId'>0x3e4</Data><Data Name='ParentProcessName'>C:\Windows\System32\svchost.exe</Data><Data Name='MandatoryLabel'>S-1-16-16384</Data></EventData></Event><Event xmlns='http://schemas.microsoft.com/win/2004/08/events/event'><System><Provider Name='Microsoft-Windows-Security-Auditing' Guid='{54849625-5478-4994-a5ba-3e3b0328c30d}'/><EventID>4688</EventID><Version>2</Version><Level>0</Level><Task>13312</Task><Opcode>0</Opcode><Keywords>0x8020000000000000</Keywords><TimeCreated SystemTime='2026-09-13T21:00:49.4561444Z'/><EventRecordID>211225</EventRecordID><Correlation/><Execution ProcessID='4' ThreadID='9420'/><Channel>Security</Channel><Computer>DESKTOP-FOEGBB0</Computer><Security/></System><EventData><Data Name='SubjectUserSid'>S-1-5-21-404346624-2769923240-1900471442-1000</Data><Data Name='SubjectUserName'>o-neo</Data><Data Name='SubjectDomainName'>DESKTOP-FOEGBB0</Data><Data Name='SubjectLogonId'>0x695d3</Data><Data Name='NewProcessId'>0x298c</Data><Data Name='NewProcessName'>C:\Tools\Node\node-v24.21.0-win-x64\node.exe</Data><Data Name='TokenElevationType'>%%1938</Data><Data Name='ProcessId'>0x30d4</Data><Data Name='CommandLine'>"C:\Tools\Node\node-v24.21.0-win-x64\node.exe" scripts/search-missing-profile-images.js --hash C:\Users\o-neo\AppData\Local\Temp\vip-gece-missing-image-keys.json "D:\VÝP-GECE MÜÞTERÝLER"</Data><Data Name='TargetUserSid'>S-1-0-0</Data><Data Name='TargetUserName'>-</Data><Data Name='TargetDomainName'>-</Data><Data Name='TargetLogonId'>0x0</Data><Data Name='ParentProcessName'>C:\Users\o-neo\.cache\codex-runtimes\codex-primary-runtime\dependencies\native\powershell\pwsh.exe</Data><Data Name='MandatoryLabel'>S-1-16-8192</Data></EventData></Event><Event xmlns='http://schemas.microsoft.com/win/2004/08/events/event'><System><Provider Name='Microsoft-Windows-Security-Auditing' Guid='{54849625-5478-4994-a5ba-3e3b0328c30d}'/><EventID>4688</EventID><Version>2</Version><Level>0</Level><Task>13312</Task><Opcode>0</Opcode><Keywords>0x8020000000000000</Keywords><TimeCreated SystemTime='2026-09-13T21:00:54.3917983Z'/><EventRecordID>211227</EventRecordID><Correlation/><Execution ProcessID='4' ThreadID='1676'/><Channel>Security</Channel><Computer>DESKTOP-FOEGBB0</Computer><Security/></System><EventData><Data Name='SubjectUserSid'>S-1-5-18</Data><Data Name='SubjectUserName'>DESKTOP-FOEGBB0$</Data><Data Name='SubjectDomainName'>WORKGROUP</Data><Data Name='SubjectLogonId'>0x3e7</Data><Data Name='NewProcessId'>0x2ee8</Data><Data Name='NewProcessName'>C:\Windows\System32\svchost.exe</Data><Data Name='TokenElevationType'>%%1936</Data><Data Name='ProcessId'>0x25c</Data><Data Name='CommandLine'>C:\WINDOWS\System32\svchost.exe -k NetworkService -p</Data><Data Name='TargetUserSid'>S-1-0-0</Data><Data Name='TargetUserName'>DESKTOP-FOEGBB0$</Data><Data Name='TargetDomainName'>WORKGROUP</Data><Data Name='TargetLogonId'>0x3e4</Data><Data Name='ParentProcessName'>C:\Windows\System32\services.exe</Data><Data Name='MandatoryLabel'>S-1-16-16384</Data></EventData></Event><Event xmlns='http://schemas.microsoft.com/win/2004/08/events/event'><System><Provider Name='Microsoft-Windows-Security-Auditing' Guid='{54849625-5478-4994-a5ba-3e3b0328c30d}'/><EventID>4688</EventID><Version>2</Version><Level>0</Level><Task>13312</Task><Opcode>0</Opcode><Keywords>0x8020000000000000</Keywords><TimeCreated SystemTime='2026-09-13T21:00:55.7501599Z'/><EventRecordID>211230</EventRecordID><Correlation/><Execution ProcessID='4' ThreadID='9376'/><Channel>Security</Channel><Computer>DESKTOP-FOEGBB0</Computer><Security/></System><EventData><Data Name='SubjectUserSid'>S-1-5-18</Data><Data Name='SubjectUserName'>DESKTOP-FOEGBB0$</Data><Data Name='SubjectDomainName'>WORKGROUP</Data><Data Name='SubjectLogonId'>0x3e7</Data><Data Name='NewProcessId'>0x2ecc</Data><Data Name='NewProcessName'>C:\Windows\System32\svchost.exe</Data><Data Name='TokenElevationType'>%%1936</Data><Data Name='ProcessId'>0x25c</Data><Data Name='CommandLine'>C:\WINDOWS\System32\svchost.exe -k netsvcs -p -s BITS</Data><Data Name='TargetUserSid'>S-1-0-0</Data><Data Name='TargetUserName'>-</Data><Data Name='TargetDomainName'>-</Data><Data Name='TargetLogonId'>0x0</Data><Data Name='ParentProcessName'>C:\Windows\System32\services.exe</Data><Data Name='MandatoryLabel'>S-1-16-16384</Data></EventData></Event><Event xmlns='http://schemas.microsoft.com/win/2004/08/events/event'><System><Provider Name='Microsoft-Windows-Security-Auditing' Guid='{54849625-5478-4994-a5ba-3e3b0328c30d}'/><EventID>4688</EventID><Version>2</Version><Level>0</Level><Task>13312</Task><Opcode>0</Opcode><Keywords>0x8020000000000000</Keywords><TimeCreated SystemTime='2026-09-13T21:01:06.6078251Z'/><EventRecordID>211232</EventRecordID><Correlation/><Execution ProcessID='4' ThreadID='9376'/><Channel>Security</Channel><Computer>DESKTOP-FOEGBB0</Computer><Security/></System><EventData><Data Name='SubjectUserSid'>S-1-5-21-404346624-2769923240-1900471442-1000</Data><Data Name='SubjectUserName'>o-neo</Data><Data Name='SubjectDomainName'>DESKTOP-FOEGBB0</Data><Data Name='SubjectLogonId'>0x695d3</Data><Data Name='NewProcessId'>0x31b4</Data><Data Name='NewProcessName'>C:\Users\o-neo\.cache\codex-runtimes\codex-primary-runtime\dependencies\native\powershell\pwsh.exe</Data><Data Name='TokenElevationType'>%%1938</Data><Data Name='ProcessId'>0x2d24</Data><Data Name='CommandLine'>"C:\Users\o-neo\.cache\codex-runtimes\codex-primary-runtime\dependencies\native\powershell\pwsh.exe" -Command "try { [Console]::OutputEncoding=[System.Text.Encoding]::UTF8 } catch {}
$c=Get-Command 7z.exe -ErrorAction SilentlyContinue; if($c){Write-Output $c.Source}else{Write-Output 'NO_7Z'}; Get-ChildItem -LiteralPath 'D:\Backups','D:\08 Arþivler','D:\01 Projeler','D:\03 Kurtarma ve Delil','D:\98 Ýncelenecekler','D:\99 Çöp Adaylarý' -Recurse -File -Include *.zip,*.7z,*.rar,*.tar,*.gz,*.tgz -ErrorAction SilentlyContinue | Measure-Object -Property Length -Sum | ConvertTo-Json"</Data><Data Name='TargetUserSid'>S-1-0-0</Data><Data Name='TargetUserName'>-</Data><Data Name='TargetDomainName'>-</Data><Data Name='TargetLogonId'>0x0</Data><Data Name='ParentProcessName'>C:\Users\o-neo\AppData\Local\OpenAI\Codex\bin\bffc5354119c8421\codex.exe</Data><Data Name='MandatoryLabel'>S-1-16-8192</Data></EventData></Event><Event xmlns='http://schemas.microsoft.com/win/2004/08/events/event'><System><Provider Name='Microsoft-Windows-Security-Auditing' Guid='{54849625-5478-4994-a5ba-3e3b0328c30d}'/><EventID>4688</EventID><Version>2</Version><Level>0</Level><Task>13312</Task><Opcode>0</Opcode><Keywords>0x8020000000000000</Keywords><TimeCreated SystemTime='2026-09-13T21:01:55.3808597Z'/><EventRecordID>211235</EventRecordID><Correlation/><Execution ProcessID='4' ThreadID='10056'/><Channel>Security</Channel><Computer>DESKTOP-FOEGBB0</Computer><Security/></System><EventData><Data Name='SubjectUserSid'>S-1-5-21-404346624-2769923240-1900471442-1000</Data><Data Name='SubjectUserName'>o-neo</Data><Data Name='SubjectDomainName'>DESKTOP-FOEGBB0</Data><Data Name='SubjectLogonId'>0x695d3</Data><Data Name='NewProcessId'>0x2ed0</Data><Data Name='NewProcessName'>C:\Program Files\Google\Chrome\Application\chrome.exe</Data><Data Name='TokenElevationType'>%%1938</Data><Data Name='ProcessId'>0xad8</Data><Data Name='CommandLine'>"C:\Program Files\Google\Chrome\Application\chrome.exe" --type=renderer --no-pre-read-main-dll --video-capture-use-gpu-memory-buffer --lang=tr --device-scale-factor=1.25 --num-raster-threads=1 --renderer-client-id=283 --launch-time-ticks=18802740522 --metrics-shmem-handle=4392,i,6190005280793968903,13696898398879941741,2097152 --field-trial-handle=1988,i,3674548996822873552,10286303927750587424,262144 --variations-seed-version=20260912-030030.322000-production --pseudonymization-salt-handle=1992,i,9258126933325675637,8831500867107946832,4 --trace-process-track-uuid=3190709251494714761 --mojo-platform-channel-handle=4328 /prefetch:1</Data><Data Name='TargetUserSid'>S-1-0-0</Data><Data Name='TargetUserName'>-</Data><Data Name='TargetDomainName'>-</Data><Data Name='TargetLogonId'>0x0</Data><Data Name='ParentProcessName'>C:\Program Files\Google\Chrome\Application\chrome.exe</Data><Data Name='MandatoryLabel'>S-1-16-4096</Data></EventData></Event><Event xmlns='http://schemas.microsoft.com/win/2004/08/events/event'><System><Provider Name='Microsoft-Windows-Security-Auditing' Guid='{54849625-5478-4994-a5ba-3e3b0328c30d}'/><EventID>4688</EventID><Version>2</Version><Level>0</Level><Task>13312</Task><Opcode>0</Opcode><Keywords>0x8020000000000000</Keywords><TimeCreated SystemTime='2026-09-13T21:02:08.1636357Z'/><EventRecordID>211236</EventRecordID><Correlation/><Execution ProcessID='4' ThreadID='1676'/><Channel>Security</Channel><Computer>DESKTOP-FOEGBB0</Computer><Security/></System><EventData><Data Name='SubjectUserSid'>S-1-5-21-404346624-2769923240-1900471442-1000</Data><Data Name='SubjectUserName'>o-neo</Data><Data Name='SubjectDomainName'>DESKTOP-FOEGBB0</Data><Data Name='SubjectLogonId'>0x695d3</Data><Data Name='NewProcessId'>0x3374</Data><Data Name='NewProcessName'>C:\Users\o-neo\.cache\codex-runtimes\codex-primary-runtime\dependencies\native\powershell\pwsh.exe</Data><Data Name='TokenElevationType'>%%1938</Data><Data Name='ProcessId'>0x2d24</Data><Data Name='CommandLine'>"C:\Users\o-neo\.cache\codex-runtimes\codex-primary-runtime\dependencies\native\powershell\pwsh.exe" -Command "try { [Console]::OutputEncoding=[System.Text.Encoding]::UTF8 } catch {}
node -e \"const fs=require('fs'),p=require('path');const roots=['D:/Backups','D:/08 Arþivler','D:/01 Projeler','D:/03 Kurtarma ve Delil','D:/98 Ýncelenecekler','D:/99 Çöp Adaylarý'];const q=[...roots],a=[];while(q.length){const d=q.pop();let es;try{es=fs.readdirSync(d,{withFileTypes:true})}catch{continue}for(const e of es){const f=p.join(d,e.name);if(e.isSymbolicLink())continue;if(e.isDirectory()){if(!['node_modules','.git'].includes(e.name.toLowerCase()))q.push(f)}else if(e.isFile()&amp;&amp;/\.(zip|7z|rar|tar|tgz|gz)$/i.test(e.name)){try{a.push({path:f,bytes:fs.statSync(f).size})}catch{}}}}console.log(JSON.stringify({count:a.length,bytes:a.reduce((s,x)=&gt;s+x.bytes,0),archives:a},null,2))\""</Data><Data Name='TargetUserSid'>S-1-0-0</Data><Data Name='TargetUserName'>-</Data><Data Name='TargetDomainName'>-</Data><Data Name='TargetLogonId'>0x0</Data><Data Name='ParentProcessName'>C:\Users\o-neo\AppData\Local\OpenAI\Codex\bin\bffc5354119c8421\codex.exe</Data><Data Name='MandatoryLabel'>S-1-16-8192</Data></EventData></Event><Event xmlns='http://schemas.microsoft.com/win/2004/08/events/event'><System><Provider Name='Microsoft-Windows-Security-Auditing' Guid='{54849625-5478-4994-a5ba-3e3b0328c30d}'/><EventID>4688</EventID><Version>2</Version><Level>0</Level><Task>13312</Task><Opcode>0</Opcode><Keywords>0x8020000000000000</Keywords><TimeCreated SystemTime='2026-09-13T21:02:12.6795747Z'/><EventRecordID>211237</EventRecordID><Correlation/><Execution ProcessID='4' ThreadID='3676'/><Channel>Security</Channel><Computer>DESKTOP-FOEGBB0</Computer><Security/></System><EventData><Data Name='SubjectUserSid'>S-1-5-21-404346624-2769923240-1900471442-1000</Data><Data Name='SubjectUserName'>o-neo</Data><Data Name='SubjectDomainName'>DESKTOP-FOEGBB0</Data><Data Name='SubjectLogonId'>0x695d3</Data><Data Name='NewProcessId'>0x2ba0</Data><Data Name='NewProcessName'>C:\Program Files\Google\Chrome\Application\chrome.exe</Data><Data Name='TokenElevationType'>%%1938</Data><Data Name='ProcessId'>0xad8</Data><Data Name='CommandLine'>"C:\Program Files\Google\Chrome\Application\chrome.exe" --type=renderer --no-pre-read-main-dll --video-capture-use-gpu-memory-buffer --lang=tr --device-scale-factor=1.25 --num-raster-threads=1 --renderer-client-id=284 --launch-time-ticks=18820042578 --metrics-shmem-handle=7948,i,621824433169630938,4475032376081221920,2097152 --field-trial-handle=1988,i,3674548996822873552,10286303927750587424,262144 --variations-seed-version=20260912-030030.322000-production --pseudonymization-salt-handle=1992,i,9258126933325675637,8831500867107946832,4 --trace-process-track-uuid=3190709252431756610 --mojo-platform-channel-handle=4400 /prefetch:1</Data><Data Name='TargetUserSid'>S-1-0-0</Data><Data Name='TargetUserName'>-</Data><Data Name='TargetDomainName'>-</Data><Data Name='TargetLogonId'>0x0</Data><Data Name='ParentProcessName'>C:\Program Files\Google\Chrome\Application\chrome.exe</Data><Data Name='MandatoryLabel'>S-1-16-4096</Data></EventData></Event><Event xmlns='http://schemas.microsoft.com/win/2004/08/events/event'><System><Provider Name='Microsoft-Windows-Security-Auditing' Guid='{54849625-5478-4994-a5ba-3e3b0328c30d}'/><EventID>4688</EventID><Version>2</Version><Level>0</Level><Task>13312</Task><Opcode>0</Opcode><Keywords>0x8020000000000000</Keywords><TimeCreated SystemTime='2026-09-13T21:02:17.4250839Z'/><EventRecordID>211238</EventRecordID><Correlation/><Execution ProcessID='4' ThreadID='3676'/><Channel>Security</Channel><Computer>DESKTOP-FOEGBB0</Computer><Security/></System><EventData><Data Name='SubjectUserSid'>S-1-5-21-404346624-2769923240-1900471442-1000</Data><Data Name='SubjectUserName'>o-neo</Data><Data Name='SubjectDomainName'>DESKTOP-FOEGBB0</Data><Data Name='SubjectLogonId'>0x695d3</Data><Data Name='NewProcessId'>0x20f0</Data><Data Name='NewProcessName'>C:\Program Files\Google\Chrome\Application\chrome.exe</Data><Data Name='TokenElevationType'>%%1938</Data><Data Name='ProcessId'>0xad8</Data><Data Name='CommandLine'>"C:\Program Files\Google\Chrome\Application\chrome.exe" --type=renderer --no-pre-read-main-dll --video-capture-use-gpu-memory-buffer --lang=tr --device-scale-factor=1.25 --num-raster-threads=1 --renderer-client-id=286 --launch-time-ticks=18824779981 --metrics-shmem-handle=6356,i,11006315847116747043,13251692718104610146,2097152 --field-trial-handle=1988,i,3674548996822873552,10286303927750587424,262144 --variations-seed-version=20260912-030030.322000-production --pseudonymization-salt-handle=1992,i,9258126933325675637,8831500867107946832,4 --trace-process-track-uuid=3190709254305840308 --mojo-platform-channel-handle=6540 /prefetch:1</Data><Data Name='TargetUserSid'>S-1-0-0</Data><Data Name='TargetUserName'>-</Data><Data Name='TargetDomainName'>-</Data><Data Name='TargetLogonId'>0x0</Data><Data Name='ParentProcessName'>C:\Program Files\Google\Chrome\Application\chrome.exe</Data><Data Name='MandatoryLabel'>S-1-16-4096</Data></EventData></Event><Event xmlns='http://schemas.microsoft.com/win/2004/08/events/event'><System><Provider Name='Microsoft-Windows-Security-Auditing' Guid='{54849625-5478-4994-a5ba-3e3b0328c30d}'/><EventID>4688</EventID><Version>2</Version><Level>0</Level><Task>13312</Task><Opcode>0</Opcode><Keywords>0x8020000000000000</Keywords><TimeCreated SystemTime='2026-09-13T21:02:17.8955692Z'/><EventRecordID>211239</EventRecordID><Correlation/><Execution ProcessID='4' ThreadID='3676'/><Channel>Security</Channel><Computer>DESKTOP-FOEGBB0</Computer><Security/></System><EventData><Data Name='SubjectUserSid'>S-1-5-21-404346624-2769923240-1900471442-1000</Data><Data Name='SubjectUserName'>o-neo</Data><Data Name='SubjectDomainName'>DESKTOP-FOEGBB0</Data><Data Name='SubjectLogonId'>0x695d3</Data><Data Name='NewProcessId'>0x2594</Data><Data Name='NewProcessName'>C:\Program Files\Google\Chrome\Application\chrome.exe</Data><Data Name='TokenElevationType'>%%1938</Data><Data Name='ProcessId'>0xad8</Data><Data Name='CommandLine'>"C:\Program Files\Google\Chrome\Application\chrome.exe" --type=renderer --no-pre-read-main-dll --video-capture-use-gpu-memory-buffer --lang=tr --device-scale-factor=1.25 --num-raster-threads=1 --renderer-client-id=287 --launch-time-ticks=18825247943 --metrics-shmem-handle=1640,i,14699375246777750797,254499513519423383,2097152 --field-trial-handle=1988,i,3674548996822873552,10286303927750587424,262144 --variations-seed-version=20260912-030030.322000-production --pseudonymization-salt-handle=1992,i,9258126933325675637,8831500867107946832,4 --trace-process-track-uuid=3190709255242882157 --mojo-platform-channel-handle=8524 /prefetch:1</Data><Data Name='TargetUserSid'>S-1-0-0</Data><Data Name='TargetUserName'>-</Data><Data Name='TargetDomainName'>-</Data><Data Name='TargetLogonId'>0x0</Data><Data Name='ParentProcessName'>C:\Program Files\Google\Chrome\Application\chrome.exe</Data><Data Name='MandatoryLabel'>S-1-16-4096</Data></EventData></Event><Event xmlns='http://schemas.microsoft.com/win/2004/08/events/event'><System><Provider Name='Microsoft-Windows-Security-Auditing' Guid='{54849625-5478-4994-a5ba-3e3b0328c30d}'/><EventID>4688</EventID><Version>2</Version><Level>0</Level><Task>13312</Task><Opcode>0</Opcode><Keywords>0x8020000000000000</Keywords><TimeCreated SystemTime='2026-09-13T21:02:21.3783810Z'/><EventRecordID>211240</EventRecordID><Correlation/><Execution ProcessID='4' ThreadID='10056'/><Channel>Security</Channel><Computer>DESKTOP-FOEGBB0</Computer><Security/></System><EventData><Data Name='SubjectUserSid'>S-1-5-21-404346624-2769923240-1900471442-1000</Data><Data Name='SubjectUserName'>o-neo</Data><Data Name='SubjectDomainName'>DESKTOP-FOEGBB0</Data><Data Name='SubjectLogonId'>0x695d3</Data><Data Name='NewProcessId'>0x18c</Data><Data Name='NewProcessName'>C:\Program Files\Google\Chrome\Application\chrome.exe</Data><Data Name='TokenElevationType'>%%1938</Data><Data Name='ProcessId'>0xad8</Data><Data Name='CommandLine'>"C:\Program Files\Google\Chrome\Application\chrome.exe" --type=renderer --no-pre-read-main-dll --video-capture-use-gpu-memory-buffer --lang=tr --device-scale-factor=1.25 --num-raster-threads=1 --renderer-client-id=288 --launch-time-ticks=18828736519 --metrics-shmem-handle=8416,i,14638488474994273696,11225867257500220819,2097152 --field-trial-handle=1988,i,3674548996822873552,10286303927750587424,262144 --variations-seed-version=20260912-030030.322000-production --pseudonymization-salt-handle=1992,i,9258126933325675637,8831500867107946832,4 --trace-process-track-uuid=3190709256179924006 --mojo-platform-channel-handle=8516 /prefetch:1</Data><Data Name='TargetUserSid'>S-1-0-0</Data><Data Name='TargetUserName'>-</Data><Data Name='TargetDomainName'>-</Data><Data Name='TargetLogonId'>0x0</Data><Data Name='ParentProcessName'>C:\Program Files\Google\Chrome\Application\chrome.exe</Data><Data Name='MandatoryLabel'>S-1-16-4096</Data></EventData></Event><Event xmlns='http://schemas.microsoft.com/win/2004/08/events/event'><System><Provider Name='Microsoft-Windows-Security-Auditing' Guid='{54849625-5478-4994-a5ba-3e3b0328c30d}'/><EventID>4688</EventID><Version>2</Version><Level>0</Level><Task>13312</Task><Opcode>0</Opcode><Keywords>0x8020000000000000</Keywords><TimeCreated SystemTime='2026-09-13T21:02:22.9979355Z'/><EventRecordID>211241</EventRecordID><Correlation/><Execution ProcessID='4' ThreadID='11868'/><Channel>Security</Channel><Computer>DESKTOP-FOEGBB0</Computer><Security/></System><EventData><Data Name='SubjectUserSid'>S-1-5-21-404346624-2769923240-1900471442-1000</Data><Data Name='SubjectUserName'>o-neo</Data><Data Name='SubjectDomainName'>DESKTOP-FOEGBB0</Data><Data Name='SubjectLogonId'>0x695d3</Data><Data Name='NewProcessId'>0x26c8</Data><Data Name='NewProcessName'>C:\Program Files\Google\Chrome\Application\chrome.exe</Data><Data Name='TokenElevationType'>%%1938</Data><Data Name='ProcessId'>0xad8</Data><Data Name='CommandLine'>"C:\Program Files\Google\Chrome\Application\chrome.exe" --type=renderer --no-pre-read-main-dll --video-capture-use-gpu-memory-buffer --lang=tr --device-scale-factor=1.25 --num-raster-threads=1 --renderer-client-id=289 --launch-time-ticks=18830355460 --metrics-shmem-handle=8112,i,13759976506029432954,4852850568943648229,2097152 --field-trial-handle=1988,i,3674548996822873552,10286303927750587424,262144 --variations-seed-version=20260912-030030.322000-production --pseudonymization-salt-handle=1992,i,9258126933325675637,8831500867107946832,4 --trace-process-track-uuid=3190709257116965855 --mojo-platform-channel-handle=6608 /prefetch:1</Data><Data Name='TargetUserSid'>S-1-0-0</Data><Data Name='TargetUserName'>-</Data><Data Name='TargetDomainName'>-</Data><Data Name='TargetLogonId'>0x0</Data><Data Name='ParentProcessName'>C:\Program Files\Google\Chrome\Application\chrome.exe</Data><Data Name='MandatoryLabel'>S-1-16-4096</Data></EventData></Event><Event xmlns='http://schemas.microsoft.com/win/2004/08/events/event'><System><Provider Name='Microsoft-Windows-Security-Auditing' Guid='{54849625-5478-4994-a5ba-3e3b0328c30d}'/><EventID>4688</EventID><Version>2</Version><Level>0</Level><Task>13312</Task><Opcode>0</Opcode><Keywords>0x8020000000000000</Keywords><TimeCreated SystemTime='2026-09-13T21:02:27.7748424Z'/><EventRecordID>211242</EventRecordID><Correlation/><Execution ProcessID='4' ThreadID='10056'/><Channel>Security</Channel><Computer>DESKTOP-FOEGBB0</Computer><Security/></System><EventData><Data Name='SubjectUserSid'>S-1-5-21-404346624-2769923240-1900471442-1000</Data><Data Name='SubjectUserName'>o-neo</Data><Data Name='SubjectDomainName'>DESKTOP-FOEGBB0</Data><Data Name='SubjectLogonId'>0x695d3</Data><Data Name='NewProcessId'>0x2378</Data><Data Name='NewProcessName'>C:\Tools\Node\node-v24.21.0-win-x64\node.exe</Data><Data Name='TokenElevationType'>%%1938</Data><Data Name='ProcessId'>0x3374</Data><Data Name='CommandLine'>"C:\Tools\Node\node-v24.21.0-win-x64\node.exe" -e "const fs=require('fs'),p=require('path');const roots=['D:/Backups','D:/08 Arþivler','D:/01 Projeler','D:/03 Kurtarma ve Delil','D:/98 Ýncelenecekler','D:/99 Çöp Adaylarý'];const q=[...roots],a=[];while(q.length){const d=q.pop();let es;try{es=fs.readdirSync(d,{withFileTypes:true})}catch{continue}for(const e of es){const f=p.join(d,e.name);if(e.isSymbolicLink())continue;if(e.isDirectory()){if(!['node_modules','.git'].includes(e.name.toLowerCase()))q.push(f)}else if(e.isFile()&amp;&amp;/\.(zip|7z|rar|tar|tgz|gz)$/i.test(e.name)){try{a.push({path:f,bytes:fs.statSync(f).size})}catch{}}}}console.log(JSON.stringify({count:a.length,bytes:a.reduce((s,x)=&gt;s+x.bytes,0),archives:a},null,2))"</Data><Data Name='TargetUserSid'>S-1-0-0</Data><Data Name='TargetUserName'>-</Data><Data Name='TargetDomainName'>-</Data><Data Name='TargetLogonId'>0x0</Data><Data Name='ParentProcessName'>C:\Users\o-neo\.cache\codex-runtimes\codex-primary-runtime\dependencies\native\powershell\pwsh.exe</Data><Data Name='MandatoryLabel'>S-1-16-8192</Data></EventData></Event><Event xmlns='http://schemas.microsoft.com/win/2004/08/events/event'><System><Provider Name='Microsoft-Windows-Security-Auditing' Guid='{54849625-5478-4994-a5ba-3e3b0328c30d}'/><EventID>4688</EventID><Version>2</Version><Level>0</Level><Task>13312</Task><Opcode>0</Opcode><Keywords>0x8020000000000000</Keywords><TimeCreated SystemTime='2026-09-13T21:02:28.4563000Z'/><EventRecordID>211243</EventRecordID><Correlation/><Execution ProcessID='4' ThreadID='11868'/><Channel>Security</Channel><Computer>DESKTOP-FOEGBB0</Computer><Security/></System><EventData><Data Name='SubjectUserSid'>S-1-5-21-404346624-2769923240-1900471442-1000</Data><Data Name='SubjectUserName'>o-neo</Data><Data Name='SubjectDomainName'>DESKTOP-FOEGBB0</Data><Data Name='SubjectLogonId'>0x695d3</Data><Data Name='NewProcessId'>0x94</Data><Data Name='NewProcessName'>C:\Program Files\Google\Chrome\Application\chrome.exe</Data><Data Name='TokenElevationType'>%%1938</Data><Data Name='ProcessId'>0xad8</Data><Data Name='CommandLine'>"C:\Program Files\Google\Chrome\Application\chrome.exe" --type=renderer --no-pre-read-main-dll --video-capture-use-gpu-memory-buffer --lang=tr --device-scale-factor=1.25 --num-raster-threads=1 --renderer-client-id=290 --launch-time-ticks=18835819625 --metrics-shmem-handle=8456,i,474388285299454389,6683790377194400590,2097152 --field-trial-handle=1988,i,3674548996822873552,10286303927750587424,262144 --variations-seed-version=20260912-030030.322000-production --pseudonymization-salt-handle=1992,i,9258126933325675637,8831500867107946832,4 --trace-process-track-uuid=3190709258054007704 --mojo-platform-channel-handle=8696 /prefetch:1</Data><Data Name='TargetUserSid'>S-1-0-0</Data><Data Name='TargetUserName'>-</Data><Data Name='TargetDomainName'>-</Data><Data Name='TargetLogonId'>0x0</Data><Data Name='ParentProcessName'>C:\Program Files\Google\Chrome\Application\chrome.exe</Data><Data Name='MandatoryLabel'>S-1-16-4096</Data></EventData></Event><Event xmlns='http://schemas.microsoft.com/win/2004/08/events/event'><System><Provider Name='Microsoft-Windows-Security-Auditing' Guid='{54849625-5478-4994-a5ba-3e3b0328c30d}'/><EventID>4688</EventID><Version>2</Version><Level>0</Level><Task>13312</Task><Opcode>0</Opcode><Keywords>0x8020000000000000</Keywords><TimeCreated SystemTime='2026-09-13T21:04:44.3197485Z'/><EventRecordID>211250</EventRecordID><Correlation/><Execution ProcessID='4' ThreadID='9488'/><Channel>Security</Channel><Computer>DESKTOP-FOEGBB0</Computer><Security/></System><EventData><Data Name='SubjectUserSid'>S-1-5-21-404346624-2769923240-1900471442-1000</Data><Data Name='SubjectUserName'>o-neo</Data><Data Name='SubjectDomainName'>DESKTOP-FOEGBB0</Data><Data Name='SubjectLogonId'>0x695d3</Data><Data Name='NewProcessId'>0x1710</Data><Data Name='NewProcessName'>C:\Users\o-neo\.cache\codex-runtimes\codex-primary-runtime\dependencies\native\powershell\pwsh.exe</Data><Data Name='TokenElevationType'>%%1938</Data><Data Name='ProcessId'>0x2d24</Data><Data Name='CommandLine'>"C:\Users\o-neo\.cache\codex-runtimes\codex-primary-runtime\dependencies\native\powershell\pwsh.exe" -Command "try { [Console]::OutputEncoding=[System.Text.Encoding]::UTF8 } catch {}
Get-Process -Id 3344 -ErrorAction SilentlyContinue | Select-Object Id,CPU,WorkingSet64,StartTime | ConvertTo-Json"</Data><Data Name='TargetUserSid'>S-1-0-0</Data><Data Name='TargetUserName'>-</Data><Data Name='TargetDomainName'>-</Data><Data Name='TargetLogonId'>0x0</Data><Data Name='ParentProcessName'>C:\Users\o-neo\AppData\Local\OpenAI\Codex\bin\bffc5354119c8421\codex.exe</Data><Data Name='MandatoryLabel'>S-1-16-8192</Data></EventData></Event><Event xmlns='http://schemas.microsoft.com/win/2004/08/events/event'><System><Provider Name='Microsoft-Windows-Security-Auditing' Guid='{54849625-5478-4994-a5ba-3e3b0328c30d}'/><EventID>4688</EventID><Version>2</Version><Level>0</Level><Task>13312</Task><Opcode>0</Opcode><Keywords>0x8020000000000000</Keywords><TimeCreated SystemTime='2026-09-13T21:05:04.8713631Z'/><EventRecordID>211256</EventRecordID><Correlation/><Execution ProcessID='4' ThreadID='2848'/><Channel>Security</Channel><Computer>DESKTOP-FOEGBB0</Computer><Security/></System><EventData><Data Name='SubjectUserSid'>S-1-5-21-404346624-2769923240-1900471442-1000</Data><Data Name='SubjectUserName'>o-neo</Data><Data Name='SubjectDomainName'>DESKTOP-FOEGBB0</Data><Data Name='SubjectLogonId'>0x695d3</Data><Data Name='NewProcessId'>0x27a4</Data><Data Name='NewProcessName'>C:\Windows\System32\cmd.exe</Data><Data Name='TokenElevationType'>%%1938</Data><Data Name='ProcessId'>0x2d24</Data><Data Name='CommandLine'>cmd.exe /e:ON /v:OFF /d /c ""C:\Tools\Node\node-v24.21.0-win-x64\npx.cmd" -y firebase-tools@latest mcp --dir ."</Data><Data Name='TargetUserSid'>S-1-0-0</Data><Data Name='TargetUserName'>-</Data><Data Name='TargetDomainName'>-</Data><Data Name='TargetLogonId'>0x0</Data><Data Name='ParentProcessName'>C:\Users\o-neo\AppData\Local\OpenAI\Codex\bin\bffc5354119c8421\codex.exe</Data><Data Name='MandatoryLabel'>S-1-16-8192</Data></EventData></Event><Event xmlns='http://schemas.microsoft.com/win/2004/08/events/event'><System><Provider Name='Microsoft-Windows-Security-Auditing' Guid='{54849625-5478-4994-a5ba-3e3b0328c30d}'/><EventID>4688</EventID><Version>2</Version><Level>0</Level><Task>13312</Task><Opcode>0</Opcode><Keywords>0x8020000000000000</Keywords><TimeCreated SystemTime='2026-09-13T21:05:05.0754238Z'/><EventRecordID>211257</EventRecordID><Correlation/><Execution ProcessID='4' ThreadID='2848'/><Channel>Security</Channel><Computer>DESKTOP-FOEGBB0</Computer><Security/></System><EventData><Data Name='SubjectUserSid'>S-1-5-21-404346624-2769923240-1900471442-1000</Data><Data Name='SubjectUserName'>o-neo</Data><Data Name='SubjectDomainName'>DESKTOP-FOEGBB0</Data><Data Name='SubjectLogonId'>0x695d3</Data><Data Name='NewProcessId'>0xdf8</Data><Data Name='NewProcessName'>C:\Windows\System32\cmd.exe</Data><Data Name='TokenElevationType'>%%1938</Data><Data Name='ProcessId'>0x2d24</Data><Data Name='CommandLine'>cmd.exe /e:ON /v:OFF /d /c ""C:\Tools\Node\node-v24.21.0-win-x64\npx.cmd" -y firebase-tools@latest mcp --dir ."</Data><Data Name='TargetUserSid'>S-1-0-0</Data><Data Name='TargetUserName'>-</Data><Data Name='TargetDomainName'>-</Data><Data Name='TargetLogonId'>0x0</Data><Data Name='ParentProcessName'>C:\Users\o-neo\AppData\Local\OpenAI\Codex\bin\bffc5354119c8421\codex.exe</Data><Data Name='MandatoryLabel'>S-1-16-8192</Data></EventData></Event><Event xmlns='http://schemas.microsoft.com/win/2004/08/events/event'><System><Provider Name='Microsoft-Windows-Security-Auditing' Guid='{54849625-5478-4994-a5ba-3e3b0328c30d}'/><EventID>4688</EventID><Version>2</Version><Level>0</Level><Task>13312</Task><Opcode>0</Opcode><Keywords>0x8020000000000000</Keywords><TimeCreated SystemTime='2026-09-13T21:05:06.0163865Z'/><EventRecordID>211258</EventRecordID><Correlation/><Execution ProcessID='4' ThreadID='10056'/><Channel>Security</Channel><Computer>DESKTOP-FOEGBB0</Computer><Security/></System><EventData><Data Name='SubjectUserSid'>S-1-5-21-404346624-2769923240-1900471442-1000</Data><Data Name='SubjectUserName'>o-neo</Data><Data Name='SubjectDomainName'>DESKTOP-FOEGBB0</Data><Data Name='SubjectLogonId'>0x695d3</Data><Data Name='NewProcessId'>0x1808</Data><Data Name='NewProcessName'>C:\Windows\System32\cmd.exe</Data><Data Name='TokenElevationType'>%%1938</Data><Data Name='ProcessId'>0x27a4</Data><Data Name='CommandLine'>C:\WINDOWS\system32\cmd.exe /c CALL "C:\Tools\Node\node-v24.21.0-win-x64\\node.exe" "C:\Tools\Node\node-v24.21.0-win-x64\\node_modules\npm\bin\npm-prefix.js"</Data><Data Name='TargetUserSid'>S-1-0-0</Data><Data Name='TargetUserName'>-</Data><Data Name='TargetDomainName'>-</Data><Data Name='TargetLogonId'>0x0</Data><Data Name='ParentProcessName'>C:\Windows\System32\cmd.exe</Data><Data Name='MandatoryLabel'>S-1-16-8192</Data></EventData></Event><Event xmlns='http://schemas.microsoft.com/win/2004/08/events/event'><System><Provider Name='Microsoft-Windows-Security-Auditing' Guid='{54849625-5478-4994-a5ba-3e3b0328c30d}'/><EventID>4688</EventID><Version>2</Version><Level>0</Level><Task>13312</Task><Opcode>0</Opcode><Keywords>0x8020000000000000</Keywords><TimeCreated SystemTime='2026-09-13T21:05:06.0896722Z'/><EventRecordID>211259</EventRecordID><Correlation/><Execution ProcessID='4' ThreadID='10056'/><Channel>Security</Channel><Computer>DESKTOP-FOEGBB0</Computer><Security/></System><EventData><Data Name='SubjectUserSid'>S-1-5-21-404346624-2769923240-1900471442-1000</Data><Data Name='SubjectUserName'>o-neo</Data><Data Name='SubjectDomainName'>DESKTOP-FOEGBB0</Data><Data Name='SubjectLogonId'>0x695d3</Data><Data Name='NewProcessId'>0x28ec</Data><Data Name='NewProcessName'>C:\Windows\System32\cmd.exe</Data><Data Name='TokenElevationType'>%%1938</Data><Data Name='ProcessId'>0xdf8</Data><Data Name='CommandLine'>C:\WINDOWS\system32\cmd.exe /c CALL "C:\Tools\Node\node-v24.21.0-win-x64\\node.exe" "C:\Tools\Node\node-v24.21.0-win-x64\\node_modules\npm\bin\npm-prefix.js"</Data><Data Name='TargetUserSid'>S-1-0-0</Data><Data Name='TargetUserName'>-</Data><Data Name='TargetDomainName'>-</Data><Data Name='TargetLogonId'>0x0</Data><Data Name='ParentProcessName'>C:\Windows\System32\cmd.exe</Data><Data Name='MandatoryLabel'>S-1-16-8192</Data></EventData></Event><Event xmlns='http://schemas.microsoft.com/win/2004/08/events/event'><System><Provider Name='Microsoft-Windows-Security-Auditing' Guid='{54849625-5478-4994-a5ba-3e3b0328c30d}'/><EventID>4688</EventID><Version>2</Version><Level>0</Level><Task>13312</Task><Opcode>0</Opcode><Keywords>0x8020000000000000</Keywords><TimeCreated SystemTime='2026-09-13T21:05:06.9530813Z'/><EventRecordID>211260</EventRecordID><Correlation/><Execution ProcessID='4' ThreadID='9488'/><Channel>Security</Channel><Computer>DESKTOP-FOEGBB0</Computer><Security/></System><EventData><Data Name='SubjectUserSid'>S-1-5-21-404346624-2769923240-1900471442-1000</Data><Data Name='SubjectUserName'>o-neo</Data><Data Name='SubjectDomainName'>DESKTOP-FOEGBB0</Data><Data Name='SubjectLogonId'>0x695d3</Data><Data Name='NewProcessId'>0xc30</Data><Data Name='NewProcessName'>C:\Tools\Node\node-v24.21.0-win-x64\node.exe</Data><Data Name='TokenElevationType'>%%1938</Data><Data Name='ProcessId'>0x28ec</Data><Data Name='CommandLine'>"C:\Tools\Node\node-v24.21.0-win-x64\\node.exe"  "C:\Tools\Node\node-v24.21.0-win-x64\\node_modules\npm\bin\npm-prefix.js"</Data><Data Name='TargetUserSid'>S-1-0-0</Data><Data Name='TargetUserName'>-</Data><Data Name='TargetDomainName'>-</Data><Data Name='TargetLogonId'>0x0</Data><Data Name='ParentProcessName'>C:\Windows\System32\cmd.exe</Data><Data Name='MandatoryLabel'>S-1-16-8192</Data></EventData></Event><Event xmlns='http://schemas.microsoft.com/win/2004/08/events/event'><System><Provider Name='Microsoft-Windows-Security-Auditing' Guid='{54849625-5478-4994-a5ba-3e3b0328c30d}'/><EventID>4688</EventID><Version>2</Version><Level>0</Level><Task>13312</Task><Opcode>0</Opcode><Keywords>0x8020000000000000</Keywords><TimeCreated SystemTime='2026-09-13T21:05:06.9531003Z'/><EventRecordID>211261</EventRecordID><Correlation/><Execution ProcessID='4' ThreadID='9488'/><Channel>Security</Channel><Computer>DESKTOP-FOEGBB0</Computer><Security/></System><EventData><Data Name='SubjectUserSid'>S-1-5-21-404346624-2769923240-1900471442-1000</Data><Data Name='SubjectUserName'>o-neo</Data><Data Name='SubjectDomainName'>DESKTOP-FOEGBB0</Data><Data Name='SubjectLogonId'>0x695d3</Data><Data Name='NewProcessId'>0x250c</Data><Data Name='NewProcessName'>C:\Tools\Node\node-v24.21.0-win-x64\node.exe</Data><Data Name='TokenElevationType'>%%1938</Data><Data Name='ProcessId'>0x1808</Data><Data Name='CommandLine'>"C:\Tools\Node\node-v24.21.0-win-x64\\node.exe"  "C:\Tools\Node\node-v24.21.0-win-x64\\node_modules\npm\bin\npm-prefix.js"</Data><Data Name='TargetUserSid'>S-1-0-0</Data><Data Name='TargetUserName'>-</Data><Data Name='TargetDomainName'>-</Data><Data Name='TargetLogonId'>0x0</Data><Data Name='ParentProcessName'>C:\Windows\System32\cmd.exe</Data><Data Name='MandatoryLabel'>S-1-16-8192</Data></EventData></Event><Event xmlns='http://schemas.microsoft.com/win/2004/08/events/event'><System><Provider Name='Microsoft-Windows-Security-Auditing' Guid='{54849625-5478-4994-a5ba-3e3b0328c30d}'/><EventID>4688</EventID><Version>2</Version><Level>0</Level><Task>13312</Task><Opcode>0</Opcode><Keywords>0x8020000000000000</Keywords><TimeCreated SystemTime='2026-09-13T21:05:18.4799615Z'/><EventRecordID>211266</EventRecordID><Correlation/><Execution ProcessID='4' ThreadID='2308'/><Channel>Security</Channel><Computer>DESKTOP-FOEGBB0</Computer><Security/></System><EventData><Data Name='SubjectUserSid'>S-1-5-21-404346624-2769923240-1900471442-1000</Data><Data Name='SubjectUserName'>o-neo</Data><Data Name='SubjectDomainName'>DESKTOP-FOEGBB0</Data><Data Name='SubjectLogonId'>0x695d3</Data><Data Name='NewProcessId'>0x1e4c</Data><Data Name='NewProcessName'>C:\Tools\Node\node-v24.21.0-win-x64\node.exe</Data><Data Name='TokenElevationType'>%%1938</Data><Data Name='ProcessId'>0x27a4</Data><Data Name='CommandLine'>"C:\Tools\Node\node-v24.21.0-win-x64\\node.exe"  "C:\Tools\Node\node-v24.21.0-win-x64\node_modules\npm\bin\npx-cli.js" -y firebase-tools@latest mcp --dir .</Data><Data Name='TargetUserSid'>S-1-0-0</Data><Data Name='TargetUserName'>-</Data><Data Name='TargetDomainName'>-</Data><Data Name='TargetLogonId'>0x0</Data><Data Name='ParentProcessName'>C:\Windows\System32\cmd.exe</Data><Data Name='MandatoryLabel'>S-1-16-8192</Data></EventData></Event><Event xmlns='http://schemas.microsoft.com/win/2004/08/events/event'><System><Provider Name='Microsoft-Windows-Security-Auditing' Guid='{54849625-5478-4994-a5ba-3e3b0328c30d}'/><EventID>4688</EventID><Version>2</Version><Level>0</Level><Task>13312</Task><Opcode>0</Opcode><Keywords>0x8020000000000000</Keywords><TimeCreated SystemTime='2026-09-13T21:05:20.3752422Z'/><EventRecordID>211267</EventRecordID><Correlation/><Execution ProcessID='4' ThreadID='10056'/><Channel>Security</Channel><Computer>DESKTOP-FOEGBB0</Computer><Security/></System><EventData><Data Name='SubjectUserSid'>S-1-5-21-404346624-2769923240-1900471442-1000</Data><Data Name='SubjectUserName'>o-neo</Data><Data Name='SubjectDomainName'>DESKTOP-FOEGBB0</Data><Data Name='SubjectLogonId'>0x695d3</Data><Data Name='NewProcessId'>0x2580</Data><Data Name='NewProcessName'>C:\Tools\Node\node-v24.21.0-win-x64\node.exe</Data><Data Name='TokenElevationType'>%%1938</Data><Data Name='ProcessId'>0xdf8</Data><Data Name='CommandLine'>"C:\Tools\Node\node-v24.21.0-win-x64\\node.exe"  "C:\Tools\Node\node-v24.21.0-win-x64\node_modules\npm\bin\npx-cli.js" -y firebase-tools@latest mcp --dir .</Data><Data Name='TargetUserSid'>S-1-0-0</Data><Data Name='TargetUserName'>-</Data><Data Name='TargetDomainName'>-</Data><Data Name='TargetLogonId'>0x0</Data><Data Name='ParentProcessName'>C:\Windows\System32\cmd.exe</Data><Data Name='MandatoryLabel'>S-1-16-8192</Data></EventData></Event>