<Event xmlns='http://schemas.microsoft.com/win/2004/08/events/event'><System><Provider Name='Microsoft-Windows-Security-Auditing' Guid='{54849625-5478-4994-a5ba-3e3b0328c30d}'/><EventID>4688</EventID><Version>2</Version><Level>0</Level><Task>13312</Task><Opcode>0</Opcode><Keywords>0x8020000000000000</Keywords><TimeCreated SystemTime='2026-09-13T21:20:13.6573849Z'/><EventRecordID>212085</EventRecordID><Correlation/><Execution ProcessID='4' ThreadID='3676'/><Channel>Security</Channel><Computer>DESKTOP-FOEGBB0</Computer><Security/></System><EventData><Data Name='SubjectUserSid'>S-1-5-21-404346624-2769923240-1900471442-1003</Data><Data Name='SubjectUserName'>CodexSandboxOffline</Data><Data Name='SubjectDomainName'>DESKTOP-FOEGBB0</Data><Data Name='SubjectLogonId'>0x36a0689</Data><Data Name='NewProcessId'>0x3168</Data><Data Name='NewProcessName'>C:\Windows\System32\conhost.exe</Data><Data Name='TokenElevationType'>%%1936</Data><Data Name='ProcessId'>0x2c54</Data><Data Name='CommandLine'>\??\C:\WINDOWS\system32\conhost.exe 0xffffffff -ForceV1</Data><Data Name='TargetUserSid'>S-1-0-0</Data><Data Name='TargetUserName'>-</Data><Data Name='TargetDomainName'>-</Data><Data Name='TargetLogonId'>0x0</Data><Data Name='ParentProcessName'>C:\Users\o-neo\.cache\codex-runtimes\codex-primary-runtime\dependencies\native\powershell\pwsh.exe</Data><Data Name='MandatoryLabel'>S-1-16-8192</Data></EventData></Event><Event xmlns='http://schemas.microsoft.com/win/2004/08/events/event'><System><Provider Name='Microsoft-Windows-Security-Auditing' Guid='{54849625-5478-4994-a5ba-3e3b0328c30d}'/><EventID>4688</EventID><Version>2</Version><Level>0</Level><Task>13312</Task><Opcode>0</Opcode><Keywords>0x8020000000000000</Keywords><TimeCreated SystemTime='2026-09-13T21:20:26.9011230Z'/><EventRecordID>212091</EventRecordID><Correlation/><Execution ProcessID='4' ThreadID='2308'/><Channel>Security</Channel><Computer>DESKTOP-FOEGBB0</Computer><Security/></System><EventData><Data Name='SubjectUserSid'>S-1-5-18</Data><Data Name='SubjectUserName'>DESKTOP-FOEGBB0$</Data><Data Name='SubjectDomainName'>WORKGROUP</Data><Data Name='SubjectLogonId'>0x3e7</Data><Data Name='NewProcessId'>0xe18</Data><Data Name='NewProcessName'>C:\Windows\UUS\amd64\MoUsoCoreWorker.exe</Data><Data Name='TokenElevationType'>%%1936</Data><Data Name='ProcessId'>0x21bc</Data><Data Name='CommandLine'>"C:\WINDOWS\uus\AMD64\MoUsoCoreWorker.exe" useprivatenamespaces</Data><Data Name='TargetUserSid'>S-1-0-0</Data><Data Name='TargetUserName'>-</Data><Data Name='TargetDomainName'>-</Data><Data Name='TargetLogonId'>0x0</Data><Data Name='ParentProcessName'>C:\Windows\System32\svchost.exe</Data><Data Name='MandatoryLabel'>S-1-16-16384</Data></EventData></Event><Event xmlns='http://schemas.microsoft.com/win/2004/08/events/event'><System><Provider Name='Microsoft-Windows-Security-Auditing' Guid='{54849625-5478-4994-a5ba-3e3b0328c30d}'/><EventID>4688</EventID><Version>2</Version><Level>0</Level><Task>13312</Task><Opcode>0</Opcode><Keywords>0x8020000000000000</Keywords><TimeCreated SystemTime='2026-09-13T21:20:38.0042843Z'/><EventRecordID>212094</EventRecordID><Correlation/><Execution ProcessID='4' ThreadID='10056'/><Channel>Security</Channel><Computer>DESKTOP-FOEGBB0</Computer><Security/></System><EventData><Data Name='SubjectUserSid'>S-1-5-21-404346624-2769923240-1900471442-1000</Data><Data Name='SubjectUserName'>o-neo</Data><Data Name='SubjectDomainName'>DESKTOP-FOEGBB0</Data><Data Name='SubjectLogonId'>0x695d3</Data><Data Name='NewProcessId'>0x332c</Data><Data Name='NewProcessName'>C:\Users\o-neo\AppData\Local\OpenAI\Codex\bin\bffc5354119c8421\codex-windows-sandbox-setup.exe</Data><Data Name='TokenElevationType'>%%1938</Data><Data Name='ProcessId'>0x2d24</Data><Data Name='CommandLine'>"C:\Users\o-neo\AppData\Local\OpenAI\Codex\bin\bffc5354119c8421\codex-windows-sandbox-setup.exe" eyJ2ZXJzaW9uIjo1LCJvZmZsaW5lX3VzZXJuYW1lIjoiQ29kZXhTYW5kYm94T2ZmbGluZSIsIm9ubGluZV91c2VybmFtZSI6IkNvZGV4U2FuZGJveE9ubGluZSIsImNvZGV4X2hvbWUiOiJDOlxcVXNlcnNcXG8tbmVvXFwuY29kZXgiLCJjb21tYW5kX2N3ZCI6IkM6XFxVc2Vyc1xcby1uZW9cXERvY3VtZW50c1xcVmlwLUdlY2UtV2ViLUdlbGlzdGlybWUiLCJyZWFkX3Jvb3RzIjpbIkM6XFxQcm9ncmFtIEZpbGVzIiwiQzpcXFByb2dyYW0gRmlsZXMgKHg4NikiLCJDOlxcUHJvZ3JhbURhdGEiLCJDOlxcVXNlcnNcXG8tbmVvXFwuYW5kcm9pZCIsIkM6XFxVc2Vyc1xcby1uZW9cXC5hbmRyb2lkLnppcCIsIkM6XFxVc2Vyc1xcby1uZW9cXC5jYWNoZSIsIkM6XFxVc2Vyc1xcby1uZW9cXC5jYWNoZS56aXAiLCJDOlxcVXNlcnNcXG8tbmVvXFwuY29kZXgiLCJDOlxcVXNlcnNcXG8tbmVvXFwuY29kZXguemlwIiwiQzpcXFVzZXJzXFxvLW5lb1xcLmNvZGV4XFwuc2FuZGJveC1iaW4iLCJDOlxcVXNlcnNcXG8tbmVvXFwuY29uZmlnLnppcCIsIkM6XFxVc2Vyc1xcby1uZW9cXC5kb3RuZXQiLCJDOlxcVXNlcnNcXG8tbmVvXFwuZG90bmV0LnppcCIsIkM6XFxVc2Vyc1xcby1uZW9cXC5sb2NhbCIsIkM6XFxVc2Vyc1xcby1uZW9cXC5sb2NhbC56aXAiLCJDOlxcVXNlcnNcXG8tbmVvXFwubnVnZXQiLCJDOlxcVXNlcnNcXG8tbmVvXFwubnVnZXQuemlwIiwiQzpcXFVzZXJzXFxvLW5lb1xcLnRlbXBsYXRlZW5naW5lIiwiQzpcXFVzZXJzXFxvLW5lb1xcLnRlbXBsYXRlZW5naW5lLnppcCIsIkM6XFxVc2Vyc1xcby1uZW9cXEFwcERhdGEiLCJDOlxcVXNlcnNcXG8tbmVvXFxBcHBEYXRhLnppcCIsIkM6XFxVc2Vyc1xcby1uZW9cXEFwcERhdGFcXExvY2FsIiwiQzpcXFVzZXJzXFxvLW5lb1xcQXBwRGF0YVxcTG9jYWxcXE1pY3Jvc29mdFxcV2luZG93c1xcSU5ldENvb2tpZXMiLCJDOlxcVXNlcnNcXG8tbmVvXFxBcHBEYXRhXFxSb2FtaW5nIiwiQzpcXFVzZXJzXFxvLW5lb1xcQXBwRGF0YVxcUm9hbWluZ1xcTWljcm9zb2Z0XFxXaW5kb3dzXFxOZXR3b3JrIFNob3J0Y3V0cyIsIkM6XFxVc2Vyc1xcby1uZW9cXEFwcERhdGFcXFJvYW1pbmdcXE1pY3Jvc29mdFxcV2luZG93c1xcUHJpbnRlciBTaG9ydGN1dHMiLCJDOlxcVXNlcnNcXG8tbmVvXFxBcHBEYXRhXFxSb2FtaW5nXFxNaWNyb3NvZnRcXFdpbmRvd3NcXFJlY2VudCIsIkM6XFxVc2Vyc1xcby1uZW9cXEFwcERhdGFcXFJvYW1pbmdcXE1pY3Jvc29mdFxcV2luZG93c1xcU2VuZFRvIiwiQzpcXFVzZXJzXFxvLW5lb1xcQXBwRGF0YVxcUm9hbWluZ1xcTWljcm9zb2Z0XFxXaW5kb3dzXFxTdGFydCBNZW51IiwiQzpcXFVzZXJzXFxvLW5lb1xcQXBwRGF0YVxcUm9hbWluZ1xcTWljcm9zb2Z0XFxXaW5kb3dzXFxUZW1wbGF0ZXMiLCJDOlxcVXNlcnNcXG8tbmVvXFxDb250YWN0cyIsIkM6XFxVc2Vyc1xcby1uZW9cXERlc2t0b3AiLCJDOlxcVXNlcnNcXG8tbmVvXFxEb2N1bWVudHMiLCJDOlxcVXNlcnNcXG8tbmVvXFxEb3dubG9hZHMiLCJDOlxcVXNlcnNcXG8tbmVvXFxGYXZvcml0ZXMiLCJDOlxcVXNlcnNcXG8tbmVvXFxpQ2xvdWREcml2ZSIsIkM6XFxVc2Vyc1xcby1uZW9cXEludGVsR3JhcGhpY3NQcm9maWxlcyIsIkM6XFxVc2Vyc1xcby1uZW9cXExpbmtzIiwiQzpcXFVzZXJzXFxvLW5lb1xcTXVzaWMiLCJDOlxcVXNlcnNcXG8tbmVvXFxOVFVTRVIuREFUIiwiQzpcXFVzZXJzXFxvLW5lb1xcbnR1c2VyLmRhdC5MT0cxIiwiQzpcXFVzZXJzXFxvLW5lb1xcbnR1c2VyLmRhdC5MT0cyIiwiQzpcXFVzZXJzXFxvLW5lb1xcTlRVU0VSLkRBVHs3ZDFiZmNjMi1hYTFiLTExZjEtYjdkMS04MDlkNjVhMWY2Mjd9LlR4Ui4wLnJlZ3RyYW5zLW1zIiwiQzpcXFVzZXJzXFxvLW5lb1xcTlRVU0VSLkRBVHs3ZDFiZmNjMi1hYTFiLTExZjEtYjdkMS04MDlkNjVhMWY2Mjd9LlR4Ui4xLnJlZ3RyYW5zLW1zIiwiQzpcXFVzZXJzXFxvLW5lb1xcTlRVU0VSLkRBVHs3ZDFiZmNjMi1hYTFiLTExZjEtYjdkMS04MDlkNjVhMWY2Mjd9LlR4Ui4yLnJlZ3RyYW5zLW1zIiwiQzpcXFVzZXJzXFxvLW5lb1xcTlRVU0VSLkRBVHs3ZDFiZmNjMi1hYTFiLTExZjEtYjdkMS04MDlkNjVhMWY2Mjd9LlR4Ui5ibGYiLCJDOlxcVXNlcnNcXG8tbmVvXFxOVFVTRVIuREFUezdkMWJmY2MzLWFhMWItMTFmMS1iN2QxLTgwOWQ2NWExZjYyN30uVE0uYmxmIiwiQzpcXFVzZXJzXFxvLW5lb1xcTlRVU0VSLkRBVHs3ZDFiZmNjMy1hYTFiLTExZjEtYjdkMS04MDlkNjVhMWY2Mjd9LlRNLmJsZi5jbnBmIiwiQzpcXFVzZXJzXFxvLW5lb1xcTlRVU0VSLkRBVHs3ZDFiZmNjMy1hYTFiLTExZjEtYjdkMS04MDlkNjVhMWY2Mjd9LlRNQ29udGFpbmVyMDAwMDAwMDAwMDAwMDAwMDAwMDEucmVndHJhbnMtbXMiLCJDOlxcVXNlcnNcXG8tbmVvXFxOVFVTRVIuREFUezdkMWJmY2MzLWFhMWItMTFmMS1iN2QxLTgwOWQ2NWExZjYyN30uVE1Db250YWluZXIwMDAwMDAwMDAwMDAwMDAwMDAwMS5yZWd0cmFucy1tcy5jbnBmIiwiQzpcXFVzZXJzXFxvLW5lb1xcTlRVU0VSLkRBVHs3ZDFiZmNjMy1hYTFiLTExZjEtYjdkMS04MDlkNjVhMWY2Mjd9LlRNQ29udGFpbmVyMDAwMDAwMDAwMDAwMDAwMDAwMDIucmVndHJhbnMtbXMiLCJDOlxcVXNlcnNcXG8tbmVvXFxOVFVTRVIuREFUezdkMWJmY2MzLWFhMWItMTFmMS1iN2QxLTgwOWQ2NWExZjYyN30uVE1Db250YWluZXIwMDAwMDAwMDAwMDAwMDAwMDAwMi5yZWd0cmFucy1tcy5jbnBmIiwiQzpcXFVzZXJzXFxvLW5lb1xcbnR1c2VyLmluaSIsIkM6XFxVc2Vyc1xcby1uZW9cXE9uZURyaXZlIiwiQzpcXFVzZXJzXFxvLW5lb1xcUGljdHVyZXMiLCJDOlxcVXNlcnNcXG8tbmVvXFxTYW1zdW5nIiwiQzpcXFVzZXJzXFxvLW5lb1xcU2F2ZWQgR2FtZXMiLCJDOlxcVXNlcnNcXG8tbmVvXFxTZWFyY2hlcyIsIkM6XFxVc2Vyc1xcby1uZW9cXFZpZGVvcyIsIkM6XFxXaW5kb3dzIl0sIndyaXRlX3Jvb3RzIjpbIkM6XFxVc2Vyc1xcby1uZW9cXC5jb2RleFxcdmlzdWFsaXphdGlvbnNcXDIwMjZcXDA5XFwxM1xcMDFhMDljYTAtM2E5NS03NDgyLTkwODMtYjcxNjA4ZjhlYzFiIiwiQzpcXFVzZXJzXFxvLW5lb1xcQXBwRGF0YVxcTG9jYWxcXFRlbXAiLCJDOlxcVXNlcnNcXG8tbmVvXFxEb2N1bWVudHNcXFZpcC1HZWNlLVdlYi1HZWxpc3Rpcm1lIl0sImRlbnlfcmVhZF9wYXRocyI6W10sImRlbnlfd3JpdGVfcGF0aHMiOlsiQzpcXFVzZXJzXFxvLW5lb1xcRG9jdW1lbnRzXFxWaXAtR2VjZS1XZWItR2VsaXN0aXJtZVxcLmdpdCIsIkM6XFxVc2Vyc1xcby1uZW9cXERvY3VtZW50c1xcVmlwLUdlY2UtV2ViLUdlbGlzdGlybWVcXC5naXQiXSwicHJveHlfcG9ydHMiOltdLCJhbGxvd19sb2NhbF9iaW5kaW5nIjpmYWxzZSwib3RlbCI6bnVsbCwicmVhbF91c2VyIjoiby1uZW8iLCJtb2RlIjoiZnVsbCIsInJlZnJlc2hfb25seSI6dHJ1ZX0=</Data><Data Name='TargetUserSid'>S-1-0-0</Data><Data Name='TargetUserName'>-</Data><Data Name='TargetDomainName'>-</Data><Data Name='TargetLogonId'>0x0</Data><Data Name='ParentProcessName'>C:\Users\o-neo\AppData\Local\OpenAI\Codex\bin\bffc5354119c8421\codex.exe</Data><Data Name='MandatoryLabel'>S-1-16-8192</Data></EventData></Event><Event xmlns='http://schemas.microsoft.com/win/2004/08/events/event'><System><Provider Name='Microsoft-Windows-Security-Auditing' Guid='{54849625-5478-4994-a5ba-3e3b0328c30d}'/><EventID>4688</EventID><Version>2</Version><Level>0</Level><Task>13312</Task><Opcode>0</Opcode><Keywords>0x8020000000000000</Keywords><TimeCreated SystemTime='2026-09-13T21:20:39.4042540Z'/><EventRecordID>212095</EventRecordID><Correlation/><Execution ProcessID='4' ThreadID='1676'/><Channel>Security</Channel><Computer>DESKTOP-FOEGBB0</Computer><Security/></System><EventData><Data Name='SubjectUserSid'>S-1-5-21-404346624-2769923240-1900471442-1000</Data><Data Name='SubjectUserName'>o-neo</Data><Data Name='SubjectDomainName'>DESKTOP-FOEGBB0</Data><Data Name='SubjectLogonId'>0x695d3</Data><Data Name='NewProcessId'>0x564</Data><Data Name='NewProcessName'>C:\Users\o-neo\AppData\Local\OpenAI\Codex\bin\bffc5354119c8421\codex-windows-sandbox-setup.exe</Data><Data Name='TokenElevationType'>%%1938</Data><Data Name='ProcessId'>0x332c</Data><Data Name='CommandLine'>"C:\Users\o-neo\AppData\Local\OpenAI\Codex\bin\bffc5354119c8421\codex-windows-sandbox-setup.exe" eyJ2ZXJzaW9uIjo1LCJvZmZsaW5lX3VzZXJuYW1lIjoiQ29kZXhTYW5kYm94T2ZmbGluZSIsIm9ubGluZV91c2VybmFtZSI6IkNvZGV4U2FuZGJveE9ubGluZSIsImNvZGV4X2hvbWUiOiJDOlxcVXNlcnNcXG8tbmVvXFwuY29kZXgiLCJjb21tYW5kX2N3ZCI6IkM6XFxVc2Vyc1xcby1uZW9cXERvY3VtZW50c1xcVmlwLUdlY2UtV2ViLUdlbGlzdGlybWUiLCJyZWFkX3Jvb3RzIjpbIkM6XFxQcm9ncmFtIEZpbGVzIiwiQzpcXFByb2dyYW0gRmlsZXMgKHg4NikiLCJDOlxcUHJvZ3JhbURhdGEiLCJDOlxcVXNlcnNcXG8tbmVvXFwuYW5kcm9pZCIsIkM6XFxVc2Vyc1xcby1uZW9cXC5hbmRyb2lkLnppcCIsIkM6XFxVc2Vyc1xcby1uZW9cXC5jYWNoZSIsIkM6XFxVc2Vyc1xcby1uZW9cXC5jYWNoZS56aXAiLCJDOlxcVXNlcnNcXG8tbmVvXFwuY29kZXgiLCJDOlxcVXNlcnNcXG8tbmVvXFwuY29kZXguemlwIiwiQzpcXFVzZXJzXFxvLW5lb1xcLmNvZGV4XFwuc2FuZGJveC1iaW4iLCJDOlxcVXNlcnNcXG8tbmVvXFwuY29uZmlnLnppcCIsIkM6XFxVc2Vyc1xcby1uZW9cXC5kb3RuZXQiLCJDOlxcVXNlcnNcXG8tbmVvXFwuZG90bmV0LnppcCIsIkM6XFxVc2Vyc1xcby1uZW9cXC5sb2NhbCIsIkM6XFxVc2Vyc1xcby1uZW9cXC5sb2NhbC56aXAiLCJDOlxcVXNlcnNcXG8tbmVvXFwubnVnZXQiLCJDOlxcVXNlcnNcXG8tbmVvXFwubnVnZXQuemlwIiwiQzpcXFVzZXJzXFxvLW5lb1xcLnRlbXBsYXRlZW5naW5lIiwiQzpcXFVzZXJzXFxvLW5lb1xcLnRlbXBsYXRlZW5naW5lLnppcCIsIkM6XFxVc2Vyc1xcby1uZW9cXEFwcERhdGEiLCJDOlxcVXNlcnNcXG8tbmVvXFxBcHBEYXRhLnppcCIsIkM6XFxVc2Vyc1xcby1uZW9cXEFwcERhdGFcXExvY2FsIiwiQzpcXFVzZXJzXFxvLW5lb1xcQXBwRGF0YVxcTG9jYWxcXE1pY3Jvc29mdFxcV2luZG93c1xcSU5ldENvb2tpZXMiLCJDOlxcVXNlcnNcXG8tbmVvXFxBcHBEYXRhXFxSb2FtaW5nIiwiQzpcXFVzZXJzXFxvLW5lb1xcQXBwRGF0YVxcUm9hbWluZ1xcTWljcm9zb2Z0XFxXaW5kb3dzXFxOZXR3b3JrIFNob3J0Y3V0cyIsIkM6XFxVc2Vyc1xcby1uZW9cXEFwcERhdGFcXFJvYW1pbmdcXE1pY3Jvc29mdFxcV2luZG93c1xcUHJpbnRlciBTaG9ydGN1dHMiLCJDOlxcVXNlcnNcXG8tbmVvXFxBcHBEYXRhXFxSb2FtaW5nXFxNaWNyb3NvZnRcXFdpbmRvd3NcXFJlY2VudCIsIkM6XFxVc2Vyc1xcby1uZW9cXEFwcERhdGFcXFJvYW1pbmdcXE1pY3Jvc29mdFxcV2luZG93c1xcU2VuZFRvIiwiQzpcXFVzZXJzXFxvLW5lb1xcQXBwRGF0YVxcUm9hbWluZ1xcTWljcm9zb2Z0XFxXaW5kb3dzXFxTdGFydCBNZW51IiwiQzpcXFVzZXJzXFxvLW5lb1xcQXBwRGF0YVxcUm9hbWluZ1xcTWljcm9zb2Z0XFxXaW5kb3dzXFxUZW1wbGF0ZXMiLCJDOlxcVXNlcnNcXG8tbmVvXFxDb250YWN0cyIsIkM6XFxVc2Vyc1xcby1uZW9cXERlc2t0b3AiLCJDOlxcVXNlcnNcXG8tbmVvXFxEb2N1bWVudHMiLCJDOlxcVXNlcnNcXG8tbmVvXFxEb3dubG9hZHMiLCJDOlxcVXNlcnNcXG8tbmVvXFxGYXZvcml0ZXMiLCJDOlxcVXNlcnNcXG8tbmVvXFxpQ2xvdWREcml2ZSIsIkM6XFxVc2Vyc1xcby1uZW9cXEludGVsR3JhcGhpY3NQcm9maWxlcyIsIkM6XFxVc2Vyc1xcby1uZW9cXExpbmtzIiwiQzpcXFVzZXJzXFxvLW5lb1xcTXVzaWMiLCJDOlxcVXNlcnNcXG8tbmVvXFxOVFVTRVIuREFUIiwiQzpcXFVzZXJzXFxvLW5lb1xcbnR1c2VyLmRhdC5MT0cxIiwiQzpcXFVzZXJzXFxvLW5lb1xcbnR1c2VyLmRhdC5MT0cyIiwiQzpcXFVzZXJzXFxvLW5lb1xcTlRVU0VSLkRBVHs3ZDFiZmNjMi1hYTFiLTExZjEtYjdkMS04MDlkNjVhMWY2Mjd9LlR4Ui4wLnJlZ3RyYW5zLW1zIiwiQzpcXFVzZXJzXFxvLW5lb1xcTlRVU0VSLkRBVHs3ZDFiZmNjMi1hYTFiLTExZjEtYjdkMS04MDlkNjVhMWY2Mjd9LlR4Ui4xLnJlZ3RyYW5zLW1zIiwiQzpcXFVzZXJzXFxvLW5lb1xcTlRVU0VSLkRBVHs3ZDFiZmNjMi1hYTFiLTExZjEtYjdkMS04MDlkNjVhMWY2Mjd9LlR4Ui4yLnJlZ3RyYW5zLW1zIiwiQzpcXFVzZXJzXFxvLW5lb1xcTlRVU0VSLkRBVHs3ZDFiZmNjMi1hYTFiLTExZjEtYjdkMS04MDlkNjVhMWY2Mjd9LlR4Ui5ibGYiLCJDOlxcVXNlcnNcXG8tbmVvXFxOVFVTRVIuREFUezdkMWJmY2MzLWFhMWItMTFmMS1iN2QxLTgwOWQ2NWExZjYyN30uVE0uYmxmIiwiQzpcXFVzZXJzXFxvLW5lb1xcTlRVU0VSLkRBVHs3ZDFiZmNjMy1hYTFiLTExZjEtYjdkMS04MDlkNjVhMWY2Mjd9LlRNLmJsZi5jbnBmIiwiQzpcXFVzZXJzXFxvLW5lb1xcTlRVU0VSLkRBVHs3ZDFiZmNjMy1hYTFiLTExZjEtYjdkMS04MDlkNjVhMWY2Mjd9LlRNQ29udGFpbmVyMDAwMDAwMDAwMDAwMDAwMDAwMDEucmVndHJhbnMtbXMiLCJDOlxcVXNlcnNcXG8tbmVvXFxOVFVTRVIuREFUezdkMWJmY2MzLWFhMWItMTFmMS1iN2QxLTgwOWQ2NWExZjYyN30uVE1Db250YWluZXIwMDAwMDAwMDAwMDAwMDAwMDAwMS5yZWd0cmFucy1tcy5jbnBmIiwiQzpcXFVzZXJzXFxvLW5lb1xcTlRVU0VSLkRBVHs3ZDFiZmNjMy1hYTFiLTExZjEtYjdkMS04MDlkNjVhMWY2Mjd9LlRNQ29udGFpbmVyMDAwMDAwMDAwMDAwMDAwMDAwMDIucmVndHJhbnMtbXMiLCJDOlxcVXNlcnNcXG8tbmVvXFxOVFVTRVIuREFUezdkMWJmY2MzLWFhMWItMTFmMS1iN2QxLTgwOWQ2NWExZjYyN30uVE1Db250YWluZXIwMDAwMDAwMDAwMDAwMDAwMDAwMi5yZWd0cmFucy1tcy5jbnBmIiwiQzpcXFVzZXJzXFxvLW5lb1xcbnR1c2VyLmluaSIsIkM6XFxVc2Vyc1xcby1uZW9cXE9uZURyaXZlIiwiQzpcXFVzZXJzXFxvLW5lb1xcUGljdHVyZXMiLCJDOlxcVXNlcnNcXG8tbmVvXFxTYW1zdW5nIiwiQzpcXFVzZXJzXFxvLW5lb1xcU2F2ZWQgR2FtZXMiLCJDOlxcVXNlcnNcXG8tbmVvXFxTZWFyY2hlcyIsIkM6XFxVc2Vyc1xcby1uZW9cXFZpZGVvcyIsIkM6XFxXaW5kb3dzIl0sIndyaXRlX3Jvb3RzIjpbIkM6XFxVc2Vyc1xcby1uZW9cXC5jb2RleFxcdmlzdWFsaXphdGlvbnNcXDIwMjZcXDA5XFwxM1xcMDFhMDljYTAtM2E5NS03NDgyLTkwODMtYjcxNjA4ZjhlYzFiIiwiQzpcXFVzZXJzXFxvLW5lb1xcQXBwRGF0YVxcTG9jYWxcXFRlbXAiLCJDOlxcVXNlcnNcXG8tbmVvXFxEb2N1bWVudHNcXFZpcC1HZWNlLVdlYi1HZWxpc3Rpcm1lIl0sImRlbnlfcmVhZF9wYXRocyI6W10sImRlbnlfd3JpdGVfcGF0aHMiOlsiQzpcXFVzZXJzXFxvLW5lb1xcRG9jdW1lbnRzXFxWaXAtR2VjZS1XZWItR2VsaXN0aXJtZVxcLmdpdCIsIkM6XFxVc2Vyc1xcby1uZW9cXERvY3VtZW50c1xcVmlwLUdlY2UtV2ViLUdlbGlzdGlybWVcXC5naXQiXSwicHJveHlfcG9ydHMiOltdLCJhbGxvd19sb2NhbF9iaW5kaW5nIjpmYWxzZSwib3RlbCI6bnVsbCwicmVhbF91c2VyIjoiby1uZW8iLCJtb2RlIjoicmVhZC1hY2xzLW9ubHkiLCJyZWZyZXNoX29ubHkiOnRydWV9</Data><Data Name='TargetUserSid'>S-1-0-0</Data><Data Name='TargetUserName'>-</Data><Data Name='TargetDomainName'>-</Data><Data Name='TargetLogonId'>0x0</Data><Data Name='ParentProcessName'>C:\Users\o-neo\AppData\Local\OpenAI\Codex\bin\bffc5354119c8421\codex-windows-sandbox-setup.exe</Data><Data Name='MandatoryLabel'>S-1-16-8192</Data></EventData></Event><Event xmlns='http://schemas.microsoft.com/win/2004/08/events/event'><System><Provider Name='Microsoft-Windows-Security-Auditing' Guid='{54849625-5478-4994-a5ba-3e3b0328c30d}'/><EventID>4688</EventID><Version>2</Version><Level>0</Level><Task>13312</Task><Opcode>0</Opcode><Keywords>0x8020000000000000</Keywords><TimeCreated SystemTime='2026-09-13T21:20:39.7894630Z'/><EventRecordID>212097</EventRecordID><Correlation/><Execution ProcessID='4' ThreadID='2848'/><Channel>Security</Channel><Computer>DESKTOP-FOEGBB0</Computer><Security/></System><EventData><Data Name='SubjectUserSid'>S-1-5-21-404346624-2769923240-1900471442-1000</Data><Data Name='SubjectUserName'>o-neo</Data><Data Name='SubjectDomainName'>DESKTOP-FOEGBB0</Data><Data Name='SubjectLogonId'>0x695d3</Data><Data Name='NewProcessId'>0x2fa8</Data><Data Name='NewProcessName'>C:\Windows\System32\conhost.exe</Data><Data Name='TokenElevationType'>%%1938</Data><Data Name='ProcessId'>0x564</Data><Data Name='CommandLine'>\??\C:\WINDOWS\system32\conhost.exe 0xffffffff -ForceV1</Data><Data Name='TargetUserSid'>S-1-0-0</Data><Data Name='TargetUserName'>-</Data><Data Name='TargetDomainName'>-</Data><Data Name='TargetLogonId'>0x0</Data><Data Name='ParentProcessName'>C:\Users\o-neo\AppData\Local\OpenAI\Codex\bin\bffc5354119c8421\codex-windows-sandbox-setup.exe</Data><Data Name='MandatoryLabel'>S-1-16-8192</Data></EventData></Event><Event xmlns='http://schemas.microsoft.com/win/2004/08/events/event'><System><Provider Name='Microsoft-Windows-Security-Auditing' Guid='{54849625-5478-4994-a5ba-3e3b0328c30d}'/><EventID>4688</EventID><Version>2</Version><Level>0</Level><Task>13312</Task><Opcode>0</Opcode><Keywords>0x8020000000000000</Keywords><TimeCreated SystemTime='2026-09-13T21:20:40.2697529Z'/><EventRecordID>212098</EventRecordID><Correlation/><Execution ProcessID='4' ThreadID='12004'/><Channel>Security</Channel><Computer>DESKTOP-FOEGBB0</Computer><Security/></System><EventData><Data Name='SubjectUserSid'>S-1-5-21-404346624-2769923240-1900471442-1000</Data><Data Name='SubjectUserName'>o-neo</Data><Data Name='SubjectDomainName'>DESKTOP-FOEGBB0</Data><Data Name='SubjectLogonId'>0x695d3</Data><Data Name='NewProcessId'>0x5c0</Data><Data Name='NewProcessName'>C:\Users\o-neo\.cache\codex-runtimes\codex-primary-runtime\dependencies\native\powershell\pwsh.exe</Data><Data Name='TokenElevationType'>%%1938</Data><Data Name='ProcessId'>0x2d24</Data><Data Name='CommandLine'>"C:\Users\o-neo\.cache\codex-runtimes\codex-primary-runtime\dependencies\native\powershell\pwsh.exe" -Command "try { [Console]::OutputEncoding=[System.Text.Encoding]::UTF8 } catch {}
Get-ChildItem -LiteralPath 'C:\Program Files','C:\Program Files (x86)','C:\Tools' -Filter 'Everything*.exe' -Recurse -File -ErrorAction SilentlyContinue | Select-Object -ExpandProperty FullName"</Data><Data Name='TargetUserSid'>S-1-0-0</Data><Data Name='TargetUserName'>-</Data><Data Name='TargetDomainName'>-</Data><Data Name='TargetLogonId'>0x0</Data><Data Name='ParentProcessName'>C:\Users\o-neo\AppData\Local\OpenAI\Codex\bin\bffc5354119c8421\codex.exe</Data><Data Name='MandatoryLabel'>S-1-16-8192</Data></EventData></Event><Event xmlns='http://schemas.microsoft.com/win/2004/08/events/event'><System><Provider Name='Microsoft-Windows-Security-Auditing' Guid='{54849625-5478-4994-a5ba-3e3b0328c30d}'/><EventID>4688</EventID><Version>2</Version><Level>0</Level><Task>13312</Task><Opcode>0</Opcode><Keywords>0x8020000000000000</Keywords><TimeCreated SystemTime='2026-09-13T21:20:45.1130402Z'/><EventRecordID>212103</EventRecordID><Correlation/><Execution ProcessID='4' ThreadID='10056'/><Channel>Security</Channel><Computer>DESKTOP-FOEGBB0</Computer><Security/></System><EventData><Data Name='SubjectUserSid'>S-1-5-18</Data><Data Name='SubjectUserName'>DESKTOP-FOEGBB0$</Data><Data Name='SubjectDomainName'>WORKGROUP</Data><Data Name='SubjectLogonId'>0x3e7</Data><Data Name='NewProcessId'>0x1c0c</Data><Data Name='NewProcessName'>C:\Users\o-neo\.codex\.sandbox-bin\codex-command-runner-0.154.0-alpha.6.2.exe</Data><Data Name='TokenElevationType'>%%1936</Data><Data Name='ProcessId'>0x2d24</Data><Data Name='CommandLine'>C:\Users\o-neo\.codex\.sandbox-bin\codex-command-runner-0.154.0-alpha.6.2.exe --pipe-in=\\.\pipe\codex-runner-5123813942f526953727130bfa35b9ff-in --pipe-out=\\.\pipe\codex-runner-5123813942f526953727130bfa35b9ff-out</Data><Data Name='TargetUserSid'>S-1-0-0</Data><Data Name='TargetUserName'>CodexSandboxOffline</Data><Data Name='TargetDomainName'>DESKTOP-FOEGBB0</Data><Data Name='TargetLogonId'>0x36b0e85</Data><Data Name='ParentProcessName'>C:\Users\o-neo\AppData\Local\OpenAI\Codex\bin\bffc5354119c8421\codex.exe</Data><Data Name='MandatoryLabel'>S-1-16-8192</Data></EventData></Event><Event xmlns='http://schemas.microsoft.com/win/2004/08/events/event'><System><Provider Name='Microsoft-Windows-Security-Auditing' Guid='{54849625-5478-4994-a5ba-3e3b0328c30d}'/><EventID>4688</EventID><Version>2</Version><Level>0</Level><Task>13312</Task><Opcode>0</Opcode><Keywords>0x8020000000000000</Keywords><TimeCreated SystemTime='2026-09-13T21:20:47.7299283Z'/><EventRecordID>212105</EventRecordID><Correlation/><Execution ProcessID='4' ThreadID='2308'/><Channel>Security</Channel><Computer>DESKTOP-FOEGBB0</Computer><Security/></System><EventData><Data Name='SubjectUserSid'>S-1-5-21-404346624-2769923240-1900471442-1003</Data><Data Name='SubjectUserName'>CodexSandboxOffline</Data><Data Name='SubjectDomainName'>DESKTOP-FOEGBB0</Data><Data Name='SubjectLogonId'>0x36b0e85</Data><Data Name='NewProcessId'>0x2b60</Data><Data Name='NewProcessName'>C:\Users\o-neo\.cache\codex-runtimes\codex-primary-runtime\dependencies\native\powershell\pwsh.exe</Data><Data Name='TokenElevationType'>%%1936</Data><Data Name='ProcessId'>0x1c0c</Data><Data Name='CommandLine'>C:\Users\o-neo\.cache\codex-runtimes\codex-primary-runtime\dependencies\native\powershell\pwsh.exe -NoProfile -Command "try { [Console]::OutputEncoding=[System.Text.Encoding]::UTF8 } catch {}
rg --files \"C:\Users\o-neo\.codex\plugins\cache\openai-curated-remote\chatgpt-osint\1.1.0\skills\org-attack-surface\""</Data><Data Name='TargetUserSid'>S-1-0-0</Data><Data Name='TargetUserName'>-</Data><Data Name='TargetDomainName'>-</Data><Data Name='TargetLogonId'>0x0</Data><Data Name='ParentProcessName'>C:\Users\o-neo\.codex\.sandbox-bin\codex-command-runner-0.154.0-alpha.6.2.exe</Data><Data Name='MandatoryLabel'>S-1-16-8192</Data></EventData></Event><Event xmlns='http://schemas.microsoft.com/win/2004/08/events/event'><System><Provider Name='Microsoft-Windows-Security-Auditing' Guid='{54849625-5478-4994-a5ba-3e3b0328c30d}'/><EventID>4688</EventID><Version>2</Version><Level>0</Level><Task>13312</Task><Opcode>0</Opcode><Keywords>0x8020000000000000</Keywords><TimeCreated SystemTime='2026-09-13T21:20:53.4261707Z'/><EventRecordID>212106</EventRecordID><Correlation/><Execution ProcessID='4' ThreadID='2308'/><Channel>Security</Channel><Computer>DESKTOP-FOEGBB0</Computer><Security/></System><EventData><Data Name='SubjectUserSid'>S-1-5-21-404346624-2769923240-1900471442-1003</Data><Data Name='SubjectUserName'>CodexSandboxOffline</Data><Data Name='SubjectDomainName'>DESKTOP-FOEGBB0</Data><Data Name='SubjectLogonId'>0x36b0e85</Data><Data Name='NewProcessId'>0x338c</Data><Data Name='NewProcessName'>C:\Windows\System32\conhost.exe</Data><Data Name='TokenElevationType'>%%1936</Data><Data Name='ProcessId'>0x2b60</Data><Data Name='CommandLine'>\??\C:\WINDOWS\system32\conhost.exe 0xffffffff -ForceV1</Data><Data Name='TargetUserSid'>S-1-0-0</Data><Data Name='TargetUserName'>-</Data><Data Name='TargetDomainName'>-</Data><Data Name='TargetLogonId'>0x0</Data><Data Name='ParentProcessName'>C:\Users\o-neo\.cache\codex-runtimes\codex-primary-runtime\dependencies\native\powershell\pwsh.exe</Data><Data Name='MandatoryLabel'>S-1-16-8192</Data></EventData></Event><Event xmlns='http://schemas.microsoft.com/win/2004/08/events/event'><System><Provider Name='Microsoft-Windows-Security-Auditing' Guid='{54849625-5478-4994-a5ba-3e3b0328c30d}'/><EventID>4688</EventID><Version>2</Version><Level>0</Level><Task>13312</Task><Opcode>0</Opcode><Keywords>0x8020000000000000</Keywords><TimeCreated SystemTime='2026-09-13T21:21:16.9570010Z'/><EventRecordID>212113</EventRecordID><Correlation/><Execution ProcessID='4' ThreadID='12004'/><Channel>Security</Channel><Computer>DESKTOP-FOEGBB0</Computer><Security/></System><EventData><Data Name='SubjectUserSid'>S-1-5-18</Data><Data Name='SubjectUserName'>DESKTOP-FOEGBB0$</Data><Data Name='SubjectDomainName'>WORKGROUP</Data><Data Name='SubjectLogonId'>0x3e7</Data><Data Name='NewProcessId'>0x2c58</Data><Data Name='NewProcessName'>C:\Windows\System32\taskhostw.exe</Data><Data Name='TokenElevationType'>%%1938</Data><Data Name='ProcessId'>0x738</Data><Data Name='CommandLine'>taskhostw.exe</Data><Data Name='TargetUserSid'>S-1-5-21-404346624-2769923240-1900471442-1000</Data><Data Name='TargetUserName'>o-neo</Data><Data Name='TargetDomainName'>DESKTOP-FOEGBB0</Data><Data Name='TargetLogonId'>0x695d3</Data><Data Name='ParentProcessName'>C:\Windows\System32\svchost.exe</Data><Data Name='MandatoryLabel'>S-1-16-8192</Data></EventData></Event><Event xmlns='http://schemas.microsoft.com/win/2004/08/events/event'><System><Provider Name='Microsoft-Windows-Security-Auditing' Guid='{54849625-5478-4994-a5ba-3e3b0328c30d}'/><EventID>4688</EventID><Version>2</Version><Level>0</Level><Task>13312</Task><Opcode>0</Opcode><Keywords>0x8020000000000000</Keywords><TimeCreated SystemTime='2026-09-13T21:21:18.6991006Z'/><EventRecordID>212116</EventRecordID><Correlation/><Execution ProcessID='4' ThreadID='12004'/><Channel>Security</Channel><Computer>DESKTOP-FOEGBB0</Computer><Security/></System><EventData><Data Name='SubjectUserSid'>S-1-5-21-404346624-2769923240-1900471442-1003</Data><Data Name='SubjectUserName'>CodexSandboxOffline</Data><Data Name='SubjectDomainName'>DESKTOP-FOEGBB0</Data><Data Name='SubjectLogonId'>0x36b0e85</Data><Data Name='NewProcessId'>0x2c88</Data><Data Name='NewProcessName'>C:\Users\o-neo\AppData\Local\OpenAI\Codex\bin\116cfc4fd47f015a\rg.exe</Data><Data Name='TokenElevationType'>%%1936</Data><Data Name='ProcessId'>0x2b60</Data><Data Name='CommandLine'>"C:\Users\o-neo\AppData\Local\OpenAI\Codex\bin\116cfc4fd47f015a\rg.exe" --files C:\Users\o-neo\.codex\plugins\cache\openai-curated-remote\chatgpt-osint\1.1.0\skills\org-attack-surface</Data><Data Name='TargetUserSid'>S-1-0-0</Data><Data Name='TargetUserName'>-</Data><Data Name='TargetDomainName'>-</Data><Data Name='TargetLogonId'>0x0</Data><Data Name='ParentProcessName'>C:\Users\o-neo\.cache\codex-runtimes\codex-primary-runtime\dependencies\native\powershell\pwsh.exe</Data><Data Name='MandatoryLabel'>S-1-16-8192</Data></EventData></Event><Event xmlns='http://schemas.microsoft.com/win/2004/08/events/event'><System><Provider Name='Microsoft-Windows-Security-Auditing' Guid='{54849625-5478-4994-a5ba-3e3b0328c30d}'/><EventID>4688</EventID><Version>2</Version><Level>0</Level><Task>13312</Task><Opcode>0</Opcode><Keywords>0x8020000000000000</Keywords><TimeCreated SystemTime='2026-09-13T21:21:19.0082352Z'/><EventRecordID>212119</EventRecordID><Correlation/><Execution ProcessID='4' ThreadID='3676'/><Channel>Security</Channel><Computer>DESKTOP-FOEGBB0</Computer><Security/></System><EventData><Data Name='SubjectUserSid'>S-1-5-18</Data><Data Name='SubjectUserName'>DESKTOP-FOEGBB0$</Data><Data Name='SubjectDomainName'>WORKGROUP</Data><Data Name='SubjectLogonId'>0x3e7</Data><Data Name='NewProcessId'>0x1a74</Data><Data Name='NewProcessName'>C:\Windows\System32\svchost.exe</Data><Data Name='TokenElevationType'>%%1936</Data><Data Name='ProcessId'>0x25c</Data><Data Name='CommandLine'>C:\WINDOWS\system32\svchost.exe -k netsvcs -s LxpSvc</Data><Data Name='TargetUserSid'>S-1-0-0</Data><Data Name='TargetUserName'>-</Data><Data Name='TargetDomainName'>-</Data><Data Name='TargetLogonId'>0x0</Data><Data Name='ParentProcessName'>C:\Windows\System32\services.exe</Data><Data Name='MandatoryLabel'>S-1-16-16384</Data></EventData></Event><Event xmlns='http://schemas.microsoft.com/win/2004/08/events/event'><System><Provider Name='Microsoft-Windows-Security-Auditing' Guid='{54849625-5478-4994-a5ba-3e3b0328c30d}'/><EventID>4688</EventID><Version>2</Version><Level>0</Level><Task>13312</Task><Opcode>0</Opcode><Keywords>0x8020000000000000</Keywords><TimeCreated SystemTime='2026-09-13T21:21:28.1427059Z'/><EventRecordID>212123</EventRecordID><Correlation/><Execution ProcessID='4' ThreadID='12004'/><Channel>Security</Channel><Computer>DESKTOP-FOEGBB0</Computer><Security/></System><EventData><Data Name='SubjectUserSid'>S-1-5-18</Data><Data Name='SubjectUserName'>DESKTOP-FOEGBB0$</Data><Data Name='SubjectDomainName'>WORKGROUP</Data><Data Name='SubjectLogonId'>0x3e7</Data><Data Name='NewProcessId'>0x20f0</Data><Data Name='NewProcessName'>C:\Windows\servicing\TrustedInstaller.exe</Data><Data Name='TokenElevationType'>%%1936</Data><Data Name='ProcessId'>0x25c</Data><Data Name='CommandLine'>C:\WINDOWS\servicing\TrustedInstaller.exe</Data><Data Name='TargetUserSid'>S-1-0-0</Data><Data Name='TargetUserName'>-</Data><Data Name='TargetDomainName'>-</Data><Data Name='TargetLogonId'>0x0</Data><Data Name='ParentProcessName'>C:\Windows\System32\services.exe</Data><Data Name='MandatoryLabel'>S-1-16-16384</Data></EventData></Event><Event xmlns='http://schemas.microsoft.com/win/2004/08/events/event'><System><Provider Name='Microsoft-Windows-Security-Auditing' Guid='{54849625-5478-4994-a5ba-3e3b0328c30d}'/><EventID>4688</EventID><Version>2</Version><Level>0</Level><Task>13312</Task><Opcode>0</Opcode><Keywords>0x8020000000000000</Keywords><TimeCreated SystemTime='2026-09-13T21:21:31.8220043Z'/><EventRecordID>212124</EventRecordID><Correlation/><Execution ProcessID='4' ThreadID='1676'/><Channel>Security</Channel><Computer>DESKTOP-FOEGBB0</Computer><Security/></System><EventData><Data Name='SubjectUserSid'>S-1-5-21-404346624-2769923240-1900471442-1000</Data><Data Name='SubjectUserName'>o-neo</Data><Data Name='SubjectDomainName'>DESKTOP-FOEGBB0</Data><Data Name='SubjectLogonId'>0x695d3</Data><Data Name='NewProcessId'>0x324c</Data><Data Name='NewProcessName'>C:\Users\o-neo\.cache\codex-runtimes\codex-primary-runtime\dependencies\native\powershell\pwsh.exe</Data><Data Name='TokenElevationType'>%%1938</Data><Data Name='ProcessId'>0x2d24</Data><Data Name='CommandLine'>"C:\Users\o-neo\.cache\codex-runtimes\codex-primary-runtime\dependencies\native\powershell\pwsh.exe" -Command "try { [Console]::OutputEncoding=[System.Text.Encoding]::UTF8 } catch {}
node -e \"const fs=require('fs'),p=require('path'),q=['D:/04 Medya'],hits=[];let n=0,e=0;while(q.length){const d=q.pop();let es;try{es=fs.readdirSync(d,{withFileTypes:true});n++}catch{x++;continue}for(const x of es){if(x.isSymbolicLink()||!x.isDirectory())continue;const f=p.join(d,x.name);if(/vip|gece|escort|m[üu]þteri|profil/i.test(x.name))hits.push(f);q.push(f)}}console.log(JSON.stringify({directories:n,errors:e,hits},null,2))\""</Data><Data Name='TargetUserSid'>S-1-0-0</Data><Data Name='TargetUserName'>-</Data><Data Name='TargetDomainName'>-</Data><Data Name='TargetLogonId'>0x0</Data><Data Name='ParentProcessName'>C:\Users\o-neo\AppData\Local\OpenAI\Codex\bin\bffc5354119c8421\codex.exe</Data><Data Name='MandatoryLabel'>S-1-16-8192</Data></EventData></Event><Event xmlns='http://schemas.microsoft.com/win/2004/08/events/event'><System><Provider Name='Microsoft-Windows-Security-Auditing' Guid='{54849625-5478-4994-a5ba-3e3b0328c30d}'/><EventID>4688</EventID><Version>2</Version><Level>0</Level><Task>13312</Task><Opcode>0</Opcode><Keywords>0x8020000000000000</Keywords><TimeCreated SystemTime='2026-09-13T21:21:32.3571176Z'/><EventRecordID>212125</EventRecordID><Correlation/><Execution ProcessID='4' ThreadID='2848'/><Channel>Security</Channel><Computer>DESKTOP-FOEGBB0</Computer><Security/></System><EventData><Data Name='SubjectUserSid'>S-1-5-18</Data><Data Name='SubjectUserName'>DESKTOP-FOEGBB0$</Data><Data Name='SubjectDomainName'>WORKGROUP</Data><Data Name='SubjectLogonId'>0x3e7</Data><Data Name='NewProcessId'>0x317c</Data><Data Name='NewProcessName'>C:\Windows\WinSxS\amd64_microsoft-windows-servicingstack_31bf3856ad364e35_10.0.26100.9441_none_a5253a19774da03c\TiWorker.exe</Data><Data Name='TokenElevationType'>%%1936</Data><Data Name='ProcessId'>0x460</Data><Data Name='CommandLine'>C:\WINDOWS\winsxs\amd64_microsoft-windows-servicingstack_31bf3856ad364e35_10.0.26100.9441_none_a5253a19774da03c\TiWorker.exe -Embedding</Data><Data Name='TargetUserSid'>S-1-0-0</Data><Data Name='TargetUserName'>-</Data><Data Name='TargetDomainName'>-</Data><Data Name='TargetLogonId'>0x0</Data><Data Name='ParentProcessName'>C:\Windows\System32\svchost.exe</Data><Data Name='MandatoryLabel'>S-1-16-16384</Data></EventData></Event><Event xmlns='http://schemas.microsoft.com/win/2004/08/events/event'><System><Provider Name='Microsoft-Windows-Security-Auditing' Guid='{54849625-5478-4994-a5ba-3e3b0328c30d}'/><EventID>4688</EventID><Version>2</Version><Level>0</Level><Task>13312</Task><Opcode>0</Opcode><Keywords>0x8020000000000000</Keywords><TimeCreated SystemTime='2026-09-13T21:21:52.7672314Z'/><EventRecordID>212134</EventRecordID><Correlation/><Execution ProcessID='4' ThreadID='12004'/><Channel>Security</Channel><Computer>DESKTOP-FOEGBB0</Computer><Security/></System><EventData><Data Name='SubjectUserSid'>S-1-5-21-404346624-2769923240-1900471442-1000</Data><Data Name='SubjectUserName'>o-neo</Data><Data Name='SubjectDomainName'>DESKTOP-FOEGBB0</Data><Data Name='SubjectLogonId'>0x695d3</Data><Data Name='NewProcessId'>0x26a0</Data><Data Name='NewProcessName'>C:\Users\o-neo\AppData\Local\OpenAI\Codex\bin\bffc5354119c8421\codex-windows-sandbox-setup.exe</Data><Data Name='TokenElevationType'>%%1938</Data><Data Name='ProcessId'>0x2d24</Data><Data Name='CommandLine'>"C:\Users\o-neo\AppData\Local\OpenAI\Codex\bin\bffc5354119c8421\codex-windows-sandbox-setup.exe" eyJ2ZXJzaW9uIjo1LCJvZmZsaW5lX3VzZXJuYW1lIjoiQ29kZXhTYW5kYm94T2ZmbGluZSIsIm9ubGluZV91c2VybmFtZSI6IkNvZGV4U2FuZGJveE9ubGluZSIsImNvZGV4X2hvbWUiOiJDOlxcVXNlcnNcXG8tbmVvXFwuY29kZXgiLCJjb21tYW5kX2N3ZCI6IkM6XFxVc2Vyc1xcby1uZW9cXERvY3VtZW50c1xcVmlwLUdlY2UtV2ViLUdlbGlzdGlybWUiLCJyZWFkX3Jvb3RzIjpbIkM6XFxQcm9ncmFtIEZpbGVzIiwiQzpcXFByb2dyYW0gRmlsZXMgKHg4NikiLCJDOlxcUHJvZ3JhbURhdGEiLCJDOlxcVXNlcnNcXG8tbmVvXFwuYW5kcm9pZCIsIkM6XFxVc2Vyc1xcby1uZW9cXC5hbmRyb2lkLnppcCIsIkM6XFxVc2Vyc1xcby1uZW9cXC5jYWNoZSIsIkM6XFxVc2Vyc1xcby1uZW9cXC5jYWNoZS56aXAiLCJDOlxcVXNlcnNcXG8tbmVvXFwuY29kZXgiLCJDOlxcVXNlcnNcXG8tbmVvXFwuY29kZXguemlwIiwiQzpcXFVzZXJzXFxvLW5lb1xcLmNvZGV4XFwuc2FuZGJveC1iaW4iLCJDOlxcVXNlcnNcXG8tbmVvXFwuY29uZmlnLnppcCIsIkM6XFxVc2Vyc1xcby1uZW9cXC5kb3RuZXQiLCJDOlxcVXNlcnNcXG8tbmVvXFwuZG90bmV0LnppcCIsIkM6XFxVc2Vyc1xcby1uZW9cXC5sb2NhbCIsIkM6XFxVc2Vyc1xcby1uZW9cXC5sb2NhbC56aXAiLCJDOlxcVXNlcnNcXG8tbmVvXFwubnVnZXQiLCJDOlxcVXNlcnNcXG8tbmVvXFwubnVnZXQuemlwIiwiQzpcXFVzZXJzXFxvLW5lb1xcLnRlbXBsYXRlZW5naW5lIiwiQzpcXFVzZXJzXFxvLW5lb1xcLnRlbXBsYXRlZW5naW5lLnppcCIsIkM6XFxVc2Vyc1xcby1uZW9cXEFwcERhdGEiLCJDOlxcVXNlcnNcXG8tbmVvXFxBcHBEYXRhLnppcCIsIkM6XFxVc2Vyc1xcby1uZW9cXEFwcERhdGFcXExvY2FsIiwiQzpcXFVzZXJzXFxvLW5lb1xcQXBwRGF0YVxcTG9jYWxcXE1pY3Jvc29mdFxcV2luZG93c1xcSU5ldENvb2tpZXMiLCJDOlxcVXNlcnNcXG8tbmVvXFxBcHBEYXRhXFxSb2FtaW5nIiwiQzpcXFVzZXJzXFxvLW5lb1xcQXBwRGF0YVxcUm9hbWluZ1xcTWljcm9zb2Z0XFxXaW5kb3dzXFxOZXR3b3JrIFNob3J0Y3V0cyIsIkM6XFxVc2Vyc1xcby1uZW9cXEFwcERhdGFcXFJvYW1pbmdcXE1pY3Jvc29mdFxcV2luZG93c1xcUHJpbnRlciBTaG9ydGN1dHMiLCJDOlxcVXNlcnNcXG8tbmVvXFxBcHBEYXRhXFxSb2FtaW5nXFxNaWNyb3NvZnRcXFdpbmRvd3NcXFJlY2VudCIsIkM6XFxVc2Vyc1xcby1uZW9cXEFwcERhdGFcXFJvYW1pbmdcXE1pY3Jvc29mdFxcV2luZG93c1xcU2VuZFRvIiwiQzpcXFVzZXJzXFxvLW5lb1xcQXBwRGF0YVxcUm9hbWluZ1xcTWljcm9zb2Z0XFxXaW5kb3dzXFxTdGFydCBNZW51IiwiQzpcXFVzZXJzXFxvLW5lb1xcQXBwRGF0YVxcUm9hbWluZ1xcTWljcm9zb2Z0XFxXaW5kb3dzXFxUZW1wbGF0ZXMiLCJDOlxcVXNlcnNcXG8tbmVvXFxDb250YWN0cyIsIkM6XFxVc2Vyc1xcby1uZW9cXERlc2t0b3AiLCJDOlxcVXNlcnNcXG8tbmVvXFxEb2N1bWVudHMiLCJDOlxcVXNlcnNcXG8tbmVvXFxEb3dubG9hZHMiLCJDOlxcVXNlcnNcXG8tbmVvXFxGYXZvcml0ZXMiLCJDOlxcVXNlcnNcXG8tbmVvXFxpQ2xvdWREcml2ZSIsIkM6XFxVc2Vyc1xcby1uZW9cXEludGVsR3JhcGhpY3NQcm9maWxlcyIsIkM6XFxVc2Vyc1xcby1uZW9cXExpbmtzIiwiQzpcXFVzZXJzXFxvLW5lb1xcTXVzaWMiLCJDOlxcVXNlcnNcXG8tbmVvXFxOVFVTRVIuREFUIiwiQzpcXFVzZXJzXFxvLW5lb1xcbnR1c2VyLmRhdC5MT0cxIiwiQzpcXFVzZXJzXFxvLW5lb1xcbnR1c2VyLmRhdC5MT0cyIiwiQzpcXFVzZXJzXFxvLW5lb1xcTlRVU0VSLkRBVHs3ZDFiZmNjMi1hYTFiLTExZjEtYjdkMS04MDlkNjVhMWY2Mjd9LlR4Ui4wLnJlZ3RyYW5zLW1zIiwiQzpcXFVzZXJzXFxvLW5lb1xcTlRVU0VSLkRBVHs3ZDFiZmNjMi1hYTFiLTExZjEtYjdkMS04MDlkNjVhMWY2Mjd9LlR4Ui4xLnJlZ3RyYW5zLW1zIiwiQzpcXFVzZXJzXFxvLW5lb1xcTlRVU0VSLkRBVHs3ZDFiZmNjMi1hYTFiLTExZjEtYjdkMS04MDlkNjVhMWY2Mjd9LlR4Ui4yLnJlZ3RyYW5zLW1zIiwiQzpcXFVzZXJzXFxvLW5lb1xcTlRVU0VSLkRBVHs3ZDFiZmNjMi1hYTFiLTExZjEtYjdkMS04MDlkNjVhMWY2Mjd9LlR4Ui5ibGYiLCJDOlxcVXNlcnNcXG8tbmVvXFxOVFVTRVIuREFUezdkMWJmY2MzLWFhMWItMTFmMS1iN2QxLTgwOWQ2NWExZjYyN30uVE0uYmxmIiwiQzpcXFVzZXJzXFxvLW5lb1xcTlRVU0VSLkRBVHs3ZDFiZmNjMy1hYTFiLTExZjEtYjdkMS04MDlkNjVhMWY2Mjd9LlRNLmJsZi5jbnBmIiwiQzpcXFVzZXJzXFxvLW5lb1xcTlRVU0VSLkRBVHs3ZDFiZmNjMy1hYTFiLTExZjEtYjdkMS04MDlkNjVhMWY2Mjd9LlRNQ29udGFpbmVyMDAwMDAwMDAwMDAwMDAwMDAwMDEucmVndHJhbnMtbXMiLCJDOlxcVXNlcnNcXG8tbmVvXFxOVFVTRVIuREFUezdkMWJmY2MzLWFhMWItMTFmMS1iN2QxLTgwOWQ2NWExZjYyN30uVE1Db250YWluZXIwMDAwMDAwMDAwMDAwMDAwMDAwMS5yZWd0cmFucy1tcy5jbnBmIiwiQzpcXFVzZXJzXFxvLW5lb1xcTlRVU0VSLkRBVHs3ZDFiZmNjMy1hYTFiLTExZjEtYjdkMS04MDlkNjVhMWY2Mjd9LlRNQ29udGFpbmVyMDAwMDAwMDAwMDAwMDAwMDAwMDIucmVndHJhbnMtbXMiLCJDOlxcVXNlcnNcXG8tbmVvXFxOVFVTRVIuREFUezdkMWJmY2MzLWFhMWItMTFmMS1iN2QxLTgwOWQ2NWExZjYyN30uVE1Db250YWluZXIwMDAwMDAwMDAwMDAwMDAwMDAwMi5yZWd0cmFucy1tcy5jbnBmIiwiQzpcXFVzZXJzXFxvLW5lb1xcbnR1c2VyLmluaSIsIkM6XFxVc2Vyc1xcby1uZW9cXE9uZURyaXZlIiwiQzpcXFVzZXJzXFxvLW5lb1xcUGljdHVyZXMiLCJDOlxcVXNlcnNcXG8tbmVvXFxTYW1zdW5nIiwiQzpcXFVzZXJzXFxvLW5lb1xcU2F2ZWQgR2FtZXMiLCJDOlxcVXNlcnNcXG8tbmVvXFxTZWFyY2hlcyIsIkM6XFxVc2Vyc1xcby1uZW9cXFZpZGVvcyIsIkM6XFxXaW5kb3dzIl0sIndyaXRlX3Jvb3RzIjpbIkM6XFxVc2Vyc1xcby1uZW9cXC5jb2RleFxcdmlzdWFsaXphdGlvbnNcXDIwMjZcXDA5XFwxM1xcMDFhMDljYTAtM2E5NS03NDgyLTkwODMtYjcxNjA4ZjhlYzFiIiwiQzpcXFVzZXJzXFxvLW5lb1xcQXBwRGF0YVxcTG9jYWxcXFRlbXAiLCJDOlxcVXNlcnNcXG8tbmVvXFxEb2N1bWVudHNcXFZpcC1HZWNlLVdlYi1HZWxpc3Rpcm1lIl0sImRlbnlfcmVhZF9wYXRocyI6W10sImRlbnlfd3JpdGVfcGF0aHMiOlsiQzpcXFVzZXJzXFxvLW5lb1xcRG9jdW1lbnRzXFxWaXAtR2VjZS1XZWItR2VsaXN0aXJtZVxcLmdpdCIsIkM6XFxVc2Vyc1xcby1uZW9cXERvY3VtZW50c1xcVmlwLUdlY2UtV2ViLUdlbGlzdGlybWVcXC5naXQiXSwicHJveHlfcG9ydHMiOltdLCJhbGxvd19sb2NhbF9iaW5kaW5nIjpmYWxzZSwib3RlbCI6bnVsbCwicmVhbF91c2VyIjoiby1uZW8iLCJtb2RlIjoiZnVsbCIsInJlZnJlc2hfb25seSI6dHJ1ZX0=</Data><Data Name='TargetUserSid'>S-1-0-0</Data><Data Name='TargetUserName'>-</Data><Data Name='TargetDomainName'>-</Data><Data Name='TargetLogonId'>0x0</Data><Data Name='ParentProcessName'>C:\Users\o-neo\AppData\Local\OpenAI\Codex\bin\bffc5354119c8421\codex.exe</Data><Data Name='MandatoryLabel'>S-1-16-8192</Data></EventData></Event><Event xmlns='http://schemas.microsoft.com/win/2004/08/events/event'><System><Provider Name='Microsoft-Windows-Security-Auditing' Guid='{54849625-5478-4994-a5ba-3e3b0328c30d}'/><EventID>4688</EventID><Version>2</Version><Level>0</Level><Task>13312</Task><Opcode>0</Opcode><Keywords>0x8020000000000000</Keywords><TimeCreated SystemTime='2026-09-13T21:21:54.3312173Z'/><EventRecordID>212135</EventRecordID><Correlation/><Execution ProcessID='4' ThreadID='10052'/><Channel>Security</Channel><Computer>DESKTOP-FOEGBB0</Computer><Security/></System><EventData><Data Name='SubjectUserSid'>S-1-5-21-404346624-2769923240-1900471442-1000</Data><Data Name='SubjectUserName'>o-neo</Data><Data Name='SubjectDomainName'>DESKTOP-FOEGBB0</Data><Data Name='SubjectLogonId'>0x695d3</Data><Data Name='NewProcessId'>0x3254</Data><Data Name='NewProcessName'>C:\Users\o-neo\AppData\Local\OpenAI\Codex\bin\bffc5354119c8421\codex-windows-sandbox-setup.exe</Data><Data Name='TokenElevationType'>%%1938</Data><Data Name='ProcessId'>0x26a0</Data><Data Name='CommandLine'>"C:\Users\o-neo\AppData\Local\OpenAI\Codex\bin\bffc5354119c8421\codex-windows-sandbox-setup.exe" eyJ2ZXJzaW9uIjo1LCJvZmZsaW5lX3VzZXJuYW1lIjoiQ29kZXhTYW5kYm94T2ZmbGluZSIsIm9ubGluZV91c2VybmFtZSI6IkNvZGV4U2FuZGJveE9ubGluZSIsImNvZGV4X2hvbWUiOiJDOlxcVXNlcnNcXG8tbmVvXFwuY29kZXgiLCJjb21tYW5kX2N3ZCI6IkM6XFxVc2Vyc1xcby1uZW9cXERvY3VtZW50c1xcVmlwLUdlY2UtV2ViLUdlbGlzdGlybWUiLCJyZWFkX3Jvb3RzIjpbIkM6XFxQcm9ncmFtIEZpbGVzIiwiQzpcXFByb2dyYW0gRmlsZXMgKHg4NikiLCJDOlxcUHJvZ3JhbURhdGEiLCJDOlxcVXNlcnNcXG8tbmVvXFwuYW5kcm9pZCIsIkM6XFxVc2Vyc1xcby1uZW9cXC5hbmRyb2lkLnppcCIsIkM6XFxVc2Vyc1xcby1uZW9cXC5jYWNoZSIsIkM6XFxVc2Vyc1xcby1uZW9cXC5jYWNoZS56aXAiLCJDOlxcVXNlcnNcXG8tbmVvXFwuY29kZXgiLCJDOlxcVXNlcnNcXG8tbmVvXFwuY29kZXguemlwIiwiQzpcXFVzZXJzXFxvLW5lb1xcLmNvZGV4XFwuc2FuZGJveC1iaW4iLCJDOlxcVXNlcnNcXG8tbmVvXFwuY29uZmlnLnppcCIsIkM6XFxVc2Vyc1xcby1uZW9cXC5kb3RuZXQiLCJDOlxcVXNlcnNcXG8tbmVvXFwuZG90bmV0LnppcCIsIkM6XFxVc2Vyc1xcby1uZW9cXC5sb2NhbCIsIkM6XFxVc2Vyc1xcby1uZW9cXC5sb2NhbC56aXAiLCJDOlxcVXNlcnNcXG8tbmVvXFwubnVnZXQiLCJDOlxcVXNlcnNcXG8tbmVvXFwubnVnZXQuemlwIiwiQzpcXFVzZXJzXFxvLW5lb1xcLnRlbXBsYXRlZW5naW5lIiwiQzpcXFVzZXJzXFxvLW5lb1xcLnRlbXBsYXRlZW5naW5lLnppcCIsIkM6XFxVc2Vyc1xcby1uZW9cXEFwcERhdGEiLCJDOlxcVXNlcnNcXG8tbmVvXFxBcHBEYXRhLnppcCIsIkM6XFxVc2Vyc1xcby1uZW9cXEFwcERhdGFcXExvY2FsIiwiQzpcXFVzZXJzXFxvLW5lb1xcQXBwRGF0YVxcTG9jYWxcXE1pY3Jvc29mdFxcV2luZG93c1xcSU5ldENvb2tpZXMiLCJDOlxcVXNlcnNcXG8tbmVvXFxBcHBEYXRhXFxSb2FtaW5nIiwiQzpcXFVzZXJzXFxvLW5lb1xcQXBwRGF0YVxcUm9hbWluZ1xcTWljcm9zb2Z0XFxXaW5kb3dzXFxOZXR3b3JrIFNob3J0Y3V0cyIsIkM6XFxVc2Vyc1xcby1uZW9cXEFwcERhdGFcXFJvYW1pbmdcXE1pY3Jvc29mdFxcV2luZG93c1xcUHJpbnRlciBTaG9ydGN1dHMiLCJDOlxcVXNlcnNcXG8tbmVvXFxBcHBEYXRhXFxSb2FtaW5nXFxNaWNyb3NvZnRcXFdpbmRvd3NcXFJlY2VudCIsIkM6XFxVc2Vyc1xcby1uZW9cXEFwcERhdGFcXFJvYW1pbmdcXE1pY3Jvc29mdFxcV2luZG93c1xcU2VuZFRvIiwiQzpcXFVzZXJzXFxvLW5lb1xcQXBwRGF0YVxcUm9hbWluZ1xcTWljcm9zb2Z0XFxXaW5kb3dzXFxTdGFydCBNZW51IiwiQzpcXFVzZXJzXFxvLW5lb1xcQXBwRGF0YVxcUm9hbWluZ1xcTWljcm9zb2Z0XFxXaW5kb3dzXFxUZW1wbGF0ZXMiLCJDOlxcVXNlcnNcXG8tbmVvXFxDb250YWN0cyIsIkM6XFxVc2Vyc1xcby1uZW9cXERlc2t0b3AiLCJDOlxcVXNlcnNcXG8tbmVvXFxEb2N1bWVudHMiLCJDOlxcVXNlcnNcXG8tbmVvXFxEb3dubG9hZHMiLCJDOlxcVXNlcnNcXG8tbmVvXFxGYXZvcml0ZXMiLCJDOlxcVXNlcnNcXG8tbmVvXFxpQ2xvdWREcml2ZSIsIkM6XFxVc2Vyc1xcby1uZW9cXEludGVsR3JhcGhpY3NQcm9maWxlcyIsIkM6XFxVc2Vyc1xcby1uZW9cXExpbmtzIiwiQzpcXFVzZXJzXFxvLW5lb1xcTXVzaWMiLCJDOlxcVXNlcnNcXG8tbmVvXFxOVFVTRVIuREFUIiwiQzpcXFVzZXJzXFxvLW5lb1xcbnR1c2VyLmRhdC5MT0cxIiwiQzpcXFVzZXJzXFxvLW5lb1xcbnR1c2VyLmRhdC5MT0cyIiwiQzpcXFVzZXJzXFxvLW5lb1xcTlRVU0VSLkRBVHs3ZDFiZmNjMi1hYTFiLTExZjEtYjdkMS04MDlkNjVhMWY2Mjd9LlR4Ui4wLnJlZ3RyYW5zLW1zIiwiQzpcXFVzZXJzXFxvLW5lb1xcTlRVU0VSLkRBVHs3ZDFiZmNjMi1hYTFiLTExZjEtYjdkMS04MDlkNjVhMWY2Mjd9LlR4Ui4xLnJlZ3RyYW5zLW1zIiwiQzpcXFVzZXJzXFxvLW5lb1xcTlRVU0VSLkRBVHs3ZDFiZmNjMi1hYTFiLTExZjEtYjdkMS04MDlkNjVhMWY2Mjd9LlR4Ui4yLnJlZ3RyYW5zLW1zIiwiQzpcXFVzZXJzXFxvLW5lb1xcTlRVU0VSLkRBVHs3ZDFiZmNjMi1hYTFiLTExZjEtYjdkMS04MDlkNjVhMWY2Mjd9LlR4Ui5ibGYiLCJDOlxcVXNlcnNcXG8tbmVvXFxOVFVTRVIuREFUezdkMWJmY2MzLWFhMWItMTFmMS1iN2QxLTgwOWQ2NWExZjYyN30uVE0uYmxmIiwiQzpcXFVzZXJzXFxvLW5lb1xcTlRVU0VSLkRBVHs3ZDFiZmNjMy1hYTFiLTExZjEtYjdkMS04MDlkNjVhMWY2Mjd9LlRNLmJsZi5jbnBmIiwiQzpcXFVzZXJzXFxvLW5lb1xcTlRVU0VSLkRBVHs3ZDFiZmNjMy1hYTFiLTExZjEtYjdkMS04MDlkNjVhMWY2Mjd9LlRNQ29udGFpbmVyMDAwMDAwMDAwMDAwMDAwMDAwMDEucmVndHJhbnMtbXMiLCJDOlxcVXNlcnNcXG8tbmVvXFxOVFVTRVIuREFUezdkMWJmY2MzLWFhMWItMTFmMS1iN2QxLTgwOWQ2NWExZjYyN30uVE1Db250YWluZXIwMDAwMDAwMDAwMDAwMDAwMDAwMS5yZWd0cmFucy1tcy5jbnBmIiwiQzpcXFVzZXJzXFxvLW5lb1xcTlRVU0VSLkRBVHs3ZDFiZmNjMy1hYTFiLTExZjEtYjdkMS04MDlkNjVhMWY2Mjd9LlRNQ29udGFpbmVyMDAwMDAwMDAwMDAwMDAwMDAwMDIucmVndHJhbnMtbXMiLCJDOlxcVXNlcnNcXG8tbmVvXFxOVFVTRVIuREFUezdkMWJmY2MzLWFhMWItMTFmMS1iN2QxLTgwOWQ2NWExZjYyN30uVE1Db250YWluZXIwMDAwMDAwMDAwMDAwMDAwMDAwMi5yZWd0cmFucy1tcy5jbnBmIiwiQzpcXFVzZXJzXFxvLW5lb1xcbnR1c2VyLmluaSIsIkM6XFxVc2Vyc1xcby1uZW9cXE9uZURyaXZlIiwiQzpcXFVzZXJzXFxvLW5lb1xcUGljdHVyZXMiLCJDOlxcVXNlcnNcXG8tbmVvXFxTYW1zdW5nIiwiQzpcXFVzZXJzXFxvLW5lb1xcU2F2ZWQgR2FtZXMiLCJDOlxcVXNlcnNcXG8tbmVvXFxTZWFyY2hlcyIsIkM6XFxVc2Vyc1xcby1uZW9cXFZpZGVvcyIsIkM6XFxXaW5kb3dzIl0sIndyaXRlX3Jvb3RzIjpbIkM6XFxVc2Vyc1xcby1uZW9cXC5jb2RleFxcdmlzdWFsaXphdGlvbnNcXDIwMjZcXDA5XFwxM1xcMDFhMDljYTAtM2E5NS03NDgyLTkwODMtYjcxNjA4ZjhlYzFiIiwiQzpcXFVzZXJzXFxvLW5lb1xcQXBwRGF0YVxcTG9jYWxcXFRlbXAiLCJDOlxcVXNlcnNcXG8tbmVvXFxEb2N1bWVudHNcXFZpcC1HZWNlLVdlYi1HZWxpc3Rpcm1lIl0sImRlbnlfcmVhZF9wYXRocyI6W10sImRlbnlfd3JpdGVfcGF0aHMiOlsiQzpcXFVzZXJzXFxvLW5lb1xcRG9jdW1lbnRzXFxWaXAtR2VjZS1XZWItR2VsaXN0aXJtZVxcLmdpdCIsIkM6XFxVc2Vyc1xcby1uZW9cXERvY3VtZW50c1xcVmlwLUdlY2UtV2ViLUdlbGlzdGlybWVcXC5naXQiXSwicHJveHlfcG9ydHMiOltdLCJhbGxvd19sb2NhbF9iaW5kaW5nIjpmYWxzZSwib3RlbCI6bnVsbCwicmVhbF91c2VyIjoiby1uZW8iLCJtb2RlIjoicmVhZC1hY2xzLW9ubHkiLCJyZWZyZXNoX29ubHkiOnRydWV9</Data><Data Name='TargetUserSid'>S-1-0-0</Data><Data Name='TargetUserName'>-</Data><Data Name='TargetDomainName'>-</Data><Data Name='TargetLogonId'>0x0</Data><Data Name='ParentProcessName'>C:\Users\o-neo\AppData\Local\OpenAI\Codex\bin\bffc5354119c8421\codex-windows-sandbox-setup.exe</Data><Data Name='MandatoryLabel'>S-1-16-8192</Data></EventData></Event><Event xmlns='http://schemas.microsoft.com/win/2004/08/events/event'><System><Provider Name='Microsoft-Windows-Security-Auditing' Guid='{54849625-5478-4994-a5ba-3e3b0328c30d}'/><EventID>4688</EventID><Version>2</Version><Level>0</Level><Task>13312</Task><Opcode>0</Opcode><Keywords>0x8020000000000000</Keywords><TimeCreated SystemTime='2026-09-13T21:21:55.6931420Z'/><EventRecordID>212136</EventRecordID><Correlation/><Execution ProcessID='4' ThreadID='12004'/><Channel>Security</Channel><Computer>DESKTOP-FOEGBB0</Computer><Security/></System><EventData><Data Name='SubjectUserSid'>S-1-5-21-404346624-2769923240-1900471442-1000</Data><Data Name='SubjectUserName'>o-neo</Data><Data Name='SubjectDomainName'>DESKTOP-FOEGBB0</Data><Data Name='SubjectLogonId'>0x695d3</Data><Data Name='NewProcessId'>0x318c</Data><Data Name='NewProcessName'>C:\Windows\System32\conhost.exe</Data><Data Name='TokenElevationType'>%%1938</Data><Data Name='ProcessId'>0x3254</Data><Data Name='CommandLine'>\??\C:\WINDOWS\system32\conhost.exe 0xffffffff -ForceV1</Data><Data Name='TargetUserSid'>S-1-0-0</Data><Data Name='TargetUserName'>-</Data><Data Name='TargetDomainName'>-</Data><Data Name='TargetLogonId'>0x0</Data><Data Name='ParentProcessName'>C:\Users\o-neo\AppData\Local\OpenAI\Codex\bin\bffc5354119c8421\codex-windows-sandbox-setup.exe</Data><Data Name='MandatoryLabel'>S-1-16-8192</Data></EventData></Event><Event xmlns='http://schemas.microsoft.com/win/2004/08/events/event'><System><Provider Name='Microsoft-Windows-Security-Auditing' Guid='{54849625-5478-4994-a5ba-3e3b0328c30d}'/><EventID>4688</EventID><Version>2</Version><Level>0</Level><Task>13312</Task><Opcode>0</Opcode><Keywords>0x8020000000000000</Keywords><TimeCreated SystemTime='2026-09-13T21:21:56.7003780Z'/><EventRecordID>212137</EventRecordID><Correlation/><Execution ProcessID='4' ThreadID='2848'/><Channel>Security</Channel><Computer>DESKTOP-FOEGBB0</Computer><Security/></System><EventData><Data Name='SubjectUserSid'>S-1-5-21-404346624-2769923240-1900471442-1000</Data><Data Name='SubjectUserName'>o-neo</Data><Data Name='SubjectDomainName'>DESKTOP-FOEGBB0</Data><Data Name='SubjectLogonId'>0x695d3</Data><Data Name='NewProcessId'>0x1828</Data><Data Name='NewProcessName'>C:\Tools\Node\node-v24.21.0-win-x64\node.exe</Data><Data Name='TokenElevationType'>%%1938</Data><Data Name='ProcessId'>0x324c</Data><Data Name='CommandLine'>"C:\Tools\Node\node-v24.21.0-win-x64\node.exe" -e "const fs=require('fs'),p=require('path'),q=['D:/04 Medya'],hits=[];let n=0,e=0;while(q.length){const d=q.pop();let es;try{es=fs.readdirSync(d,{withFileTypes:true});n++}catch{x++;continue}for(const x of es){if(x.isSymbolicLink()||!x.isDirectory())continue;const f=p.join(d,x.name);if(/vip|gece|escort|m[üu]þteri|profil/i.test(x.name))hits.push(f);q.push(f)}}console.log(JSON.stringify({directories:n,errors:e,hits},null,2))"</Data><Data Name='TargetUserSid'>S-1-0-0</Data><Data Name='TargetUserName'>-</Data><Data Name='TargetDomainName'>-</Data><Data Name='TargetLogonId'>0x0</Data><Data Name='ParentProcessName'>C:\Users\o-neo\.cache\codex-runtimes\codex-primary-runtime\dependencies\native\powershell\pwsh.exe</Data><Data Name='MandatoryLabel'>S-1-16-8192</Data></EventData></Event><Event xmlns='http://schemas.microsoft.com/win/2004/08/events/event'><System><Provider Name='Microsoft-Windows-Security-Auditing' Guid='{54849625-5478-4994-a5ba-3e3b0328c30d}'/><EventID>4688</EventID><Version>2</Version><Level>0</Level><Task>13312</Task><Opcode>0</Opcode><Keywords>0x8020000000000000</Keywords><TimeCreated SystemTime='2026-09-13T21:21:58.7313483Z'/><EventRecordID>212140</EventRecordID><Correlation/><Execution ProcessID='4' ThreadID='11868'/><Channel>Security</Channel><Computer>DESKTOP-FOEGBB0</Computer><Security/></System><EventData><Data Name='SubjectUserSid'>S-1-5-18</Data><Data Name='SubjectUserName'>DESKTOP-FOEGBB0$</Data><Data Name='SubjectDomainName'>WORKGROUP</Data><Data Name='SubjectLogonId'>0x3e7</Data><Data Name='NewProcessId'>0x1f94</Data><Data Name='NewProcessName'>C:\Windows\System32\svchost.exe</Data><Data Name='TokenElevationType'>%%1936</Data><Data Name='ProcessId'>0x25c</Data><Data Name='CommandLine'>C:\WINDOWS\system32\svchost.exe -k GPSvcGroup</Data><Data Name='TargetUserSid'>S-1-0-0</Data><Data Name='TargetUserName'>-</Data><Data Name='TargetDomainName'>-</Data><Data Name='TargetLogonId'>0x0</Data><Data Name='ParentProcessName'>C:\Windows\System32\services.exe</Data><Data Name='MandatoryLabel'>S-1-16-16384</Data></EventData></Event><Event xmlns='http://schemas.microsoft.com/win/2004/08/events/event'><System><Provider Name='Microsoft-Windows-Security-Auditing' Guid='{54849625-5478-4994-a5ba-3e3b0328c30d}'/><EventID>4688</EventID><Version>2</Version><Level>0</Level><Task>13312</Task><Opcode>0</Opcode><Keywords>0x8020000000000000</Keywords><TimeCreated SystemTime='2026-09-13T21:22:04.2221271Z'/><EventRecordID>212146</EventRecordID><Correlation/><Execution ProcessID='4' ThreadID='12004'/><Channel>Security</Channel><Computer>DESKTOP-FOEGBB0</Computer><Security/></System><EventData><Data Name='SubjectUserSid'>S-1-5-18</Data><Data Name='SubjectUserName'>DESKTOP-FOEGBB0$</Data><Data Name='SubjectDomainName'>WORKGROUP</Data><Data Name='SubjectLogonId'>0x3e7</Data><Data Name='NewProcessId'>0xef0</Data><Data Name='NewProcessName'>C:\Users\o-neo\.codex\.sandbox-bin\codex-command-runner-0.154.0-alpha.6.2.exe</Data><Data Name='TokenElevationType'>%%1936</Data><Data Name='ProcessId'>0x2d24</Data><Data Name='CommandLine'>C:\Users\o-neo\.codex\.sandbox-bin\codex-command-runner-0.154.0-alpha.6.2.exe --pipe-in=\\.\pipe\codex-runner-68e7797a5b05b907c492a78700f940c0-in --pipe-out=\\.\pipe\codex-runner-68e7797a5b05b907c492a78700f940c0-out</Data><Data Name='TargetUserSid'>S-1-0-0</Data><Data Name='TargetUserName'>CodexSandboxOffline</Data><Data Name='TargetDomainName'>DESKTOP-FOEGBB0</Data><Data Name='TargetLogonId'>0x36d35a7</Data><Data Name='ParentProcessName'>C:\Users\o-neo\AppData\Local\OpenAI\Codex\bin\bffc5354119c8421\codex.exe</Data><Data Name='MandatoryLabel'>S-1-16-8192</Data></EventData></Event>