<Event xmlns='http://schemas.microsoft.com/win/2004/08/events/event'><System><Provider Name='Microsoft-Windows-Security-Auditing' Guid='{54849625-5478-4994-a5ba-3e3b0328c30d}'/><EventID>4688</EventID><Version>2</Version><Level>0</Level><Task>13312</Task><Opcode>0</Opcode><Keywords>0x8020000000000000</Keywords><TimeCreated SystemTime='2026-09-13T21:12:16.2741077Z'/><EventRecordID>211507</EventRecordID><Correlation/><Execution ProcessID='4' ThreadID='11868'/><Channel>Security</Channel><Computer>DESKTOP-FOEGBB0</Computer><Security/></System><EventData><Data Name='SubjectUserSid'>S-1-5-21-404346624-2769923240-1900471442-1000</Data><Data Name='SubjectUserName'>o-neo</Data><Data Name='SubjectDomainName'>DESKTOP-FOEGBB0</Data><Data Name='SubjectLogonId'>0x695d3</Data><Data Name='NewProcessId'>0x29c0</Data><Data Name='NewProcessName'>C:\Windows\System32\conhost.exe</Data><Data Name='TokenElevationType'>%%1938</Data><Data Name='ProcessId'>0x196c</Data><Data Name='CommandLine'>\??\C:\WINDOWS\system32\conhost.exe 0xffffffff -ForceV1</Data><Data Name='TargetUserSid'>S-1-0-0</Data><Data Name='TargetUserName'>-</Data><Data Name='TargetDomainName'>-</Data><Data Name='TargetLogonId'>0x0</Data><Data Name='ParentProcessName'>C:\Users\o-neo\.cache\codex-runtimes\codex-primary-runtime\dependencies\native\git\cmd\git.exe</Data><Data Name='MandatoryLabel'>S-1-16-8192</Data></EventData></Event><Event xmlns='http://schemas.microsoft.com/win/2004/08/events/event'><System><Provider Name='Microsoft-Windows-Security-Auditing' Guid='{54849625-5478-4994-a5ba-3e3b0328c30d}'/><EventID>4688</EventID><Version>2</Version><Level>0</Level><Task>13312</Task><Opcode>0</Opcode><Keywords>0x8020000000000000</Keywords><TimeCreated SystemTime='2026-09-13T21:12:16.8269719Z'/><EventRecordID>211508</EventRecordID><Correlation/><Execution ProcessID='4' ThreadID='10056'/><Channel>Security</Channel><Computer>DESKTOP-FOEGBB0</Computer><Security/></System><EventData><Data Name='SubjectUserSid'>S-1-5-21-404346624-2769923240-1900471442-1000</Data><Data Name='SubjectUserName'>o-neo</Data><Data Name='SubjectDomainName'>DESKTOP-FOEGBB0</Data><Data Name='SubjectLogonId'>0x695d3</Data><Data Name='NewProcessId'>0x1764</Data><Data Name='NewProcessName'>C:\Users\o-neo\.cache\codex-runtimes\codex-primary-runtime\dependencies\native\git\mingw64\bin\git.exe</Data><Data Name='TokenElevationType'>%%1938</Data><Data Name='ProcessId'>0x3120</Data><Data Name='CommandLine'>git.exe -c safe.bareRepository=explicit -c core.hooksPath=NUL -c core.fsmonitor= status --no-renames --ignored=matching --untracked-files=all --porcelain=v1 -z -- .ssh_known_hosts docs/forensic-handoff-checkpoint-20260911.md public scripts/live-image-audit.mjs scripts/live-profile-image-inventory.mjs scripts/profile-image-record-inventory.js scripts/project-wide-word-audit.mjs scripts/retired-profile-image-audit.js</Data><Data Name='TargetUserSid'>S-1-0-0</Data><Data Name='TargetUserName'>-</Data><Data Name='TargetDomainName'>-</Data><Data Name='TargetLogonId'>0x0</Data><Data Name='ParentProcessName'>C:\Users\o-neo\.cache\codex-runtimes\codex-primary-runtime\dependencies\native\git\cmd\git.exe</Data><Data Name='MandatoryLabel'>S-1-16-8192</Data></EventData></Event><Event xmlns='http://schemas.microsoft.com/win/2004/08/events/event'><System><Provider Name='Microsoft-Windows-Security-Auditing' Guid='{54849625-5478-4994-a5ba-3e3b0328c30d}'/><EventID>4688</EventID><Version>2</Version><Level>0</Level><Task>13312</Task><Opcode>0</Opcode><Keywords>0x8020000000000000</Keywords><TimeCreated SystemTime='2026-09-13T21:12:16.9318655Z'/><EventRecordID>211509</EventRecordID><Correlation/><Execution ProcessID='4' ThreadID='12004'/><Channel>Security</Channel><Computer>DESKTOP-FOEGBB0</Computer><Security/></System><EventData><Data Name='SubjectUserSid'>S-1-5-21-404346624-2769923240-1900471442-1000</Data><Data Name='SubjectUserName'>o-neo</Data><Data Name='SubjectDomainName'>DESKTOP-FOEGBB0</Data><Data Name='SubjectLogonId'>0x695d3</Data><Data Name='NewProcessId'>0x114c</Data><Data Name='NewProcessName'>C:\Users\o-neo\.cache\codex-runtimes\codex-primary-runtime\dependencies\native\git\mingw64\bin\git.exe</Data><Data Name='TokenElevationType'>%%1938</Data><Data Name='ProcessId'>0x196c</Data><Data Name='CommandLine'>git.exe -c safe.bareRepository=explicit config --null --get core.fsmonitor</Data><Data Name='TargetUserSid'>S-1-0-0</Data><Data Name='TargetUserName'>-</Data><Data Name='TargetDomainName'>-</Data><Data Name='TargetLogonId'>0x0</Data><Data Name='ParentProcessName'>C:\Users\o-neo\.cache\codex-runtimes\codex-primary-runtime\dependencies\native\git\cmd\git.exe</Data><Data Name='MandatoryLabel'>S-1-16-8192</Data></EventData></Event><Event xmlns='http://schemas.microsoft.com/win/2004/08/events/event'><System><Provider Name='Microsoft-Windows-Security-Auditing' Guid='{54849625-5478-4994-a5ba-3e3b0328c30d}'/><EventID>4688</EventID><Version>2</Version><Level>0</Level><Task>13312</Task><Opcode>0</Opcode><Keywords>0x8020000000000000</Keywords><TimeCreated SystemTime='2026-09-13T21:12:17.3085289Z'/><EventRecordID>211510</EventRecordID><Correlation/><Execution ProcessID='4' ThreadID='11868'/><Channel>Security</Channel><Computer>DESKTOP-FOEGBB0</Computer><Security/></System><EventData><Data Name='SubjectUserSid'>S-1-5-21-404346624-2769923240-1900471442-1000</Data><Data Name='SubjectUserName'>o-neo</Data><Data Name='SubjectDomainName'>DESKTOP-FOEGBB0</Data><Data Name='SubjectLogonId'>0x695d3</Data><Data Name='NewProcessId'>0x1ae4</Data><Data Name='NewProcessName'>C:\Users\o-neo\.cache\codex-runtimes\codex-primary-runtime\dependencies\native\git\cmd\git.exe</Data><Data Name='TokenElevationType'>%%1938</Data><Data Name='ProcessId'>0x1e8</Data><Data Name='CommandLine'>C:\Users\o-neo\.cache\codex-runtimes\codex-primary-runtime\dependencies\native\git\cmd\git.exe -c safe.bareRepository=explicit -c core.hooksPath=NUL -c core.fsmonitor= hash-object --stdin-paths</Data><Data Name='TargetUserSid'>S-1-0-0</Data><Data Name='TargetUserName'>-</Data><Data Name='TargetDomainName'>-</Data><Data Name='TargetLogonId'>0x0</Data><Data Name='ParentProcessName'>C:\Program Files\WindowsApps\OpenAI.Codex_26.908.4834.0_x64__2p2nqsd0c76g0\app\ChatGPT.exe</Data><Data Name='MandatoryLabel'>S-1-16-8192</Data></EventData></Event><Event xmlns='http://schemas.microsoft.com/win/2004/08/events/event'><System><Provider Name='Microsoft-Windows-Security-Auditing' Guid='{54849625-5478-4994-a5ba-3e3b0328c30d}'/><EventID>4688</EventID><Version>2</Version><Level>0</Level><Task>13312</Task><Opcode>0</Opcode><Keywords>0x8020000000000000</Keywords><TimeCreated SystemTime='2026-09-13T21:12:17.3391933Z'/><EventRecordID>211511</EventRecordID><Correlation/><Execution ProcessID='4' ThreadID='11868'/><Channel>Security</Channel><Computer>DESKTOP-FOEGBB0</Computer><Security/></System><EventData><Data Name='SubjectUserSid'>S-1-5-21-404346624-2769923240-1900471442-1000</Data><Data Name='SubjectUserName'>o-neo</Data><Data Name='SubjectDomainName'>DESKTOP-FOEGBB0</Data><Data Name='SubjectLogonId'>0x695d3</Data><Data Name='NewProcessId'>0x2704</Data><Data Name='NewProcessName'>C:\Windows\System32\taskkill.exe</Data><Data Name='TokenElevationType'>%%1938</Data><Data Name='ProcessId'>0x1e8</Data><Data Name='CommandLine'>C:\WINDOWS\System32\taskkill.exe /pid 6884 /t /f</Data><Data Name='TargetUserSid'>S-1-0-0</Data><Data Name='TargetUserName'>-</Data><Data Name='TargetDomainName'>-</Data><Data Name='TargetLogonId'>0x0</Data><Data Name='ParentProcessName'>C:\Program Files\WindowsApps\OpenAI.Codex_26.908.4834.0_x64__2p2nqsd0c76g0\app\ChatGPT.exe</Data><Data Name='MandatoryLabel'>S-1-16-8192</Data></EventData></Event><Event xmlns='http://schemas.microsoft.com/win/2004/08/events/event'><System><Provider Name='Microsoft-Windows-Security-Auditing' Guid='{54849625-5478-4994-a5ba-3e3b0328c30d}'/><EventID>4688</EventID><Version>2</Version><Level>0</Level><Task>13312</Task><Opcode>0</Opcode><Keywords>0x8020000000000000</Keywords><TimeCreated SystemTime='2026-09-13T21:12:17.3845468Z'/><EventRecordID>211512</EventRecordID><Correlation/><Execution ProcessID='4' ThreadID='11868'/><Channel>Security</Channel><Computer>DESKTOP-FOEGBB0</Computer><Security/></System><EventData><Data Name='SubjectUserSid'>S-1-5-21-404346624-2769923240-1900471442-1000</Data><Data Name='SubjectUserName'>o-neo</Data><Data Name='SubjectDomainName'>DESKTOP-FOEGBB0</Data><Data Name='SubjectLogonId'>0x695d3</Data><Data Name='NewProcessId'>0x289c</Data><Data Name='NewProcessName'>C:\Users\o-neo\.cache\codex-runtimes\codex-primary-runtime\dependencies\native\git\cmd\git.exe</Data><Data Name='TokenElevationType'>%%1938</Data><Data Name='ProcessId'>0x1e8</Data><Data Name='CommandLine'>C:\Users\o-neo\.cache\codex-runtimes\codex-primary-runtime\dependencies\native\git\cmd\git.exe -c safe.bareRepository=explicit config --null --get core.fsmonitor</Data><Data Name='TargetUserSid'>S-1-0-0</Data><Data Name='TargetUserName'>-</Data><Data Name='TargetDomainName'>-</Data><Data Name='TargetLogonId'>0x0</Data><Data Name='ParentProcessName'>C:\Program Files\WindowsApps\OpenAI.Codex_26.908.4834.0_x64__2p2nqsd0c76g0\app\ChatGPT.exe</Data><Data Name='MandatoryLabel'>S-1-16-8192</Data></EventData></Event><Event xmlns='http://schemas.microsoft.com/win/2004/08/events/event'><System><Provider Name='Microsoft-Windows-Security-Auditing' Guid='{54849625-5478-4994-a5ba-3e3b0328c30d}'/><EventID>4688</EventID><Version>2</Version><Level>0</Level><Task>13312</Task><Opcode>0</Opcode><Keywords>0x8020000000000000</Keywords><TimeCreated SystemTime='2026-09-13T21:12:17.3900087Z'/><EventRecordID>211513</EventRecordID><Correlation/><Execution ProcessID='4' ThreadID='11868'/><Channel>Security</Channel><Computer>DESKTOP-FOEGBB0</Computer><Security/></System><EventData><Data Name='SubjectUserSid'>S-1-5-21-404346624-2769923240-1900471442-1000</Data><Data Name='SubjectUserName'>o-neo</Data><Data Name='SubjectDomainName'>DESKTOP-FOEGBB0</Data><Data Name='SubjectLogonId'>0x695d3</Data><Data Name='NewProcessId'>0x3fc</Data><Data Name='NewProcessName'>C:\Windows\System32\conhost.exe</Data><Data Name='TokenElevationType'>%%1938</Data><Data Name='ProcessId'>0x1ae4</Data><Data Name='CommandLine'>\??\C:\WINDOWS\system32\conhost.exe 0xffffffff -ForceV1</Data><Data Name='TargetUserSid'>S-1-0-0</Data><Data Name='TargetUserName'>-</Data><Data Name='TargetDomainName'>-</Data><Data Name='TargetLogonId'>0x0</Data><Data Name='ParentProcessName'>C:\Users\o-neo\.cache\codex-runtimes\codex-primary-runtime\dependencies\native\git\cmd\git.exe</Data><Data Name='MandatoryLabel'>S-1-16-8192</Data></EventData></Event><Event xmlns='http://schemas.microsoft.com/win/2004/08/events/event'><System><Provider Name='Microsoft-Windows-Security-Auditing' Guid='{54849625-5478-4994-a5ba-3e3b0328c30d}'/><EventID>4688</EventID><Version>2</Version><Level>0</Level><Task>13312</Task><Opcode>0</Opcode><Keywords>0x8020000000000000</Keywords><TimeCreated SystemTime='2026-09-13T21:12:17.4259532Z'/><EventRecordID>211514</EventRecordID><Correlation/><Execution ProcessID='4' ThreadID='11868'/><Channel>Security</Channel><Computer>DESKTOP-FOEGBB0</Computer><Security/></System><EventData><Data Name='SubjectUserSid'>S-1-5-21-404346624-2769923240-1900471442-1000</Data><Data Name='SubjectUserName'>o-neo</Data><Data Name='SubjectDomainName'>DESKTOP-FOEGBB0</Data><Data Name='SubjectLogonId'>0x695d3</Data><Data Name='NewProcessId'>0x2f38</Data><Data Name='NewProcessName'>C:\Windows\System32\conhost.exe</Data><Data Name='TokenElevationType'>%%1938</Data><Data Name='ProcessId'>0x2704</Data><Data Name='CommandLine'>\??\C:\WINDOWS\system32\conhost.exe 0xffffffff -ForceV1</Data><Data Name='TargetUserSid'>S-1-0-0</Data><Data Name='TargetUserName'>-</Data><Data Name='TargetDomainName'>-</Data><Data Name='TargetLogonId'>0x0</Data><Data Name='ParentProcessName'>C:\Windows\System32\taskkill.exe</Data><Data Name='MandatoryLabel'>S-1-16-8192</Data></EventData></Event><Event xmlns='http://schemas.microsoft.com/win/2004/08/events/event'><System><Provider Name='Microsoft-Windows-Security-Auditing' Guid='{54849625-5478-4994-a5ba-3e3b0328c30d}'/><EventID>4688</EventID><Version>2</Version><Level>0</Level><Task>13312</Task><Opcode>0</Opcode><Keywords>0x8020000000000000</Keywords><TimeCreated SystemTime='2026-09-13T21:12:17.4473124Z'/><EventRecordID>211515</EventRecordID><Correlation/><Execution ProcessID='4' ThreadID='11868'/><Channel>Security</Channel><Computer>DESKTOP-FOEGBB0</Computer><Security/></System><EventData><Data Name='SubjectUserSid'>S-1-5-21-404346624-2769923240-1900471442-1000</Data><Data Name='SubjectUserName'>o-neo</Data><Data Name='SubjectDomainName'>DESKTOP-FOEGBB0</Data><Data Name='SubjectLogonId'>0x695d3</Data><Data Name='NewProcessId'>0x3288</Data><Data Name='NewProcessName'>C:\Windows\System32\conhost.exe</Data><Data Name='TokenElevationType'>%%1938</Data><Data Name='ProcessId'>0x289c</Data><Data Name='CommandLine'>\??\C:\WINDOWS\system32\conhost.exe 0xffffffff -ForceV1</Data><Data Name='TargetUserSid'>S-1-0-0</Data><Data Name='TargetUserName'>-</Data><Data Name='TargetDomainName'>-</Data><Data Name='TargetLogonId'>0x0</Data><Data Name='ParentProcessName'>C:\Users\o-neo\.cache\codex-runtimes\codex-primary-runtime\dependencies\native\git\cmd\git.exe</Data><Data Name='MandatoryLabel'>S-1-16-8192</Data></EventData></Event><Event xmlns='http://schemas.microsoft.com/win/2004/08/events/event'><System><Provider Name='Microsoft-Windows-Security-Auditing' Guid='{54849625-5478-4994-a5ba-3e3b0328c30d}'/><EventID>4688</EventID><Version>2</Version><Level>0</Level><Task>13312</Task><Opcode>0</Opcode><Keywords>0x8020000000000000</Keywords><TimeCreated SystemTime='2026-09-13T21:12:17.8547257Z'/><EventRecordID>211516</EventRecordID><Correlation/><Execution ProcessID='4' ThreadID='10056'/><Channel>Security</Channel><Computer>DESKTOP-FOEGBB0</Computer><Security/></System><EventData><Data Name='SubjectUserSid'>S-1-5-21-404346624-2769923240-1900471442-1000</Data><Data Name='SubjectUserName'>o-neo</Data><Data Name='SubjectDomainName'>DESKTOP-FOEGBB0</Data><Data Name='SubjectLogonId'>0x695d3</Data><Data Name='NewProcessId'>0x330c</Data><Data Name='NewProcessName'>C:\Users\o-neo\.cache\codex-runtimes\codex-primary-runtime\dependencies\native\git\mingw64\bin\git.exe</Data><Data Name='TokenElevationType'>%%1938</Data><Data Name='ProcessId'>0x1ae4</Data><Data Name='CommandLine'>git.exe -c safe.bareRepository=explicit -c core.hooksPath=NUL -c core.fsmonitor= hash-object --stdin-paths</Data><Data Name='TargetUserSid'>S-1-0-0</Data><Data Name='TargetUserName'>-</Data><Data Name='TargetDomainName'>-</Data><Data Name='TargetLogonId'>0x0</Data><Data Name='ParentProcessName'>C:\Users\o-neo\.cache\codex-runtimes\codex-primary-runtime\dependencies\native\git\cmd\git.exe</Data><Data Name='MandatoryLabel'>S-1-16-8192</Data></EventData></Event><Event xmlns='http://schemas.microsoft.com/win/2004/08/events/event'><System><Provider Name='Microsoft-Windows-Security-Auditing' Guid='{54849625-5478-4994-a5ba-3e3b0328c30d}'/><EventID>4688</EventID><Version>2</Version><Level>0</Level><Task>13312</Task><Opcode>0</Opcode><Keywords>0x8020000000000000</Keywords><TimeCreated SystemTime='2026-09-13T21:12:17.9041517Z'/><EventRecordID>211517</EventRecordID><Correlation/><Execution ProcessID='4' ThreadID='1676'/><Channel>Security</Channel><Computer>DESKTOP-FOEGBB0</Computer><Security/></System><EventData><Data Name='SubjectUserSid'>S-1-5-21-404346624-2769923240-1900471442-1000</Data><Data Name='SubjectUserName'>o-neo</Data><Data Name='SubjectDomainName'>DESKTOP-FOEGBB0</Data><Data Name='SubjectLogonId'>0x695d3</Data><Data Name='NewProcessId'>0x21f4</Data><Data Name='NewProcessName'>C:\Users\o-neo\.cache\codex-runtimes\codex-primary-runtime\dependencies\native\git\mingw64\bin\git.exe</Data><Data Name='TokenElevationType'>%%1938</Data><Data Name='ProcessId'>0x289c</Data><Data Name='CommandLine'>git.exe -c safe.bareRepository=explicit config --null --get core.fsmonitor</Data><Data Name='TargetUserSid'>S-1-0-0</Data><Data Name='TargetUserName'>-</Data><Data Name='TargetDomainName'>-</Data><Data Name='TargetLogonId'>0x0</Data><Data Name='ParentProcessName'>C:\Users\o-neo\.cache\codex-runtimes\codex-primary-runtime\dependencies\native\git\cmd\git.exe</Data><Data Name='MandatoryLabel'>S-1-16-8192</Data></EventData></Event><Event xmlns='http://schemas.microsoft.com/win/2004/08/events/event'><System><Provider Name='Microsoft-Windows-Security-Auditing' Guid='{54849625-5478-4994-a5ba-3e3b0328c30d}'/><EventID>4688</EventID><Version>2</Version><Level>0</Level><Task>13312</Task><Opcode>0</Opcode><Keywords>0x8020000000000000</Keywords><TimeCreated SystemTime='2026-09-13T21:12:18.2624898Z'/><EventRecordID>211518</EventRecordID><Correlation/><Execution ProcessID='4' ThreadID='11868'/><Channel>Security</Channel><Computer>DESKTOP-FOEGBB0</Computer><Security/></System><EventData><Data Name='SubjectUserSid'>S-1-5-21-404346624-2769923240-1900471442-1000</Data><Data Name='SubjectUserName'>o-neo</Data><Data Name='SubjectDomainName'>DESKTOP-FOEGBB0</Data><Data Name='SubjectLogonId'>0x695d3</Data><Data Name='NewProcessId'>0x2864</Data><Data Name='NewProcessName'>C:\Users\o-neo\.cache\codex-runtimes\codex-primary-runtime\dependencies\native\git\cmd\git.exe</Data><Data Name='TokenElevationType'>%%1938</Data><Data Name='ProcessId'>0x1e8</Data><Data Name='CommandLine'>C:\Users\o-neo\.cache\codex-runtimes\codex-primary-runtime\dependencies\native\git\cmd\git.exe -c attr.tree= -c core.attributesFile= -c filter.lfs.clean= -c filter.lfs.smudge= -c filter.lfs.process= -c filter.lfs.required=false -c safe.bareRepository=explicit -c core.hooksPath=NUL -c core.fsmonitor= status --renames --porcelain=v1 -z --untracked-files=no</Data><Data Name='TargetUserSid'>S-1-0-0</Data><Data Name='TargetUserName'>-</Data><Data Name='TargetDomainName'>-</Data><Data Name='TargetLogonId'>0x0</Data><Data Name='ParentProcessName'>C:\Program Files\WindowsApps\OpenAI.Codex_26.908.4834.0_x64__2p2nqsd0c76g0\app\ChatGPT.exe</Data><Data Name='MandatoryLabel'>S-1-16-8192</Data></EventData></Event><Event xmlns='http://schemas.microsoft.com/win/2004/08/events/event'><System><Provider Name='Microsoft-Windows-Security-Auditing' Guid='{54849625-5478-4994-a5ba-3e3b0328c30d}'/><EventID>4688</EventID><Version>2</Version><Level>0</Level><Task>13312</Task><Opcode>0</Opcode><Keywords>0x8020000000000000</Keywords><TimeCreated SystemTime='2026-09-13T21:12:18.3650642Z'/><EventRecordID>211519</EventRecordID><Correlation/><Execution ProcessID='4' ThreadID='10056'/><Channel>Security</Channel><Computer>DESKTOP-FOEGBB0</Computer><Security/></System><EventData><Data Name='SubjectUserSid'>S-1-5-21-404346624-2769923240-1900471442-1000</Data><Data Name='SubjectUserName'>o-neo</Data><Data Name='SubjectDomainName'>DESKTOP-FOEGBB0</Data><Data Name='SubjectLogonId'>0x695d3</Data><Data Name='NewProcessId'>0x2174</Data><Data Name='NewProcessName'>C:\Users\o-neo\.cache\codex-runtimes\codex-primary-runtime\dependencies\native\git\cmd\git.exe</Data><Data Name='TokenElevationType'>%%1938</Data><Data Name='ProcessId'>0x1e8</Data><Data Name='CommandLine'>C:\Users\o-neo\.cache\codex-runtimes\codex-primary-runtime\dependencies\native\git\cmd\git.exe -c safe.bareRepository=explicit config --null --get core.fsmonitor</Data><Data Name='TargetUserSid'>S-1-0-0</Data><Data Name='TargetUserName'>-</Data><Data Name='TargetDomainName'>-</Data><Data Name='TargetLogonId'>0x0</Data><Data Name='ParentProcessName'>C:\Program Files\WindowsApps\OpenAI.Codex_26.908.4834.0_x64__2p2nqsd0c76g0\app\ChatGPT.exe</Data><Data Name='MandatoryLabel'>S-1-16-8192</Data></EventData></Event><Event xmlns='http://schemas.microsoft.com/win/2004/08/events/event'><System><Provider Name='Microsoft-Windows-Security-Auditing' Guid='{54849625-5478-4994-a5ba-3e3b0328c30d}'/><EventID>4688</EventID><Version>2</Version><Level>0</Level><Task>13312</Task><Opcode>0</Opcode><Keywords>0x8020000000000000</Keywords><TimeCreated SystemTime='2026-09-13T21:12:18.4019359Z'/><EventRecordID>211520</EventRecordID><Correlation/><Execution ProcessID='4' ThreadID='10056'/><Channel>Security</Channel><Computer>DESKTOP-FOEGBB0</Computer><Security/></System><EventData><Data Name='SubjectUserSid'>S-1-5-21-404346624-2769923240-1900471442-1000</Data><Data Name='SubjectUserName'>o-neo</Data><Data Name='SubjectDomainName'>DESKTOP-FOEGBB0</Data><Data Name='SubjectLogonId'>0x695d3</Data><Data Name='NewProcessId'>0x3330</Data><Data Name='NewProcessName'>C:\Windows\System32\conhost.exe</Data><Data Name='TokenElevationType'>%%1938</Data><Data Name='ProcessId'>0x2864</Data><Data Name='CommandLine'>\??\C:\WINDOWS\system32\conhost.exe 0xffffffff -ForceV1</Data><Data Name='TargetUserSid'>S-1-0-0</Data><Data Name='TargetUserName'>-</Data><Data Name='TargetDomainName'>-</Data><Data Name='TargetLogonId'>0x0</Data><Data Name='ParentProcessName'>C:\Users\o-neo\.cache\codex-runtimes\codex-primary-runtime\dependencies\native\git\cmd\git.exe</Data><Data Name='MandatoryLabel'>S-1-16-8192</Data></EventData></Event><Event xmlns='http://schemas.microsoft.com/win/2004/08/events/event'><System><Provider Name='Microsoft-Windows-Security-Auditing' Guid='{54849625-5478-4994-a5ba-3e3b0328c30d}'/><EventID>4688</EventID><Version>2</Version><Level>0</Level><Task>13312</Task><Opcode>0</Opcode><Keywords>0x8020000000000000</Keywords><TimeCreated SystemTime='2026-09-13T21:12:18.4872336Z'/><EventRecordID>211521</EventRecordID><Correlation/><Execution ProcessID='4' ThreadID='10056'/><Channel>Security</Channel><Computer>DESKTOP-FOEGBB0</Computer><Security/></System><EventData><Data Name='SubjectUserSid'>S-1-5-21-404346624-2769923240-1900471442-1000</Data><Data Name='SubjectUserName'>o-neo</Data><Data Name='SubjectDomainName'>DESKTOP-FOEGBB0</Data><Data Name='SubjectLogonId'>0x695d3</Data><Data Name='NewProcessId'>0x3168</Data><Data Name='NewProcessName'>C:\Windows\System32\conhost.exe</Data><Data Name='TokenElevationType'>%%1938</Data><Data Name='ProcessId'>0x2174</Data><Data Name='CommandLine'>\??\C:\WINDOWS\system32\conhost.exe 0xffffffff -ForceV1</Data><Data Name='TargetUserSid'>S-1-0-0</Data><Data Name='TargetUserName'>-</Data><Data Name='TargetDomainName'>-</Data><Data Name='TargetLogonId'>0x0</Data><Data Name='ParentProcessName'>C:\Users\o-neo\.cache\codex-runtimes\codex-primary-runtime\dependencies\native\git\cmd\git.exe</Data><Data Name='MandatoryLabel'>S-1-16-8192</Data></EventData></Event><Event xmlns='http://schemas.microsoft.com/win/2004/08/events/event'><System><Provider Name='Microsoft-Windows-Security-Auditing' Guid='{54849625-5478-4994-a5ba-3e3b0328c30d}'/><EventID>4688</EventID><Version>2</Version><Level>0</Level><Task>13312</Task><Opcode>0</Opcode><Keywords>0x8020000000000000</Keywords><TimeCreated SystemTime='2026-09-13T21:12:18.6811101Z'/><EventRecordID>211522</EventRecordID><Correlation/><Execution ProcessID='4' ThreadID='1676'/><Channel>Security</Channel><Computer>DESKTOP-FOEGBB0</Computer><Security/></System><EventData><Data Name='SubjectUserSid'>S-1-5-21-404346624-2769923240-1900471442-1000</Data><Data Name='SubjectUserName'>o-neo</Data><Data Name='SubjectDomainName'>DESKTOP-FOEGBB0</Data><Data Name='SubjectLogonId'>0x695d3</Data><Data Name='NewProcessId'>0x2c3c</Data><Data Name='NewProcessName'>C:\Users\o-neo\.cache\codex-runtimes\codex-primary-runtime\dependencies\native\git\mingw64\bin\git.exe</Data><Data Name='TokenElevationType'>%%1938</Data><Data Name='ProcessId'>0x2864</Data><Data Name='CommandLine'>git.exe -c attr.tree= -c core.attributesFile= -c filter.lfs.clean= -c filter.lfs.smudge= -c filter.lfs.process= -c filter.lfs.required=false -c safe.bareRepository=explicit -c core.hooksPath=NUL -c core.fsmonitor= status --renames --porcelain=v1 -z --untracked-files=no</Data><Data Name='TargetUserSid'>S-1-0-0</Data><Data Name='TargetUserName'>-</Data><Data Name='TargetDomainName'>-</Data><Data Name='TargetLogonId'>0x0</Data><Data Name='ParentProcessName'>C:\Users\o-neo\.cache\codex-runtimes\codex-primary-runtime\dependencies\native\git\cmd\git.exe</Data><Data Name='MandatoryLabel'>S-1-16-8192</Data></EventData></Event><Event xmlns='http://schemas.microsoft.com/win/2004/08/events/event'><System><Provider Name='Microsoft-Windows-Security-Auditing' Guid='{54849625-5478-4994-a5ba-3e3b0328c30d}'/><EventID>4688</EventID><Version>2</Version><Level>0</Level><Task>13312</Task><Opcode>0</Opcode><Keywords>0x8020000000000000</Keywords><TimeCreated SystemTime='2026-09-13T21:12:18.8572552Z'/><EventRecordID>211523</EventRecordID><Correlation/><Execution ProcessID='4' ThreadID='1676'/><Channel>Security</Channel><Computer>DESKTOP-FOEGBB0</Computer><Security/></System><EventData><Data Name='SubjectUserSid'>S-1-5-21-404346624-2769923240-1900471442-1000</Data><Data Name='SubjectUserName'>o-neo</Data><Data Name='SubjectDomainName'>DESKTOP-FOEGBB0</Data><Data Name='SubjectLogonId'>0x695d3</Data><Data Name='NewProcessId'>0x1624</Data><Data Name='NewProcessName'>C:\Users\o-neo\.cache\codex-runtimes\codex-primary-runtime\dependencies\native\git\mingw64\bin\git.exe</Data><Data Name='TokenElevationType'>%%1938</Data><Data Name='ProcessId'>0x2174</Data><Data Name='CommandLine'>git.exe -c safe.bareRepository=explicit config --null --get core.fsmonitor</Data><Data Name='TargetUserSid'>S-1-0-0</Data><Data Name='TargetUserName'>-</Data><Data Name='TargetDomainName'>-</Data><Data Name='TargetLogonId'>0x0</Data><Data Name='ParentProcessName'>C:\Users\o-neo\.cache\codex-runtimes\codex-primary-runtime\dependencies\native\git\cmd\git.exe</Data><Data Name='MandatoryLabel'>S-1-16-8192</Data></EventData></Event><Event xmlns='http://schemas.microsoft.com/win/2004/08/events/event'><System><Provider Name='Microsoft-Windows-Security-Auditing' Guid='{54849625-5478-4994-a5ba-3e3b0328c30d}'/><EventID>4688</EventID><Version>2</Version><Level>0</Level><Task>13312</Task><Opcode>0</Opcode><Keywords>0x8020000000000000</Keywords><TimeCreated SystemTime='2026-09-13T21:12:19.3146433Z'/><EventRecordID>211524</EventRecordID><Correlation/><Execution ProcessID='4' ThreadID='10056'/><Channel>Security</Channel><Computer>DESKTOP-FOEGBB0</Computer><Security/></System><EventData><Data Name='SubjectUserSid'>S-1-5-21-404346624-2769923240-1900471442-1000</Data><Data Name='SubjectUserName'>o-neo</Data><Data Name='SubjectDomainName'>DESKTOP-FOEGBB0</Data><Data Name='SubjectLogonId'>0x695d3</Data><Data Name='NewProcessId'>0x2444</Data><Data Name='NewProcessName'>C:\Users\o-neo\.cache\codex-runtimes\codex-primary-runtime\dependencies\native\git\cmd\git.exe</Data><Data Name='TokenElevationType'>%%1938</Data><Data Name='ProcessId'>0x1e8</Data><Data Name='CommandLine'>C:\Users\o-neo\.cache\codex-runtimes\codex-primary-runtime\dependencies\native\git\cmd\git.exe -c safe.bareRepository=explicit config --null --get core.fsmonitor</Data><Data Name='TargetUserSid'>S-1-0-0</Data><Data Name='TargetUserName'>-</Data><Data Name='TargetDomainName'>-</Data><Data Name='TargetLogonId'>0x0</Data><Data Name='ParentProcessName'>C:\Program Files\WindowsApps\OpenAI.Codex_26.908.4834.0_x64__2p2nqsd0c76g0\app\ChatGPT.exe</Data><Data Name='MandatoryLabel'>S-1-16-8192</Data></EventData></Event><Event xmlns='http://schemas.microsoft.com/win/2004/08/events/event'><System><Provider Name='Microsoft-Windows-Security-Auditing' Guid='{54849625-5478-4994-a5ba-3e3b0328c30d}'/><EventID>4688</EventID><Version>2</Version><Level>0</Level><Task>13312</Task><Opcode>0</Opcode><Keywords>0x8020000000000000</Keywords><TimeCreated SystemTime='2026-09-13T21:12:19.3476971Z'/><EventRecordID>211525</EventRecordID><Correlation/><Execution ProcessID='4' ThreadID='10056'/><Channel>Security</Channel><Computer>DESKTOP-FOEGBB0</Computer><Security/></System><EventData><Data Name='SubjectUserSid'>S-1-5-21-404346624-2769923240-1900471442-1000</Data><Data Name='SubjectUserName'>o-neo</Data><Data Name='SubjectDomainName'>DESKTOP-FOEGBB0</Data><Data Name='SubjectLogonId'>0x695d3</Data><Data Name='NewProcessId'>0x454</Data><Data Name='NewProcessName'>C:\Windows\System32\conhost.exe</Data><Data Name='TokenElevationType'>%%1938</Data><Data Name='ProcessId'>0x2444</Data><Data Name='CommandLine'>\??\C:\WINDOWS\system32\conhost.exe 0xffffffff -ForceV1</Data><Data Name='TargetUserSid'>S-1-0-0</Data><Data Name='TargetUserName'>-</Data><Data Name='TargetDomainName'>-</Data><Data Name='TargetLogonId'>0x0</Data><Data Name='ParentProcessName'>C:\Users\o-neo\.cache\codex-runtimes\codex-primary-runtime\dependencies\native\git\cmd\git.exe</Data><Data Name='MandatoryLabel'>S-1-16-8192</Data></EventData></Event><Event xmlns='http://schemas.microsoft.com/win/2004/08/events/event'><System><Provider Name='Microsoft-Windows-Security-Auditing' Guid='{54849625-5478-4994-a5ba-3e3b0328c30d}'/><EventID>4688</EventID><Version>2</Version><Level>0</Level><Task>13312</Task><Opcode>0</Opcode><Keywords>0x8020000000000000</Keywords><TimeCreated SystemTime='2026-09-13T21:12:19.3502021Z'/><EventRecordID>211526</EventRecordID><Correlation/><Execution ProcessID='4' ThreadID='10056'/><Channel>Security</Channel><Computer>DESKTOP-FOEGBB0</Computer><Security/></System><EventData><Data Name='SubjectUserSid'>S-1-5-21-404346624-2769923240-1900471442-1000</Data><Data Name='SubjectUserName'>o-neo</Data><Data Name='SubjectDomainName'>DESKTOP-FOEGBB0</Data><Data Name='SubjectLogonId'>0x695d3</Data><Data Name='NewProcessId'>0x16c8</Data><Data Name='NewProcessName'>C:\Users\o-neo\.cache\codex-runtimes\codex-primary-runtime\dependencies\native\git\cmd\git.exe</Data><Data Name='TokenElevationType'>%%1938</Data><Data Name='ProcessId'>0x1e8</Data><Data Name='CommandLine'>C:\Users\o-neo\.cache\codex-runtimes\codex-primary-runtime\dependencies\native\git\cmd\git.exe -c safe.bareRepository=explicit -c core.hooksPath=NUL -c core.fsmonitor= status --no-renames --ignored=matching --untracked-files=all --porcelain=v1 -z -- ops public/vendor src public/components public/css public/downloads public/js/detail public/js/home public/js/landing</Data><Data Name='TargetUserSid'>S-1-0-0</Data><Data Name='TargetUserName'>-</Data><Data Name='TargetDomainName'>-</Data><Data Name='TargetLogonId'>0x0</Data><Data Name='ParentProcessName'>C:\Program Files\WindowsApps\OpenAI.Codex_26.908.4834.0_x64__2p2nqsd0c76g0\app\ChatGPT.exe</Data><Data Name='MandatoryLabel'>S-1-16-8192</Data></EventData></Event><Event xmlns='http://schemas.microsoft.com/win/2004/08/events/event'><System><Provider Name='Microsoft-Windows-Security-Auditing' Guid='{54849625-5478-4994-a5ba-3e3b0328c30d}'/><EventID>4688</EventID><Version>2</Version><Level>0</Level><Task>13312</Task><Opcode>0</Opcode><Keywords>0x8020000000000000</Keywords><TimeCreated SystemTime='2026-09-13T21:12:19.4017235Z'/><EventRecordID>211527</EventRecordID><Correlation/><Execution ProcessID='4' ThreadID='10056'/><Channel>Security</Channel><Computer>DESKTOP-FOEGBB0</Computer><Security/></System><EventData><Data Name='SubjectUserSid'>S-1-5-21-404346624-2769923240-1900471442-1000</Data><Data Name='SubjectUserName'>o-neo</Data><Data Name='SubjectDomainName'>DESKTOP-FOEGBB0</Data><Data Name='SubjectLogonId'>0x695d3</Data><Data Name='NewProcessId'>0x14c4</Data><Data Name='NewProcessName'>C:\Windows\System32\conhost.exe</Data><Data Name='TokenElevationType'>%%1938</Data><Data Name='ProcessId'>0x16c8</Data><Data Name='CommandLine'>\??\C:\WINDOWS\system32\conhost.exe 0xffffffff -ForceV1</Data><Data Name='TargetUserSid'>S-1-0-0</Data><Data Name='TargetUserName'>-</Data><Data Name='TargetDomainName'>-</Data><Data Name='TargetLogonId'>0x0</Data><Data Name='ParentProcessName'>C:\Users\o-neo\.cache\codex-runtimes\codex-primary-runtime\dependencies\native\git\cmd\git.exe</Data><Data Name='MandatoryLabel'>S-1-16-8192</Data></EventData></Event><Event xmlns='http://schemas.microsoft.com/win/2004/08/events/event'><System><Provider Name='Microsoft-Windows-Security-Auditing' Guid='{54849625-5478-4994-a5ba-3e3b0328c30d}'/><EventID>4688</EventID><Version>2</Version><Level>0</Level><Task>13312</Task><Opcode>0</Opcode><Keywords>0x8020000000000000</Keywords><TimeCreated SystemTime='2026-09-13T21:12:19.5388438Z'/><EventRecordID>211528</EventRecordID><Correlation/><Execution ProcessID='4' ThreadID='10056'/><Channel>Security</Channel><Computer>DESKTOP-FOEGBB0</Computer><Security/></System><EventData><Data Name='SubjectUserSid'>S-1-5-21-404346624-2769923240-1900471442-1000</Data><Data Name='SubjectUserName'>o-neo</Data><Data Name='SubjectDomainName'>DESKTOP-FOEGBB0</Data><Data Name='SubjectLogonId'>0x695d3</Data><Data Name='NewProcessId'>0xfb4</Data><Data Name='NewProcessName'>C:\Users\o-neo\.cache\codex-runtimes\codex-primary-runtime\dependencies\native\git\mingw64\bin\git.exe</Data><Data Name='TokenElevationType'>%%1938</Data><Data Name='ProcessId'>0x2444</Data><Data Name='CommandLine'>git.exe -c safe.bareRepository=explicit config --null --get core.fsmonitor</Data><Data Name='TargetUserSid'>S-1-0-0</Data><Data Name='TargetUserName'>-</Data><Data Name='TargetDomainName'>-</Data><Data Name='TargetLogonId'>0x0</Data><Data Name='ParentProcessName'>C:\Users\o-neo\.cache\codex-runtimes\codex-primary-runtime\dependencies\native\git\cmd\git.exe</Data><Data Name='MandatoryLabel'>S-1-16-8192</Data></EventData></Event><Event xmlns='http://schemas.microsoft.com/win/2004/08/events/event'><System><Provider Name='Microsoft-Windows-Security-Auditing' Guid='{54849625-5478-4994-a5ba-3e3b0328c30d}'/><EventID>4688</EventID><Version>2</Version><Level>0</Level><Task>13312</Task><Opcode>0</Opcode><Keywords>0x8020000000000000</Keywords><TimeCreated SystemTime='2026-09-13T21:12:19.5670162Z'/><EventRecordID>211529</EventRecordID><Correlation/><Execution ProcessID='4' ThreadID='10056'/><Channel>Security</Channel><Computer>DESKTOP-FOEGBB0</Computer><Security/></System><EventData><Data Name='SubjectUserSid'>S-1-5-21-404346624-2769923240-1900471442-1000</Data><Data Name='SubjectUserName'>o-neo</Data><Data Name='SubjectDomainName'>DESKTOP-FOEGBB0</Data><Data Name='SubjectLogonId'>0x695d3</Data><Data Name='NewProcessId'>0x145c</Data><Data Name='NewProcessName'>C:\Users\o-neo\.cache\codex-runtimes\codex-primary-runtime\dependencies\native\git\mingw64\bin\git.exe</Data><Data Name='TokenElevationType'>%%1938</Data><Data Name='ProcessId'>0x16c8</Data><Data Name='CommandLine'>git.exe -c safe.bareRepository=explicit -c core.hooksPath=NUL -c core.fsmonitor= status --no-renames --ignored=matching --untracked-files=all --porcelain=v1 -z -- ops public/vendor src public/components public/css public/downloads public/js/detail public/js/home public/js/landing</Data><Data Name='TargetUserSid'>S-1-0-0</Data><Data Name='TargetUserName'>-</Data><Data Name='TargetDomainName'>-</Data><Data Name='TargetLogonId'>0x0</Data><Data Name='ParentProcessName'>C:\Users\o-neo\.cache\codex-runtimes\codex-primary-runtime\dependencies\native\git\cmd\git.exe</Data><Data Name='MandatoryLabel'>S-1-16-8192</Data></EventData></Event><Event xmlns='http://schemas.microsoft.com/win/2004/08/events/event'><System><Provider Name='Microsoft-Windows-Security-Auditing' Guid='{54849625-5478-4994-a5ba-3e3b0328c30d}'/><EventID>4688</EventID><Version>2</Version><Level>0</Level><Task>13312</Task><Opcode>0</Opcode><Keywords>0x8020000000000000</Keywords><TimeCreated SystemTime='2026-09-13T21:12:19.8782452Z'/><EventRecordID>211530</EventRecordID><Correlation/><Execution ProcessID='4' ThreadID='11868'/><Channel>Security</Channel><Computer>DESKTOP-FOEGBB0</Computer><Security/></System><EventData><Data Name='SubjectUserSid'>S-1-5-21-404346624-2769923240-1900471442-1000</Data><Data Name='SubjectUserName'>o-neo</Data><Data Name='SubjectDomainName'>DESKTOP-FOEGBB0</Data><Data Name='SubjectLogonId'>0x695d3</Data><Data Name='NewProcessId'>0x2648</Data><Data Name='NewProcessName'>C:\Users\o-neo\.cache\codex-runtimes\codex-primary-runtime\dependencies\native\git\cmd\git.exe</Data><Data Name='TokenElevationType'>%%1938</Data><Data Name='ProcessId'>0x1e8</Data><Data Name='CommandLine'>C:\Users\o-neo\.cache\codex-runtimes\codex-primary-runtime\dependencies\native\git\cmd\git.exe -c diff.mnemonicPrefix=false -c diff.noprefix=false -c core.quotePath=false -c safe.bareRepository=explicit -c core.hooksPath=NUL -c core.fsmonitor= diff --no-ext-diff --no-textconv --color=never --src-prefix=a/ --dst-prefix=b/ --cached f3aa9826c2030898e8a66df0c0061268981a5595 --no-renames --name-only -z</Data><Data Name='TargetUserSid'>S-1-0-0</Data><Data Name='TargetUserName'>-</Data><Data Name='TargetDomainName'>-</Data><Data Name='TargetLogonId'>0x0</Data><Data Name='ParentProcessName'>C:\Program Files\WindowsApps\OpenAI.Codex_26.908.4834.0_x64__2p2nqsd0c76g0\app\ChatGPT.exe</Data><Data Name='MandatoryLabel'>S-1-16-8192</Data></EventData></Event><Event xmlns='http://schemas.microsoft.com/win/2004/08/events/event'><System><Provider Name='Microsoft-Windows-Security-Auditing' Guid='{54849625-5478-4994-a5ba-3e3b0328c30d}'/><EventID>4688</EventID><Version>2</Version><Level>0</Level><Task>13312</Task><Opcode>0</Opcode><Keywords>0x8020000000000000</Keywords><TimeCreated SystemTime='2026-09-13T21:12:19.9257835Z'/><EventRecordID>211531</EventRecordID><Correlation/><Execution ProcessID='4' ThreadID='10056'/><Channel>Security</Channel><Computer>DESKTOP-FOEGBB0</Computer><Security/></System><EventData><Data Name='SubjectUserSid'>S-1-5-21-404346624-2769923240-1900471442-1000</Data><Data Name='SubjectUserName'>o-neo</Data><Data Name='SubjectDomainName'>DESKTOP-FOEGBB0</Data><Data Name='SubjectLogonId'>0x695d3</Data><Data Name='NewProcessId'>0x22f0</Data><Data Name='NewProcessName'>C:\Windows\System32\conhost.exe</Data><Data Name='TokenElevationType'>%%1938</Data><Data Name='ProcessId'>0x2648</Data><Data Name='CommandLine'>\??\C:\WINDOWS\system32\conhost.exe 0xffffffff -ForceV1</Data><Data Name='TargetUserSid'>S-1-0-0</Data><Data Name='TargetUserName'>-</Data><Data Name='TargetDomainName'>-</Data><Data Name='TargetLogonId'>0x0</Data><Data Name='ParentProcessName'>C:\Users\o-neo\.cache\codex-runtimes\codex-primary-runtime\dependencies\native\git\cmd\git.exe</Data><Data Name='MandatoryLabel'>S-1-16-8192</Data></EventData></Event><Event xmlns='http://schemas.microsoft.com/win/2004/08/events/event'><System><Provider Name='Microsoft-Windows-Security-Auditing' Guid='{54849625-5478-4994-a5ba-3e3b0328c30d}'/><EventID>4688</EventID><Version>2</Version><Level>0</Level><Task>13312</Task><Opcode>0</Opcode><Keywords>0x8020000000000000</Keywords><TimeCreated SystemTime='2026-09-13T21:12:19.9642160Z'/><EventRecordID>211532</EventRecordID><Correlation/><Execution ProcessID='4' ThreadID='10056'/><Channel>Security</Channel><Computer>DESKTOP-FOEGBB0</Computer><Security/></System><EventData><Data Name='SubjectUserSid'>S-1-5-21-404346624-2769923240-1900471442-1000</Data><Data Name='SubjectUserName'>o-neo</Data><Data Name='SubjectDomainName'>DESKTOP-FOEGBB0</Data><Data Name='SubjectLogonId'>0x695d3</Data><Data Name='NewProcessId'>0x2b5c</Data><Data Name='NewProcessName'>C:\Users\o-neo\.cache\codex-runtimes\codex-primary-runtime\dependencies\native\git\cmd\git.exe</Data><Data Name='TokenElevationType'>%%1938</Data><Data Name='ProcessId'>0x1e8</Data><Data Name='CommandLine'>C:\Users\o-neo\.cache\codex-runtimes\codex-primary-runtime\dependencies\native\git\cmd\git.exe -c safe.bareRepository=explicit -c core.hooksPath=NUL -c core.fsmonitor= ls-files --cached -z -- public/components public/css public/downloads public/js/home public/js/landing</Data><Data Name='TargetUserSid'>S-1-0-0</Data><Data Name='TargetUserName'>-</Data><Data Name='TargetDomainName'>-</Data><Data Name='TargetLogonId'>0x0</Data><Data Name='ParentProcessName'>C:\Program Files\WindowsApps\OpenAI.Codex_26.908.4834.0_x64__2p2nqsd0c76g0\app\ChatGPT.exe</Data><Data Name='MandatoryLabel'>S-1-16-8192</Data></EventData></Event><Event xmlns='http://schemas.microsoft.com/win/2004/08/events/event'><System><Provider Name='Microsoft-Windows-Security-Auditing' Guid='{54849625-5478-4994-a5ba-3e3b0328c30d}'/><EventID>4688</EventID><Version>2</Version><Level>0</Level><Task>13312</Task><Opcode>0</Opcode><Keywords>0x8020000000000000</Keywords><TimeCreated SystemTime='2026-09-13T21:12:20.0317098Z'/><EventRecordID>211533</EventRecordID><Correlation/><Execution ProcessID='4' ThreadID='10056'/><Channel>Security</Channel><Computer>DESKTOP-FOEGBB0</Computer><Security/></System><EventData><Data Name='SubjectUserSid'>S-1-5-21-404346624-2769923240-1900471442-1000</Data><Data Name='SubjectUserName'>o-neo</Data><Data Name='SubjectDomainName'>DESKTOP-FOEGBB0</Data><Data Name='SubjectLogonId'>0x695d3</Data><Data Name='NewProcessId'>0x1c9c</Data><Data Name='NewProcessName'>C:\Windows\System32\conhost.exe</Data><Data Name='TokenElevationType'>%%1938</Data><Data Name='ProcessId'>0x2b5c</Data><Data Name='CommandLine'>\??\C:\WINDOWS\system32\conhost.exe 0xffffffff -ForceV1</Data><Data Name='TargetUserSid'>S-1-0-0</Data><Data Name='TargetUserName'>-</Data><Data Name='TargetDomainName'>-</Data><Data Name='TargetLogonId'>0x0</Data><Data Name='ParentProcessName'>C:\Users\o-neo\.cache\codex-runtimes\codex-primary-runtime\dependencies\native\git\cmd\git.exe</Data><Data Name='MandatoryLabel'>S-1-16-8192</Data></EventData></Event><Event xmlns='http://schemas.microsoft.com/win/2004/08/events/event'><System><Provider Name='Microsoft-Windows-Security-Auditing' Guid='{54849625-5478-4994-a5ba-3e3b0328c30d}'/><EventID>4688</EventID><Version>2</Version><Level>0</Level><Task>13312</Task><Opcode>0</Opcode><Keywords>0x8020000000000000</Keywords><TimeCreated SystemTime='2026-09-13T21:12:20.1676042Z'/><EventRecordID>211534</EventRecordID><Correlation/><Execution ProcessID='4' ThreadID='11868'/><Channel>Security</Channel><Computer>DESKTOP-FOEGBB0</Computer><Security/></System><EventData><Data Name='SubjectUserSid'>S-1-5-21-404346624-2769923240-1900471442-1000</Data><Data Name='SubjectUserName'>o-neo</Data><Data Name='SubjectDomainName'>DESKTOP-FOEGBB0</Data><Data Name='SubjectLogonId'>0x695d3</Data><Data Name='NewProcessId'>0x71c</Data><Data Name='NewProcessName'>C:\Users\o-neo\.cache\codex-runtimes\codex-primary-runtime\dependencies\native\git\mingw64\bin\git.exe</Data><Data Name='TokenElevationType'>%%1938</Data><Data Name='ProcessId'>0x2648</Data><Data Name='CommandLine'>git.exe -c diff.mnemonicPrefix=false -c diff.noprefix=false -c core.quotePath=false -c safe.bareRepository=explicit -c core.hooksPath=NUL -c core.fsmonitor= diff --no-ext-diff --no-textconv --color=never --src-prefix=a/ --dst-prefix=b/ --cached f3aa9826c2030898e8a66df0c0061268981a5595 --no-renames --name-only -z</Data><Data Name='TargetUserSid'>S-1-0-0</Data><Data Name='TargetUserName'>-</Data><Data Name='TargetDomainName'>-</Data><Data Name='TargetLogonId'>0x0</Data><Data Name='ParentProcessName'>C:\Users\o-neo\.cache\codex-runtimes\codex-primary-runtime\dependencies\native\git\cmd\git.exe</Data><Data Name='MandatoryLabel'>S-1-16-8192</Data></EventData></Event><Event xmlns='http://schemas.microsoft.com/win/2004/08/events/event'><System><Provider Name='Microsoft-Windows-Security-Auditing' Guid='{54849625-5478-4994-a5ba-3e3b0328c30d}'/><EventID>4688</EventID><Version>2</Version><Level>0</Level><Task>13312</Task><Opcode>0</Opcode><Keywords>0x8020000000000000</Keywords><TimeCreated SystemTime='2026-09-13T21:12:20.3286213Z'/><EventRecordID>211535</EventRecordID><Correlation/><Execution ProcessID='4' ThreadID='3676'/><Channel>Security</Channel><Computer>DESKTOP-FOEGBB0</Computer><Security/></System><EventData><Data Name='SubjectUserSid'>S-1-5-21-404346624-2769923240-1900471442-1000</Data><Data Name='SubjectUserName'>o-neo</Data><Data Name='SubjectDomainName'>DESKTOP-FOEGBB0</Data><Data Name='SubjectLogonId'>0x695d3</Data><Data Name='NewProcessId'>0x3104</Data><Data Name='NewProcessName'>C:\Users\o-neo\.cache\codex-runtimes\codex-primary-runtime\dependencies\native\git\mingw64\bin\git.exe</Data><Data Name='TokenElevationType'>%%1938</Data><Data Name='ProcessId'>0x2b5c</Data><Data Name='CommandLine'>git.exe -c safe.bareRepository=explicit -c core.hooksPath=NUL -c core.fsmonitor= ls-files --cached -z -- public/components public/css public/downloads public/js/home public/js/landing</Data><Data Name='TargetUserSid'>S-1-0-0</Data><Data Name='TargetUserName'>-</Data><Data Name='TargetDomainName'>-</Data><Data Name='TargetLogonId'>0x0</Data><Data Name='ParentProcessName'>C:\Users\o-neo\.cache\codex-runtimes\codex-primary-runtime\dependencies\native\git\cmd\git.exe</Data><Data Name='MandatoryLabel'>S-1-16-8192</Data></EventData></Event><Event xmlns='http://schemas.microsoft.com/win/2004/08/events/event'><System><Provider Name='Microsoft-Windows-Security-Auditing' Guid='{54849625-5478-4994-a5ba-3e3b0328c30d}'/><EventID>4688</EventID><Version>2</Version><Level>0</Level><Task>13312</Task><Opcode>0</Opcode><Keywords>0x8020000000000000</Keywords><TimeCreated SystemTime='2026-09-13T21:12:20.4895293Z'/><EventRecordID>211536</EventRecordID><Correlation/><Execution ProcessID='4' ThreadID='3676'/><Channel>Security</Channel><Computer>DESKTOP-FOEGBB0</Computer><Security/></System><EventData><Data Name='SubjectUserSid'>S-1-5-21-404346624-2769923240-1900471442-1000</Data><Data Name='SubjectUserName'>o-neo</Data><Data Name='SubjectDomainName'>DESKTOP-FOEGBB0</Data><Data Name='SubjectLogonId'>0x695d3</Data><Data Name='NewProcessId'>0x2fc8</Data><Data Name='NewProcessName'>C:\Users\o-neo\.cache\codex-runtimes\codex-primary-runtime\dependencies\native\git\cmd\git.exe</Data><Data Name='TokenElevationType'>%%1938</Data><Data Name='ProcessId'>0x1e8</Data><Data Name='CommandLine'>C:\Users\o-neo\.cache\codex-runtimes\codex-primary-runtime\dependencies\native\git\cmd\git.exe -c safe.bareRepository=explicit config --null --get core.fsmonitor</Data><Data Name='TargetUserSid'>S-1-0-0</Data><Data Name='TargetUserName'>-</Data><Data Name='TargetDomainName'>-</Data><Data Name='TargetLogonId'>0x0</Data><Data Name='ParentProcessName'>C:\Program Files\WindowsApps\OpenAI.Codex_26.908.4834.0_x64__2p2nqsd0c76g0\app\ChatGPT.exe</Data><Data Name='MandatoryLabel'>S-1-16-8192</Data></EventData></Event><Event xmlns='http://schemas.microsoft.com/win/2004/08/events/event'><System><Provider Name='Microsoft-Windows-Security-Auditing' Guid='{54849625-5478-4994-a5ba-3e3b0328c30d}'/><EventID>4688</EventID><Version>2</Version><Level>0</Level><Task>13312</Task><Opcode>0</Opcode><Keywords>0x8020000000000000</Keywords><TimeCreated SystemTime='2026-09-13T21:12:20.5263140Z'/><EventRecordID>211537</EventRecordID><Correlation/><Execution ProcessID='4' ThreadID='3676'/><Channel>Security</Channel><Computer>DESKTOP-FOEGBB0</Computer><Security/></System><EventData><Data Name='SubjectUserSid'>S-1-5-21-404346624-2769923240-1900471442-1000</Data><Data Name='SubjectUserName'>o-neo</Data><Data Name='SubjectDomainName'>DESKTOP-FOEGBB0</Data><Data Name='SubjectLogonId'>0x695d3</Data><Data Name='NewProcessId'>0x934</Data><Data Name='NewProcessName'>C:\Windows\System32\conhost.exe</Data><Data Name='TokenElevationType'>%%1938</Data><Data Name='ProcessId'>0x2fc8</Data><Data Name='CommandLine'>\??\C:\WINDOWS\system32\conhost.exe 0xffffffff -ForceV1</Data><Data Name='TargetUserSid'>S-1-0-0</Data><Data Name='TargetUserName'>-</Data><Data Name='TargetDomainName'>-</Data><Data Name='TargetLogonId'>0x0</Data><Data Name='ParentProcessName'>C:\Users\o-neo\.cache\codex-runtimes\codex-primary-runtime\dependencies\native\git\cmd\git.exe</Data><Data Name='MandatoryLabel'>S-1-16-8192</Data></EventData></Event><Event xmlns='http://schemas.microsoft.com/win/2004/08/events/event'><System><Provider Name='Microsoft-Windows-Security-Auditing' Guid='{54849625-5478-4994-a5ba-3e3b0328c30d}'/><EventID>4688</EventID><Version>2</Version><Level>0</Level><Task>13312</Task><Opcode>0</Opcode><Keywords>0x8020000000000000</Keywords><TimeCreated SystemTime='2026-09-13T21:12:20.6265609Z'/><EventRecordID>211538</EventRecordID><Correlation/><Execution ProcessID='4' ThreadID='10056'/><Channel>Security</Channel><Computer>DESKTOP-FOEGBB0</Computer><Security/></System><EventData><Data Name='SubjectUserSid'>S-1-5-21-404346624-2769923240-1900471442-1000</Data><Data Name='SubjectUserName'>o-neo</Data><Data Name='SubjectDomainName'>DESKTOP-FOEGBB0</Data><Data Name='SubjectLogonId'>0x695d3</Data><Data Name='NewProcessId'>0x3180</Data><Data Name='NewProcessName'>C:\Windows\System32\taskkill.exe</Data><Data Name='TokenElevationType'>%%1938</Data><Data Name='ProcessId'>0x1e8</Data><Data Name='CommandLine'>C:\WINDOWS\System32\taskkill.exe /pid 12232 /t /f</Data><Data Name='TargetUserSid'>S-1-0-0</Data><Data Name='TargetUserName'>-</Data><Data Name='TargetDomainName'>-</Data><Data Name='TargetLogonId'>0x0</Data><Data Name='ParentProcessName'>C:\Program Files\WindowsApps\OpenAI.Codex_26.908.4834.0_x64__2p2nqsd0c76g0\app\ChatGPT.exe</Data><Data Name='MandatoryLabel'>S-1-16-8192</Data></EventData></Event>