<Event xmlns='http://schemas.microsoft.com/win/2004/08/events/event'><System><Provider Name='Microsoft-Windows-Sysmon' Guid='{5770385f-c22a-43e0-bf4c-06f5698ffbd9}'/><EventID>3</EventID><Version>5</Version><Level>4</Level><Task>3</Task><Opcode>0</Opcode><Keywords>0x8000000000000000</Keywords><TimeCreated SystemTime='2026-09-13T21:03:59.6500745Z'/><EventRecordID>619243</EventRecordID><Correlation/><Execution ProcessID='4168' ThreadID='5812'/><Channel>Microsoft-Windows-Sysmon/Operational</Channel><Computer>DESKTOP-FOEGBB0</Computer><Security UserID='S-1-5-18'/></System><EventData><Data Name='RuleName'>Usermode</Data><Data Name='UtcTime'>2026-09-13 21:03:58.515</Data><Data Name='ProcessGuid'>{66b35fd9-ee3a-6aa6-231e-000000001700}</Data><Data Name='ProcessId'>11556</Data><Data Name='Image'>C:\Users\o-neo\AppData\Local\OpenAI\Codex\bin\bffc5354119c8421\codex.exe</Data><Data Name='User'>DESKTOP-FOEGBB0\o-neo</Data><Data Name='Protocol'>tcp</Data><Data Name='Initiated'>true</Data><Data Name='SourceIsIpv6'>false</Data><Data Name='SourceIp'>192.168.1.120</Data><Data Name='SourceHostname'>DESKTOP-FOEGBB0</Data><Data Name='SourcePort'>58689</Data><Data Name='SourcePortName'>-</Data><Data Name='DestinationIsIpv6'>false</Data><Data Name='DestinationIp'>104.18.32.47</Data><Data Name='DestinationHostname'>-</Data><Data Name='DestinationPort'>443</Data><Data Name='DestinationPortName'>https</Data></EventData></Event><Event xmlns='http://schemas.microsoft.com/win/2004/08/events/event'><System><Provider Name='Microsoft-Windows-Sysmon' Guid='{5770385f-c22a-43e0-bf4c-06f5698ffbd9}'/><EventID>3</EventID><Version>5</Version><Level>4</Level><Task>3</Task><Opcode>0</Opcode><Keywords>0x8000000000000000</Keywords><TimeCreated SystemTime='2026-09-13T21:04:35.9488377Z'/><EventRecordID>619244</EventRecordID><Correlation/><Execution ProcessID='4168' ThreadID='5812'/><Channel>Microsoft-Windows-Sysmon/Operational</Channel><Computer>DESKTOP-FOEGBB0</Computer><Security UserID='S-1-5-18'/></System><EventData><Data Name='RuleName'>Usermode</Data><Data Name='UtcTime'>2026-09-13 21:04:34.855</Data><Data Name='ProcessGuid'>{66b35fd9-ee3a-6aa6-231e-000000001700}</Data><Data Name='ProcessId'>11556</Data><Data Name='Image'>C:\Users\o-neo\AppData\Local\OpenAI\Codex\bin\bffc5354119c8421\codex.exe</Data><Data Name='User'>DESKTOP-FOEGBB0\o-neo</Data><Data Name='Protocol'>tcp</Data><Data Name='Initiated'>true</Data><Data Name='SourceIsIpv6'>false</Data><Data Name='SourceIp'>192.168.1.120</Data><Data Name='SourceHostname'>DESKTOP-FOEGBB0</Data><Data Name='SourcePort'>58690</Data><Data Name='SourcePortName'>-</Data><Data Name='DestinationIsIpv6'>false</Data><Data Name='DestinationIp'>104.18.32.47</Data><Data Name='DestinationHostname'>-</Data><Data Name='DestinationPort'>443</Data><Data Name='DestinationPortName'>https</Data></EventData></Event><Event xmlns='http://schemas.microsoft.com/win/2004/08/events/event'><System><Provider Name='Microsoft-Windows-Sysmon' Guid='{5770385f-c22a-43e0-bf4c-06f5698ffbd9}'/><EventID>3</EventID><Version>5</Version><Level>4</Level><Task>3</Task><Opcode>0</Opcode><Keywords>0x8000000000000000</Keywords><TimeCreated SystemTime='2026-09-13T21:04:37.3645231Z'/><EventRecordID>619245</EventRecordID><Correlation/><Execution ProcessID='4168' ThreadID='5812'/><Channel>Microsoft-Windows-Sysmon/Operational</Channel><Computer>DESKTOP-FOEGBB0</Computer><Security UserID='S-1-5-18'/></System><EventData><Data Name='RuleName'>Usermode</Data><Data Name='UtcTime'>2026-09-13 21:04:36.093</Data><Data Name='ProcessGuid'>{66b35fd9-ee3a-6aa6-231e-000000001700}</Data><Data Name='ProcessId'>11556</Data><Data Name='Image'>C:\Users\o-neo\AppData\Local\OpenAI\Codex\bin\bffc5354119c8421\codex.exe</Data><Data Name='User'>DESKTOP-FOEGBB0\o-neo</Data><Data Name='Protocol'>tcp</Data><Data Name='Initiated'>true</Data><Data Name='SourceIsIpv6'>false</Data><Data Name='SourceIp'>192.168.1.120</Data><Data Name='SourceHostname'>DESKTOP-FOEGBB0</Data><Data Name='SourcePort'>58691</Data><Data Name='SourcePortName'>-</Data><Data Name='DestinationIsIpv6'>false</Data><Data Name='DestinationIp'>104.18.32.47</Data><Data Name='DestinationHostname'>-</Data><Data Name='DestinationPort'>443</Data><Data Name='DestinationPortName'>https</Data></EventData></Event><Event xmlns='http://schemas.microsoft.com/win/2004/08/events/event'><System><Provider Name='Microsoft-Windows-Sysmon' Guid='{5770385f-c22a-43e0-bf4c-06f5698ffbd9}'/><EventID>3</EventID><Version>5</Version><Level>4</Level><Task>3</Task><Opcode>0</Opcode><Keywords>0x8000000000000000</Keywords><TimeCreated SystemTime='2026-09-13T21:04:39.4690270Z'/><EventRecordID>619246</EventRecordID><Correlation/><Execution ProcessID='4168' ThreadID='5812'/><Channel>Microsoft-Windows-Sysmon/Operational</Channel><Computer>DESKTOP-FOEGBB0</Computer><Security UserID='S-1-5-18'/></System><EventData><Data Name='RuleName'>Usermode</Data><Data Name='UtcTime'>2026-09-13 21:04:38.234</Data><Data Name='ProcessGuid'>{66b35fd9-ee3a-6aa6-231e-000000001700}</Data><Data Name='ProcessId'>11556</Data><Data Name='Image'>C:\Users\o-neo\AppData\Local\OpenAI\Codex\bin\bffc5354119c8421\codex.exe</Data><Data Name='User'>DESKTOP-FOEGBB0\o-neo</Data><Data Name='Protocol'>tcp</Data><Data Name='Initiated'>true</Data><Data Name='SourceIsIpv6'>false</Data><Data Name='SourceIp'>192.168.1.120</Data><Data Name='SourceHostname'>DESKTOP-FOEGBB0</Data><Data Name='SourcePort'>58692</Data><Data Name='SourcePortName'>-</Data><Data Name='DestinationIsIpv6'>false</Data><Data Name='DestinationIp'>104.18.43.204</Data><Data Name='DestinationHostname'>-</Data><Data Name='DestinationPort'>443</Data><Data Name='DestinationPortName'>https</Data></EventData></Event><Event xmlns='http://schemas.microsoft.com/win/2004/08/events/event'><System><Provider Name='Microsoft-Windows-Sysmon' Guid='{5770385f-c22a-43e0-bf4c-06f5698ffbd9}'/><EventID>3</EventID><Version>5</Version><Level>4</Level><Task>3</Task><Opcode>0</Opcode><Keywords>0x8000000000000000</Keywords><TimeCreated SystemTime='2026-09-13T21:04:44.6630327Z'/><EventRecordID>619247</EventRecordID><Correlation/><Execution ProcessID='4168' ThreadID='5812'/><Channel>Microsoft-Windows-Sysmon/Operational</Channel><Computer>DESKTOP-FOEGBB0</Computer><Security UserID='S-1-5-18'/></System><EventData><Data Name='RuleName'>Usermode</Data><Data Name='UtcTime'>2026-09-13 21:04:43.403</Data><Data Name='ProcessGuid'>{66b35fd9-ee3a-6aa6-231e-000000001700}</Data><Data Name='ProcessId'>11556</Data><Data Name='Image'>C:\Users\o-neo\AppData\Local\OpenAI\Codex\bin\bffc5354119c8421\codex.exe</Data><Data Name='User'>DESKTOP-FOEGBB0\o-neo</Data><Data Name='Protocol'>tcp</Data><Data Name='Initiated'>true</Data><Data Name='SourceIsIpv6'>false</Data><Data Name='SourceIp'>192.168.1.120</Data><Data Name='SourceHostname'>DESKTOP-FOEGBB0</Data><Data Name='SourcePort'>58693</Data><Data Name='SourcePortName'>-</Data><Data Name='DestinationIsIpv6'>false</Data><Data Name='DestinationIp'>104.18.32.47</Data><Data Name='DestinationHostname'>-</Data><Data Name='DestinationPort'>443</Data><Data Name='DestinationPortName'>https</Data></EventData></Event><Event xmlns='http://schemas.microsoft.com/win/2004/08/events/event'><System><Provider Name='Microsoft-Windows-Sysmon' Guid='{5770385f-c22a-43e0-bf4c-06f5698ffbd9}'/><EventID>1</EventID><Version>5</Version><Level>4</Level><Task>1</Task><Opcode>0</Opcode><Keywords>0x8000000000000000</Keywords><TimeCreated SystemTime='2026-09-13T21:04:49.6072206Z'/><EventRecordID>619248</EventRecordID><Correlation/><Execution ProcessID='4168' ThreadID='5936'/><Channel>Microsoft-Windows-Sysmon/Operational</Channel><Computer>DESKTOP-FOEGBB0</Computer><Security UserID='S-1-5-18'/></System><EventData><Data Name='RuleName'>-</Data><Data Name='UtcTime'>2026-09-13 21:04:44.312</Data><Data Name='ProcessGuid'>{66b35fd9-0fec-6aa7-ac33-000000001700}</Data><Data Name='ProcessId'>5904</Data><Data Name='Image'>C:\Users\o-neo\.cache\codex-runtimes\codex-primary-runtime\dependencies\native\powershell\pwsh.exe</Data><Data Name='FileVersion'>7.6.5.500</Data><Data Name='Description'>PowerShell 7</Data><Data Name='Product'>PowerShell</Data><Data Name='Company'>Microsoft Corporation</Data><Data Name='OriginalFileName'>pwsh.dll</Data><Data Name='CommandLine'>"C:\Users\o-neo\.cache\codex-runtimes\codex-primary-runtime\dependencies\native\powershell\pwsh.exe" -Command "try { [Console]::OutputEncoding=[System.Text.Encoding]::UTF8 } catch {}
Get-Process -Id 3344 -ErrorAction SilentlyContinue | Select-Object Id,CPU,WorkingSet64,StartTime | ConvertTo-Json"</Data><Data Name='CurrentDirectory'>C:\Users\o-neo\Documents\Vip-Gece-Web-Gelistirme\</Data><Data Name='User'>DESKTOP-FOEGBB0\o-neo</Data><Data Name='LogonGuid'>{66b35fd9-c5ee-6aa6-d395-060000000000}</Data><Data Name='LogonId'>0x695d3</Data><Data Name='TerminalSessionId'>1</Data><Data Name='IntegrityLevel'>Medium</Data><Data Name='Hashes'>MD5=900E13C7C07D7C3F949913452D81B208,SHA256=362A356CE7F0940EC74F73A8FC2C990A2CC24A38A11C90BBD8ECA947110AD139,IMPHASH=53E4E12437621212A425D294842D0A96</Data><Data Name='ParentProcessGuid'>{66b35fd9-ee3a-6aa6-231e-000000001700}</Data><Data Name='ParentProcessId'>11556</Data><Data Name='ParentImage'>C:\Users\o-neo\AppData\Local\OpenAI\Codex\bin\bffc5354119c8421\codex.exe</Data><Data Name='ParentCommandLine'>C:\Users\o-neo\AppData\Local\OpenAI\Codex\bin\bffc5354119c8421\codex.exe -c features.code_mode_host=true app-server --analytics-default-enabled -c plugins.codex-app-tools@openai-bundled.mcp_servers.codex_app.enabled=true</Data><Data Name='ParentUser'>DESKTOP-FOEGBB0\o-neo</Data></EventData></Event><Event xmlns='http://schemas.microsoft.com/win/2004/08/events/event'><System><Provider Name='Microsoft-Windows-Sysmon' Guid='{5770385f-c22a-43e0-bf4c-06f5698ffbd9}'/><EventID>3</EventID><Version>5</Version><Level>4</Level><Task>3</Task><Opcode>0</Opcode><Keywords>0x8000000000000000</Keywords><TimeCreated SystemTime='2026-09-13T21:04:51.8279713Z'/><EventRecordID>619249</EventRecordID><Correlation/><Execution ProcessID='4168' ThreadID='5812'/><Channel>Microsoft-Windows-Sysmon/Operational</Channel><Computer>DESKTOP-FOEGBB0</Computer><Security UserID='S-1-5-18'/></System><EventData><Data Name='RuleName'>Usermode</Data><Data Name='UtcTime'>2026-09-13 21:04:50.115</Data><Data Name='ProcessGuid'>{66b35fd9-ee3a-6aa6-231e-000000001700}</Data><Data Name='ProcessId'>11556</Data><Data Name='Image'>C:\Users\o-neo\AppData\Local\OpenAI\Codex\bin\bffc5354119c8421\codex.exe</Data><Data Name='User'>DESKTOP-FOEGBB0\o-neo</Data><Data Name='Protocol'>tcp</Data><Data Name='Initiated'>true</Data><Data Name='SourceIsIpv6'>false</Data><Data Name='SourceIp'>192.168.1.120</Data><Data Name='SourceHostname'>DESKTOP-FOEGBB0</Data><Data Name='SourcePort'>58694</Data><Data Name='SourcePortName'>-</Data><Data Name='DestinationIsIpv6'>false</Data><Data Name='DestinationIp'>104.18.32.47</Data><Data Name='DestinationHostname'>-</Data><Data Name='DestinationPort'>443</Data><Data Name='DestinationPortName'>https</Data></EventData></Event><Event xmlns='http://schemas.microsoft.com/win/2004/08/events/event'><System><Provider Name='Microsoft-Windows-Sysmon' Guid='{5770385f-c22a-43e0-bf4c-06f5698ffbd9}'/><EventID>11</EventID><Version>2</Version><Level>4</Level><Task>11</Task><Opcode>0</Opcode><Keywords>0x8000000000000000</Keywords><TimeCreated SystemTime='2026-09-13T21:04:56.5281104Z'/><EventRecordID>619250</EventRecordID><Correlation/><Execution ProcessID='4168' ThreadID='5936'/><Channel>Microsoft-Windows-Sysmon/Operational</Channel><Computer>DESKTOP-FOEGBB0</Computer><Security UserID='S-1-5-18'/></System><EventData><Data Name='RuleName'>-</Data><Data Name='UtcTime'>2026-09-13 21:04:56.472</Data><Data Name='ProcessGuid'>{66b35fd9-0fec-6aa7-ac33-000000001700}</Data><Data Name='ProcessId'>5904</Data><Data Name='Image'>C:\Users\o-neo\.cache\codex-runtimes\codex-primary-runtime\dependencies\native\powershell\pwsh.exe</Data><Data Name='TargetFilename'>C:\Users\o-neo\AppData\Local\Temp\__PSScriptPolicyTest_o1zc2peq.n2o.ps1</Data><Data Name='CreationUtcTime'>2026-09-13 21:04:56.471</Data><Data Name='User'>DESKTOP-FOEGBB0\o-neo</Data></EventData></Event><Event xmlns='http://schemas.microsoft.com/win/2004/08/events/event'><System><Provider Name='Microsoft-Windows-Sysmon' Guid='{5770385f-c22a-43e0-bf4c-06f5698ffbd9}'/><EventID>3</EventID><Version>5</Version><Level>4</Level><Task>3</Task><Opcode>0</Opcode><Keywords>0x8000000000000000</Keywords><TimeCreated SystemTime='2026-09-13T21:05:00.0680571Z'/><EventRecordID>619251</EventRecordID><Correlation/><Execution ProcessID='4168' ThreadID='5812'/><Channel>Microsoft-Windows-Sysmon/Operational</Channel><Computer>DESKTOP-FOEGBB0</Computer><Security UserID='S-1-5-18'/></System><EventData><Data Name='RuleName'>Usermode</Data><Data Name='UtcTime'>2026-09-13 21:04:59.043</Data><Data Name='ProcessGuid'>{66b35fd9-ee3a-6aa6-231e-000000001700}</Data><Data Name='ProcessId'>11556</Data><Data Name='Image'>C:\Users\o-neo\AppData\Local\OpenAI\Codex\bin\bffc5354119c8421\codex.exe</Data><Data Name='User'>DESKTOP-FOEGBB0\o-neo</Data><Data Name='Protocol'>tcp</Data><Data Name='Initiated'>true</Data><Data Name='SourceIsIpv6'>false</Data><Data Name='SourceIp'>192.168.1.120</Data><Data Name='SourceHostname'>DESKTOP-FOEGBB0</Data><Data Name='SourcePort'>57449</Data><Data Name='SourcePortName'>-</Data><Data Name='DestinationIsIpv6'>false</Data><Data Name='DestinationIp'>104.18.32.47</Data><Data Name='DestinationHostname'>-</Data><Data Name='DestinationPort'>443</Data><Data Name='DestinationPortName'>https</Data></EventData></Event><Event xmlns='http://schemas.microsoft.com/win/2004/08/events/event'><System><Provider Name='Microsoft-Windows-Sysmon' Guid='{5770385f-c22a-43e0-bf4c-06f5698ffbd9}'/><EventID>3</EventID><Version>5</Version><Level>4</Level><Task>3</Task><Opcode>0</Opcode><Keywords>0x8000000000000000</Keywords><TimeCreated SystemTime='2026-09-13T21:05:00.8891016Z'/><EventRecordID>619252</EventRecordID><Correlation/><Execution ProcessID='4168' ThreadID='5812'/><Channel>Microsoft-Windows-Sysmon/Operational</Channel><Computer>DESKTOP-FOEGBB0</Computer><Security UserID='S-1-5-18'/></System><EventData><Data Name='RuleName'>Usermode</Data><Data Name='UtcTime'>2026-09-13 21:04:59.872</Data><Data Name='ProcessGuid'>{66b35fd9-ee3a-6aa6-231e-000000001700}</Data><Data Name='ProcessId'>11556</Data><Data Name='Image'>C:\Users\o-neo\AppData\Local\OpenAI\Codex\bin\bffc5354119c8421\codex.exe</Data><Data Name='User'>DESKTOP-FOEGBB0\o-neo</Data><Data Name='Protocol'>tcp</Data><Data Name='Initiated'>true</Data><Data Name='SourceIsIpv6'>false</Data><Data Name='SourceIp'>192.168.1.120</Data><Data Name='SourceHostname'>DESKTOP-FOEGBB0</Data><Data Name='SourcePort'>57450</Data><Data Name='SourcePortName'>-</Data><Data Name='DestinationIsIpv6'>false</Data><Data Name='DestinationIp'>104.18.32.47</Data><Data Name='DestinationHostname'>-</Data><Data Name='DestinationPort'>443</Data><Data Name='DestinationPortName'>https</Data></EventData></Event><Event xmlns='http://schemas.microsoft.com/win/2004/08/events/event'><System><Provider Name='Microsoft-Windows-Sysmon' Guid='{5770385f-c22a-43e0-bf4c-06f5698ffbd9}'/><EventID>3</EventID><Version>5</Version><Level>4</Level><Task>3</Task><Opcode>0</Opcode><Keywords>0x8000000000000000</Keywords><TimeCreated SystemTime='2026-09-13T21:05:00.8891379Z'/><EventRecordID>619253</EventRecordID><Correlation/><Execution ProcessID='4168' ThreadID='5812'/><Channel>Microsoft-Windows-Sysmon/Operational</Channel><Computer>DESKTOP-FOEGBB0</Computer><Security UserID='S-1-5-18'/></System><EventData><Data Name='RuleName'>Usermode</Data><Data Name='UtcTime'>2026-09-13 21:04:59.872</Data><Data Name='ProcessGuid'>{66b35fd9-ee3a-6aa6-231e-000000001700}</Data><Data Name='ProcessId'>11556</Data><Data Name='Image'>C:\Users\o-neo\AppData\Local\OpenAI\Codex\bin\bffc5354119c8421\codex.exe</Data><Data Name='User'>DESKTOP-FOEGBB0\o-neo</Data><Data Name='Protocol'>tcp</Data><Data Name='Initiated'>true</Data><Data Name='SourceIsIpv6'>false</Data><Data Name='SourceIp'>192.168.1.120</Data><Data Name='SourceHostname'>DESKTOP-FOEGBB0</Data><Data Name='SourcePort'>57451</Data><Data Name='SourcePortName'>-</Data><Data Name='DestinationIsIpv6'>false</Data><Data Name='DestinationIp'>104.18.32.47</Data><Data Name='DestinationHostname'>-</Data><Data Name='DestinationPort'>443</Data><Data Name='DestinationPortName'>https</Data></EventData></Event><Event xmlns='http://schemas.microsoft.com/win/2004/08/events/event'><System><Provider Name='Microsoft-Windows-Sysmon' Guid='{5770385f-c22a-43e0-bf4c-06f5698ffbd9}'/><EventID>3</EventID><Version>5</Version><Level>4</Level><Task>3</Task><Opcode>0</Opcode><Keywords>0x8000000000000000</Keywords><TimeCreated SystemTime='2026-09-13T21:05:01.1771376Z'/><EventRecordID>619254</EventRecordID><Correlation/><Execution ProcessID='4168' ThreadID='5812'/><Channel>Microsoft-Windows-Sysmon/Operational</Channel><Computer>DESKTOP-FOEGBB0</Computer><Security UserID='S-1-5-18'/></System><EventData><Data Name='RuleName'>Usermode</Data><Data Name='UtcTime'>2026-09-13 21:04:59.929</Data><Data Name='ProcessGuid'>{66b35fd9-ee3a-6aa6-231e-000000001700}</Data><Data Name='ProcessId'>11556</Data><Data Name='Image'>C:\Users\o-neo\AppData\Local\OpenAI\Codex\bin\bffc5354119c8421\codex.exe</Data><Data Name='User'>DESKTOP-FOEGBB0\o-neo</Data><Data Name='Protocol'>tcp</Data><Data Name='Initiated'>true</Data><Data Name='SourceIsIpv6'>false</Data><Data Name='SourceIp'>192.168.1.120</Data><Data Name='SourceHostname'>DESKTOP-FOEGBB0</Data><Data Name='SourcePort'>57452</Data><Data Name='SourcePortName'>-</Data><Data Name='DestinationIsIpv6'>false</Data><Data Name='DestinationIp'>104.18.32.47</Data><Data Name='DestinationHostname'>-</Data><Data Name='DestinationPort'>443</Data><Data Name='DestinationPortName'>https</Data></EventData></Event><Event xmlns='http://schemas.microsoft.com/win/2004/08/events/event'><System><Provider Name='Microsoft-Windows-Sysmon' Guid='{5770385f-c22a-43e0-bf4c-06f5698ffbd9}'/><EventID>1</EventID><Version>5</Version><Level>4</Level><Task>1</Task><Opcode>0</Opcode><Keywords>0x8000000000000000</Keywords><TimeCreated SystemTime='2026-09-13T21:05:05.1295490Z'/><EventRecordID>619255</EventRecordID><Correlation/><Execution ProcessID='4168' ThreadID='5936'/><Channel>Microsoft-Windows-Sysmon/Operational</Channel><Computer>DESKTOP-FOEGBB0</Computer><Security UserID='S-1-5-18'/></System><EventData><Data Name='RuleName'>-</Data><Data Name='UtcTime'>2026-09-13 21:05:04.871</Data><Data Name='ProcessGuid'>{66b35fd9-1000-6aa7-ad33-000000001700}</Data><Data Name='ProcessId'>10148</Data><Data Name='Image'>C:\Windows\System32\cmd.exe</Data><Data Name='FileVersion'>10.0.26100.9278 (WinBuild.160101.0800)</Data><Data Name='Description'>Windows Command Processor</Data><Data Name='Product'>Microsoft® Windows® Operating System</Data><Data Name='Company'>Microsoft Corporation</Data><Data Name='OriginalFileName'>Cmd.Exe</Data><Data Name='CommandLine'>cmd.exe /e:ON /v:OFF /d /c ""C:\Tools\Node\node-v24.21.0-win-x64\npx.cmd" -y firebase-tools@latest mcp --dir ."</Data><Data Name='CurrentDirectory'>C:\Users\o-neo\Documents\Vip-Gece-Web-Gelistirme\</Data><Data Name='User'>DESKTOP-FOEGBB0\o-neo</Data><Data Name='LogonGuid'>{66b35fd9-c5ee-6aa6-d395-060000000000}</Data><Data Name='LogonId'>0x695d3</Data><Data Name='TerminalSessionId'>1</Data><Data Name='IntegrityLevel'>Medium</Data><Data Name='Hashes'>MD5=CE396564392FAFAAD5C07A5E2DADE4E6,SHA256=97AC98B1A92C286054CCE55239CFCCDFC23A5517BD07FE693072C9CA96C7DABB,IMPHASH=010B165E4C37F484601D3DBD700C9423</Data><Data Name='ParentProcessGuid'>{66b35fd9-ee3a-6aa6-231e-000000001700}</Data><Data Name='ParentProcessId'>11556</Data><Data Name='ParentImage'>C:\Users\o-neo\AppData\Local\OpenAI\Codex\bin\bffc5354119c8421\codex.exe</Data><Data Name='ParentCommandLine'>C:\Users\o-neo\AppData\Local\OpenAI\Codex\bin\bffc5354119c8421\codex.exe -c features.code_mode_host=true app-server --analytics-default-enabled -c plugins.codex-app-tools@openai-bundled.mcp_servers.codex_app.enabled=true</Data><Data Name='ParentUser'>DESKTOP-FOEGBB0\o-neo</Data></EventData></Event><Event xmlns='http://schemas.microsoft.com/win/2004/08/events/event'><System><Provider Name='Microsoft-Windows-Sysmon' Guid='{5770385f-c22a-43e0-bf4c-06f5698ffbd9}'/><EventID>1</EventID><Version>5</Version><Level>4</Level><Task>1</Task><Opcode>0</Opcode><Keywords>0x8000000000000000</Keywords><TimeCreated SystemTime='2026-09-13T21:05:05.2027341Z'/><EventRecordID>619256</EventRecordID><Correlation/><Execution ProcessID='4168' ThreadID='5936'/><Channel>Microsoft-Windows-Sysmon/Operational</Channel><Computer>DESKTOP-FOEGBB0</Computer><Security UserID='S-1-5-18'/></System><EventData><Data Name='RuleName'>-</Data><Data Name='UtcTime'>2026-09-13 21:05:05.075</Data><Data Name='ProcessGuid'>{66b35fd9-1001-6aa7-ae33-000000001700}</Data><Data Name='ProcessId'>3576</Data><Data Name='Image'>C:\Windows\System32\cmd.exe</Data><Data Name='FileVersion'>10.0.26100.9278 (WinBuild.160101.0800)</Data><Data Name='Description'>Windows Command Processor</Data><Data Name='Product'>Microsoft® Windows® Operating System</Data><Data Name='Company'>Microsoft Corporation</Data><Data Name='OriginalFileName'>Cmd.Exe</Data><Data Name='CommandLine'>cmd.exe /e:ON /v:OFF /d /c ""C:\Tools\Node\node-v24.21.0-win-x64\npx.cmd" -y firebase-tools@latest mcp --dir ."</Data><Data Name='CurrentDirectory'>C:\Users\o-neo\Documents\Codex\2026-09-10\c\</Data><Data Name='User'>DESKTOP-FOEGBB0\o-neo</Data><Data Name='LogonGuid'>{66b35fd9-c5ee-6aa6-d395-060000000000}</Data><Data Name='LogonId'>0x695d3</Data><Data Name='TerminalSessionId'>1</Data><Data Name='IntegrityLevel'>Medium</Data><Data Name='Hashes'>MD5=CE396564392FAFAAD5C07A5E2DADE4E6,SHA256=97AC98B1A92C286054CCE55239CFCCDFC23A5517BD07FE693072C9CA96C7DABB,IMPHASH=010B165E4C37F484601D3DBD700C9423</Data><Data Name='ParentProcessGuid'>{66b35fd9-ee3a-6aa6-231e-000000001700}</Data><Data Name='ParentProcessId'>11556</Data><Data Name='ParentImage'>C:\Users\o-neo\AppData\Local\OpenAI\Codex\bin\bffc5354119c8421\codex.exe</Data><Data Name='ParentCommandLine'>C:\Users\o-neo\AppData\Local\OpenAI\Codex\bin\bffc5354119c8421\codex.exe -c features.code_mode_host=true app-server --analytics-default-enabled -c plugins.codex-app-tools@openai-bundled.mcp_servers.codex_app.enabled=true</Data><Data Name='ParentUser'>DESKTOP-FOEGBB0\o-neo</Data></EventData></Event><Event xmlns='http://schemas.microsoft.com/win/2004/08/events/event'><System><Provider Name='Microsoft-Windows-Sysmon' Guid='{5770385f-c22a-43e0-bf4c-06f5698ffbd9}'/><EventID>3</EventID><Version>5</Version><Level>4</Level><Task>3</Task><Opcode>0</Opcode><Keywords>0x8000000000000000</Keywords><TimeCreated SystemTime='2026-09-13T21:05:06.0315359Z'/><EventRecordID>619257</EventRecordID><Correlation/><Execution ProcessID='4168' ThreadID='5812'/><Channel>Microsoft-Windows-Sysmon/Operational</Channel><Computer>DESKTOP-FOEGBB0</Computer><Security UserID='S-1-5-18'/></System><EventData><Data Name='RuleName'>Usermode</Data><Data Name='UtcTime'>2026-09-13 21:05:04.913</Data><Data Name='ProcessGuid'>{66b35fd9-ee3a-6aa6-231e-000000001700}</Data><Data Name='ProcessId'>11556</Data><Data Name='Image'>C:\Users\o-neo\AppData\Local\OpenAI\Codex\bin\bffc5354119c8421\codex.exe</Data><Data Name='User'>DESKTOP-FOEGBB0\o-neo</Data><Data Name='Protocol'>tcp</Data><Data Name='Initiated'>true</Data><Data Name='SourceIsIpv6'>false</Data><Data Name='SourceIp'>192.168.1.120</Data><Data Name='SourceHostname'>DESKTOP-FOEGBB0</Data><Data Name='SourcePort'>57453</Data><Data Name='SourcePortName'>-</Data><Data Name='DestinationIsIpv6'>false</Data><Data Name='DestinationIp'>104.18.24.159</Data><Data Name='DestinationHostname'>-</Data><Data Name='DestinationPort'>443</Data><Data Name='DestinationPortName'>https</Data></EventData></Event><Event xmlns='http://schemas.microsoft.com/win/2004/08/events/event'><System><Provider Name='Microsoft-Windows-Sysmon' Guid='{5770385f-c22a-43e0-bf4c-06f5698ffbd9}'/><EventID>3</EventID><Version>5</Version><Level>4</Level><Task>3</Task><Opcode>0</Opcode><Keywords>0x8000000000000000</Keywords><TimeCreated SystemTime='2026-09-13T21:05:06.0315792Z'/><EventRecordID>619258</EventRecordID><Correlation/><Execution ProcessID='4168' ThreadID='5812'/><Channel>Microsoft-Windows-Sysmon/Operational</Channel><Computer>DESKTOP-FOEGBB0</Computer><Security UserID='S-1-5-18'/></System><EventData><Data Name='RuleName'>Usermode</Data><Data Name='UtcTime'>2026-09-13 21:05:04.913</Data><Data Name='ProcessGuid'>{66b35fd9-ee3a-6aa6-231e-000000001700}</Data><Data Name='ProcessId'>11556</Data><Data Name='Image'>C:\Users\o-neo\AppData\Local\OpenAI\Codex\bin\bffc5354119c8421\codex.exe</Data><Data Name='User'>DESKTOP-FOEGBB0\o-neo</Data><Data Name='Protocol'>tcp</Data><Data Name='Initiated'>true</Data><Data Name='SourceIsIpv6'>false</Data><Data Name='SourceIp'>192.168.1.120</Data><Data Name='SourceHostname'>DESKTOP-FOEGBB0</Data><Data Name='SourcePort'>57454</Data><Data Name='SourcePortName'>-</Data><Data Name='DestinationIsIpv6'>false</Data><Data Name='DestinationIp'>104.18.24.159</Data><Data Name='DestinationHostname'>-</Data><Data Name='DestinationPort'>443</Data><Data Name='DestinationPortName'>https</Data></EventData></Event><Event xmlns='http://schemas.microsoft.com/win/2004/08/events/event'><System><Provider Name='Microsoft-Windows-Sysmon' Guid='{5770385f-c22a-43e0-bf4c-06f5698ffbd9}'/><EventID>1</EventID><Version>5</Version><Level>4</Level><Task>1</Task><Opcode>0</Opcode><Keywords>0x8000000000000000</Keywords><TimeCreated SystemTime='2026-09-13T21:05:06.3471244Z'/><EventRecordID>619259</EventRecordID><Correlation/><Execution ProcessID='4168' ThreadID='5936'/><Channel>Microsoft-Windows-Sysmon/Operational</Channel><Computer>DESKTOP-FOEGBB0</Computer><Security UserID='S-1-5-18'/></System><EventData><Data Name='RuleName'>-</Data><Data Name='UtcTime'>2026-09-13 21:05:06.089</Data><Data Name='ProcessGuid'>{66b35fd9-1002-6aa7-b033-000000001700}</Data><Data Name='ProcessId'>10476</Data><Data Name='Image'>C:\Windows\System32\cmd.exe</Data><Data Name='FileVersion'>10.0.26100.9278 (WinBuild.160101.0800)</Data><Data Name='Description'>Windows Command Processor</Data><Data Name='Product'>Microsoft® Windows® Operating System</Data><Data Name='Company'>Microsoft Corporation</Data><Data Name='OriginalFileName'>Cmd.Exe</Data><Data Name='CommandLine'>C:\WINDOWS\system32\cmd.exe /c CALL "C:\Tools\Node\node-v24.21.0-win-x64\\node.exe" "C:\Tools\Node\node-v24.21.0-win-x64\\node_modules\npm\bin\npm-prefix.js"</Data><Data Name='CurrentDirectory'>C:\Users\o-neo\Documents\Codex\2026-09-10\c\</Data><Data Name='User'>DESKTOP-FOEGBB0\o-neo</Data><Data Name='LogonGuid'>{66b35fd9-c5ee-6aa6-d395-060000000000}</Data><Data Name='LogonId'>0x695d3</Data><Data Name='TerminalSessionId'>1</Data><Data Name='IntegrityLevel'>Medium</Data><Data Name='Hashes'>MD5=CE396564392FAFAAD5C07A5E2DADE4E6,SHA256=97AC98B1A92C286054CCE55239CFCCDFC23A5517BD07FE693072C9CA96C7DABB,IMPHASH=010B165E4C37F484601D3DBD700C9423</Data><Data Name='ParentProcessGuid'>{66b35fd9-1001-6aa7-ae33-000000001700}</Data><Data Name='ParentProcessId'>3576</Data><Data Name='ParentImage'>C:\Windows\System32\cmd.exe</Data><Data Name='ParentCommandLine'>cmd.exe /e:ON /v:OFF /d /c ""C:\Tools\Node\node-v24.21.0-win-x64\npx.cmd" -y firebase-tools@latest mcp --dir ."</Data><Data Name='ParentUser'>DESKTOP-FOEGBB0\o-neo</Data></EventData></Event><Event xmlns='http://schemas.microsoft.com/win/2004/08/events/event'><System><Provider Name='Microsoft-Windows-Sysmon' Guid='{5770385f-c22a-43e0-bf4c-06f5698ffbd9}'/><EventID>1</EventID><Version>5</Version><Level>4</Level><Task>1</Task><Opcode>0</Opcode><Keywords>0x8000000000000000</Keywords><TimeCreated SystemTime='2026-09-13T21:05:06.4286430Z'/><EventRecordID>619260</EventRecordID><Correlation/><Execution ProcessID='4168' ThreadID='5936'/><Channel>Microsoft-Windows-Sysmon/Operational</Channel><Computer>DESKTOP-FOEGBB0</Computer><Security UserID='S-1-5-18'/></System><EventData><Data Name='RuleName'>-</Data><Data Name='UtcTime'>2026-09-13 21:05:06.016</Data><Data Name='ProcessGuid'>{66b35fd9-1002-6aa7-af33-000000001700}</Data><Data Name='ProcessId'>6152</Data><Data Name='Image'>C:\Windows\System32\cmd.exe</Data><Data Name='FileVersion'>10.0.26100.9278 (WinBuild.160101.0800)</Data><Data Name='Description'>Windows Command Processor</Data><Data Name='Product'>Microsoft® Windows® Operating System</Data><Data Name='Company'>Microsoft Corporation</Data><Data Name='OriginalFileName'>Cmd.Exe</Data><Data Name='CommandLine'>C:\WINDOWS\system32\cmd.exe /c CALL "C:\Tools\Node\node-v24.21.0-win-x64\\node.exe" "C:\Tools\Node\node-v24.21.0-win-x64\\node_modules\npm\bin\npm-prefix.js"</Data><Data Name='CurrentDirectory'>C:\Users\o-neo\Documents\Vip-Gece-Web-Gelistirme\</Data><Data Name='User'>DESKTOP-FOEGBB0\o-neo</Data><Data Name='LogonGuid'>{66b35fd9-c5ee-6aa6-d395-060000000000}</Data><Data Name='LogonId'>0x695d3</Data><Data Name='TerminalSessionId'>1</Data><Data Name='IntegrityLevel'>Medium</Data><Data Name='Hashes'>MD5=CE396564392FAFAAD5C07A5E2DADE4E6,SHA256=97AC98B1A92C286054CCE55239CFCCDFC23A5517BD07FE693072C9CA96C7DABB,IMPHASH=010B165E4C37F484601D3DBD700C9423</Data><Data Name='ParentProcessGuid'>{66b35fd9-1000-6aa7-ad33-000000001700}</Data><Data Name='ParentProcessId'>10148</Data><Data Name='ParentImage'>C:\Windows\System32\cmd.exe</Data><Data Name='ParentCommandLine'>cmd.exe /e:ON /v:OFF /d /c ""C:\Tools\Node\node-v24.21.0-win-x64\npx.cmd" -y firebase-tools@latest mcp --dir ."</Data><Data Name='ParentUser'>DESKTOP-FOEGBB0\o-neo</Data></EventData></Event><Event xmlns='http://schemas.microsoft.com/win/2004/08/events/event'><System><Provider Name='Microsoft-Windows-Sysmon' Guid='{5770385f-c22a-43e0-bf4c-06f5698ffbd9}'/><EventID>1</EventID><Version>5</Version><Level>4</Level><Task>1</Task><Opcode>0</Opcode><Keywords>0x8000000000000000</Keywords><TimeCreated SystemTime='2026-09-13T21:05:07.1809626Z'/><EventRecordID>619261</EventRecordID><Correlation/><Execution ProcessID='4168' ThreadID='5936'/><Channel>Microsoft-Windows-Sysmon/Operational</Channel><Computer>DESKTOP-FOEGBB0</Computer><Security UserID='S-1-5-18'/></System><EventData><Data Name='RuleName'>-</Data><Data Name='UtcTime'>2026-09-13 21:05:06.952</Data><Data Name='ProcessGuid'>{66b35fd9-1002-6aa7-b133-000000001700}</Data><Data Name='ProcessId'>9484</Data><Data Name='Image'>C:\Tools\Node\node-v24.21.0-win-x64\node.exe</Data><Data Name='FileVersion'>24.21.0</Data><Data Name='Description'>Node.js JavaScript Runtime</Data><Data Name='Product'>Node.js</Data><Data Name='Company'>Node.js</Data><Data Name='OriginalFileName'>node.exe</Data><Data Name='CommandLine'>"C:\Tools\Node\node-v24.21.0-win-x64\\node.exe"  "C:\Tools\Node\node-v24.21.0-win-x64\\node_modules\npm\bin\npm-prefix.js"</Data><Data Name='CurrentDirectory'>C:\Users\o-neo\Documents\Vip-Gece-Web-Gelistirme\</Data><Data Name='User'>DESKTOP-FOEGBB0\o-neo</Data><Data Name='LogonGuid'>{66b35fd9-c5ee-6aa6-d395-060000000000}</Data><Data Name='LogonId'>0x695d3</Data><Data Name='TerminalSessionId'>1</Data><Data Name='IntegrityLevel'>Medium</Data><Data Name='Hashes'>MD5=12E6FB7D516F65083AE68CCF1E5F4EB8,SHA256=BA4E6D110E8C1592A1ECD390F6B05F3DA124B13871A5BE62B341A07A853C6C32,IMPHASH=6538DFB25A4AF0BD0D9AAA2ACC7B075A</Data><Data Name='ParentProcessGuid'>{66b35fd9-1002-6aa7-af33-000000001700}</Data><Data Name='ParentProcessId'>6152</Data><Data Name='ParentImage'>C:\Windows\System32\cmd.exe</Data><Data Name='ParentCommandLine'>C:\WINDOWS\system32\cmd.exe /c CALL "C:\Tools\Node\node-v24.21.0-win-x64\\node.exe" "C:\Tools\Node\node-v24.21.0-win-x64\\node_modules\npm\bin\npm-prefix.js"</Data><Data Name='ParentUser'>DESKTOP-FOEGBB0\o-neo</Data></EventData></Event><Event xmlns='http://schemas.microsoft.com/win/2004/08/events/event'><System><Provider Name='Microsoft-Windows-Sysmon' Guid='{5770385f-c22a-43e0-bf4c-06f5698ffbd9}'/><EventID>1</EventID><Version>5</Version><Level>4</Level><Task>1</Task><Opcode>0</Opcode><Keywords>0x8000000000000000</Keywords><TimeCreated SystemTime='2026-09-13T21:05:07.1890713Z'/><EventRecordID>619262</EventRecordID><Correlation/><Execution ProcessID='4168' ThreadID='5936'/><Channel>Microsoft-Windows-Sysmon/Operational</Channel><Computer>DESKTOP-FOEGBB0</Computer><Security UserID='S-1-5-18'/></System><EventData><Data Name='RuleName'>-</Data><Data Name='UtcTime'>2026-09-13 21:05:06.952</Data><Data Name='ProcessGuid'>{66b35fd9-1002-6aa7-b233-000000001700}</Data><Data Name='ProcessId'>3120</Data><Data Name='Image'>C:\Tools\Node\node-v24.21.0-win-x64\node.exe</Data><Data Name='FileVersion'>24.21.0</Data><Data Name='Description'>Node.js JavaScript Runtime</Data><Data Name='Product'>Node.js</Data><Data Name='Company'>Node.js</Data><Data Name='OriginalFileName'>node.exe</Data><Data Name='CommandLine'>"C:\Tools\Node\node-v24.21.0-win-x64\\node.exe"  "C:\Tools\Node\node-v24.21.0-win-x64\\node_modules\npm\bin\npm-prefix.js"</Data><Data Name='CurrentDirectory'>C:\Users\o-neo\Documents\Codex\2026-09-10\c\</Data><Data Name='User'>DESKTOP-FOEGBB0\o-neo</Data><Data Name='LogonGuid'>{66b35fd9-c5ee-6aa6-d395-060000000000}</Data><Data Name='LogonId'>0x695d3</Data><Data Name='TerminalSessionId'>1</Data><Data Name='IntegrityLevel'>Medium</Data><Data Name='Hashes'>MD5=12E6FB7D516F65083AE68CCF1E5F4EB8,SHA256=BA4E6D110E8C1592A1ECD390F6B05F3DA124B13871A5BE62B341A07A853C6C32,IMPHASH=6538DFB25A4AF0BD0D9AAA2ACC7B075A</Data><Data Name='ParentProcessGuid'>{66b35fd9-1002-6aa7-b033-000000001700}</Data><Data Name='ParentProcessId'>10476</Data><Data Name='ParentImage'>C:\Windows\System32\cmd.exe</Data><Data Name='ParentCommandLine'>C:\WINDOWS\system32\cmd.exe /c CALL "C:\Tools\Node\node-v24.21.0-win-x64\\node.exe" "C:\Tools\Node\node-v24.21.0-win-x64\\node_modules\npm\bin\npm-prefix.js"</Data><Data Name='ParentUser'>DESKTOP-FOEGBB0\o-neo</Data></EventData></Event><Event xmlns='http://schemas.microsoft.com/win/2004/08/events/event'><System><Provider Name='Microsoft-Windows-Sysmon' Guid='{5770385f-c22a-43e0-bf4c-06f5698ffbd9}'/><EventID>5</EventID><Version>3</Version><Level>4</Level><Task>5</Task><Opcode>0</Opcode><Keywords>0x8000000000000000</Keywords><TimeCreated SystemTime='2026-09-13T21:05:12.2532127Z'/><EventRecordID>619263</EventRecordID><Correlation/><Execution ProcessID='4168' ThreadID='5936'/><Channel>Microsoft-Windows-Sysmon/Operational</Channel><Computer>DESKTOP-FOEGBB0</Computer><Security UserID='S-1-5-18'/></System><EventData><Data Name='RuleName'>-</Data><Data Name='UtcTime'>2026-09-13 21:05:12.249</Data><Data Name='ProcessGuid'>{66b35fd9-0fec-6aa7-ac33-000000001700}</Data><Data Name='ProcessId'>5904</Data><Data Name='Image'>C:\Users\o-neo\.cache\codex-runtimes\codex-primary-runtime\dependencies\native\powershell\pwsh.exe</Data><Data Name='User'>DESKTOP-FOEGBB0\o-neo</Data></EventData></Event><Event xmlns='http://schemas.microsoft.com/win/2004/08/events/event'><System><Provider Name='Microsoft-Windows-Sysmon' Guid='{5770385f-c22a-43e0-bf4c-06f5698ffbd9}'/><EventID>1</EventID><Version>5</Version><Level>4</Level><Task>1</Task><Opcode>0</Opcode><Keywords>0x8000000000000000</Keywords><TimeCreated SystemTime='2026-09-13T21:05:18.5313057Z'/><EventRecordID>619264</EventRecordID><Correlation/><Execution ProcessID='4168' ThreadID='5936'/><Channel>Microsoft-Windows-Sysmon/Operational</Channel><Computer>DESKTOP-FOEGBB0</Computer><Security UserID='S-1-5-18'/></System><EventData><Data Name='RuleName'>-</Data><Data Name='UtcTime'>2026-09-13 21:05:18.479</Data><Data Name='ProcessGuid'>{66b35fd9-100e-6aa7-b333-000000001700}</Data><Data Name='ProcessId'>7756</Data><Data Name='Image'>C:\Tools\Node\node-v24.21.0-win-x64\node.exe</Data><Data Name='FileVersion'>24.21.0</Data><Data Name='Description'>Node.js JavaScript Runtime</Data><Data Name='Product'>Node.js</Data><Data Name='Company'>Node.js</Data><Data Name='OriginalFileName'>node.exe</Data><Data Name='CommandLine'>"C:\Tools\Node\node-v24.21.0-win-x64\\node.exe"  "C:\Tools\Node\node-v24.21.0-win-x64\node_modules\npm\bin\npx-cli.js" -y firebase-tools@latest mcp --dir .</Data><Data Name='CurrentDirectory'>C:\Users\o-neo\Documents\Vip-Gece-Web-Gelistirme\</Data><Data Name='User'>DESKTOP-FOEGBB0\o-neo</Data><Data Name='LogonGuid'>{66b35fd9-c5ee-6aa6-d395-060000000000}</Data><Data Name='LogonId'>0x695d3</Data><Data Name='TerminalSessionId'>1</Data><Data Name='IntegrityLevel'>Medium</Data><Data Name='Hashes'>MD5=12E6FB7D516F65083AE68CCF1E5F4EB8,SHA256=BA4E6D110E8C1592A1ECD390F6B05F3DA124B13871A5BE62B341A07A853C6C32,IMPHASH=6538DFB25A4AF0BD0D9AAA2ACC7B075A</Data><Data Name='ParentProcessGuid'>{66b35fd9-1000-6aa7-ad33-000000001700}</Data><Data Name='ParentProcessId'>10148</Data><Data Name='ParentImage'>C:\Windows\System32\cmd.exe</Data><Data Name='ParentCommandLine'>cmd.exe /e:ON /v:OFF /d /c ""C:\Tools\Node\node-v24.21.0-win-x64\npx.cmd" -y firebase-tools@latest mcp --dir ."</Data><Data Name='ParentUser'>DESKTOP-FOEGBB0\o-neo</Data></EventData></Event><Event xmlns='http://schemas.microsoft.com/win/2004/08/events/event'><System><Provider Name='Microsoft-Windows-Sysmon' Guid='{5770385f-c22a-43e0-bf4c-06f5698ffbd9}'/><EventID>1</EventID><Version>5</Version><Level>4</Level><Task>1</Task><Opcode>0</Opcode><Keywords>0x8000000000000000</Keywords><TimeCreated SystemTime='2026-09-13T21:05:20.5193691Z'/><EventRecordID>619265</EventRecordID><Correlation/><Execution ProcessID='4168' ThreadID='5936'/><Channel>Microsoft-Windows-Sysmon/Operational</Channel><Computer>DESKTOP-FOEGBB0</Computer><Security UserID='S-1-5-18'/></System><EventData><Data Name='RuleName'>-</Data><Data Name='UtcTime'>2026-09-13 21:05:20.375</Data><Data Name='ProcessGuid'>{66b35fd9-1010-6aa7-b433-000000001700}</Data><Data Name='ProcessId'>9600</Data><Data Name='Image'>C:\Tools\Node\node-v24.21.0-win-x64\node.exe</Data><Data Name='FileVersion'>24.21.0</Data><Data Name='Description'>Node.js JavaScript Runtime</Data><Data Name='Product'>Node.js</Data><Data Name='Company'>Node.js</Data><Data Name='OriginalFileName'>node.exe</Data><Data Name='CommandLine'>"C:\Tools\Node\node-v24.21.0-win-x64\\node.exe"  "C:\Tools\Node\node-v24.21.0-win-x64\node_modules\npm\bin\npx-cli.js" -y firebase-tools@latest mcp --dir .</Data><Data Name='CurrentDirectory'>C:\Users\o-neo\Documents\Codex\2026-09-10\c\</Data><Data Name='User'>DESKTOP-FOEGBB0\o-neo</Data><Data Name='LogonGuid'>{66b35fd9-c5ee-6aa6-d395-060000000000}</Data><Data Name='LogonId'>0x695d3</Data><Data Name='TerminalSessionId'>1</Data><Data Name='IntegrityLevel'>Medium</Data><Data Name='Hashes'>MD5=12E6FB7D516F65083AE68CCF1E5F4EB8,SHA256=BA4E6D110E8C1592A1ECD390F6B05F3DA124B13871A5BE62B341A07A853C6C32,IMPHASH=6538DFB25A4AF0BD0D9AAA2ACC7B075A</Data><Data Name='ParentProcessGuid'>{66b35fd9-1001-6aa7-ae33-000000001700}</Data><Data Name='ParentProcessId'>3576</Data><Data Name='ParentImage'>C:\Windows\System32\cmd.exe</Data><Data Name='ParentCommandLine'>cmd.exe /e:ON /v:OFF /d /c ""C:\Tools\Node\node-v24.21.0-win-x64\npx.cmd" -y firebase-tools@latest mcp --dir ."</Data><Data Name='ParentUser'>DESKTOP-FOEGBB0\o-neo</Data></EventData></Event><Event xmlns='http://schemas.microsoft.com/win/2004/08/events/event'><System><Provider Name='Microsoft-Windows-Sysmon' Guid='{5770385f-c22a-43e0-bf4c-06f5698ffbd9}'/><EventID>3</EventID><Version>5</Version><Level>4</Level><Task>3</Task><Opcode>0</Opcode><Keywords>0x8000000000000000</Keywords><TimeCreated SystemTime='2026-09-13T21:05:25.8864403Z'/><EventRecordID>619266</EventRecordID><Correlation/><Execution ProcessID='4168' ThreadID='5812'/><Channel>Microsoft-Windows-Sysmon/Operational</Channel><Computer>DESKTOP-FOEGBB0</Computer><Security UserID='S-1-5-18'/></System><EventData><Data Name='RuleName'>Usermode</Data><Data Name='UtcTime'>2026-09-13 21:05:24.015</Data><Data Name='ProcessGuid'>{66b35fd9-ee3a-6aa6-231e-000000001700}</Data><Data Name='ProcessId'>11556</Data><Data Name='Image'>C:\Users\o-neo\AppData\Local\OpenAI\Codex\bin\bffc5354119c8421\codex.exe</Data><Data Name='User'>DESKTOP-FOEGBB0\o-neo</Data><Data Name='Protocol'>tcp</Data><Data Name='Initiated'>true</Data><Data Name='SourceIsIpv6'>false</Data><Data Name='SourceIp'>192.168.1.120</Data><Data Name='SourceHostname'>DESKTOP-FOEGBB0</Data><Data Name='SourcePort'>57455</Data><Data Name='SourcePortName'>-</Data><Data Name='DestinationIsIpv6'>false</Data><Data Name='DestinationIp'>104.18.32.47</Data><Data Name='DestinationHostname'>-</Data><Data Name='DestinationPort'>443</Data><Data Name='DestinationPortName'>https</Data></EventData></Event><Event xmlns='http://schemas.microsoft.com/win/2004/08/events/event'><System><Provider Name='Microsoft-Windows-Sysmon' Guid='{5770385f-c22a-43e0-bf4c-06f5698ffbd9}'/><EventID>22</EventID><Version>5</Version><Level>4</Level><Task>22</Task><Opcode>0</Opcode><Keywords>0x8000000000000000</Keywords><TimeCreated SystemTime='2026-09-13T21:05:33.9721124Z'/><EventRecordID>619267</EventRecordID><Correlation/><Execution ProcessID='4168' ThreadID='6208'/><Channel>Microsoft-Windows-Sysmon/Operational</Channel><Computer>DESKTOP-FOEGBB0</Computer><Security UserID='S-1-5-18'/></System><EventData><Data Name='RuleName'>-</Data><Data Name='UtcTime'>2026-09-13 21:05:33.239</Data><Data Name='ProcessGuid'>{66b35fd9-1010-6aa7-b433-000000001700}</Data><Data Name='ProcessId'>9600</Data><Data Name='QueryName'>registry.npmjs.org</Data><Data Name='QueryStatus'>0</Data><Data Name='QueryResults'>::ffff:104.16.1.34;::ffff:104.16.5.34;::ffff:104.16.0.34;::ffff:104.16.4.34;::ffff:104.16.6.34;::ffff:104.16.11.34;::ffff:104.16.7.34;::ffff:104.16.3.34;::ffff:104.16.9.34;::ffff:104.16.10.34;::ffff:104.16.2.34;::ffff:104.16.8.34;</Data><Data Name='Image'>C:\Tools\Node\node-v24.21.0-win-x64\node.exe</Data><Data Name='User'>DESKTOP-FOEGBB0\o-neo</Data></EventData></Event><Event xmlns='http://schemas.microsoft.com/win/2004/08/events/event'><System><Provider Name='Microsoft-Windows-Sysmon' Guid='{5770385f-c22a-43e0-bf4c-06f5698ffbd9}'/><EventID>1</EventID><Version>5</Version><Level>4</Level><Task>1</Task><Opcode>0</Opcode><Keywords>0x8000000000000000</Keywords><TimeCreated SystemTime='2026-09-13T21:05:34.1675580Z'/><EventRecordID>619268</EventRecordID><Correlation/><Execution ProcessID='4168' ThreadID='5936'/><Channel>Microsoft-Windows-Sysmon/Operational</Channel><Computer>DESKTOP-FOEGBB0</Computer><Security UserID='S-1-5-18'/></System><EventData><Data Name='RuleName'>-</Data><Data Name='UtcTime'>2026-09-13 21:05:34.109</Data><Data Name='ProcessGuid'>{66b35fd9-101e-6aa7-b533-000000001700}</Data><Data Name='ProcessId'>11136</Data><Data Name='Image'>C:\Users\o-neo\.cache\codex-runtimes\codex-primary-runtime\dependencies\native\git\cmd\git.exe</Data><Data Name='FileVersion'>2.53.0.windows.3</Data><Data Name='Description'>Git for Windows</Data><Data Name='Product'>Git</Data><Data Name='Company'>The Git Development Community</Data><Data Name='OriginalFileName'>git.exe</Data><Data Name='CommandLine'>C:\Users\o-neo\.cache\codex-runtimes\codex-primary-runtime\dependencies\native\git\cmd\git.exe --version</Data><Data Name='CurrentDirectory'>C:\</Data><Data Name='User'>DESKTOP-FOEGBB0\o-neo</Data><Data Name='LogonGuid'>{66b35fd9-c5ee-6aa6-d395-060000000000}</Data><Data Name='LogonId'>0x695d3</Data><Data Name='TerminalSessionId'>1</Data><Data Name='IntegrityLevel'>Medium</Data><Data Name='Hashes'>MD5=72F87446775ECCA78F3119A8F329BDAF,SHA256=C53279919FDEA03474BB23B465B3A82287157491F1BD69A5EB82DD9831582333,IMPHASH=0991041C9DE5C72802D268A52B7C03AC</Data><Data Name='ParentProcessGuid'>{66b35fd9-ee27-6aa6-131e-000000001700}</Data><Data Name='ParentProcessId'>488</Data><Data Name='ParentImage'>C:\Program Files\WindowsApps\OpenAI.Codex_26.908.4834.0_x64__2p2nqsd0c76g0\app\ChatGPT.exe</Data><Data Name='ParentCommandLine'>"C:\Program Files\WindowsApps\OpenAI.Codex_26.908.4834.0_x64__2p2nqsd0c76g0\app\ChatGPT.exe" </Data><Data Name='ParentUser'>DESKTOP-FOEGBB0\o-neo</Data></EventData></Event><Event xmlns='http://schemas.microsoft.com/win/2004/08/events/event'><System><Provider Name='Microsoft-Windows-Sysmon' Guid='{5770385f-c22a-43e0-bf4c-06f5698ffbd9}'/><EventID>1</EventID><Version>5</Version><Level>4</Level><Task>1</Task><Opcode>0</Opcode><Keywords>0x8000000000000000</Keywords><TimeCreated SystemTime='2026-09-13T21:05:34.6299625Z'/><EventRecordID>619269</EventRecordID><Correlation/><Execution ProcessID='4168' ThreadID='5936'/><Channel>Microsoft-Windows-Sysmon/Operational</Channel><Computer>DESKTOP-FOEGBB0</Computer><Security UserID='S-1-5-18'/></System><EventData><Data Name='RuleName'>-</Data><Data Name='UtcTime'>2026-09-13 21:05:34.594</Data><Data Name='ProcessGuid'>{66b35fd9-101e-6aa7-b733-000000001700}</Data><Data Name='ProcessId'>3224</Data><Data Name='Image'>C:\Users\o-neo\.cache\codex-runtimes\codex-primary-runtime\dependencies\native\git\mingw64\bin\git.exe</Data><Data Name='FileVersion'>2.53.0.windows.3</Data><Data Name='Description'>Git for Windows</Data><Data Name='Product'>Git</Data><Data Name='Company'>The Git Development Community</Data><Data Name='OriginalFileName'>git.exe</Data><Data Name='CommandLine'>git.exe --version</Data><Data Name='CurrentDirectory'>C:\</Data><Data Name='User'>DESKTOP-FOEGBB0\o-neo</Data><Data Name='LogonGuid'>{66b35fd9-c5ee-6aa6-d395-060000000000}</Data><Data Name='LogonId'>0x695d3</Data><Data Name='TerminalSessionId'>1</Data><Data Name='IntegrityLevel'>Medium</Data><Data Name='Hashes'>MD5=66E8226F7CDADDE28EDBBF9C8BF12F3D,SHA256=C115A66A1BEDE6694B513AF420CC90F8775BE03666A54D1ECB82D6196B929FE9,IMPHASH=C46A0C43C45E1D61113699AA15203A44</Data><Data Name='ParentProcessGuid'>{66b35fd9-101e-6aa7-b533-000000001700}</Data><Data Name='ParentProcessId'>11136</Data><Data Name='ParentImage'>C:\Users\o-neo\.cache\codex-runtimes\codex-primary-runtime\dependencies\native\git\cmd\git.exe</Data><Data Name='ParentCommandLine'>C:\Users\o-neo\.cache\codex-runtimes\codex-primary-runtime\dependencies\native\git\cmd\git.exe --version</Data><Data Name='ParentUser'>DESKTOP-FOEGBB0\o-neo</Data></EventData></Event><Event xmlns='http://schemas.microsoft.com/win/2004/08/events/event'><System><Provider Name='Microsoft-Windows-Sysmon' Guid='{5770385f-c22a-43e0-bf4c-06f5698ffbd9}'/><EventID>22</EventID><Version>5</Version><Level>4</Level><Task>22</Task><Opcode>0</Opcode><Keywords>0x8000000000000000</Keywords><TimeCreated SystemTime='2026-09-13T21:05:34.9851760Z'/><EventRecordID>619270</EventRecordID><Correlation/><Execution ProcessID='4168' ThreadID='6208'/><Channel>Microsoft-Windows-Sysmon/Operational</Channel><Computer>DESKTOP-FOEGBB0</Computer><Security UserID='S-1-5-18'/></System><EventData><Data Name='RuleName'>-</Data><Data Name='UtcTime'>2026-09-13 21:05:33.308</Data><Data Name='ProcessGuid'>{66b35fd9-100e-6aa7-b333-000000001700}</Data><Data Name='ProcessId'>7756</Data><Data Name='QueryName'>registry.npmjs.org</Data><Data Name='QueryStatus'>0</Data><Data Name='QueryResults'>::ffff:104.16.1.34;::ffff:104.16.5.34;::ffff:104.16.0.34;::ffff:104.16.4.34;::ffff:104.16.6.34;::ffff:104.16.11.34;::ffff:104.16.7.34;::ffff:104.16.3.34;::ffff:104.16.9.34;::ffff:104.16.10.34;::ffff:104.16.2.34;::ffff:104.16.8.34;</Data><Data Name='Image'>C:\Tools\Node\node-v24.21.0-win-x64\node.exe</Data><Data Name='User'>DESKTOP-FOEGBB0\o-neo</Data></EventData></Event><Event xmlns='http://schemas.microsoft.com/win/2004/08/events/event'><System><Provider Name='Microsoft-Windows-Sysmon' Guid='{5770385f-c22a-43e0-bf4c-06f5698ffbd9}'/><EventID>5</EventID><Version>3</Version><Level>4</Level><Task>5</Task><Opcode>0</Opcode><Keywords>0x8000000000000000</Keywords><TimeCreated SystemTime='2026-09-13T21:05:35.0301707Z'/><EventRecordID>619271</EventRecordID><Correlation/><Execution ProcessID='4168' ThreadID='5936'/><Channel>Microsoft-Windows-Sysmon/Operational</Channel><Computer>DESKTOP-FOEGBB0</Computer><Security UserID='S-1-5-18'/></System><EventData><Data Name='RuleName'>-</Data><Data Name='UtcTime'>2026-09-13 21:05:35.025</Data><Data Name='ProcessGuid'>{66b35fd9-101e-6aa7-b733-000000001700}</Data><Data Name='ProcessId'>3224</Data><Data Name='Image'>C:\Users\o-neo\.cache\codex-runtimes\codex-primary-runtime\dependencies\native\git\mingw64\bin\git.exe</Data><Data Name='User'>DESKTOP-FOEGBB0\o-neo</Data></EventData></Event><Event xmlns='http://schemas.microsoft.com/win/2004/08/events/event'><System><Provider Name='Microsoft-Windows-Sysmon' Guid='{5770385f-c22a-43e0-bf4c-06f5698ffbd9}'/><EventID>5</EventID><Version>3</Version><Level>4</Level><Task>5</Task><Opcode>0</Opcode><Keywords>0x8000000000000000</Keywords><TimeCreated SystemTime='2026-09-13T21:05:35.1027162Z'/><EventRecordID>619272</EventRecordID><Correlation/><Execution ProcessID='4168' ThreadID='5936'/><Channel>Microsoft-Windows-Sysmon/Operational</Channel><Computer>DESKTOP-FOEGBB0</Computer><Security UserID='S-1-5-18'/></System><EventData><Data Name='RuleName'>-</Data><Data Name='UtcTime'>2026-09-13 21:05:35.076</Data><Data Name='ProcessGuid'>{66b35fd9-101e-6aa7-b533-000000001700}</Data><Data Name='ProcessId'>11136</Data><Data Name='Image'>C:\Users\o-neo\.cache\codex-runtimes\codex-primary-runtime\dependencies\native\git\cmd\git.exe</Data><Data Name='User'>DESKTOP-FOEGBB0\o-neo</Data></EventData></Event>