<Event xmlns='http://schemas.microsoft.com/win/2004/08/events/event'><System><Provider Name='Microsoft-Windows-Sysmon' Guid='{5770385f-c22a-43e0-bf4c-06f5698ffbd9}'/><EventID>1</EventID><Version>5</Version><Level>4</Level><Task>1</Task><Opcode>0</Opcode><Keywords>0x8000000000000000</Keywords><TimeCreated SystemTime='2026-09-13T21:18:41.2373484Z'/><EventRecordID>620217</EventRecordID><Correlation/><Execution ProcessID='4168' ThreadID='5936'/><Channel>Microsoft-Windows-Sysmon/Operational</Channel><Computer>DESKTOP-FOEGBB0</Computer><Security UserID='S-1-5-18'/></System><EventData><Data Name='RuleName'>-</Data><Data Name='UtcTime'>2026-09-13 21:18:41.092</Data><Data Name='ProcessGuid'>{66b35fd9-1331-6aa7-2036-000000001700}</Data><Data Name='ProcessId'>9648</Data><Data Name='Image'>C:\Users\o-neo\.cache\codex-runtimes\codex-primary-runtime\dependencies\native\git\cmd\git.exe</Data><Data Name='FileVersion'>2.53.0.windows.3</Data><Data Name='Description'>Git for Windows</Data><Data Name='Product'>Git</Data><Data Name='Company'>The Git Development Community</Data><Data Name='OriginalFileName'>git.exe</Data><Data Name='CommandLine'>"git" -c safe.bareRepository=explicit -c core.hooksPath=NUL -c core.fsmonitor=false rev-parse HEAD</Data><Data Name='CurrentDirectory'>C:\Users\o-neo\Documents\Vip-Gece-Web-Gelistirme\</Data><Data Name='User'>DESKTOP-FOEGBB0\o-neo</Data><Data Name='LogonGuid'>{66b35fd9-c5ee-6aa6-d395-060000000000}</Data><Data Name='LogonId'>0x695d3</Data><Data Name='TerminalSessionId'>1</Data><Data Name='IntegrityLevel'>Medium</Data><Data Name='Hashes'>MD5=72F87446775ECCA78F3119A8F329BDAF,SHA256=C53279919FDEA03474BB23B465B3A82287157491F1BD69A5EB82DD9831582333,IMPHASH=0991041C9DE5C72802D268A52B7C03AC</Data><Data Name='ParentProcessGuid'>{66b35fd9-ee3a-6aa6-231e-000000001700}</Data><Data Name='ParentProcessId'>11556</Data><Data Name='ParentImage'>C:\Users\o-neo\AppData\Local\OpenAI\Codex\bin\bffc5354119c8421\codex.exe</Data><Data Name='ParentCommandLine'>C:\Users\o-neo\AppData\Local\OpenAI\Codex\bin\bffc5354119c8421\codex.exe -c features.code_mode_host=true app-server --analytics-default-enabled -c plugins.codex-app-tools@openai-bundled.mcp_servers.codex_app.enabled=true</Data><Data Name='ParentUser'>DESKTOP-FOEGBB0\o-neo</Data></EventData></Event><Event xmlns='http://schemas.microsoft.com/win/2004/08/events/event'><System><Provider Name='Microsoft-Windows-Sysmon' Guid='{5770385f-c22a-43e0-bf4c-06f5698ffbd9}'/><EventID>1</EventID><Version>5</Version><Level>4</Level><Task>1</Task><Opcode>0</Opcode><Keywords>0x8000000000000000</Keywords><TimeCreated SystemTime='2026-09-13T21:18:41.3616938Z'/><EventRecordID>620218</EventRecordID><Correlation/><Execution ProcessID='4168' ThreadID='5936'/><Channel>Microsoft-Windows-Sysmon/Operational</Channel><Computer>DESKTOP-FOEGBB0</Computer><Security UserID='S-1-5-18'/></System><EventData><Data Name='RuleName'>-</Data><Data Name='UtcTime'>2026-09-13 21:18:41.313</Data><Data Name='ProcessGuid'>{66b35fd9-1331-6aa7-2236-000000001700}</Data><Data Name='ProcessId'>6664</Data><Data Name='Image'>C:\Users\o-neo\.cache\codex-runtimes\codex-primary-runtime\dependencies\native\git\cmd\git.exe</Data><Data Name='FileVersion'>2.53.0.windows.3</Data><Data Name='Description'>Git for Windows</Data><Data Name='Product'>Git</Data><Data Name='Company'>The Git Development Community</Data><Data Name='OriginalFileName'>git.exe</Data><Data Name='CommandLine'>"git" -c safe.bareRepository=explicit -c core.hooksPath=NUL -c core.fsmonitor=false remote -v</Data><Data Name='CurrentDirectory'>C:\Users\o-neo\Documents\Vip-Gece-Web-Gelistirme\</Data><Data Name='User'>DESKTOP-FOEGBB0\o-neo</Data><Data Name='LogonGuid'>{66b35fd9-c5ee-6aa6-d395-060000000000}</Data><Data Name='LogonId'>0x695d3</Data><Data Name='TerminalSessionId'>1</Data><Data Name='IntegrityLevel'>Medium</Data><Data Name='Hashes'>MD5=72F87446775ECCA78F3119A8F329BDAF,SHA256=C53279919FDEA03474BB23B465B3A82287157491F1BD69A5EB82DD9831582333,IMPHASH=0991041C9DE5C72802D268A52B7C03AC</Data><Data Name='ParentProcessGuid'>{66b35fd9-ee3a-6aa6-231e-000000001700}</Data><Data Name='ParentProcessId'>11556</Data><Data Name='ParentImage'>C:\Users\o-neo\AppData\Local\OpenAI\Codex\bin\bffc5354119c8421\codex.exe</Data><Data Name='ParentCommandLine'>C:\Users\o-neo\AppData\Local\OpenAI\Codex\bin\bffc5354119c8421\codex.exe -c features.code_mode_host=true app-server --analytics-default-enabled -c plugins.codex-app-tools@openai-bundled.mcp_servers.codex_app.enabled=true</Data><Data Name='ParentUser'>DESKTOP-FOEGBB0\o-neo</Data></EventData></Event><Event xmlns='http://schemas.microsoft.com/win/2004/08/events/event'><System><Provider Name='Microsoft-Windows-Sysmon' Guid='{5770385f-c22a-43e0-bf4c-06f5698ffbd9}'/><EventID>1</EventID><Version>5</Version><Level>4</Level><Task>1</Task><Opcode>0</Opcode><Keywords>0x8000000000000000</Keywords><TimeCreated SystemTime='2026-09-13T21:18:41.4444185Z'/><EventRecordID>620219</EventRecordID><Correlation/><Execution ProcessID='4168' ThreadID='5936'/><Channel>Microsoft-Windows-Sysmon/Operational</Channel><Computer>DESKTOP-FOEGBB0</Computer><Security UserID='S-1-5-18'/></System><EventData><Data Name='RuleName'>-</Data><Data Name='UtcTime'>2026-09-13 21:18:41.206</Data><Data Name='ProcessGuid'>{66b35fd9-1331-6aa7-2136-000000001700}</Data><Data Name='ProcessId'>13200</Data><Data Name='Image'>C:\Windows\System32\cmd.exe</Data><Data Name='FileVersion'>10.0.26100.9278 (WinBuild.160101.0800)</Data><Data Name='Description'>Windows Command Processor</Data><Data Name='Product'>Microsoft® Windows® Operating System</Data><Data Name='Company'>Microsoft Corporation</Data><Data Name='OriginalFileName'>Cmd.Exe</Data><Data Name='CommandLine'>C:\WINDOWS\system32\cmd.exe /c CALL "C:\Tools\Node\node-v24.21.0-win-x64\\node.exe" "C:\Tools\Node\node-v24.21.0-win-x64\\node_modules\npm\bin\npm-prefix.js"</Data><Data Name='CurrentDirectory'>C:\Users\o-neo\Documents\Vip-Gece-Web-Gelistirme\</Data><Data Name='User'>DESKTOP-FOEGBB0\o-neo</Data><Data Name='LogonGuid'>{66b35fd9-c5ee-6aa6-d395-060000000000}</Data><Data Name='LogonId'>0x695d3</Data><Data Name='TerminalSessionId'>1</Data><Data Name='IntegrityLevel'>Medium</Data><Data Name='Hashes'>MD5=CE396564392FAFAAD5C07A5E2DADE4E6,SHA256=97AC98B1A92C286054CCE55239CFCCDFC23A5517BD07FE693072C9CA96C7DABB,IMPHASH=010B165E4C37F484601D3DBD700C9423</Data><Data Name='ParentProcessGuid'>{66b35fd9-1330-6aa7-1f36-000000001700}</Data><Data Name='ParentProcessId'>9660</Data><Data Name='ParentImage'>C:\Windows\System32\cmd.exe</Data><Data Name='ParentCommandLine'>cmd.exe /e:ON /v:OFF /d /c ""C:\Tools\Node\node-v24.21.0-win-x64\npx.cmd" -y firebase-tools@latest mcp --dir ."</Data><Data Name='ParentUser'>DESKTOP-FOEGBB0\o-neo</Data></EventData></Event><Event xmlns='http://schemas.microsoft.com/win/2004/08/events/event'><System><Provider Name='Microsoft-Windows-Sysmon' Guid='{5770385f-c22a-43e0-bf4c-06f5698ffbd9}'/><EventID>1</EventID><Version>5</Version><Level>4</Level><Task>1</Task><Opcode>0</Opcode><Keywords>0x8000000000000000</Keywords><TimeCreated SystemTime='2026-09-13T21:18:41.5057851Z'/><EventRecordID>620220</EventRecordID><Correlation/><Execution ProcessID='4168' ThreadID='5936'/><Channel>Microsoft-Windows-Sysmon/Operational</Channel><Computer>DESKTOP-FOEGBB0</Computer><Security UserID='S-1-5-18'/></System><EventData><Data Name='RuleName'>-</Data><Data Name='UtcTime'>2026-09-13 21:18:41.436</Data><Data Name='ProcessGuid'>{66b35fd9-1331-6aa7-2336-000000001700}</Data><Data Name='ProcessId'>11348</Data><Data Name='Image'>C:\Users\o-neo\.cache\codex-runtimes\codex-primary-runtime\dependencies\native\git\cmd\git.exe</Data><Data Name='FileVersion'>2.53.0.windows.3</Data><Data Name='Description'>Git for Windows</Data><Data Name='Product'>Git</Data><Data Name='Company'>The Git Development Community</Data><Data Name='OriginalFileName'>git.exe</Data><Data Name='CommandLine'>"git" -c safe.bareRepository=explicit config --null --get core.fsmonitor</Data><Data Name='CurrentDirectory'>C:\Users\o-neo\Documents\Vip-Gece-Web-Gelistirme\</Data><Data Name='User'>DESKTOP-FOEGBB0\o-neo</Data><Data Name='LogonGuid'>{66b35fd9-c5ee-6aa6-d395-060000000000}</Data><Data Name='LogonId'>0x695d3</Data><Data Name='TerminalSessionId'>1</Data><Data Name='IntegrityLevel'>Medium</Data><Data Name='Hashes'>MD5=72F87446775ECCA78F3119A8F329BDAF,SHA256=C53279919FDEA03474BB23B465B3A82287157491F1BD69A5EB82DD9831582333,IMPHASH=0991041C9DE5C72802D268A52B7C03AC</Data><Data Name='ParentProcessGuid'>{66b35fd9-ee3a-6aa6-231e-000000001700}</Data><Data Name='ParentProcessId'>11556</Data><Data Name='ParentImage'>C:\Users\o-neo\AppData\Local\OpenAI\Codex\bin\bffc5354119c8421\codex.exe</Data><Data Name='ParentCommandLine'>C:\Users\o-neo\AppData\Local\OpenAI\Codex\bin\bffc5354119c8421\codex.exe -c features.code_mode_host=true app-server --analytics-default-enabled -c plugins.codex-app-tools@openai-bundled.mcp_servers.codex_app.enabled=true</Data><Data Name='ParentUser'>DESKTOP-FOEGBB0\o-neo</Data></EventData></Event><Event xmlns='http://schemas.microsoft.com/win/2004/08/events/event'><System><Provider Name='Microsoft-Windows-Sysmon' Guid='{5770385f-c22a-43e0-bf4c-06f5698ffbd9}'/><EventID>3</EventID><Version>5</Version><Level>4</Level><Task>3</Task><Opcode>0</Opcode><Keywords>0x8000000000000000</Keywords><TimeCreated SystemTime='2026-09-13T21:18:41.7564341Z'/><EventRecordID>620221</EventRecordID><Correlation/><Execution ProcessID='4168' ThreadID='5812'/><Channel>Microsoft-Windows-Sysmon/Operational</Channel><Computer>DESKTOP-FOEGBB0</Computer><Security UserID='S-1-5-18'/></System><EventData><Data Name='RuleName'>Usermode</Data><Data Name='UtcTime'>2026-09-13 21:18:40.635</Data><Data Name='ProcessGuid'>{66b35fd9-ee3a-6aa6-231e-000000001700}</Data><Data Name='ProcessId'>11556</Data><Data Name='Image'>C:\Users\o-neo\AppData\Local\OpenAI\Codex\bin\bffc5354119c8421\codex.exe</Data><Data Name='User'>DESKTOP-FOEGBB0\o-neo</Data><Data Name='Protocol'>tcp</Data><Data Name='Initiated'>true</Data><Data Name='SourceIsIpv6'>false</Data><Data Name='SourceIp'>192.168.1.120</Data><Data Name='SourceHostname'>DESKTOP-FOEGBB0</Data><Data Name='SourcePort'>49640</Data><Data Name='SourcePortName'>-</Data><Data Name='DestinationIsIpv6'>false</Data><Data Name='DestinationIp'>104.18.32.47</Data><Data Name='DestinationHostname'>-</Data><Data Name='DestinationPort'>443</Data><Data Name='DestinationPortName'>https</Data></EventData></Event><Event xmlns='http://schemas.microsoft.com/win/2004/08/events/event'><System><Provider Name='Microsoft-Windows-Sysmon' Guid='{5770385f-c22a-43e0-bf4c-06f5698ffbd9}'/><EventID>3</EventID><Version>5</Version><Level>4</Level><Task>3</Task><Opcode>0</Opcode><Keywords>0x8000000000000000</Keywords><TimeCreated SystemTime='2026-09-13T21:18:41.7564699Z'/><EventRecordID>620222</EventRecordID><Correlation/><Execution ProcessID='4168' ThreadID='5812'/><Channel>Microsoft-Windows-Sysmon/Operational</Channel><Computer>DESKTOP-FOEGBB0</Computer><Security UserID='S-1-5-18'/></System><EventData><Data Name='RuleName'>Usermode</Data><Data Name='UtcTime'>2026-09-13 21:18:40.665</Data><Data Name='ProcessGuid'>{66b35fd9-ee3a-6aa6-231e-000000001700}</Data><Data Name='ProcessId'>11556</Data><Data Name='Image'>C:\Users\o-neo\AppData\Local\OpenAI\Codex\bin\bffc5354119c8421\codex.exe</Data><Data Name='User'>DESKTOP-FOEGBB0\o-neo</Data><Data Name='Protocol'>tcp</Data><Data Name='Initiated'>true</Data><Data Name='SourceIsIpv6'>false</Data><Data Name='SourceIp'>192.168.1.120</Data><Data Name='SourceHostname'>DESKTOP-FOEGBB0</Data><Data Name='SourcePort'>49641</Data><Data Name='SourcePortName'>-</Data><Data Name='DestinationIsIpv6'>false</Data><Data Name='DestinationIp'>104.18.25.159</Data><Data Name='DestinationHostname'>-</Data><Data Name='DestinationPort'>443</Data><Data Name='DestinationPortName'>https</Data></EventData></Event><Event xmlns='http://schemas.microsoft.com/win/2004/08/events/event'><System><Provider Name='Microsoft-Windows-Sysmon' Guid='{5770385f-c22a-43e0-bf4c-06f5698ffbd9}'/><EventID>1</EventID><Version>5</Version><Level>4</Level><Task>1</Task><Opcode>0</Opcode><Keywords>0x8000000000000000</Keywords><TimeCreated SystemTime='2026-09-13T21:18:41.8078699Z'/><EventRecordID>620223</EventRecordID><Correlation/><Execution ProcessID='4168' ThreadID='5936'/><Channel>Microsoft-Windows-Sysmon/Operational</Channel><Computer>DESKTOP-FOEGBB0</Computer><Security UserID='S-1-5-18'/></System><EventData><Data Name='RuleName'>-</Data><Data Name='UtcTime'>2026-09-13 21:18:41.741</Data><Data Name='ProcessGuid'>{66b35fd9-1331-6aa7-2436-000000001700}</Data><Data Name='ProcessId'>9464</Data><Data Name='Image'>C:\Users\o-neo\.cache\codex-runtimes\codex-primary-runtime\dependencies\native\git\cmd\git.exe</Data><Data Name='FileVersion'>2.53.0.windows.3</Data><Data Name='Description'>Git for Windows</Data><Data Name='Product'>Git</Data><Data Name='Company'>The Git Development Community</Data><Data Name='OriginalFileName'>git.exe</Data><Data Name='CommandLine'>"git" -c safe.bareRepository=explicit -c core.hooksPath=NUL -c core.fsmonitor=false rev-parse --git-dir</Data><Data Name='CurrentDirectory'>C:\Users\o-neo\Documents\Vip-Gece-Web-Gelistirme\</Data><Data Name='User'>DESKTOP-FOEGBB0\o-neo</Data><Data Name='LogonGuid'>{66b35fd9-c5ee-6aa6-d395-060000000000}</Data><Data Name='LogonId'>0x695d3</Data><Data Name='TerminalSessionId'>1</Data><Data Name='IntegrityLevel'>Medium</Data><Data Name='Hashes'>MD5=72F87446775ECCA78F3119A8F329BDAF,SHA256=C53279919FDEA03474BB23B465B3A82287157491F1BD69A5EB82DD9831582333,IMPHASH=0991041C9DE5C72802D268A52B7C03AC</Data><Data Name='ParentProcessGuid'>{66b35fd9-ee3a-6aa6-231e-000000001700}</Data><Data Name='ParentProcessId'>11556</Data><Data Name='ParentImage'>C:\Users\o-neo\AppData\Local\OpenAI\Codex\bin\bffc5354119c8421\codex.exe</Data><Data Name='ParentCommandLine'>C:\Users\o-neo\AppData\Local\OpenAI\Codex\bin\bffc5354119c8421\codex.exe -c features.code_mode_host=true app-server --analytics-default-enabled -c plugins.codex-app-tools@openai-bundled.mcp_servers.codex_app.enabled=true</Data><Data Name='ParentUser'>DESKTOP-FOEGBB0\o-neo</Data></EventData></Event><Event xmlns='http://schemas.microsoft.com/win/2004/08/events/event'><System><Provider Name='Microsoft-Windows-Sysmon' Guid='{5770385f-c22a-43e0-bf4c-06f5698ffbd9}'/><EventID>1</EventID><Version>5</Version><Level>4</Level><Task>1</Task><Opcode>0</Opcode><Keywords>0x8000000000000000</Keywords><TimeCreated SystemTime='2026-09-13T21:18:42.1373601Z'/><EventRecordID>620224</EventRecordID><Correlation/><Execution ProcessID='4168' ThreadID='5936'/><Channel>Microsoft-Windows-Sysmon/Operational</Channel><Computer>DESKTOP-FOEGBB0</Computer><Security UserID='S-1-5-18'/></System><EventData><Data Name='RuleName'>-</Data><Data Name='UtcTime'>2026-09-13 21:18:41.783</Data><Data Name='ProcessGuid'>{66b35fd9-1331-6aa7-2536-000000001700}</Data><Data Name='ProcessId'>9508</Data><Data Name='Image'>C:\Users\o-neo\.cache\codex-runtimes\codex-primary-runtime\dependencies\native\git\mingw64\bin\git.exe</Data><Data Name='FileVersion'>2.53.0.windows.3</Data><Data Name='Description'>Git for Windows</Data><Data Name='Product'>Git</Data><Data Name='Company'>The Git Development Community</Data><Data Name='OriginalFileName'>git.exe</Data><Data Name='CommandLine'>git.exe -c safe.bareRepository=explicit -c core.hooksPath=NUL -c core.fsmonitor=false rev-parse HEAD</Data><Data Name='CurrentDirectory'>C:\Users\o-neo\Documents\Vip-Gece-Web-Gelistirme\</Data><Data Name='User'>DESKTOP-FOEGBB0\o-neo</Data><Data Name='LogonGuid'>{66b35fd9-c5ee-6aa6-d395-060000000000}</Data><Data Name='LogonId'>0x695d3</Data><Data Name='TerminalSessionId'>1</Data><Data Name='IntegrityLevel'>Medium</Data><Data Name='Hashes'>MD5=66E8226F7CDADDE28EDBBF9C8BF12F3D,SHA256=C115A66A1BEDE6694B513AF420CC90F8775BE03666A54D1ECB82D6196B929FE9,IMPHASH=C46A0C43C45E1D61113699AA15203A44</Data><Data Name='ParentProcessGuid'>{66b35fd9-1331-6aa7-2036-000000001700}</Data><Data Name='ParentProcessId'>9648</Data><Data Name='ParentImage'>C:\Users\o-neo\.cache\codex-runtimes\codex-primary-runtime\dependencies\native\git\cmd\git.exe</Data><Data Name='ParentCommandLine'>"git" -c safe.bareRepository=explicit -c core.hooksPath=NUL -c core.fsmonitor=false rev-parse HEAD</Data><Data Name='ParentUser'>DESKTOP-FOEGBB0\o-neo</Data></EventData></Event><Event xmlns='http://schemas.microsoft.com/win/2004/08/events/event'><System><Provider Name='Microsoft-Windows-Sysmon' Guid='{5770385f-c22a-43e0-bf4c-06f5698ffbd9}'/><EventID>1</EventID><Version>5</Version><Level>4</Level><Task>1</Task><Opcode>0</Opcode><Keywords>0x8000000000000000</Keywords><TimeCreated SystemTime='2026-09-13T21:18:42.3132599Z'/><EventRecordID>620225</EventRecordID><Correlation/><Execution ProcessID='4168' ThreadID='5936'/><Channel>Microsoft-Windows-Sysmon/Operational</Channel><Computer>DESKTOP-FOEGBB0</Computer><Security UserID='S-1-5-18'/></System><EventData><Data Name='RuleName'>-</Data><Data Name='UtcTime'>2026-09-13 21:18:42.123</Data><Data Name='ProcessGuid'>{66b35fd9-1332-6aa7-2636-000000001700}</Data><Data Name='ProcessId'>10036</Data><Data Name='Image'>C:\Users\o-neo\.cache\codex-runtimes\codex-primary-runtime\dependencies\native\git\mingw64\bin\git.exe</Data><Data Name='FileVersion'>2.53.0.windows.3</Data><Data Name='Description'>Git for Windows</Data><Data Name='Product'>Git</Data><Data Name='Company'>The Git Development Community</Data><Data Name='OriginalFileName'>git.exe</Data><Data Name='CommandLine'>git.exe -c safe.bareRepository=explicit -c core.hooksPath=NUL -c core.fsmonitor=false remote -v</Data><Data Name='CurrentDirectory'>C:\Users\o-neo\Documents\Vip-Gece-Web-Gelistirme\</Data><Data Name='User'>DESKTOP-FOEGBB0\o-neo</Data><Data Name='LogonGuid'>{66b35fd9-c5ee-6aa6-d395-060000000000}</Data><Data Name='LogonId'>0x695d3</Data><Data Name='TerminalSessionId'>1</Data><Data Name='IntegrityLevel'>Medium</Data><Data Name='Hashes'>MD5=66E8226F7CDADDE28EDBBF9C8BF12F3D,SHA256=C115A66A1BEDE6694B513AF420CC90F8775BE03666A54D1ECB82D6196B929FE9,IMPHASH=C46A0C43C45E1D61113699AA15203A44</Data><Data Name='ParentProcessGuid'>{66b35fd9-1331-6aa7-2236-000000001700}</Data><Data Name='ParentProcessId'>6664</Data><Data Name='ParentImage'>C:\Users\o-neo\.cache\codex-runtimes\codex-primary-runtime\dependencies\native\git\cmd\git.exe</Data><Data Name='ParentCommandLine'>"git" -c safe.bareRepository=explicit -c core.hooksPath=NUL -c core.fsmonitor=false remote -v</Data><Data Name='ParentUser'>DESKTOP-FOEGBB0\o-neo</Data></EventData></Event><Event xmlns='http://schemas.microsoft.com/win/2004/08/events/event'><System><Provider Name='Microsoft-Windows-Sysmon' Guid='{5770385f-c22a-43e0-bf4c-06f5698ffbd9}'/><EventID>5</EventID><Version>3</Version><Level>4</Level><Task>5</Task><Opcode>0</Opcode><Keywords>0x8000000000000000</Keywords><TimeCreated SystemTime='2026-09-13T21:18:42.3134222Z'/><EventRecordID>620226</EventRecordID><Correlation/><Execution ProcessID='4168' ThreadID='5936'/><Channel>Microsoft-Windows-Sysmon/Operational</Channel><Computer>DESKTOP-FOEGBB0</Computer><Security UserID='S-1-5-18'/></System><EventData><Data Name='RuleName'>-</Data><Data Name='UtcTime'>2026-09-13 21:18:42.173</Data><Data Name='ProcessGuid'>{66b35fd9-1331-6aa7-2536-000000001700}</Data><Data Name='ProcessId'>9508</Data><Data Name='Image'>C:\Users\o-neo\.cache\codex-runtimes\codex-primary-runtime\dependencies\native\git\mingw64\bin\git.exe</Data><Data Name='User'>DESKTOP-FOEGBB0\o-neo</Data></EventData></Event><Event xmlns='http://schemas.microsoft.com/win/2004/08/events/event'><System><Provider Name='Microsoft-Windows-Sysmon' Guid='{5770385f-c22a-43e0-bf4c-06f5698ffbd9}'/><EventID>5</EventID><Version>3</Version><Level>4</Level><Task>5</Task><Opcode>0</Opcode><Keywords>0x8000000000000000</Keywords><TimeCreated SystemTime='2026-09-13T21:18:42.3136426Z'/><EventRecordID>620227</EventRecordID><Correlation/><Execution ProcessID='4168' ThreadID='5936'/><Channel>Microsoft-Windows-Sysmon/Operational</Channel><Computer>DESKTOP-FOEGBB0</Computer><Security UserID='S-1-5-18'/></System><EventData><Data Name='RuleName'>-</Data><Data Name='UtcTime'>2026-09-13 21:18:42.178</Data><Data Name='ProcessGuid'>{66b35fd9-1331-6aa7-2036-000000001700}</Data><Data Name='ProcessId'>9648</Data><Data Name='Image'>C:\Users\o-neo\.cache\codex-runtimes\codex-primary-runtime\dependencies\native\git\cmd\git.exe</Data><Data Name='User'>DESKTOP-FOEGBB0\o-neo</Data></EventData></Event><Event xmlns='http://schemas.microsoft.com/win/2004/08/events/event'><System><Provider Name='Microsoft-Windows-Sysmon' Guid='{5770385f-c22a-43e0-bf4c-06f5698ffbd9}'/><EventID>5</EventID><Version>3</Version><Level>4</Level><Task>5</Task><Opcode>0</Opcode><Keywords>0x8000000000000000</Keywords><TimeCreated SystemTime='2026-09-13T21:18:42.3137388Z'/><EventRecordID>620228</EventRecordID><Correlation/><Execution ProcessID='4168' ThreadID='5936'/><Channel>Microsoft-Windows-Sysmon/Operational</Channel><Computer>DESKTOP-FOEGBB0</Computer><Security UserID='S-1-5-18'/></System><EventData><Data Name='RuleName'>-</Data><Data Name='UtcTime'>2026-09-13 21:18:42.178</Data><Data Name='ProcessGuid'>{66b35fd9-1331-6aa7-2236-000000001700}</Data><Data Name='ProcessId'>6664</Data><Data Name='Image'>C:\Users\o-neo\.cache\codex-runtimes\codex-primary-runtime\dependencies\native\git\cmd\git.exe</Data><Data Name='User'>DESKTOP-FOEGBB0\o-neo</Data></EventData></Event><Event xmlns='http://schemas.microsoft.com/win/2004/08/events/event'><System><Provider Name='Microsoft-Windows-Sysmon' Guid='{5770385f-c22a-43e0-bf4c-06f5698ffbd9}'/><EventID>5</EventID><Version>3</Version><Level>4</Level><Task>5</Task><Opcode>0</Opcode><Keywords>0x8000000000000000</Keywords><TimeCreated SystemTime='2026-09-13T21:18:42.3139182Z'/><EventRecordID>620229</EventRecordID><Correlation/><Execution ProcessID='4168' ThreadID='5936'/><Channel>Microsoft-Windows-Sysmon/Operational</Channel><Computer>DESKTOP-FOEGBB0</Computer><Security UserID='S-1-5-18'/></System><EventData><Data Name='RuleName'>-</Data><Data Name='UtcTime'>2026-09-13 21:18:42.181</Data><Data Name='ProcessGuid'>{66b35fd9-1332-6aa7-2636-000000001700}</Data><Data Name='ProcessId'>10036</Data><Data Name='Image'>C:\Users\o-neo\.cache\codex-runtimes\codex-primary-runtime\dependencies\native\git\mingw64\bin\git.exe</Data><Data Name='User'>DESKTOP-FOEGBB0\o-neo</Data></EventData></Event><Event xmlns='http://schemas.microsoft.com/win/2004/08/events/event'><System><Provider Name='Microsoft-Windows-Sysmon' Guid='{5770385f-c22a-43e0-bf4c-06f5698ffbd9}'/><EventID>5</EventID><Version>3</Version><Level>4</Level><Task>5</Task><Opcode>0</Opcode><Keywords>0x8000000000000000</Keywords><TimeCreated SystemTime='2026-09-13T21:18:42.3390370Z'/><EventRecordID>620230</EventRecordID><Correlation/><Execution ProcessID='4168' ThreadID='5936'/><Channel>Microsoft-Windows-Sysmon/Operational</Channel><Computer>DESKTOP-FOEGBB0</Computer><Security UserID='S-1-5-18'/></System><EventData><Data Name='RuleName'>-</Data><Data Name='UtcTime'>2026-09-13 21:18:42.314</Data><Data Name='ProcessGuid'>{66b35fd9-1331-6aa7-2336-000000001700}</Data><Data Name='ProcessId'>11348</Data><Data Name='Image'>C:\Users\o-neo\.cache\codex-runtimes\codex-primary-runtime\dependencies\native\git\cmd\git.exe</Data><Data Name='User'>DESKTOP-FOEGBB0\o-neo</Data></EventData></Event><Event xmlns='http://schemas.microsoft.com/win/2004/08/events/event'><System><Provider Name='Microsoft-Windows-Sysmon' Guid='{5770385f-c22a-43e0-bf4c-06f5698ffbd9}'/><EventID>1</EventID><Version>5</Version><Level>4</Level><Task>1</Task><Opcode>0</Opcode><Keywords>0x8000000000000000</Keywords><TimeCreated SystemTime='2026-09-13T21:18:42.7994294Z'/><EventRecordID>620231</EventRecordID><Correlation/><Execution ProcessID='4168' ThreadID='5936'/><Channel>Microsoft-Windows-Sysmon/Operational</Channel><Computer>DESKTOP-FOEGBB0</Computer><Security UserID='S-1-5-18'/></System><EventData><Data Name='RuleName'>-</Data><Data Name='UtcTime'>2026-09-13 21:18:42.650</Data><Data Name='ProcessGuid'>{66b35fd9-1332-6aa7-2736-000000001700}</Data><Data Name='ProcessId'>12072</Data><Data Name='Image'>C:\Users\o-neo\.cache\codex-runtimes\codex-primary-runtime\dependencies\native\git\mingw64\bin\git.exe</Data><Data Name='FileVersion'>2.53.0.windows.3</Data><Data Name='Description'>Git for Windows</Data><Data Name='Product'>Git</Data><Data Name='Company'>The Git Development Community</Data><Data Name='OriginalFileName'>git.exe</Data><Data Name='CommandLine'>git.exe -c safe.bareRepository=explicit -c core.hooksPath=NUL -c core.fsmonitor=false rev-parse --git-dir</Data><Data Name='CurrentDirectory'>C:\Users\o-neo\Documents\Vip-Gece-Web-Gelistirme\</Data><Data Name='User'>DESKTOP-FOEGBB0\o-neo</Data><Data Name='LogonGuid'>{66b35fd9-c5ee-6aa6-d395-060000000000}</Data><Data Name='LogonId'>0x695d3</Data><Data Name='TerminalSessionId'>1</Data><Data Name='IntegrityLevel'>Medium</Data><Data Name='Hashes'>MD5=66E8226F7CDADDE28EDBBF9C8BF12F3D,SHA256=C115A66A1BEDE6694B513AF420CC90F8775BE03666A54D1ECB82D6196B929FE9,IMPHASH=C46A0C43C45E1D61113699AA15203A44</Data><Data Name='ParentProcessGuid'>{66b35fd9-1331-6aa7-2436-000000001700}</Data><Data Name='ParentProcessId'>9464</Data><Data Name='ParentImage'>C:\Users\o-neo\.cache\codex-runtimes\codex-primary-runtime\dependencies\native\git\cmd\git.exe</Data><Data Name='ParentCommandLine'>"git" -c safe.bareRepository=explicit -c core.hooksPath=NUL -c core.fsmonitor=false rev-parse --git-dir</Data><Data Name='ParentUser'>DESKTOP-FOEGBB0\o-neo</Data></EventData></Event><Event xmlns='http://schemas.microsoft.com/win/2004/08/events/event'><System><Provider Name='Microsoft-Windows-Sysmon' Guid='{5770385f-c22a-43e0-bf4c-06f5698ffbd9}'/><EventID>1</EventID><Version>5</Version><Level>4</Level><Task>1</Task><Opcode>0</Opcode><Keywords>0x8000000000000000</Keywords><TimeCreated SystemTime='2026-09-13T21:18:42.8273645Z'/><EventRecordID>620232</EventRecordID><Correlation/><Execution ProcessID='4168' ThreadID='5936'/><Channel>Microsoft-Windows-Sysmon/Operational</Channel><Computer>DESKTOP-FOEGBB0</Computer><Security UserID='S-1-5-18'/></System><EventData><Data Name='RuleName'>-</Data><Data Name='UtcTime'>2026-09-13 21:18:42.699</Data><Data Name='ProcessGuid'>{66b35fd9-1332-6aa7-2836-000000001700}</Data><Data Name='ProcessId'>13104</Data><Data Name='Image'>C:\Tools\Node\node-v24.21.0-win-x64\node.exe</Data><Data Name='FileVersion'>24.21.0</Data><Data Name='Description'>Node.js JavaScript Runtime</Data><Data Name='Product'>Node.js</Data><Data Name='Company'>Node.js</Data><Data Name='OriginalFileName'>node.exe</Data><Data Name='CommandLine'>"C:\Tools\Node\node-v24.21.0-win-x64\\node.exe"  "C:\Tools\Node\node-v24.21.0-win-x64\\node_modules\npm\bin\npm-prefix.js"</Data><Data Name='CurrentDirectory'>C:\Users\o-neo\Documents\Vip-Gece-Web-Gelistirme\</Data><Data Name='User'>DESKTOP-FOEGBB0\o-neo</Data><Data Name='LogonGuid'>{66b35fd9-c5ee-6aa6-d395-060000000000}</Data><Data Name='LogonId'>0x695d3</Data><Data Name='TerminalSessionId'>1</Data><Data Name='IntegrityLevel'>Medium</Data><Data Name='Hashes'>MD5=12E6FB7D516F65083AE68CCF1E5F4EB8,SHA256=BA4E6D110E8C1592A1ECD390F6B05F3DA124B13871A5BE62B341A07A853C6C32,IMPHASH=6538DFB25A4AF0BD0D9AAA2ACC7B075A</Data><Data Name='ParentProcessGuid'>{66b35fd9-1331-6aa7-2136-000000001700}</Data><Data Name='ParentProcessId'>13200</Data><Data Name='ParentImage'>C:\Windows\System32\cmd.exe</Data><Data Name='ParentCommandLine'>C:\WINDOWS\system32\cmd.exe /c CALL "C:\Tools\Node\node-v24.21.0-win-x64\\node.exe" "C:\Tools\Node\node-v24.21.0-win-x64\\node_modules\npm\bin\npm-prefix.js"</Data><Data Name='ParentUser'>DESKTOP-FOEGBB0\o-neo</Data></EventData></Event><Event xmlns='http://schemas.microsoft.com/win/2004/08/events/event'><System><Provider Name='Microsoft-Windows-Sysmon' Guid='{5770385f-c22a-43e0-bf4c-06f5698ffbd9}'/><EventID>1</EventID><Version>5</Version><Level>4</Level><Task>1</Task><Opcode>0</Opcode><Keywords>0x8000000000000000</Keywords><TimeCreated SystemTime='2026-09-13T21:18:43.2356220Z'/><EventRecordID>620233</EventRecordID><Correlation/><Execution ProcessID='4168' ThreadID='5936'/><Channel>Microsoft-Windows-Sysmon/Operational</Channel><Computer>DESKTOP-FOEGBB0</Computer><Security UserID='S-1-5-18'/></System><EventData><Data Name='RuleName'>-</Data><Data Name='UtcTime'>2026-09-13 21:18:43.052</Data><Data Name='ProcessGuid'>{66b35fd9-1333-6aa7-2936-000000001700}</Data><Data Name='ProcessId'>12372</Data><Data Name='Image'>C:\Users\o-neo\.cache\codex-runtimes\codex-primary-runtime\dependencies\native\git\cmd\git.exe</Data><Data Name='FileVersion'>2.53.0.windows.3</Data><Data Name='Description'>Git for Windows</Data><Data Name='Product'>Git</Data><Data Name='Company'>The Git Development Community</Data><Data Name='OriginalFileName'>git.exe</Data><Data Name='CommandLine'>"git" -c safe.bareRepository=explicit -c core.hooksPath=NUL -c core.fsmonitor=false rev-parse HEAD</Data><Data Name='CurrentDirectory'>C:\Users\o-neo\Documents\Vip-Gece-Web-Gelistirme\</Data><Data Name='User'>DESKTOP-FOEGBB0\o-neo</Data><Data Name='LogonGuid'>{66b35fd9-c5ee-6aa6-d395-060000000000}</Data><Data Name='LogonId'>0x695d3</Data><Data Name='TerminalSessionId'>1</Data><Data Name='IntegrityLevel'>Medium</Data><Data Name='Hashes'>MD5=72F87446775ECCA78F3119A8F329BDAF,SHA256=C53279919FDEA03474BB23B465B3A82287157491F1BD69A5EB82DD9831582333,IMPHASH=0991041C9DE5C72802D268A52B7C03AC</Data><Data Name='ParentProcessGuid'>{66b35fd9-ee3a-6aa6-231e-000000001700}</Data><Data Name='ParentProcessId'>11556</Data><Data Name='ParentImage'>C:\Users\o-neo\AppData\Local\OpenAI\Codex\bin\bffc5354119c8421\codex.exe</Data><Data Name='ParentCommandLine'>C:\Users\o-neo\AppData\Local\OpenAI\Codex\bin\bffc5354119c8421\codex.exe -c features.code_mode_host=true app-server --analytics-default-enabled -c plugins.codex-app-tools@openai-bundled.mcp_servers.codex_app.enabled=true</Data><Data Name='ParentUser'>DESKTOP-FOEGBB0\o-neo</Data></EventData></Event><Event xmlns='http://schemas.microsoft.com/win/2004/08/events/event'><System><Provider Name='Microsoft-Windows-Sysmon' Guid='{5770385f-c22a-43e0-bf4c-06f5698ffbd9}'/><EventID>1</EventID><Version>5</Version><Level>4</Level><Task>1</Task><Opcode>0</Opcode><Keywords>0x8000000000000000</Keywords><TimeCreated SystemTime='2026-09-13T21:18:43.3494774Z'/><EventRecordID>620234</EventRecordID><Correlation/><Execution ProcessID='4168' ThreadID='5936'/><Channel>Microsoft-Windows-Sysmon/Operational</Channel><Computer>DESKTOP-FOEGBB0</Computer><Security UserID='S-1-5-18'/></System><EventData><Data Name='RuleName'>-</Data><Data Name='UtcTime'>2026-09-13 21:18:43.214</Data><Data Name='ProcessGuid'>{66b35fd9-1333-6aa7-2a36-000000001700}</Data><Data Name='ProcessId'>11788</Data><Data Name='Image'>C:\Users\o-neo\.cache\codex-runtimes\codex-primary-runtime\dependencies\native\git\cmd\git.exe</Data><Data Name='FileVersion'>2.53.0.windows.3</Data><Data Name='Description'>Git for Windows</Data><Data Name='Product'>Git</Data><Data Name='Company'>The Git Development Community</Data><Data Name='OriginalFileName'>git.exe</Data><Data Name='CommandLine'>"git" -c safe.bareRepository=explicit -c core.hooksPath=NUL -c core.fsmonitor=false remote -v</Data><Data Name='CurrentDirectory'>C:\Users\o-neo\Documents\Vip-Gece-Web-Gelistirme\</Data><Data Name='User'>DESKTOP-FOEGBB0\o-neo</Data><Data Name='LogonGuid'>{66b35fd9-c5ee-6aa6-d395-060000000000}</Data><Data Name='LogonId'>0x695d3</Data><Data Name='TerminalSessionId'>1</Data><Data Name='IntegrityLevel'>Medium</Data><Data Name='Hashes'>MD5=72F87446775ECCA78F3119A8F329BDAF,SHA256=C53279919FDEA03474BB23B465B3A82287157491F1BD69A5EB82DD9831582333,IMPHASH=0991041C9DE5C72802D268A52B7C03AC</Data><Data Name='ParentProcessGuid'>{66b35fd9-ee3a-6aa6-231e-000000001700}</Data><Data Name='ParentProcessId'>11556</Data><Data Name='ParentImage'>C:\Users\o-neo\AppData\Local\OpenAI\Codex\bin\bffc5354119c8421\codex.exe</Data><Data Name='ParentCommandLine'>C:\Users\o-neo\AppData\Local\OpenAI\Codex\bin\bffc5354119c8421\codex.exe -c features.code_mode_host=true app-server --analytics-default-enabled -c plugins.codex-app-tools@openai-bundled.mcp_servers.codex_app.enabled=true</Data><Data Name='ParentUser'>DESKTOP-FOEGBB0\o-neo</Data></EventData></Event><Event xmlns='http://schemas.microsoft.com/win/2004/08/events/event'><System><Provider Name='Microsoft-Windows-Sysmon' Guid='{5770385f-c22a-43e0-bf4c-06f5698ffbd9}'/><EventID>3</EventID><Version>5</Version><Level>4</Level><Task>3</Task><Opcode>0</Opcode><Keywords>0x8000000000000000</Keywords><TimeCreated SystemTime='2026-09-13T21:18:44.1105130Z'/><EventRecordID>620235</EventRecordID><Correlation/><Execution ProcessID='4168' ThreadID='5812'/><Channel>Microsoft-Windows-Sysmon/Operational</Channel><Computer>DESKTOP-FOEGBB0</Computer><Security UserID='S-1-5-18'/></System><EventData><Data Name='RuleName'>Usermode</Data><Data Name='UtcTime'>2026-09-13 21:18:42.891</Data><Data Name='ProcessGuid'>{66b35fd9-ee3a-6aa6-231e-000000001700}</Data><Data Name='ProcessId'>11556</Data><Data Name='Image'>C:\Users\o-neo\AppData\Local\OpenAI\Codex\bin\bffc5354119c8421\codex.exe</Data><Data Name='User'>DESKTOP-FOEGBB0\o-neo</Data><Data Name='Protocol'>tcp</Data><Data Name='Initiated'>true</Data><Data Name='SourceIsIpv6'>false</Data><Data Name='SourceIp'>192.168.1.120</Data><Data Name='SourceHostname'>DESKTOP-FOEGBB0</Data><Data Name='SourcePort'>49642</Data><Data Name='SourcePortName'>-</Data><Data Name='DestinationIsIpv6'>false</Data><Data Name='DestinationIp'>104.18.32.47</Data><Data Name='DestinationHostname'>-</Data><Data Name='DestinationPort'>443</Data><Data Name='DestinationPortName'>https</Data></EventData></Event><Event xmlns='http://schemas.microsoft.com/win/2004/08/events/event'><System><Provider Name='Microsoft-Windows-Sysmon' Guid='{5770385f-c22a-43e0-bf4c-06f5698ffbd9}'/><EventID>1</EventID><Version>5</Version><Level>4</Level><Task>1</Task><Opcode>0</Opcode><Keywords>0x8000000000000000</Keywords><TimeCreated SystemTime='2026-09-13T21:18:44.1637306Z'/><EventRecordID>620236</EventRecordID><Correlation/><Execution ProcessID='4168' ThreadID='5936'/><Channel>Microsoft-Windows-Sysmon/Operational</Channel><Computer>DESKTOP-FOEGBB0</Computer><Security UserID='S-1-5-18'/></System><EventData><Data Name='RuleName'>-</Data><Data Name='UtcTime'>2026-09-13 21:18:43.500</Data><Data Name='ProcessGuid'>{66b35fd9-1333-6aa7-2b36-000000001700}</Data><Data Name='ProcessId'>11804</Data><Data Name='Image'>C:\Users\o-neo\.cache\codex-runtimes\codex-primary-runtime\dependencies\native\git\cmd\git.exe</Data><Data Name='FileVersion'>2.53.0.windows.3</Data><Data Name='Description'>Git for Windows</Data><Data Name='Product'>Git</Data><Data Name='Company'>The Git Development Community</Data><Data Name='OriginalFileName'>git.exe</Data><Data Name='CommandLine'>"git" -c safe.bareRepository=explicit config --null --get core.fsmonitor</Data><Data Name='CurrentDirectory'>C:\Users\o-neo\Documents\Vip-Gece-Web-Gelistirme\</Data><Data Name='User'>DESKTOP-FOEGBB0\o-neo</Data><Data Name='LogonGuid'>{66b35fd9-c5ee-6aa6-d395-060000000000}</Data><Data Name='LogonId'>0x695d3</Data><Data Name='TerminalSessionId'>1</Data><Data Name='IntegrityLevel'>Medium</Data><Data Name='Hashes'>MD5=72F87446775ECCA78F3119A8F329BDAF,SHA256=C53279919FDEA03474BB23B465B3A82287157491F1BD69A5EB82DD9831582333,IMPHASH=0991041C9DE5C72802D268A52B7C03AC</Data><Data Name='ParentProcessGuid'>{66b35fd9-ee3a-6aa6-231e-000000001700}</Data><Data Name='ParentProcessId'>11556</Data><Data Name='ParentImage'>C:\Users\o-neo\AppData\Local\OpenAI\Codex\bin\bffc5354119c8421\codex.exe</Data><Data Name='ParentCommandLine'>C:\Users\o-neo\AppData\Local\OpenAI\Codex\bin\bffc5354119c8421\codex.exe -c features.code_mode_host=true app-server --analytics-default-enabled -c plugins.codex-app-tools@openai-bundled.mcp_servers.codex_app.enabled=true</Data><Data Name='ParentUser'>DESKTOP-FOEGBB0\o-neo</Data></EventData></Event><Event xmlns='http://schemas.microsoft.com/win/2004/08/events/event'><System><Provider Name='Microsoft-Windows-Sysmon' Guid='{5770385f-c22a-43e0-bf4c-06f5698ffbd9}'/><EventID>1</EventID><Version>5</Version><Level>4</Level><Task>1</Task><Opcode>0</Opcode><Keywords>0x8000000000000000</Keywords><TimeCreated SystemTime='2026-09-13T21:18:44.6505299Z'/><EventRecordID>620237</EventRecordID><Correlation/><Execution ProcessID='4168' ThreadID='5936'/><Channel>Microsoft-Windows-Sysmon/Operational</Channel><Computer>DESKTOP-FOEGBB0</Computer><Security UserID='S-1-5-18'/></System><EventData><Data Name='RuleName'>-</Data><Data Name='UtcTime'>2026-09-13 21:18:44.434</Data><Data Name='ProcessGuid'>{66b35fd9-1334-6aa7-2d36-000000001700}</Data><Data Name='ProcessId'>12688</Data><Data Name='Image'>C:\Users\o-neo\.cache\codex-runtimes\codex-primary-runtime\dependencies\native\git\mingw64\bin\git.exe</Data><Data Name='FileVersion'>2.53.0.windows.3</Data><Data Name='Description'>Git for Windows</Data><Data Name='Product'>Git</Data><Data Name='Company'>The Git Development Community</Data><Data Name='OriginalFileName'>git.exe</Data><Data Name='CommandLine'>git.exe -c safe.bareRepository=explicit config --null --get core.fsmonitor</Data><Data Name='CurrentDirectory'>C:\Users\o-neo\Documents\Vip-Gece-Web-Gelistirme\</Data><Data Name='User'>DESKTOP-FOEGBB0\o-neo</Data><Data Name='LogonGuid'>{66b35fd9-c5ee-6aa6-d395-060000000000}</Data><Data Name='LogonId'>0x695d3</Data><Data Name='TerminalSessionId'>1</Data><Data Name='IntegrityLevel'>Medium</Data><Data Name='Hashes'>MD5=66E8226F7CDADDE28EDBBF9C8BF12F3D,SHA256=C115A66A1BEDE6694B513AF420CC90F8775BE03666A54D1ECB82D6196B929FE9,IMPHASH=C46A0C43C45E1D61113699AA15203A44</Data><Data Name='ParentProcessGuid'>{66b35fd9-1333-6aa7-2b36-000000001700}</Data><Data Name='ParentProcessId'>11804</Data><Data Name='ParentImage'>C:\Users\o-neo\.cache\codex-runtimes\codex-primary-runtime\dependencies\native\git\cmd\git.exe</Data><Data Name='ParentCommandLine'>"git" -c safe.bareRepository=explicit config --null --get core.fsmonitor</Data><Data Name='ParentUser'>DESKTOP-FOEGBB0\o-neo</Data></EventData></Event><Event xmlns='http://schemas.microsoft.com/win/2004/08/events/event'><System><Provider Name='Microsoft-Windows-Sysmon' Guid='{5770385f-c22a-43e0-bf4c-06f5698ffbd9}'/><EventID>1</EventID><Version>5</Version><Level>4</Level><Task>1</Task><Opcode>0</Opcode><Keywords>0x8000000000000000</Keywords><TimeCreated SystemTime='2026-09-13T21:18:44.6707880Z'/><EventRecordID>620238</EventRecordID><Correlation/><Execution ProcessID='4168' ThreadID='5936'/><Channel>Microsoft-Windows-Sysmon/Operational</Channel><Computer>DESKTOP-FOEGBB0</Computer><Security UserID='S-1-5-18'/></System><EventData><Data Name='RuleName'>-</Data><Data Name='UtcTime'>2026-09-13 21:18:44.446</Data><Data Name='ProcessGuid'>{66b35fd9-1334-6aa7-2e36-000000001700}</Data><Data Name='ProcessId'>6984</Data><Data Name='Image'>C:\Users\o-neo\.cache\codex-runtimes\codex-primary-runtime\dependencies\native\git\mingw64\bin\git.exe</Data><Data Name='FileVersion'>2.53.0.windows.3</Data><Data Name='Description'>Git for Windows</Data><Data Name='Product'>Git</Data><Data Name='Company'>The Git Development Community</Data><Data Name='OriginalFileName'>git.exe</Data><Data Name='CommandLine'>git.exe -c safe.bareRepository=explicit -c core.hooksPath=NUL -c core.fsmonitor=false rev-parse HEAD</Data><Data Name='CurrentDirectory'>C:\Users\o-neo\Documents\Vip-Gece-Web-Gelistirme\</Data><Data Name='User'>DESKTOP-FOEGBB0\o-neo</Data><Data Name='LogonGuid'>{66b35fd9-c5ee-6aa6-d395-060000000000}</Data><Data Name='LogonId'>0x695d3</Data><Data Name='TerminalSessionId'>1</Data><Data Name='IntegrityLevel'>Medium</Data><Data Name='Hashes'>MD5=66E8226F7CDADDE28EDBBF9C8BF12F3D,SHA256=C115A66A1BEDE6694B513AF420CC90F8775BE03666A54D1ECB82D6196B929FE9,IMPHASH=C46A0C43C45E1D61113699AA15203A44</Data><Data Name='ParentProcessGuid'>{66b35fd9-1333-6aa7-2936-000000001700}</Data><Data Name='ParentProcessId'>12372</Data><Data Name='ParentImage'>C:\Users\o-neo\.cache\codex-runtimes\codex-primary-runtime\dependencies\native\git\cmd\git.exe</Data><Data Name='ParentCommandLine'>"git" -c safe.bareRepository=explicit -c core.hooksPath=NUL -c core.fsmonitor=false rev-parse HEAD</Data><Data Name='ParentUser'>DESKTOP-FOEGBB0\o-neo</Data></EventData></Event><Event xmlns='http://schemas.microsoft.com/win/2004/08/events/event'><System><Provider Name='Microsoft-Windows-Sysmon' Guid='{5770385f-c22a-43e0-bf4c-06f5698ffbd9}'/><EventID>1</EventID><Version>5</Version><Level>4</Level><Task>1</Task><Opcode>0</Opcode><Keywords>0x8000000000000000</Keywords><TimeCreated SystemTime='2026-09-13T21:18:44.6911748Z'/><EventRecordID>620239</EventRecordID><Correlation/><Execution ProcessID='4168' ThreadID='5936'/><Channel>Microsoft-Windows-Sysmon/Operational</Channel><Computer>DESKTOP-FOEGBB0</Computer><Security UserID='S-1-5-18'/></System><EventData><Data Name='RuleName'>-</Data><Data Name='UtcTime'>2026-09-13 21:18:44.397</Data><Data Name='ProcessGuid'>{66b35fd9-1334-6aa7-2c36-000000001700}</Data><Data Name='ProcessId'>6756</Data><Data Name='Image'>C:\Users\o-neo\.cache\codex-runtimes\codex-primary-runtime\dependencies\native\git\mingw64\bin\git.exe</Data><Data Name='FileVersion'>2.53.0.windows.3</Data><Data Name='Description'>Git for Windows</Data><Data Name='Product'>Git</Data><Data Name='Company'>The Git Development Community</Data><Data Name='OriginalFileName'>git.exe</Data><Data Name='CommandLine'>git.exe -c safe.bareRepository=explicit -c core.hooksPath=NUL -c core.fsmonitor=false remote -v</Data><Data Name='CurrentDirectory'>C:\Users\o-neo\Documents\Vip-Gece-Web-Gelistirme\</Data><Data Name='User'>DESKTOP-FOEGBB0\o-neo</Data><Data Name='LogonGuid'>{66b35fd9-c5ee-6aa6-d395-060000000000}</Data><Data Name='LogonId'>0x695d3</Data><Data Name='TerminalSessionId'>1</Data><Data Name='IntegrityLevel'>Medium</Data><Data Name='Hashes'>MD5=66E8226F7CDADDE28EDBBF9C8BF12F3D,SHA256=C115A66A1BEDE6694B513AF420CC90F8775BE03666A54D1ECB82D6196B929FE9,IMPHASH=C46A0C43C45E1D61113699AA15203A44</Data><Data Name='ParentProcessGuid'>{66b35fd9-1333-6aa7-2a36-000000001700}</Data><Data Name='ParentProcessId'>11788</Data><Data Name='ParentImage'>C:\Users\o-neo\.cache\codex-runtimes\codex-primary-runtime\dependencies\native\git\cmd\git.exe</Data><Data Name='ParentCommandLine'>"git" -c safe.bareRepository=explicit -c core.hooksPath=NUL -c core.fsmonitor=false remote -v</Data><Data Name='ParentUser'>DESKTOP-FOEGBB0\o-neo</Data></EventData></Event><Event xmlns='http://schemas.microsoft.com/win/2004/08/events/event'><System><Provider Name='Microsoft-Windows-Sysmon' Guid='{5770385f-c22a-43e0-bf4c-06f5698ffbd9}'/><EventID>3</EventID><Version>5</Version><Level>4</Level><Task>3</Task><Opcode>0</Opcode><Keywords>0x8000000000000000</Keywords><TimeCreated SystemTime='2026-09-13T21:18:45.1197297Z'/><EventRecordID>620240</EventRecordID><Correlation/><Execution ProcessID='4168' ThreadID='5812'/><Channel>Microsoft-Windows-Sysmon/Operational</Channel><Computer>DESKTOP-FOEGBB0</Computer><Security UserID='S-1-5-18'/></System><EventData><Data Name='RuleName'>Usermode</Data><Data Name='UtcTime'>2026-09-13 21:18:44.110</Data><Data Name='ProcessGuid'>{66b35fd9-ee3a-6aa6-231e-000000001700}</Data><Data Name='ProcessId'>11556</Data><Data Name='Image'>C:\Users\o-neo\AppData\Local\OpenAI\Codex\bin\bffc5354119c8421\codex.exe</Data><Data Name='User'>DESKTOP-FOEGBB0\o-neo</Data><Data Name='Protocol'>tcp</Data><Data Name='Initiated'>true</Data><Data Name='SourceIsIpv6'>false</Data><Data Name='SourceIp'>192.168.1.120</Data><Data Name='SourceHostname'>DESKTOP-FOEGBB0</Data><Data Name='SourcePort'>49643</Data><Data Name='SourcePortName'>-</Data><Data Name='DestinationIsIpv6'>false</Data><Data Name='DestinationIp'>104.18.32.47</Data><Data Name='DestinationHostname'>-</Data><Data Name='DestinationPort'>443</Data><Data Name='DestinationPortName'>https</Data></EventData></Event><Event xmlns='http://schemas.microsoft.com/win/2004/08/events/event'><System><Provider Name='Microsoft-Windows-Sysmon' Guid='{5770385f-c22a-43e0-bf4c-06f5698ffbd9}'/><EventID>5</EventID><Version>3</Version><Level>4</Level><Task>5</Task><Opcode>0</Opcode><Keywords>0x8000000000000000</Keywords><TimeCreated SystemTime='2026-09-13T21:18:45.1879091Z'/><EventRecordID>620241</EventRecordID><Correlation/><Execution ProcessID='4168' ThreadID='5936'/><Channel>Microsoft-Windows-Sysmon/Operational</Channel><Computer>DESKTOP-FOEGBB0</Computer><Security UserID='S-1-5-18'/></System><EventData><Data Name='RuleName'>-</Data><Data Name='UtcTime'>2026-09-13 21:18:45.100</Data><Data Name='ProcessGuid'>{66b35fd9-1332-6aa7-2736-000000001700}</Data><Data Name='ProcessId'>12072</Data><Data Name='Image'>C:\Users\o-neo\.cache\codex-runtimes\codex-primary-runtime\dependencies\native\git\mingw64\bin\git.exe</Data><Data Name='User'>DESKTOP-FOEGBB0\o-neo</Data></EventData></Event><Event xmlns='http://schemas.microsoft.com/win/2004/08/events/event'><System><Provider Name='Microsoft-Windows-Sysmon' Guid='{5770385f-c22a-43e0-bf4c-06f5698ffbd9}'/><EventID>5</EventID><Version>3</Version><Level>4</Level><Task>5</Task><Opcode>0</Opcode><Keywords>0x8000000000000000</Keywords><TimeCreated SystemTime='2026-09-13T21:18:45.7649996Z'/><EventRecordID>620242</EventRecordID><Correlation/><Execution ProcessID='4168' ThreadID='5936'/><Channel>Microsoft-Windows-Sysmon/Operational</Channel><Computer>DESKTOP-FOEGBB0</Computer><Security UserID='S-1-5-18'/></System><EventData><Data Name='RuleName'>-</Data><Data Name='UtcTime'>2026-09-13 21:18:45.668</Data><Data Name='ProcessGuid'>{66b35fd9-1334-6aa7-2d36-000000001700}</Data><Data Name='ProcessId'>12688</Data><Data Name='Image'>C:\Users\o-neo\.cache\codex-runtimes\codex-primary-runtime\dependencies\native\git\mingw64\bin\git.exe</Data><Data Name='User'>DESKTOP-FOEGBB0\o-neo</Data></EventData></Event><Event xmlns='http://schemas.microsoft.com/win/2004/08/events/event'><System><Provider Name='Microsoft-Windows-Sysmon' Guid='{5770385f-c22a-43e0-bf4c-06f5698ffbd9}'/><EventID>5</EventID><Version>3</Version><Level>4</Level><Task>5</Task><Opcode>0</Opcode><Keywords>0x8000000000000000</Keywords><TimeCreated SystemTime='2026-09-13T21:18:45.7653612Z'/><EventRecordID>620243</EventRecordID><Correlation/><Execution ProcessID='4168' ThreadID='5936'/><Channel>Microsoft-Windows-Sysmon/Operational</Channel><Computer>DESKTOP-FOEGBB0</Computer><Security UserID='S-1-5-18'/></System><EventData><Data Name='RuleName'>-</Data><Data Name='UtcTime'>2026-09-13 21:18:45.764</Data><Data Name='ProcessGuid'>{66b35fd9-1331-6aa7-2436-000000001700}</Data><Data Name='ProcessId'>9464</Data><Data Name='Image'>C:\Users\o-neo\.cache\codex-runtimes\codex-primary-runtime\dependencies\native\git\cmd\git.exe</Data><Data Name='User'>DESKTOP-FOEGBB0\o-neo</Data></EventData></Event><Event xmlns='http://schemas.microsoft.com/win/2004/08/events/event'><System><Provider Name='Microsoft-Windows-Sysmon' Guid='{5770385f-c22a-43e0-bf4c-06f5698ffbd9}'/><EventID>5</EventID><Version>3</Version><Level>4</Level><Task>5</Task><Opcode>0</Opcode><Keywords>0x8000000000000000</Keywords><TimeCreated SystemTime='2026-09-13T21:18:45.9701272Z'/><EventRecordID>620244</EventRecordID><Correlation/><Execution ProcessID='4168' ThreadID='5936'/><Channel>Microsoft-Windows-Sysmon/Operational</Channel><Computer>DESKTOP-FOEGBB0</Computer><Security UserID='S-1-5-18'/></System><EventData><Data Name='RuleName'>-</Data><Data Name='UtcTime'>2026-09-13 21:18:45.936</Data><Data Name='ProcessGuid'>{66b35fd9-1334-6aa7-2e36-000000001700}</Data><Data Name='ProcessId'>6984</Data><Data Name='Image'>C:\Users\o-neo\.cache\codex-runtimes\codex-primary-runtime\dependencies\native\git\mingw64\bin\git.exe</Data><Data Name='User'>DESKTOP-FOEGBB0\o-neo</Data></EventData></Event>