<Event xmlns='http://schemas.microsoft.com/win/2004/08/events/event'><System><Provider Name='Microsoft-Windows-Sysmon' Guid='{5770385f-c22a-43e0-bf4c-06f5698ffbd9}'/><EventID>5</EventID><Version>3</Version><Level>4</Level><Task>5</Task><Opcode>0</Opcode><Keywords>0x8000000000000000</Keywords><TimeCreated SystemTime='2026-09-13T21:15:58.0607640Z'/><EventRecordID>619819</EventRecordID><Correlation/><Execution ProcessID='4168' ThreadID='5936'/><Channel>Microsoft-Windows-Sysmon/Operational</Channel><Computer>DESKTOP-FOEGBB0</Computer><Security UserID='S-1-5-18'/></System><EventData><Data Name='RuleName'>-</Data><Data Name='UtcTime'>2026-09-13 21:15:57.967</Data><Data Name='ProcessGuid'>{66b35fd9-128d-6aa7-2935-000000001700}</Data><Data Name='ProcessId'>9816</Data><Data Name='Image'>C:\Users\o-neo\.cache\codex-runtimes\codex-primary-runtime\dependencies\native\git\mingw64\bin\git.exe</Data><Data Name='User'>DESKTOP-FOEGBB0\o-neo</Data></EventData></Event><Event xmlns='http://schemas.microsoft.com/win/2004/08/events/event'><System><Provider Name='Microsoft-Windows-Sysmon' Guid='{5770385f-c22a-43e0-bf4c-06f5698ffbd9}'/><EventID>5</EventID><Version>3</Version><Level>4</Level><Task>5</Task><Opcode>0</Opcode><Keywords>0x8000000000000000</Keywords><TimeCreated SystemTime='2026-09-13T21:15:58.2800313Z'/><EventRecordID>619820</EventRecordID><Correlation/><Execution ProcessID='4168' ThreadID='5936'/><Channel>Microsoft-Windows-Sysmon/Operational</Channel><Computer>DESKTOP-FOEGBB0</Computer><Security UserID='S-1-5-18'/></System><EventData><Data Name='RuleName'>-</Data><Data Name='UtcTime'>2026-09-13 21:15:58.195</Data><Data Name='ProcessGuid'>{66b35fd9-1289-6aa7-2535-000000001700}</Data><Data Name='ProcessId'>11044</Data><Data Name='Image'>C:\Users\o-neo\.cache\codex-runtimes\codex-primary-runtime\dependencies\native\git\cmd\git.exe</Data><Data Name='User'>DESKTOP-FOEGBB0\o-neo</Data></EventData></Event><Event xmlns='http://schemas.microsoft.com/win/2004/08/events/event'><System><Provider Name='Microsoft-Windows-Sysmon' Guid='{5770385f-c22a-43e0-bf4c-06f5698ffbd9}'/><EventID>3</EventID><Version>5</Version><Level>4</Level><Task>3</Task><Opcode>0</Opcode><Keywords>0x8000000000000000</Keywords><TimeCreated SystemTime='2026-09-13T21:15:58.4258442Z'/><EventRecordID>619821</EventRecordID><Correlation/><Execution ProcessID='4168' ThreadID='5812'/><Channel>Microsoft-Windows-Sysmon/Operational</Channel><Computer>DESKTOP-FOEGBB0</Computer><Security UserID='S-1-5-18'/></System><EventData><Data Name='RuleName'>Usermode</Data><Data Name='UtcTime'>2026-09-13 21:15:57.220</Data><Data Name='ProcessGuid'>{66b35fd9-ee3a-6aa6-231e-000000001700}</Data><Data Name='ProcessId'>11556</Data><Data Name='Image'>C:\Users\o-neo\AppData\Local\OpenAI\Codex\bin\bffc5354119c8421\codex.exe</Data><Data Name='User'>DESKTOP-FOEGBB0\o-neo</Data><Data Name='Protocol'>tcp</Data><Data Name='Initiated'>true</Data><Data Name='SourceIsIpv6'>false</Data><Data Name='SourceIp'>192.168.1.120</Data><Data Name='SourceHostname'>DESKTOP-FOEGBB0</Data><Data Name='SourcePort'>55437</Data><Data Name='SourcePortName'>-</Data><Data Name='DestinationIsIpv6'>false</Data><Data Name='DestinationIp'>104.18.32.47</Data><Data Name='DestinationHostname'>-</Data><Data Name='DestinationPort'>443</Data><Data Name='DestinationPortName'>https</Data></EventData></Event><Event xmlns='http://schemas.microsoft.com/win/2004/08/events/event'><System><Provider Name='Microsoft-Windows-Sysmon' Guid='{5770385f-c22a-43e0-bf4c-06f5698ffbd9}'/><EventID>1</EventID><Version>5</Version><Level>4</Level><Task>1</Task><Opcode>0</Opcode><Keywords>0x8000000000000000</Keywords><TimeCreated SystemTime='2026-09-13T21:15:58.6449830Z'/><EventRecordID>619822</EventRecordID><Correlation/><Execution ProcessID='4168' ThreadID='5936'/><Channel>Microsoft-Windows-Sysmon/Operational</Channel><Computer>DESKTOP-FOEGBB0</Computer><Security UserID='S-1-5-18'/></System><EventData><Data Name='RuleName'>-</Data><Data Name='UtcTime'>2026-09-13 21:15:58.287</Data><Data Name='ProcessGuid'>{66b35fd9-128e-6aa7-2d35-000000001700}</Data><Data Name='ProcessId'>2532</Data><Data Name='Image'>C:\Users\o-neo\AppData\Local\OpenAI\Codex\runtimes\cua_node\a708e72b10c27b59\bin\node.exe</Data><Data Name='FileVersion'>24.20.0</Data><Data Name='Description'>Node.js JavaScript Runtime</Data><Data Name='Product'>Node.js</Data><Data Name='Company'>Node.js</Data><Data Name='OriginalFileName'>node.exe</Data><Data Name='CommandLine'>"C:\Users\o-neo\AppData\Local\OpenAI\Codex\runtimes\cua_node\a708e72b10c27b59\bin\node.exe"  ./server.mjs</Data><Data Name='CurrentDirectory'>C:\Program Files\WindowsApps\OpenAI.Codex_26.908.4834.0_x64__2p2nqsd0c76g0\app\resources\plugins\openai-bundled\plugins\codex-app-tools\</Data><Data Name='User'>DESKTOP-FOEGBB0\o-neo</Data><Data Name='LogonGuid'>{66b35fd9-c5ee-6aa6-d395-060000000000}</Data><Data Name='LogonId'>0x695d3</Data><Data Name='TerminalSessionId'>1</Data><Data Name='IntegrityLevel'>Medium</Data><Data Name='Hashes'>MD5=EB2EA40C02F62DB117B10DD12FB39A36,SHA256=8548590CA198A4AAB2715C9AF698DE4B4857AC0A8DD9DA4968473DEF948DD089,IMPHASH=6538DFB25A4AF0BD0D9AAA2ACC7B075A</Data><Data Name='ParentProcessGuid'>{66b35fd9-128d-6aa7-2b35-000000001700}</Data><Data Name='ParentProcessId'>11736</Data><Data Name='ParentImage'>C:\Windows\System32\cmd.exe</Data><Data Name='ParentCommandLine'>"C:\WINDOWS\system32\cmd.exe" /d /s /c call ./scripts/launch_codex_app_tools_mcp.cmd ./server.mjs</Data><Data Name='ParentUser'>DESKTOP-FOEGBB0\o-neo</Data></EventData></Event><Event xmlns='http://schemas.microsoft.com/win/2004/08/events/event'><System><Provider Name='Microsoft-Windows-Sysmon' Guid='{5770385f-c22a-43e0-bf4c-06f5698ffbd9}'/><EventID>1</EventID><Version>5</Version><Level>4</Level><Task>1</Task><Opcode>0</Opcode><Keywords>0x8000000000000000</Keywords><TimeCreated SystemTime='2026-09-13T21:15:58.6517441Z'/><EventRecordID>619823</EventRecordID><Correlation/><Execution ProcessID='4168' ThreadID='5936'/><Channel>Microsoft-Windows-Sysmon/Operational</Channel><Computer>DESKTOP-FOEGBB0</Computer><Security UserID='S-1-5-18'/></System><EventData><Data Name='RuleName'>-</Data><Data Name='UtcTime'>2026-09-13 21:15:58.470</Data><Data Name='ProcessGuid'>{66b35fd9-128e-6aa7-2e35-000000001700}</Data><Data Name='ProcessId'>4276</Data><Data Name='Image'>C:\Users\o-neo\.cache\codex-runtimes\codex-primary-runtime\dependencies\native\git\cmd\git.exe</Data><Data Name='FileVersion'>2.53.0.windows.3</Data><Data Name='Description'>Git for Windows</Data><Data Name='Product'>Git</Data><Data Name='Company'>The Git Development Community</Data><Data Name='OriginalFileName'>git.exe</Data><Data Name='CommandLine'>C:\Users\o-neo\.cache\codex-runtimes\codex-primary-runtime\dependencies\native\git\cmd\git.exe -c safe.bareRepository=explicit config --null --get core.fsmonitor</Data><Data Name='CurrentDirectory'>C:\Users\o-neo\Documents\Vip-Gece-Web-Gelistirme\</Data><Data Name='User'>DESKTOP-FOEGBB0\o-neo</Data><Data Name='LogonGuid'>{66b35fd9-c5ee-6aa6-d395-060000000000}</Data><Data Name='LogonId'>0x695d3</Data><Data Name='TerminalSessionId'>1</Data><Data Name='IntegrityLevel'>Medium</Data><Data Name='Hashes'>MD5=72F87446775ECCA78F3119A8F329BDAF,SHA256=C53279919FDEA03474BB23B465B3A82287157491F1BD69A5EB82DD9831582333,IMPHASH=0991041C9DE5C72802D268A52B7C03AC</Data><Data Name='ParentProcessGuid'>{66b35fd9-ee27-6aa6-131e-000000001700}</Data><Data Name='ParentProcessId'>488</Data><Data Name='ParentImage'>C:\Program Files\WindowsApps\OpenAI.Codex_26.908.4834.0_x64__2p2nqsd0c76g0\app\ChatGPT.exe</Data><Data Name='ParentCommandLine'>"C:\Program Files\WindowsApps\OpenAI.Codex_26.908.4834.0_x64__2p2nqsd0c76g0\app\ChatGPT.exe" </Data><Data Name='ParentUser'>DESKTOP-FOEGBB0\o-neo</Data></EventData></Event><Event xmlns='http://schemas.microsoft.com/win/2004/08/events/event'><System><Provider Name='Microsoft-Windows-Sysmon' Guid='{5770385f-c22a-43e0-bf4c-06f5698ffbd9}'/><EventID>5</EventID><Version>3</Version><Level>4</Level><Task>5</Task><Opcode>0</Opcode><Keywords>0x8000000000000000</Keywords><TimeCreated SystemTime='2026-09-13T21:15:58.8676883Z'/><EventRecordID>619824</EventRecordID><Correlation/><Execution ProcessID='4168' ThreadID='5936'/><Channel>Microsoft-Windows-Sysmon/Operational</Channel><Computer>DESKTOP-FOEGBB0</Computer><Security UserID='S-1-5-18'/></System><EventData><Data Name='RuleName'>-</Data><Data Name='UtcTime'>2026-09-13 21:15:58.807</Data><Data Name='ProcessGuid'>{66b35fd9-128d-6aa7-2a35-000000001700}</Data><Data Name='ProcessId'>10848</Data><Data Name='Image'>C:\Users\o-neo\.cache\codex-runtimes\codex-primary-runtime\dependencies\native\git\mingw64\bin\git.exe</Data><Data Name='User'>DESKTOP-FOEGBB0\o-neo</Data></EventData></Event><Event xmlns='http://schemas.microsoft.com/win/2004/08/events/event'><System><Provider Name='Microsoft-Windows-Sysmon' Guid='{5770385f-c22a-43e0-bf4c-06f5698ffbd9}'/><EventID>1</EventID><Version>5</Version><Level>4</Level><Task>1</Task><Opcode>0</Opcode><Keywords>0x8000000000000000</Keywords><TimeCreated SystemTime='2026-09-13T21:15:59.0692706Z'/><EventRecordID>619825</EventRecordID><Correlation/><Execution ProcessID='4168' ThreadID='5936'/><Channel>Microsoft-Windows-Sysmon/Operational</Channel><Computer>DESKTOP-FOEGBB0</Computer><Security UserID='S-1-5-18'/></System><EventData><Data Name='RuleName'>-</Data><Data Name='UtcTime'>2026-09-13 21:15:58.877</Data><Data Name='ProcessGuid'>{66b35fd9-128e-6aa7-3035-000000001700}</Data><Data Name='ProcessId'>12064</Data><Data Name='Image'>C:\Users\o-neo\AppData\Local\OpenAI\Codex\runtimes\cua_node\a708e72b10c27b59\bin\node_repl.exe</Data><Data Name='FileVersion'>-</Data><Data Name='Description'>-</Data><Data Name='Product'>-</Data><Data Name='Company'>-</Data><Data Name='OriginalFileName'>-</Data><Data Name='CommandLine'>"C:\Users\o-neo\AppData\Local\OpenAI\Codex\runtimes\cua_node\a708e72b10c27b59\bin\node_repl.exe"</Data><Data Name='CurrentDirectory'>C:\Users\o-neo\Documents\Vip-Gece-Web-Gelistirme\</Data><Data Name='User'>DESKTOP-FOEGBB0\o-neo</Data><Data Name='LogonGuid'>{66b35fd9-c5ee-6aa6-d395-060000000000}</Data><Data Name='LogonId'>0x695d3</Data><Data Name='TerminalSessionId'>1</Data><Data Name='IntegrityLevel'>Medium</Data><Data Name='Hashes'>MD5=D29105FBED4ED74358BAFF96760AE097,SHA256=AF8DA68EA0802F72BD58906EF75BF38180493222DD26DA57684D5391EF8799EB,IMPHASH=5B7A49AC5DC73DE83663822B14802C07</Data><Data Name='ParentProcessGuid'>{66b35fd9-ee3a-6aa6-231e-000000001700}</Data><Data Name='ParentProcessId'>11556</Data><Data Name='ParentImage'>C:\Users\o-neo\AppData\Local\OpenAI\Codex\bin\bffc5354119c8421\codex.exe</Data><Data Name='ParentCommandLine'>C:\Users\o-neo\AppData\Local\OpenAI\Codex\bin\bffc5354119c8421\codex.exe -c features.code_mode_host=true app-server --analytics-default-enabled -c plugins.codex-app-tools@openai-bundled.mcp_servers.codex_app.enabled=true</Data><Data Name='ParentUser'>DESKTOP-FOEGBB0\o-neo</Data></EventData></Event><Event xmlns='http://schemas.microsoft.com/win/2004/08/events/event'><System><Provider Name='Microsoft-Windows-Sysmon' Guid='{5770385f-c22a-43e0-bf4c-06f5698ffbd9}'/><EventID>5</EventID><Version>3</Version><Level>4</Level><Task>5</Task><Opcode>0</Opcode><Keywords>0x8000000000000000</Keywords><TimeCreated SystemTime='2026-09-13T21:15:59.0698881Z'/><EventRecordID>619826</EventRecordID><Correlation/><Execution ProcessID='4168' ThreadID='5936'/><Channel>Microsoft-Windows-Sysmon/Operational</Channel><Computer>DESKTOP-FOEGBB0</Computer><Security UserID='S-1-5-18'/></System><EventData><Data Name='RuleName'>-</Data><Data Name='UtcTime'>2026-09-13 21:15:58.903</Data><Data Name='ProcessGuid'>{66b35fd9-128a-6aa7-2735-000000001700}</Data><Data Name='ProcessId'>2260</Data><Data Name='Image'>C:\Users\o-neo\.cache\codex-runtimes\codex-primary-runtime\dependencies\native\git\cmd\git.exe</Data><Data Name='User'>DESKTOP-FOEGBB0\o-neo</Data></EventData></Event><Event xmlns='http://schemas.microsoft.com/win/2004/08/events/event'><System><Provider Name='Microsoft-Windows-Sysmon' Guid='{5770385f-c22a-43e0-bf4c-06f5698ffbd9}'/><EventID>1</EventID><Version>5</Version><Level>4</Level><Task>1</Task><Opcode>0</Opcode><Keywords>0x8000000000000000</Keywords><TimeCreated SystemTime='2026-09-13T21:15:59.1625325Z'/><EventRecordID>619827</EventRecordID><Correlation/><Execution ProcessID='4168' ThreadID='5936'/><Channel>Microsoft-Windows-Sysmon/Operational</Channel><Computer>DESKTOP-FOEGBB0</Computer><Security UserID='S-1-5-18'/></System><EventData><Data Name='RuleName'>-</Data><Data Name='UtcTime'>2026-09-13 21:15:58.931</Data><Data Name='ProcessGuid'>{66b35fd9-128e-6aa7-3135-000000001700}</Data><Data Name='ProcessId'>11664</Data><Data Name='Image'>C:\Users\o-neo\.cache\codex-runtimes\codex-primary-runtime\dependencies\native\git\cmd\git.exe</Data><Data Name='FileVersion'>2.53.0.windows.3</Data><Data Name='Description'>Git for Windows</Data><Data Name='Product'>Git</Data><Data Name='Company'>The Git Development Community</Data><Data Name='OriginalFileName'>git.exe</Data><Data Name='CommandLine'>C:\Users\o-neo\.cache\codex-runtimes\codex-primary-runtime\dependencies\native\git\cmd\git.exe -c attr.tree= -c core.attributesFile= -c filter.lfs.clean= -c filter.lfs.smudge= -c filter.lfs.process= -c filter.lfs.required=false -c safe.bareRepository=explicit -c core.hooksPath=NUL -c core.fsmonitor= status --renames --porcelain=v1 -z --untracked-files=normal</Data><Data Name='CurrentDirectory'>C:\Users\o-neo\Documents\Vip-Gece-Web-Gelistirme\</Data><Data Name='User'>DESKTOP-FOEGBB0\o-neo</Data><Data Name='LogonGuid'>{66b35fd9-c5ee-6aa6-d395-060000000000}</Data><Data Name='LogonId'>0x695d3</Data><Data Name='TerminalSessionId'>1</Data><Data Name='IntegrityLevel'>Medium</Data><Data Name='Hashes'>MD5=72F87446775ECCA78F3119A8F329BDAF,SHA256=C53279919FDEA03474BB23B465B3A82287157491F1BD69A5EB82DD9831582333,IMPHASH=0991041C9DE5C72802D268A52B7C03AC</Data><Data Name='ParentProcessGuid'>{66b35fd9-ee27-6aa6-131e-000000001700}</Data><Data Name='ParentProcessId'>488</Data><Data Name='ParentImage'>C:\Program Files\WindowsApps\OpenAI.Codex_26.908.4834.0_x64__2p2nqsd0c76g0\app\ChatGPT.exe</Data><Data Name='ParentCommandLine'>"C:\Program Files\WindowsApps\OpenAI.Codex_26.908.4834.0_x64__2p2nqsd0c76g0\app\ChatGPT.exe" </Data><Data Name='ParentUser'>DESKTOP-FOEGBB0\o-neo</Data></EventData></Event><Event xmlns='http://schemas.microsoft.com/win/2004/08/events/event'><System><Provider Name='Microsoft-Windows-Sysmon' Guid='{5770385f-c22a-43e0-bf4c-06f5698ffbd9}'/><EventID>1</EventID><Version>5</Version><Level>4</Level><Task>1</Task><Opcode>0</Opcode><Keywords>0x8000000000000000</Keywords><TimeCreated SystemTime='2026-09-13T21:15:59.2106052Z'/><EventRecordID>619828</EventRecordID><Correlation/><Execution ProcessID='4168' ThreadID='5936'/><Channel>Microsoft-Windows-Sysmon/Operational</Channel><Computer>DESKTOP-FOEGBB0</Computer><Security UserID='S-1-5-18'/></System><EventData><Data Name='RuleName'>-</Data><Data Name='UtcTime'>2026-09-13 21:15:59.138</Data><Data Name='ProcessGuid'>{66b35fd9-128f-6aa7-3235-000000001700}</Data><Data Name='ProcessId'>10184</Data><Data Name='Image'>C:\Users\o-neo\.cache\codex-runtimes\codex-primary-runtime\dependencies\native\git\cmd\git.exe</Data><Data Name='FileVersion'>2.53.0.windows.3</Data><Data Name='Description'>Git for Windows</Data><Data Name='Product'>Git</Data><Data Name='Company'>The Git Development Community</Data><Data Name='OriginalFileName'>git.exe</Data><Data Name='CommandLine'>"git" -c safe.bareRepository=explicit -c core.hooksPath=NUL -c core.fsmonitor=false rev-parse HEAD</Data><Data Name='CurrentDirectory'>C:\Users\o-neo\Documents\Vip-Gece-Web-Gelistirme\</Data><Data Name='User'>DESKTOP-FOEGBB0\o-neo</Data><Data Name='LogonGuid'>{66b35fd9-c5ee-6aa6-d395-060000000000}</Data><Data Name='LogonId'>0x695d3</Data><Data Name='TerminalSessionId'>1</Data><Data Name='IntegrityLevel'>Medium</Data><Data Name='Hashes'>MD5=72F87446775ECCA78F3119A8F329BDAF,SHA256=C53279919FDEA03474BB23B465B3A82287157491F1BD69A5EB82DD9831582333,IMPHASH=0991041C9DE5C72802D268A52B7C03AC</Data><Data Name='ParentProcessGuid'>{66b35fd9-ee3a-6aa6-231e-000000001700}</Data><Data Name='ParentProcessId'>11556</Data><Data Name='ParentImage'>C:\Users\o-neo\AppData\Local\OpenAI\Codex\bin\bffc5354119c8421\codex.exe</Data><Data Name='ParentCommandLine'>C:\Users\o-neo\AppData\Local\OpenAI\Codex\bin\bffc5354119c8421\codex.exe -c features.code_mode_host=true app-server --analytics-default-enabled -c plugins.codex-app-tools@openai-bundled.mcp_servers.codex_app.enabled=true</Data><Data Name='ParentUser'>DESKTOP-FOEGBB0\o-neo</Data></EventData></Event><Event xmlns='http://schemas.microsoft.com/win/2004/08/events/event'><System><Provider Name='Microsoft-Windows-Sysmon' Guid='{5770385f-c22a-43e0-bf4c-06f5698ffbd9}'/><EventID>1</EventID><Version>5</Version><Level>4</Level><Task>1</Task><Opcode>0</Opcode><Keywords>0x8000000000000000</Keywords><TimeCreated SystemTime='2026-09-13T21:15:59.5164033Z'/><EventRecordID>619829</EventRecordID><Correlation/><Execution ProcessID='4168' ThreadID='5936'/><Channel>Microsoft-Windows-Sysmon/Operational</Channel><Computer>DESKTOP-FOEGBB0</Computer><Security UserID='S-1-5-18'/></System><EventData><Data Name='RuleName'>-</Data><Data Name='UtcTime'>2026-09-13 21:15:59.283</Data><Data Name='ProcessGuid'>{66b35fd9-128f-6aa7-3435-000000001700}</Data><Data Name='ProcessId'>9436</Data><Data Name='Image'>C:\Users\o-neo\.cache\codex-runtimes\codex-primary-runtime\dependencies\native\git\cmd\git.exe</Data><Data Name='FileVersion'>2.53.0.windows.3</Data><Data Name='Description'>Git for Windows</Data><Data Name='Product'>Git</Data><Data Name='Company'>The Git Development Community</Data><Data Name='OriginalFileName'>git.exe</Data><Data Name='CommandLine'>"git" -c safe.bareRepository=explicit -c core.hooksPath=NUL -c core.fsmonitor=false remote -v</Data><Data Name='CurrentDirectory'>C:\Users\o-neo\Documents\Vip-Gece-Web-Gelistirme\</Data><Data Name='User'>DESKTOP-FOEGBB0\o-neo</Data><Data Name='LogonGuid'>{66b35fd9-c5ee-6aa6-d395-060000000000}</Data><Data Name='LogonId'>0x695d3</Data><Data Name='TerminalSessionId'>1</Data><Data Name='IntegrityLevel'>Medium</Data><Data Name='Hashes'>MD5=72F87446775ECCA78F3119A8F329BDAF,SHA256=C53279919FDEA03474BB23B465B3A82287157491F1BD69A5EB82DD9831582333,IMPHASH=0991041C9DE5C72802D268A52B7C03AC</Data><Data Name='ParentProcessGuid'>{66b35fd9-ee3a-6aa6-231e-000000001700}</Data><Data Name='ParentProcessId'>11556</Data><Data Name='ParentImage'>C:\Users\o-neo\AppData\Local\OpenAI\Codex\bin\bffc5354119c8421\codex.exe</Data><Data Name='ParentCommandLine'>C:\Users\o-neo\AppData\Local\OpenAI\Codex\bin\bffc5354119c8421\codex.exe -c features.code_mode_host=true app-server --analytics-default-enabled -c plugins.codex-app-tools@openai-bundled.mcp_servers.codex_app.enabled=true</Data><Data Name='ParentUser'>DESKTOP-FOEGBB0\o-neo</Data></EventData></Event><Event xmlns='http://schemas.microsoft.com/win/2004/08/events/event'><System><Provider Name='Microsoft-Windows-Sysmon' Guid='{5770385f-c22a-43e0-bf4c-06f5698ffbd9}'/><EventID>1</EventID><Version>5</Version><Level>4</Level><Task>1</Task><Opcode>0</Opcode><Keywords>0x8000000000000000</Keywords><TimeCreated SystemTime='2026-09-13T21:15:59.6590214Z'/><EventRecordID>619830</EventRecordID><Correlation/><Execution ProcessID='4168' ThreadID='5936'/><Channel>Microsoft-Windows-Sysmon/Operational</Channel><Computer>DESKTOP-FOEGBB0</Computer><Security UserID='S-1-5-18'/></System><EventData><Data Name='RuleName'>-</Data><Data Name='UtcTime'>2026-09-13 21:15:59.456</Data><Data Name='ProcessGuid'>{66b35fd9-128f-6aa7-3535-000000001700}</Data><Data Name='ProcessId'>4132</Data><Data Name='Image'>C:\Users\o-neo\.cache\codex-runtimes\codex-primary-runtime\dependencies\native\git\mingw64\bin\git.exe</Data><Data Name='FileVersion'>2.53.0.windows.3</Data><Data Name='Description'>Git for Windows</Data><Data Name='Product'>Git</Data><Data Name='Company'>The Git Development Community</Data><Data Name='OriginalFileName'>git.exe</Data><Data Name='CommandLine'>git.exe -c safe.bareRepository=explicit -c core.hooksPath=NUL -c core.fsmonitor=false rev-parse HEAD</Data><Data Name='CurrentDirectory'>C:\Users\o-neo\Documents\Vip-Gece-Web-Gelistirme\</Data><Data Name='User'>DESKTOP-FOEGBB0\o-neo</Data><Data Name='LogonGuid'>{66b35fd9-c5ee-6aa6-d395-060000000000}</Data><Data Name='LogonId'>0x695d3</Data><Data Name='TerminalSessionId'>1</Data><Data Name='IntegrityLevel'>Medium</Data><Data Name='Hashes'>MD5=66E8226F7CDADDE28EDBBF9C8BF12F3D,SHA256=C115A66A1BEDE6694B513AF420CC90F8775BE03666A54D1ECB82D6196B929FE9,IMPHASH=C46A0C43C45E1D61113699AA15203A44</Data><Data Name='ParentProcessGuid'>{66b35fd9-128f-6aa7-3235-000000001700}</Data><Data Name='ParentProcessId'>10184</Data><Data Name='ParentImage'>C:\Users\o-neo\.cache\codex-runtimes\codex-primary-runtime\dependencies\native\git\cmd\git.exe</Data><Data Name='ParentCommandLine'>"git" -c safe.bareRepository=explicit -c core.hooksPath=NUL -c core.fsmonitor=false rev-parse HEAD</Data><Data Name='ParentUser'>DESKTOP-FOEGBB0\o-neo</Data></EventData></Event><Event xmlns='http://schemas.microsoft.com/win/2004/08/events/event'><System><Provider Name='Microsoft-Windows-Sysmon' Guid='{5770385f-c22a-43e0-bf4c-06f5698ffbd9}'/><EventID>1</EventID><Version>5</Version><Level>4</Level><Task>1</Task><Opcode>0</Opcode><Keywords>0x8000000000000000</Keywords><TimeCreated SystemTime='2026-09-13T21:15:59.8055043Z'/><EventRecordID>619831</EventRecordID><Correlation/><Execution ProcessID='4168' ThreadID='5936'/><Channel>Microsoft-Windows-Sysmon/Operational</Channel><Computer>DESKTOP-FOEGBB0</Computer><Security UserID='S-1-5-18'/></System><EventData><Data Name='RuleName'>-</Data><Data Name='UtcTime'>2026-09-13 21:15:59.535</Data><Data Name='ProcessGuid'>{66b35fd9-128f-6aa7-3635-000000001700}</Data><Data Name='ProcessId'>12328</Data><Data Name='Image'>C:\Users\o-neo\.cache\codex-runtimes\codex-primary-runtime\dependencies\native\git\cmd\git.exe</Data><Data Name='FileVersion'>2.53.0.windows.3</Data><Data Name='Description'>Git for Windows</Data><Data Name='Product'>Git</Data><Data Name='Company'>The Git Development Community</Data><Data Name='OriginalFileName'>git.exe</Data><Data Name='CommandLine'>"git" -c safe.bareRepository=explicit config --null --get core.fsmonitor</Data><Data Name='CurrentDirectory'>C:\Users\o-neo\Documents\Vip-Gece-Web-Gelistirme\</Data><Data Name='User'>DESKTOP-FOEGBB0\o-neo</Data><Data Name='LogonGuid'>{66b35fd9-c5ee-6aa6-d395-060000000000}</Data><Data Name='LogonId'>0x695d3</Data><Data Name='TerminalSessionId'>1</Data><Data Name='IntegrityLevel'>Medium</Data><Data Name='Hashes'>MD5=72F87446775ECCA78F3119A8F329BDAF,SHA256=C53279919FDEA03474BB23B465B3A82287157491F1BD69A5EB82DD9831582333,IMPHASH=0991041C9DE5C72802D268A52B7C03AC</Data><Data Name='ParentProcessGuid'>{66b35fd9-ee3a-6aa6-231e-000000001700}</Data><Data Name='ParentProcessId'>11556</Data><Data Name='ParentImage'>C:\Users\o-neo\AppData\Local\OpenAI\Codex\bin\bffc5354119c8421\codex.exe</Data><Data Name='ParentCommandLine'>C:\Users\o-neo\AppData\Local\OpenAI\Codex\bin\bffc5354119c8421\codex.exe -c features.code_mode_host=true app-server --analytics-default-enabled -c plugins.codex-app-tools@openai-bundled.mcp_servers.codex_app.enabled=true</Data><Data Name='ParentUser'>DESKTOP-FOEGBB0\o-neo</Data></EventData></Event><Event xmlns='http://schemas.microsoft.com/win/2004/08/events/event'><System><Provider Name='Microsoft-Windows-Sysmon' Guid='{5770385f-c22a-43e0-bf4c-06f5698ffbd9}'/><EventID>1</EventID><Version>5</Version><Level>4</Level><Task>1</Task><Opcode>0</Opcode><Keywords>0x8000000000000000</Keywords><TimeCreated SystemTime='2026-09-13T21:15:59.9883588Z'/><EventRecordID>619832</EventRecordID><Correlation/><Execution ProcessID='4168' ThreadID='5936'/><Channel>Microsoft-Windows-Sysmon/Operational</Channel><Computer>DESKTOP-FOEGBB0</Computer><Security UserID='S-1-5-18'/></System><EventData><Data Name='RuleName'>-</Data><Data Name='UtcTime'>2026-09-13 21:15:59.858</Data><Data Name='ProcessGuid'>{66b35fd9-128f-6aa7-3735-000000001700}</Data><Data Name='ProcessId'>6248</Data><Data Name='Image'>C:\Users\o-neo\.cache\codex-runtimes\codex-primary-runtime\dependencies\native\git\cmd\git.exe</Data><Data Name='FileVersion'>2.53.0.windows.3</Data><Data Name='Description'>Git for Windows</Data><Data Name='Product'>Git</Data><Data Name='Company'>The Git Development Community</Data><Data Name='OriginalFileName'>git.exe</Data><Data Name='CommandLine'>"git" -c safe.bareRepository=explicit -c core.hooksPath=NUL -c core.fsmonitor=false rev-parse HEAD</Data><Data Name='CurrentDirectory'>C:\Users\o-neo\Documents\Vip-Gece-Web-Gelistirme\</Data><Data Name='User'>DESKTOP-FOEGBB0\o-neo</Data><Data Name='LogonGuid'>{66b35fd9-c5ee-6aa6-d395-060000000000}</Data><Data Name='LogonId'>0x695d3</Data><Data Name='TerminalSessionId'>1</Data><Data Name='IntegrityLevel'>Medium</Data><Data Name='Hashes'>MD5=72F87446775ECCA78F3119A8F329BDAF,SHA256=C53279919FDEA03474BB23B465B3A82287157491F1BD69A5EB82DD9831582333,IMPHASH=0991041C9DE5C72802D268A52B7C03AC</Data><Data Name='ParentProcessGuid'>{66b35fd9-ee3a-6aa6-231e-000000001700}</Data><Data Name='ParentProcessId'>11556</Data><Data Name='ParentImage'>C:\Users\o-neo\AppData\Local\OpenAI\Codex\bin\bffc5354119c8421\codex.exe</Data><Data Name='ParentCommandLine'>C:\Users\o-neo\AppData\Local\OpenAI\Codex\bin\bffc5354119c8421\codex.exe -c features.code_mode_host=true app-server --analytics-default-enabled -c plugins.codex-app-tools@openai-bundled.mcp_servers.codex_app.enabled=true</Data><Data Name='ParentUser'>DESKTOP-FOEGBB0\o-neo</Data></EventData></Event><Event xmlns='http://schemas.microsoft.com/win/2004/08/events/event'><System><Provider Name='Microsoft-Windows-Sysmon' Guid='{5770385f-c22a-43e0-bf4c-06f5698ffbd9}'/><EventID>1</EventID><Version>5</Version><Level>4</Level><Task>1</Task><Opcode>0</Opcode><Keywords>0x8000000000000000</Keywords><TimeCreated SystemTime='2026-09-13T21:16:00.2244182Z'/><EventRecordID>619833</EventRecordID><Correlation/><Execution ProcessID='4168' ThreadID='5936'/><Channel>Microsoft-Windows-Sysmon/Operational</Channel><Computer>DESKTOP-FOEGBB0</Computer><Security UserID='S-1-5-18'/></System><EventData><Data Name='RuleName'>-</Data><Data Name='UtcTime'>2026-09-13 21:16:00.141</Data><Data Name='ProcessGuid'>{66b35fd9-1290-6aa7-3835-000000001700}</Data><Data Name='ProcessId'>9624</Data><Data Name='Image'>C:\Users\o-neo\.cache\codex-runtimes\codex-primary-runtime\dependencies\native\git\cmd\git.exe</Data><Data Name='FileVersion'>2.53.0.windows.3</Data><Data Name='Description'>Git for Windows</Data><Data Name='Product'>Git</Data><Data Name='Company'>The Git Development Community</Data><Data Name='OriginalFileName'>git.exe</Data><Data Name='CommandLine'>"git" -c safe.bareRepository=explicit -c core.hooksPath=NUL -c core.fsmonitor=false remote -v</Data><Data Name='CurrentDirectory'>C:\Users\o-neo\Documents\Vip-Gece-Web-Gelistirme\</Data><Data Name='User'>DESKTOP-FOEGBB0\o-neo</Data><Data Name='LogonGuid'>{66b35fd9-c5ee-6aa6-d395-060000000000}</Data><Data Name='LogonId'>0x695d3</Data><Data Name='TerminalSessionId'>1</Data><Data Name='IntegrityLevel'>Medium</Data><Data Name='Hashes'>MD5=72F87446775ECCA78F3119A8F329BDAF,SHA256=C53279919FDEA03474BB23B465B3A82287157491F1BD69A5EB82DD9831582333,IMPHASH=0991041C9DE5C72802D268A52B7C03AC</Data><Data Name='ParentProcessGuid'>{66b35fd9-ee3a-6aa6-231e-000000001700}</Data><Data Name='ParentProcessId'>11556</Data><Data Name='ParentImage'>C:\Users\o-neo\AppData\Local\OpenAI\Codex\bin\bffc5354119c8421\codex.exe</Data><Data Name='ParentCommandLine'>C:\Users\o-neo\AppData\Local\OpenAI\Codex\bin\bffc5354119c8421\codex.exe -c features.code_mode_host=true app-server --analytics-default-enabled -c plugins.codex-app-tools@openai-bundled.mcp_servers.codex_app.enabled=true</Data><Data Name='ParentUser'>DESKTOP-FOEGBB0\o-neo</Data></EventData></Event><Event xmlns='http://schemas.microsoft.com/win/2004/08/events/event'><System><Provider Name='Microsoft-Windows-Sysmon' Guid='{5770385f-c22a-43e0-bf4c-06f5698ffbd9}'/><EventID>1</EventID><Version>5</Version><Level>4</Level><Task>1</Task><Opcode>0</Opcode><Keywords>0x8000000000000000</Keywords><TimeCreated SystemTime='2026-09-13T21:16:00.2815907Z'/><EventRecordID>619834</EventRecordID><Correlation/><Execution ProcessID='4168' ThreadID='5936'/><Channel>Microsoft-Windows-Sysmon/Operational</Channel><Computer>DESKTOP-FOEGBB0</Computer><Security UserID='S-1-5-18'/></System><EventData><Data Name='RuleName'>-</Data><Data Name='UtcTime'>2026-09-13 21:16:00.158</Data><Data Name='ProcessGuid'>{66b35fd9-1290-6aa7-3935-000000001700}</Data><Data Name='ProcessId'>672</Data><Data Name='Image'>C:\Users\o-neo\.cache\codex-runtimes\codex-primary-runtime\dependencies\native\git\mingw64\bin\git.exe</Data><Data Name='FileVersion'>2.53.0.windows.3</Data><Data Name='Description'>Git for Windows</Data><Data Name='Product'>Git</Data><Data Name='Company'>The Git Development Community</Data><Data Name='OriginalFileName'>git.exe</Data><Data Name='CommandLine'>git.exe -c safe.bareRepository=explicit config --null --get core.fsmonitor</Data><Data Name='CurrentDirectory'>C:\Users\o-neo\Documents\Vip-Gece-Web-Gelistirme\</Data><Data Name='User'>DESKTOP-FOEGBB0\o-neo</Data><Data Name='LogonGuid'>{66b35fd9-c5ee-6aa6-d395-060000000000}</Data><Data Name='LogonId'>0x695d3</Data><Data Name='TerminalSessionId'>1</Data><Data Name='IntegrityLevel'>Medium</Data><Data Name='Hashes'>MD5=66E8226F7CDADDE28EDBBF9C8BF12F3D,SHA256=C115A66A1BEDE6694B513AF420CC90F8775BE03666A54D1ECB82D6196B929FE9,IMPHASH=C46A0C43C45E1D61113699AA15203A44</Data><Data Name='ParentProcessGuid'>{66b35fd9-128e-6aa7-2e35-000000001700}</Data><Data Name='ParentProcessId'>4276</Data><Data Name='ParentImage'>C:\Users\o-neo\.cache\codex-runtimes\codex-primary-runtime\dependencies\native\git\cmd\git.exe</Data><Data Name='ParentCommandLine'>C:\Users\o-neo\.cache\codex-runtimes\codex-primary-runtime\dependencies\native\git\cmd\git.exe -c safe.bareRepository=explicit config --null --get core.fsmonitor</Data><Data Name='ParentUser'>DESKTOP-FOEGBB0\o-neo</Data></EventData></Event><Event xmlns='http://schemas.microsoft.com/win/2004/08/events/event'><System><Provider Name='Microsoft-Windows-Sysmon' Guid='{5770385f-c22a-43e0-bf4c-06f5698ffbd9}'/><EventID>3</EventID><Version>5</Version><Level>4</Level><Task>3</Task><Opcode>0</Opcode><Keywords>0x8000000000000000</Keywords><TimeCreated SystemTime='2026-09-13T21:16:00.4691010Z'/><EventRecordID>619835</EventRecordID><Correlation/><Execution ProcessID='4168' ThreadID='5812'/><Channel>Microsoft-Windows-Sysmon/Operational</Channel><Computer>DESKTOP-FOEGBB0</Computer><Security UserID='S-1-5-18'/></System><EventData><Data Name='RuleName'>Usermode</Data><Data Name='UtcTime'>2026-09-13 21:15:58.931</Data><Data Name='ProcessGuid'>{66b35fd9-ee3a-6aa6-231e-000000001700}</Data><Data Name='ProcessId'>11556</Data><Data Name='Image'>C:\Users\o-neo\AppData\Local\OpenAI\Codex\bin\bffc5354119c8421\codex.exe</Data><Data Name='User'>DESKTOP-FOEGBB0\o-neo</Data><Data Name='Protocol'>tcp</Data><Data Name='Initiated'>true</Data><Data Name='SourceIsIpv6'>false</Data><Data Name='SourceIp'>192.168.1.120</Data><Data Name='SourceHostname'>DESKTOP-FOEGBB0</Data><Data Name='SourcePort'>55438</Data><Data Name='SourcePortName'>-</Data><Data Name='DestinationIsIpv6'>false</Data><Data Name='DestinationIp'>104.18.25.159</Data><Data Name='DestinationHostname'>-</Data><Data Name='DestinationPort'>443</Data><Data Name='DestinationPortName'>https</Data></EventData></Event><Event xmlns='http://schemas.microsoft.com/win/2004/08/events/event'><System><Provider Name='Microsoft-Windows-Sysmon' Guid='{5770385f-c22a-43e0-bf4c-06f5698ffbd9}'/><EventID>3</EventID><Version>5</Version><Level>4</Level><Task>3</Task><Opcode>0</Opcode><Keywords>0x8000000000000000</Keywords><TimeCreated SystemTime='2026-09-13T21:16:00.7231934Z'/><EventRecordID>619836</EventRecordID><Correlation/><Execution ProcessID='4168' ThreadID='5812'/><Channel>Microsoft-Windows-Sysmon/Operational</Channel><Computer>DESKTOP-FOEGBB0</Computer><Security UserID='S-1-5-18'/></System><EventData><Data Name='RuleName'>Usermode</Data><Data Name='UtcTime'>2026-09-13 21:15:59.539</Data><Data Name='ProcessGuid'>{66b35fd9-ee3a-6aa6-231e-000000001700}</Data><Data Name='ProcessId'>11556</Data><Data Name='Image'>C:\Users\o-neo\AppData\Local\OpenAI\Codex\bin\bffc5354119c8421\codex.exe</Data><Data Name='User'>DESKTOP-FOEGBB0\o-neo</Data><Data Name='Protocol'>tcp</Data><Data Name='Initiated'>true</Data><Data Name='SourceIsIpv6'>false</Data><Data Name='SourceIp'>192.168.1.120</Data><Data Name='SourceHostname'>DESKTOP-FOEGBB0</Data><Data Name='SourcePort'>55439</Data><Data Name='SourcePortName'>-</Data><Data Name='DestinationIsIpv6'>false</Data><Data Name='DestinationIp'>104.18.32.47</Data><Data Name='DestinationHostname'>-</Data><Data Name='DestinationPort'>443</Data><Data Name='DestinationPortName'>https</Data></EventData></Event><Event xmlns='http://schemas.microsoft.com/win/2004/08/events/event'><System><Provider Name='Microsoft-Windows-Sysmon' Guid='{5770385f-c22a-43e0-bf4c-06f5698ffbd9}'/><EventID>5</EventID><Version>3</Version><Level>4</Level><Task>5</Task><Opcode>0</Opcode><Keywords>0x8000000000000000</Keywords><TimeCreated SystemTime='2026-09-13T21:16:00.8692382Z'/><EventRecordID>619837</EventRecordID><Correlation/><Execution ProcessID='4168' ThreadID='5936'/><Channel>Microsoft-Windows-Sysmon/Operational</Channel><Computer>DESKTOP-FOEGBB0</Computer><Security UserID='S-1-5-18'/></System><EventData><Data Name='RuleName'>-</Data><Data Name='UtcTime'>2026-09-13 21:16:00.454</Data><Data Name='ProcessGuid'>{66b35fd9-128f-6aa7-3535-000000001700}</Data><Data Name='ProcessId'>4132</Data><Data Name='Image'>C:\Users\o-neo\.cache\codex-runtimes\codex-primary-runtime\dependencies\native\git\mingw64\bin\git.exe</Data><Data Name='User'>DESKTOP-FOEGBB0\o-neo</Data></EventData></Event><Event xmlns='http://schemas.microsoft.com/win/2004/08/events/event'><System><Provider Name='Microsoft-Windows-Sysmon' Guid='{5770385f-c22a-43e0-bf4c-06f5698ffbd9}'/><EventID>1</EventID><Version>5</Version><Level>4</Level><Task>1</Task><Opcode>0</Opcode><Keywords>0x8000000000000000</Keywords><TimeCreated SystemTime='2026-09-13T21:16:01.1210280Z'/><EventRecordID>619838</EventRecordID><Correlation/><Execution ProcessID='4168' ThreadID='5936'/><Channel>Microsoft-Windows-Sysmon/Operational</Channel><Computer>DESKTOP-FOEGBB0</Computer><Security UserID='S-1-5-18'/></System><EventData><Data Name='RuleName'>-</Data><Data Name='UtcTime'>2026-09-13 21:16:00.215</Data><Data Name='ProcessGuid'>{66b35fd9-1290-6aa7-3a35-000000001700}</Data><Data Name='ProcessId'>8616</Data><Data Name='Image'>C:\Users\o-neo\.cache\codex-runtimes\codex-primary-runtime\dependencies\native\git\mingw64\bin\git.exe</Data><Data Name='FileVersion'>2.53.0.windows.3</Data><Data Name='Description'>Git for Windows</Data><Data Name='Product'>Git</Data><Data Name='Company'>The Git Development Community</Data><Data Name='OriginalFileName'>git.exe</Data><Data Name='CommandLine'>git.exe -c safe.bareRepository=explicit -c core.hooksPath=NUL -c core.fsmonitor=false remote -v</Data><Data Name='CurrentDirectory'>C:\Users\o-neo\Documents\Vip-Gece-Web-Gelistirme\</Data><Data Name='User'>DESKTOP-FOEGBB0\o-neo</Data><Data Name='LogonGuid'>{66b35fd9-c5ee-6aa6-d395-060000000000}</Data><Data Name='LogonId'>0x695d3</Data><Data Name='TerminalSessionId'>1</Data><Data Name='IntegrityLevel'>Medium</Data><Data Name='Hashes'>MD5=66E8226F7CDADDE28EDBBF9C8BF12F3D,SHA256=C115A66A1BEDE6694B513AF420CC90F8775BE03666A54D1ECB82D6196B929FE9,IMPHASH=C46A0C43C45E1D61113699AA15203A44</Data><Data Name='ParentProcessGuid'>{66b35fd9-128f-6aa7-3435-000000001700}</Data><Data Name='ParentProcessId'>9436</Data><Data Name='ParentImage'>C:\Users\o-neo\.cache\codex-runtimes\codex-primary-runtime\dependencies\native\git\cmd\git.exe</Data><Data Name='ParentCommandLine'>"git" -c safe.bareRepository=explicit -c core.hooksPath=NUL -c core.fsmonitor=false remote -v</Data><Data Name='ParentUser'>DESKTOP-FOEGBB0\o-neo</Data></EventData></Event><Event xmlns='http://schemas.microsoft.com/win/2004/08/events/event'><System><Provider Name='Microsoft-Windows-Sysmon' Guid='{5770385f-c22a-43e0-bf4c-06f5698ffbd9}'/><EventID>1</EventID><Version>5</Version><Level>4</Level><Task>1</Task><Opcode>0</Opcode><Keywords>0x8000000000000000</Keywords><TimeCreated SystemTime='2026-09-13T21:16:01.1838651Z'/><EventRecordID>619839</EventRecordID><Correlation/><Execution ProcessID='4168' ThreadID='5936'/><Channel>Microsoft-Windows-Sysmon/Operational</Channel><Computer>DESKTOP-FOEGBB0</Computer><Security UserID='S-1-5-18'/></System><EventData><Data Name='RuleName'>-</Data><Data Name='UtcTime'>2026-09-13 21:16:01.005</Data><Data Name='ProcessGuid'>{66b35fd9-1291-6aa7-3c35-000000001700}</Data><Data Name='ProcessId'>12592</Data><Data Name='Image'>C:\Users\o-neo\.cache\codex-runtimes\codex-primary-runtime\dependencies\native\git\mingw64\bin\git.exe</Data><Data Name='FileVersion'>2.53.0.windows.3</Data><Data Name='Description'>Git for Windows</Data><Data Name='Product'>Git</Data><Data Name='Company'>The Git Development Community</Data><Data Name='OriginalFileName'>git.exe</Data><Data Name='CommandLine'>git.exe -c safe.bareRepository=explicit -c core.hooksPath=NUL -c core.fsmonitor=false remote -v</Data><Data Name='CurrentDirectory'>C:\Users\o-neo\Documents\Vip-Gece-Web-Gelistirme\</Data><Data Name='User'>DESKTOP-FOEGBB0\o-neo</Data><Data Name='LogonGuid'>{66b35fd9-c5ee-6aa6-d395-060000000000}</Data><Data Name='LogonId'>0x695d3</Data><Data Name='TerminalSessionId'>1</Data><Data Name='IntegrityLevel'>Medium</Data><Data Name='Hashes'>MD5=66E8226F7CDADDE28EDBBF9C8BF12F3D,SHA256=C115A66A1BEDE6694B513AF420CC90F8775BE03666A54D1ECB82D6196B929FE9,IMPHASH=C46A0C43C45E1D61113699AA15203A44</Data><Data Name='ParentProcessGuid'>{66b35fd9-1290-6aa7-3835-000000001700}</Data><Data Name='ParentProcessId'>9624</Data><Data Name='ParentImage'>C:\Users\o-neo\.cache\codex-runtimes\codex-primary-runtime\dependencies\native\git\cmd\git.exe</Data><Data Name='ParentCommandLine'>"git" -c safe.bareRepository=explicit -c core.hooksPath=NUL -c core.fsmonitor=false remote -v</Data><Data Name='ParentUser'>DESKTOP-FOEGBB0\o-neo</Data></EventData></Event><Event xmlns='http://schemas.microsoft.com/win/2004/08/events/event'><System><Provider Name='Microsoft-Windows-Sysmon' Guid='{5770385f-c22a-43e0-bf4c-06f5698ffbd9}'/><EventID>1</EventID><Version>5</Version><Level>4</Level><Task>1</Task><Opcode>0</Opcode><Keywords>0x8000000000000000</Keywords><TimeCreated SystemTime='2026-09-13T21:16:01.3639124Z'/><EventRecordID>619840</EventRecordID><Correlation/><Execution ProcessID='4168' ThreadID='5936'/><Channel>Microsoft-Windows-Sysmon/Operational</Channel><Computer>DESKTOP-FOEGBB0</Computer><Security UserID='S-1-5-18'/></System><EventData><Data Name='RuleName'>-</Data><Data Name='UtcTime'>2026-09-13 21:16:01.006</Data><Data Name='ProcessGuid'>{66b35fd9-1291-6aa7-3d35-000000001700}</Data><Data Name='ProcessId'>9812</Data><Data Name='Image'>C:\Users\o-neo\.cache\codex-runtimes\codex-primary-runtime\dependencies\native\git\mingw64\bin\git.exe</Data><Data Name='FileVersion'>2.53.0.windows.3</Data><Data Name='Description'>Git for Windows</Data><Data Name='Product'>Git</Data><Data Name='Company'>The Git Development Community</Data><Data Name='OriginalFileName'>git.exe</Data><Data Name='CommandLine'>git.exe -c safe.bareRepository=explicit -c core.hooksPath=NUL -c core.fsmonitor=false rev-parse HEAD</Data><Data Name='CurrentDirectory'>C:\Users\o-neo\Documents\Vip-Gece-Web-Gelistirme\</Data><Data Name='User'>DESKTOP-FOEGBB0\o-neo</Data><Data Name='LogonGuid'>{66b35fd9-c5ee-6aa6-d395-060000000000}</Data><Data Name='LogonId'>0x695d3</Data><Data Name='TerminalSessionId'>1</Data><Data Name='IntegrityLevel'>Medium</Data><Data Name='Hashes'>MD5=66E8226F7CDADDE28EDBBF9C8BF12F3D,SHA256=C115A66A1BEDE6694B513AF420CC90F8775BE03666A54D1ECB82D6196B929FE9,IMPHASH=C46A0C43C45E1D61113699AA15203A44</Data><Data Name='ParentProcessGuid'>{66b35fd9-128f-6aa7-3735-000000001700}</Data><Data Name='ParentProcessId'>6248</Data><Data Name='ParentImage'>C:\Users\o-neo\.cache\codex-runtimes\codex-primary-runtime\dependencies\native\git\cmd\git.exe</Data><Data Name='ParentCommandLine'>"git" -c safe.bareRepository=explicit -c core.hooksPath=NUL -c core.fsmonitor=false rev-parse HEAD</Data><Data Name='ParentUser'>DESKTOP-FOEGBB0\o-neo</Data></EventData></Event><Event xmlns='http://schemas.microsoft.com/win/2004/08/events/event'><System><Provider Name='Microsoft-Windows-Sysmon' Guid='{5770385f-c22a-43e0-bf4c-06f5698ffbd9}'/><EventID>1</EventID><Version>5</Version><Level>4</Level><Task>1</Task><Opcode>0</Opcode><Keywords>0x8000000000000000</Keywords><TimeCreated SystemTime='2026-09-13T21:16:01.3995167Z'/><EventRecordID>619841</EventRecordID><Correlation/><Execution ProcessID='4168' ThreadID='5936'/><Channel>Microsoft-Windows-Sysmon/Operational</Channel><Computer>DESKTOP-FOEGBB0</Computer><Security UserID='S-1-5-18'/></System><EventData><Data Name='RuleName'>-</Data><Data Name='UtcTime'>2026-09-13 21:16:01.002</Data><Data Name='ProcessGuid'>{66b35fd9-1291-6aa7-3b35-000000001700}</Data><Data Name='ProcessId'>8588</Data><Data Name='Image'>C:\Users\o-neo\.cache\codex-runtimes\codex-primary-runtime\dependencies\native\git\mingw64\bin\git.exe</Data><Data Name='FileVersion'>2.53.0.windows.3</Data><Data Name='Description'>Git for Windows</Data><Data Name='Product'>Git</Data><Data Name='Company'>The Git Development Community</Data><Data Name='OriginalFileName'>git.exe</Data><Data Name='CommandLine'>git.exe -c attr.tree= -c core.attributesFile= -c filter.lfs.clean= -c filter.lfs.smudge= -c filter.lfs.process= -c filter.lfs.required=false -c safe.bareRepository=explicit -c core.hooksPath=NUL -c core.fsmonitor= status --renames --porcelain=v1 -z --untracked-files=normal</Data><Data Name='CurrentDirectory'>C:\Users\o-neo\Documents\Vip-Gece-Web-Gelistirme\</Data><Data Name='User'>DESKTOP-FOEGBB0\o-neo</Data><Data Name='LogonGuid'>{66b35fd9-c5ee-6aa6-d395-060000000000}</Data><Data Name='LogonId'>0x695d3</Data><Data Name='TerminalSessionId'>1</Data><Data Name='IntegrityLevel'>Medium</Data><Data Name='Hashes'>MD5=66E8226F7CDADDE28EDBBF9C8BF12F3D,SHA256=C115A66A1BEDE6694B513AF420CC90F8775BE03666A54D1ECB82D6196B929FE9,IMPHASH=C46A0C43C45E1D61113699AA15203A44</Data><Data Name='ParentProcessGuid'>{66b35fd9-128e-6aa7-3135-000000001700}</Data><Data Name='ParentProcessId'>11664</Data><Data Name='ParentImage'>C:\Users\o-neo\.cache\codex-runtimes\codex-primary-runtime\dependencies\native\git\cmd\git.exe</Data><Data Name='ParentCommandLine'>C:\Users\o-neo\.cache\codex-runtimes\codex-primary-runtime\dependencies\native\git\cmd\git.exe -c attr.tree= -c core.attributesFile= -c filter.lfs.clean= -c filter.lfs.smudge= -c filter.lfs.process= -c filter.lfs.required=false -c safe.bareRepository=explicit -c core.hooksPath=NUL -c core.fsmonitor= status --renames --porcelain=v1 -z --untracked-files=normal</Data><Data Name='ParentUser'>DESKTOP-FOEGBB0\o-neo</Data></EventData></Event><Event xmlns='http://schemas.microsoft.com/win/2004/08/events/event'><System><Provider Name='Microsoft-Windows-Sysmon' Guid='{5770385f-c22a-43e0-bf4c-06f5698ffbd9}'/><EventID>5</EventID><Version>3</Version><Level>4</Level><Task>5</Task><Opcode>0</Opcode><Keywords>0x8000000000000000</Keywords><TimeCreated SystemTime='2026-09-13T21:16:01.3998240Z'/><EventRecordID>619842</EventRecordID><Correlation/><Execution ProcessID='4168' ThreadID='5936'/><Channel>Microsoft-Windows-Sysmon/Operational</Channel><Computer>DESKTOP-FOEGBB0</Computer><Security UserID='S-1-5-18'/></System><EventData><Data Name='RuleName'>-</Data><Data Name='UtcTime'>2026-09-13 21:16:01.282</Data><Data Name='ProcessGuid'>{66b35fd9-128f-6aa7-3235-000000001700}</Data><Data Name='ProcessId'>10184</Data><Data Name='Image'>C:\Users\o-neo\.cache\codex-runtimes\codex-primary-runtime\dependencies\native\git\cmd\git.exe</Data><Data Name='User'>DESKTOP-FOEGBB0\o-neo</Data></EventData></Event><Event xmlns='http://schemas.microsoft.com/win/2004/08/events/event'><System><Provider Name='Microsoft-Windows-Sysmon' Guid='{5770385f-c22a-43e0-bf4c-06f5698ffbd9}'/><EventID>1</EventID><Version>5</Version><Level>4</Level><Task>1</Task><Opcode>0</Opcode><Keywords>0x8000000000000000</Keywords><TimeCreated SystemTime='2026-09-13T21:16:01.8288028Z'/><EventRecordID>619843</EventRecordID><Correlation/><Execution ProcessID='4168' ThreadID='5936'/><Channel>Microsoft-Windows-Sysmon/Operational</Channel><Computer>DESKTOP-FOEGBB0</Computer><Security UserID='S-1-5-18'/></System><EventData><Data Name='RuleName'>-</Data><Data Name='UtcTime'>2026-09-13 21:16:01.308</Data><Data Name='ProcessGuid'>{66b35fd9-1291-6aa7-3f35-000000001700}</Data><Data Name='ProcessId'>936</Data><Data Name='Image'>C:\Users\o-neo\.cache\codex-runtimes\codex-primary-runtime\dependencies\native\git\cmd\git.exe</Data><Data Name='FileVersion'>2.53.0.windows.3</Data><Data Name='Description'>Git for Windows</Data><Data Name='Product'>Git</Data><Data Name='Company'>The Git Development Community</Data><Data Name='OriginalFileName'>git.exe</Data><Data Name='CommandLine'>"git" -c safe.bareRepository=explicit -c core.hooksPath=NUL -c core.fsmonitor=false rev-parse --git-dir</Data><Data Name='CurrentDirectory'>C:\Users\o-neo\Documents\Vip-Gece-Web-Gelistirme\</Data><Data Name='User'>DESKTOP-FOEGBB0\o-neo</Data><Data Name='LogonGuid'>{66b35fd9-c5ee-6aa6-d395-060000000000}</Data><Data Name='LogonId'>0x695d3</Data><Data Name='TerminalSessionId'>1</Data><Data Name='IntegrityLevel'>Medium</Data><Data Name='Hashes'>MD5=72F87446775ECCA78F3119A8F329BDAF,SHA256=C53279919FDEA03474BB23B465B3A82287157491F1BD69A5EB82DD9831582333,IMPHASH=0991041C9DE5C72802D268A52B7C03AC</Data><Data Name='ParentProcessGuid'>{66b35fd9-ee3a-6aa6-231e-000000001700}</Data><Data Name='ParentProcessId'>11556</Data><Data Name='ParentImage'>C:\Users\o-neo\AppData\Local\OpenAI\Codex\bin\bffc5354119c8421\codex.exe</Data><Data Name='ParentCommandLine'>C:\Users\o-neo\AppData\Local\OpenAI\Codex\bin\bffc5354119c8421\codex.exe -c features.code_mode_host=true app-server --analytics-default-enabled -c plugins.codex-app-tools@openai-bundled.mcp_servers.codex_app.enabled=true</Data><Data Name='ParentUser'>DESKTOP-FOEGBB0\o-neo</Data></EventData></Event><Event xmlns='http://schemas.microsoft.com/win/2004/08/events/event'><System><Provider Name='Microsoft-Windows-Sysmon' Guid='{5770385f-c22a-43e0-bf4c-06f5698ffbd9}'/><EventID>3</EventID><Version>5</Version><Level>4</Level><Task>3</Task><Opcode>0</Opcode><Keywords>0x8000000000000000</Keywords><TimeCreated SystemTime='2026-09-13T21:16:02.0028007Z'/><EventRecordID>619844</EventRecordID><Correlation/><Execution ProcessID='4168' ThreadID='5812'/><Channel>Microsoft-Windows-Sysmon/Operational</Channel><Computer>DESKTOP-FOEGBB0</Computer><Security UserID='S-1-5-18'/></System><EventData><Data Name='RuleName'>Usermode</Data><Data Name='UtcTime'>2026-09-13 21:16:00.581</Data><Data Name='ProcessGuid'>{66b35fd9-ee3a-6aa6-231e-000000001700}</Data><Data Name='ProcessId'>11556</Data><Data Name='Image'>C:\Users\o-neo\AppData\Local\OpenAI\Codex\bin\bffc5354119c8421\codex.exe</Data><Data Name='User'>DESKTOP-FOEGBB0\o-neo</Data><Data Name='Protocol'>tcp</Data><Data Name='Initiated'>true</Data><Data Name='SourceIsIpv6'>false</Data><Data Name='SourceIp'>192.168.1.120</Data><Data Name='SourceHostname'>DESKTOP-FOEGBB0</Data><Data Name='SourcePort'>55440</Data><Data Name='SourcePortName'>-</Data><Data Name='DestinationIsIpv6'>false</Data><Data Name='DestinationIp'>104.18.32.47</Data><Data Name='DestinationHostname'>-</Data><Data Name='DestinationPort'>443</Data><Data Name='DestinationPortName'>https</Data></EventData></Event>