<Event xmlns='http://schemas.microsoft.com/win/2004/08/events/event'><System><Provider Name='Microsoft-Windows-Security-Auditing' Guid='{54849625-5478-4994-a5ba-3e3b0328c30d}'/><EventID>4688</EventID><Version>2</Version><Level>0</Level><Task>13312</Task><Opcode>0</Opcode><Keywords>0x8020000000000000</Keywords><TimeCreated SystemTime='2026-09-13T21:38:53.5213220Z'/><EventRecordID>212925</EventRecordID><Correlation/><Execution ProcessID='4' ThreadID='4296'/><Channel>Security</Channel><Computer>DESKTOP-FOEGBB0</Computer><Security/></System><EventData><Data Name='SubjectUserSid'>S-1-5-21-404346624-2769923240-1900471442-1000</Data><Data Name='SubjectUserName'>o-neo</Data><Data Name='SubjectDomainName'>DESKTOP-FOEGBB0</Data><Data Name='SubjectLogonId'>0x695d3</Data><Data Name='NewProcessId'>0x2960</Data><Data Name='NewProcessName'>C:\Windows\System32\conhost.exe</Data><Data Name='TokenElevationType'>%%1938</Data><Data Name='ProcessId'>0x16c8</Data><Data Name='CommandLine'>\??\C:\WINDOWS\system32\conhost.exe 0xffffffff -ForceV1</Data><Data Name='TargetUserSid'>S-1-0-0</Data><Data Name='TargetUserName'>-</Data><Data Name='TargetDomainName'>-</Data><Data Name='TargetLogonId'>0x0</Data><Data Name='ParentProcessName'>C:\Users\o-neo\AppData\Local\OpenAI\Codex\bin\bffc5354119c8421\codex-windows-sandbox-setup.exe</Data><Data Name='MandatoryLabel'>S-1-16-8192</Data></EventData></Event><Event xmlns='http://schemas.microsoft.com/win/2004/08/events/event'><System><Provider Name='Microsoft-Windows-Security-Auditing' Guid='{54849625-5478-4994-a5ba-3e3b0328c30d}'/><EventID>4688</EventID><Version>2</Version><Level>0</Level><Task>13312</Task><Opcode>0</Opcode><Keywords>0x8020000000000000</Keywords><TimeCreated SystemTime='2026-09-13T21:38:54.2139136Z'/><EventRecordID>212929</EventRecordID><Correlation/><Execution ProcessID='4' ThreadID='4296'/><Channel>Security</Channel><Computer>DESKTOP-FOEGBB0</Computer><Security/></System><EventData><Data Name='SubjectUserSid'>S-1-5-18</Data><Data Name='SubjectUserName'>DESKTOP-FOEGBB0$</Data><Data Name='SubjectDomainName'>WORKGROUP</Data><Data Name='SubjectLogonId'>0x3e7</Data><Data Name='NewProcessId'>0x289c</Data><Data Name='NewProcessName'>C:\Users\o-neo\.codex\.sandbox-bin\codex-command-runner-0.154.0-alpha.6.2.exe</Data><Data Name='TokenElevationType'>%%1936</Data><Data Name='ProcessId'>0x2d24</Data><Data Name='CommandLine'>C:\Users\o-neo\.codex\.sandbox-bin\codex-command-runner-0.154.0-alpha.6.2.exe --pipe-in=\\.\pipe\codex-runner-6d30911c8a2d0765b2ba854c4a591105-in --pipe-out=\\.\pipe\codex-runner-6d30911c8a2d0765b2ba854c4a591105-out</Data><Data Name='TargetUserSid'>S-1-0-0</Data><Data Name='TargetUserName'>CodexSandboxOffline</Data><Data Name='TargetDomainName'>DESKTOP-FOEGBB0</Data><Data Name='TargetLogonId'>0x390992f</Data><Data Name='ParentProcessName'>C:\Users\o-neo\AppData\Local\OpenAI\Codex\bin\bffc5354119c8421\codex.exe</Data><Data Name='MandatoryLabel'>S-1-16-8192</Data></EventData></Event><Event xmlns='http://schemas.microsoft.com/win/2004/08/events/event'><System><Provider Name='Microsoft-Windows-Security-Auditing' Guid='{54849625-5478-4994-a5ba-3e3b0328c30d}'/><EventID>4688</EventID><Version>2</Version><Level>0</Level><Task>13312</Task><Opcode>0</Opcode><Keywords>0x8020000000000000</Keywords><TimeCreated SystemTime='2026-09-13T21:38:54.3237700Z'/><EventRecordID>212930</EventRecordID><Correlation/><Execution ProcessID='4' ThreadID='4296'/><Channel>Security</Channel><Computer>DESKTOP-FOEGBB0</Computer><Security/></System><EventData><Data Name='SubjectUserSid'>S-1-5-21-404346624-2769923240-1900471442-1003</Data><Data Name='SubjectUserName'>CodexSandboxOffline</Data><Data Name='SubjectDomainName'>DESKTOP-FOEGBB0</Data><Data Name='SubjectLogonId'>0x390992f</Data><Data Name='NewProcessId'>0x24a8</Data><Data Name='NewProcessName'>C:\Users\o-neo\.cache\codex-runtimes\codex-primary-runtime\dependencies\native\powershell\pwsh.exe</Data><Data Name='TokenElevationType'>%%1936</Data><Data Name='ProcessId'>0x289c</Data><Data Name='CommandLine'>C:\Users\o-neo\.cache\codex-runtimes\codex-primary-runtime\dependencies\native\powershell\pwsh.exe -NoProfile -Command "try { [Console]::OutputEncoding=[System.Text.Encoding]::UTF8 } catch {}
python -c \"import sys,os; sys.path.insert(0,os.path.join(os.environ['TEMP'],'codex_xlrd')); import xlrd; b=xlrd.open_workbook(os.path.join(os.environ['TEMP'],'KBN.xls')); s=b.sheet_by_index(0); print(xlrd.xldate_as_datetime(s.cell_value(1,2),b.datemode).isoformat())\""</Data><Data Name='TargetUserSid'>S-1-0-0</Data><Data Name='TargetUserName'>-</Data><Data Name='TargetDomainName'>-</Data><Data Name='TargetLogonId'>0x0</Data><Data Name='ParentProcessName'>C:\Users\o-neo\.codex\.sandbox-bin\codex-command-runner-0.154.0-alpha.6.2.exe</Data><Data Name='MandatoryLabel'>S-1-16-8192</Data></EventData></Event><Event xmlns='http://schemas.microsoft.com/win/2004/08/events/event'><System><Provider Name='Microsoft-Windows-Security-Auditing' Guid='{54849625-5478-4994-a5ba-3e3b0328c30d}'/><EventID>4688</EventID><Version>2</Version><Level>0</Level><Task>13312</Task><Opcode>0</Opcode><Keywords>0x8020000000000000</Keywords><TimeCreated SystemTime='2026-09-13T21:38:56.8608794Z'/><EventRecordID>212933</EventRecordID><Correlation/><Execution ProcessID='4' ThreadID='9488'/><Channel>Security</Channel><Computer>DESKTOP-FOEGBB0</Computer><Security/></System><EventData><Data Name='SubjectUserSid'>S-1-5-21-404346624-2769923240-1900471442-1003</Data><Data Name='SubjectUserName'>CodexSandboxOffline</Data><Data Name='SubjectDomainName'>DESKTOP-FOEGBB0</Data><Data Name='SubjectLogonId'>0x390992f</Data><Data Name='NewProcessId'>0x1a74</Data><Data Name='NewProcessName'>C:\Windows\System32\conhost.exe</Data><Data Name='TokenElevationType'>%%1936</Data><Data Name='ProcessId'>0x24a8</Data><Data Name='CommandLine'>\??\C:\WINDOWS\system32\conhost.exe 0xffffffff -ForceV1</Data><Data Name='TargetUserSid'>S-1-0-0</Data><Data Name='TargetUserName'>-</Data><Data Name='TargetDomainName'>-</Data><Data Name='TargetLogonId'>0x0</Data><Data Name='ParentProcessName'>C:\Users\o-neo\.cache\codex-runtimes\codex-primary-runtime\dependencies\native\powershell\pwsh.exe</Data><Data Name='MandatoryLabel'>S-1-16-8192</Data></EventData></Event><Event xmlns='http://schemas.microsoft.com/win/2004/08/events/event'><System><Provider Name='Microsoft-Windows-Security-Auditing' Guid='{54849625-5478-4994-a5ba-3e3b0328c30d}'/><EventID>4688</EventID><Version>2</Version><Level>0</Level><Task>13312</Task><Opcode>0</Opcode><Keywords>0x8020000000000000</Keywords><TimeCreated SystemTime='2026-09-13T21:38:59.2018779Z'/><EventRecordID>212934</EventRecordID><Correlation/><Execution ProcessID='4' ThreadID='4296'/><Channel>Security</Channel><Computer>DESKTOP-FOEGBB0</Computer><Security/></System><EventData><Data Name='SubjectUserSid'>S-1-5-21-404346624-2769923240-1900471442-1003</Data><Data Name='SubjectUserName'>CodexSandboxOffline</Data><Data Name='SubjectDomainName'>DESKTOP-FOEGBB0</Data><Data Name='SubjectLogonId'>0x390992f</Data><Data Name='NewProcessId'>0x2328</Data><Data Name='NewProcessName'>C:\Tools\Python313\python.exe</Data><Data Name='TokenElevationType'>%%1936</Data><Data Name='ProcessId'>0x24a8</Data><Data Name='CommandLine'>"C:\Tools\Python313\python.exe" -c "import sys,os; sys.path.insert(0,os.path.join(os.environ['TEMP'],'codex_xlrd')); import xlrd; b=xlrd.open_workbook(os.path.join(os.environ['TEMP'],'KBN.xls')); s=b.sheet_by_index(0); print(xlrd.xldate_as_datetime(s.cell_value(1,2),b.datemode).isoformat())"</Data><Data Name='TargetUserSid'>S-1-0-0</Data><Data Name='TargetUserName'>-</Data><Data Name='TargetDomainName'>-</Data><Data Name='TargetLogonId'>0x0</Data><Data Name='ParentProcessName'>C:\Users\o-neo\.cache\codex-runtimes\codex-primary-runtime\dependencies\native\powershell\pwsh.exe</Data><Data Name='MandatoryLabel'>S-1-16-8192</Data></EventData></Event><Event xmlns='http://schemas.microsoft.com/win/2004/08/events/event'><System><Provider Name='Microsoft-Windows-Security-Auditing' Guid='{54849625-5478-4994-a5ba-3e3b0328c30d}'/><EventID>4688</EventID><Version>2</Version><Level>0</Level><Task>13312</Task><Opcode>0</Opcode><Keywords>0x8020000000000000</Keywords><TimeCreated SystemTime='2026-09-13T21:39:05.5315742Z'/><EventRecordID>212941</EventRecordID><Correlation/><Execution ProcessID='4' ThreadID='11868'/><Channel>Security</Channel><Computer>DESKTOP-FOEGBB0</Computer><Security/></System><EventData><Data Name='SubjectUserSid'>S-1-5-21-404346624-2769923240-1900471442-1000</Data><Data Name='SubjectUserName'>o-neo</Data><Data Name='SubjectDomainName'>DESKTOP-FOEGBB0</Data><Data Name='SubjectLogonId'>0x695d3</Data><Data Name='NewProcessId'>0x1894</Data><Data Name='NewProcessName'>C:\Users\o-neo\.cache\codex-runtimes\codex-primary-runtime\dependencies\native\git\cmd\git.exe</Data><Data Name='TokenElevationType'>%%1938</Data><Data Name='ProcessId'>0x1e8</Data><Data Name='CommandLine'>C:\Users\o-neo\.cache\codex-runtimes\codex-primary-runtime\dependencies\native\git\cmd\git.exe --version</Data><Data Name='TargetUserSid'>S-1-0-0</Data><Data Name='TargetUserName'>-</Data><Data Name='TargetDomainName'>-</Data><Data Name='TargetLogonId'>0x0</Data><Data Name='ParentProcessName'>C:\Program Files\WindowsApps\OpenAI.Codex_26.908.4834.0_x64__2p2nqsd0c76g0\app\ChatGPT.exe</Data><Data Name='MandatoryLabel'>S-1-16-8192</Data></EventData></Event><Event xmlns='http://schemas.microsoft.com/win/2004/08/events/event'><System><Provider Name='Microsoft-Windows-Security-Auditing' Guid='{54849625-5478-4994-a5ba-3e3b0328c30d}'/><EventID>4688</EventID><Version>2</Version><Level>0</Level><Task>13312</Task><Opcode>0</Opcode><Keywords>0x8020000000000000</Keywords><TimeCreated SystemTime='2026-09-13T21:39:05.5979119Z'/><EventRecordID>212942</EventRecordID><Correlation/><Execution ProcessID='4' ThreadID='11868'/><Channel>Security</Channel><Computer>DESKTOP-FOEGBB0</Computer><Security/></System><EventData><Data Name='SubjectUserSid'>S-1-5-21-404346624-2769923240-1900471442-1000</Data><Data Name='SubjectUserName'>o-neo</Data><Data Name='SubjectDomainName'>DESKTOP-FOEGBB0</Data><Data Name='SubjectLogonId'>0x695d3</Data><Data Name='NewProcessId'>0x2bd8</Data><Data Name='NewProcessName'>C:\Windows\System32\conhost.exe</Data><Data Name='TokenElevationType'>%%1938</Data><Data Name='ProcessId'>0x1894</Data><Data Name='CommandLine'>\??\C:\WINDOWS\system32\conhost.exe 0xffffffff -ForceV1</Data><Data Name='TargetUserSid'>S-1-0-0</Data><Data Name='TargetUserName'>-</Data><Data Name='TargetDomainName'>-</Data><Data Name='TargetLogonId'>0x0</Data><Data Name='ParentProcessName'>C:\Users\o-neo\.cache\codex-runtimes\codex-primary-runtime\dependencies\native\git\cmd\git.exe</Data><Data Name='MandatoryLabel'>S-1-16-8192</Data></EventData></Event><Event xmlns='http://schemas.microsoft.com/win/2004/08/events/event'><System><Provider Name='Microsoft-Windows-Security-Auditing' Guid='{54849625-5478-4994-a5ba-3e3b0328c30d}'/><EventID>4688</EventID><Version>2</Version><Level>0</Level><Task>13312</Task><Opcode>0</Opcode><Keywords>0x8020000000000000</Keywords><TimeCreated SystemTime='2026-09-13T21:39:05.7805783Z'/><EventRecordID>212943</EventRecordID><Correlation/><Execution ProcessID='4' ThreadID='2308'/><Channel>Security</Channel><Computer>DESKTOP-FOEGBB0</Computer><Security/></System><EventData><Data Name='SubjectUserSid'>S-1-5-21-404346624-2769923240-1900471442-1000</Data><Data Name='SubjectUserName'>o-neo</Data><Data Name='SubjectDomainName'>DESKTOP-FOEGBB0</Data><Data Name='SubjectLogonId'>0x695d3</Data><Data Name='NewProcessId'>0x2d70</Data><Data Name='NewProcessName'>C:\Users\o-neo\.cache\codex-runtimes\codex-primary-runtime\dependencies\native\git\mingw64\bin\git.exe</Data><Data Name='TokenElevationType'>%%1938</Data><Data Name='ProcessId'>0x1894</Data><Data Name='CommandLine'>git.exe --version</Data><Data Name='TargetUserSid'>S-1-0-0</Data><Data Name='TargetUserName'>-</Data><Data Name='TargetDomainName'>-</Data><Data Name='TargetLogonId'>0x0</Data><Data Name='ParentProcessName'>C:\Users\o-neo\.cache\codex-runtimes\codex-primary-runtime\dependencies\native\git\cmd\git.exe</Data><Data Name='MandatoryLabel'>S-1-16-8192</Data></EventData></Event><Event xmlns='http://schemas.microsoft.com/win/2004/08/events/event'><System><Provider Name='Microsoft-Windows-Security-Auditing' Guid='{54849625-5478-4994-a5ba-3e3b0328c30d}'/><EventID>4688</EventID><Version>2</Version><Level>0</Level><Task>13312</Task><Opcode>0</Opcode><Keywords>0x8020000000000000</Keywords><TimeCreated SystemTime='2026-09-13T21:39:06.0564860Z'/><EventRecordID>212944</EventRecordID><Correlation/><Execution ProcessID='4' ThreadID='2308'/><Channel>Security</Channel><Computer>DESKTOP-FOEGBB0</Computer><Security/></System><EventData><Data Name='SubjectUserSid'>S-1-5-21-404346624-2769923240-1900471442-1000</Data><Data Name='SubjectUserName'>o-neo</Data><Data Name='SubjectDomainName'>DESKTOP-FOEGBB0</Data><Data Name='SubjectLogonId'>0x695d3</Data><Data Name='NewProcessId'>0x286c</Data><Data Name='NewProcessName'>C:\Users\o-neo\AppData\Local\OpenAI\Codex\bin\bffc5354119c8421\codex-windows-sandbox-setup.exe</Data><Data Name='TokenElevationType'>%%1938</Data><Data Name='ProcessId'>0x2d24</Data><Data Name='CommandLine'>"C:\Users\o-neo\AppData\Local\OpenAI\Codex\bin\bffc5354119c8421\codex-windows-sandbox-setup.exe" eyJ2ZXJzaW9uIjo1LCJvZmZsaW5lX3VzZXJuYW1lIjoiQ29kZXhTYW5kYm94T2ZmbGluZSIsIm9ubGluZV91c2VybmFtZSI6IkNvZGV4U2FuZGJveE9ubGluZSIsImNvZGV4X2hvbWUiOiJDOlxcVXNlcnNcXG8tbmVvXFwuY29kZXgiLCJjb21tYW5kX2N3ZCI6IkM6XFxVc2Vyc1xcby1uZW9cXERvY3VtZW50c1xcVmlwLUdlY2UtV2ViLUdlbGlzdGlybWUiLCJyZWFkX3Jvb3RzIjpbIkM6XFxQcm9ncmFtIEZpbGVzIiwiQzpcXFByb2dyYW0gRmlsZXMgKHg4NikiLCJDOlxcUHJvZ3JhbURhdGEiLCJDOlxcVXNlcnNcXG8tbmVvXFwuYW5kcm9pZCIsIkM6XFxVc2Vyc1xcby1uZW9cXC5hbmRyb2lkLnppcCIsIkM6XFxVc2Vyc1xcby1uZW9cXC5jYWNoZSIsIkM6XFxVc2Vyc1xcby1uZW9cXC5jYWNoZS56aXAiLCJDOlxcVXNlcnNcXG8tbmVvXFwuY29kZXgiLCJDOlxcVXNlcnNcXG8tbmVvXFwuY29kZXguemlwIiwiQzpcXFVzZXJzXFxvLW5lb1xcLmNvZGV4XFwuc2FuZGJveC1iaW4iLCJDOlxcVXNlcnNcXG8tbmVvXFwuY29uZmlnLnppcCIsIkM6XFxVc2Vyc1xcby1uZW9cXC5kb3RuZXQiLCJDOlxcVXNlcnNcXG8tbmVvXFwuZG90bmV0LnppcCIsIkM6XFxVc2Vyc1xcby1uZW9cXC5sb2NhbCIsIkM6XFxVc2Vyc1xcby1uZW9cXC5sb2NhbC56aXAiLCJDOlxcVXNlcnNcXG8tbmVvXFwubnVnZXQiLCJDOlxcVXNlcnNcXG8tbmVvXFwubnVnZXQuemlwIiwiQzpcXFVzZXJzXFxvLW5lb1xcLnRlbXBsYXRlZW5naW5lIiwiQzpcXFVzZXJzXFxvLW5lb1xcLnRlbXBsYXRlZW5naW5lLnppcCIsIkM6XFxVc2Vyc1xcby1uZW9cXEFwcERhdGEiLCJDOlxcVXNlcnNcXG8tbmVvXFxBcHBEYXRhLnppcCIsIkM6XFxVc2Vyc1xcby1uZW9cXEFwcERhdGFcXExvY2FsIiwiQzpcXFVzZXJzXFxvLW5lb1xcQXBwRGF0YVxcTG9jYWxcXE1pY3Jvc29mdFxcV2luZG93c1xcSU5ldENvb2tpZXMiLCJDOlxcVXNlcnNcXG8tbmVvXFxBcHBEYXRhXFxSb2FtaW5nIiwiQzpcXFVzZXJzXFxvLW5lb1xcQXBwRGF0YVxcUm9hbWluZ1xcTWljcm9zb2Z0XFxXaW5kb3dzXFxOZXR3b3JrIFNob3J0Y3V0cyIsIkM6XFxVc2Vyc1xcby1uZW9cXEFwcERhdGFcXFJvYW1pbmdcXE1pY3Jvc29mdFxcV2luZG93c1xcUHJpbnRlciBTaG9ydGN1dHMiLCJDOlxcVXNlcnNcXG8tbmVvXFxBcHBEYXRhXFxSb2FtaW5nXFxNaWNyb3NvZnRcXFdpbmRvd3NcXFJlY2VudCIsIkM6XFxVc2Vyc1xcby1uZW9cXEFwcERhdGFcXFJvYW1pbmdcXE1pY3Jvc29mdFxcV2luZG93c1xcU2VuZFRvIiwiQzpcXFVzZXJzXFxvLW5lb1xcQXBwRGF0YVxcUm9hbWluZ1xcTWljcm9zb2Z0XFxXaW5kb3dzXFxTdGFydCBNZW51IiwiQzpcXFVzZXJzXFxvLW5lb1xcQXBwRGF0YVxcUm9hbWluZ1xcTWljcm9zb2Z0XFxXaW5kb3dzXFxUZW1wbGF0ZXMiLCJDOlxcVXNlcnNcXG8tbmVvXFxDb250YWN0cyIsIkM6XFxVc2Vyc1xcby1uZW9cXERlc2t0b3AiLCJDOlxcVXNlcnNcXG8tbmVvXFxEb2N1bWVudHMiLCJDOlxcVXNlcnNcXG8tbmVvXFxEb3dubG9hZHMiLCJDOlxcVXNlcnNcXG8tbmVvXFxGYXZvcml0ZXMiLCJDOlxcVXNlcnNcXG8tbmVvXFxpQ2xvdWREcml2ZSIsIkM6XFxVc2Vyc1xcby1uZW9cXEludGVsR3JhcGhpY3NQcm9maWxlcyIsIkM6XFxVc2Vyc1xcby1uZW9cXExpbmtzIiwiQzpcXFVzZXJzXFxvLW5lb1xcTXVzaWMiLCJDOlxcVXNlcnNcXG8tbmVvXFxOVFVTRVIuREFUIiwiQzpcXFVzZXJzXFxvLW5lb1xcbnR1c2VyLmRhdC5MT0cxIiwiQzpcXFVzZXJzXFxvLW5lb1xcbnR1c2VyLmRhdC5MT0cyIiwiQzpcXFVzZXJzXFxvLW5lb1xcTlRVU0VSLkRBVHs3ZDFiZmNjMi1hYTFiLTExZjEtYjdkMS04MDlkNjVhMWY2Mjd9LlR4Ui4wLnJlZ3RyYW5zLW1zIiwiQzpcXFVzZXJzXFxvLW5lb1xcTlRVU0VSLkRBVHs3ZDFiZmNjMi1hYTFiLTExZjEtYjdkMS04MDlkNjVhMWY2Mjd9LlR4Ui4xLnJlZ3RyYW5zLW1zIiwiQzpcXFVzZXJzXFxvLW5lb1xcTlRVU0VSLkRBVHs3ZDFiZmNjMi1hYTFiLTExZjEtYjdkMS04MDlkNjVhMWY2Mjd9LlR4Ui4yLnJlZ3RyYW5zLW1zIiwiQzpcXFVzZXJzXFxvLW5lb1xcTlRVU0VSLkRBVHs3ZDFiZmNjMi1hYTFiLTExZjEtYjdkMS04MDlkNjVhMWY2Mjd9LlR4Ui5ibGYiLCJDOlxcVXNlcnNcXG8tbmVvXFxOVFVTRVIuREFUezdkMWJmY2MzLWFhMWItMTFmMS1iN2QxLTgwOWQ2NWExZjYyN30uVE0uYmxmIiwiQzpcXFVzZXJzXFxvLW5lb1xcTlRVU0VSLkRBVHs3ZDFiZmNjMy1hYTFiLTExZjEtYjdkMS04MDlkNjVhMWY2Mjd9LlRNLmJsZi5jbnBmIiwiQzpcXFVzZXJzXFxvLW5lb1xcTlRVU0VSLkRBVHs3ZDFiZmNjMy1hYTFiLTExZjEtYjdkMS04MDlkNjVhMWY2Mjd9LlRNQ29udGFpbmVyMDAwMDAwMDAwMDAwMDAwMDAwMDEucmVndHJhbnMtbXMiLCJDOlxcVXNlcnNcXG8tbmVvXFxOVFVTRVIuREFUezdkMWJmY2MzLWFhMWItMTFmMS1iN2QxLTgwOWQ2NWExZjYyN30uVE1Db250YWluZXIwMDAwMDAwMDAwMDAwMDAwMDAwMS5yZWd0cmFucy1tcy5jbnBmIiwiQzpcXFVzZXJzXFxvLW5lb1xcTlRVU0VSLkRBVHs3ZDFiZmNjMy1hYTFiLTExZjEtYjdkMS04MDlkNjVhMWY2Mjd9LlRNQ29udGFpbmVyMDAwMDAwMDAwMDAwMDAwMDAwMDIucmVndHJhbnMtbXMiLCJDOlxcVXNlcnNcXG8tbmVvXFxOVFVTRVIuREFUezdkMWJmY2MzLWFhMWItMTFmMS1iN2QxLTgwOWQ2NWExZjYyN30uVE1Db250YWluZXIwMDAwMDAwMDAwMDAwMDAwMDAwMi5yZWd0cmFucy1tcy5jbnBmIiwiQzpcXFVzZXJzXFxvLW5lb1xcbnR1c2VyLmluaSIsIkM6XFxVc2Vyc1xcby1uZW9cXE9uZURyaXZlIiwiQzpcXFVzZXJzXFxvLW5lb1xcUGljdHVyZXMiLCJDOlxcVXNlcnNcXG8tbmVvXFxTYW1zdW5nIiwiQzpcXFVzZXJzXFxvLW5lb1xcU2F2ZWQgR2FtZXMiLCJDOlxcVXNlcnNcXG8tbmVvXFxTZWFyY2hlcyIsIkM6XFxVc2Vyc1xcby1uZW9cXFZpZGVvcyIsIkM6XFxXaW5kb3dzIl0sIndyaXRlX3Jvb3RzIjpbIkM6XFxVc2Vyc1xcby1uZW9cXC5jb2RleFxcdmlzdWFsaXphdGlvbnNcXDIwMjZcXDA5XFwxM1xcMDFhMDljYTAtM2E5NS03NDgyLTkwODMtYjcxNjA4ZjhlYzFiIiwiQzpcXFVzZXJzXFxvLW5lb1xcQXBwRGF0YVxcTG9jYWxcXFRlbXAiLCJDOlxcVXNlcnNcXG8tbmVvXFxEb2N1bWVudHNcXFZpcC1HZWNlLVdlYi1HZWxpc3Rpcm1lIl0sImRlbnlfcmVhZF9wYXRocyI6W10sImRlbnlfd3JpdGVfcGF0aHMiOlsiQzpcXFVzZXJzXFxvLW5lb1xcRG9jdW1lbnRzXFxWaXAtR2VjZS1XZWItR2VsaXN0aXJtZVxcLmdpdCIsIkM6XFxVc2Vyc1xcby1uZW9cXERvY3VtZW50c1xcVmlwLUdlY2UtV2ViLUdlbGlzdGlybWVcXC5naXQiXSwicHJveHlfcG9ydHMiOltdLCJhbGxvd19sb2NhbF9iaW5kaW5nIjpmYWxzZSwib3RlbCI6bnVsbCwicmVhbF91c2VyIjoiby1uZW8iLCJtb2RlIjoiZnVsbCIsInJlZnJlc2hfb25seSI6dHJ1ZX0=</Data><Data Name='TargetUserSid'>S-1-0-0</Data><Data Name='TargetUserName'>-</Data><Data Name='TargetDomainName'>-</Data><Data Name='TargetLogonId'>0x0</Data><Data Name='ParentProcessName'>C:\Users\o-neo\AppData\Local\OpenAI\Codex\bin\bffc5354119c8421\codex.exe</Data><Data Name='MandatoryLabel'>S-1-16-8192</Data></EventData></Event><Event xmlns='http://schemas.microsoft.com/win/2004/08/events/event'><System><Provider Name='Microsoft-Windows-Security-Auditing' Guid='{54849625-5478-4994-a5ba-3e3b0328c30d}'/><EventID>4688</EventID><Version>2</Version><Level>0</Level><Task>13312</Task><Opcode>0</Opcode><Keywords>0x8020000000000000</Keywords><TimeCreated SystemTime='2026-09-13T21:39:06.3160959Z'/><EventRecordID>212945</EventRecordID><Correlation/><Execution ProcessID='4' ThreadID='9488'/><Channel>Security</Channel><Computer>DESKTOP-FOEGBB0</Computer><Security/></System><EventData><Data Name='SubjectUserSid'>S-1-5-21-404346624-2769923240-1900471442-1000</Data><Data Name='SubjectUserName'>o-neo</Data><Data Name='SubjectDomainName'>DESKTOP-FOEGBB0</Data><Data Name='SubjectLogonId'>0x695d3</Data><Data Name='NewProcessId'>0x2640</Data><Data Name='NewProcessName'>C:\Users\o-neo\AppData\Local\OpenAI\Codex\bin\bffc5354119c8421\codex-windows-sandbox-setup.exe</Data><Data Name='TokenElevationType'>%%1938</Data><Data Name='ProcessId'>0x286c</Data><Data Name='CommandLine'>"C:\Users\o-neo\AppData\Local\OpenAI\Codex\bin\bffc5354119c8421\codex-windows-sandbox-setup.exe" eyJ2ZXJzaW9uIjo1LCJvZmZsaW5lX3VzZXJuYW1lIjoiQ29kZXhTYW5kYm94T2ZmbGluZSIsIm9ubGluZV91c2VybmFtZSI6IkNvZGV4U2FuZGJveE9ubGluZSIsImNvZGV4X2hvbWUiOiJDOlxcVXNlcnNcXG8tbmVvXFwuY29kZXgiLCJjb21tYW5kX2N3ZCI6IkM6XFxVc2Vyc1xcby1uZW9cXERvY3VtZW50c1xcVmlwLUdlY2UtV2ViLUdlbGlzdGlybWUiLCJyZWFkX3Jvb3RzIjpbIkM6XFxQcm9ncmFtIEZpbGVzIiwiQzpcXFByb2dyYW0gRmlsZXMgKHg4NikiLCJDOlxcUHJvZ3JhbURhdGEiLCJDOlxcVXNlcnNcXG8tbmVvXFwuYW5kcm9pZCIsIkM6XFxVc2Vyc1xcby1uZW9cXC5hbmRyb2lkLnppcCIsIkM6XFxVc2Vyc1xcby1uZW9cXC5jYWNoZSIsIkM6XFxVc2Vyc1xcby1uZW9cXC5jYWNoZS56aXAiLCJDOlxcVXNlcnNcXG8tbmVvXFwuY29kZXgiLCJDOlxcVXNlcnNcXG8tbmVvXFwuY29kZXguemlwIiwiQzpcXFVzZXJzXFxvLW5lb1xcLmNvZGV4XFwuc2FuZGJveC1iaW4iLCJDOlxcVXNlcnNcXG8tbmVvXFwuY29uZmlnLnppcCIsIkM6XFxVc2Vyc1xcby1uZW9cXC5kb3RuZXQiLCJDOlxcVXNlcnNcXG8tbmVvXFwuZG90bmV0LnppcCIsIkM6XFxVc2Vyc1xcby1uZW9cXC5sb2NhbCIsIkM6XFxVc2Vyc1xcby1uZW9cXC5sb2NhbC56aXAiLCJDOlxcVXNlcnNcXG8tbmVvXFwubnVnZXQiLCJDOlxcVXNlcnNcXG8tbmVvXFwubnVnZXQuemlwIiwiQzpcXFVzZXJzXFxvLW5lb1xcLnRlbXBsYXRlZW5naW5lIiwiQzpcXFVzZXJzXFxvLW5lb1xcLnRlbXBsYXRlZW5naW5lLnppcCIsIkM6XFxVc2Vyc1xcby1uZW9cXEFwcERhdGEiLCJDOlxcVXNlcnNcXG8tbmVvXFxBcHBEYXRhLnppcCIsIkM6XFxVc2Vyc1xcby1uZW9cXEFwcERhdGFcXExvY2FsIiwiQzpcXFVzZXJzXFxvLW5lb1xcQXBwRGF0YVxcTG9jYWxcXE1pY3Jvc29mdFxcV2luZG93c1xcSU5ldENvb2tpZXMiLCJDOlxcVXNlcnNcXG8tbmVvXFxBcHBEYXRhXFxSb2FtaW5nIiwiQzpcXFVzZXJzXFxvLW5lb1xcQXBwRGF0YVxcUm9hbWluZ1xcTWljcm9zb2Z0XFxXaW5kb3dzXFxOZXR3b3JrIFNob3J0Y3V0cyIsIkM6XFxVc2Vyc1xcby1uZW9cXEFwcERhdGFcXFJvYW1pbmdcXE1pY3Jvc29mdFxcV2luZG93c1xcUHJpbnRlciBTaG9ydGN1dHMiLCJDOlxcVXNlcnNcXG8tbmVvXFxBcHBEYXRhXFxSb2FtaW5nXFxNaWNyb3NvZnRcXFdpbmRvd3NcXFJlY2VudCIsIkM6XFxVc2Vyc1xcby1uZW9cXEFwcERhdGFcXFJvYW1pbmdcXE1pY3Jvc29mdFxcV2luZG93c1xcU2VuZFRvIiwiQzpcXFVzZXJzXFxvLW5lb1xcQXBwRGF0YVxcUm9hbWluZ1xcTWljcm9zb2Z0XFxXaW5kb3dzXFxTdGFydCBNZW51IiwiQzpcXFVzZXJzXFxvLW5lb1xcQXBwRGF0YVxcUm9hbWluZ1xcTWljcm9zb2Z0XFxXaW5kb3dzXFxUZW1wbGF0ZXMiLCJDOlxcVXNlcnNcXG8tbmVvXFxDb250YWN0cyIsIkM6XFxVc2Vyc1xcby1uZW9cXERlc2t0b3AiLCJDOlxcVXNlcnNcXG8tbmVvXFxEb2N1bWVudHMiLCJDOlxcVXNlcnNcXG8tbmVvXFxEb3dubG9hZHMiLCJDOlxcVXNlcnNcXG8tbmVvXFxGYXZvcml0ZXMiLCJDOlxcVXNlcnNcXG8tbmVvXFxpQ2xvdWREcml2ZSIsIkM6XFxVc2Vyc1xcby1uZW9cXEludGVsR3JhcGhpY3NQcm9maWxlcyIsIkM6XFxVc2Vyc1xcby1uZW9cXExpbmtzIiwiQzpcXFVzZXJzXFxvLW5lb1xcTXVzaWMiLCJDOlxcVXNlcnNcXG8tbmVvXFxOVFVTRVIuREFUIiwiQzpcXFVzZXJzXFxvLW5lb1xcbnR1c2VyLmRhdC5MT0cxIiwiQzpcXFVzZXJzXFxvLW5lb1xcbnR1c2VyLmRhdC5MT0cyIiwiQzpcXFVzZXJzXFxvLW5lb1xcTlRVU0VSLkRBVHs3ZDFiZmNjMi1hYTFiLTExZjEtYjdkMS04MDlkNjVhMWY2Mjd9LlR4Ui4wLnJlZ3RyYW5zLW1zIiwiQzpcXFVzZXJzXFxvLW5lb1xcTlRVU0VSLkRBVHs3ZDFiZmNjMi1hYTFiLTExZjEtYjdkMS04MDlkNjVhMWY2Mjd9LlR4Ui4xLnJlZ3RyYW5zLW1zIiwiQzpcXFVzZXJzXFxvLW5lb1xcTlRVU0VSLkRBVHs3ZDFiZmNjMi1hYTFiLTExZjEtYjdkMS04MDlkNjVhMWY2Mjd9LlR4Ui4yLnJlZ3RyYW5zLW1zIiwiQzpcXFVzZXJzXFxvLW5lb1xcTlRVU0VSLkRBVHs3ZDFiZmNjMi1hYTFiLTExZjEtYjdkMS04MDlkNjVhMWY2Mjd9LlR4Ui5ibGYiLCJDOlxcVXNlcnNcXG8tbmVvXFxOVFVTRVIuREFUezdkMWJmY2MzLWFhMWItMTFmMS1iN2QxLTgwOWQ2NWExZjYyN30uVE0uYmxmIiwiQzpcXFVzZXJzXFxvLW5lb1xcTlRVU0VSLkRBVHs3ZDFiZmNjMy1hYTFiLTExZjEtYjdkMS04MDlkNjVhMWY2Mjd9LlRNLmJsZi5jbnBmIiwiQzpcXFVzZXJzXFxvLW5lb1xcTlRVU0VSLkRBVHs3ZDFiZmNjMy1hYTFiLTExZjEtYjdkMS04MDlkNjVhMWY2Mjd9LlRNQ29udGFpbmVyMDAwMDAwMDAwMDAwMDAwMDAwMDEucmVndHJhbnMtbXMiLCJDOlxcVXNlcnNcXG8tbmVvXFxOVFVTRVIuREFUezdkMWJmY2MzLWFhMWItMTFmMS1iN2QxLTgwOWQ2NWExZjYyN30uVE1Db250YWluZXIwMDAwMDAwMDAwMDAwMDAwMDAwMS5yZWd0cmFucy1tcy5jbnBmIiwiQzpcXFVzZXJzXFxvLW5lb1xcTlRVU0VSLkRBVHs3ZDFiZmNjMy1hYTFiLTExZjEtYjdkMS04MDlkNjVhMWY2Mjd9LlRNQ29udGFpbmVyMDAwMDAwMDAwMDAwMDAwMDAwMDIucmVndHJhbnMtbXMiLCJDOlxcVXNlcnNcXG8tbmVvXFxOVFVTRVIuREFUezdkMWJmY2MzLWFhMWItMTFmMS1iN2QxLTgwOWQ2NWExZjYyN30uVE1Db250YWluZXIwMDAwMDAwMDAwMDAwMDAwMDAwMi5yZWd0cmFucy1tcy5jbnBmIiwiQzpcXFVzZXJzXFxvLW5lb1xcbnR1c2VyLmluaSIsIkM6XFxVc2Vyc1xcby1uZW9cXE9uZURyaXZlIiwiQzpcXFVzZXJzXFxvLW5lb1xcUGljdHVyZXMiLCJDOlxcVXNlcnNcXG8tbmVvXFxTYW1zdW5nIiwiQzpcXFVzZXJzXFxvLW5lb1xcU2F2ZWQgR2FtZXMiLCJDOlxcVXNlcnNcXG8tbmVvXFxTZWFyY2hlcyIsIkM6XFxVc2Vyc1xcby1uZW9cXFZpZGVvcyIsIkM6XFxXaW5kb3dzIl0sIndyaXRlX3Jvb3RzIjpbIkM6XFxVc2Vyc1xcby1uZW9cXC5jb2RleFxcdmlzdWFsaXphdGlvbnNcXDIwMjZcXDA5XFwxM1xcMDFhMDljYTAtM2E5NS03NDgyLTkwODMtYjcxNjA4ZjhlYzFiIiwiQzpcXFVzZXJzXFxvLW5lb1xcQXBwRGF0YVxcTG9jYWxcXFRlbXAiLCJDOlxcVXNlcnNcXG8tbmVvXFxEb2N1bWVudHNcXFZpcC1HZWNlLVdlYi1HZWxpc3Rpcm1lIl0sImRlbnlfcmVhZF9wYXRocyI6W10sImRlbnlfd3JpdGVfcGF0aHMiOlsiQzpcXFVzZXJzXFxvLW5lb1xcRG9jdW1lbnRzXFxWaXAtR2VjZS1XZWItR2VsaXN0aXJtZVxcLmdpdCIsIkM6XFxVc2Vyc1xcby1uZW9cXERvY3VtZW50c1xcVmlwLUdlY2UtV2ViLUdlbGlzdGlybWVcXC5naXQiXSwicHJveHlfcG9ydHMiOltdLCJhbGxvd19sb2NhbF9iaW5kaW5nIjpmYWxzZSwib3RlbCI6bnVsbCwicmVhbF91c2VyIjoiby1uZW8iLCJtb2RlIjoicmVhZC1hY2xzLW9ubHkiLCJyZWZyZXNoX29ubHkiOnRydWV9</Data><Data Name='TargetUserSid'>S-1-0-0</Data><Data Name='TargetUserName'>-</Data><Data Name='TargetDomainName'>-</Data><Data Name='TargetLogonId'>0x0</Data><Data Name='ParentProcessName'>C:\Users\o-neo\AppData\Local\OpenAI\Codex\bin\bffc5354119c8421\codex-windows-sandbox-setup.exe</Data><Data Name='MandatoryLabel'>S-1-16-8192</Data></EventData></Event><Event xmlns='http://schemas.microsoft.com/win/2004/08/events/event'><System><Provider Name='Microsoft-Windows-Security-Auditing' Guid='{54849625-5478-4994-a5ba-3e3b0328c30d}'/><EventID>4688</EventID><Version>2</Version><Level>0</Level><Task>13312</Task><Opcode>0</Opcode><Keywords>0x8020000000000000</Keywords><TimeCreated SystemTime='2026-09-13T21:39:06.5334618Z'/><EventRecordID>212946</EventRecordID><Correlation/><Execution ProcessID='4' ThreadID='11868'/><Channel>Security</Channel><Computer>DESKTOP-FOEGBB0</Computer><Security/></System><EventData><Data Name='SubjectUserSid'>S-1-5-21-404346624-2769923240-1900471442-1000</Data><Data Name='SubjectUserName'>o-neo</Data><Data Name='SubjectDomainName'>DESKTOP-FOEGBB0</Data><Data Name='SubjectLogonId'>0x695d3</Data><Data Name='NewProcessId'>0x1a08</Data><Data Name='NewProcessName'>C:\Windows\System32\conhost.exe</Data><Data Name='TokenElevationType'>%%1938</Data><Data Name='ProcessId'>0x2640</Data><Data Name='CommandLine'>\??\C:\WINDOWS\system32\conhost.exe 0xffffffff -ForceV1</Data><Data Name='TargetUserSid'>S-1-0-0</Data><Data Name='TargetUserName'>-</Data><Data Name='TargetDomainName'>-</Data><Data Name='TargetLogonId'>0x0</Data><Data Name='ParentProcessName'>C:\Users\o-neo\AppData\Local\OpenAI\Codex\bin\bffc5354119c8421\codex-windows-sandbox-setup.exe</Data><Data Name='MandatoryLabel'>S-1-16-8192</Data></EventData></Event><Event xmlns='http://schemas.microsoft.com/win/2004/08/events/event'><System><Provider Name='Microsoft-Windows-Security-Auditing' Guid='{54849625-5478-4994-a5ba-3e3b0328c30d}'/><EventID>4688</EventID><Version>2</Version><Level>0</Level><Task>13312</Task><Opcode>0</Opcode><Keywords>0x8020000000000000</Keywords><TimeCreated SystemTime='2026-09-13T21:39:07.3673530Z'/><EventRecordID>212947</EventRecordID><Correlation/><Execution ProcessID='4' ThreadID='2848'/><Channel>Security</Channel><Computer>DESKTOP-FOEGBB0</Computer><Security/></System><EventData><Data Name='SubjectUserSid'>S-1-5-21-404346624-2769923240-1900471442-1000</Data><Data Name='SubjectUserName'>o-neo</Data><Data Name='SubjectDomainName'>DESKTOP-FOEGBB0</Data><Data Name='SubjectLogonId'>0x695d3</Data><Data Name='NewProcessId'>0x56c</Data><Data Name='NewProcessName'>C:\Users\o-neo\.cache\codex-runtimes\codex-primary-runtime\dependencies\native\git\cmd\git.exe</Data><Data Name='TokenElevationType'>%%1938</Data><Data Name='ProcessId'>0x1e8</Data><Data Name='CommandLine'>C:\Users\o-neo\.cache\codex-runtimes\codex-primary-runtime\dependencies\native\git\cmd\git.exe -c safe.bareRepository=explicit config --null --get core.fsmonitor</Data><Data Name='TargetUserSid'>S-1-0-0</Data><Data Name='TargetUserName'>-</Data><Data Name='TargetDomainName'>-</Data><Data Name='TargetLogonId'>0x0</Data><Data Name='ParentProcessName'>C:\Program Files\WindowsApps\OpenAI.Codex_26.908.4834.0_x64__2p2nqsd0c76g0\app\ChatGPT.exe</Data><Data Name='MandatoryLabel'>S-1-16-8192</Data></EventData></Event><Event xmlns='http://schemas.microsoft.com/win/2004/08/events/event'><System><Provider Name='Microsoft-Windows-Security-Auditing' Guid='{54849625-5478-4994-a5ba-3e3b0328c30d}'/><EventID>4688</EventID><Version>2</Version><Level>0</Level><Task>13312</Task><Opcode>0</Opcode><Keywords>0x8020000000000000</Keywords><TimeCreated SystemTime='2026-09-13T21:39:07.7917941Z'/><EventRecordID>212949</EventRecordID><Correlation/><Execution ProcessID='4' ThreadID='2848'/><Channel>Security</Channel><Computer>DESKTOP-FOEGBB0</Computer><Security/></System><EventData><Data Name='SubjectUserSid'>S-1-5-21-404346624-2769923240-1900471442-1000</Data><Data Name='SubjectUserName'>o-neo</Data><Data Name='SubjectDomainName'>DESKTOP-FOEGBB0</Data><Data Name='SubjectLogonId'>0x695d3</Data><Data Name='NewProcessId'>0x15f0</Data><Data Name='NewProcessName'>C:\Windows\System32\conhost.exe</Data><Data Name='TokenElevationType'>%%1938</Data><Data Name='ProcessId'>0x56c</Data><Data Name='CommandLine'>\??\C:\WINDOWS\system32\conhost.exe 0xffffffff -ForceV1</Data><Data Name='TargetUserSid'>S-1-0-0</Data><Data Name='TargetUserName'>-</Data><Data Name='TargetDomainName'>-</Data><Data Name='TargetLogonId'>0x0</Data><Data Name='ParentProcessName'>C:\Users\o-neo\.cache\codex-runtimes\codex-primary-runtime\dependencies\native\git\cmd\git.exe</Data><Data Name='MandatoryLabel'>S-1-16-8192</Data></EventData></Event><Event xmlns='http://schemas.microsoft.com/win/2004/08/events/event'><System><Provider Name='Microsoft-Windows-Security-Auditing' Guid='{54849625-5478-4994-a5ba-3e3b0328c30d}'/><EventID>4688</EventID><Version>2</Version><Level>0</Level><Task>13312</Task><Opcode>0</Opcode><Keywords>0x8020000000000000</Keywords><TimeCreated SystemTime='2026-09-13T21:39:08.8509688Z'/><EventRecordID>212950</EventRecordID><Correlation/><Execution ProcessID='4' ThreadID='9488'/><Channel>Security</Channel><Computer>DESKTOP-FOEGBB0</Computer><Security/></System><EventData><Data Name='SubjectUserSid'>S-1-5-21-404346624-2769923240-1900471442-1000</Data><Data Name='SubjectUserName'>o-neo</Data><Data Name='SubjectDomainName'>DESKTOP-FOEGBB0</Data><Data Name='SubjectLogonId'>0x695d3</Data><Data Name='NewProcessId'>0x898</Data><Data Name='NewProcessName'>C:\Users\o-neo\.cache\codex-runtimes\codex-primary-runtime\dependencies\native\git\mingw64\bin\git.exe</Data><Data Name='TokenElevationType'>%%1938</Data><Data Name='ProcessId'>0x56c</Data><Data Name='CommandLine'>git.exe -c safe.bareRepository=explicit config --null --get core.fsmonitor</Data><Data Name='TargetUserSid'>S-1-0-0</Data><Data Name='TargetUserName'>-</Data><Data Name='TargetDomainName'>-</Data><Data Name='TargetLogonId'>0x0</Data><Data Name='ParentProcessName'>C:\Users\o-neo\.cache\codex-runtimes\codex-primary-runtime\dependencies\native\git\cmd\git.exe</Data><Data Name='MandatoryLabel'>S-1-16-8192</Data></EventData></Event><Event xmlns='http://schemas.microsoft.com/win/2004/08/events/event'><System><Provider Name='Microsoft-Windows-Security-Auditing' Guid='{54849625-5478-4994-a5ba-3e3b0328c30d}'/><EventID>4688</EventID><Version>2</Version><Level>0</Level><Task>13312</Task><Opcode>0</Opcode><Keywords>0x8020000000000000</Keywords><TimeCreated SystemTime='2026-09-13T21:39:09.2210600Z'/><EventRecordID>212951</EventRecordID><Correlation/><Execution ProcessID='4' ThreadID='2848'/><Channel>Security</Channel><Computer>DESKTOP-FOEGBB0</Computer><Security/></System><EventData><Data Name='SubjectUserSid'>S-1-5-21-404346624-2769923240-1900471442-1000</Data><Data Name='SubjectUserName'>o-neo</Data><Data Name='SubjectDomainName'>DESKTOP-FOEGBB0</Data><Data Name='SubjectLogonId'>0x695d3</Data><Data Name='NewProcessId'>0x2c7c</Data><Data Name='NewProcessName'>C:\Users\o-neo\.cache\codex-runtimes\codex-primary-runtime\dependencies\native\git\cmd\git.exe</Data><Data Name='TokenElevationType'>%%1938</Data><Data Name='ProcessId'>0x1e8</Data><Data Name='CommandLine'>C:\Users\o-neo\.cache\codex-runtimes\codex-primary-runtime\dependencies\native\git\cmd\git.exe -c safe.bareRepository=explicit -c core.hooksPath=NUL -c core.fsmonitor= rev-parse --path-format=absolute --show-toplevel --git-common-dir</Data><Data Name='TargetUserSid'>S-1-0-0</Data><Data Name='TargetUserName'>-</Data><Data Name='TargetDomainName'>-</Data><Data Name='TargetLogonId'>0x0</Data><Data Name='ParentProcessName'>C:\Program Files\WindowsApps\OpenAI.Codex_26.908.4834.0_x64__2p2nqsd0c76g0\app\ChatGPT.exe</Data><Data Name='MandatoryLabel'>S-1-16-8192</Data></EventData></Event><Event xmlns='http://schemas.microsoft.com/win/2004/08/events/event'><System><Provider Name='Microsoft-Windows-Security-Auditing' Guid='{54849625-5478-4994-a5ba-3e3b0328c30d}'/><EventID>4688</EventID><Version>2</Version><Level>0</Level><Task>13312</Task><Opcode>0</Opcode><Keywords>0x8020000000000000</Keywords><TimeCreated SystemTime='2026-09-13T21:39:09.3110438Z'/><EventRecordID>212952</EventRecordID><Correlation/><Execution ProcessID='4' ThreadID='2848'/><Channel>Security</Channel><Computer>DESKTOP-FOEGBB0</Computer><Security/></System><EventData><Data Name='SubjectUserSid'>S-1-5-21-404346624-2769923240-1900471442-1000</Data><Data Name='SubjectUserName'>o-neo</Data><Data Name='SubjectDomainName'>DESKTOP-FOEGBB0</Data><Data Name='SubjectLogonId'>0x695d3</Data><Data Name='NewProcessId'>0x1398</Data><Data Name='NewProcessName'>C:\Windows\System32\conhost.exe</Data><Data Name='TokenElevationType'>%%1938</Data><Data Name='ProcessId'>0x2c7c</Data><Data Name='CommandLine'>\??\C:\WINDOWS\system32\conhost.exe 0xffffffff -ForceV1</Data><Data Name='TargetUserSid'>S-1-0-0</Data><Data Name='TargetUserName'>-</Data><Data Name='TargetDomainName'>-</Data><Data Name='TargetLogonId'>0x0</Data><Data Name='ParentProcessName'>C:\Users\o-neo\.cache\codex-runtimes\codex-primary-runtime\dependencies\native\git\cmd\git.exe</Data><Data Name='MandatoryLabel'>S-1-16-8192</Data></EventData></Event><Event xmlns='http://schemas.microsoft.com/win/2004/08/events/event'><System><Provider Name='Microsoft-Windows-Security-Auditing' Guid='{54849625-5478-4994-a5ba-3e3b0328c30d}'/><EventID>4688</EventID><Version>2</Version><Level>0</Level><Task>13312</Task><Opcode>0</Opcode><Keywords>0x8020000000000000</Keywords><TimeCreated SystemTime='2026-09-13T21:39:09.9531604Z'/><EventRecordID>212956</EventRecordID><Correlation/><Execution ProcessID='4' ThreadID='2308'/><Channel>Security</Channel><Computer>DESKTOP-FOEGBB0</Computer><Security/></System><EventData><Data Name='SubjectUserSid'>S-1-5-18</Data><Data Name='SubjectUserName'>DESKTOP-FOEGBB0$</Data><Data Name='SubjectDomainName'>WORKGROUP</Data><Data Name='SubjectLogonId'>0x3e7</Data><Data Name='NewProcessId'>0x3380</Data><Data Name='NewProcessName'>C:\Users\o-neo\.codex\.sandbox-bin\codex-command-runner-0.154.0-alpha.6.2.exe</Data><Data Name='TokenElevationType'>%%1936</Data><Data Name='ProcessId'>0x2d24</Data><Data Name='CommandLine'>C:\Users\o-neo\.codex\.sandbox-bin\codex-command-runner-0.154.0-alpha.6.2.exe --pipe-in=\\.\pipe\codex-runner-7266632761d2b5ea61fdf63502707681-in --pipe-out=\\.\pipe\codex-runner-7266632761d2b5ea61fdf63502707681-out</Data><Data Name='TargetUserSid'>S-1-0-0</Data><Data Name='TargetUserName'>CodexSandboxOffline</Data><Data Name='TargetDomainName'>DESKTOP-FOEGBB0</Data><Data Name='TargetLogonId'>0x3916880</Data><Data Name='ParentProcessName'>C:\Users\o-neo\AppData\Local\OpenAI\Codex\bin\bffc5354119c8421\codex.exe</Data><Data Name='MandatoryLabel'>S-1-16-8192</Data></EventData></Event><Event xmlns='http://schemas.microsoft.com/win/2004/08/events/event'><System><Provider Name='Microsoft-Windows-Security-Auditing' Guid='{54849625-5478-4994-a5ba-3e3b0328c30d}'/><EventID>4688</EventID><Version>2</Version><Level>0</Level><Task>13312</Task><Opcode>0</Opcode><Keywords>0x8020000000000000</Keywords><TimeCreated SystemTime='2026-09-13T21:39:10.0035401Z'/><EventRecordID>212957</EventRecordID><Correlation/><Execution ProcessID='4' ThreadID='2308'/><Channel>Security</Channel><Computer>DESKTOP-FOEGBB0</Computer><Security/></System><EventData><Data Name='SubjectUserSid'>S-1-5-21-404346624-2769923240-1900471442-1000</Data><Data Name='SubjectUserName'>o-neo</Data><Data Name='SubjectDomainName'>DESKTOP-FOEGBB0</Data><Data Name='SubjectLogonId'>0x695d3</Data><Data Name='NewProcessId'>0x29f8</Data><Data Name='NewProcessName'>C:\Users\o-neo\.cache\codex-runtimes\codex-primary-runtime\dependencies\native\git\mingw64\bin\git.exe</Data><Data Name='TokenElevationType'>%%1938</Data><Data Name='ProcessId'>0x2c7c</Data><Data Name='CommandLine'>git.exe -c safe.bareRepository=explicit -c core.hooksPath=NUL -c core.fsmonitor= rev-parse --path-format=absolute --show-toplevel --git-common-dir</Data><Data Name='TargetUserSid'>S-1-0-0</Data><Data Name='TargetUserName'>-</Data><Data Name='TargetDomainName'>-</Data><Data Name='TargetLogonId'>0x0</Data><Data Name='ParentProcessName'>C:\Users\o-neo\.cache\codex-runtimes\codex-primary-runtime\dependencies\native\git\cmd\git.exe</Data><Data Name='MandatoryLabel'>S-1-16-8192</Data></EventData></Event><Event xmlns='http://schemas.microsoft.com/win/2004/08/events/event'><System><Provider Name='Microsoft-Windows-Security-Auditing' Guid='{54849625-5478-4994-a5ba-3e3b0328c30d}'/><EventID>4688</EventID><Version>2</Version><Level>0</Level><Task>13312</Task><Opcode>0</Opcode><Keywords>0x8020000000000000</Keywords><TimeCreated SystemTime='2026-09-13T21:39:10.1452066Z'/><EventRecordID>212958</EventRecordID><Correlation/><Execution ProcessID='4' ThreadID='2308'/><Channel>Security</Channel><Computer>DESKTOP-FOEGBB0</Computer><Security/></System><EventData><Data Name='SubjectUserSid'>S-1-5-21-404346624-2769923240-1900471442-1003</Data><Data Name='SubjectUserName'>CodexSandboxOffline</Data><Data Name='SubjectDomainName'>DESKTOP-FOEGBB0</Data><Data Name='SubjectLogonId'>0x3916880</Data><Data Name='NewProcessId'>0x1674</Data><Data Name='NewProcessName'>C:\Users\o-neo\.cache\codex-runtimes\codex-primary-runtime\dependencies\native\powershell\pwsh.exe</Data><Data Name='TokenElevationType'>%%1936</Data><Data Name='ProcessId'>0x3380</Data><Data Name='CommandLine'>C:\Users\o-neo\.cache\codex-runtimes\codex-primary-runtime\dependencies\native\powershell\pwsh.exe -NoProfile -Command "try { [Console]::OutputEncoding=[System.Text.Encoding]::UTF8 } catch {}
curl.exe -sS -H \"Accept: application/rdap+json\" https://rdap.verisign.com/com/v1/domain/METAVERSEPBX.COM"</Data><Data Name='TargetUserSid'>S-1-0-0</Data><Data Name='TargetUserName'>-</Data><Data Name='TargetDomainName'>-</Data><Data Name='TargetLogonId'>0x0</Data><Data Name='ParentProcessName'>C:\Users\o-neo\.codex\.sandbox-bin\codex-command-runner-0.154.0-alpha.6.2.exe</Data><Data Name='MandatoryLabel'>S-1-16-8192</Data></EventData></Event><Event xmlns='http://schemas.microsoft.com/win/2004/08/events/event'><System><Provider Name='Microsoft-Windows-Security-Auditing' Guid='{54849625-5478-4994-a5ba-3e3b0328c30d}'/><EventID>4688</EventID><Version>2</Version><Level>0</Level><Task>13312</Task><Opcode>0</Opcode><Keywords>0x8020000000000000</Keywords><TimeCreated SystemTime='2026-09-13T21:39:12.6797696Z'/><EventRecordID>212961</EventRecordID><Correlation/><Execution ProcessID='4' ThreadID='13080'/><Channel>Security</Channel><Computer>DESKTOP-FOEGBB0</Computer><Security/></System><EventData><Data Name='SubjectUserSid'>S-1-5-21-404346624-2769923240-1900471442-1003</Data><Data Name='SubjectUserName'>CodexSandboxOffline</Data><Data Name='SubjectDomainName'>DESKTOP-FOEGBB0</Data><Data Name='SubjectLogonId'>0x3916880</Data><Data Name='NewProcessId'>0x2fe0</Data><Data Name='NewProcessName'>C:\Windows\System32\conhost.exe</Data><Data Name='TokenElevationType'>%%1936</Data><Data Name='ProcessId'>0x1674</Data><Data Name='CommandLine'>\??\C:\WINDOWS\system32\conhost.exe 0xffffffff -ForceV1</Data><Data Name='TargetUserSid'>S-1-0-0</Data><Data Name='TargetUserName'>-</Data><Data Name='TargetDomainName'>-</Data><Data Name='TargetLogonId'>0x0</Data><Data Name='ParentProcessName'>C:\Users\o-neo\.cache\codex-runtimes\codex-primary-runtime\dependencies\native\powershell\pwsh.exe</Data><Data Name='MandatoryLabel'>S-1-16-8192</Data></EventData></Event><Event xmlns='http://schemas.microsoft.com/win/2004/08/events/event'><System><Provider Name='Microsoft-Windows-Security-Auditing' Guid='{54849625-5478-4994-a5ba-3e3b0328c30d}'/><EventID>4688</EventID><Version>2</Version><Level>0</Level><Task>13312</Task><Opcode>0</Opcode><Keywords>0x8020000000000000</Keywords><TimeCreated SystemTime='2026-09-13T21:39:14.3965207Z'/><EventRecordID>212964</EventRecordID><Correlation/><Execution ProcessID='4' ThreadID='2848'/><Channel>Security</Channel><Computer>DESKTOP-FOEGBB0</Computer><Security/></System><EventData><Data Name='SubjectUserSid'>S-1-5-21-404346624-2769923240-1900471442-1000</Data><Data Name='SubjectUserName'>o-neo</Data><Data Name='SubjectDomainName'>DESKTOP-FOEGBB0</Data><Data Name='SubjectLogonId'>0x695d3</Data><Data Name='NewProcessId'>0x1a1c</Data><Data Name='NewProcessName'>C:\Users\o-neo\.cache\codex-runtimes\codex-primary-runtime\dependencies\native\git\cmd\git.exe</Data><Data Name='TokenElevationType'>%%1938</Data><Data Name='ProcessId'>0x1e8</Data><Data Name='CommandLine'>C:\Users\o-neo\.cache\codex-runtimes\codex-primary-runtime\dependencies\native\git\cmd\git.exe -c safe.bareRepository=explicit config --null --get core.fsmonitor</Data><Data Name='TargetUserSid'>S-1-0-0</Data><Data Name='TargetUserName'>-</Data><Data Name='TargetDomainName'>-</Data><Data Name='TargetLogonId'>0x0</Data><Data Name='ParentProcessName'>C:\Program Files\WindowsApps\OpenAI.Codex_26.908.4834.0_x64__2p2nqsd0c76g0\app\ChatGPT.exe</Data><Data Name='MandatoryLabel'>S-1-16-8192</Data></EventData></Event><Event xmlns='http://schemas.microsoft.com/win/2004/08/events/event'><System><Provider Name='Microsoft-Windows-Security-Auditing' Guid='{54849625-5478-4994-a5ba-3e3b0328c30d}'/><EventID>4688</EventID><Version>2</Version><Level>0</Level><Task>13312</Task><Opcode>0</Opcode><Keywords>0x8020000000000000</Keywords><TimeCreated SystemTime='2026-09-13T21:39:14.4686461Z'/><EventRecordID>212965</EventRecordID><Correlation/><Execution ProcessID='4' ThreadID='2308'/><Channel>Security</Channel><Computer>DESKTOP-FOEGBB0</Computer><Security/></System><EventData><Data Name='SubjectUserSid'>S-1-5-21-404346624-2769923240-1900471442-1000</Data><Data Name='SubjectUserName'>o-neo</Data><Data Name='SubjectDomainName'>DESKTOP-FOEGBB0</Data><Data Name='SubjectLogonId'>0x695d3</Data><Data Name='NewProcessId'>0x123c</Data><Data Name='NewProcessName'>C:\Windows\System32\conhost.exe</Data><Data Name='TokenElevationType'>%%1938</Data><Data Name='ProcessId'>0x1a1c</Data><Data Name='CommandLine'>\??\C:\WINDOWS\system32\conhost.exe 0xffffffff -ForceV1</Data><Data Name='TargetUserSid'>S-1-0-0</Data><Data Name='TargetUserName'>-</Data><Data Name='TargetDomainName'>-</Data><Data Name='TargetLogonId'>0x0</Data><Data Name='ParentProcessName'>C:\Users\o-neo\.cache\codex-runtimes\codex-primary-runtime\dependencies\native\git\cmd\git.exe</Data><Data Name='MandatoryLabel'>S-1-16-8192</Data></EventData></Event><Event xmlns='http://schemas.microsoft.com/win/2004/08/events/event'><System><Provider Name='Microsoft-Windows-Security-Auditing' Guid='{54849625-5478-4994-a5ba-3e3b0328c30d}'/><EventID>4688</EventID><Version>2</Version><Level>0</Level><Task>13312</Task><Opcode>0</Opcode><Keywords>0x8020000000000000</Keywords><TimeCreated SystemTime='2026-09-13T21:39:14.9453833Z'/><EventRecordID>212966</EventRecordID><Correlation/><Execution ProcessID='4' ThreadID='2848'/><Channel>Security</Channel><Computer>DESKTOP-FOEGBB0</Computer><Security/></System><EventData><Data Name='SubjectUserSid'>S-1-5-21-404346624-2769923240-1900471442-1000</Data><Data Name='SubjectUserName'>o-neo</Data><Data Name='SubjectDomainName'>DESKTOP-FOEGBB0</Data><Data Name='SubjectLogonId'>0x695d3</Data><Data Name='NewProcessId'>0x1f30</Data><Data Name='NewProcessName'>C:\Users\o-neo\.cache\codex-runtimes\codex-primary-runtime\dependencies\native\git\cmd\git.exe</Data><Data Name='TokenElevationType'>%%1938</Data><Data Name='ProcessId'>0x2d24</Data><Data Name='CommandLine'>"git" -c safe.bareRepository=explicit -c core.hooksPath=NUL -c core.fsmonitor=false rev-parse --git-dir</Data><Data Name='TargetUserSid'>S-1-0-0</Data><Data Name='TargetUserName'>-</Data><Data Name='TargetDomainName'>-</Data><Data Name='TargetLogonId'>0x0</Data><Data Name='ParentProcessName'>C:\Users\o-neo\AppData\Local\OpenAI\Codex\bin\bffc5354119c8421\codex.exe</Data><Data Name='MandatoryLabel'>S-1-16-8192</Data></EventData></Event><Event xmlns='http://schemas.microsoft.com/win/2004/08/events/event'><System><Provider Name='Microsoft-Windows-Security-Auditing' Guid='{54849625-5478-4994-a5ba-3e3b0328c30d}'/><EventID>4688</EventID><Version>2</Version><Level>0</Level><Task>13312</Task><Opcode>0</Opcode><Keywords>0x8020000000000000</Keywords><TimeCreated SystemTime='2026-09-13T21:39:15.1105097Z'/><EventRecordID>212967</EventRecordID><Correlation/><Execution ProcessID='4' ThreadID='2308'/><Channel>Security</Channel><Computer>DESKTOP-FOEGBB0</Computer><Security/></System><EventData><Data Name='SubjectUserSid'>S-1-5-21-404346624-2769923240-1900471442-1000</Data><Data Name='SubjectUserName'>o-neo</Data><Data Name='SubjectDomainName'>DESKTOP-FOEGBB0</Data><Data Name='SubjectLogonId'>0x695d3</Data><Data Name='NewProcessId'>0x2b8c</Data><Data Name='NewProcessName'>C:\Users\o-neo\.cache\codex-runtimes\codex-primary-runtime\dependencies\native\git\mingw64\bin\git.exe</Data><Data Name='TokenElevationType'>%%1938</Data><Data Name='ProcessId'>0x1a1c</Data><Data Name='CommandLine'>git.exe -c safe.bareRepository=explicit config --null --get core.fsmonitor</Data><Data Name='TargetUserSid'>S-1-0-0</Data><Data Name='TargetUserName'>-</Data><Data Name='TargetDomainName'>-</Data><Data Name='TargetLogonId'>0x0</Data><Data Name='ParentProcessName'>C:\Users\o-neo\.cache\codex-runtimes\codex-primary-runtime\dependencies\native\git\cmd\git.exe</Data><Data Name='MandatoryLabel'>S-1-16-8192</Data></EventData></Event><Event xmlns='http://schemas.microsoft.com/win/2004/08/events/event'><System><Provider Name='Microsoft-Windows-Security-Auditing' Guid='{54849625-5478-4994-a5ba-3e3b0328c30d}'/><EventID>4688</EventID><Version>2</Version><Level>0</Level><Task>13312</Task><Opcode>0</Opcode><Keywords>0x8020000000000000</Keywords><TimeCreated SystemTime='2026-09-13T21:39:15.1427720Z'/><EventRecordID>212968</EventRecordID><Correlation/><Execution ProcessID='4' ThreadID='2308'/><Channel>Security</Channel><Computer>DESKTOP-FOEGBB0</Computer><Security/></System><EventData><Data Name='SubjectUserSid'>S-1-5-21-404346624-2769923240-1900471442-1000</Data><Data Name='SubjectUserName'>o-neo</Data><Data Name='SubjectDomainName'>DESKTOP-FOEGBB0</Data><Data Name='SubjectLogonId'>0x695d3</Data><Data Name='NewProcessId'>0x2554</Data><Data Name='NewProcessName'>C:\Users\o-neo\.cache\codex-runtimes\codex-primary-runtime\dependencies\native\git\mingw64\bin\git.exe</Data><Data Name='TokenElevationType'>%%1938</Data><Data Name='ProcessId'>0x1f30</Data><Data Name='CommandLine'>git.exe -c safe.bareRepository=explicit -c core.hooksPath=NUL -c core.fsmonitor=false rev-parse --git-dir</Data><Data Name='TargetUserSid'>S-1-0-0</Data><Data Name='TargetUserName'>-</Data><Data Name='TargetDomainName'>-</Data><Data Name='TargetLogonId'>0x0</Data><Data Name='ParentProcessName'>C:\Users\o-neo\.cache\codex-runtimes\codex-primary-runtime\dependencies\native\git\cmd\git.exe</Data><Data Name='MandatoryLabel'>S-1-16-8192</Data></EventData></Event><Event xmlns='http://schemas.microsoft.com/win/2004/08/events/event'><System><Provider Name='Microsoft-Windows-Security-Auditing' Guid='{54849625-5478-4994-a5ba-3e3b0328c30d}'/><EventID>4688</EventID><Version>2</Version><Level>0</Level><Task>13312</Task><Opcode>0</Opcode><Keywords>0x8020000000000000</Keywords><TimeCreated SystemTime='2026-09-13T21:39:15.6535309Z'/><EventRecordID>212969</EventRecordID><Correlation/><Execution ProcessID='4' ThreadID='2308'/><Channel>Security</Channel><Computer>DESKTOP-FOEGBB0</Computer><Security/></System><EventData><Data Name='SubjectUserSid'>S-1-5-21-404346624-2769923240-1900471442-1000</Data><Data Name='SubjectUserName'>o-neo</Data><Data Name='SubjectDomainName'>DESKTOP-FOEGBB0</Data><Data Name='SubjectLogonId'>0x695d3</Data><Data Name='NewProcessId'>0x2694</Data><Data Name='NewProcessName'>C:\Users\o-neo\.cache\codex-runtimes\codex-primary-runtime\dependencies\native\git\cmd\git.exe</Data><Data Name='TokenElevationType'>%%1938</Data><Data Name='ProcessId'>0x1e8</Data><Data Name='CommandLine'>C:\Users\o-neo\.cache\codex-runtimes\codex-primary-runtime\dependencies\native\git\cmd\git.exe -c attr.tree= -c core.attributesFile= -c filter.lfs.clean= -c filter.lfs.smudge= -c filter.lfs.process= -c filter.lfs.required=false -c safe.bareRepository=explicit -c core.hooksPath=NUL -c core.fsmonitor= status --renames --porcelain=v1 -z --untracked-files=no</Data><Data Name='TargetUserSid'>S-1-0-0</Data><Data Name='TargetUserName'>-</Data><Data Name='TargetDomainName'>-</Data><Data Name='TargetLogonId'>0x0</Data><Data Name='ParentProcessName'>C:\Program Files\WindowsApps\OpenAI.Codex_26.908.4834.0_x64__2p2nqsd0c76g0\app\ChatGPT.exe</Data><Data Name='MandatoryLabel'>S-1-16-8192</Data></EventData></Event>