<Event xmlns='http://schemas.microsoft.com/win/2004/08/events/event'><System><Provider Name='Microsoft-Windows-Security-Auditing' Guid='{54849625-5478-4994-a5ba-3e3b0328c30d}'/><EventID>4688</EventID><Version>2</Version><Level>0</Level><Task>13312</Task><Opcode>0</Opcode><Keywords>0x8020000000000000</Keywords><TimeCreated SystemTime='2026-09-13T21:39:31.0110876Z'/><EventRecordID>213041</EventRecordID><Correlation/><Execution ProcessID='4' ThreadID='9488'/><Channel>Security</Channel><Computer>DESKTOP-FOEGBB0</Computer><Security/></System><EventData><Data Name='SubjectUserSid'>S-1-5-21-404346624-2769923240-1900471442-1000</Data><Data Name='SubjectUserName'>o-neo</Data><Data Name='SubjectDomainName'>DESKTOP-FOEGBB0</Data><Data Name='SubjectLogonId'>0x695d3</Data><Data Name='NewProcessId'>0x15f0</Data><Data Name='NewProcessName'>C:\Tools\Node\node-v24.21.0-win-x64\node.exe</Data><Data Name='TokenElevationType'>%%1938</Data><Data Name='ProcessId'>0xd8c</Data><Data Name='CommandLine'>"C:\Tools\Node\node-v24.21.0-win-x64\\node.exe"  "C:\Tools\Node\node-v24.21.0-win-x64\\node_modules\npm\bin\npm-prefix.js"</Data><Data Name='TargetUserSid'>S-1-0-0</Data><Data Name='TargetUserName'>-</Data><Data Name='TargetDomainName'>-</Data><Data Name='TargetLogonId'>0x0</Data><Data Name='ParentProcessName'>C:\Windows\System32\cmd.exe</Data><Data Name='MandatoryLabel'>S-1-16-8192</Data></EventData></Event><Event xmlns='http://schemas.microsoft.com/win/2004/08/events/event'><System><Provider Name='Microsoft-Windows-Security-Auditing' Guid='{54849625-5478-4994-a5ba-3e3b0328c30d}'/><EventID>4688</EventID><Version>2</Version><Level>0</Level><Task>13312</Task><Opcode>0</Opcode><Keywords>0x8020000000000000</Keywords><TimeCreated SystemTime='2026-09-13T21:39:31.1150012Z'/><EventRecordID>213042</EventRecordID><Correlation/><Execution ProcessID='4' ThreadID='2308'/><Channel>Security</Channel><Computer>DESKTOP-FOEGBB0</Computer><Security/></System><EventData><Data Name='SubjectUserSid'>S-1-5-21-404346624-2769923240-1900471442-1000</Data><Data Name='SubjectUserName'>o-neo</Data><Data Name='SubjectDomainName'>DESKTOP-FOEGBB0</Data><Data Name='SubjectLogonId'>0x695d3</Data><Data Name='NewProcessId'>0x2790</Data><Data Name='NewProcessName'>C:\Users\o-neo\.cache\codex-runtimes\codex-primary-runtime\dependencies\native\git\cmd\git.exe</Data><Data Name='TokenElevationType'>%%1938</Data><Data Name='ProcessId'>0x1e8</Data><Data Name='CommandLine'>C:\Users\o-neo\.cache\codex-runtimes\codex-primary-runtime\dependencies\native\git\cmd\git.exe -c safe.bareRepository=explicit -c core.hooksPath=NUL -c core.fsmonitor= rev-list --count HEAD --not --remotes=origin</Data><Data Name='TargetUserSid'>S-1-0-0</Data><Data Name='TargetUserName'>-</Data><Data Name='TargetDomainName'>-</Data><Data Name='TargetLogonId'>0x0</Data><Data Name='ParentProcessName'>C:\Program Files\WindowsApps\OpenAI.Codex_26.908.4834.0_x64__2p2nqsd0c76g0\app\ChatGPT.exe</Data><Data Name='MandatoryLabel'>S-1-16-8192</Data></EventData></Event><Event xmlns='http://schemas.microsoft.com/win/2004/08/events/event'><System><Provider Name='Microsoft-Windows-Security-Auditing' Guid='{54849625-5478-4994-a5ba-3e3b0328c30d}'/><EventID>4688</EventID><Version>2</Version><Level>0</Level><Task>13312</Task><Opcode>0</Opcode><Keywords>0x8020000000000000</Keywords><TimeCreated SystemTime='2026-09-13T21:39:31.2701867Z'/><EventRecordID>213043</EventRecordID><Correlation/><Execution ProcessID='4' ThreadID='2848'/><Channel>Security</Channel><Computer>DESKTOP-FOEGBB0</Computer><Security/></System><EventData><Data Name='SubjectUserSid'>S-1-5-21-404346624-2769923240-1900471442-1000</Data><Data Name='SubjectUserName'>o-neo</Data><Data Name='SubjectDomainName'>DESKTOP-FOEGBB0</Data><Data Name='SubjectLogonId'>0x695d3</Data><Data Name='NewProcessId'>0x29f8</Data><Data Name='NewProcessName'>C:\Windows\System32\conhost.exe</Data><Data Name='TokenElevationType'>%%1938</Data><Data Name='ProcessId'>0x2790</Data><Data Name='CommandLine'>\??\C:\WINDOWS\system32\conhost.exe 0xffffffff -ForceV1</Data><Data Name='TargetUserSid'>S-1-0-0</Data><Data Name='TargetUserName'>-</Data><Data Name='TargetDomainName'>-</Data><Data Name='TargetLogonId'>0x0</Data><Data Name='ParentProcessName'>C:\Users\o-neo\.cache\codex-runtimes\codex-primary-runtime\dependencies\native\git\cmd\git.exe</Data><Data Name='MandatoryLabel'>S-1-16-8192</Data></EventData></Event><Event xmlns='http://schemas.microsoft.com/win/2004/08/events/event'><System><Provider Name='Microsoft-Windows-Security-Auditing' Guid='{54849625-5478-4994-a5ba-3e3b0328c30d}'/><EventID>4688</EventID><Version>2</Version><Level>0</Level><Task>13312</Task><Opcode>0</Opcode><Keywords>0x8020000000000000</Keywords><TimeCreated SystemTime='2026-09-13T21:39:31.7111015Z'/><EventRecordID>213044</EventRecordID><Correlation/><Execution ProcessID='4' ThreadID='2848'/><Channel>Security</Channel><Computer>DESKTOP-FOEGBB0</Computer><Security/></System><EventData><Data Name='SubjectUserSid'>S-1-5-21-404346624-2769923240-1900471442-1000</Data><Data Name='SubjectUserName'>o-neo</Data><Data Name='SubjectDomainName'>DESKTOP-FOEGBB0</Data><Data Name='SubjectLogonId'>0x695d3</Data><Data Name='NewProcessId'>0x24dc</Data><Data Name='NewProcessName'>C:\Users\o-neo\.cache\codex-runtimes\codex-primary-runtime\dependencies\native\git\mingw64\bin\git.exe</Data><Data Name='TokenElevationType'>%%1938</Data><Data Name='ProcessId'>0x2790</Data><Data Name='CommandLine'>git.exe -c safe.bareRepository=explicit -c core.hooksPath=NUL -c core.fsmonitor= rev-list --count HEAD --not --remotes=origin</Data><Data Name='TargetUserSid'>S-1-0-0</Data><Data Name='TargetUserName'>-</Data><Data Name='TargetDomainName'>-</Data><Data Name='TargetLogonId'>0x0</Data><Data Name='ParentProcessName'>C:\Users\o-neo\.cache\codex-runtimes\codex-primary-runtime\dependencies\native\git\cmd\git.exe</Data><Data Name='MandatoryLabel'>S-1-16-8192</Data></EventData></Event><Event xmlns='http://schemas.microsoft.com/win/2004/08/events/event'><System><Provider Name='Microsoft-Windows-Security-Auditing' Guid='{54849625-5478-4994-a5ba-3e3b0328c30d}'/><EventID>4688</EventID><Version>2</Version><Level>0</Level><Task>13312</Task><Opcode>0</Opcode><Keywords>0x8020000000000000</Keywords><TimeCreated SystemTime='2026-09-13T21:39:32.1593826Z'/><EventRecordID>213046</EventRecordID><Correlation/><Execution ProcessID='4' ThreadID='2848'/><Channel>Security</Channel><Computer>DESKTOP-FOEGBB0</Computer><Security/></System><EventData><Data Name='SubjectUserSid'>S-1-5-21-404346624-2769923240-1900471442-1000</Data><Data Name='SubjectUserName'>o-neo</Data><Data Name='SubjectDomainName'>DESKTOP-FOEGBB0</Data><Data Name='SubjectLogonId'>0x695d3</Data><Data Name='NewProcessId'>0x5d4</Data><Data Name='NewProcessName'>C:\Users\o-neo\AppData\Local\OpenAI\Codex\bin\bffc5354119c8421\codex-windows-sandbox-setup.exe</Data><Data Name='TokenElevationType'>%%1938</Data><Data Name='ProcessId'>0x2d24</Data><Data Name='CommandLine'>"C:\Users\o-neo\AppData\Local\OpenAI\Codex\bin\bffc5354119c8421\codex-windows-sandbox-setup.exe" eyJ2ZXJzaW9uIjo1LCJvZmZsaW5lX3VzZXJuYW1lIjoiQ29kZXhTYW5kYm94T2ZmbGluZSIsIm9ubGluZV91c2VybmFtZSI6IkNvZGV4U2FuZGJveE9ubGluZSIsImNvZGV4X2hvbWUiOiJDOlxcVXNlcnNcXG8tbmVvXFwuY29kZXgiLCJjb21tYW5kX2N3ZCI6IkM6XFxVc2Vyc1xcby1uZW9cXERvY3VtZW50c1xcVmlwLUdlY2UtV2ViLUdlbGlzdGlybWUiLCJyZWFkX3Jvb3RzIjpbIkM6XFxQcm9ncmFtIEZpbGVzIiwiQzpcXFByb2dyYW0gRmlsZXMgKHg4NikiLCJDOlxcUHJvZ3JhbURhdGEiLCJDOlxcVXNlcnNcXG8tbmVvXFwuYW5kcm9pZCIsIkM6XFxVc2Vyc1xcby1uZW9cXC5hbmRyb2lkLnppcCIsIkM6XFxVc2Vyc1xcby1uZW9cXC5jYWNoZSIsIkM6XFxVc2Vyc1xcby1uZW9cXC5jYWNoZS56aXAiLCJDOlxcVXNlcnNcXG8tbmVvXFwuY29kZXgiLCJDOlxcVXNlcnNcXG8tbmVvXFwuY29kZXguemlwIiwiQzpcXFVzZXJzXFxvLW5lb1xcLmNvZGV4XFwuc2FuZGJveC1iaW4iLCJDOlxcVXNlcnNcXG8tbmVvXFwuY29uZmlnLnppcCIsIkM6XFxVc2Vyc1xcby1uZW9cXC5kb3RuZXQiLCJDOlxcVXNlcnNcXG8tbmVvXFwuZG90bmV0LnppcCIsIkM6XFxVc2Vyc1xcby1uZW9cXC5sb2NhbCIsIkM6XFxVc2Vyc1xcby1uZW9cXC5sb2NhbC56aXAiLCJDOlxcVXNlcnNcXG8tbmVvXFwubnVnZXQiLCJDOlxcVXNlcnNcXG8tbmVvXFwubnVnZXQuemlwIiwiQzpcXFVzZXJzXFxvLW5lb1xcLnRlbXBsYXRlZW5naW5lIiwiQzpcXFVzZXJzXFxvLW5lb1xcLnRlbXBsYXRlZW5naW5lLnppcCIsIkM6XFxVc2Vyc1xcby1uZW9cXEFwcERhdGEiLCJDOlxcVXNlcnNcXG8tbmVvXFxBcHBEYXRhLnppcCIsIkM6XFxVc2Vyc1xcby1uZW9cXEFwcERhdGFcXExvY2FsIiwiQzpcXFVzZXJzXFxvLW5lb1xcQXBwRGF0YVxcTG9jYWxcXE1pY3Jvc29mdFxcV2luZG93c1xcSU5ldENvb2tpZXMiLCJDOlxcVXNlcnNcXG8tbmVvXFxBcHBEYXRhXFxSb2FtaW5nIiwiQzpcXFVzZXJzXFxvLW5lb1xcQXBwRGF0YVxcUm9hbWluZ1xcTWljcm9zb2Z0XFxXaW5kb3dzXFxOZXR3b3JrIFNob3J0Y3V0cyIsIkM6XFxVc2Vyc1xcby1uZW9cXEFwcERhdGFcXFJvYW1pbmdcXE1pY3Jvc29mdFxcV2luZG93c1xcUHJpbnRlciBTaG9ydGN1dHMiLCJDOlxcVXNlcnNcXG8tbmVvXFxBcHBEYXRhXFxSb2FtaW5nXFxNaWNyb3NvZnRcXFdpbmRvd3NcXFJlY2VudCIsIkM6XFxVc2Vyc1xcby1uZW9cXEFwcERhdGFcXFJvYW1pbmdcXE1pY3Jvc29mdFxcV2luZG93c1xcU2VuZFRvIiwiQzpcXFVzZXJzXFxvLW5lb1xcQXBwRGF0YVxcUm9hbWluZ1xcTWljcm9zb2Z0XFxXaW5kb3dzXFxTdGFydCBNZW51IiwiQzpcXFVzZXJzXFxvLW5lb1xcQXBwRGF0YVxcUm9hbWluZ1xcTWljcm9zb2Z0XFxXaW5kb3dzXFxUZW1wbGF0ZXMiLCJDOlxcVXNlcnNcXG8tbmVvXFxDb250YWN0cyIsIkM6XFxVc2Vyc1xcby1uZW9cXERlc2t0b3AiLCJDOlxcVXNlcnNcXG8tbmVvXFxEb2N1bWVudHMiLCJDOlxcVXNlcnNcXG8tbmVvXFxEb3dubG9hZHMiLCJDOlxcVXNlcnNcXG8tbmVvXFxGYXZvcml0ZXMiLCJDOlxcVXNlcnNcXG8tbmVvXFxpQ2xvdWREcml2ZSIsIkM6XFxVc2Vyc1xcby1uZW9cXEludGVsR3JhcGhpY3NQcm9maWxlcyIsIkM6XFxVc2Vyc1xcby1uZW9cXExpbmtzIiwiQzpcXFVzZXJzXFxvLW5lb1xcTXVzaWMiLCJDOlxcVXNlcnNcXG8tbmVvXFxOVFVTRVIuREFUIiwiQzpcXFVzZXJzXFxvLW5lb1xcbnR1c2VyLmRhdC5MT0cxIiwiQzpcXFVzZXJzXFxvLW5lb1xcbnR1c2VyLmRhdC5MT0cyIiwiQzpcXFVzZXJzXFxvLW5lb1xcTlRVU0VSLkRBVHs3ZDFiZmNjMi1hYTFiLTExZjEtYjdkMS04MDlkNjVhMWY2Mjd9LlR4Ui4wLnJlZ3RyYW5zLW1zIiwiQzpcXFVzZXJzXFxvLW5lb1xcTlRVU0VSLkRBVHs3ZDFiZmNjMi1hYTFiLTExZjEtYjdkMS04MDlkNjVhMWY2Mjd9LlR4Ui4xLnJlZ3RyYW5zLW1zIiwiQzpcXFVzZXJzXFxvLW5lb1xcTlRVU0VSLkRBVHs3ZDFiZmNjMi1hYTFiLTExZjEtYjdkMS04MDlkNjVhMWY2Mjd9LlR4Ui4yLnJlZ3RyYW5zLW1zIiwiQzpcXFVzZXJzXFxvLW5lb1xcTlRVU0VSLkRBVHs3ZDFiZmNjMi1hYTFiLTExZjEtYjdkMS04MDlkNjVhMWY2Mjd9LlR4Ui5ibGYiLCJDOlxcVXNlcnNcXG8tbmVvXFxOVFVTRVIuREFUezdkMWJmY2MzLWFhMWItMTFmMS1iN2QxLTgwOWQ2NWExZjYyN30uVE0uYmxmIiwiQzpcXFVzZXJzXFxvLW5lb1xcTlRVU0VSLkRBVHs3ZDFiZmNjMy1hYTFiLTExZjEtYjdkMS04MDlkNjVhMWY2Mjd9LlRNLmJsZi5jbnBmIiwiQzpcXFVzZXJzXFxvLW5lb1xcTlRVU0VSLkRBVHs3ZDFiZmNjMy1hYTFiLTExZjEtYjdkMS04MDlkNjVhMWY2Mjd9LlRNQ29udGFpbmVyMDAwMDAwMDAwMDAwMDAwMDAwMDEucmVndHJhbnMtbXMiLCJDOlxcVXNlcnNcXG8tbmVvXFxOVFVTRVIuREFUezdkMWJmY2MzLWFhMWItMTFmMS1iN2QxLTgwOWQ2NWExZjYyN30uVE1Db250YWluZXIwMDAwMDAwMDAwMDAwMDAwMDAwMS5yZWd0cmFucy1tcy5jbnBmIiwiQzpcXFVzZXJzXFxvLW5lb1xcTlRVU0VSLkRBVHs3ZDFiZmNjMy1hYTFiLTExZjEtYjdkMS04MDlkNjVhMWY2Mjd9LlRNQ29udGFpbmVyMDAwMDAwMDAwMDAwMDAwMDAwMDIucmVndHJhbnMtbXMiLCJDOlxcVXNlcnNcXG8tbmVvXFxOVFVTRVIuREFUezdkMWJmY2MzLWFhMWItMTFmMS1iN2QxLTgwOWQ2NWExZjYyN30uVE1Db250YWluZXIwMDAwMDAwMDAwMDAwMDAwMDAwMi5yZWd0cmFucy1tcy5jbnBmIiwiQzpcXFVzZXJzXFxvLW5lb1xcbnR1c2VyLmluaSIsIkM6XFxVc2Vyc1xcby1uZW9cXE9uZURyaXZlIiwiQzpcXFVzZXJzXFxvLW5lb1xcUGljdHVyZXMiLCJDOlxcVXNlcnNcXG8tbmVvXFxTYW1zdW5nIiwiQzpcXFVzZXJzXFxvLW5lb1xcU2F2ZWQgR2FtZXMiLCJDOlxcVXNlcnNcXG8tbmVvXFxTZWFyY2hlcyIsIkM6XFxVc2Vyc1xcby1uZW9cXFZpZGVvcyIsIkM6XFxXaW5kb3dzIl0sIndyaXRlX3Jvb3RzIjpbIkM6XFxVc2Vyc1xcby1uZW9cXC5jb2RleFxcdmlzdWFsaXphdGlvbnNcXDIwMjZcXDA5XFwxM1xcMDFhMDljYTAtM2E5NS03NDgyLTkwODMtYjcxNjA4ZjhlYzFiIiwiQzpcXFVzZXJzXFxvLW5lb1xcQXBwRGF0YVxcTG9jYWxcXFRlbXAiLCJDOlxcVXNlcnNcXG8tbmVvXFxEb2N1bWVudHNcXFZpcC1HZWNlLVdlYi1HZWxpc3Rpcm1lIl0sImRlbnlfcmVhZF9wYXRocyI6W10sImRlbnlfd3JpdGVfcGF0aHMiOlsiQzpcXFVzZXJzXFxvLW5lb1xcRG9jdW1lbnRzXFxWaXAtR2VjZS1XZWItR2VsaXN0aXJtZVxcLmdpdCIsIkM6XFxVc2Vyc1xcby1uZW9cXERvY3VtZW50c1xcVmlwLUdlY2UtV2ViLUdlbGlzdGlybWVcXC5naXQiXSwicHJveHlfcG9ydHMiOltdLCJhbGxvd19sb2NhbF9iaW5kaW5nIjpmYWxzZSwib3RlbCI6bnVsbCwicmVhbF91c2VyIjoiby1uZW8iLCJtb2RlIjoiZnVsbCIsInJlZnJlc2hfb25seSI6dHJ1ZX0=</Data><Data Name='TargetUserSid'>S-1-0-0</Data><Data Name='TargetUserName'>-</Data><Data Name='TargetDomainName'>-</Data><Data Name='TargetLogonId'>0x0</Data><Data Name='ParentProcessName'>C:\Users\o-neo\AppData\Local\OpenAI\Codex\bin\bffc5354119c8421\codex.exe</Data><Data Name='MandatoryLabel'>S-1-16-8192</Data></EventData></Event><Event xmlns='http://schemas.microsoft.com/win/2004/08/events/event'><System><Provider Name='Microsoft-Windows-Security-Auditing' Guid='{54849625-5478-4994-a5ba-3e3b0328c30d}'/><EventID>4688</EventID><Version>2</Version><Level>0</Level><Task>13312</Task><Opcode>0</Opcode><Keywords>0x8020000000000000</Keywords><TimeCreated SystemTime='2026-09-13T21:39:33.9357110Z'/><EventRecordID>213047</EventRecordID><Correlation/><Execution ProcessID='4' ThreadID='2308'/><Channel>Security</Channel><Computer>DESKTOP-FOEGBB0</Computer><Security/></System><EventData><Data Name='SubjectUserSid'>S-1-5-21-404346624-2769923240-1900471442-1000</Data><Data Name='SubjectUserName'>o-neo</Data><Data Name='SubjectDomainName'>DESKTOP-FOEGBB0</Data><Data Name='SubjectLogonId'>0x695d3</Data><Data Name='NewProcessId'>0x1590</Data><Data Name='NewProcessName'>C:\Users\o-neo\.cache\codex-runtimes\codex-primary-runtime\dependencies\native\git\cmd\git.exe</Data><Data Name='TokenElevationType'>%%1938</Data><Data Name='ProcessId'>0x1e8</Data><Data Name='CommandLine'>C:\Users\o-neo\.cache\codex-runtimes\codex-primary-runtime\dependencies\native\git\cmd\git.exe -c safe.bareRepository=explicit config --null --get core.fsmonitor</Data><Data Name='TargetUserSid'>S-1-0-0</Data><Data Name='TargetUserName'>-</Data><Data Name='TargetDomainName'>-</Data><Data Name='TargetLogonId'>0x0</Data><Data Name='ParentProcessName'>C:\Program Files\WindowsApps\OpenAI.Codex_26.908.4834.0_x64__2p2nqsd0c76g0\app\ChatGPT.exe</Data><Data Name='MandatoryLabel'>S-1-16-8192</Data></EventData></Event><Event xmlns='http://schemas.microsoft.com/win/2004/08/events/event'><System><Provider Name='Microsoft-Windows-Security-Auditing' Guid='{54849625-5478-4994-a5ba-3e3b0328c30d}'/><EventID>4688</EventID><Version>2</Version><Level>0</Level><Task>13312</Task><Opcode>0</Opcode><Keywords>0x8020000000000000</Keywords><TimeCreated SystemTime='2026-09-13T21:39:33.9812337Z'/><EventRecordID>213048</EventRecordID><Correlation/><Execution ProcessID='4' ThreadID='4296'/><Channel>Security</Channel><Computer>DESKTOP-FOEGBB0</Computer><Security/></System><EventData><Data Name='SubjectUserSid'>S-1-5-21-404346624-2769923240-1900471442-1000</Data><Data Name='SubjectUserName'>o-neo</Data><Data Name='SubjectDomainName'>DESKTOP-FOEGBB0</Data><Data Name='SubjectLogonId'>0x695d3</Data><Data Name='NewProcessId'>0x7b8</Data><Data Name='NewProcessName'>C:\Windows\System32\conhost.exe</Data><Data Name='TokenElevationType'>%%1938</Data><Data Name='ProcessId'>0x1590</Data><Data Name='CommandLine'>\??\C:\WINDOWS\system32\conhost.exe 0xffffffff -ForceV1</Data><Data Name='TargetUserSid'>S-1-0-0</Data><Data Name='TargetUserName'>-</Data><Data Name='TargetDomainName'>-</Data><Data Name='TargetLogonId'>0x0</Data><Data Name='ParentProcessName'>C:\Users\o-neo\.cache\codex-runtimes\codex-primary-runtime\dependencies\native\git\cmd\git.exe</Data><Data Name='MandatoryLabel'>S-1-16-8192</Data></EventData></Event><Event xmlns='http://schemas.microsoft.com/win/2004/08/events/event'><System><Provider Name='Microsoft-Windows-Security-Auditing' Guid='{54849625-5478-4994-a5ba-3e3b0328c30d}'/><EventID>4688</EventID><Version>2</Version><Level>0</Level><Task>13312</Task><Opcode>0</Opcode><Keywords>0x8020000000000000</Keywords><TimeCreated SystemTime='2026-09-13T21:39:34.1235242Z'/><EventRecordID>213049</EventRecordID><Correlation/><Execution ProcessID='4' ThreadID='4296'/><Channel>Security</Channel><Computer>DESKTOP-FOEGBB0</Computer><Security/></System><EventData><Data Name='SubjectUserSid'>S-1-5-21-404346624-2769923240-1900471442-1000</Data><Data Name='SubjectUserName'>o-neo</Data><Data Name='SubjectDomainName'>DESKTOP-FOEGBB0</Data><Data Name='SubjectLogonId'>0x695d3</Data><Data Name='NewProcessId'>0x2b4</Data><Data Name='NewProcessName'>C:\Users\o-neo\.cache\codex-runtimes\codex-primary-runtime\dependencies\native\git\mingw64\bin\git.exe</Data><Data Name='TokenElevationType'>%%1938</Data><Data Name='ProcessId'>0x1590</Data><Data Name='CommandLine'>git.exe -c safe.bareRepository=explicit config --null --get core.fsmonitor</Data><Data Name='TargetUserSid'>S-1-0-0</Data><Data Name='TargetUserName'>-</Data><Data Name='TargetDomainName'>-</Data><Data Name='TargetLogonId'>0x0</Data><Data Name='ParentProcessName'>C:\Users\o-neo\.cache\codex-runtimes\codex-primary-runtime\dependencies\native\git\cmd\git.exe</Data><Data Name='MandatoryLabel'>S-1-16-8192</Data></EventData></Event><Event xmlns='http://schemas.microsoft.com/win/2004/08/events/event'><System><Provider Name='Microsoft-Windows-Security-Auditing' Guid='{54849625-5478-4994-a5ba-3e3b0328c30d}'/><EventID>4688</EventID><Version>2</Version><Level>0</Level><Task>13312</Task><Opcode>0</Opcode><Keywords>0x8020000000000000</Keywords><TimeCreated SystemTime='2026-09-13T21:39:34.5336260Z'/><EventRecordID>213050</EventRecordID><Correlation/><Execution ProcessID='4' ThreadID='2308'/><Channel>Security</Channel><Computer>DESKTOP-FOEGBB0</Computer><Security/></System><EventData><Data Name='SubjectUserSid'>S-1-5-21-404346624-2769923240-1900471442-1000</Data><Data Name='SubjectUserName'>o-neo</Data><Data Name='SubjectDomainName'>DESKTOP-FOEGBB0</Data><Data Name='SubjectLogonId'>0x695d3</Data><Data Name='NewProcessId'>0x2174</Data><Data Name='NewProcessName'>C:\Users\o-neo\AppData\Local\OpenAI\Codex\bin\bffc5354119c8421\codex-windows-sandbox-setup.exe</Data><Data Name='TokenElevationType'>%%1938</Data><Data Name='ProcessId'>0x5d4</Data><Data Name='CommandLine'>"C:\Users\o-neo\AppData\Local\OpenAI\Codex\bin\bffc5354119c8421\codex-windows-sandbox-setup.exe" eyJ2ZXJzaW9uIjo1LCJvZmZsaW5lX3VzZXJuYW1lIjoiQ29kZXhTYW5kYm94T2ZmbGluZSIsIm9ubGluZV91c2VybmFtZSI6IkNvZGV4U2FuZGJveE9ubGluZSIsImNvZGV4X2hvbWUiOiJDOlxcVXNlcnNcXG8tbmVvXFwuY29kZXgiLCJjb21tYW5kX2N3ZCI6IkM6XFxVc2Vyc1xcby1uZW9cXERvY3VtZW50c1xcVmlwLUdlY2UtV2ViLUdlbGlzdGlybWUiLCJyZWFkX3Jvb3RzIjpbIkM6XFxQcm9ncmFtIEZpbGVzIiwiQzpcXFByb2dyYW0gRmlsZXMgKHg4NikiLCJDOlxcUHJvZ3JhbURhdGEiLCJDOlxcVXNlcnNcXG8tbmVvXFwuYW5kcm9pZCIsIkM6XFxVc2Vyc1xcby1uZW9cXC5hbmRyb2lkLnppcCIsIkM6XFxVc2Vyc1xcby1uZW9cXC5jYWNoZSIsIkM6XFxVc2Vyc1xcby1uZW9cXC5jYWNoZS56aXAiLCJDOlxcVXNlcnNcXG8tbmVvXFwuY29kZXgiLCJDOlxcVXNlcnNcXG8tbmVvXFwuY29kZXguemlwIiwiQzpcXFVzZXJzXFxvLW5lb1xcLmNvZGV4XFwuc2FuZGJveC1iaW4iLCJDOlxcVXNlcnNcXG8tbmVvXFwuY29uZmlnLnppcCIsIkM6XFxVc2Vyc1xcby1uZW9cXC5kb3RuZXQiLCJDOlxcVXNlcnNcXG8tbmVvXFwuZG90bmV0LnppcCIsIkM6XFxVc2Vyc1xcby1uZW9cXC5sb2NhbCIsIkM6XFxVc2Vyc1xcby1uZW9cXC5sb2NhbC56aXAiLCJDOlxcVXNlcnNcXG8tbmVvXFwubnVnZXQiLCJDOlxcVXNlcnNcXG8tbmVvXFwubnVnZXQuemlwIiwiQzpcXFVzZXJzXFxvLW5lb1xcLnRlbXBsYXRlZW5naW5lIiwiQzpcXFVzZXJzXFxvLW5lb1xcLnRlbXBsYXRlZW5naW5lLnppcCIsIkM6XFxVc2Vyc1xcby1uZW9cXEFwcERhdGEiLCJDOlxcVXNlcnNcXG8tbmVvXFxBcHBEYXRhLnppcCIsIkM6XFxVc2Vyc1xcby1uZW9cXEFwcERhdGFcXExvY2FsIiwiQzpcXFVzZXJzXFxvLW5lb1xcQXBwRGF0YVxcTG9jYWxcXE1pY3Jvc29mdFxcV2luZG93c1xcSU5ldENvb2tpZXMiLCJDOlxcVXNlcnNcXG8tbmVvXFxBcHBEYXRhXFxSb2FtaW5nIiwiQzpcXFVzZXJzXFxvLW5lb1xcQXBwRGF0YVxcUm9hbWluZ1xcTWljcm9zb2Z0XFxXaW5kb3dzXFxOZXR3b3JrIFNob3J0Y3V0cyIsIkM6XFxVc2Vyc1xcby1uZW9cXEFwcERhdGFcXFJvYW1pbmdcXE1pY3Jvc29mdFxcV2luZG93c1xcUHJpbnRlciBTaG9ydGN1dHMiLCJDOlxcVXNlcnNcXG8tbmVvXFxBcHBEYXRhXFxSb2FtaW5nXFxNaWNyb3NvZnRcXFdpbmRvd3NcXFJlY2VudCIsIkM6XFxVc2Vyc1xcby1uZW9cXEFwcERhdGFcXFJvYW1pbmdcXE1pY3Jvc29mdFxcV2luZG93c1xcU2VuZFRvIiwiQzpcXFVzZXJzXFxvLW5lb1xcQXBwRGF0YVxcUm9hbWluZ1xcTWljcm9zb2Z0XFxXaW5kb3dzXFxTdGFydCBNZW51IiwiQzpcXFVzZXJzXFxvLW5lb1xcQXBwRGF0YVxcUm9hbWluZ1xcTWljcm9zb2Z0XFxXaW5kb3dzXFxUZW1wbGF0ZXMiLCJDOlxcVXNlcnNcXG8tbmVvXFxDb250YWN0cyIsIkM6XFxVc2Vyc1xcby1uZW9cXERlc2t0b3AiLCJDOlxcVXNlcnNcXG8tbmVvXFxEb2N1bWVudHMiLCJDOlxcVXNlcnNcXG8tbmVvXFxEb3dubG9hZHMiLCJDOlxcVXNlcnNcXG8tbmVvXFxGYXZvcml0ZXMiLCJDOlxcVXNlcnNcXG8tbmVvXFxpQ2xvdWREcml2ZSIsIkM6XFxVc2Vyc1xcby1uZW9cXEludGVsR3JhcGhpY3NQcm9maWxlcyIsIkM6XFxVc2Vyc1xcby1uZW9cXExpbmtzIiwiQzpcXFVzZXJzXFxvLW5lb1xcTXVzaWMiLCJDOlxcVXNlcnNcXG8tbmVvXFxOVFVTRVIuREFUIiwiQzpcXFVzZXJzXFxvLW5lb1xcbnR1c2VyLmRhdC5MT0cxIiwiQzpcXFVzZXJzXFxvLW5lb1xcbnR1c2VyLmRhdC5MT0cyIiwiQzpcXFVzZXJzXFxvLW5lb1xcTlRVU0VSLkRBVHs3ZDFiZmNjMi1hYTFiLTExZjEtYjdkMS04MDlkNjVhMWY2Mjd9LlR4Ui4wLnJlZ3RyYW5zLW1zIiwiQzpcXFVzZXJzXFxvLW5lb1xcTlRVU0VSLkRBVHs3ZDFiZmNjMi1hYTFiLTExZjEtYjdkMS04MDlkNjVhMWY2Mjd9LlR4Ui4xLnJlZ3RyYW5zLW1zIiwiQzpcXFVzZXJzXFxvLW5lb1xcTlRVU0VSLkRBVHs3ZDFiZmNjMi1hYTFiLTExZjEtYjdkMS04MDlkNjVhMWY2Mjd9LlR4Ui4yLnJlZ3RyYW5zLW1zIiwiQzpcXFVzZXJzXFxvLW5lb1xcTlRVU0VSLkRBVHs3ZDFiZmNjMi1hYTFiLTExZjEtYjdkMS04MDlkNjVhMWY2Mjd9LlR4Ui5ibGYiLCJDOlxcVXNlcnNcXG8tbmVvXFxOVFVTRVIuREFUezdkMWJmY2MzLWFhMWItMTFmMS1iN2QxLTgwOWQ2NWExZjYyN30uVE0uYmxmIiwiQzpcXFVzZXJzXFxvLW5lb1xcTlRVU0VSLkRBVHs3ZDFiZmNjMy1hYTFiLTExZjEtYjdkMS04MDlkNjVhMWY2Mjd9LlRNLmJsZi5jbnBmIiwiQzpcXFVzZXJzXFxvLW5lb1xcTlRVU0VSLkRBVHs3ZDFiZmNjMy1hYTFiLTExZjEtYjdkMS04MDlkNjVhMWY2Mjd9LlRNQ29udGFpbmVyMDAwMDAwMDAwMDAwMDAwMDAwMDEucmVndHJhbnMtbXMiLCJDOlxcVXNlcnNcXG8tbmVvXFxOVFVTRVIuREFUezdkMWJmY2MzLWFhMWItMTFmMS1iN2QxLTgwOWQ2NWExZjYyN30uVE1Db250YWluZXIwMDAwMDAwMDAwMDAwMDAwMDAwMS5yZWd0cmFucy1tcy5jbnBmIiwiQzpcXFVzZXJzXFxvLW5lb1xcTlRVU0VSLkRBVHs3ZDFiZmNjMy1hYTFiLTExZjEtYjdkMS04MDlkNjVhMWY2Mjd9LlRNQ29udGFpbmVyMDAwMDAwMDAwMDAwMDAwMDAwMDIucmVndHJhbnMtbXMiLCJDOlxcVXNlcnNcXG8tbmVvXFxOVFVTRVIuREFUezdkMWJmY2MzLWFhMWItMTFmMS1iN2QxLTgwOWQ2NWExZjYyN30uVE1Db250YWluZXIwMDAwMDAwMDAwMDAwMDAwMDAwMi5yZWd0cmFucy1tcy5jbnBmIiwiQzpcXFVzZXJzXFxvLW5lb1xcbnR1c2VyLmluaSIsIkM6XFxVc2Vyc1xcby1uZW9cXE9uZURyaXZlIiwiQzpcXFVzZXJzXFxvLW5lb1xcUGljdHVyZXMiLCJDOlxcVXNlcnNcXG8tbmVvXFxTYW1zdW5nIiwiQzpcXFVzZXJzXFxvLW5lb1xcU2F2ZWQgR2FtZXMiLCJDOlxcVXNlcnNcXG8tbmVvXFxTZWFyY2hlcyIsIkM6XFxVc2Vyc1xcby1uZW9cXFZpZGVvcyIsIkM6XFxXaW5kb3dzIl0sIndyaXRlX3Jvb3RzIjpbIkM6XFxVc2Vyc1xcby1uZW9cXC5jb2RleFxcdmlzdWFsaXphdGlvbnNcXDIwMjZcXDA5XFwxM1xcMDFhMDljYTAtM2E5NS03NDgyLTkwODMtYjcxNjA4ZjhlYzFiIiwiQzpcXFVzZXJzXFxvLW5lb1xcQXBwRGF0YVxcTG9jYWxcXFRlbXAiLCJDOlxcVXNlcnNcXG8tbmVvXFxEb2N1bWVudHNcXFZpcC1HZWNlLVdlYi1HZWxpc3Rpcm1lIl0sImRlbnlfcmVhZF9wYXRocyI6W10sImRlbnlfd3JpdGVfcGF0aHMiOlsiQzpcXFVzZXJzXFxvLW5lb1xcRG9jdW1lbnRzXFxWaXAtR2VjZS1XZWItR2VsaXN0aXJtZVxcLmdpdCIsIkM6XFxVc2Vyc1xcby1uZW9cXERvY3VtZW50c1xcVmlwLUdlY2UtV2ViLUdlbGlzdGlybWVcXC5naXQiXSwicHJveHlfcG9ydHMiOltdLCJhbGxvd19sb2NhbF9iaW5kaW5nIjpmYWxzZSwib3RlbCI6bnVsbCwicmVhbF91c2VyIjoiby1uZW8iLCJtb2RlIjoicmVhZC1hY2xzLW9ubHkiLCJyZWZyZXNoX29ubHkiOnRydWV9</Data><Data Name='TargetUserSid'>S-1-0-0</Data><Data Name='TargetUserName'>-</Data><Data Name='TargetDomainName'>-</Data><Data Name='TargetLogonId'>0x0</Data><Data Name='ParentProcessName'>C:\Users\o-neo\AppData\Local\OpenAI\Codex\bin\bffc5354119c8421\codex-windows-sandbox-setup.exe</Data><Data Name='MandatoryLabel'>S-1-16-8192</Data></EventData></Event><Event xmlns='http://schemas.microsoft.com/win/2004/08/events/event'><System><Provider Name='Microsoft-Windows-Security-Auditing' Guid='{54849625-5478-4994-a5ba-3e3b0328c30d}'/><EventID>4688</EventID><Version>2</Version><Level>0</Level><Task>13312</Task><Opcode>0</Opcode><Keywords>0x8020000000000000</Keywords><TimeCreated SystemTime='2026-09-13T21:39:34.7579371Z'/><EventRecordID>213051</EventRecordID><Correlation/><Execution ProcessID='4' ThreadID='2848'/><Channel>Security</Channel><Computer>DESKTOP-FOEGBB0</Computer><Security/></System><EventData><Data Name='SubjectUserSid'>S-1-5-21-404346624-2769923240-1900471442-1000</Data><Data Name='SubjectUserName'>o-neo</Data><Data Name='SubjectDomainName'>DESKTOP-FOEGBB0</Data><Data Name='SubjectLogonId'>0x695d3</Data><Data Name='NewProcessId'>0x3134</Data><Data Name='NewProcessName'>C:\Windows\System32\conhost.exe</Data><Data Name='TokenElevationType'>%%1938</Data><Data Name='ProcessId'>0x2174</Data><Data Name='CommandLine'>\??\C:\WINDOWS\system32\conhost.exe 0xffffffff -ForceV1</Data><Data Name='TargetUserSid'>S-1-0-0</Data><Data Name='TargetUserName'>-</Data><Data Name='TargetDomainName'>-</Data><Data Name='TargetLogonId'>0x0</Data><Data Name='ParentProcessName'>C:\Users\o-neo\AppData\Local\OpenAI\Codex\bin\bffc5354119c8421\codex-windows-sandbox-setup.exe</Data><Data Name='MandatoryLabel'>S-1-16-8192</Data></EventData></Event><Event xmlns='http://schemas.microsoft.com/win/2004/08/events/event'><System><Provider Name='Microsoft-Windows-Security-Auditing' Guid='{54849625-5478-4994-a5ba-3e3b0328c30d}'/><EventID>4688</EventID><Version>2</Version><Level>0</Level><Task>13312</Task><Opcode>0</Opcode><Keywords>0x8020000000000000</Keywords><TimeCreated SystemTime='2026-09-13T21:39:35.0773225Z'/><EventRecordID>213052</EventRecordID><Correlation/><Execution ProcessID='4' ThreadID='2848'/><Channel>Security</Channel><Computer>DESKTOP-FOEGBB0</Computer><Security/></System><EventData><Data Name='SubjectUserSid'>S-1-5-21-404346624-2769923240-1900471442-1000</Data><Data Name='SubjectUserName'>o-neo</Data><Data Name='SubjectDomainName'>DESKTOP-FOEGBB0</Data><Data Name='SubjectLogonId'>0x695d3</Data><Data Name='NewProcessId'>0xcc8</Data><Data Name='NewProcessName'>C:\Users\o-neo\.cache\codex-runtimes\codex-primary-runtime\dependencies\native\git\cmd\git.exe</Data><Data Name='TokenElevationType'>%%1938</Data><Data Name='ProcessId'>0x1e8</Data><Data Name='CommandLine'>C:\Users\o-neo\.cache\codex-runtimes\codex-primary-runtime\dependencies\native\git\cmd\git.exe -c safe.bareRepository=explicit config --null --get core.fsmonitor</Data><Data Name='TargetUserSid'>S-1-0-0</Data><Data Name='TargetUserName'>-</Data><Data Name='TargetDomainName'>-</Data><Data Name='TargetLogonId'>0x0</Data><Data Name='ParentProcessName'>C:\Program Files\WindowsApps\OpenAI.Codex_26.908.4834.0_x64__2p2nqsd0c76g0\app\ChatGPT.exe</Data><Data Name='MandatoryLabel'>S-1-16-8192</Data></EventData></Event><Event xmlns='http://schemas.microsoft.com/win/2004/08/events/event'><System><Provider Name='Microsoft-Windows-Security-Auditing' Guid='{54849625-5478-4994-a5ba-3e3b0328c30d}'/><EventID>4688</EventID><Version>2</Version><Level>0</Level><Task>13312</Task><Opcode>0</Opcode><Keywords>0x8020000000000000</Keywords><TimeCreated SystemTime='2026-09-13T21:39:35.1334011Z'/><EventRecordID>213053</EventRecordID><Correlation/><Execution ProcessID='4' ThreadID='4296'/><Channel>Security</Channel><Computer>DESKTOP-FOEGBB0</Computer><Security/></System><EventData><Data Name='SubjectUserSid'>S-1-5-21-404346624-2769923240-1900471442-1000</Data><Data Name='SubjectUserName'>o-neo</Data><Data Name='SubjectDomainName'>DESKTOP-FOEGBB0</Data><Data Name='SubjectLogonId'>0x695d3</Data><Data Name='NewProcessId'>0x1614</Data><Data Name='NewProcessName'>C:\Windows\System32\conhost.exe</Data><Data Name='TokenElevationType'>%%1938</Data><Data Name='ProcessId'>0xcc8</Data><Data Name='CommandLine'>\??\C:\WINDOWS\system32\conhost.exe 0xffffffff -ForceV1</Data><Data Name='TargetUserSid'>S-1-0-0</Data><Data Name='TargetUserName'>-</Data><Data Name='TargetDomainName'>-</Data><Data Name='TargetLogonId'>0x0</Data><Data Name='ParentProcessName'>C:\Users\o-neo\.cache\codex-runtimes\codex-primary-runtime\dependencies\native\git\cmd\git.exe</Data><Data Name='MandatoryLabel'>S-1-16-8192</Data></EventData></Event><Event xmlns='http://schemas.microsoft.com/win/2004/08/events/event'><System><Provider Name='Microsoft-Windows-Security-Auditing' Guid='{54849625-5478-4994-a5ba-3e3b0328c30d}'/><EventID>4688</EventID><Version>2</Version><Level>0</Level><Task>13312</Task><Opcode>0</Opcode><Keywords>0x8020000000000000</Keywords><TimeCreated SystemTime='2026-09-13T21:39:35.3508328Z'/><EventRecordID>213054</EventRecordID><Correlation/><Execution ProcessID='4' ThreadID='13080'/><Channel>Security</Channel><Computer>DESKTOP-FOEGBB0</Computer><Security/></System><EventData><Data Name='SubjectUserSid'>S-1-5-21-404346624-2769923240-1900471442-1000</Data><Data Name='SubjectUserName'>o-neo</Data><Data Name='SubjectDomainName'>DESKTOP-FOEGBB0</Data><Data Name='SubjectLogonId'>0x695d3</Data><Data Name='NewProcessId'>0x26dc</Data><Data Name='NewProcessName'>C:\Users\o-neo\AppData\Local\OpenAI\Codex\runtimes\cua_node\a708e72b10c27b59\bin\node_repl.exe</Data><Data Name='TokenElevationType'>%%1938</Data><Data Name='ProcessId'>0x2da0</Data><Data Name='CommandLine'>C:\Users\o-neo\AppData\Local\OpenAI\Codex\runtimes\cua_node\a708e72b10c27b59\bin\node_repl.exe</Data><Data Name='TargetUserSid'>S-1-0-0</Data><Data Name='TargetUserName'>-</Data><Data Name='TargetDomainName'>-</Data><Data Name='TargetLogonId'>0x0</Data><Data Name='ParentProcessName'>C:\Users\o-neo\AppData\Local\OpenAI\Codex\runtimes\cua_node\a708e72b10c27b59\bin\node.exe</Data><Data Name='MandatoryLabel'>S-1-16-8192</Data></EventData></Event><Event xmlns='http://schemas.microsoft.com/win/2004/08/events/event'><System><Provider Name='Microsoft-Windows-Security-Auditing' Guid='{54849625-5478-4994-a5ba-3e3b0328c30d}'/><EventID>4688</EventID><Version>2</Version><Level>0</Level><Task>13312</Task><Opcode>0</Opcode><Keywords>0x8020000000000000</Keywords><TimeCreated SystemTime='2026-09-13T21:39:35.9508532Z'/><EventRecordID>213055</EventRecordID><Correlation/><Execution ProcessID='4' ThreadID='2308'/><Channel>Security</Channel><Computer>DESKTOP-FOEGBB0</Computer><Security/></System><EventData><Data Name='SubjectUserSid'>S-1-5-21-404346624-2769923240-1900471442-1000</Data><Data Name='SubjectUserName'>o-neo</Data><Data Name='SubjectDomainName'>DESKTOP-FOEGBB0</Data><Data Name='SubjectLogonId'>0x695d3</Data><Data Name='NewProcessId'>0x31a8</Data><Data Name='NewProcessName'>C:\Users\o-neo\.cache\codex-runtimes\codex-primary-runtime\dependencies\native\git\mingw64\bin\git.exe</Data><Data Name='TokenElevationType'>%%1938</Data><Data Name='ProcessId'>0xcc8</Data><Data Name='CommandLine'>git.exe -c safe.bareRepository=explicit config --null --get core.fsmonitor</Data><Data Name='TargetUserSid'>S-1-0-0</Data><Data Name='TargetUserName'>-</Data><Data Name='TargetDomainName'>-</Data><Data Name='TargetLogonId'>0x0</Data><Data Name='ParentProcessName'>C:\Users\o-neo\.cache\codex-runtimes\codex-primary-runtime\dependencies\native\git\cmd\git.exe</Data><Data Name='MandatoryLabel'>S-1-16-8192</Data></EventData></Event><Event xmlns='http://schemas.microsoft.com/win/2004/08/events/event'><System><Provider Name='Microsoft-Windows-Security-Auditing' Guid='{54849625-5478-4994-a5ba-3e3b0328c30d}'/><EventID>4688</EventID><Version>2</Version><Level>0</Level><Task>13312</Task><Opcode>0</Opcode><Keywords>0x8020000000000000</Keywords><TimeCreated SystemTime='2026-09-13T21:39:36.3911336Z'/><EventRecordID>213056</EventRecordID><Correlation/><Execution ProcessID='4' ThreadID='9488'/><Channel>Security</Channel><Computer>DESKTOP-FOEGBB0</Computer><Security/></System><EventData><Data Name='SubjectUserSid'>S-1-5-21-404346624-2769923240-1900471442-1000</Data><Data Name='SubjectUserName'>o-neo</Data><Data Name='SubjectDomainName'>DESKTOP-FOEGBB0</Data><Data Name='SubjectLogonId'>0x695d3</Data><Data Name='NewProcessId'>0x1394</Data><Data Name='NewProcessName'>C:\Users\o-neo\.cache\codex-runtimes\codex-primary-runtime\dependencies\native\powershell\pwsh.exe</Data><Data Name='TokenElevationType'>%%1938</Data><Data Name='ProcessId'>0x2d24</Data><Data Name='CommandLine'>"C:\Users\o-neo\.cache\codex-runtimes\codex-primary-runtime\dependencies\native\powershell\pwsh.exe" -NoProfile -Command "try { [Console]::OutputEncoding=[System.Text.Encoding]::UTF8 } catch {}
$now = Get-Date
$identity = [Security.Principal.WindowsIdentity]::GetCurrent()
$principal = [Security.Principal.WindowsPrincipal]::new($identity)
[pscustomobject]@{
  CollectedAt = $now.ToString('o')
  User = $identity.Name
  IsAdministrator = $principal.IsInRole([Security.Principal.WindowsBuiltInRole]::Administrator)
} | Format-List

$allProcesses = Get-CimInstance Win32_Process
$pythonProcesses = $allProcesses | Where-Object { $_.Name -match '^python(w)?\.exe$' }
'CURRENT_PYTHON_PROCESSES'
$pythonProcesses | Select-Object ProcessId,ParentProcessId,Name,ExecutablePath,CreationDate,CommandLine | Format-List

'PYTHON_PARENT_CHAINS'
foreach ($pythonProcess in $pythonProcesses) {
  $cursor = $pythonProcess
  $depth = 0
  while ($null -ne $cursor -and $depth -lt 15) {
    [pscustomobject]@{
      RootPythonPid = $pythonProcess.ProcessId
      Depth = $depth
      ProcessId = $cursor.ProcessId
      ParentProcessId = $cursor.ParentProcessId
      Name = $cursor.Name
      ExecutablePath = $cursor.ExecutablePath
      CommandLine = $cursor.CommandLine
      CreationDate = $cursor.CreationDate
    } | Format-List
    $parentProcessIdValue = [uint32]$cursor.ParentProcessId
    $cursor = $allProcesses | Where-Object { $_.ProcessId -eq $parentProcessIdValue } | Select-Object -First 1
    $depth++
  }
}

'PYTHON_PROCESS_WINDOWS_MODULES_CONNECTIONS'
foreach ($pythonProcess in $pythonProcesses) {
  try {
    $liveProcess = Get-Process -Id $pythonProcess.ProcessId -ErrorAction Stop
    [pscustomobject]@{
      ProcessId = $liveProcess.Id
      MainWindowTitle = $liveProcess.MainWindowTitle
      StartTime = $liveProcess.StartTime.ToString('o')
      Path = $liveProcess.Path
      ModuleCount = @($liveProcess.Modules).Count
    } | Format-List
    $liveProcess.Modules | Select-Object ModuleName,FileName,@{n='FileVersion';e={$_.FileVersionInfo.FileVersion}},@{n='Product';e={$_.FileVersionInfo.ProductName}} | Format-Table -AutoSize
    Get-NetTCPConnection -OwningProcess $pythonProcess.ProcessId -ErrorAction SilentlyContinue | Select-Object State,LocalAddress,LocalPort,RemoteAddress,RemotePort,OwningProcess | Format-Table -AutoSize
    Get-NetUDPEndpoint -OwningProcess $pythonProcess.ProcessId -ErrorAction SilentlyContinue | Select-Object LocalAddress,LocalPort,OwningProcess | Format-Table -AutoSize
  } catch {
    \"PROCESS_OR_MODULE_INACCESSIBLE pid=$($pythonProcess.ProcessId): $($_.Exception.Message)\"
  }
}"</Data><Data Name='TargetUserSid'>S-1-0-0</Data><Data Name='TargetUserName'>-</Data><Data Name='TargetDomainName'>-</Data><Data Name='TargetLogonId'>0x0</Data><Data Name='ParentProcessName'>C:\Users\o-neo\AppData\Local\OpenAI\Codex\bin\bffc5354119c8421\codex.exe</Data><Data Name='MandatoryLabel'>S-1-16-8192</Data></EventData></Event><Event xmlns='http://schemas.microsoft.com/win/2004/08/events/event'><System><Provider Name='Microsoft-Windows-Security-Auditing' Guid='{54849625-5478-4994-a5ba-3e3b0328c30d}'/><EventID>4688</EventID><Version>2</Version><Level>0</Level><Task>13312</Task><Opcode>0</Opcode><Keywords>0x8020000000000000</Keywords><TimeCreated SystemTime='2026-09-13T21:39:37.3309275Z'/><EventRecordID>213057</EventRecordID><Correlation/><Execution ProcessID='4' ThreadID='10052'/><Channel>Security</Channel><Computer>DESKTOP-FOEGBB0</Computer><Security/></System><EventData><Data Name='SubjectUserSid'>S-1-5-21-404346624-2769923240-1900471442-1000</Data><Data Name='SubjectUserName'>o-neo</Data><Data Name='SubjectDomainName'>DESKTOP-FOEGBB0</Data><Data Name='SubjectLogonId'>0x695d3</Data><Data Name='NewProcessId'>0x2a0c</Data><Data Name='NewProcessName'>C:\Users\o-neo\.cache\codex-runtimes\codex-primary-runtime\dependencies\native\git\cmd\git.exe</Data><Data Name='TokenElevationType'>%%1938</Data><Data Name='ProcessId'>0x1e8</Data><Data Name='CommandLine'>C:\Users\o-neo\.cache\codex-runtimes\codex-primary-runtime\dependencies\native\git\cmd\git.exe -c safe.bareRepository=explicit config --null --get core.fsmonitor</Data><Data Name='TargetUserSid'>S-1-0-0</Data><Data Name='TargetUserName'>-</Data><Data Name='TargetDomainName'>-</Data><Data Name='TargetLogonId'>0x0</Data><Data Name='ParentProcessName'>C:\Program Files\WindowsApps\OpenAI.Codex_26.908.4834.0_x64__2p2nqsd0c76g0\app\ChatGPT.exe</Data><Data Name='MandatoryLabel'>S-1-16-8192</Data></EventData></Event><Event xmlns='http://schemas.microsoft.com/win/2004/08/events/event'><System><Provider Name='Microsoft-Windows-Security-Auditing' Guid='{54849625-5478-4994-a5ba-3e3b0328c30d}'/><EventID>4688</EventID><Version>2</Version><Level>0</Level><Task>13312</Task><Opcode>0</Opcode><Keywords>0x8020000000000000</Keywords><TimeCreated SystemTime='2026-09-13T21:39:37.6165522Z'/><EventRecordID>213058</EventRecordID><Correlation/><Execution ProcessID='4' ThreadID='6456'/><Channel>Security</Channel><Computer>DESKTOP-FOEGBB0</Computer><Security/></System><EventData><Data Name='SubjectUserSid'>S-1-5-21-404346624-2769923240-1900471442-1000</Data><Data Name='SubjectUserName'>o-neo</Data><Data Name='SubjectDomainName'>DESKTOP-FOEGBB0</Data><Data Name='SubjectLogonId'>0x695d3</Data><Data Name='NewProcessId'>0x1860</Data><Data Name='NewProcessName'>C:\Windows\System32\conhost.exe</Data><Data Name='TokenElevationType'>%%1938</Data><Data Name='ProcessId'>0x2a0c</Data><Data Name='CommandLine'>\??\C:\WINDOWS\system32\conhost.exe 0xffffffff -ForceV1</Data><Data Name='TargetUserSid'>S-1-0-0</Data><Data Name='TargetUserName'>-</Data><Data Name='TargetDomainName'>-</Data><Data Name='TargetLogonId'>0x0</Data><Data Name='ParentProcessName'>C:\Users\o-neo\.cache\codex-runtimes\codex-primary-runtime\dependencies\native\git\cmd\git.exe</Data><Data Name='MandatoryLabel'>S-1-16-8192</Data></EventData></Event><Event xmlns='http://schemas.microsoft.com/win/2004/08/events/event'><System><Provider Name='Microsoft-Windows-Security-Auditing' Guid='{54849625-5478-4994-a5ba-3e3b0328c30d}'/><EventID>4688</EventID><Version>2</Version><Level>0</Level><Task>13312</Task><Opcode>0</Opcode><Keywords>0x8020000000000000</Keywords><TimeCreated SystemTime='2026-09-13T21:39:37.6907636Z'/><EventRecordID>213059</EventRecordID><Correlation/><Execution ProcessID='4' ThreadID='6456'/><Channel>Security</Channel><Computer>DESKTOP-FOEGBB0</Computer><Security/></System><EventData><Data Name='SubjectUserSid'>S-1-5-21-404346624-2769923240-1900471442-1000</Data><Data Name='SubjectUserName'>o-neo</Data><Data Name='SubjectDomainName'>DESKTOP-FOEGBB0</Data><Data Name='SubjectLogonId'>0x695d3</Data><Data Name='NewProcessId'>0x1d08</Data><Data Name='NewProcessName'>C:\Tools\Node\node-v24.21.0-win-x64\node.exe</Data><Data Name='TokenElevationType'>%%1938</Data><Data Name='ProcessId'>0x30a8</Data><Data Name='CommandLine'>"C:\Tools\Node\node-v24.21.0-win-x64\\node.exe"  "C:\Tools\Node\node-v24.21.0-win-x64\node_modules\npm\bin\npx-cli.js" -y firebase-tools@latest mcp --dir .</Data><Data Name='TargetUserSid'>S-1-0-0</Data><Data Name='TargetUserName'>-</Data><Data Name='TargetDomainName'>-</Data><Data Name='TargetLogonId'>0x0</Data><Data Name='ParentProcessName'>C:\Windows\System32\cmd.exe</Data><Data Name='MandatoryLabel'>S-1-16-8192</Data></EventData></Event><Event xmlns='http://schemas.microsoft.com/win/2004/08/events/event'><System><Provider Name='Microsoft-Windows-Security-Auditing' Guid='{54849625-5478-4994-a5ba-3e3b0328c30d}'/><EventID>4688</EventID><Version>2</Version><Level>0</Level><Task>13312</Task><Opcode>0</Opcode><Keywords>0x8020000000000000</Keywords><TimeCreated SystemTime='2026-09-13T21:39:37.7459686Z'/><EventRecordID>213063</EventRecordID><Correlation/><Execution ProcessID='4' ThreadID='2308'/><Channel>Security</Channel><Computer>DESKTOP-FOEGBB0</Computer><Security/></System><EventData><Data Name='SubjectUserSid'>S-1-5-18</Data><Data Name='SubjectUserName'>DESKTOP-FOEGBB0$</Data><Data Name='SubjectDomainName'>WORKGROUP</Data><Data Name='SubjectLogonId'>0x3e7</Data><Data Name='NewProcessId'>0x2654</Data><Data Name='NewProcessName'>C:\Users\o-neo\.codex\.sandbox-bin\codex-command-runner-0.154.0-alpha.6.2.exe</Data><Data Name='TokenElevationType'>%%1936</Data><Data Name='ProcessId'>0x2d24</Data><Data Name='CommandLine'>C:\Users\o-neo\.codex\.sandbox-bin\codex-command-runner-0.154.0-alpha.6.2.exe --pipe-in=\\.\pipe\codex-runner-320174adfe417dd34e9e3dfc69c32ec3-in --pipe-out=\\.\pipe\codex-runner-320174adfe417dd34e9e3dfc69c32ec3-out</Data><Data Name='TargetUserSid'>S-1-0-0</Data><Data Name='TargetUserName'>CodexSandboxOffline</Data><Data Name='TargetDomainName'>DESKTOP-FOEGBB0</Data><Data Name='TargetLogonId'>0x393a440</Data><Data Name='ParentProcessName'>C:\Users\o-neo\AppData\Local\OpenAI\Codex\bin\bffc5354119c8421\codex.exe</Data><Data Name='MandatoryLabel'>S-1-16-8192</Data></EventData></Event><Event xmlns='http://schemas.microsoft.com/win/2004/08/events/event'><System><Provider Name='Microsoft-Windows-Security-Auditing' Guid='{54849625-5478-4994-a5ba-3e3b0328c30d}'/><EventID>4688</EventID><Version>2</Version><Level>0</Level><Task>13312</Task><Opcode>0</Opcode><Keywords>0x8020000000000000</Keywords><TimeCreated SystemTime='2026-09-13T21:39:38.3270299Z'/><EventRecordID>213064</EventRecordID><Correlation/><Execution ProcessID='4' ThreadID='10052'/><Channel>Security</Channel><Computer>DESKTOP-FOEGBB0</Computer><Security/></System><EventData><Data Name='SubjectUserSid'>S-1-5-21-404346624-2769923240-1900471442-1000</Data><Data Name='SubjectUserName'>o-neo</Data><Data Name='SubjectDomainName'>DESKTOP-FOEGBB0</Data><Data Name='SubjectLogonId'>0x695d3</Data><Data Name='NewProcessId'>0x3058</Data><Data Name='NewProcessName'>C:\Users\o-neo\.cache\codex-runtimes\codex-primary-runtime\dependencies\native\git\mingw64\bin\git.exe</Data><Data Name='TokenElevationType'>%%1938</Data><Data Name='ProcessId'>0x2a0c</Data><Data Name='CommandLine'>git.exe -c safe.bareRepository=explicit config --null --get core.fsmonitor</Data><Data Name='TargetUserSid'>S-1-0-0</Data><Data Name='TargetUserName'>-</Data><Data Name='TargetDomainName'>-</Data><Data Name='TargetLogonId'>0x0</Data><Data Name='ParentProcessName'>C:\Users\o-neo\.cache\codex-runtimes\codex-primary-runtime\dependencies\native\git\cmd\git.exe</Data><Data Name='MandatoryLabel'>S-1-16-8192</Data></EventData></Event><Event xmlns='http://schemas.microsoft.com/win/2004/08/events/event'><System><Provider Name='Microsoft-Windows-Security-Auditing' Guid='{54849625-5478-4994-a5ba-3e3b0328c30d}'/><EventID>4688</EventID><Version>2</Version><Level>0</Level><Task>13312</Task><Opcode>0</Opcode><Keywords>0x8020000000000000</Keywords><TimeCreated SystemTime='2026-09-13T21:39:38.5759112Z'/><EventRecordID>213065</EventRecordID><Correlation/><Execution ProcessID='4' ThreadID='11868'/><Channel>Security</Channel><Computer>DESKTOP-FOEGBB0</Computer><Security/></System><EventData><Data Name='SubjectUserSid'>S-1-5-21-404346624-2769923240-1900471442-1003</Data><Data Name='SubjectUserName'>CodexSandboxOffline</Data><Data Name='SubjectDomainName'>DESKTOP-FOEGBB0</Data><Data Name='SubjectLogonId'>0x393a440</Data><Data Name='NewProcessId'>0x17c4</Data><Data Name='NewProcessName'>C:\Users\o-neo\.cache\codex-runtimes\codex-primary-runtime\dependencies\native\powershell\pwsh.exe</Data><Data Name='TokenElevationType'>%%1936</Data><Data Name='ProcessId'>0x2654</Data><Data Name='CommandLine'>C:\Users\o-neo\.cache\codex-runtimes\codex-primary-runtime\dependencies\native\powershell\pwsh.exe -NoProfile -Command "try { [Console]::OutputEncoding=[System.Text.Encoding]::UTF8 } catch {}
curl.exe -k -sS -H \"Accept: application/rdap+json\" https://rdap.verisign.com/com/v1/domain/METAVERSEPBX.COM"</Data><Data Name='TargetUserSid'>S-1-0-0</Data><Data Name='TargetUserName'>-</Data><Data Name='TargetDomainName'>-</Data><Data Name='TargetLogonId'>0x0</Data><Data Name='ParentProcessName'>C:\Users\o-neo\.codex\.sandbox-bin\codex-command-runner-0.154.0-alpha.6.2.exe</Data><Data Name='MandatoryLabel'>S-1-16-8192</Data></EventData></Event><Event xmlns='http://schemas.microsoft.com/win/2004/08/events/event'><System><Provider Name='Microsoft-Windows-Security-Auditing' Guid='{54849625-5478-4994-a5ba-3e3b0328c30d}'/><EventID>4688</EventID><Version>2</Version><Level>0</Level><Task>13312</Task><Opcode>0</Opcode><Keywords>0x8020000000000000</Keywords><TimeCreated SystemTime='2026-09-13T21:39:38.8882419Z'/><EventRecordID>213066</EventRecordID><Correlation/><Execution ProcessID='4' ThreadID='2308'/><Channel>Security</Channel><Computer>DESKTOP-FOEGBB0</Computer><Security/></System><EventData><Data Name='SubjectUserSid'>S-1-5-21-404346624-2769923240-1900471442-1000</Data><Data Name='SubjectUserName'>o-neo</Data><Data Name='SubjectDomainName'>DESKTOP-FOEGBB0</Data><Data Name='SubjectLogonId'>0x695d3</Data><Data Name='NewProcessId'>0x1cd8</Data><Data Name='NewProcessName'>C:\Users\o-neo\.cache\codex-runtimes\codex-primary-runtime\dependencies\native\git\cmd\git.exe</Data><Data Name='TokenElevationType'>%%1938</Data><Data Name='ProcessId'>0x1e8</Data><Data Name='CommandLine'>C:\Users\o-neo\.cache\codex-runtimes\codex-primary-runtime\dependencies\native\git\cmd\git.exe -c safe.bareRepository=explicit -c core.hooksPath=NUL -c core.fsmonitor= merge-base HEAD origin/main</Data><Data Name='TargetUserSid'>S-1-0-0</Data><Data Name='TargetUserName'>-</Data><Data Name='TargetDomainName'>-</Data><Data Name='TargetLogonId'>0x0</Data><Data Name='ParentProcessName'>C:\Program Files\WindowsApps\OpenAI.Codex_26.908.4834.0_x64__2p2nqsd0c76g0\app\ChatGPT.exe</Data><Data Name='MandatoryLabel'>S-1-16-8192</Data></EventData></Event><Event xmlns='http://schemas.microsoft.com/win/2004/08/events/event'><System><Provider Name='Microsoft-Windows-Security-Auditing' Guid='{54849625-5478-4994-a5ba-3e3b0328c30d}'/><EventID>4688</EventID><Version>2</Version><Level>0</Level><Task>13312</Task><Opcode>0</Opcode><Keywords>0x8020000000000000</Keywords><TimeCreated SystemTime='2026-09-13T21:39:38.9362740Z'/><EventRecordID>213067</EventRecordID><Correlation/><Execution ProcessID='4' ThreadID='11868'/><Channel>Security</Channel><Computer>DESKTOP-FOEGBB0</Computer><Security/></System><EventData><Data Name='SubjectUserSid'>S-1-5-21-404346624-2769923240-1900471442-1000</Data><Data Name='SubjectUserName'>o-neo</Data><Data Name='SubjectDomainName'>DESKTOP-FOEGBB0</Data><Data Name='SubjectLogonId'>0x695d3</Data><Data Name='NewProcessId'>0x17fc</Data><Data Name='NewProcessName'>C:\Windows\System32\conhost.exe</Data><Data Name='TokenElevationType'>%%1938</Data><Data Name='ProcessId'>0x1cd8</Data><Data Name='CommandLine'>\??\C:\WINDOWS\system32\conhost.exe 0xffffffff -ForceV1</Data><Data Name='TargetUserSid'>S-1-0-0</Data><Data Name='TargetUserName'>-</Data><Data Name='TargetDomainName'>-</Data><Data Name='TargetLogonId'>0x0</Data><Data Name='ParentProcessName'>C:\Users\o-neo\.cache\codex-runtimes\codex-primary-runtime\dependencies\native\git\cmd\git.exe</Data><Data Name='MandatoryLabel'>S-1-16-8192</Data></EventData></Event><Event xmlns='http://schemas.microsoft.com/win/2004/08/events/event'><System><Provider Name='Microsoft-Windows-Security-Auditing' Guid='{54849625-5478-4994-a5ba-3e3b0328c30d}'/><EventID>4688</EventID><Version>2</Version><Level>0</Level><Task>13312</Task><Opcode>0</Opcode><Keywords>0x8020000000000000</Keywords><TimeCreated SystemTime='2026-09-13T21:39:39.3390739Z'/><EventRecordID>213068</EventRecordID><Correlation/><Execution ProcessID='4' ThreadID='2308'/><Channel>Security</Channel><Computer>DESKTOP-FOEGBB0</Computer><Security/></System><EventData><Data Name='SubjectUserSid'>S-1-5-21-404346624-2769923240-1900471442-1000</Data><Data Name='SubjectUserName'>o-neo</Data><Data Name='SubjectDomainName'>DESKTOP-FOEGBB0</Data><Data Name='SubjectLogonId'>0x695d3</Data><Data Name='NewProcessId'>0x3190</Data><Data Name='NewProcessName'>C:\Users\o-neo\.cache\codex-runtimes\codex-primary-runtime\dependencies\native\git\mingw64\bin\git.exe</Data><Data Name='TokenElevationType'>%%1938</Data><Data Name='ProcessId'>0x1cd8</Data><Data Name='CommandLine'>git.exe -c safe.bareRepository=explicit -c core.hooksPath=NUL -c core.fsmonitor= merge-base HEAD origin/main</Data><Data Name='TargetUserSid'>S-1-0-0</Data><Data Name='TargetUserName'>-</Data><Data Name='TargetDomainName'>-</Data><Data Name='TargetLogonId'>0x0</Data><Data Name='ParentProcessName'>C:\Users\o-neo\.cache\codex-runtimes\codex-primary-runtime\dependencies\native\git\cmd\git.exe</Data><Data Name='MandatoryLabel'>S-1-16-8192</Data></EventData></Event><Event xmlns='http://schemas.microsoft.com/win/2004/08/events/event'><System><Provider Name='Microsoft-Windows-Security-Auditing' Guid='{54849625-5478-4994-a5ba-3e3b0328c30d}'/><EventID>4688</EventID><Version>2</Version><Level>0</Level><Task>13312</Task><Opcode>0</Opcode><Keywords>0x8020000000000000</Keywords><TimeCreated SystemTime='2026-09-13T21:39:40.8717036Z'/><EventRecordID>213069</EventRecordID><Correlation/><Execution ProcessID='4' ThreadID='2308'/><Channel>Security</Channel><Computer>DESKTOP-FOEGBB0</Computer><Security/></System><EventData><Data Name='SubjectUserSid'>S-1-5-21-404346624-2769923240-1900471442-1000</Data><Data Name='SubjectUserName'>o-neo</Data><Data Name='SubjectDomainName'>DESKTOP-FOEGBB0</Data><Data Name='SubjectLogonId'>0x695d3</Data><Data Name='NewProcessId'>0x2ec4</Data><Data Name='NewProcessName'>C:\Users\o-neo\.cache\codex-runtimes\codex-primary-runtime\dependencies\native\git\cmd\git.exe</Data><Data Name='TokenElevationType'>%%1938</Data><Data Name='ProcessId'>0x1e8</Data><Data Name='CommandLine'>C:\Users\o-neo\.cache\codex-runtimes\codex-primary-runtime\dependencies\native\git\cmd\git.exe -c attr.tree= -c core.attributesFile= -c filter.lfs.clean= -c filter.lfs.smudge= -c filter.lfs.process= -c filter.lfs.required=false -c safe.bareRepository=explicit -c core.hooksPath=NUL -c core.fsmonitor= status --renames --porcelain=v1 -z --untracked-files=no</Data><Data Name='TargetUserSid'>S-1-0-0</Data><Data Name='TargetUserName'>-</Data><Data Name='TargetDomainName'>-</Data><Data Name='TargetLogonId'>0x0</Data><Data Name='ParentProcessName'>C:\Program Files\WindowsApps\OpenAI.Codex_26.908.4834.0_x64__2p2nqsd0c76g0\app\ChatGPT.exe</Data><Data Name='MandatoryLabel'>S-1-16-8192</Data></EventData></Event>