<Event xmlns='http://schemas.microsoft.com/win/2004/08/events/event'><System><Provider Name='Microsoft-Windows-Security-Auditing' Guid='{54849625-5478-4994-a5ba-3e3b0328c30d}'/><EventID>4688</EventID><Version>2</Version><Level>0</Level><Task>13312</Task><Opcode>0</Opcode><Keywords>0x8020000000000000</Keywords><TimeCreated SystemTime='2026-09-13T21:39:40.9636617Z'/><EventRecordID>213070</EventRecordID><Correlation/><Execution ProcessID='4' ThreadID='13080'/><Channel>Security</Channel><Computer>DESKTOP-FOEGBB0</Computer><Security/></System><EventData><Data Name='SubjectUserSid'>S-1-5-21-404346624-2769923240-1900471442-1000</Data><Data Name='SubjectUserName'>o-neo</Data><Data Name='SubjectDomainName'>DESKTOP-FOEGBB0</Data><Data Name='SubjectLogonId'>0x695d3</Data><Data Name='NewProcessId'>0xc28</Data><Data Name='NewProcessName'>C:\Windows\System32\conhost.exe</Data><Data Name='TokenElevationType'>%%1938</Data><Data Name='ProcessId'>0x2ec4</Data><Data Name='CommandLine'>\??\C:\WINDOWS\system32\conhost.exe 0xffffffff -ForceV1</Data><Data Name='TargetUserSid'>S-1-0-0</Data><Data Name='TargetUserName'>-</Data><Data Name='TargetDomainName'>-</Data><Data Name='TargetLogonId'>0x0</Data><Data Name='ParentProcessName'>C:\Users\o-neo\.cache\codex-runtimes\codex-primary-runtime\dependencies\native\git\cmd\git.exe</Data><Data Name='MandatoryLabel'>S-1-16-8192</Data></EventData></Event><Event xmlns='http://schemas.microsoft.com/win/2004/08/events/event'><System><Provider Name='Microsoft-Windows-Security-Auditing' Guid='{54849625-5478-4994-a5ba-3e3b0328c30d}'/><EventID>4688</EventID><Version>2</Version><Level>0</Level><Task>13312</Task><Opcode>0</Opcode><Keywords>0x8020000000000000</Keywords><TimeCreated SystemTime='2026-09-13T21:39:41.1190116Z'/><EventRecordID>213071</EventRecordID><Correlation/><Execution ProcessID='4' ThreadID='10056'/><Channel>Security</Channel><Computer>DESKTOP-FOEGBB0</Computer><Security/></System><EventData><Data Name='SubjectUserSid'>S-1-5-21-404346624-2769923240-1900471442-1000</Data><Data Name='SubjectUserName'>o-neo</Data><Data Name='SubjectDomainName'>DESKTOP-FOEGBB0</Data><Data Name='SubjectLogonId'>0x695d3</Data><Data Name='NewProcessId'>0x1774</Data><Data Name='NewProcessName'>C:\Users\o-neo\.cache\codex-runtimes\codex-primary-runtime\dependencies\native\git\mingw64\bin\git.exe</Data><Data Name='TokenElevationType'>%%1938</Data><Data Name='ProcessId'>0x2ec4</Data><Data Name='CommandLine'>git.exe -c attr.tree= -c core.attributesFile= -c filter.lfs.clean= -c filter.lfs.smudge= -c filter.lfs.process= -c filter.lfs.required=false -c safe.bareRepository=explicit -c core.hooksPath=NUL -c core.fsmonitor= status --renames --porcelain=v1 -z --untracked-files=no</Data><Data Name='TargetUserSid'>S-1-0-0</Data><Data Name='TargetUserName'>-</Data><Data Name='TargetDomainName'>-</Data><Data Name='TargetLogonId'>0x0</Data><Data Name='ParentProcessName'>C:\Users\o-neo\.cache\codex-runtimes\codex-primary-runtime\dependencies\native\git\cmd\git.exe</Data><Data Name='MandatoryLabel'>S-1-16-8192</Data></EventData></Event><Event xmlns='http://schemas.microsoft.com/win/2004/08/events/event'><System><Provider Name='Microsoft-Windows-Security-Auditing' Guid='{54849625-5478-4994-a5ba-3e3b0328c30d}'/><EventID>4688</EventID><Version>2</Version><Level>0</Level><Task>13312</Task><Opcode>0</Opcode><Keywords>0x8020000000000000</Keywords><TimeCreated SystemTime='2026-09-13T21:39:42.5222399Z'/><EventRecordID>213073</EventRecordID><Correlation/><Execution ProcessID='4' ThreadID='9488'/><Channel>Security</Channel><Computer>DESKTOP-FOEGBB0</Computer><Security/></System><EventData><Data Name='SubjectUserSid'>S-1-5-21-404346624-2769923240-1900471442-1000</Data><Data Name='SubjectUserName'>o-neo</Data><Data Name='SubjectDomainName'>DESKTOP-FOEGBB0</Data><Data Name='SubjectLogonId'>0x695d3</Data><Data Name='NewProcessId'>0x19e0</Data><Data Name='NewProcessName'>C:\Users\o-neo\.cache\codex-runtimes\codex-primary-runtime\dependencies\native\git\cmd\git.exe</Data><Data Name='TokenElevationType'>%%1938</Data><Data Name='ProcessId'>0x1e8</Data><Data Name='CommandLine'>C:\Users\o-neo\.cache\codex-runtimes\codex-primary-runtime\dependencies\native\git\cmd\git.exe -c safe.bareRepository=explicit config --null --get core.fsmonitor</Data><Data Name='TargetUserSid'>S-1-0-0</Data><Data Name='TargetUserName'>-</Data><Data Name='TargetDomainName'>-</Data><Data Name='TargetLogonId'>0x0</Data><Data Name='ParentProcessName'>C:\Program Files\WindowsApps\OpenAI.Codex_26.908.4834.0_x64__2p2nqsd0c76g0\app\ChatGPT.exe</Data><Data Name='MandatoryLabel'>S-1-16-8192</Data></EventData></Event><Event xmlns='http://schemas.microsoft.com/win/2004/08/events/event'><System><Provider Name='Microsoft-Windows-Security-Auditing' Guid='{54849625-5478-4994-a5ba-3e3b0328c30d}'/><EventID>4688</EventID><Version>2</Version><Level>0</Level><Task>13312</Task><Opcode>0</Opcode><Keywords>0x8020000000000000</Keywords><TimeCreated SystemTime='2026-09-13T21:39:42.6567105Z'/><EventRecordID>213074</EventRecordID><Correlation/><Execution ProcessID='4' ThreadID='10052'/><Channel>Security</Channel><Computer>DESKTOP-FOEGBB0</Computer><Security/></System><EventData><Data Name='SubjectUserSid'>S-1-5-21-404346624-2769923240-1900471442-1000</Data><Data Name='SubjectUserName'>o-neo</Data><Data Name='SubjectDomainName'>DESKTOP-FOEGBB0</Data><Data Name='SubjectLogonId'>0x695d3</Data><Data Name='NewProcessId'>0x1674</Data><Data Name='NewProcessName'>C:\Windows\System32\conhost.exe</Data><Data Name='TokenElevationType'>%%1938</Data><Data Name='ProcessId'>0x19e0</Data><Data Name='CommandLine'>\??\C:\WINDOWS\system32\conhost.exe 0xffffffff -ForceV1</Data><Data Name='TargetUserSid'>S-1-0-0</Data><Data Name='TargetUserName'>-</Data><Data Name='TargetDomainName'>-</Data><Data Name='TargetLogonId'>0x0</Data><Data Name='ParentProcessName'>C:\Users\o-neo\.cache\codex-runtimes\codex-primary-runtime\dependencies\native\git\cmd\git.exe</Data><Data Name='MandatoryLabel'>S-1-16-8192</Data></EventData></Event><Event xmlns='http://schemas.microsoft.com/win/2004/08/events/event'><System><Provider Name='Microsoft-Windows-Security-Auditing' Guid='{54849625-5478-4994-a5ba-3e3b0328c30d}'/><EventID>4688</EventID><Version>2</Version><Level>0</Level><Task>13312</Task><Opcode>0</Opcode><Keywords>0x8020000000000000</Keywords><TimeCreated SystemTime='2026-09-13T21:39:42.8355272Z'/><EventRecordID>213075</EventRecordID><Correlation/><Execution ProcessID='4' ThreadID='13080'/><Channel>Security</Channel><Computer>DESKTOP-FOEGBB0</Computer><Security/></System><EventData><Data Name='SubjectUserSid'>S-1-5-21-404346624-2769923240-1900471442-1000</Data><Data Name='SubjectUserName'>o-neo</Data><Data Name='SubjectDomainName'>DESKTOP-FOEGBB0</Data><Data Name='SubjectLogonId'>0x695d3</Data><Data Name='NewProcessId'>0x2340</Data><Data Name='NewProcessName'>C:\Users\o-neo\.cache\codex-runtimes\codex-primary-runtime\dependencies\native\git\mingw64\bin\git.exe</Data><Data Name='TokenElevationType'>%%1938</Data><Data Name='ProcessId'>0x19e0</Data><Data Name='CommandLine'>git.exe -c safe.bareRepository=explicit config --null --get core.fsmonitor</Data><Data Name='TargetUserSid'>S-1-0-0</Data><Data Name='TargetUserName'>-</Data><Data Name='TargetDomainName'>-</Data><Data Name='TargetLogonId'>0x0</Data><Data Name='ParentProcessName'>C:\Users\o-neo\.cache\codex-runtimes\codex-primary-runtime\dependencies\native\git\cmd\git.exe</Data><Data Name='MandatoryLabel'>S-1-16-8192</Data></EventData></Event><Event xmlns='http://schemas.microsoft.com/win/2004/08/events/event'><System><Provider Name='Microsoft-Windows-Security-Auditing' Guid='{54849625-5478-4994-a5ba-3e3b0328c30d}'/><EventID>4688</EventID><Version>2</Version><Level>0</Level><Task>13312</Task><Opcode>0</Opcode><Keywords>0x8020000000000000</Keywords><TimeCreated SystemTime='2026-09-13T21:39:43.2751718Z'/><EventRecordID>213076</EventRecordID><Correlation/><Execution ProcessID='4' ThreadID='10052'/><Channel>Security</Channel><Computer>DESKTOP-FOEGBB0</Computer><Security/></System><EventData><Data Name='SubjectUserSid'>S-1-5-21-404346624-2769923240-1900471442-1000</Data><Data Name='SubjectUserName'>o-neo</Data><Data Name='SubjectDomainName'>DESKTOP-FOEGBB0</Data><Data Name='SubjectLogonId'>0x695d3</Data><Data Name='NewProcessId'>0x22dc</Data><Data Name='NewProcessName'>C:\Users\o-neo\.cache\codex-runtimes\codex-primary-runtime\dependencies\native\git\cmd\git.exe</Data><Data Name='TokenElevationType'>%%1938</Data><Data Name='ProcessId'>0x1e8</Data><Data Name='CommandLine'>C:\Users\o-neo\.cache\codex-runtimes\codex-primary-runtime\dependencies\native\git\cmd\git.exe -c safe.bareRepository=explicit -c core.hooksPath=NUL -c core.fsmonitor= symbolic-ref --quiet refs/remotes/origin/HEAD</Data><Data Name='TargetUserSid'>S-1-0-0</Data><Data Name='TargetUserName'>-</Data><Data Name='TargetDomainName'>-</Data><Data Name='TargetLogonId'>0x0</Data><Data Name='ParentProcessName'>C:\Program Files\WindowsApps\OpenAI.Codex_26.908.4834.0_x64__2p2nqsd0c76g0\app\ChatGPT.exe</Data><Data Name='MandatoryLabel'>S-1-16-8192</Data></EventData></Event><Event xmlns='http://schemas.microsoft.com/win/2004/08/events/event'><System><Provider Name='Microsoft-Windows-Security-Auditing' Guid='{54849625-5478-4994-a5ba-3e3b0328c30d}'/><EventID>4688</EventID><Version>2</Version><Level>0</Level><Task>13312</Task><Opcode>0</Opcode><Keywords>0x8020000000000000</Keywords><TimeCreated SystemTime='2026-09-13T21:39:43.3289578Z'/><EventRecordID>213077</EventRecordID><Correlation/><Execution ProcessID='4' ThreadID='13080'/><Channel>Security</Channel><Computer>DESKTOP-FOEGBB0</Computer><Security/></System><EventData><Data Name='SubjectUserSid'>S-1-5-21-404346624-2769923240-1900471442-1000</Data><Data Name='SubjectUserName'>o-neo</Data><Data Name='SubjectDomainName'>DESKTOP-FOEGBB0</Data><Data Name='SubjectLogonId'>0x695d3</Data><Data Name='NewProcessId'>0x2b54</Data><Data Name='NewProcessName'>C:\Windows\System32\conhost.exe</Data><Data Name='TokenElevationType'>%%1938</Data><Data Name='ProcessId'>0x22dc</Data><Data Name='CommandLine'>\??\C:\WINDOWS\system32\conhost.exe 0xffffffff -ForceV1</Data><Data Name='TargetUserSid'>S-1-0-0</Data><Data Name='TargetUserName'>-</Data><Data Name='TargetDomainName'>-</Data><Data Name='TargetLogonId'>0x0</Data><Data Name='ParentProcessName'>C:\Users\o-neo\.cache\codex-runtimes\codex-primary-runtime\dependencies\native\git\cmd\git.exe</Data><Data Name='MandatoryLabel'>S-1-16-8192</Data></EventData></Event><Event xmlns='http://schemas.microsoft.com/win/2004/08/events/event'><System><Provider Name='Microsoft-Windows-Security-Auditing' Guid='{54849625-5478-4994-a5ba-3e3b0328c30d}'/><EventID>4688</EventID><Version>2</Version><Level>0</Level><Task>13312</Task><Opcode>0</Opcode><Keywords>0x8020000000000000</Keywords><TimeCreated SystemTime='2026-09-13T21:39:43.4746656Z'/><EventRecordID>213078</EventRecordID><Correlation/><Execution ProcessID='4' ThreadID='13080'/><Channel>Security</Channel><Computer>DESKTOP-FOEGBB0</Computer><Security/></System><EventData><Data Name='SubjectUserSid'>S-1-5-21-404346624-2769923240-1900471442-1000</Data><Data Name='SubjectUserName'>o-neo</Data><Data Name='SubjectDomainName'>DESKTOP-FOEGBB0</Data><Data Name='SubjectLogonId'>0x695d3</Data><Data Name='NewProcessId'>0x257c</Data><Data Name='NewProcessName'>C:\Users\o-neo\.cache\codex-runtimes\codex-primary-runtime\dependencies\native\git\mingw64\bin\git.exe</Data><Data Name='TokenElevationType'>%%1938</Data><Data Name='ProcessId'>0x22dc</Data><Data Name='CommandLine'>git.exe -c safe.bareRepository=explicit -c core.hooksPath=NUL -c core.fsmonitor= symbolic-ref --quiet refs/remotes/origin/HEAD</Data><Data Name='TargetUserSid'>S-1-0-0</Data><Data Name='TargetUserName'>-</Data><Data Name='TargetDomainName'>-</Data><Data Name='TargetLogonId'>0x0</Data><Data Name='ParentProcessName'>C:\Users\o-neo\.cache\codex-runtimes\codex-primary-runtime\dependencies\native\git\cmd\git.exe</Data><Data Name='MandatoryLabel'>S-1-16-8192</Data></EventData></Event><Event xmlns='http://schemas.microsoft.com/win/2004/08/events/event'><System><Provider Name='Microsoft-Windows-Security-Auditing' Guid='{54849625-5478-4994-a5ba-3e3b0328c30d}'/><EventID>4688</EventID><Version>2</Version><Level>0</Level><Task>13312</Task><Opcode>0</Opcode><Keywords>0x8020000000000000</Keywords><TimeCreated SystemTime='2026-09-13T21:39:43.6835335Z'/><EventRecordID>213079</EventRecordID><Correlation/><Execution ProcessID='4' ThreadID='2308'/><Channel>Security</Channel><Computer>DESKTOP-FOEGBB0</Computer><Security/></System><EventData><Data Name='SubjectUserSid'>S-1-5-21-404346624-2769923240-1900471442-1003</Data><Data Name='SubjectUserName'>CodexSandboxOffline</Data><Data Name='SubjectDomainName'>DESKTOP-FOEGBB0</Data><Data Name='SubjectLogonId'>0x393a440</Data><Data Name='NewProcessId'>0xaec</Data><Data Name='NewProcessName'>C:\Windows\System32\conhost.exe</Data><Data Name='TokenElevationType'>%%1936</Data><Data Name='ProcessId'>0x17c4</Data><Data Name='CommandLine'>\??\C:\WINDOWS\system32\conhost.exe 0xffffffff -ForceV1</Data><Data Name='TargetUserSid'>S-1-0-0</Data><Data Name='TargetUserName'>-</Data><Data Name='TargetDomainName'>-</Data><Data Name='TargetLogonId'>0x0</Data><Data Name='ParentProcessName'>C:\Users\o-neo\.cache\codex-runtimes\codex-primary-runtime\dependencies\native\powershell\pwsh.exe</Data><Data Name='MandatoryLabel'>S-1-16-8192</Data></EventData></Event><Event xmlns='http://schemas.microsoft.com/win/2004/08/events/event'><System><Provider Name='Microsoft-Windows-Security-Auditing' Guid='{54849625-5478-4994-a5ba-3e3b0328c30d}'/><EventID>4688</EventID><Version>2</Version><Level>0</Level><Task>13312</Task><Opcode>0</Opcode><Keywords>0x8020000000000000</Keywords><TimeCreated SystemTime='2026-09-13T21:39:44.2756836Z'/><EventRecordID>213080</EventRecordID><Correlation/><Execution ProcessID='4' ThreadID='2308'/><Channel>Security</Channel><Computer>DESKTOP-FOEGBB0</Computer><Security/></System><EventData><Data Name='SubjectUserSid'>S-1-5-21-404346624-2769923240-1900471442-1000</Data><Data Name='SubjectUserName'>o-neo</Data><Data Name='SubjectDomainName'>DESKTOP-FOEGBB0</Data><Data Name='SubjectLogonId'>0x695d3</Data><Data Name='NewProcessId'>0x2914</Data><Data Name='NewProcessName'>C:\Users\o-neo\.cache\codex-runtimes\codex-primary-runtime\dependencies\native\git\cmd\git.exe</Data><Data Name='TokenElevationType'>%%1938</Data><Data Name='ProcessId'>0x1e8</Data><Data Name='CommandLine'>C:\Users\o-neo\.cache\codex-runtimes\codex-primary-runtime\dependencies\native\git\cmd\git.exe -c safe.bareRepository=explicit config --null --get core.fsmonitor</Data><Data Name='TargetUserSid'>S-1-0-0</Data><Data Name='TargetUserName'>-</Data><Data Name='TargetDomainName'>-</Data><Data Name='TargetLogonId'>0x0</Data><Data Name='ParentProcessName'>C:\Program Files\WindowsApps\OpenAI.Codex_26.908.4834.0_x64__2p2nqsd0c76g0\app\ChatGPT.exe</Data><Data Name='MandatoryLabel'>S-1-16-8192</Data></EventData></Event><Event xmlns='http://schemas.microsoft.com/win/2004/08/events/event'><System><Provider Name='Microsoft-Windows-Security-Auditing' Guid='{54849625-5478-4994-a5ba-3e3b0328c30d}'/><EventID>4688</EventID><Version>2</Version><Level>0</Level><Task>13312</Task><Opcode>0</Opcode><Keywords>0x8020000000000000</Keywords><TimeCreated SystemTime='2026-09-13T21:39:44.4931679Z'/><EventRecordID>213081</EventRecordID><Correlation/><Execution ProcessID='4' ThreadID='13080'/><Channel>Security</Channel><Computer>DESKTOP-FOEGBB0</Computer><Security/></System><EventData><Data Name='SubjectUserSid'>S-1-5-21-404346624-2769923240-1900471442-1000</Data><Data Name='SubjectUserName'>o-neo</Data><Data Name='SubjectDomainName'>DESKTOP-FOEGBB0</Data><Data Name='SubjectLogonId'>0x695d3</Data><Data Name='NewProcessId'>0x2720</Data><Data Name='NewProcessName'>C:\Windows\System32\conhost.exe</Data><Data Name='TokenElevationType'>%%1938</Data><Data Name='ProcessId'>0x2914</Data><Data Name='CommandLine'>\??\C:\WINDOWS\system32\conhost.exe 0xffffffff -ForceV1</Data><Data Name='TargetUserSid'>S-1-0-0</Data><Data Name='TargetUserName'>-</Data><Data Name='TargetDomainName'>-</Data><Data Name='TargetLogonId'>0x0</Data><Data Name='ParentProcessName'>C:\Users\o-neo\.cache\codex-runtimes\codex-primary-runtime\dependencies\native\git\cmd\git.exe</Data><Data Name='MandatoryLabel'>S-1-16-8192</Data></EventData></Event><Event xmlns='http://schemas.microsoft.com/win/2004/08/events/event'><System><Provider Name='Microsoft-Windows-Security-Auditing' Guid='{54849625-5478-4994-a5ba-3e3b0328c30d}'/><EventID>4688</EventID><Version>2</Version><Level>0</Level><Task>13312</Task><Opcode>0</Opcode><Keywords>0x8020000000000000</Keywords><TimeCreated SystemTime='2026-09-13T21:39:45.3850508Z'/><EventRecordID>213082</EventRecordID><Correlation/><Execution ProcessID='4' ThreadID='9488'/><Channel>Security</Channel><Computer>DESKTOP-FOEGBB0</Computer><Security/></System><EventData><Data Name='SubjectUserSid'>S-1-5-21-404346624-2769923240-1900471442-1000</Data><Data Name='SubjectUserName'>o-neo</Data><Data Name='SubjectDomainName'>DESKTOP-FOEGBB0</Data><Data Name='SubjectLogonId'>0x695d3</Data><Data Name='NewProcessId'>0xb40</Data><Data Name='NewProcessName'>C:\Users\o-neo\.cache\codex-runtimes\codex-primary-runtime\dependencies\native\git\mingw64\bin\git.exe</Data><Data Name='TokenElevationType'>%%1938</Data><Data Name='ProcessId'>0x2914</Data><Data Name='CommandLine'>git.exe -c safe.bareRepository=explicit config --null --get core.fsmonitor</Data><Data Name='TargetUserSid'>S-1-0-0</Data><Data Name='TargetUserName'>-</Data><Data Name='TargetDomainName'>-</Data><Data Name='TargetLogonId'>0x0</Data><Data Name='ParentProcessName'>C:\Users\o-neo\.cache\codex-runtimes\codex-primary-runtime\dependencies\native\git\cmd\git.exe</Data><Data Name='MandatoryLabel'>S-1-16-8192</Data></EventData></Event><Event xmlns='http://schemas.microsoft.com/win/2004/08/events/event'><System><Provider Name='Microsoft-Windows-Security-Auditing' Guid='{54849625-5478-4994-a5ba-3e3b0328c30d}'/><EventID>4688</EventID><Version>2</Version><Level>0</Level><Task>13312</Task><Opcode>0</Opcode><Keywords>0x8020000000000000</Keywords><TimeCreated SystemTime='2026-09-13T21:39:46.7509816Z'/><EventRecordID>213085</EventRecordID><Correlation/><Execution ProcessID='4' ThreadID='6456'/><Channel>Security</Channel><Computer>DESKTOP-FOEGBB0</Computer><Security/></System><EventData><Data Name='SubjectUserSid'>S-1-5-21-404346624-2769923240-1900471442-1000</Data><Data Name='SubjectUserName'>o-neo</Data><Data Name='SubjectDomainName'>DESKTOP-FOEGBB0</Data><Data Name='SubjectLogonId'>0x695d3</Data><Data Name='NewProcessId'>0xb44</Data><Data Name='NewProcessName'>C:\Users\o-neo\.cache\codex-runtimes\codex-primary-runtime\dependencies\native\git\cmd\git.exe</Data><Data Name='TokenElevationType'>%%1938</Data><Data Name='ProcessId'>0x1e8</Data><Data Name='CommandLine'>C:\Users\o-neo\.cache\codex-runtimes\codex-primary-runtime\dependencies\native\git\cmd\git.exe -c safe.bareRepository=explicit -c core.hooksPath=NUL -c core.fsmonitor= remote show origin</Data><Data Name='TargetUserSid'>S-1-0-0</Data><Data Name='TargetUserName'>-</Data><Data Name='TargetDomainName'>-</Data><Data Name='TargetLogonId'>0x0</Data><Data Name='ParentProcessName'>C:\Program Files\WindowsApps\OpenAI.Codex_26.908.4834.0_x64__2p2nqsd0c76g0\app\ChatGPT.exe</Data><Data Name='MandatoryLabel'>S-1-16-8192</Data></EventData></Event><Event xmlns='http://schemas.microsoft.com/win/2004/08/events/event'><System><Provider Name='Microsoft-Windows-Security-Auditing' Guid='{54849625-5478-4994-a5ba-3e3b0328c30d}'/><EventID>4688</EventID><Version>2</Version><Level>0</Level><Task>13312</Task><Opcode>0</Opcode><Keywords>0x8020000000000000</Keywords><TimeCreated SystemTime='2026-09-13T21:39:46.8310487Z'/><EventRecordID>213086</EventRecordID><Correlation/><Execution ProcessID='4' ThreadID='2848'/><Channel>Security</Channel><Computer>DESKTOP-FOEGBB0</Computer><Security/></System><EventData><Data Name='SubjectUserSid'>S-1-5-21-404346624-2769923240-1900471442-1000</Data><Data Name='SubjectUserName'>o-neo</Data><Data Name='SubjectDomainName'>DESKTOP-FOEGBB0</Data><Data Name='SubjectLogonId'>0x695d3</Data><Data Name='NewProcessId'>0x30b8</Data><Data Name='NewProcessName'>C:\Windows\System32\conhost.exe</Data><Data Name='TokenElevationType'>%%1938</Data><Data Name='ProcessId'>0xb44</Data><Data Name='CommandLine'>\??\C:\WINDOWS\system32\conhost.exe 0xffffffff -ForceV1</Data><Data Name='TargetUserSid'>S-1-0-0</Data><Data Name='TargetUserName'>-</Data><Data Name='TargetDomainName'>-</Data><Data Name='TargetLogonId'>0x0</Data><Data Name='ParentProcessName'>C:\Users\o-neo\.cache\codex-runtimes\codex-primary-runtime\dependencies\native\git\cmd\git.exe</Data><Data Name='MandatoryLabel'>S-1-16-8192</Data></EventData></Event><Event xmlns='http://schemas.microsoft.com/win/2004/08/events/event'><System><Provider Name='Microsoft-Windows-Security-Auditing' Guid='{54849625-5478-4994-a5ba-3e3b0328c30d}'/><EventID>4688</EventID><Version>2</Version><Level>0</Level><Task>13312</Task><Opcode>0</Opcode><Keywords>0x8020000000000000</Keywords><TimeCreated SystemTime='2026-09-13T21:39:47.4264408Z'/><EventRecordID>213087</EventRecordID><Correlation/><Execution ProcessID='4' ThreadID='6456'/><Channel>Security</Channel><Computer>DESKTOP-FOEGBB0</Computer><Security/></System><EventData><Data Name='SubjectUserSid'>S-1-5-21-404346624-2769923240-1900471442-1000</Data><Data Name='SubjectUserName'>o-neo</Data><Data Name='SubjectDomainName'>DESKTOP-FOEGBB0</Data><Data Name='SubjectLogonId'>0x695d3</Data><Data Name='NewProcessId'>0x2aac</Data><Data Name='NewProcessName'>C:\Users\o-neo\.cache\codex-runtimes\codex-primary-runtime\dependencies\native\git\mingw64\bin\git.exe</Data><Data Name='TokenElevationType'>%%1938</Data><Data Name='ProcessId'>0xb44</Data><Data Name='CommandLine'>git.exe -c safe.bareRepository=explicit -c core.hooksPath=NUL -c core.fsmonitor= remote show origin</Data><Data Name='TargetUserSid'>S-1-0-0</Data><Data Name='TargetUserName'>-</Data><Data Name='TargetDomainName'>-</Data><Data Name='TargetLogonId'>0x0</Data><Data Name='ParentProcessName'>C:\Users\o-neo\.cache\codex-runtimes\codex-primary-runtime\dependencies\native\git\cmd\git.exe</Data><Data Name='MandatoryLabel'>S-1-16-8192</Data></EventData></Event><Event xmlns='http://schemas.microsoft.com/win/2004/08/events/event'><System><Provider Name='Microsoft-Windows-Security-Auditing' Guid='{54849625-5478-4994-a5ba-3e3b0328c30d}'/><EventID>4688</EventID><Version>2</Version><Level>0</Level><Task>13312</Task><Opcode>0</Opcode><Keywords>0x8020000000000000</Keywords><TimeCreated SystemTime='2026-09-13T21:39:47.9532752Z'/><EventRecordID>213088</EventRecordID><Correlation/><Execution ProcessID='4' ThreadID='6456'/><Channel>Security</Channel><Computer>DESKTOP-FOEGBB0</Computer><Security/></System><EventData><Data Name='SubjectUserSid'>S-1-5-21-404346624-2769923240-1900471442-1000</Data><Data Name='SubjectUserName'>o-neo</Data><Data Name='SubjectDomainName'>DESKTOP-FOEGBB0</Data><Data Name='SubjectLogonId'>0x695d3</Data><Data Name='NewProcessId'>0x1030</Data><Data Name='NewProcessName'>C:\Users\o-neo\.cache\codex-runtimes\codex-primary-runtime\dependencies\native\git\mingw64\bin\git.exe</Data><Data Name='TokenElevationType'>%%1938</Data><Data Name='ProcessId'>0x2aac</Data><Data Name='CommandLine'>git remote-https origin https://github.com/Vip-Gece/vip-gece-web.git</Data><Data Name='TargetUserSid'>S-1-0-0</Data><Data Name='TargetUserName'>-</Data><Data Name='TargetDomainName'>-</Data><Data Name='TargetLogonId'>0x0</Data><Data Name='ParentProcessName'>C:\Users\o-neo\.cache\codex-runtimes\codex-primary-runtime\dependencies\native\git\mingw64\bin\git.exe</Data><Data Name='MandatoryLabel'>S-1-16-8192</Data></EventData></Event><Event xmlns='http://schemas.microsoft.com/win/2004/08/events/event'><System><Provider Name='Microsoft-Windows-Security-Auditing' Guid='{54849625-5478-4994-a5ba-3e3b0328c30d}'/><EventID>4688</EventID><Version>2</Version><Level>0</Level><Task>13312</Task><Opcode>0</Opcode><Keywords>0x8020000000000000</Keywords><TimeCreated SystemTime='2026-09-13T21:39:48.6153509Z'/><EventRecordID>213091</EventRecordID><Correlation/><Execution ProcessID='4' ThreadID='2848'/><Channel>Security</Channel><Computer>DESKTOP-FOEGBB0</Computer><Security/></System><EventData><Data Name='SubjectUserSid'>S-1-5-21-404346624-2769923240-1900471442-1000</Data><Data Name='SubjectUserName'>o-neo</Data><Data Name='SubjectDomainName'>DESKTOP-FOEGBB0</Data><Data Name='SubjectLogonId'>0x695d3</Data><Data Name='NewProcessId'>0x2794</Data><Data Name='NewProcessName'>C:\Users\o-neo\.cache\codex-runtimes\codex-primary-runtime\dependencies\native\git\mingw64\bin\git-remote-https.exe</Data><Data Name='TokenElevationType'>%%1938</Data><Data Name='ProcessId'>0x1030</Data><Data Name='CommandLine'>git-remote-https origin https://github.com/Vip-Gece/vip-gece-web.git</Data><Data Name='TargetUserSid'>S-1-0-0</Data><Data Name='TargetUserName'>-</Data><Data Name='TargetDomainName'>-</Data><Data Name='TargetLogonId'>0x0</Data><Data Name='ParentProcessName'>C:\Users\o-neo\.cache\codex-runtimes\codex-primary-runtime\dependencies\native\git\mingw64\bin\git.exe</Data><Data Name='MandatoryLabel'>S-1-16-8192</Data></EventData></Event><Event xmlns='http://schemas.microsoft.com/win/2004/08/events/event'><System><Provider Name='Microsoft-Windows-Security-Auditing' Guid='{54849625-5478-4994-a5ba-3e3b0328c30d}'/><EventID>4688</EventID><Version>2</Version><Level>0</Level><Task>13312</Task><Opcode>0</Opcode><Keywords>0x8020000000000000</Keywords><TimeCreated SystemTime='2026-09-13T21:39:50.8629059Z'/><EventRecordID>213092</EventRecordID><Correlation/><Execution ProcessID='4' ThreadID='10056'/><Channel>Security</Channel><Computer>DESKTOP-FOEGBB0</Computer><Security/></System><EventData><Data Name='SubjectUserSid'>S-1-5-21-404346624-2769923240-1900471442-1003</Data><Data Name='SubjectUserName'>CodexSandboxOffline</Data><Data Name='SubjectDomainName'>DESKTOP-FOEGBB0</Data><Data Name='SubjectLogonId'>0x393a440</Data><Data Name='NewProcessId'>0x226c</Data><Data Name='NewProcessName'>C:\Windows\System32\curl.exe</Data><Data Name='TokenElevationType'>%%1936</Data><Data Name='ProcessId'>0x17c4</Data><Data Name='CommandLine'>"C:\WINDOWS\system32\curl.exe" -k -sS -H "Accept: application/rdap+json" https://rdap.verisign.com/com/v1/domain/METAVERSEPBX.COM</Data><Data Name='TargetUserSid'>S-1-0-0</Data><Data Name='TargetUserName'>-</Data><Data Name='TargetDomainName'>-</Data><Data Name='TargetLogonId'>0x0</Data><Data Name='ParentProcessName'>C:\Users\o-neo\.cache\codex-runtimes\codex-primary-runtime\dependencies\native\powershell\pwsh.exe</Data><Data Name='MandatoryLabel'>S-1-16-8192</Data></EventData></Event><Event xmlns='http://schemas.microsoft.com/win/2004/08/events/event'><System><Provider Name='Microsoft-Windows-Security-Auditing' Guid='{54849625-5478-4994-a5ba-3e3b0328c30d}'/><EventID>4688</EventID><Version>2</Version><Level>0</Level><Task>13312</Task><Opcode>0</Opcode><Keywords>0x8020000000000000</Keywords><TimeCreated SystemTime='2026-09-13T21:39:51.0263770Z'/><EventRecordID>213093</EventRecordID><Correlation/><Execution ProcessID='4' ThreadID='10056'/><Channel>Security</Channel><Computer>DESKTOP-FOEGBB0</Computer><Security/></System><EventData><Data Name='SubjectUserSid'>S-1-5-21-404346624-2769923240-1900471442-1000</Data><Data Name='SubjectUserName'>o-neo</Data><Data Name='SubjectDomainName'>DESKTOP-FOEGBB0</Data><Data Name='SubjectLogonId'>0x695d3</Data><Data Name='NewProcessId'>0x24f4</Data><Data Name='NewProcessName'>C:\Users\o-neo\.cache\codex-runtimes\codex-primary-runtime\dependencies\native\git\cmd\git.exe</Data><Data Name='TokenElevationType'>%%1938</Data><Data Name='ProcessId'>0x1e8</Data><Data Name='CommandLine'>C:\Users\o-neo\.cache\codex-runtimes\codex-primary-runtime\dependencies\native\git\cmd\git.exe -c safe.bareRepository=explicit config --null --get core.fsmonitor</Data><Data Name='TargetUserSid'>S-1-0-0</Data><Data Name='TargetUserName'>-</Data><Data Name='TargetDomainName'>-</Data><Data Name='TargetLogonId'>0x0</Data><Data Name='ParentProcessName'>C:\Program Files\WindowsApps\OpenAI.Codex_26.908.4834.0_x64__2p2nqsd0c76g0\app\ChatGPT.exe</Data><Data Name='MandatoryLabel'>S-1-16-8192</Data></EventData></Event><Event xmlns='http://schemas.microsoft.com/win/2004/08/events/event'><System><Provider Name='Microsoft-Windows-Security-Auditing' Guid='{54849625-5478-4994-a5ba-3e3b0328c30d}'/><EventID>4688</EventID><Version>2</Version><Level>0</Level><Task>13312</Task><Opcode>0</Opcode><Keywords>0x8020000000000000</Keywords><TimeCreated SystemTime='2026-09-13T21:39:51.0869891Z'/><EventRecordID>213094</EventRecordID><Correlation/><Execution ProcessID='4' ThreadID='2848'/><Channel>Security</Channel><Computer>DESKTOP-FOEGBB0</Computer><Security/></System><EventData><Data Name='SubjectUserSid'>S-1-5-21-404346624-2769923240-1900471442-1000</Data><Data Name='SubjectUserName'>o-neo</Data><Data Name='SubjectDomainName'>DESKTOP-FOEGBB0</Data><Data Name='SubjectLogonId'>0x695d3</Data><Data Name='NewProcessId'>0x2c28</Data><Data Name='NewProcessName'>C:\Windows\System32\conhost.exe</Data><Data Name='TokenElevationType'>%%1938</Data><Data Name='ProcessId'>0x24f4</Data><Data Name='CommandLine'>\??\C:\WINDOWS\system32\conhost.exe 0xffffffff -ForceV1</Data><Data Name='TargetUserSid'>S-1-0-0</Data><Data Name='TargetUserName'>-</Data><Data Name='TargetDomainName'>-</Data><Data Name='TargetLogonId'>0x0</Data><Data Name='ParentProcessName'>C:\Users\o-neo\.cache\codex-runtimes\codex-primary-runtime\dependencies\native\git\cmd\git.exe</Data><Data Name='MandatoryLabel'>S-1-16-8192</Data></EventData></Event><Event xmlns='http://schemas.microsoft.com/win/2004/08/events/event'><System><Provider Name='Microsoft-Windows-Security-Auditing' Guid='{54849625-5478-4994-a5ba-3e3b0328c30d}'/><EventID>4688</EventID><Version>2</Version><Level>0</Level><Task>13312</Task><Opcode>0</Opcode><Keywords>0x8020000000000000</Keywords><TimeCreated SystemTime='2026-09-13T21:39:51.5884294Z'/><EventRecordID>213095</EventRecordID><Correlation/><Execution ProcessID='4' ThreadID='10056'/><Channel>Security</Channel><Computer>DESKTOP-FOEGBB0</Computer><Security/></System><EventData><Data Name='SubjectUserSid'>S-1-5-21-404346624-2769923240-1900471442-1000</Data><Data Name='SubjectUserName'>o-neo</Data><Data Name='SubjectDomainName'>DESKTOP-FOEGBB0</Data><Data Name='SubjectLogonId'>0x695d3</Data><Data Name='NewProcessId'>0x23ec</Data><Data Name='NewProcessName'>C:\Users\o-neo\.cache\codex-runtimes\codex-primary-runtime\dependencies\native\git\mingw64\bin\git.exe</Data><Data Name='TokenElevationType'>%%1938</Data><Data Name='ProcessId'>0x24f4</Data><Data Name='CommandLine'>git.exe -c safe.bareRepository=explicit config --null --get core.fsmonitor</Data><Data Name='TargetUserSid'>S-1-0-0</Data><Data Name='TargetUserName'>-</Data><Data Name='TargetDomainName'>-</Data><Data Name='TargetLogonId'>0x0</Data><Data Name='ParentProcessName'>C:\Users\o-neo\.cache\codex-runtimes\codex-primary-runtime\dependencies\native\git\cmd\git.exe</Data><Data Name='MandatoryLabel'>S-1-16-8192</Data></EventData></Event><Event xmlns='http://schemas.microsoft.com/win/2004/08/events/event'><System><Provider Name='Microsoft-Windows-Security-Auditing' Guid='{54849625-5478-4994-a5ba-3e3b0328c30d}'/><EventID>4688</EventID><Version>2</Version><Level>0</Level><Task>13312</Task><Opcode>0</Opcode><Keywords>0x8020000000000000</Keywords><TimeCreated SystemTime='2026-09-13T21:39:52.0551741Z'/><EventRecordID>213096</EventRecordID><Correlation/><Execution ProcessID='4' ThreadID='2308'/><Channel>Security</Channel><Computer>DESKTOP-FOEGBB0</Computer><Security/></System><EventData><Data Name='SubjectUserSid'>S-1-5-21-404346624-2769923240-1900471442-1000</Data><Data Name='SubjectUserName'>o-neo</Data><Data Name='SubjectDomainName'>DESKTOP-FOEGBB0</Data><Data Name='SubjectLogonId'>0x695d3</Data><Data Name='NewProcessId'>0x3230</Data><Data Name='NewProcessName'>C:\Users\o-neo\.cache\codex-runtimes\codex-primary-runtime\dependencies\native\git\cmd\git.exe</Data><Data Name='TokenElevationType'>%%1938</Data><Data Name='ProcessId'>0x1e8</Data><Data Name='CommandLine'>C:\Users\o-neo\.cache\codex-runtimes\codex-primary-runtime\dependencies\native\git\cmd\git.exe -c safe.bareRepository=explicit -c core.hooksPath=NUL -c core.fsmonitor= rev-list --count HEAD --not --remotes=origin</Data><Data Name='TargetUserSid'>S-1-0-0</Data><Data Name='TargetUserName'>-</Data><Data Name='TargetDomainName'>-</Data><Data Name='TargetLogonId'>0x0</Data><Data Name='ParentProcessName'>C:\Program Files\WindowsApps\OpenAI.Codex_26.908.4834.0_x64__2p2nqsd0c76g0\app\ChatGPT.exe</Data><Data Name='MandatoryLabel'>S-1-16-8192</Data></EventData></Event><Event xmlns='http://schemas.microsoft.com/win/2004/08/events/event'><System><Provider Name='Microsoft-Windows-Security-Auditing' Guid='{54849625-5478-4994-a5ba-3e3b0328c30d}'/><EventID>4688</EventID><Version>2</Version><Level>0</Level><Task>13312</Task><Opcode>0</Opcode><Keywords>0x8020000000000000</Keywords><TimeCreated SystemTime='2026-09-13T21:39:52.1278812Z'/><EventRecordID>213097</EventRecordID><Correlation/><Execution ProcessID='4' ThreadID='10056'/><Channel>Security</Channel><Computer>DESKTOP-FOEGBB0</Computer><Security/></System><EventData><Data Name='SubjectUserSid'>S-1-5-21-404346624-2769923240-1900471442-1000</Data><Data Name='SubjectUserName'>o-neo</Data><Data Name='SubjectDomainName'>DESKTOP-FOEGBB0</Data><Data Name='SubjectLogonId'>0x695d3</Data><Data Name='NewProcessId'>0x2e7c</Data><Data Name='NewProcessName'>C:\Windows\System32\conhost.exe</Data><Data Name='TokenElevationType'>%%1938</Data><Data Name='ProcessId'>0x3230</Data><Data Name='CommandLine'>\??\C:\WINDOWS\system32\conhost.exe 0xffffffff -ForceV1</Data><Data Name='TargetUserSid'>S-1-0-0</Data><Data Name='TargetUserName'>-</Data><Data Name='TargetDomainName'>-</Data><Data Name='TargetLogonId'>0x0</Data><Data Name='ParentProcessName'>C:\Users\o-neo\.cache\codex-runtimes\codex-primary-runtime\dependencies\native\git\cmd\git.exe</Data><Data Name='MandatoryLabel'>S-1-16-8192</Data></EventData></Event><Event xmlns='http://schemas.microsoft.com/win/2004/08/events/event'><System><Provider Name='Microsoft-Windows-Security-Auditing' Guid='{54849625-5478-4994-a5ba-3e3b0328c30d}'/><EventID>4688</EventID><Version>2</Version><Level>0</Level><Task>13312</Task><Opcode>0</Opcode><Keywords>0x8020000000000000</Keywords><TimeCreated SystemTime='2026-09-13T21:39:52.5126006Z'/><EventRecordID>213099</EventRecordID><Correlation/><Execution ProcessID='4' ThreadID='10056'/><Channel>Security</Channel><Computer>DESKTOP-FOEGBB0</Computer><Security/></System><EventData><Data Name='SubjectUserSid'>S-1-5-21-404346624-2769923240-1900471442-1000</Data><Data Name='SubjectUserName'>o-neo</Data><Data Name='SubjectDomainName'>DESKTOP-FOEGBB0</Data><Data Name='SubjectLogonId'>0x695d3</Data><Data Name='NewProcessId'>0x2e50</Data><Data Name='NewProcessName'>C:\Users\o-neo\.cache\codex-runtimes\codex-primary-runtime\dependencies\native\git\mingw64\bin\git.exe</Data><Data Name='TokenElevationType'>%%1938</Data><Data Name='ProcessId'>0x3230</Data><Data Name='CommandLine'>git.exe -c safe.bareRepository=explicit -c core.hooksPath=NUL -c core.fsmonitor= rev-list --count HEAD --not --remotes=origin</Data><Data Name='TargetUserSid'>S-1-0-0</Data><Data Name='TargetUserName'>-</Data><Data Name='TargetDomainName'>-</Data><Data Name='TargetLogonId'>0x0</Data><Data Name='ParentProcessName'>C:\Users\o-neo\.cache\codex-runtimes\codex-primary-runtime\dependencies\native\git\cmd\git.exe</Data><Data Name='MandatoryLabel'>S-1-16-8192</Data></EventData></Event><Event xmlns='http://schemas.microsoft.com/win/2004/08/events/event'><System><Provider Name='Microsoft-Windows-Security-Auditing' Guid='{54849625-5478-4994-a5ba-3e3b0328c30d}'/><EventID>4688</EventID><Version>2</Version><Level>0</Level><Task>13312</Task><Opcode>0</Opcode><Keywords>0x8020000000000000</Keywords><TimeCreated SystemTime='2026-09-13T21:39:53.3664908Z'/><EventRecordID>213101</EventRecordID><Correlation/><Execution ProcessID='4' ThreadID='2308'/><Channel>Security</Channel><Computer>DESKTOP-FOEGBB0</Computer><Security/></System><EventData><Data Name='SubjectUserSid'>S-1-5-21-404346624-2769923240-1900471442-1000</Data><Data Name='SubjectUserName'>o-neo</Data><Data Name='SubjectDomainName'>DESKTOP-FOEGBB0</Data><Data Name='SubjectLogonId'>0x695d3</Data><Data Name='NewProcessId'>0x90c</Data><Data Name='NewProcessName'>C:\Users\o-neo\.cache\codex-runtimes\codex-primary-runtime\dependencies\native\git\cmd\git.exe</Data><Data Name='TokenElevationType'>%%1938</Data><Data Name='ProcessId'>0x1e8</Data><Data Name='CommandLine'>C:\Users\o-neo\.cache\codex-runtimes\codex-primary-runtime\dependencies\native\git\cmd\git.exe -c safe.bareRepository=explicit config --null --get core.fsmonitor</Data><Data Name='TargetUserSid'>S-1-0-0</Data><Data Name='TargetUserName'>-</Data><Data Name='TargetDomainName'>-</Data><Data Name='TargetLogonId'>0x0</Data><Data Name='ParentProcessName'>C:\Program Files\WindowsApps\OpenAI.Codex_26.908.4834.0_x64__2p2nqsd0c76g0\app\ChatGPT.exe</Data><Data Name='MandatoryLabel'>S-1-16-8192</Data></EventData></Event><Event xmlns='http://schemas.microsoft.com/win/2004/08/events/event'><System><Provider Name='Microsoft-Windows-Security-Auditing' Guid='{54849625-5478-4994-a5ba-3e3b0328c30d}'/><EventID>4688</EventID><Version>2</Version><Level>0</Level><Task>13312</Task><Opcode>0</Opcode><Keywords>0x8020000000000000</Keywords><TimeCreated SystemTime='2026-09-13T21:39:53.7750872Z'/><EventRecordID>213102</EventRecordID><Correlation/><Execution ProcessID='4' ThreadID='4296'/><Channel>Security</Channel><Computer>DESKTOP-FOEGBB0</Computer><Security/></System><EventData><Data Name='SubjectUserSid'>S-1-5-21-404346624-2769923240-1900471442-1000</Data><Data Name='SubjectUserName'>o-neo</Data><Data Name='SubjectDomainName'>DESKTOP-FOEGBB0</Data><Data Name='SubjectLogonId'>0x695d3</Data><Data Name='NewProcessId'>0x30dc</Data><Data Name='NewProcessName'>C:\Windows\System32\conhost.exe</Data><Data Name='TokenElevationType'>%%1938</Data><Data Name='ProcessId'>0x90c</Data><Data Name='CommandLine'>\??\C:\WINDOWS\system32\conhost.exe 0xffffffff -ForceV1</Data><Data Name='TargetUserSid'>S-1-0-0</Data><Data Name='TargetUserName'>-</Data><Data Name='TargetDomainName'>-</Data><Data Name='TargetLogonId'>0x0</Data><Data Name='ParentProcessName'>C:\Users\o-neo\.cache\codex-runtimes\codex-primary-runtime\dependencies\native\git\cmd\git.exe</Data><Data Name='MandatoryLabel'>S-1-16-8192</Data></EventData></Event><Event xmlns='http://schemas.microsoft.com/win/2004/08/events/event'><System><Provider Name='Microsoft-Windows-Security-Auditing' Guid='{54849625-5478-4994-a5ba-3e3b0328c30d}'/><EventID>4688</EventID><Version>2</Version><Level>0</Level><Task>13312</Task><Opcode>0</Opcode><Keywords>0x8020000000000000</Keywords><TimeCreated SystemTime='2026-09-13T21:39:55.0297506Z'/><EventRecordID>213103</EventRecordID><Correlation/><Execution ProcessID='4' ThreadID='10056'/><Channel>Security</Channel><Computer>DESKTOP-FOEGBB0</Computer><Security/></System><EventData><Data Name='SubjectUserSid'>S-1-5-21-404346624-2769923240-1900471442-1000</Data><Data Name='SubjectUserName'>o-neo</Data><Data Name='SubjectDomainName'>DESKTOP-FOEGBB0</Data><Data Name='SubjectLogonId'>0x695d3</Data><Data Name='NewProcessId'>0x2d18</Data><Data Name='NewProcessName'>C:\Users\o-neo\.cache\codex-runtimes\codex-primary-runtime\dependencies\native\git\mingw64\bin\git.exe</Data><Data Name='TokenElevationType'>%%1938</Data><Data Name='ProcessId'>0x90c</Data><Data Name='CommandLine'>git.exe -c safe.bareRepository=explicit config --null --get core.fsmonitor</Data><Data Name='TargetUserSid'>S-1-0-0</Data><Data Name='TargetUserName'>-</Data><Data Name='TargetDomainName'>-</Data><Data Name='TargetLogonId'>0x0</Data><Data Name='ParentProcessName'>C:\Users\o-neo\.cache\codex-runtimes\codex-primary-runtime\dependencies\native\git\cmd\git.exe</Data><Data Name='MandatoryLabel'>S-1-16-8192</Data></EventData></Event><Event xmlns='http://schemas.microsoft.com/win/2004/08/events/event'><System><Provider Name='Microsoft-Windows-Security-Auditing' Guid='{54849625-5478-4994-a5ba-3e3b0328c30d}'/><EventID>4688</EventID><Version>2</Version><Level>0</Level><Task>13312</Task><Opcode>0</Opcode><Keywords>0x8020000000000000</Keywords><TimeCreated SystemTime='2026-09-13T21:39:55.8058153Z'/><EventRecordID>213104</EventRecordID><Correlation/><Execution ProcessID='4' ThreadID='10056'/><Channel>Security</Channel><Computer>DESKTOP-FOEGBB0</Computer><Security/></System><EventData><Data Name='SubjectUserSid'>S-1-5-21-404346624-2769923240-1900471442-1000</Data><Data Name='SubjectUserName'>o-neo</Data><Data Name='SubjectDomainName'>DESKTOP-FOEGBB0</Data><Data Name='SubjectLogonId'>0x695d3</Data><Data Name='NewProcessId'>0x29f8</Data><Data Name='NewProcessName'>C:\Users\o-neo\.cache\codex-runtimes\codex-primary-runtime\dependencies\native\git\cmd\git.exe</Data><Data Name='TokenElevationType'>%%1938</Data><Data Name='ProcessId'>0x1e8</Data><Data Name='CommandLine'>C:\Users\o-neo\.cache\codex-runtimes\codex-primary-runtime\dependencies\native\git\cmd\git.exe -c diff.mnemonicPrefix=false -c diff.noprefix=false -c core.quotePath=false -c safe.bareRepository=explicit -c core.hooksPath=NUL -c core.fsmonitor= diff --no-ext-diff --no-textconv --color=never --src-prefix=a/ --dst-prefix=b/ --cached f3aa9826c2030898e8a66df0c0061268981a5595 --no-renames --name-only -z</Data><Data Name='TargetUserSid'>S-1-0-0</Data><Data Name='TargetUserName'>-</Data><Data Name='TargetDomainName'>-</Data><Data Name='TargetLogonId'>0x0</Data><Data Name='ParentProcessName'>C:\Program Files\WindowsApps\OpenAI.Codex_26.908.4834.0_x64__2p2nqsd0c76g0\app\ChatGPT.exe</Data><Data Name='MandatoryLabel'>S-1-16-8192</Data></EventData></Event><Event xmlns='http://schemas.microsoft.com/win/2004/08/events/event'><System><Provider Name='Microsoft-Windows-Security-Auditing' Guid='{54849625-5478-4994-a5ba-3e3b0328c30d}'/><EventID>4688</EventID><Version>2</Version><Level>0</Level><Task>13312</Task><Opcode>0</Opcode><Keywords>0x8020000000000000</Keywords><TimeCreated SystemTime='2026-09-13T21:39:55.8418748Z'/><EventRecordID>213105</EventRecordID><Correlation/><Execution ProcessID='4' ThreadID='10056'/><Channel>Security</Channel><Computer>DESKTOP-FOEGBB0</Computer><Security/></System><EventData><Data Name='SubjectUserSid'>S-1-5-21-404346624-2769923240-1900471442-1000</Data><Data Name='SubjectUserName'>o-neo</Data><Data Name='SubjectDomainName'>DESKTOP-FOEGBB0</Data><Data Name='SubjectLogonId'>0x695d3</Data><Data Name='NewProcessId'>0x1390</Data><Data Name='NewProcessName'>C:\Windows\System32\conhost.exe</Data><Data Name='TokenElevationType'>%%1938</Data><Data Name='ProcessId'>0x29f8</Data><Data Name='CommandLine'>\??\C:\WINDOWS\system32\conhost.exe 0xffffffff -ForceV1</Data><Data Name='TargetUserSid'>S-1-0-0</Data><Data Name='TargetUserName'>-</Data><Data Name='TargetDomainName'>-</Data><Data Name='TargetLogonId'>0x0</Data><Data Name='ParentProcessName'>C:\Users\o-neo\.cache\codex-runtimes\codex-primary-runtime\dependencies\native\git\cmd\git.exe</Data><Data Name='MandatoryLabel'>S-1-16-8192</Data></EventData></Event><Event xmlns='http://schemas.microsoft.com/win/2004/08/events/event'><System><Provider Name='Microsoft-Windows-Security-Auditing' Guid='{54849625-5478-4994-a5ba-3e3b0328c30d}'/><EventID>4688</EventID><Version>2</Version><Level>0</Level><Task>13312</Task><Opcode>0</Opcode><Keywords>0x8020000000000000</Keywords><TimeCreated SystemTime='2026-09-13T21:39:56.0412013Z'/><EventRecordID>213106</EventRecordID><Correlation/><Execution ProcessID='4' ThreadID='10056'/><Channel>Security</Channel><Computer>DESKTOP-FOEGBB0</Computer><Security/></System><EventData><Data Name='SubjectUserSid'>S-1-5-21-404346624-2769923240-1900471442-1000</Data><Data Name='SubjectUserName'>o-neo</Data><Data Name='SubjectDomainName'>DESKTOP-FOEGBB0</Data><Data Name='SubjectLogonId'>0x695d3</Data><Data Name='NewProcessId'>0x3394</Data><Data Name='NewProcessName'>C:\Users\o-neo\.cache\codex-runtimes\codex-primary-runtime\dependencies\native\git\mingw64\bin\git.exe</Data><Data Name='TokenElevationType'>%%1938</Data><Data Name='ProcessId'>0x29f8</Data><Data Name='CommandLine'>git.exe -c diff.mnemonicPrefix=false -c diff.noprefix=false -c core.quotePath=false -c safe.bareRepository=explicit -c core.hooksPath=NUL -c core.fsmonitor= diff --no-ext-diff --no-textconv --color=never --src-prefix=a/ --dst-prefix=b/ --cached f3aa9826c2030898e8a66df0c0061268981a5595 --no-renames --name-only -z</Data><Data Name='TargetUserSid'>S-1-0-0</Data><Data Name='TargetUserName'>-</Data><Data Name='TargetDomainName'>-</Data><Data Name='TargetLogonId'>0x0</Data><Data Name='ParentProcessName'>C:\Users\o-neo\.cache\codex-runtimes\codex-primary-runtime\dependencies\native\git\cmd\git.exe</Data><Data Name='MandatoryLabel'>S-1-16-8192</Data></EventData></Event><Event xmlns='http://schemas.microsoft.com/win/2004/08/events/event'><System><Provider Name='Microsoft-Windows-Security-Auditing' Guid='{54849625-5478-4994-a5ba-3e3b0328c30d}'/><EventID>4688</EventID><Version>2</Version><Level>0</Level><Task>13312</Task><Opcode>0</Opcode><Keywords>0x8020000000000000</Keywords><TimeCreated SystemTime='2026-09-13T21:39:56.6130557Z'/><EventRecordID>213108</EventRecordID><Correlation/><Execution ProcessID='4' ThreadID='2848'/><Channel>Security</Channel><Computer>DESKTOP-FOEGBB0</Computer><Security/></System><EventData><Data Name='SubjectUserSid'>S-1-5-21-404346624-2769923240-1900471442-1000</Data><Data Name='SubjectUserName'>o-neo</Data><Data Name='SubjectDomainName'>DESKTOP-FOEGBB0</Data><Data Name='SubjectLogonId'>0x695d3</Data><Data Name='NewProcessId'>0x2558</Data><Data Name='NewProcessName'>C:\Users\o-neo\.cache\codex-runtimes\codex-primary-runtime\dependencies\native\git\cmd\git.exe</Data><Data Name='TokenElevationType'>%%1938</Data><Data Name='ProcessId'>0x1e8</Data><Data Name='CommandLine'>C:\Users\o-neo\.cache\codex-runtimes\codex-primary-runtime\dependencies\native\git\cmd\git.exe -c safe.bareRepository=explicit config --null --get core.fsmonitor</Data><Data Name='TargetUserSid'>S-1-0-0</Data><Data Name='TargetUserName'>-</Data><Data Name='TargetDomainName'>-</Data><Data Name='TargetLogonId'>0x0</Data><Data Name='ParentProcessName'>C:\Program Files\WindowsApps\OpenAI.Codex_26.908.4834.0_x64__2p2nqsd0c76g0\app\ChatGPT.exe</Data><Data Name='MandatoryLabel'>S-1-16-8192</Data></EventData></Event><Event xmlns='http://schemas.microsoft.com/win/2004/08/events/event'><System><Provider Name='Microsoft-Windows-Security-Auditing' Guid='{54849625-5478-4994-a5ba-3e3b0328c30d}'/><EventID>4688</EventID><Version>2</Version><Level>0</Level><Task>13312</Task><Opcode>0</Opcode><Keywords>0x8020000000000000</Keywords><TimeCreated SystemTime='2026-09-13T21:39:56.6558191Z'/><EventRecordID>213109</EventRecordID><Correlation/><Execution ProcessID='4' ThreadID='2308'/><Channel>Security</Channel><Computer>DESKTOP-FOEGBB0</Computer><Security/></System><EventData><Data Name='SubjectUserSid'>S-1-5-21-404346624-2769923240-1900471442-1000</Data><Data Name='SubjectUserName'>o-neo</Data><Data Name='SubjectDomainName'>DESKTOP-FOEGBB0</Data><Data Name='SubjectLogonId'>0x695d3</Data><Data Name='NewProcessId'>0x30b4</Data><Data Name='NewProcessName'>C:\Windows\System32\conhost.exe</Data><Data Name='TokenElevationType'>%%1938</Data><Data Name='ProcessId'>0x2558</Data><Data Name='CommandLine'>\??\C:\WINDOWS\system32\conhost.exe 0xffffffff -ForceV1</Data><Data Name='TargetUserSid'>S-1-0-0</Data><Data Name='TargetUserName'>-</Data><Data Name='TargetDomainName'>-</Data><Data Name='TargetLogonId'>0x0</Data><Data Name='ParentProcessName'>C:\Users\o-neo\.cache\codex-runtimes\codex-primary-runtime\dependencies\native\git\cmd\git.exe</Data><Data Name='MandatoryLabel'>S-1-16-8192</Data></EventData></Event><Event xmlns='http://schemas.microsoft.com/win/2004/08/events/event'><System><Provider Name='Microsoft-Windows-Security-Auditing' Guid='{54849625-5478-4994-a5ba-3e3b0328c30d}'/><EventID>4688</EventID><Version>2</Version><Level>0</Level><Task>13312</Task><Opcode>0</Opcode><Keywords>0x8020000000000000</Keywords><TimeCreated SystemTime='2026-09-13T21:39:56.9157791Z'/><EventRecordID>213110</EventRecordID><Correlation/><Execution ProcessID='4' ThreadID='2308'/><Channel>Security</Channel><Computer>DESKTOP-FOEGBB0</Computer><Security/></System><EventData><Data Name='SubjectUserSid'>S-1-5-21-404346624-2769923240-1900471442-1000</Data><Data Name='SubjectUserName'>o-neo</Data><Data Name='SubjectDomainName'>DESKTOP-FOEGBB0</Data><Data Name='SubjectLogonId'>0x695d3</Data><Data Name='NewProcessId'>0x2820</Data><Data Name='NewProcessName'>C:\Users\o-neo\.cache\codex-runtimes\codex-primary-runtime\dependencies\native\git\mingw64\bin\git.exe</Data><Data Name='TokenElevationType'>%%1938</Data><Data Name='ProcessId'>0x2558</Data><Data Name='CommandLine'>git.exe -c safe.bareRepository=explicit config --null --get core.fsmonitor</Data><Data Name='TargetUserSid'>S-1-0-0</Data><Data Name='TargetUserName'>-</Data><Data Name='TargetDomainName'>-</Data><Data Name='TargetLogonId'>0x0</Data><Data Name='ParentProcessName'>C:\Users\o-neo\.cache\codex-runtimes\codex-primary-runtime\dependencies\native\git\cmd\git.exe</Data><Data Name='MandatoryLabel'>S-1-16-8192</Data></EventData></Event>