<Event xmlns='http://schemas.microsoft.com/win/2004/08/events/event'><System><Provider Name='Microsoft-Windows-Security-Auditing' Guid='{54849625-5478-4994-a5ba-3e3b0328c30d}'/><EventID>4688</EventID><Version>2</Version><Level>0</Level><Task>13312</Task><Opcode>0</Opcode><Keywords>0x8020000000000000</Keywords><TimeCreated SystemTime='2026-09-13T21:37:17.2912729Z'/><EventRecordID>212802</EventRecordID><Correlation/><Execution ProcessID='4' ThreadID='11868'/><Channel>Security</Channel><Computer>DESKTOP-FOEGBB0</Computer><Security/></System><EventData><Data Name='SubjectUserSid'>S-1-5-21-404346624-2769923240-1900471442-1000</Data><Data Name='SubjectUserName'>o-neo</Data><Data Name='SubjectDomainName'>DESKTOP-FOEGBB0</Data><Data Name='SubjectLogonId'>0x695d3</Data><Data Name='NewProcessId'>0x24dc</Data><Data Name='NewProcessName'>C:\Users\o-neo\AppData\Local\OpenAI\Codex\bin\bffc5354119c8421\codex-windows-sandbox-setup.exe</Data><Data Name='TokenElevationType'>%%1938</Data><Data Name='ProcessId'>0x2d24</Data><Data Name='CommandLine'>"C:\Users\o-neo\AppData\Local\OpenAI\Codex\bin\bffc5354119c8421\codex-windows-sandbox-setup.exe" eyJ2ZXJzaW9uIjo1LCJvZmZsaW5lX3VzZXJuYW1lIjoiQ29kZXhTYW5kYm94T2ZmbGluZSIsIm9ubGluZV91c2VybmFtZSI6IkNvZGV4U2FuZGJveE9ubGluZSIsImNvZGV4X2hvbWUiOiJDOlxcVXNlcnNcXG8tbmVvXFwuY29kZXgiLCJjb21tYW5kX2N3ZCI6IkM6XFxVc2Vyc1xcby1uZW9cXERvY3VtZW50c1xcVmlwLUdlY2UtV2ViLUdlbGlzdGlybWUiLCJyZWFkX3Jvb3RzIjpbIkM6XFxQcm9ncmFtIEZpbGVzIiwiQzpcXFByb2dyYW0gRmlsZXMgKHg4NikiLCJDOlxcUHJvZ3JhbURhdGEiLCJDOlxcVXNlcnNcXG8tbmVvXFwuYW5kcm9pZCIsIkM6XFxVc2Vyc1xcby1uZW9cXC5hbmRyb2lkLnppcCIsIkM6XFxVc2Vyc1xcby1uZW9cXC5jYWNoZSIsIkM6XFxVc2Vyc1xcby1uZW9cXC5jYWNoZS56aXAiLCJDOlxcVXNlcnNcXG8tbmVvXFwuY29kZXgiLCJDOlxcVXNlcnNcXG8tbmVvXFwuY29kZXguemlwIiwiQzpcXFVzZXJzXFxvLW5lb1xcLmNvZGV4XFwuc2FuZGJveC1iaW4iLCJDOlxcVXNlcnNcXG8tbmVvXFwuY29uZmlnLnppcCIsIkM6XFxVc2Vyc1xcby1uZW9cXC5kb3RuZXQiLCJDOlxcVXNlcnNcXG8tbmVvXFwuZG90bmV0LnppcCIsIkM6XFxVc2Vyc1xcby1uZW9cXC5sb2NhbCIsIkM6XFxVc2Vyc1xcby1uZW9cXC5sb2NhbC56aXAiLCJDOlxcVXNlcnNcXG8tbmVvXFwubnVnZXQiLCJDOlxcVXNlcnNcXG8tbmVvXFwubnVnZXQuemlwIiwiQzpcXFVzZXJzXFxvLW5lb1xcLnRlbXBsYXRlZW5naW5lIiwiQzpcXFVzZXJzXFxvLW5lb1xcLnRlbXBsYXRlZW5naW5lLnppcCIsIkM6XFxVc2Vyc1xcby1uZW9cXEFwcERhdGEiLCJDOlxcVXNlcnNcXG8tbmVvXFxBcHBEYXRhLnppcCIsIkM6XFxVc2Vyc1xcby1uZW9cXEFwcERhdGFcXExvY2FsIiwiQzpcXFVzZXJzXFxvLW5lb1xcQXBwRGF0YVxcTG9jYWxcXE1pY3Jvc29mdFxcV2luZG93c1xcSU5ldENvb2tpZXMiLCJDOlxcVXNlcnNcXG8tbmVvXFxBcHBEYXRhXFxSb2FtaW5nIiwiQzpcXFVzZXJzXFxvLW5lb1xcQXBwRGF0YVxcUm9hbWluZ1xcTWljcm9zb2Z0XFxXaW5kb3dzXFxOZXR3b3JrIFNob3J0Y3V0cyIsIkM6XFxVc2Vyc1xcby1uZW9cXEFwcERhdGFcXFJvYW1pbmdcXE1pY3Jvc29mdFxcV2luZG93c1xcUHJpbnRlciBTaG9ydGN1dHMiLCJDOlxcVXNlcnNcXG8tbmVvXFxBcHBEYXRhXFxSb2FtaW5nXFxNaWNyb3NvZnRcXFdpbmRvd3NcXFJlY2VudCIsIkM6XFxVc2Vyc1xcby1uZW9cXEFwcERhdGFcXFJvYW1pbmdcXE1pY3Jvc29mdFxcV2luZG93c1xcU2VuZFRvIiwiQzpcXFVzZXJzXFxvLW5lb1xcQXBwRGF0YVxcUm9hbWluZ1xcTWljcm9zb2Z0XFxXaW5kb3dzXFxTdGFydCBNZW51IiwiQzpcXFVzZXJzXFxvLW5lb1xcQXBwRGF0YVxcUm9hbWluZ1xcTWljcm9zb2Z0XFxXaW5kb3dzXFxUZW1wbGF0ZXMiLCJDOlxcVXNlcnNcXG8tbmVvXFxDb250YWN0cyIsIkM6XFxVc2Vyc1xcby1uZW9cXERlc2t0b3AiLCJDOlxcVXNlcnNcXG8tbmVvXFxEb2N1bWVudHMiLCJDOlxcVXNlcnNcXG8tbmVvXFxEb3dubG9hZHMiLCJDOlxcVXNlcnNcXG8tbmVvXFxGYXZvcml0ZXMiLCJDOlxcVXNlcnNcXG8tbmVvXFxpQ2xvdWREcml2ZSIsIkM6XFxVc2Vyc1xcby1uZW9cXEludGVsR3JhcGhpY3NQcm9maWxlcyIsIkM6XFxVc2Vyc1xcby1uZW9cXExpbmtzIiwiQzpcXFVzZXJzXFxvLW5lb1xcTXVzaWMiLCJDOlxcVXNlcnNcXG8tbmVvXFxOVFVTRVIuREFUIiwiQzpcXFVzZXJzXFxvLW5lb1xcbnR1c2VyLmRhdC5MT0cxIiwiQzpcXFVzZXJzXFxvLW5lb1xcbnR1c2VyLmRhdC5MT0cyIiwiQzpcXFVzZXJzXFxvLW5lb1xcTlRVU0VSLkRBVHs3ZDFiZmNjMi1hYTFiLTExZjEtYjdkMS04MDlkNjVhMWY2Mjd9LlR4Ui4wLnJlZ3RyYW5zLW1zIiwiQzpcXFVzZXJzXFxvLW5lb1xcTlRVU0VSLkRBVHs3ZDFiZmNjMi1hYTFiLTExZjEtYjdkMS04MDlkNjVhMWY2Mjd9LlR4Ui4xLnJlZ3RyYW5zLW1zIiwiQzpcXFVzZXJzXFxvLW5lb1xcTlRVU0VSLkRBVHs3ZDFiZmNjMi1hYTFiLTExZjEtYjdkMS04MDlkNjVhMWY2Mjd9LlR4Ui4yLnJlZ3RyYW5zLW1zIiwiQzpcXFVzZXJzXFxvLW5lb1xcTlRVU0VSLkRBVHs3ZDFiZmNjMi1hYTFiLTExZjEtYjdkMS04MDlkNjVhMWY2Mjd9LlR4Ui5ibGYiLCJDOlxcVXNlcnNcXG8tbmVvXFxOVFVTRVIuREFUezdkMWJmY2MzLWFhMWItMTFmMS1iN2QxLTgwOWQ2NWExZjYyN30uVE0uYmxmIiwiQzpcXFVzZXJzXFxvLW5lb1xcTlRVU0VSLkRBVHs3ZDFiZmNjMy1hYTFiLTExZjEtYjdkMS04MDlkNjVhMWY2Mjd9LlRNLmJsZi5jbnBmIiwiQzpcXFVzZXJzXFxvLW5lb1xcTlRVU0VSLkRBVHs3ZDFiZmNjMy1hYTFiLTExZjEtYjdkMS04MDlkNjVhMWY2Mjd9LlRNQ29udGFpbmVyMDAwMDAwMDAwMDAwMDAwMDAwMDEucmVndHJhbnMtbXMiLCJDOlxcVXNlcnNcXG8tbmVvXFxOVFVTRVIuREFUezdkMWJmY2MzLWFhMWItMTFmMS1iN2QxLTgwOWQ2NWExZjYyN30uVE1Db250YWluZXIwMDAwMDAwMDAwMDAwMDAwMDAwMS5yZWd0cmFucy1tcy5jbnBmIiwiQzpcXFVzZXJzXFxvLW5lb1xcTlRVU0VSLkRBVHs3ZDFiZmNjMy1hYTFiLTExZjEtYjdkMS04MDlkNjVhMWY2Mjd9LlRNQ29udGFpbmVyMDAwMDAwMDAwMDAwMDAwMDAwMDIucmVndHJhbnMtbXMiLCJDOlxcVXNlcnNcXG8tbmVvXFxOVFVTRVIuREFUezdkMWJmY2MzLWFhMWItMTFmMS1iN2QxLTgwOWQ2NWExZjYyN30uVE1Db250YWluZXIwMDAwMDAwMDAwMDAwMDAwMDAwMi5yZWd0cmFucy1tcy5jbnBmIiwiQzpcXFVzZXJzXFxvLW5lb1xcbnR1c2VyLmluaSIsIkM6XFxVc2Vyc1xcby1uZW9cXE9uZURyaXZlIiwiQzpcXFVzZXJzXFxvLW5lb1xcUGljdHVyZXMiLCJDOlxcVXNlcnNcXG8tbmVvXFxTYW1zdW5nIiwiQzpcXFVzZXJzXFxvLW5lb1xcU2F2ZWQgR2FtZXMiLCJDOlxcVXNlcnNcXG8tbmVvXFxTZWFyY2hlcyIsIkM6XFxVc2Vyc1xcby1uZW9cXFZpZGVvcyIsIkM6XFxXaW5kb3dzIl0sIndyaXRlX3Jvb3RzIjpbIkM6XFxVc2Vyc1xcby1uZW9cXC5jb2RleFxcdmlzdWFsaXphdGlvbnNcXDIwMjZcXDA5XFwxM1xcMDFhMDljYTAtM2E5NS03NDgyLTkwODMtYjcxNjA4ZjhlYzFiIiwiQzpcXFVzZXJzXFxvLW5lb1xcQXBwRGF0YVxcTG9jYWxcXFRlbXAiLCJDOlxcVXNlcnNcXG8tbmVvXFxEb2N1bWVudHNcXFZpcC1HZWNlLVdlYi1HZWxpc3Rpcm1lIl0sImRlbnlfcmVhZF9wYXRocyI6W10sImRlbnlfd3JpdGVfcGF0aHMiOlsiQzpcXFVzZXJzXFxvLW5lb1xcRG9jdW1lbnRzXFxWaXAtR2VjZS1XZWItR2VsaXN0aXJtZVxcLmdpdCIsIkM6XFxVc2Vyc1xcby1uZW9cXERvY3VtZW50c1xcVmlwLUdlY2UtV2ViLUdlbGlzdGlybWVcXC5naXQiXSwicHJveHlfcG9ydHMiOltdLCJhbGxvd19sb2NhbF9iaW5kaW5nIjpmYWxzZSwib3RlbCI6bnVsbCwicmVhbF91c2VyIjoiby1uZW8iLCJtb2RlIjoiZnVsbCIsInJlZnJlc2hfb25seSI6dHJ1ZX0=</Data><Data Name='TargetUserSid'>S-1-0-0</Data><Data Name='TargetUserName'>-</Data><Data Name='TargetDomainName'>-</Data><Data Name='TargetLogonId'>0x0</Data><Data Name='ParentProcessName'>C:\Users\o-neo\AppData\Local\OpenAI\Codex\bin\bffc5354119c8421\codex.exe</Data><Data Name='MandatoryLabel'>S-1-16-8192</Data></EventData></Event><Event xmlns='http://schemas.microsoft.com/win/2004/08/events/event'><System><Provider Name='Microsoft-Windows-Security-Auditing' Guid='{54849625-5478-4994-a5ba-3e3b0328c30d}'/><EventID>4688</EventID><Version>2</Version><Level>0</Level><Task>13312</Task><Opcode>0</Opcode><Keywords>0x8020000000000000</Keywords><TimeCreated SystemTime='2026-09-13T21:37:17.4412977Z'/><EventRecordID>212803</EventRecordID><Correlation/><Execution ProcessID='4' ThreadID='11868'/><Channel>Security</Channel><Computer>DESKTOP-FOEGBB0</Computer><Security/></System><EventData><Data Name='SubjectUserSid'>S-1-5-21-404346624-2769923240-1900471442-1000</Data><Data Name='SubjectUserName'>o-neo</Data><Data Name='SubjectDomainName'>DESKTOP-FOEGBB0</Data><Data Name='SubjectLogonId'>0x695d3</Data><Data Name='NewProcessId'>0x2b98</Data><Data Name='NewProcessName'>C:\Users\o-neo\AppData\Local\OpenAI\Codex\bin\bffc5354119c8421\codex-windows-sandbox-setup.exe</Data><Data Name='TokenElevationType'>%%1938</Data><Data Name='ProcessId'>0x24dc</Data><Data Name='CommandLine'>"C:\Users\o-neo\AppData\Local\OpenAI\Codex\bin\bffc5354119c8421\codex-windows-sandbox-setup.exe" eyJ2ZXJzaW9uIjo1LCJvZmZsaW5lX3VzZXJuYW1lIjoiQ29kZXhTYW5kYm94T2ZmbGluZSIsIm9ubGluZV91c2VybmFtZSI6IkNvZGV4U2FuZGJveE9ubGluZSIsImNvZGV4X2hvbWUiOiJDOlxcVXNlcnNcXG8tbmVvXFwuY29kZXgiLCJjb21tYW5kX2N3ZCI6IkM6XFxVc2Vyc1xcby1uZW9cXERvY3VtZW50c1xcVmlwLUdlY2UtV2ViLUdlbGlzdGlybWUiLCJyZWFkX3Jvb3RzIjpbIkM6XFxQcm9ncmFtIEZpbGVzIiwiQzpcXFByb2dyYW0gRmlsZXMgKHg4NikiLCJDOlxcUHJvZ3JhbURhdGEiLCJDOlxcVXNlcnNcXG8tbmVvXFwuYW5kcm9pZCIsIkM6XFxVc2Vyc1xcby1uZW9cXC5hbmRyb2lkLnppcCIsIkM6XFxVc2Vyc1xcby1uZW9cXC5jYWNoZSIsIkM6XFxVc2Vyc1xcby1uZW9cXC5jYWNoZS56aXAiLCJDOlxcVXNlcnNcXG8tbmVvXFwuY29kZXgiLCJDOlxcVXNlcnNcXG8tbmVvXFwuY29kZXguemlwIiwiQzpcXFVzZXJzXFxvLW5lb1xcLmNvZGV4XFwuc2FuZGJveC1iaW4iLCJDOlxcVXNlcnNcXG8tbmVvXFwuY29uZmlnLnppcCIsIkM6XFxVc2Vyc1xcby1uZW9cXC5kb3RuZXQiLCJDOlxcVXNlcnNcXG8tbmVvXFwuZG90bmV0LnppcCIsIkM6XFxVc2Vyc1xcby1uZW9cXC5sb2NhbCIsIkM6XFxVc2Vyc1xcby1uZW9cXC5sb2NhbC56aXAiLCJDOlxcVXNlcnNcXG8tbmVvXFwubnVnZXQiLCJDOlxcVXNlcnNcXG8tbmVvXFwubnVnZXQuemlwIiwiQzpcXFVzZXJzXFxvLW5lb1xcLnRlbXBsYXRlZW5naW5lIiwiQzpcXFVzZXJzXFxvLW5lb1xcLnRlbXBsYXRlZW5naW5lLnppcCIsIkM6XFxVc2Vyc1xcby1uZW9cXEFwcERhdGEiLCJDOlxcVXNlcnNcXG8tbmVvXFxBcHBEYXRhLnppcCIsIkM6XFxVc2Vyc1xcby1uZW9cXEFwcERhdGFcXExvY2FsIiwiQzpcXFVzZXJzXFxvLW5lb1xcQXBwRGF0YVxcTG9jYWxcXE1pY3Jvc29mdFxcV2luZG93c1xcSU5ldENvb2tpZXMiLCJDOlxcVXNlcnNcXG8tbmVvXFxBcHBEYXRhXFxSb2FtaW5nIiwiQzpcXFVzZXJzXFxvLW5lb1xcQXBwRGF0YVxcUm9hbWluZ1xcTWljcm9zb2Z0XFxXaW5kb3dzXFxOZXR3b3JrIFNob3J0Y3V0cyIsIkM6XFxVc2Vyc1xcby1uZW9cXEFwcERhdGFcXFJvYW1pbmdcXE1pY3Jvc29mdFxcV2luZG93c1xcUHJpbnRlciBTaG9ydGN1dHMiLCJDOlxcVXNlcnNcXG8tbmVvXFxBcHBEYXRhXFxSb2FtaW5nXFxNaWNyb3NvZnRcXFdpbmRvd3NcXFJlY2VudCIsIkM6XFxVc2Vyc1xcby1uZW9cXEFwcERhdGFcXFJvYW1pbmdcXE1pY3Jvc29mdFxcV2luZG93c1xcU2VuZFRvIiwiQzpcXFVzZXJzXFxvLW5lb1xcQXBwRGF0YVxcUm9hbWluZ1xcTWljcm9zb2Z0XFxXaW5kb3dzXFxTdGFydCBNZW51IiwiQzpcXFVzZXJzXFxvLW5lb1xcQXBwRGF0YVxcUm9hbWluZ1xcTWljcm9zb2Z0XFxXaW5kb3dzXFxUZW1wbGF0ZXMiLCJDOlxcVXNlcnNcXG8tbmVvXFxDb250YWN0cyIsIkM6XFxVc2Vyc1xcby1uZW9cXERlc2t0b3AiLCJDOlxcVXNlcnNcXG8tbmVvXFxEb2N1bWVudHMiLCJDOlxcVXNlcnNcXG8tbmVvXFxEb3dubG9hZHMiLCJDOlxcVXNlcnNcXG8tbmVvXFxGYXZvcml0ZXMiLCJDOlxcVXNlcnNcXG8tbmVvXFxpQ2xvdWREcml2ZSIsIkM6XFxVc2Vyc1xcby1uZW9cXEludGVsR3JhcGhpY3NQcm9maWxlcyIsIkM6XFxVc2Vyc1xcby1uZW9cXExpbmtzIiwiQzpcXFVzZXJzXFxvLW5lb1xcTXVzaWMiLCJDOlxcVXNlcnNcXG8tbmVvXFxOVFVTRVIuREFUIiwiQzpcXFVzZXJzXFxvLW5lb1xcbnR1c2VyLmRhdC5MT0cxIiwiQzpcXFVzZXJzXFxvLW5lb1xcbnR1c2VyLmRhdC5MT0cyIiwiQzpcXFVzZXJzXFxvLW5lb1xcTlRVU0VSLkRBVHs3ZDFiZmNjMi1hYTFiLTExZjEtYjdkMS04MDlkNjVhMWY2Mjd9LlR4Ui4wLnJlZ3RyYW5zLW1zIiwiQzpcXFVzZXJzXFxvLW5lb1xcTlRVU0VSLkRBVHs3ZDFiZmNjMi1hYTFiLTExZjEtYjdkMS04MDlkNjVhMWY2Mjd9LlR4Ui4xLnJlZ3RyYW5zLW1zIiwiQzpcXFVzZXJzXFxvLW5lb1xcTlRVU0VSLkRBVHs3ZDFiZmNjMi1hYTFiLTExZjEtYjdkMS04MDlkNjVhMWY2Mjd9LlR4Ui4yLnJlZ3RyYW5zLW1zIiwiQzpcXFVzZXJzXFxvLW5lb1xcTlRVU0VSLkRBVHs3ZDFiZmNjMi1hYTFiLTExZjEtYjdkMS04MDlkNjVhMWY2Mjd9LlR4Ui5ibGYiLCJDOlxcVXNlcnNcXG8tbmVvXFxOVFVTRVIuREFUezdkMWJmY2MzLWFhMWItMTFmMS1iN2QxLTgwOWQ2NWExZjYyN30uVE0uYmxmIiwiQzpcXFVzZXJzXFxvLW5lb1xcTlRVU0VSLkRBVHs3ZDFiZmNjMy1hYTFiLTExZjEtYjdkMS04MDlkNjVhMWY2Mjd9LlRNLmJsZi5jbnBmIiwiQzpcXFVzZXJzXFxvLW5lb1xcTlRVU0VSLkRBVHs3ZDFiZmNjMy1hYTFiLTExZjEtYjdkMS04MDlkNjVhMWY2Mjd9LlRNQ29udGFpbmVyMDAwMDAwMDAwMDAwMDAwMDAwMDEucmVndHJhbnMtbXMiLCJDOlxcVXNlcnNcXG8tbmVvXFxOVFVTRVIuREFUezdkMWJmY2MzLWFhMWItMTFmMS1iN2QxLTgwOWQ2NWExZjYyN30uVE1Db250YWluZXIwMDAwMDAwMDAwMDAwMDAwMDAwMS5yZWd0cmFucy1tcy5jbnBmIiwiQzpcXFVzZXJzXFxvLW5lb1xcTlRVU0VSLkRBVHs3ZDFiZmNjMy1hYTFiLTExZjEtYjdkMS04MDlkNjVhMWY2Mjd9LlRNQ29udGFpbmVyMDAwMDAwMDAwMDAwMDAwMDAwMDIucmVndHJhbnMtbXMiLCJDOlxcVXNlcnNcXG8tbmVvXFxOVFVTRVIuREFUezdkMWJmY2MzLWFhMWItMTFmMS1iN2QxLTgwOWQ2NWExZjYyN30uVE1Db250YWluZXIwMDAwMDAwMDAwMDAwMDAwMDAwMi5yZWd0cmFucy1tcy5jbnBmIiwiQzpcXFVzZXJzXFxvLW5lb1xcbnR1c2VyLmluaSIsIkM6XFxVc2Vyc1xcby1uZW9cXE9uZURyaXZlIiwiQzpcXFVzZXJzXFxvLW5lb1xcUGljdHVyZXMiLCJDOlxcVXNlcnNcXG8tbmVvXFxTYW1zdW5nIiwiQzpcXFVzZXJzXFxvLW5lb1xcU2F2ZWQgR2FtZXMiLCJDOlxcVXNlcnNcXG8tbmVvXFxTZWFyY2hlcyIsIkM6XFxVc2Vyc1xcby1uZW9cXFZpZGVvcyIsIkM6XFxXaW5kb3dzIl0sIndyaXRlX3Jvb3RzIjpbIkM6XFxVc2Vyc1xcby1uZW9cXC5jb2RleFxcdmlzdWFsaXphdGlvbnNcXDIwMjZcXDA5XFwxM1xcMDFhMDljYTAtM2E5NS03NDgyLTkwODMtYjcxNjA4ZjhlYzFiIiwiQzpcXFVzZXJzXFxvLW5lb1xcQXBwRGF0YVxcTG9jYWxcXFRlbXAiLCJDOlxcVXNlcnNcXG8tbmVvXFxEb2N1bWVudHNcXFZpcC1HZWNlLVdlYi1HZWxpc3Rpcm1lIl0sImRlbnlfcmVhZF9wYXRocyI6W10sImRlbnlfd3JpdGVfcGF0aHMiOlsiQzpcXFVzZXJzXFxvLW5lb1xcRG9jdW1lbnRzXFxWaXAtR2VjZS1XZWItR2VsaXN0aXJtZVxcLmdpdCIsIkM6XFxVc2Vyc1xcby1uZW9cXERvY3VtZW50c1xcVmlwLUdlY2UtV2ViLUdlbGlzdGlybWVcXC5naXQiXSwicHJveHlfcG9ydHMiOltdLCJhbGxvd19sb2NhbF9iaW5kaW5nIjpmYWxzZSwib3RlbCI6bnVsbCwicmVhbF91c2VyIjoiby1uZW8iLCJtb2RlIjoicmVhZC1hY2xzLW9ubHkiLCJyZWZyZXNoX29ubHkiOnRydWV9</Data><Data Name='TargetUserSid'>S-1-0-0</Data><Data Name='TargetUserName'>-</Data><Data Name='TargetDomainName'>-</Data><Data Name='TargetLogonId'>0x0</Data><Data Name='ParentProcessName'>C:\Users\o-neo\AppData\Local\OpenAI\Codex\bin\bffc5354119c8421\codex-windows-sandbox-setup.exe</Data><Data Name='MandatoryLabel'>S-1-16-8192</Data></EventData></Event><Event xmlns='http://schemas.microsoft.com/win/2004/08/events/event'><System><Provider Name='Microsoft-Windows-Security-Auditing' Guid='{54849625-5478-4994-a5ba-3e3b0328c30d}'/><EventID>4688</EventID><Version>2</Version><Level>0</Level><Task>13312</Task><Opcode>0</Opcode><Keywords>0x8020000000000000</Keywords><TimeCreated SystemTime='2026-09-13T21:37:17.5179086Z'/><EventRecordID>212804</EventRecordID><Correlation/><Execution ProcessID='4' ThreadID='10056'/><Channel>Security</Channel><Computer>DESKTOP-FOEGBB0</Computer><Security/></System><EventData><Data Name='SubjectUserSid'>S-1-5-21-404346624-2769923240-1900471442-1000</Data><Data Name='SubjectUserName'>o-neo</Data><Data Name='SubjectDomainName'>DESKTOP-FOEGBB0</Data><Data Name='SubjectLogonId'>0x695d3</Data><Data Name='NewProcessId'>0x3190</Data><Data Name='NewProcessName'>C:\Windows\System32\conhost.exe</Data><Data Name='TokenElevationType'>%%1938</Data><Data Name='ProcessId'>0x2b98</Data><Data Name='CommandLine'>\??\C:\WINDOWS\system32\conhost.exe 0xffffffff -ForceV1</Data><Data Name='TargetUserSid'>S-1-0-0</Data><Data Name='TargetUserName'>-</Data><Data Name='TargetDomainName'>-</Data><Data Name='TargetLogonId'>0x0</Data><Data Name='ParentProcessName'>C:\Users\o-neo\AppData\Local\OpenAI\Codex\bin\bffc5354119c8421\codex-windows-sandbox-setup.exe</Data><Data Name='MandatoryLabel'>S-1-16-8192</Data></EventData></Event><Event xmlns='http://schemas.microsoft.com/win/2004/08/events/event'><System><Provider Name='Microsoft-Windows-Security-Auditing' Guid='{54849625-5478-4994-a5ba-3e3b0328c30d}'/><EventID>4688</EventID><Version>2</Version><Level>0</Level><Task>13312</Task><Opcode>0</Opcode><Keywords>0x8020000000000000</Keywords><TimeCreated SystemTime='2026-09-13T21:37:18.7376648Z'/><EventRecordID>212805</EventRecordID><Correlation/><Execution ProcessID='4' ThreadID='10056'/><Channel>Security</Channel><Computer>DESKTOP-FOEGBB0</Computer><Security/></System><EventData><Data Name='SubjectUserSid'>S-1-5-21-404346624-2769923240-1900471442-1003</Data><Data Name='SubjectUserName'>CodexSandboxOffline</Data><Data Name='SubjectDomainName'>DESKTOP-FOEGBB0</Data><Data Name='SubjectLogonId'>0x38a47cf</Data><Data Name='NewProcessId'>0x20fc</Data><Data Name='NewProcessName'>C:\Windows\System32\conhost.exe</Data><Data Name='TokenElevationType'>%%1936</Data><Data Name='ProcessId'>0x934</Data><Data Name='CommandLine'>\??\C:\WINDOWS\system32\conhost.exe 0xffffffff -ForceV1</Data><Data Name='TargetUserSid'>S-1-0-0</Data><Data Name='TargetUserName'>-</Data><Data Name='TargetDomainName'>-</Data><Data Name='TargetLogonId'>0x0</Data><Data Name='ParentProcessName'>C:\Users\o-neo\.cache\codex-runtimes\codex-primary-runtime\dependencies\native\powershell\pwsh.exe</Data><Data Name='MandatoryLabel'>S-1-16-8192</Data></EventData></Event><Event xmlns='http://schemas.microsoft.com/win/2004/08/events/event'><System><Provider Name='Microsoft-Windows-Security-Auditing' Guid='{54849625-5478-4994-a5ba-3e3b0328c30d}'/><EventID>4688</EventID><Version>2</Version><Level>0</Level><Task>13312</Task><Opcode>0</Opcode><Keywords>0x8020000000000000</Keywords><TimeCreated SystemTime='2026-09-13T21:37:19.3430803Z'/><EventRecordID>212810</EventRecordID><Correlation/><Execution ProcessID='4' ThreadID='13080'/><Channel>Security</Channel><Computer>DESKTOP-FOEGBB0</Computer><Security/></System><EventData><Data Name='SubjectUserSid'>S-1-5-18</Data><Data Name='SubjectUserName'>DESKTOP-FOEGBB0$</Data><Data Name='SubjectDomainName'>WORKGROUP</Data><Data Name='SubjectLogonId'>0x3e7</Data><Data Name='NewProcessId'>0x30ec</Data><Data Name='NewProcessName'>C:\Users\o-neo\.codex\.sandbox-bin\codex-command-runner-0.154.0-alpha.6.2.exe</Data><Data Name='TokenElevationType'>%%1936</Data><Data Name='ProcessId'>0x2d24</Data><Data Name='CommandLine'>C:\Users\o-neo\.codex\.sandbox-bin\codex-command-runner-0.154.0-alpha.6.2.exe --pipe-in=\\.\pipe\codex-runner-a295787145c75f3ac612a9d6cc582c97-in --pipe-out=\\.\pipe\codex-runner-a295787145c75f3ac612a9d6cc582c97-out</Data><Data Name='TargetUserSid'>S-1-0-0</Data><Data Name='TargetUserName'>CodexSandboxOffline</Data><Data Name='TargetDomainName'>DESKTOP-FOEGBB0</Data><Data Name='TargetLogonId'>0x38ae7c6</Data><Data Name='ParentProcessName'>C:\Users\o-neo\AppData\Local\OpenAI\Codex\bin\bffc5354119c8421\codex.exe</Data><Data Name='MandatoryLabel'>S-1-16-8192</Data></EventData></Event><Event xmlns='http://schemas.microsoft.com/win/2004/08/events/event'><System><Provider Name='Microsoft-Windows-Security-Auditing' Guid='{54849625-5478-4994-a5ba-3e3b0328c30d}'/><EventID>4688</EventID><Version>2</Version><Level>0</Level><Task>13312</Task><Opcode>0</Opcode><Keywords>0x8020000000000000</Keywords><TimeCreated SystemTime='2026-09-13T21:37:19.8511168Z'/><EventRecordID>212811</EventRecordID><Correlation/><Execution ProcessID='4' ThreadID='10056'/><Channel>Security</Channel><Computer>DESKTOP-FOEGBB0</Computer><Security/></System><EventData><Data Name='SubjectUserSid'>S-1-5-21-404346624-2769923240-1900471442-1003</Data><Data Name='SubjectUserName'>CodexSandboxOffline</Data><Data Name='SubjectDomainName'>DESKTOP-FOEGBB0</Data><Data Name='SubjectLogonId'>0x38ae7c6</Data><Data Name='NewProcessId'>0x2174</Data><Data Name='NewProcessName'>C:\Users\o-neo\.cache\codex-runtimes\codex-primary-runtime\dependencies\native\powershell\pwsh.exe</Data><Data Name='TokenElevationType'>%%1936</Data><Data Name='ProcessId'>0x30ec</Data><Data Name='CommandLine'>C:\Users\o-neo\.cache\codex-runtimes\codex-primary-runtime\dependencies\native\powershell\pwsh.exe -NoProfile -Command "try { [Console]::OutputEncoding=[System.Text.Encoding]::UTF8 } catch {}
python -c \"import importlib.util; print(importlib.util.find_spec('olefile')); print(importlib.util.find_spec('xlrd')); print(importlib.util.find_spec('openpyxl'))\""</Data><Data Name='TargetUserSid'>S-1-0-0</Data><Data Name='TargetUserName'>-</Data><Data Name='TargetDomainName'>-</Data><Data Name='TargetLogonId'>0x0</Data><Data Name='ParentProcessName'>C:\Users\o-neo\.codex\.sandbox-bin\codex-command-runner-0.154.0-alpha.6.2.exe</Data><Data Name='MandatoryLabel'>S-1-16-8192</Data></EventData></Event><Event xmlns='http://schemas.microsoft.com/win/2004/08/events/event'><System><Provider Name='Microsoft-Windows-Security-Auditing' Guid='{54849625-5478-4994-a5ba-3e3b0328c30d}'/><EventID>4688</EventID><Version>2</Version><Level>0</Level><Task>13312</Task><Opcode>0</Opcode><Keywords>0x8020000000000000</Keywords><TimeCreated SystemTime='2026-09-13T21:37:23.3428092Z'/><EventRecordID>212812</EventRecordID><Correlation/><Execution ProcessID='4' ThreadID='2848'/><Channel>Security</Channel><Computer>DESKTOP-FOEGBB0</Computer><Security/></System><EventData><Data Name='SubjectUserSid'>S-1-5-21-404346624-2769923240-1900471442-1003</Data><Data Name='SubjectUserName'>CodexSandboxOffline</Data><Data Name='SubjectDomainName'>DESKTOP-FOEGBB0</Data><Data Name='SubjectLogonId'>0x38ae7c6</Data><Data Name='NewProcessId'>0x3178</Data><Data Name='NewProcessName'>C:\Windows\System32\conhost.exe</Data><Data Name='TokenElevationType'>%%1936</Data><Data Name='ProcessId'>0x2174</Data><Data Name='CommandLine'>\??\C:\WINDOWS\system32\conhost.exe 0xffffffff -ForceV1</Data><Data Name='TargetUserSid'>S-1-0-0</Data><Data Name='TargetUserName'>-</Data><Data Name='TargetDomainName'>-</Data><Data Name='TargetLogonId'>0x0</Data><Data Name='ParentProcessName'>C:\Users\o-neo\.cache\codex-runtimes\codex-primary-runtime\dependencies\native\powershell\pwsh.exe</Data><Data Name='MandatoryLabel'>S-1-16-8192</Data></EventData></Event><Event xmlns='http://schemas.microsoft.com/win/2004/08/events/event'><System><Provider Name='Microsoft-Windows-Security-Auditing' Guid='{54849625-5478-4994-a5ba-3e3b0328c30d}'/><EventID>4688</EventID><Version>2</Version><Level>0</Level><Task>13312</Task><Opcode>0</Opcode><Keywords>0x8020000000000000</Keywords><TimeCreated SystemTime='2026-09-13T21:37:27.2529518Z'/><EventRecordID>212815</EventRecordID><Correlation/><Execution ProcessID='4' ThreadID='11868'/><Channel>Security</Channel><Computer>DESKTOP-FOEGBB0</Computer><Security/></System><EventData><Data Name='SubjectUserSid'>S-1-5-21-404346624-2769923240-1900471442-1003</Data><Data Name='SubjectUserName'>CodexSandboxOffline</Data><Data Name='SubjectDomainName'>DESKTOP-FOEGBB0</Data><Data Name='SubjectLogonId'>0x38ae7c6</Data><Data Name='NewProcessId'>0x30a0</Data><Data Name='NewProcessName'>C:\Tools\Python313\python.exe</Data><Data Name='TokenElevationType'>%%1936</Data><Data Name='ProcessId'>0x2174</Data><Data Name='CommandLine'>"C:\Tools\Python313\python.exe" -c "import importlib.util; print(importlib.util.find_spec('olefile')); print(importlib.util.find_spec('xlrd')); print(importlib.util.find_spec('openpyxl'))"</Data><Data Name='TargetUserSid'>S-1-0-0</Data><Data Name='TargetUserName'>-</Data><Data Name='TargetDomainName'>-</Data><Data Name='TargetLogonId'>0x0</Data><Data Name='ParentProcessName'>C:\Users\o-neo\.cache\codex-runtimes\codex-primary-runtime\dependencies\native\powershell\pwsh.exe</Data><Data Name='MandatoryLabel'>S-1-16-8192</Data></EventData></Event><Event xmlns='http://schemas.microsoft.com/win/2004/08/events/event'><System><Provider Name='Microsoft-Windows-Security-Auditing' Guid='{54849625-5478-4994-a5ba-3e3b0328c30d}'/><EventID>4688</EventID><Version>2</Version><Level>0</Level><Task>13312</Task><Opcode>0</Opcode><Keywords>0x8020000000000000</Keywords><TimeCreated SystemTime='2026-09-13T21:37:28.8828619Z'/><EventRecordID>212816</EventRecordID><Correlation/><Execution ProcessID='4' ThreadID='9488'/><Channel>Security</Channel><Computer>DESKTOP-FOEGBB0</Computer><Security/></System><EventData><Data Name='SubjectUserSid'>S-1-5-21-404346624-2769923240-1900471442-1000</Data><Data Name='SubjectUserName'>o-neo</Data><Data Name='SubjectDomainName'>DESKTOP-FOEGBB0</Data><Data Name='SubjectLogonId'>0x695d3</Data><Data Name='NewProcessId'>0x28d4</Data><Data Name='NewProcessName'>C:\Users\o-neo\.cache\codex-runtimes\codex-primary-runtime\dependencies\native\powershell\pwsh.exe</Data><Data Name='TokenElevationType'>%%1938</Data><Data Name='ProcessId'>0x2d24</Data><Data Name='CommandLine'>"C:\Users\o-neo\.cache\codex-runtimes\codex-primary-runtime\dependencies\native\powershell\pwsh.exe" -Command "try { [Console]::OutputEncoding=[System.Text.Encoding]::UTF8 } catch {}
node scripts/search-missing-profile-images.js 'C:\Users\o-neo\AppData\Local\Temp\vip-gece-missing-image-keys.json' 'D:\01 Projeler'"</Data><Data Name='TargetUserSid'>S-1-0-0</Data><Data Name='TargetUserName'>-</Data><Data Name='TargetDomainName'>-</Data><Data Name='TargetLogonId'>0x0</Data><Data Name='ParentProcessName'>C:\Users\o-neo\AppData\Local\OpenAI\Codex\bin\bffc5354119c8421\codex.exe</Data><Data Name='MandatoryLabel'>S-1-16-8192</Data></EventData></Event><Event xmlns='http://schemas.microsoft.com/win/2004/08/events/event'><System><Provider Name='Microsoft-Windows-Security-Auditing' Guid='{54849625-5478-4994-a5ba-3e3b0328c30d}'/><EventID>4688</EventID><Version>2</Version><Level>0</Level><Task>13312</Task><Opcode>0</Opcode><Keywords>0x8020000000000000</Keywords><TimeCreated SystemTime='2026-09-13T21:37:30.9360370Z'/><EventRecordID>212819</EventRecordID><Correlation/><Execution ProcessID='4' ThreadID='9488'/><Channel>Security</Channel><Computer>DESKTOP-FOEGBB0</Computer><Security/></System><EventData><Data Name='SubjectUserSid'>S-1-5-18</Data><Data Name='SubjectUserName'>DESKTOP-FOEGBB0$</Data><Data Name='SubjectDomainName'>WORKGROUP</Data><Data Name='SubjectLogonId'>0x3e7</Data><Data Name='NewProcessId'>0x312c</Data><Data Name='NewProcessName'>C:\Windows\System32\sppsvc.exe</Data><Data Name='TokenElevationType'>%%1936</Data><Data Name='ProcessId'>0x25c</Data><Data Name='CommandLine'>C:\WINDOWS\system32\sppsvc.exe</Data><Data Name='TargetUserSid'>S-1-0-0</Data><Data Name='TargetUserName'>DESKTOP-FOEGBB0$</Data><Data Name='TargetDomainName'>WORKGROUP</Data><Data Name='TargetLogonId'>0x3e4</Data><Data Name='ParentProcessName'>C:\Windows\System32\services.exe</Data><Data Name='MandatoryLabel'>S-1-16-16384</Data></EventData></Event><Event xmlns='http://schemas.microsoft.com/win/2004/08/events/event'><System><Provider Name='Microsoft-Windows-Security-Auditing' Guid='{54849625-5478-4994-a5ba-3e3b0328c30d}'/><EventID>4688</EventID><Version>2</Version><Level>0</Level><Task>13312</Task><Opcode>0</Opcode><Keywords>0x8020000000000000</Keywords><TimeCreated SystemTime='2026-09-13T21:37:32.1340540Z'/><EventRecordID>212820</EventRecordID><Correlation/><Execution ProcessID='4' ThreadID='11868'/><Channel>Security</Channel><Computer>DESKTOP-FOEGBB0</Computer><Security/></System><EventData><Data Name='SubjectUserSid'>S-1-5-21-404346624-2769923240-1900471442-1003</Data><Data Name='SubjectUserName'>CodexSandboxOffline</Data><Data Name='SubjectDomainName'>DESKTOP-FOEGBB0</Data><Data Name='SubjectLogonId'>0x38aa046</Data><Data Name='NewProcessId'>0x2654</Data><Data Name='NewProcessName'>C:\Users\o-neo\.codex\.sandbox-bin\codex.exe</Data><Data Name='TokenElevationType'>%%1936</Data><Data Name='ProcessId'>0x2808</Data><Data Name='CommandLine'>C:\Users\o-neo\.codex\.sandbox-bin\codex.exe --codex-run-as-fs-helper</Data><Data Name='TargetUserSid'>S-1-0-0</Data><Data Name='TargetUserName'>-</Data><Data Name='TargetDomainName'>-</Data><Data Name='TargetLogonId'>0x0</Data><Data Name='ParentProcessName'>C:\Users\o-neo\.codex\.sandbox-bin\codex-command-runner-0.154.0-alpha.6.2.exe</Data><Data Name='MandatoryLabel'>S-1-16-8192</Data></EventData></Event><Event xmlns='http://schemas.microsoft.com/win/2004/08/events/event'><System><Provider Name='Microsoft-Windows-Security-Auditing' Guid='{54849625-5478-4994-a5ba-3e3b0328c30d}'/><EventID>4688</EventID><Version>2</Version><Level>0</Level><Task>13312</Task><Opcode>0</Opcode><Keywords>0x8020000000000000</Keywords><TimeCreated SystemTime='2026-09-13T21:37:36.5955575Z'/><EventRecordID>212826</EventRecordID><Correlation/><Execution ProcessID='4' ThreadID='9488'/><Channel>Security</Channel><Computer>DESKTOP-FOEGBB0</Computer><Security/></System><EventData><Data Name='SubjectUserSid'>S-1-5-21-404346624-2769923240-1900471442-1000</Data><Data Name='SubjectUserName'>o-neo</Data><Data Name='SubjectDomainName'>DESKTOP-FOEGBB0</Data><Data Name='SubjectLogonId'>0x695d3</Data><Data Name='NewProcessId'>0x3130</Data><Data Name='NewProcessName'>C:\Users\o-neo\AppData\Local\OpenAI\Codex\bin\bffc5354119c8421\codex-windows-sandbox-setup.exe</Data><Data Name='TokenElevationType'>%%1938</Data><Data Name='ProcessId'>0x2d24</Data><Data Name='CommandLine'>"C:\Users\o-neo\AppData\Local\OpenAI\Codex\bin\bffc5354119c8421\codex-windows-sandbox-setup.exe" eyJ2ZXJzaW9uIjo1LCJvZmZsaW5lX3VzZXJuYW1lIjoiQ29kZXhTYW5kYm94T2ZmbGluZSIsIm9ubGluZV91c2VybmFtZSI6IkNvZGV4U2FuZGJveE9ubGluZSIsImNvZGV4X2hvbWUiOiJDOlxcVXNlcnNcXG8tbmVvXFwuY29kZXgiLCJjb21tYW5kX2N3ZCI6IkM6XFxVc2Vyc1xcby1uZW9cXERvY3VtZW50c1xcVmlwLUdlY2UtV2ViLUdlbGlzdGlybWUiLCJyZWFkX3Jvb3RzIjpbIkM6XFxQcm9ncmFtIEZpbGVzIiwiQzpcXFByb2dyYW0gRmlsZXMgKHg4NikiLCJDOlxcUHJvZ3JhbURhdGEiLCJDOlxcVXNlcnNcXG8tbmVvXFwuYW5kcm9pZCIsIkM6XFxVc2Vyc1xcby1uZW9cXC5hbmRyb2lkLnppcCIsIkM6XFxVc2Vyc1xcby1uZW9cXC5jYWNoZSIsIkM6XFxVc2Vyc1xcby1uZW9cXC5jYWNoZS56aXAiLCJDOlxcVXNlcnNcXG8tbmVvXFwuY29kZXgiLCJDOlxcVXNlcnNcXG8tbmVvXFwuY29kZXguemlwIiwiQzpcXFVzZXJzXFxvLW5lb1xcLmNvZGV4XFwuc2FuZGJveC1iaW4iLCJDOlxcVXNlcnNcXG8tbmVvXFwuY29uZmlnLnppcCIsIkM6XFxVc2Vyc1xcby1uZW9cXC5kb3RuZXQiLCJDOlxcVXNlcnNcXG8tbmVvXFwuZG90bmV0LnppcCIsIkM6XFxVc2Vyc1xcby1uZW9cXC5sb2NhbCIsIkM6XFxVc2Vyc1xcby1uZW9cXC5sb2NhbC56aXAiLCJDOlxcVXNlcnNcXG8tbmVvXFwubnVnZXQiLCJDOlxcVXNlcnNcXG8tbmVvXFwubnVnZXQuemlwIiwiQzpcXFVzZXJzXFxvLW5lb1xcLnRlbXBsYXRlZW5naW5lIiwiQzpcXFVzZXJzXFxvLW5lb1xcLnRlbXBsYXRlZW5naW5lLnppcCIsIkM6XFxVc2Vyc1xcby1uZW9cXEFwcERhdGEiLCJDOlxcVXNlcnNcXG8tbmVvXFxBcHBEYXRhLnppcCIsIkM6XFxVc2Vyc1xcby1uZW9cXEFwcERhdGFcXExvY2FsIiwiQzpcXFVzZXJzXFxvLW5lb1xcQXBwRGF0YVxcTG9jYWxcXE1pY3Jvc29mdFxcV2luZG93c1xcSU5ldENvb2tpZXMiLCJDOlxcVXNlcnNcXG8tbmVvXFxBcHBEYXRhXFxSb2FtaW5nIiwiQzpcXFVzZXJzXFxvLW5lb1xcQXBwRGF0YVxcUm9hbWluZ1xcTWljcm9zb2Z0XFxXaW5kb3dzXFxOZXR3b3JrIFNob3J0Y3V0cyIsIkM6XFxVc2Vyc1xcby1uZW9cXEFwcERhdGFcXFJvYW1pbmdcXE1pY3Jvc29mdFxcV2luZG93c1xcUHJpbnRlciBTaG9ydGN1dHMiLCJDOlxcVXNlcnNcXG8tbmVvXFxBcHBEYXRhXFxSb2FtaW5nXFxNaWNyb3NvZnRcXFdpbmRvd3NcXFJlY2VudCIsIkM6XFxVc2Vyc1xcby1uZW9cXEFwcERhdGFcXFJvYW1pbmdcXE1pY3Jvc29mdFxcV2luZG93c1xcU2VuZFRvIiwiQzpcXFVzZXJzXFxvLW5lb1xcQXBwRGF0YVxcUm9hbWluZ1xcTWljcm9zb2Z0XFxXaW5kb3dzXFxTdGFydCBNZW51IiwiQzpcXFVzZXJzXFxvLW5lb1xcQXBwRGF0YVxcUm9hbWluZ1xcTWljcm9zb2Z0XFxXaW5kb3dzXFxUZW1wbGF0ZXMiLCJDOlxcVXNlcnNcXG8tbmVvXFxDb250YWN0cyIsIkM6XFxVc2Vyc1xcby1uZW9cXERlc2t0b3AiLCJDOlxcVXNlcnNcXG8tbmVvXFxEb2N1bWVudHMiLCJDOlxcVXNlcnNcXG8tbmVvXFxEb3dubG9hZHMiLCJDOlxcVXNlcnNcXG8tbmVvXFxGYXZvcml0ZXMiLCJDOlxcVXNlcnNcXG8tbmVvXFxpQ2xvdWREcml2ZSIsIkM6XFxVc2Vyc1xcby1uZW9cXEludGVsR3JhcGhpY3NQcm9maWxlcyIsIkM6XFxVc2Vyc1xcby1uZW9cXExpbmtzIiwiQzpcXFVzZXJzXFxvLW5lb1xcTXVzaWMiLCJDOlxcVXNlcnNcXG8tbmVvXFxOVFVTRVIuREFUIiwiQzpcXFVzZXJzXFxvLW5lb1xcbnR1c2VyLmRhdC5MT0cxIiwiQzpcXFVzZXJzXFxvLW5lb1xcbnR1c2VyLmRhdC5MT0cyIiwiQzpcXFVzZXJzXFxvLW5lb1xcTlRVU0VSLkRBVHs3ZDFiZmNjMi1hYTFiLTExZjEtYjdkMS04MDlkNjVhMWY2Mjd9LlR4Ui4wLnJlZ3RyYW5zLW1zIiwiQzpcXFVzZXJzXFxvLW5lb1xcTlRVU0VSLkRBVHs3ZDFiZmNjMi1hYTFiLTExZjEtYjdkMS04MDlkNjVhMWY2Mjd9LlR4Ui4xLnJlZ3RyYW5zLW1zIiwiQzpcXFVzZXJzXFxvLW5lb1xcTlRVU0VSLkRBVHs3ZDFiZmNjMi1hYTFiLTExZjEtYjdkMS04MDlkNjVhMWY2Mjd9LlR4Ui4yLnJlZ3RyYW5zLW1zIiwiQzpcXFVzZXJzXFxvLW5lb1xcTlRVU0VSLkRBVHs3ZDFiZmNjMi1hYTFiLTExZjEtYjdkMS04MDlkNjVhMWY2Mjd9LlR4Ui5ibGYiLCJDOlxcVXNlcnNcXG8tbmVvXFxOVFVTRVIuREFUezdkMWJmY2MzLWFhMWItMTFmMS1iN2QxLTgwOWQ2NWExZjYyN30uVE0uYmxmIiwiQzpcXFVzZXJzXFxvLW5lb1xcTlRVU0VSLkRBVHs3ZDFiZmNjMy1hYTFiLTExZjEtYjdkMS04MDlkNjVhMWY2Mjd9LlRNLmJsZi5jbnBmIiwiQzpcXFVzZXJzXFxvLW5lb1xcTlRVU0VSLkRBVHs3ZDFiZmNjMy1hYTFiLTExZjEtYjdkMS04MDlkNjVhMWY2Mjd9LlRNQ29udGFpbmVyMDAwMDAwMDAwMDAwMDAwMDAwMDEucmVndHJhbnMtbXMiLCJDOlxcVXNlcnNcXG8tbmVvXFxOVFVTRVIuREFUezdkMWJmY2MzLWFhMWItMTFmMS1iN2QxLTgwOWQ2NWExZjYyN30uVE1Db250YWluZXIwMDAwMDAwMDAwMDAwMDAwMDAwMS5yZWd0cmFucy1tcy5jbnBmIiwiQzpcXFVzZXJzXFxvLW5lb1xcTlRVU0VSLkRBVHs3ZDFiZmNjMy1hYTFiLTExZjEtYjdkMS04MDlkNjVhMWY2Mjd9LlRNQ29udGFpbmVyMDAwMDAwMDAwMDAwMDAwMDAwMDIucmVndHJhbnMtbXMiLCJDOlxcVXNlcnNcXG8tbmVvXFxOVFVTRVIuREFUezdkMWJmY2MzLWFhMWItMTFmMS1iN2QxLTgwOWQ2NWExZjYyN30uVE1Db250YWluZXIwMDAwMDAwMDAwMDAwMDAwMDAwMi5yZWd0cmFucy1tcy5jbnBmIiwiQzpcXFVzZXJzXFxvLW5lb1xcbnR1c2VyLmluaSIsIkM6XFxVc2Vyc1xcby1uZW9cXE9uZURyaXZlIiwiQzpcXFVzZXJzXFxvLW5lb1xcUGljdHVyZXMiLCJDOlxcVXNlcnNcXG8tbmVvXFxTYW1zdW5nIiwiQzpcXFVzZXJzXFxvLW5lb1xcU2F2ZWQgR2FtZXMiLCJDOlxcVXNlcnNcXG8tbmVvXFxTZWFyY2hlcyIsIkM6XFxVc2Vyc1xcby1uZW9cXFZpZGVvcyIsIkM6XFxXaW5kb3dzIl0sIndyaXRlX3Jvb3RzIjpbIkM6XFxVc2Vyc1xcby1uZW9cXC5jb2RleFxcdmlzdWFsaXphdGlvbnNcXDIwMjZcXDA5XFwxM1xcMDFhMDljYTAtM2E5NS03NDgyLTkwODMtYjcxNjA4ZjhlYzFiIiwiQzpcXFVzZXJzXFxvLW5lb1xcQXBwRGF0YVxcTG9jYWxcXFRlbXAiLCJDOlxcVXNlcnNcXG8tbmVvXFxEb2N1bWVudHNcXFZpcC1HZWNlLVdlYi1HZWxpc3Rpcm1lIl0sImRlbnlfcmVhZF9wYXRocyI6W10sImRlbnlfd3JpdGVfcGF0aHMiOlsiQzpcXFVzZXJzXFxvLW5lb1xcRG9jdW1lbnRzXFxWaXAtR2VjZS1XZWItR2VsaXN0aXJtZVxcLmdpdCIsIkM6XFxVc2Vyc1xcby1uZW9cXERvY3VtZW50c1xcVmlwLUdlY2UtV2ViLUdlbGlzdGlybWVcXC5naXQiXSwicHJveHlfcG9ydHMiOltdLCJhbGxvd19sb2NhbF9iaW5kaW5nIjpmYWxzZSwib3RlbCI6bnVsbCwicmVhbF91c2VyIjoiby1uZW8iLCJtb2RlIjoiZnVsbCIsInJlZnJlc2hfb25seSI6dHJ1ZX0=</Data><Data Name='TargetUserSid'>S-1-0-0</Data><Data Name='TargetUserName'>-</Data><Data Name='TargetDomainName'>-</Data><Data Name='TargetLogonId'>0x0</Data><Data Name='ParentProcessName'>C:\Users\o-neo\AppData\Local\OpenAI\Codex\bin\bffc5354119c8421\codex.exe</Data><Data Name='MandatoryLabel'>S-1-16-8192</Data></EventData></Event><Event xmlns='http://schemas.microsoft.com/win/2004/08/events/event'><System><Provider Name='Microsoft-Windows-Security-Auditing' Guid='{54849625-5478-4994-a5ba-3e3b0328c30d}'/><EventID>4688</EventID><Version>2</Version><Level>0</Level><Task>13312</Task><Opcode>0</Opcode><Keywords>0x8020000000000000</Keywords><TimeCreated SystemTime='2026-09-13T21:37:36.9313722Z'/><EventRecordID>212827</EventRecordID><Correlation/><Execution ProcessID='4' ThreadID='9488'/><Channel>Security</Channel><Computer>DESKTOP-FOEGBB0</Computer><Security/></System><EventData><Data Name='SubjectUserSid'>S-1-5-21-404346624-2769923240-1900471442-1000</Data><Data Name='SubjectUserName'>o-neo</Data><Data Name='SubjectDomainName'>DESKTOP-FOEGBB0</Data><Data Name='SubjectLogonId'>0x695d3</Data><Data Name='NewProcessId'>0x3238</Data><Data Name='NewProcessName'>C:\Tools\Node\node-v24.21.0-win-x64\node.exe</Data><Data Name='TokenElevationType'>%%1938</Data><Data Name='ProcessId'>0x28d4</Data><Data Name='CommandLine'>"C:\Tools\Node\node-v24.21.0-win-x64\node.exe" scripts/search-missing-profile-images.js C:\Users\o-neo\AppData\Local\Temp\vip-gece-missing-image-keys.json "D:\01 Projeler"</Data><Data Name='TargetUserSid'>S-1-0-0</Data><Data Name='TargetUserName'>-</Data><Data Name='TargetDomainName'>-</Data><Data Name='TargetLogonId'>0x0</Data><Data Name='ParentProcessName'>C:\Users\o-neo\.cache\codex-runtimes\codex-primary-runtime\dependencies\native\powershell\pwsh.exe</Data><Data Name='MandatoryLabel'>S-1-16-8192</Data></EventData></Event><Event xmlns='http://schemas.microsoft.com/win/2004/08/events/event'><System><Provider Name='Microsoft-Windows-Security-Auditing' Guid='{54849625-5478-4994-a5ba-3e3b0328c30d}'/><EventID>4688</EventID><Version>2</Version><Level>0</Level><Task>13312</Task><Opcode>0</Opcode><Keywords>0x8020000000000000</Keywords><TimeCreated SystemTime='2026-09-13T21:37:38.1166534Z'/><EventRecordID>212828</EventRecordID><Correlation/><Execution ProcessID='4' ThreadID='10052'/><Channel>Security</Channel><Computer>DESKTOP-FOEGBB0</Computer><Security/></System><EventData><Data Name='SubjectUserSid'>S-1-5-21-404346624-2769923240-1900471442-1000</Data><Data Name='SubjectUserName'>o-neo</Data><Data Name='SubjectDomainName'>DESKTOP-FOEGBB0</Data><Data Name='SubjectLogonId'>0x695d3</Data><Data Name='NewProcessId'>0x2b64</Data><Data Name='NewProcessName'>C:\Users\o-neo\AppData\Local\OpenAI\Codex\bin\bffc5354119c8421\codex-windows-sandbox-setup.exe</Data><Data Name='TokenElevationType'>%%1938</Data><Data Name='ProcessId'>0x3130</Data><Data Name='CommandLine'>"C:\Users\o-neo\AppData\Local\OpenAI\Codex\bin\bffc5354119c8421\codex-windows-sandbox-setup.exe" eyJ2ZXJzaW9uIjo1LCJvZmZsaW5lX3VzZXJuYW1lIjoiQ29kZXhTYW5kYm94T2ZmbGluZSIsIm9ubGluZV91c2VybmFtZSI6IkNvZGV4U2FuZGJveE9ubGluZSIsImNvZGV4X2hvbWUiOiJDOlxcVXNlcnNcXG8tbmVvXFwuY29kZXgiLCJjb21tYW5kX2N3ZCI6IkM6XFxVc2Vyc1xcby1uZW9cXERvY3VtZW50c1xcVmlwLUdlY2UtV2ViLUdlbGlzdGlybWUiLCJyZWFkX3Jvb3RzIjpbIkM6XFxQcm9ncmFtIEZpbGVzIiwiQzpcXFByb2dyYW0gRmlsZXMgKHg4NikiLCJDOlxcUHJvZ3JhbURhdGEiLCJDOlxcVXNlcnNcXG8tbmVvXFwuYW5kcm9pZCIsIkM6XFxVc2Vyc1xcby1uZW9cXC5hbmRyb2lkLnppcCIsIkM6XFxVc2Vyc1xcby1uZW9cXC5jYWNoZSIsIkM6XFxVc2Vyc1xcby1uZW9cXC5jYWNoZS56aXAiLCJDOlxcVXNlcnNcXG8tbmVvXFwuY29kZXgiLCJDOlxcVXNlcnNcXG8tbmVvXFwuY29kZXguemlwIiwiQzpcXFVzZXJzXFxvLW5lb1xcLmNvZGV4XFwuc2FuZGJveC1iaW4iLCJDOlxcVXNlcnNcXG8tbmVvXFwuY29uZmlnLnppcCIsIkM6XFxVc2Vyc1xcby1uZW9cXC5kb3RuZXQiLCJDOlxcVXNlcnNcXG8tbmVvXFwuZG90bmV0LnppcCIsIkM6XFxVc2Vyc1xcby1uZW9cXC5sb2NhbCIsIkM6XFxVc2Vyc1xcby1uZW9cXC5sb2NhbC56aXAiLCJDOlxcVXNlcnNcXG8tbmVvXFwubnVnZXQiLCJDOlxcVXNlcnNcXG8tbmVvXFwubnVnZXQuemlwIiwiQzpcXFVzZXJzXFxvLW5lb1xcLnRlbXBsYXRlZW5naW5lIiwiQzpcXFVzZXJzXFxvLW5lb1xcLnRlbXBsYXRlZW5naW5lLnppcCIsIkM6XFxVc2Vyc1xcby1uZW9cXEFwcERhdGEiLCJDOlxcVXNlcnNcXG8tbmVvXFxBcHBEYXRhLnppcCIsIkM6XFxVc2Vyc1xcby1uZW9cXEFwcERhdGFcXExvY2FsIiwiQzpcXFVzZXJzXFxvLW5lb1xcQXBwRGF0YVxcTG9jYWxcXE1pY3Jvc29mdFxcV2luZG93c1xcSU5ldENvb2tpZXMiLCJDOlxcVXNlcnNcXG8tbmVvXFxBcHBEYXRhXFxSb2FtaW5nIiwiQzpcXFVzZXJzXFxvLW5lb1xcQXBwRGF0YVxcUm9hbWluZ1xcTWljcm9zb2Z0XFxXaW5kb3dzXFxOZXR3b3JrIFNob3J0Y3V0cyIsIkM6XFxVc2Vyc1xcby1uZW9cXEFwcERhdGFcXFJvYW1pbmdcXE1pY3Jvc29mdFxcV2luZG93c1xcUHJpbnRlciBTaG9ydGN1dHMiLCJDOlxcVXNlcnNcXG8tbmVvXFxBcHBEYXRhXFxSb2FtaW5nXFxNaWNyb3NvZnRcXFdpbmRvd3NcXFJlY2VudCIsIkM6XFxVc2Vyc1xcby1uZW9cXEFwcERhdGFcXFJvYW1pbmdcXE1pY3Jvc29mdFxcV2luZG93c1xcU2VuZFRvIiwiQzpcXFVzZXJzXFxvLW5lb1xcQXBwRGF0YVxcUm9hbWluZ1xcTWljcm9zb2Z0XFxXaW5kb3dzXFxTdGFydCBNZW51IiwiQzpcXFVzZXJzXFxvLW5lb1xcQXBwRGF0YVxcUm9hbWluZ1xcTWljcm9zb2Z0XFxXaW5kb3dzXFxUZW1wbGF0ZXMiLCJDOlxcVXNlcnNcXG8tbmVvXFxDb250YWN0cyIsIkM6XFxVc2Vyc1xcby1uZW9cXERlc2t0b3AiLCJDOlxcVXNlcnNcXG8tbmVvXFxEb2N1bWVudHMiLCJDOlxcVXNlcnNcXG8tbmVvXFxEb3dubG9hZHMiLCJDOlxcVXNlcnNcXG8tbmVvXFxGYXZvcml0ZXMiLCJDOlxcVXNlcnNcXG8tbmVvXFxpQ2xvdWREcml2ZSIsIkM6XFxVc2Vyc1xcby1uZW9cXEludGVsR3JhcGhpY3NQcm9maWxlcyIsIkM6XFxVc2Vyc1xcby1uZW9cXExpbmtzIiwiQzpcXFVzZXJzXFxvLW5lb1xcTXVzaWMiLCJDOlxcVXNlcnNcXG8tbmVvXFxOVFVTRVIuREFUIiwiQzpcXFVzZXJzXFxvLW5lb1xcbnR1c2VyLmRhdC5MT0cxIiwiQzpcXFVzZXJzXFxvLW5lb1xcbnR1c2VyLmRhdC5MT0cyIiwiQzpcXFVzZXJzXFxvLW5lb1xcTlRVU0VSLkRBVHs3ZDFiZmNjMi1hYTFiLTExZjEtYjdkMS04MDlkNjVhMWY2Mjd9LlR4Ui4wLnJlZ3RyYW5zLW1zIiwiQzpcXFVzZXJzXFxvLW5lb1xcTlRVU0VSLkRBVHs3ZDFiZmNjMi1hYTFiLTExZjEtYjdkMS04MDlkNjVhMWY2Mjd9LlR4Ui4xLnJlZ3RyYW5zLW1zIiwiQzpcXFVzZXJzXFxvLW5lb1xcTlRVU0VSLkRBVHs3ZDFiZmNjMi1hYTFiLTExZjEtYjdkMS04MDlkNjVhMWY2Mjd9LlR4Ui4yLnJlZ3RyYW5zLW1zIiwiQzpcXFVzZXJzXFxvLW5lb1xcTlRVU0VSLkRBVHs3ZDFiZmNjMi1hYTFiLTExZjEtYjdkMS04MDlkNjVhMWY2Mjd9LlR4Ui5ibGYiLCJDOlxcVXNlcnNcXG8tbmVvXFxOVFVTRVIuREFUezdkMWJmY2MzLWFhMWItMTFmMS1iN2QxLTgwOWQ2NWExZjYyN30uVE0uYmxmIiwiQzpcXFVzZXJzXFxvLW5lb1xcTlRVU0VSLkRBVHs3ZDFiZmNjMy1hYTFiLTExZjEtYjdkMS04MDlkNjVhMWY2Mjd9LlRNLmJsZi5jbnBmIiwiQzpcXFVzZXJzXFxvLW5lb1xcTlRVU0VSLkRBVHs3ZDFiZmNjMy1hYTFiLTExZjEtYjdkMS04MDlkNjVhMWY2Mjd9LlRNQ29udGFpbmVyMDAwMDAwMDAwMDAwMDAwMDAwMDEucmVndHJhbnMtbXMiLCJDOlxcVXNlcnNcXG8tbmVvXFxOVFVTRVIuREFUezdkMWJmY2MzLWFhMWItMTFmMS1iN2QxLTgwOWQ2NWExZjYyN30uVE1Db250YWluZXIwMDAwMDAwMDAwMDAwMDAwMDAwMS5yZWd0cmFucy1tcy5jbnBmIiwiQzpcXFVzZXJzXFxvLW5lb1xcTlRVU0VSLkRBVHs3ZDFiZmNjMy1hYTFiLTExZjEtYjdkMS04MDlkNjVhMWY2Mjd9LlRNQ29udGFpbmVyMDAwMDAwMDAwMDAwMDAwMDAwMDIucmVndHJhbnMtbXMiLCJDOlxcVXNlcnNcXG8tbmVvXFxOVFVTRVIuREFUezdkMWJmY2MzLWFhMWItMTFmMS1iN2QxLTgwOWQ2NWExZjYyN30uVE1Db250YWluZXIwMDAwMDAwMDAwMDAwMDAwMDAwMi5yZWd0cmFucy1tcy5jbnBmIiwiQzpcXFVzZXJzXFxvLW5lb1xcbnR1c2VyLmluaSIsIkM6XFxVc2Vyc1xcby1uZW9cXE9uZURyaXZlIiwiQzpcXFVzZXJzXFxvLW5lb1xcUGljdHVyZXMiLCJDOlxcVXNlcnNcXG8tbmVvXFxTYW1zdW5nIiwiQzpcXFVzZXJzXFxvLW5lb1xcU2F2ZWQgR2FtZXMiLCJDOlxcVXNlcnNcXG8tbmVvXFxTZWFyY2hlcyIsIkM6XFxVc2Vyc1xcby1uZW9cXFZpZGVvcyIsIkM6XFxXaW5kb3dzIl0sIndyaXRlX3Jvb3RzIjpbIkM6XFxVc2Vyc1xcby1uZW9cXC5jb2RleFxcdmlzdWFsaXphdGlvbnNcXDIwMjZcXDA5XFwxM1xcMDFhMDljYTAtM2E5NS03NDgyLTkwODMtYjcxNjA4ZjhlYzFiIiwiQzpcXFVzZXJzXFxvLW5lb1xcQXBwRGF0YVxcTG9jYWxcXFRlbXAiLCJDOlxcVXNlcnNcXG8tbmVvXFxEb2N1bWVudHNcXFZpcC1HZWNlLVdlYi1HZWxpc3Rpcm1lIl0sImRlbnlfcmVhZF9wYXRocyI6W10sImRlbnlfd3JpdGVfcGF0aHMiOlsiQzpcXFVzZXJzXFxvLW5lb1xcRG9jdW1lbnRzXFxWaXAtR2VjZS1XZWItR2VsaXN0aXJtZVxcLmdpdCIsIkM6XFxVc2Vyc1xcby1uZW9cXERvY3VtZW50c1xcVmlwLUdlY2UtV2ViLUdlbGlzdGlybWVcXC5naXQiXSwicHJveHlfcG9ydHMiOltdLCJhbGxvd19sb2NhbF9iaW5kaW5nIjpmYWxzZSwib3RlbCI6bnVsbCwicmVhbF91c2VyIjoiby1uZW8iLCJtb2RlIjoicmVhZC1hY2xzLW9ubHkiLCJyZWZyZXNoX29ubHkiOnRydWV9</Data><Data Name='TargetUserSid'>S-1-0-0</Data><Data Name='TargetUserName'>-</Data><Data Name='TargetDomainName'>-</Data><Data Name='TargetLogonId'>0x0</Data><Data Name='ParentProcessName'>C:\Users\o-neo\AppData\Local\OpenAI\Codex\bin\bffc5354119c8421\codex-windows-sandbox-setup.exe</Data><Data Name='MandatoryLabel'>S-1-16-8192</Data></EventData></Event><Event xmlns='http://schemas.microsoft.com/win/2004/08/events/event'><System><Provider Name='Microsoft-Windows-Security-Auditing' Guid='{54849625-5478-4994-a5ba-3e3b0328c30d}'/><EventID>4688</EventID><Version>2</Version><Level>0</Level><Task>13312</Task><Opcode>0</Opcode><Keywords>0x8020000000000000</Keywords><TimeCreated SystemTime='2026-09-13T21:37:38.3791062Z'/><EventRecordID>212829</EventRecordID><Correlation/><Execution ProcessID='4' ThreadID='10056'/><Channel>Security</Channel><Computer>DESKTOP-FOEGBB0</Computer><Security/></System><EventData><Data Name='SubjectUserSid'>S-1-5-21-404346624-2769923240-1900471442-1000</Data><Data Name='SubjectUserName'>o-neo</Data><Data Name='SubjectDomainName'>DESKTOP-FOEGBB0</Data><Data Name='SubjectLogonId'>0x695d3</Data><Data Name='NewProcessId'>0x1d7c</Data><Data Name='NewProcessName'>C:\Windows\System32\conhost.exe</Data><Data Name='TokenElevationType'>%%1938</Data><Data Name='ProcessId'>0x2b64</Data><Data Name='CommandLine'>\??\C:\WINDOWS\system32\conhost.exe 0xffffffff -ForceV1</Data><Data Name='TargetUserSid'>S-1-0-0</Data><Data Name='TargetUserName'>-</Data><Data Name='TargetDomainName'>-</Data><Data Name='TargetLogonId'>0x0</Data><Data Name='ParentProcessName'>C:\Users\o-neo\AppData\Local\OpenAI\Codex\bin\bffc5354119c8421\codex-windows-sandbox-setup.exe</Data><Data Name='MandatoryLabel'>S-1-16-8192</Data></EventData></Event><Event xmlns='http://schemas.microsoft.com/win/2004/08/events/event'><System><Provider Name='Microsoft-Windows-Security-Auditing' Guid='{54849625-5478-4994-a5ba-3e3b0328c30d}'/><EventID>4688</EventID><Version>2</Version><Level>0</Level><Task>13312</Task><Opcode>0</Opcode><Keywords>0x8020000000000000</Keywords><TimeCreated SystemTime='2026-09-13T21:37:41.0848196Z'/><EventRecordID>212833</EventRecordID><Correlation/><Execution ProcessID='4' ThreadID='9488'/><Channel>Security</Channel><Computer>DESKTOP-FOEGBB0</Computer><Security/></System><EventData><Data Name='SubjectUserSid'>S-1-5-18</Data><Data Name='SubjectUserName'>DESKTOP-FOEGBB0$</Data><Data Name='SubjectDomainName'>WORKGROUP</Data><Data Name='SubjectLogonId'>0x3e7</Data><Data Name='NewProcessId'>0x2988</Data><Data Name='NewProcessName'>C:\Users\o-neo\.codex\.sandbox-bin\codex-command-runner-0.154.0-alpha.6.2.exe</Data><Data Name='TokenElevationType'>%%1936</Data><Data Name='ProcessId'>0x2d24</Data><Data Name='CommandLine'>C:\Users\o-neo\.codex\.sandbox-bin\codex-command-runner-0.154.0-alpha.6.2.exe --pipe-in=\\.\pipe\codex-runner-14cfddfdc741fa9937e9a7e80a968e3f-in --pipe-out=\\.\pipe\codex-runner-14cfddfdc741fa9937e9a7e80a968e3f-out</Data><Data Name='TargetUserSid'>S-1-0-0</Data><Data Name='TargetUserName'>CodexSandboxOffline</Data><Data Name='TargetDomainName'>DESKTOP-FOEGBB0</Data><Data Name='TargetLogonId'>0x38c2ba7</Data><Data Name='ParentProcessName'>C:\Users\o-neo\AppData\Local\OpenAI\Codex\bin\bffc5354119c8421\codex.exe</Data><Data Name='MandatoryLabel'>S-1-16-8192</Data></EventData></Event><Event xmlns='http://schemas.microsoft.com/win/2004/08/events/event'><System><Provider Name='Microsoft-Windows-Security-Auditing' Guid='{54849625-5478-4994-a5ba-3e3b0328c30d}'/><EventID>4688</EventID><Version>2</Version><Level>0</Level><Task>13312</Task><Opcode>0</Opcode><Keywords>0x8020000000000000</Keywords><TimeCreated SystemTime='2026-09-13T21:37:41.2809959Z'/><EventRecordID>212834</EventRecordID><Correlation/><Execution ProcessID='4' ThreadID='10052'/><Channel>Security</Channel><Computer>DESKTOP-FOEGBB0</Computer><Security/></System><EventData><Data Name='SubjectUserSid'>S-1-5-21-404346624-2769923240-1900471442-1003</Data><Data Name='SubjectUserName'>CodexSandboxOffline</Data><Data Name='SubjectDomainName'>DESKTOP-FOEGBB0</Data><Data Name='SubjectLogonId'>0x38c2ba7</Data><Data Name='NewProcessId'>0x2c6c</Data><Data Name='NewProcessName'>C:\Users\o-neo\.cache\codex-runtimes\codex-primary-runtime\dependencies\native\powershell\pwsh.exe</Data><Data Name='TokenElevationType'>%%1936</Data><Data Name='ProcessId'>0x2988</Data><Data Name='CommandLine'>C:\Users\o-neo\.cache\codex-runtimes\codex-primary-runtime\dependencies\native\powershell\pwsh.exe -NoProfile -Command "try { [Console]::OutputEncoding=[System.Text.Encoding]::UTF8 } catch {}
python -m pip install --disable-pip-version-check --no-input --target \"$env:TEMP\codex_xlrd\" xlrd==2.0.2"</Data><Data Name='TargetUserSid'>S-1-0-0</Data><Data Name='TargetUserName'>-</Data><Data Name='TargetDomainName'>-</Data><Data Name='TargetLogonId'>0x0</Data><Data Name='ParentProcessName'>C:\Users\o-neo\.codex\.sandbox-bin\codex-command-runner-0.154.0-alpha.6.2.exe</Data><Data Name='MandatoryLabel'>S-1-16-8192</Data></EventData></Event><Event xmlns='http://schemas.microsoft.com/win/2004/08/events/event'><System><Provider Name='Microsoft-Windows-Security-Auditing' Guid='{54849625-5478-4994-a5ba-3e3b0328c30d}'/><EventID>4688</EventID><Version>2</Version><Level>0</Level><Task>13312</Task><Opcode>0</Opcode><Keywords>0x8020000000000000</Keywords><TimeCreated SystemTime='2026-09-13T21:37:42.5404958Z'/><EventRecordID>212837</EventRecordID><Correlation/><Execution ProcessID='4' ThreadID='9488'/><Channel>Security</Channel><Computer>DESKTOP-FOEGBB0</Computer><Security/></System><EventData><Data Name='SubjectUserSid'>S-1-5-18</Data><Data Name='SubjectUserName'>DESKTOP-FOEGBB0$</Data><Data Name='SubjectDomainName'>WORKGROUP</Data><Data Name='SubjectLogonId'>0x3e7</Data><Data Name='NewProcessId'>0x14c4</Data><Data Name='NewProcessName'>C:\Windows\System32\svchost.exe</Data><Data Name='TokenElevationType'>%%1936</Data><Data Name='ProcessId'>0x25c</Data><Data Name='CommandLine'>C:\WINDOWS\system32\svchost.exe -k GPSvcGroup</Data><Data Name='TargetUserSid'>S-1-0-0</Data><Data Name='TargetUserName'>-</Data><Data Name='TargetDomainName'>-</Data><Data Name='TargetLogonId'>0x0</Data><Data Name='ParentProcessName'>C:\Windows\System32\services.exe</Data><Data Name='MandatoryLabel'>S-1-16-16384</Data></EventData></Event><Event xmlns='http://schemas.microsoft.com/win/2004/08/events/event'><System><Provider Name='Microsoft-Windows-Security-Auditing' Guid='{54849625-5478-4994-a5ba-3e3b0328c30d}'/><EventID>4688</EventID><Version>2</Version><Level>0</Level><Task>13312</Task><Opcode>0</Opcode><Keywords>0x8020000000000000</Keywords><TimeCreated SystemTime='2026-09-13T21:37:45.9328422Z'/><EventRecordID>212840</EventRecordID><Correlation/><Execution ProcessID='4' ThreadID='2308'/><Channel>Security</Channel><Computer>DESKTOP-FOEGBB0</Computer><Security/></System><EventData><Data Name='SubjectUserSid'>S-1-5-21-404346624-2769923240-1900471442-1003</Data><Data Name='SubjectUserName'>CodexSandboxOffline</Data><Data Name='SubjectDomainName'>DESKTOP-FOEGBB0</Data><Data Name='SubjectLogonId'>0x38c2ba7</Data><Data Name='NewProcessId'>0x13a8</Data><Data Name='NewProcessName'>C:\Windows\System32\conhost.exe</Data><Data Name='TokenElevationType'>%%1936</Data><Data Name='ProcessId'>0x2c6c</Data><Data Name='CommandLine'>\??\C:\WINDOWS\system32\conhost.exe 0xffffffff -ForceV1</Data><Data Name='TargetUserSid'>S-1-0-0</Data><Data Name='TargetUserName'>-</Data><Data Name='TargetDomainName'>-</Data><Data Name='TargetLogonId'>0x0</Data><Data Name='ParentProcessName'>C:\Users\o-neo\.cache\codex-runtimes\codex-primary-runtime\dependencies\native\powershell\pwsh.exe</Data><Data Name='MandatoryLabel'>S-1-16-8192</Data></EventData></Event><Event xmlns='http://schemas.microsoft.com/win/2004/08/events/event'><System><Provider Name='Microsoft-Windows-Security-Auditing' Guid='{54849625-5478-4994-a5ba-3e3b0328c30d}'/><EventID>4688</EventID><Version>2</Version><Level>0</Level><Task>13312</Task><Opcode>0</Opcode><Keywords>0x8020000000000000</Keywords><TimeCreated SystemTime='2026-09-13T21:37:48.9065529Z'/><EventRecordID>212842</EventRecordID><Correlation/><Execution ProcessID='4' ThreadID='11868'/><Channel>Security</Channel><Computer>DESKTOP-FOEGBB0</Computer><Security/></System><EventData><Data Name='SubjectUserSid'>S-1-5-21-404346624-2769923240-1900471442-1003</Data><Data Name='SubjectUserName'>CodexSandboxOffline</Data><Data Name='SubjectDomainName'>DESKTOP-FOEGBB0</Data><Data Name='SubjectLogonId'>0x38c2ba7</Data><Data Name='NewProcessId'>0x1488</Data><Data Name='NewProcessName'>C:\Tools\Python313\python.exe</Data><Data Name='TokenElevationType'>%%1936</Data><Data Name='ProcessId'>0x2c6c</Data><Data Name='CommandLine'>"C:\Tools\Python313\python.exe" -m pip install --disable-pip-version-check --no-input --target C:\Users\o-neo\AppData\Local\Temp\codex_xlrd xlrd==2.0.2</Data><Data Name='TargetUserSid'>S-1-0-0</Data><Data Name='TargetUserName'>-</Data><Data Name='TargetDomainName'>-</Data><Data Name='TargetLogonId'>0x0</Data><Data Name='ParentProcessName'>C:\Users\o-neo\.cache\codex-runtimes\codex-primary-runtime\dependencies\native\powershell\pwsh.exe</Data><Data Name='MandatoryLabel'>S-1-16-8192</Data></EventData></Event><Event xmlns='http://schemas.microsoft.com/win/2004/08/events/event'><System><Provider Name='Microsoft-Windows-Security-Auditing' Guid='{54849625-5478-4994-a5ba-3e3b0328c30d}'/><EventID>4688</EventID><Version>2</Version><Level>0</Level><Task>13312</Task><Opcode>0</Opcode><Keywords>0x8020000000000000</Keywords><TimeCreated SystemTime='2026-09-13T21:38:00.9233103Z'/><EventRecordID>212849</EventRecordID><Correlation/><Execution ProcessID='4' ThreadID='11868'/><Channel>Security</Channel><Computer>DESKTOP-FOEGBB0</Computer><Security/></System><EventData><Data Name='SubjectUserSid'>S-1-5-21-404346624-2769923240-1900471442-1003</Data><Data Name='SubjectUserName'>CodexSandboxOffline</Data><Data Name='SubjectDomainName'>DESKTOP-FOEGBB0</Data><Data Name='SubjectLogonId'>0x38c2ba7</Data><Data Name='NewProcessId'>0x3028</Data><Data Name='NewProcessName'>C:\Windows\System32\cmd.exe</Data><Data Name='TokenElevationType'>%%1936</Data><Data Name='ProcessId'>0x1488</Data><Data Name='CommandLine'>C:\WINDOWS\system32\cmd.exe /c "ver"</Data><Data Name='TargetUserSid'>S-1-0-0</Data><Data Name='TargetUserName'>-</Data><Data Name='TargetDomainName'>-</Data><Data Name='TargetLogonId'>0x0</Data><Data Name='ParentProcessName'>C:\Tools\Python313\python.exe</Data><Data Name='MandatoryLabel'>S-1-16-8192</Data></EventData></Event>