<Event xmlns='http://schemas.microsoft.com/win/2004/08/events/event'><System><Provider Name='Microsoft-Windows-Sysmon' Guid='{5770385f-c22a-43e0-bf4c-06f5698ffbd9}'/><EventID>1</EventID><Version>5</Version><Level>4</Level><Task>1</Task><Opcode>0</Opcode><Keywords>0x8000000000000000</Keywords><TimeCreated SystemTime='2026-09-13T21:32:04.3313125Z'/><EventRecordID>621008</EventRecordID><Correlation/><Execution ProcessID='4168' ThreadID='5936'/><Channel>Microsoft-Windows-Sysmon/Operational</Channel><Computer>DESKTOP-FOEGBB0</Computer><Security UserID='S-1-5-18'/></System><EventData><Data Name='RuleName'>-</Data><Data Name='UtcTime'>2026-09-13 21:32:03.971</Data><Data Name='ProcessGuid'>{66b35fd9-1653-6aa7-6d37-000000001700}</Data><Data Name='ProcessId'>11524</Data><Data Name='Image'>C:\Users\o-neo\AppData\Local\OpenAI\Codex\bin\bffc5354119c8421\codex-windows-sandbox-setup.exe</Data><Data Name='FileVersion'>-</Data><Data Name='Description'>-</Data><Data Name='Product'>-</Data><Data Name='Company'>-</Data><Data Name='OriginalFileName'>-</Data><Data Name='CommandLine'>"C:\Users\o-neo\AppData\Local\OpenAI\Codex\bin\bffc5354119c8421\codex-windows-sandbox-setup.exe" eyJ2ZXJzaW9uIjo1LCJvZmZsaW5lX3VzZXJuYW1lIjoiQ29kZXhTYW5kYm94T2ZmbGluZSIsIm9ubGluZV91c2VybmFtZSI6IkNvZGV4U2FuZGJveE9ubGluZSIsImNvZGV4X2hvbWUiOiJDOlxcVXNlcnNcXG8tbmVvXFwuY29kZXgiLCJjb21tYW5kX2N3ZCI6IkM6XFxVc2Vyc1xcby1uZW9cXERvY3VtZW50c1xcVmlwLUdlY2UtV2ViLUdlbGlzdGlybWUiLCJyZWFkX3Jvb3RzIjpbIkM6XFxQcm9ncmFtIEZpbGVzIiwiQzpcXFByb2dyYW0gRmlsZXMgKHg4NikiLCJDOlxcUHJvZ3JhbURhdGEiLCJDOlxcVXNlcnNcXG8tbmVvXFwuYW5kcm9pZCIsIkM6XFxVc2Vyc1xcby1uZW9cXC5hbmRyb2lkLnppcCIsIkM6XFxVc2Vyc1xcby1uZW9cXC5jYWNoZSIsIkM6XFxVc2Vyc1xcby1uZW9cXC5jYWNoZS56aXAiLCJDOlxcVXNlcnNcXG8tbmVvXFwuY29kZXgiLCJDOlxcVXNlcnNcXG8tbmVvXFwuY29kZXguemlwIiwiQzpcXFVzZXJzXFxvLW5lb1xcLmNvZGV4XFwuc2FuZGJveC1iaW4iLCJDOlxcVXNlcnNcXG8tbmVvXFwuY29uZmlnLnppcCIsIkM6XFxVc2Vyc1xcby1uZW9cXC5kb3RuZXQiLCJDOlxcVXNlcnNcXG8tbmVvXFwuZG90bmV0LnppcCIsIkM6XFxVc2Vyc1xcby1uZW9cXC5sb2NhbCIsIkM6XFxVc2Vyc1xcby1uZW9cXC5sb2NhbC56aXAiLCJDOlxcVXNlcnNcXG8tbmVvXFwubnVnZXQiLCJDOlxcVXNlcnNcXG8tbmVvXFwubnVnZXQuemlwIiwiQzpcXFVzZXJzXFxvLW5lb1xcLnRlbXBsYXRlZW5naW5lIiwiQzpcXFVzZXJzXFxvLW5lb1xcLnRlbXBsYXRlZW5naW5lLnppcCIsIkM6XFxVc2Vyc1xcby1uZW9cXEFwcERhdGEiLCJDOlxcVXNlcnNcXG8tbmVvXFxBcHBEYXRhLnppcCIsIkM6XFxVc2Vyc1xcby1uZW9cXEFwcERhdGFcXExvY2FsIiwiQzpcXFVzZXJzXFxvLW5lb1xcQXBwRGF0YVxcTG9jYWxcXE1pY3Jvc29mdFxcV2luZG93c1xcSU5ldENvb2tpZXMiLCJDOlxcVXNlcnNcXG8tbmVvXFxBcHBEYXRhXFxSb2FtaW5nIiwiQzpcXFVzZXJzXFxvLW5lb1xcQXBwRGF0YVxcUm9hbWluZ1xcTWljcm9zb2Z0XFxXaW5kb3dzXFxOZXR3b3JrIFNob3J0Y3V0cyIsIkM6XFxVc2Vyc1xcby1uZW9cXEFwcERhdGFcXFJvYW1pbmdcXE1pY3Jvc29mdFxcV2luZG93c1xcUHJpbnRlciBTaG9ydGN1dHMiLCJDOlxcVXNlcnNcXG8tbmVvXFxBcHBEYXRhXFxSb2FtaW5nXFxNaWNyb3NvZnRcXFdpbmRvd3NcXFJlY2VudCIsIkM6XFxVc2Vyc1xcby1uZW9cXEFwcERhdGFcXFJvYW1pbmdcXE1pY3Jvc29mdFxcV2luZG93c1xcU2VuZFRvIiwiQzpcXFVzZXJzXFxvLW5lb1xcQXBwRGF0YVxcUm9hbWluZ1xcTWljcm9zb2Z0XFxXaW5kb3dzXFxTdGFydCBNZW51IiwiQzpcXFVzZXJzXFxvLW5lb1xcQXBwRGF0YVxcUm9hbWluZ1xcTWljcm9zb2Z0XFxXaW5kb3dzXFxUZW1wbGF0ZXMiLCJDOlxcVXNlcnNcXG8tbmVvXFxDb250YWN0cyIsIkM6XFxVc2Vyc1xcby1uZW9cXERlc2t0b3AiLCJDOlxcVXNlcnNcXG8tbmVvXFxEb2N1bWVudHMiLCJDOlxcVXNlcnNcXG8tbmVvXFxEb3dubG9hZHMiLCJDOlxcVXNlcnNcXG8tbmVvXFxGYXZvcml0ZXMiLCJDOlxcVXNlcnNcXG8tbmVvXFxpQ2xvdWREcml2ZSIsIkM6XFxVc2Vyc1xcby1uZW9cXEludGVsR3JhcGhpY3NQcm9maWxlcyIsIkM6XFxVc2Vyc1xcby1uZW9cXExpbmtzIiwiQzpcXFVzZXJzXFxvLW5lb1xcTXVzaWMiLCJDOlxcVXNlcnNcXG8tbmVvXFxOVFVTRVIuREFUIiwiQzpcXFVzZXJzXFxvLW5lb1xcbnR1c2VyLmRhdC5MT0cxIiwiQzpcXFVzZXJzXFxvLW5lb1xcbnR1c2VyLmRhdC5MT0cyIiwiQzpcXFVzZXJzXFxvLW5lb1xcTlRVU0VSLkRBVHs3ZDFiZmNjMi1hYTFiLTExZjEtYjdkMS04MDlkNjVhMWY2Mjd9LlR4Ui4wLnJlZ3RyYW5zLW1zIiwiQzpcXFVzZXJzXFxvLW5lb1xcTlRVU0VSLkRBVHs3ZDFiZmNjMi1hYTFiLTExZjEtYjdkMS04MDlkNjVhMWY2Mjd9LlR4Ui4xLnJlZ3RyYW5zLW1zIiwiQzpcXFVzZXJzXFxvLW5lb1xcTlRVU0VSLkRBVHs3ZDFiZmNjMi1hYTFiLTExZjEtYjdkMS04MDlkNjVhMWY2Mjd9LlR4Ui4yLnJlZ3RyYW5zLW1zIiwiQzpcXFVzZXJzXFxvLW5lb1xcTlRVU0VSLkRBVHs3ZDFiZmNjMi1hYTFiLTExZjEtYjdkMS04MDlkNjVhMWY2Mjd9LlR4Ui5ibGYiLCJDOlxcVXNlcnNcXG8tbmVvXFxOVFVTRVIuREFUezdkMWJmY2MzLWFhMWItMTFmMS1iN2QxLTgwOWQ2NWExZjYyN30uVE0uYmxmIiwiQzpcXFVzZXJzXFxvLW5lb1xcTlRVU0VSLkRBVHs3ZDFiZmNjMy1hYTFiLTExZjEtYjdkMS04MDlkNjVhMWY2Mjd9LlRNLmJsZi5jbnBmIiwiQzpcXFVzZXJzXFxvLW5lb1xcTlRVU0VSLkRBVHs3ZDFiZmNjMy1hYTFiLTExZjEtYjdkMS04MDlkNjVhMWY2Mjd9LlRNQ29udGFpbmVyMDAwMDAwMDAwMDAwMDAwMDAwMDEucmVndHJhbnMtbXMiLCJDOlxcVXNlcnNcXG8tbmVvXFxOVFVTRVIuREFUezdkMWJmY2MzLWFhMWItMTFmMS1iN2QxLTgwOWQ2NWExZjYyN30uVE1Db250YWluZXIwMDAwMDAwMDAwMDAwMDAwMDAwMS5yZWd0cmFucy1tcy5jbnBmIiwiQzpcXFVzZXJzXFxvLW5lb1xcTlRVU0VSLkRBVHs3ZDFiZmNjMy1hYTFiLTExZjEtYjdkMS04MDlkNjVhMWY2Mjd9LlRNQ29udGFpbmVyMDAwMDAwMDAwMDAwMDAwMDAwMDIucmVndHJhbnMtbXMiLCJDOlxcVXNlcnNcXG8tbmVvXFxOVFVTRVIuREFUezdkMWJmY2MzLWFhMWItMTFmMS1iN2QxLTgwOWQ2NWExZjYyN30uVE1Db250YWluZXIwMDAwMDAwMDAwMDAwMDAwMDAwMi5yZWd0cmFucy1tcy5jbnBmIiwiQzpcXFVzZXJzXFxvLW5lb1xcbnR1c2VyLmluaSIsIkM6XFxVc2Vyc1xcby1uZW9cXE9uZURyaXZlIiwiQzpcXFVzZXJzXFxvLW5lb1xcUGljdHVyZXMiLCJDOlxcVXNlcnNcXG8tbmVvXFxTYW1zdW5nIiwiQzpcXFVzZXJzXFxvLW5lb1xcU2F2ZWQgR2FtZXMiLCJDOlxcVXNlcnNcXG8tbmVvXFxTZWFyY2hlcyIsIkM6XFxVc2Vyc1xcby1uZW9cXFZpZGVvcyIsIkM6XFxXaW5kb3dzIl0sIndyaXRlX3Jvb3RzIjpbIkM6XFxVc2Vyc1xcby1uZW9cXC5jb2RleFxcdmlzdWFsaXphdGlvbnNcXDIwMjZcXDA5XFwxM1xcMDFhMDljYTAtM2E5NS03NDgyLTkwODMtYjcxNjA4ZjhlYzFiIiwiQzpcXFVzZXJzXFxvLW5lb1xcQXBwRGF0YVxcTG9jYWxcXFRlbXAiLCJDOlxcVXNlcnNcXG8tbmVvXFxEb2N1bWVudHNcXFZpcC1HZWNlLVdlYi1HZWxpc3Rpcm1lIl0sImRlbnlfcmVhZF9wYXRocyI6W10sImRlbnlfd3JpdGVfcGF0aHMiOlsiQzpcXFVzZXJzXFxvLW5lb1xcRG9jdW1lbnRzXFxWaXAtR2VjZS1XZWItR2VsaXN0aXJtZVxcLmdpdCIsIkM6XFxVc2Vyc1xcby1uZW9cXERvY3VtZW50c1xcVmlwLUdlY2UtV2ViLUdlbGlzdGlybWVcXC5naXQiXSwicHJveHlfcG9ydHMiOltdLCJhbGxvd19sb2NhbF9iaW5kaW5nIjpmYWxzZSwib3RlbCI6bnVsbCwicmVhbF91c2VyIjoiby1uZW8iLCJtb2RlIjoicmVhZC1hY2xzLW9ubHkiLCJyZWZyZXNoX29ubHkiOnRydWV9</Data><Data Name='CurrentDirectory'>C:\Users\o-neo\AppData\Local\OpenAI\Codex\bin\bffc5354119c8421\</Data><Data Name='User'>DESKTOP-FOEGBB0\o-neo</Data><Data Name='LogonGuid'>{66b35fd9-c5ee-6aa6-d395-060000000000}</Data><Data Name='LogonId'>0x695d3</Data><Data Name='TerminalSessionId'>1</Data><Data Name='IntegrityLevel'>Medium</Data><Data Name='Hashes'>MD5=A2BAF20ED127A2BD6065B53E4ADCFCDF,SHA256=F10E0A6D40C3BCE4E65FD0A5C2550965B6E709C330711D7BE5C918AA41579546,IMPHASH=7553AF7FDB1A046F1A8BCFAE16B3BD07</Data><Data Name='ParentProcessGuid'>{66b35fd9-1651-6aa7-6c37-000000001700}</Data><Data Name='ParentProcessId'>11544</Data><Data Name='ParentImage'>C:\Users\o-neo\AppData\Local\OpenAI\Codex\bin\bffc5354119c8421\codex-windows-sandbox-setup.exe</Data><Data Name='ParentCommandLine'>"C:\Users\o-neo\AppData\Local\OpenAI\Codex\bin\bffc5354119c8421\codex-windows-sandbox-setup.exe" eyJ2ZXJzaW9uIjo1LCJvZmZsaW5lX3VzZXJuYW1lIjoiQ29kZXhTYW5kYm94T2ZmbGluZSIsIm9ubGluZV91c2VybmFtZSI6IkNvZGV4U2FuZGJveE9ubGluZSIsImNvZGV4X2hvbWUiOiJDOlxcVXNlcnNcXG8tbmVvXFwuY29kZXgiLCJjb21tYW5kX2N3ZCI6IkM6XFxVc2Vyc1xcby1uZW9cXERvY3VtZW50c1xcVmlwLUdlY2UtV2ViLUdlbGlzdGlybWUiLCJyZWFkX3Jvb3RzIjpbIkM6XFxQcm9ncmFtIEZpbGVzIiwiQzpcXFByb2dyYW0gRmlsZXMgKHg4NikiLCJDOlxcUHJvZ3JhbURhdGEiLCJDOlxcVXNlcnNcXG8tbmVvXFwuYW5kcm9pZCIsIkM6XFxVc2Vyc1xcby1uZW9cXC5hbmRyb2lkLnppcCIsIkM6XFxVc2Vyc1xcby1uZW9cXC5jYWNoZSIsIkM6XFxVc2Vyc1xcby1uZW9cXC5jYWNoZS56aXAiLCJDOlxcVXNlcnNcXG8tbmVvXFwuY29kZXgiLCJDOlxcVXNlcnNcXG8tbmVvXFwuY29kZXguemlwIiwiQzpcXFVzZXJzXFxvLW5lb1xcLmNvZGV4XFwuc2FuZGJveC1iaW4iLCJDOlxcVXNlcnNcXG8tbmVvXFwuY29uZmlnLnppcCIsIkM6XFxVc2Vyc1xcby1uZW9cXC5kb3RuZXQiLCJDOlxcVXNlcnNcXG8tbmVvXFwuZG90bmV0LnppcCIsIkM6XFxVc2Vyc1xcby1uZW9cXC5sb2NhbCIsIkM6XFxVc2Vyc1xcby1uZW9cXC5sb2NhbC56aXAiLCJDOlxcVXNlcnNcXG8tbmVvXFwubnVnZXQiLCJDOlxcVXNlcnNcXG8tbmVvXFwubnVnZXQuemlwIiwiQzpcXFVzZXJzXFxvLW5lb1xcLnRlbXBsYXRlZW5naW5lIiwiQzpcXFVzZXJzXFxvLW5lb1xcLnRlbXBsYXRlZW5naW5lLnppcCIsIkM6XFxVc2Vyc1xcby1uZW9cXEFwcERhdGEiLCJDOlxcVXNlcnNcXG8tbmVvXFxBcHBEYXRhLnppcCIsIkM6XFxVc2Vyc1xcby1uZW9cXEFwcERhdGFcXExvY2FsIiwiQzpcXFVzZXJzXFxvLW5lb1xcQXBwRGF0YVxcTG9jYWxcXE1pY3Jvc29mdFxcV2luZG93c1xcSU5ldENvb2tpZXMiLCJDOlxcVXNlcnNcXG8tbmVvXFxBcHBEYXRhXFxSb2FtaW5nIiwiQzpcXFVzZXJzXFxvLW5lb1xcQXBwRGF0YVxcUm9hbWluZ1xcTWljcm9zb2Z0XFxXaW5kb3dzXFxOZXR3b3JrIFNob3J0Y3V0cyIsIkM6XFxVc2Vyc1xcby1uZW9cXEFwcERhdGFcXFJvYW1pbmdcXE1pY3Jvc29mdFxcV2luZG93c1xcUHJpbnRlciBTaG9ydGN1dHMiLCJDOlxcVXNlcnNcXG8tbmVvXFxBcHBEYXRhXFxSb2FtaW5nXFxNaWNyb3NvZnRcXFdpbmRvd3NcXFJlY2VudCIsIkM6XFxVc2Vyc1xcby1uZW9cXEFwcERhdGFcXFJvYW1pbmdcXE1pY3Jvc29mdFxcV2luZG93c1xcU2VuZFRvIiwiQzpcXFVzZXJzXFxvLW5lb1xcQXBwRGF0YVxcUm9hbWluZ1xcTWljcm9zb2Z0XFxXaW5kb3dzXFxTdGFydCBNZW51IiwiQzpcXFVzZXJzXFxvLW5lb1xcQXBwRGF0YVxcUm9hbWluZ1xcTWljcm9zb2Z0XFxXaW5kb3dzXFxUZW1wbGF0ZXMiLCJDOlxcVXNlcnNcXG8tbmVvXFxDb250YWN0cyIsIkM6XFxVc2Vyc1xcby1uZW9cXERlc2t0b3AiLCJDOlxcVXNlcnNcXG8tbmVvXFxEb2N1bWVudHMiLCJDOlxcVXNlcnNcXG8tbmVvXFxEb3dubG9hZHMiLCJDOlxcVXNlcnNcXG8tbmVvXFxGYXZvcml0ZXMiLCJDOlxcVXNlcnNcXG8tbmVvXFxpQ2xvdWREcml2ZSIsIkM6XFxVc2Vyc1xcby1uZW9cXEludGVsR3JhcGhpY3NQcm9maWxlcyIsIkM6XFxVc2Vyc1xcby1uZW9cXExpbmtzIiwiQzpcXFVzZXJzXFxvLW5lb1xcTXVzaWMiLCJDOlxcVXNlcnNcXG8tbmVvXFxOVFVTRVIuREFUIiwiQzpcXFVzZXJzXFxvLW5lb1xcbnR1c2VyLmRhdC5MT0cxIiwiQzpcXFVzZXJzXFxvLW5lb1xcbnR1c2VyLmRhdC5MT0cyIiwiQzpcXFVzZXJzXFxvLW5lb1xcTlRVU0VSLkRBVHs3ZDFiZmNjMi1hYTFiLTExZjEtYjdkMS04MDlkNjVhMWY2Mjd9LlR4Ui4wLnJlZ3RyYW5zLW1zIiwiQzpcXFVzZXJzXFxvLW5lb1xcTlRVU0VSLkRBVHs3ZDFiZmNjMi1hYTFiLTExZjEtYjdkMS04MDlkNjVhMWY2Mjd9LlR4Ui4xLnJlZ3RyYW5zLW1zIiwiQzpcXFVzZXJzXFxvLW5lb1xcTlRVU0VSLkRBVHs3ZDFiZmNjMi1hYTFiLTExZjEtYjdkMS04MDlkNjVhMWY2Mjd9LlR4Ui4yLnJlZ3RyYW5zLW1zIiwiQzpcXFVzZXJzXFxvLW5lb1xcTlRVU0VSLkRBVHs3ZDFiZmNjMi1hYTFiLTExZjEtYjdkMS04MDlkNjVhMWY2Mjd9LlR4Ui5ibGYiLCJDOlxcVXNlcnNcXG8tbmVvXFxOVFVTRVIuREFUezdkMWJmY2MzLWFhMWItMTFmMS1iN2QxLTgwOWQ2NWExZjYyN30uVE0uYmxmIiwiQzpcXFVzZXJzXFxvLW5lb1xcTlRVU0VSLkRBVHs3ZDFiZmNjMy1hYTFiLTExZjEtYjdkMS04MDlkNjVhMWY2Mjd9LlRNLmJsZi5jbnBmIiwiQzpcXFVzZXJzXFxvLW5lb1xcTlRVU0VSLkRBVHs3ZDFiZmNjMy1hYTFiLTExZjEtYjdkMS04MDlkNjVhMWY2Mjd9LlRNQ29udGFpbmVyMDAwMDAwMDAwMDAwMDAwMDAwMDEucmVndHJhbnMtbXMiLCJDOlxcVXNlcnNcXG8tbmVvXFxOVFVTRVIuREFUezdkMWJmY2MzLWFhMWItMTFmMS1iN2QxLTgwOWQ2NWExZjYyN30uVE1Db250YWluZXIwMDAwMDAwMDAwMDAwMDAwMDAwMS5yZWd0cmFucy1tcy5jbnBmIiwiQzpcXFVzZXJzXFxvLW5lb1xcTlRVU0VSLkRBVHs3ZDFiZmNjMy1hYTFiLTExZjEtYjdkMS04MDlkNjVhMWY2Mjd9LlRNQ29udGFpbmVyMDAwMDAwMDAwMDAwMDAwMDAwMDIucmVndHJhbnMtbXMiLCJDOlxcVXNlcnNcXG8tbmVvXFxOVFVTRVIuREFUezdkMWJmY2MzLWFhMWItMTFmMS1iN2QxLTgwOWQ2NWExZjYyN30uVE1Db250YWluZXIwMDAwMDAwMDAwMDAwMDAwMDAwMi5yZWd0cmFucy1tcy5jbnBmIiwiQzpcXFVzZXJzXFxvLW5lb1xcbnR1c2VyLmluaSIsIkM6XFxVc2Vyc1xcby1uZW9cXE9uZURyaXZlIiwiQzpcXFVzZXJzXFxvLW5lb1xcUGljdHVyZXMiLCJDOlxcVXNlcnNcXG8tbmVvXFxTYW1zdW5nIiwiQzpcXFVzZXJzXFxvLW5lb1xcU2F2ZWQgR2FtZXMiLCJDOlxcVXNlcnNcXG8tbmVvXFxTZWFyY2hlcyIsIkM6XFxVc2Vyc1xcby1uZW9cXFZpZGVvcyIsIkM6XFxXaW5kb3dzIl0sIndyaXRlX3Jvb3RzIjpbIkM6XFxVc2Vyc1xcby1uZW9cXC5jb2RleFxcdmlzdWFsaXphdGlvbnNcXDIwMjZcXDA5XFwxM1xcMDFhMDljYTAtM2E5NS03NDgyLTkwODMtYjcxNjA4ZjhlYzFiIiwiQzpcXFVzZXJzXFxvLW5lb1xcQXBwRGF0YVxcTG9jYWxcXFRlbXAiLCJDOlxcVXNlcnNcXG8tbmVvXFxEb2N1bWVudHNcXFZpcC1HZWNlLVdlYi1HZWxpc3Rpcm1lIl0sImRlbnlfcmVhZF9wYXRocyI6W10sImRlbnlfd3JpdGVfcGF0aHMiOlsiQzpcXFVzZXJzXFxvLW5lb1xcRG9jdW1lbnRzXFxWaXAtR2VjZS1XZWItR2VsaXN0aXJtZVxcLmdpdCIsIkM6XFxVc2Vyc1xcby1uZW9cXERvY3VtZW50c1xcVmlwLUdlY2UtV2ViLUdlbGlzdGlybWVcXC5naXQiXSwicHJveHlfcG9ydHMiOltdLCJhbGxvd19sb2NhbF9iaW5kaW5nIjpmYWxzZSwib3RlbCI6bnVsbCwicmVhbF91c2VyIjoiby1uZW8iLCJtb2RlIjoiZnVsbCIsInJlZnJlc2hfb25seSI6dHJ1ZX0=</Data><Data Name='ParentUser'>DESKTOP-FOEGBB0\o-neo</Data></EventData></Event><Event xmlns='http://schemas.microsoft.com/win/2004/08/events/event'><System><Provider Name='Microsoft-Windows-Sysmon' Guid='{5770385f-c22a-43e0-bf4c-06f5698ffbd9}'/><EventID>1</EventID><Version>5</Version><Level>4</Level><Task>1</Task><Opcode>0</Opcode><Keywords>0x8000000000000000</Keywords><TimeCreated SystemTime='2026-09-13T21:32:10.7515281Z'/><EventRecordID>621011</EventRecordID><Correlation/><Execution ProcessID='4168' ThreadID='5936'/><Channel>Microsoft-Windows-Sysmon/Operational</Channel><Computer>DESKTOP-FOEGBB0</Computer><Security UserID='S-1-5-18'/></System><EventData><Data Name='RuleName'>-</Data><Data Name='UtcTime'>2026-09-13 21:32:10.695</Data><Data Name='ProcessGuid'>{66b35fd9-165a-6aa7-6f37-000000001700}</Data><Data Name='ProcessId'>11900</Data><Data Name='Image'>C:\Users\o-neo\.codex\.sandbox-bin\codex-command-runner-0.154.0-alpha.6.2.exe</Data><Data Name='FileVersion'>-</Data><Data Name='Description'>-</Data><Data Name='Product'>-</Data><Data Name='Company'>-</Data><Data Name='OriginalFileName'>-</Data><Data Name='CommandLine'>C:\Users\o-neo\.codex\.sandbox-bin\codex-command-runner-0.154.0-alpha.6.2.exe --pipe-in=\\.\pipe\codex-runner-9dc0694524fce18fd54fdabdd0f1e3b8-in --pipe-out=\\.\pipe\codex-runner-9dc0694524fce18fd54fdabdd0f1e3b8-out</Data><Data Name='CurrentDirectory'>C:\Users\o-neo\Documents\Vip-Gece-Web-Gelistirme\</Data><Data Name='User'>DESKTOP-FOEGBB0\CodexSandboxOffline</Data><Data Name='LogonGuid'>{66b35fd9-1650-6aa7-8058-7f0300000000}</Data><Data Name='LogonId'>0x37f5880</Data><Data Name='TerminalSessionId'>1</Data><Data Name='IntegrityLevel'>Medium</Data><Data Name='Hashes'>MD5=8ED8E8F905ACD53A0B8CB5A21283A13C,SHA256=DFAA6A729DFCAC4A1BFCDCB47CF42D1B3662848E31CBD8420ECC3EABBB014A31,IMPHASH=F6C5E29E54D4513FDEE3E86780B4049F</Data><Data Name='ParentProcessGuid'>{66b35fd9-ee3a-6aa6-231e-000000001700}</Data><Data Name='ParentProcessId'>11556</Data><Data Name='ParentImage'>C:\Users\o-neo\AppData\Local\OpenAI\Codex\bin\bffc5354119c8421\codex.exe</Data><Data Name='ParentCommandLine'>C:\Users\o-neo\AppData\Local\OpenAI\Codex\bin\bffc5354119c8421\codex.exe -c features.code_mode_host=true app-server --analytics-default-enabled -c plugins.codex-app-tools@openai-bundled.mcp_servers.codex_app.enabled=true</Data><Data Name='ParentUser'>DESKTOP-FOEGBB0\o-neo</Data></EventData></Event><Event xmlns='http://schemas.microsoft.com/win/2004/08/events/event'><System><Provider Name='Microsoft-Windows-Sysmon' Guid='{5770385f-c22a-43e0-bf4c-06f5698ffbd9}'/><EventID>3</EventID><Version>5</Version><Level>4</Level><Task>3</Task><Opcode>0</Opcode><Keywords>0x8000000000000000</Keywords><TimeCreated SystemTime='2026-09-13T21:32:12.8157131Z'/><EventRecordID>621012</EventRecordID><Correlation/><Execution ProcessID='4168' ThreadID='5812'/><Channel>Microsoft-Windows-Sysmon/Operational</Channel><Computer>DESKTOP-FOEGBB0</Computer><Security UserID='S-1-5-18'/></System><EventData><Data Name='RuleName'>Usermode</Data><Data Name='UtcTime'>2026-09-13 21:32:11.268</Data><Data Name='ProcessGuid'>{66b35fd9-ee3a-6aa6-231e-000000001700}</Data><Data Name='ProcessId'>11556</Data><Data Name='Image'>C:\Users\o-neo\AppData\Local\OpenAI\Codex\bin\bffc5354119c8421\codex.exe</Data><Data Name='User'>DESKTOP-FOEGBB0\o-neo</Data><Data Name='Protocol'>tcp</Data><Data Name='Initiated'>true</Data><Data Name='SourceIsIpv6'>false</Data><Data Name='SourceIp'>192.168.1.120</Data><Data Name='SourceHostname'>DESKTOP-FOEGBB0</Data><Data Name='SourcePort'>59092</Data><Data Name='SourcePortName'>-</Data><Data Name='DestinationIsIpv6'>false</Data><Data Name='DestinationIp'>172.64.155.209</Data><Data Name='DestinationHostname'>-</Data><Data Name='DestinationPort'>443</Data><Data Name='DestinationPortName'>https</Data></EventData></Event><Event xmlns='http://schemas.microsoft.com/win/2004/08/events/event'><System><Provider Name='Microsoft-Windows-Sysmon' Guid='{5770385f-c22a-43e0-bf4c-06f5698ffbd9}'/><EventID>1</EventID><Version>5</Version><Level>4</Level><Task>1</Task><Opcode>0</Opcode><Keywords>0x8000000000000000</Keywords><TimeCreated SystemTime='2026-09-13T21:32:13.2604664Z'/><EventRecordID>621013</EventRecordID><Correlation/><Execution ProcessID='4168' ThreadID='5936'/><Channel>Microsoft-Windows-Sysmon/Operational</Channel><Computer>DESKTOP-FOEGBB0</Computer><Security UserID='S-1-5-18'/></System><EventData><Data Name='RuleName'>-</Data><Data Name='UtcTime'>2026-09-13 21:32:13.146</Data><Data Name='ProcessGuid'>{66b35fd9-165d-6aa7-7037-000000001700}</Data><Data Name='ProcessId'>11876</Data><Data Name='Image'>C:\Users\o-neo\.codex\.sandbox-bin\codex-command-runner-0.154.0-alpha.6.2.exe</Data><Data Name='FileVersion'>-</Data><Data Name='Description'>-</Data><Data Name='Product'>-</Data><Data Name='Company'>-</Data><Data Name='OriginalFileName'>-</Data><Data Name='CommandLine'>C:\Users\o-neo\.codex\.sandbox-bin\codex-command-runner-0.154.0-alpha.6.2.exe --pipe-in=\\.\pipe\codex-runner-9f889ac9b36bb6fdcfc8f11a17893b7c-in --pipe-out=\\.\pipe\codex-runner-9f889ac9b36bb6fdcfc8f11a17893b7c-out</Data><Data Name='CurrentDirectory'>C:\Users\o-neo\Documents\Vip-Gece-Web-Gelistirme\</Data><Data Name='User'>DESKTOP-FOEGBB0\CodexSandboxOffline</Data><Data Name='LogonGuid'>{66b35fd9-165d-6aa7-23ae-7f0300000000}</Data><Data Name='LogonId'>0x37fae23</Data><Data Name='TerminalSessionId'>1</Data><Data Name='IntegrityLevel'>Medium</Data><Data Name='Hashes'>MD5=8ED8E8F905ACD53A0B8CB5A21283A13C,SHA256=DFAA6A729DFCAC4A1BFCDCB47CF42D1B3662848E31CBD8420ECC3EABBB014A31,IMPHASH=F6C5E29E54D4513FDEE3E86780B4049F</Data><Data Name='ParentProcessGuid'>{66b35fd9-ee3a-6aa6-231e-000000001700}</Data><Data Name='ParentProcessId'>11556</Data><Data Name='ParentImage'>C:\Users\o-neo\AppData\Local\OpenAI\Codex\bin\bffc5354119c8421\codex.exe</Data><Data Name='ParentCommandLine'>C:\Users\o-neo\AppData\Local\OpenAI\Codex\bin\bffc5354119c8421\codex.exe -c features.code_mode_host=true app-server --analytics-default-enabled -c plugins.codex-app-tools@openai-bundled.mcp_servers.codex_app.enabled=true</Data><Data Name='ParentUser'>DESKTOP-FOEGBB0\o-neo</Data></EventData></Event><Event xmlns='http://schemas.microsoft.com/win/2004/08/events/event'><System><Provider Name='Microsoft-Windows-Sysmon' Guid='{5770385f-c22a-43e0-bf4c-06f5698ffbd9}'/><EventID>3</EventID><Version>5</Version><Level>4</Level><Task>3</Task><Opcode>0</Opcode><Keywords>0x8000000000000000</Keywords><TimeCreated SystemTime='2026-09-13T21:32:16.2249290Z'/><EventRecordID>621014</EventRecordID><Correlation/><Execution ProcessID='4168' ThreadID='5812'/><Channel>Microsoft-Windows-Sysmon/Operational</Channel><Computer>DESKTOP-FOEGBB0</Computer><Security UserID='S-1-5-18'/></System><EventData><Data Name='RuleName'>Usermode</Data><Data Name='UtcTime'>2026-09-13 21:32:15.110</Data><Data Name='ProcessGuid'>{66b35fd9-ee3a-6aa6-231e-000000001700}</Data><Data Name='ProcessId'>11556</Data><Data Name='Image'>C:\Users\o-neo\AppData\Local\OpenAI\Codex\bin\bffc5354119c8421\codex.exe</Data><Data Name='User'>DESKTOP-FOEGBB0\o-neo</Data><Data Name='Protocol'>tcp</Data><Data Name='Initiated'>true</Data><Data Name='SourceIsIpv6'>false</Data><Data Name='SourceIp'>192.168.1.120</Data><Data Name='SourceHostname'>DESKTOP-FOEGBB0</Data><Data Name='SourcePort'>59093</Data><Data Name='SourcePortName'>-</Data><Data Name='DestinationIsIpv6'>false</Data><Data Name='DestinationIp'>172.64.155.209</Data><Data Name='DestinationHostname'>-</Data><Data Name='DestinationPort'>443</Data><Data Name='DestinationPortName'>https</Data></EventData></Event><Event xmlns='http://schemas.microsoft.com/win/2004/08/events/event'><System><Provider Name='Microsoft-Windows-Sysmon' Guid='{5770385f-c22a-43e0-bf4c-06f5698ffbd9}'/><EventID>3</EventID><Version>5</Version><Level>4</Level><Task>3</Task><Opcode>0</Opcode><Keywords>0x8000000000000000</Keywords><TimeCreated SystemTime='2026-09-13T21:32:17.6682892Z'/><EventRecordID>621015</EventRecordID><Correlation/><Execution ProcessID='4168' ThreadID='5812'/><Channel>Microsoft-Windows-Sysmon/Operational</Channel><Computer>DESKTOP-FOEGBB0</Computer><Security UserID='S-1-5-18'/></System><EventData><Data Name='RuleName'>Usermode</Data><Data Name='UtcTime'>2026-09-13 21:32:16.478</Data><Data Name='ProcessGuid'>{66b35fd9-ee3a-6aa6-231e-000000001700}</Data><Data Name='ProcessId'>11556</Data><Data Name='Image'>C:\Users\o-neo\AppData\Local\OpenAI\Codex\bin\bffc5354119c8421\codex.exe</Data><Data Name='User'>DESKTOP-FOEGBB0\o-neo</Data><Data Name='Protocol'>tcp</Data><Data Name='Initiated'>true</Data><Data Name='SourceIsIpv6'>false</Data><Data Name='SourceIp'>192.168.1.120</Data><Data Name='SourceHostname'>DESKTOP-FOEGBB0</Data><Data Name='SourcePort'>63976</Data><Data Name='SourcePortName'>-</Data><Data Name='DestinationIsIpv6'>false</Data><Data Name='DestinationIp'>172.64.155.209</Data><Data Name='DestinationHostname'>-</Data><Data Name='DestinationPort'>443</Data><Data Name='DestinationPortName'>https</Data></EventData></Event><Event xmlns='http://schemas.microsoft.com/win/2004/08/events/event'><System><Provider Name='Microsoft-Windows-Sysmon' Guid='{5770385f-c22a-43e0-bf4c-06f5698ffbd9}'/><EventID>1</EventID><Version>5</Version><Level>4</Level><Task>1</Task><Opcode>0</Opcode><Keywords>0x8000000000000000</Keywords><TimeCreated SystemTime='2026-09-13T21:32:18.6952459Z'/><EventRecordID>621016</EventRecordID><Correlation/><Execution ProcessID='4168' ThreadID='5936'/><Channel>Microsoft-Windows-Sysmon/Operational</Channel><Computer>DESKTOP-FOEGBB0</Computer><Security UserID='S-1-5-18'/></System><EventData><Data Name='RuleName'>-</Data><Data Name='UtcTime'>2026-09-13 21:32:13.536</Data><Data Name='ProcessGuid'>{66b35fd9-165d-6aa7-7137-000000001700}</Data><Data Name='ProcessId'>4544</Data><Data Name='Image'>C:\Users\o-neo\.cache\codex-runtimes\codex-primary-runtime\dependencies\native\powershell\pwsh.exe</Data><Data Name='FileVersion'>7.6.5.500</Data><Data Name='Description'>PowerShell 7</Data><Data Name='Product'>PowerShell</Data><Data Name='Company'>Microsoft Corporation</Data><Data Name='OriginalFileName'>pwsh.dll</Data><Data Name='CommandLine'>C:\Users\o-neo\.cache\codex-runtimes\codex-primary-runtime\dependencies\native\powershell\pwsh.exe -NoProfile -Command "try { [Console]::OutputEncoding=[System.Text.Encoding]::UTF8 } catch {}
&amp; 'C:\Users\o-neo\.cache\codex-runtimes\codex-primary-runtime\dependencies\python\python.exe' -c \"import pandas; print('ok')\""</Data><Data Name='CurrentDirectory'>C:\Users\o-neo\Documents\Vip-Gece-Web-Gelistirme\</Data><Data Name='User'>DESKTOP-FOEGBB0\CodexSandboxOffline</Data><Data Name='LogonGuid'>{66b35fd9-1650-6aa7-8058-7f0300000000}</Data><Data Name='LogonId'>0x37f5880</Data><Data Name='TerminalSessionId'>1</Data><Data Name='IntegrityLevel'>Medium</Data><Data Name='Hashes'>MD5=900E13C7C07D7C3F949913452D81B208,SHA256=362A356CE7F0940EC74F73A8FC2C990A2CC24A38A11C90BBD8ECA947110AD139,IMPHASH=53E4E12437621212A425D294842D0A96</Data><Data Name='ParentProcessGuid'>{66b35fd9-165a-6aa7-6f37-000000001700}</Data><Data Name='ParentProcessId'>11900</Data><Data Name='ParentImage'>C:\Users\o-neo\.codex\.sandbox-bin\codex-command-runner-0.154.0-alpha.6.2.exe</Data><Data Name='ParentCommandLine'>C:\Users\o-neo\.codex\.sandbox-bin\codex-command-runner-0.154.0-alpha.6.2.exe --pipe-in=\\.\pipe\codex-runner-9dc0694524fce18fd54fdabdd0f1e3b8-in --pipe-out=\\.\pipe\codex-runner-9dc0694524fce18fd54fdabdd0f1e3b8-out</Data><Data Name='ParentUser'>DESKTOP-FOEGBB0\CodexSandboxOffline</Data></EventData></Event><Event xmlns='http://schemas.microsoft.com/win/2004/08/events/event'><System><Provider Name='Microsoft-Windows-Sysmon' Guid='{5770385f-c22a-43e0-bf4c-06f5698ffbd9}'/><EventID>1</EventID><Version>5</Version><Level>4</Level><Task>1</Task><Opcode>0</Opcode><Keywords>0x8000000000000000</Keywords><TimeCreated SystemTime='2026-09-13T21:32:18.9116839Z'/><EventRecordID>621017</EventRecordID><Correlation/><Execution ProcessID='4168' ThreadID='5936'/><Channel>Microsoft-Windows-Sysmon/Operational</Channel><Computer>DESKTOP-FOEGBB0</Computer><Security UserID='S-1-5-18'/></System><EventData><Data Name='RuleName'>-</Data><Data Name='UtcTime'>2026-09-13 21:32:13.768</Data><Data Name='ProcessGuid'>{66b35fd9-165d-6aa7-7237-000000001700}</Data><Data Name='ProcessId'>4428</Data><Data Name='Image'>C:\Users\o-neo\.cache\codex-runtimes\codex-primary-runtime\dependencies\native\powershell\pwsh.exe</Data><Data Name='FileVersion'>7.6.5.500</Data><Data Name='Description'>PowerShell 7</Data><Data Name='Product'>PowerShell</Data><Data Name='Company'>Microsoft Corporation</Data><Data Name='OriginalFileName'>pwsh.dll</Data><Data Name='CommandLine'>C:\Users\o-neo\.cache\codex-runtimes\codex-primary-runtime\dependencies\native\powershell\pwsh.exe -NoProfile -Command "try { [Console]::OutputEncoding=[System.Text.Encoding]::UTF8 } catch {}
$path = Join-Path $env:TEMP 'KBN.xls'; $conn = New-Object System.Data.OleDb.OleDbConnection(\"Provider=Microsoft.ACE.OLEDB.12.0;Data Source=$path;Extended Properties='Excel 8.0;HDR=YES;IMEX=1'\"); try { $conn.Open(); $conn.GetSchema('Tables') | Select-Object TABLE_NAME } finally { if ($conn.State -eq 'Open') { $conn.Close() } }"</Data><Data Name='CurrentDirectory'>C:\Users\o-neo\Documents\Vip-Gece-Web-Gelistirme\</Data><Data Name='User'>DESKTOP-FOEGBB0\CodexSandboxOffline</Data><Data Name='LogonGuid'>{66b35fd9-165d-6aa7-23ae-7f0300000000}</Data><Data Name='LogonId'>0x37fae23</Data><Data Name='TerminalSessionId'>1</Data><Data Name='IntegrityLevel'>Medium</Data><Data Name='Hashes'>MD5=900E13C7C07D7C3F949913452D81B208,SHA256=362A356CE7F0940EC74F73A8FC2C990A2CC24A38A11C90BBD8ECA947110AD139,IMPHASH=53E4E12437621212A425D294842D0A96</Data><Data Name='ParentProcessGuid'>{66b35fd9-165d-6aa7-7037-000000001700}</Data><Data Name='ParentProcessId'>11876</Data><Data Name='ParentImage'>C:\Users\o-neo\.codex\.sandbox-bin\codex-command-runner-0.154.0-alpha.6.2.exe</Data><Data Name='ParentCommandLine'>C:\Users\o-neo\.codex\.sandbox-bin\codex-command-runner-0.154.0-alpha.6.2.exe --pipe-in=\\.\pipe\codex-runner-9f889ac9b36bb6fdcfc8f11a17893b7c-in --pipe-out=\\.\pipe\codex-runner-9f889ac9b36bb6fdcfc8f11a17893b7c-out</Data><Data Name='ParentUser'>DESKTOP-FOEGBB0\CodexSandboxOffline</Data></EventData></Event><Event xmlns='http://schemas.microsoft.com/win/2004/08/events/event'><System><Provider Name='Microsoft-Windows-Sysmon' Guid='{5770385f-c22a-43e0-bf4c-06f5698ffbd9}'/><EventID>3</EventID><Version>5</Version><Level>4</Level><Task>3</Task><Opcode>0</Opcode><Keywords>0x8000000000000000</Keywords><TimeCreated SystemTime='2026-09-13T21:32:19.1054351Z'/><EventRecordID>621018</EventRecordID><Correlation/><Execution ProcessID='4168' ThreadID='5812'/><Channel>Microsoft-Windows-Sysmon/Operational</Channel><Computer>DESKTOP-FOEGBB0</Computer><Security UserID='S-1-5-18'/></System><EventData><Data Name='RuleName'>Usermode</Data><Data Name='UtcTime'>2026-09-13 21:32:18.060</Data><Data Name='ProcessGuid'>{66b35fd9-ee3a-6aa6-231e-000000001700}</Data><Data Name='ProcessId'>11556</Data><Data Name='Image'>C:\Users\o-neo\AppData\Local\OpenAI\Codex\bin\bffc5354119c8421\codex.exe</Data><Data Name='User'>DESKTOP-FOEGBB0\o-neo</Data><Data Name='Protocol'>tcp</Data><Data Name='Initiated'>true</Data><Data Name='SourceIsIpv6'>false</Data><Data Name='SourceIp'>192.168.1.120</Data><Data Name='SourceHostname'>DESKTOP-FOEGBB0</Data><Data Name='SourcePort'>63977</Data><Data Name='SourcePortName'>-</Data><Data Name='DestinationIsIpv6'>false</Data><Data Name='DestinationIp'>172.64.155.209</Data><Data Name='DestinationHostname'>-</Data><Data Name='DestinationPort'>443</Data><Data Name='DestinationPortName'>https</Data></EventData></Event><Event xmlns='http://schemas.microsoft.com/win/2004/08/events/event'><System><Provider Name='Microsoft-Windows-Sysmon' Guid='{5770385f-c22a-43e0-bf4c-06f5698ffbd9}'/><EventID>3</EventID><Version>5</Version><Level>4</Level><Task>3</Task><Opcode>0</Opcode><Keywords>0x8000000000000000</Keywords><TimeCreated SystemTime='2026-09-13T21:32:20.9258720Z'/><EventRecordID>621019</EventRecordID><Correlation/><Execution ProcessID='4168' ThreadID='5812'/><Channel>Microsoft-Windows-Sysmon/Operational</Channel><Computer>DESKTOP-FOEGBB0</Computer><Security UserID='S-1-5-18'/></System><EventData><Data Name='RuleName'>Usermode</Data><Data Name='UtcTime'>2026-09-13 21:32:18.959</Data><Data Name='ProcessGuid'>{66b35fd9-ee3a-6aa6-231e-000000001700}</Data><Data Name='ProcessId'>11556</Data><Data Name='Image'>C:\Users\o-neo\AppData\Local\OpenAI\Codex\bin\bffc5354119c8421\codex.exe</Data><Data Name='User'>DESKTOP-FOEGBB0\o-neo</Data><Data Name='Protocol'>tcp</Data><Data Name='Initiated'>true</Data><Data Name='SourceIsIpv6'>false</Data><Data Name='SourceIp'>192.168.1.120</Data><Data Name='SourceHostname'>DESKTOP-FOEGBB0</Data><Data Name='SourcePort'>63978</Data><Data Name='SourcePortName'>-</Data><Data Name='DestinationIsIpv6'>false</Data><Data Name='DestinationIp'>172.64.155.209</Data><Data Name='DestinationHostname'>-</Data><Data Name='DestinationPort'>443</Data><Data Name='DestinationPortName'>https</Data></EventData></Event><Event xmlns='http://schemas.microsoft.com/win/2004/08/events/event'><System><Provider Name='Microsoft-Windows-Sysmon' Guid='{5770385f-c22a-43e0-bf4c-06f5698ffbd9}'/><EventID>11</EventID><Version>2</Version><Level>4</Level><Task>11</Task><Opcode>0</Opcode><Keywords>0x8000000000000000</Keywords><TimeCreated SystemTime='2026-09-13T21:32:23.7578485Z'/><EventRecordID>621020</EventRecordID><Correlation/><Execution ProcessID='4168' ThreadID='5936'/><Channel>Microsoft-Windows-Sysmon/Operational</Channel><Computer>DESKTOP-FOEGBB0</Computer><Security UserID='S-1-5-18'/></System><EventData><Data Name='RuleName'>-</Data><Data Name='UtcTime'>2026-09-13 21:32:23.733</Data><Data Name='ProcessGuid'>{66b35fd9-165d-6aa7-7237-000000001700}</Data><Data Name='ProcessId'>4428</Data><Data Name='Image'>C:\Users\o-neo\.cache\codex-runtimes\codex-primary-runtime\dependencies\native\powershell\pwsh.exe</Data><Data Name='TargetFilename'>C:\Users\o-neo\AppData\Local\Temp\__PSScriptPolicyTest_rjmrk0i3.web.ps1</Data><Data Name='CreationUtcTime'>2026-09-13 21:32:23.721</Data><Data Name='User'>DESKTOP-FOEGBB0\CodexSandboxOffline</Data></EventData></Event><Event xmlns='http://schemas.microsoft.com/win/2004/08/events/event'><System><Provider Name='Microsoft-Windows-Sysmon' Guid='{5770385f-c22a-43e0-bf4c-06f5698ffbd9}'/><EventID>11</EventID><Version>2</Version><Level>4</Level><Task>11</Task><Opcode>0</Opcode><Keywords>0x8000000000000000</Keywords><TimeCreated SystemTime='2026-09-13T21:32:24.2584321Z'/><EventRecordID>621021</EventRecordID><Correlation/><Execution ProcessID='4168' ThreadID='5936'/><Channel>Microsoft-Windows-Sysmon/Operational</Channel><Computer>DESKTOP-FOEGBB0</Computer><Security UserID='S-1-5-18'/></System><EventData><Data Name='RuleName'>-</Data><Data Name='UtcTime'>2026-09-13 21:32:24.246</Data><Data Name='ProcessGuid'>{66b35fd9-165d-6aa7-7137-000000001700}</Data><Data Name='ProcessId'>4544</Data><Data Name='Image'>C:\Users\o-neo\.cache\codex-runtimes\codex-primary-runtime\dependencies\native\powershell\pwsh.exe</Data><Data Name='TargetFilename'>C:\Users\o-neo\AppData\Local\Temp\__PSScriptPolicyTest_vklfiro1.uyr.ps1</Data><Data Name='CreationUtcTime'>2026-09-13 21:32:24.246</Data><Data Name='User'>DESKTOP-FOEGBB0\CodexSandboxOffline</Data></EventData></Event><Event xmlns='http://schemas.microsoft.com/win/2004/08/events/event'><System><Provider Name='Microsoft-Windows-Sysmon' Guid='{5770385f-c22a-43e0-bf4c-06f5698ffbd9}'/><EventID>3</EventID><Version>5</Version><Level>4</Level><Task>3</Task><Opcode>0</Opcode><Keywords>0x8000000000000000</Keywords><TimeCreated SystemTime='2026-09-13T21:32:27.6696402Z'/><EventRecordID>621022</EventRecordID><Correlation/><Execution ProcessID='4168' ThreadID='5812'/><Channel>Microsoft-Windows-Sysmon/Operational</Channel><Computer>DESKTOP-FOEGBB0</Computer><Security UserID='S-1-5-18'/></System><EventData><Data Name='RuleName'>Usermode</Data><Data Name='UtcTime'>2026-09-13 21:32:26.616</Data><Data Name='ProcessGuid'>{66b35fd9-ee3a-6aa6-231e-000000001700}</Data><Data Name='ProcessId'>11556</Data><Data Name='Image'>C:\Users\o-neo\AppData\Local\OpenAI\Codex\bin\bffc5354119c8421\codex.exe</Data><Data Name='User'>DESKTOP-FOEGBB0\o-neo</Data><Data Name='Protocol'>tcp</Data><Data Name='Initiated'>true</Data><Data Name='SourceIsIpv6'>false</Data><Data Name='SourceIp'>192.168.1.120</Data><Data Name='SourceHostname'>DESKTOP-FOEGBB0</Data><Data Name='SourcePort'>63979</Data><Data Name='SourcePortName'>-</Data><Data Name='DestinationIsIpv6'>false</Data><Data Name='DestinationIp'>172.64.155.209</Data><Data Name='DestinationHostname'>-</Data><Data Name='DestinationPort'>443</Data><Data Name='DestinationPortName'>https</Data></EventData></Event><Event xmlns='http://schemas.microsoft.com/win/2004/08/events/event'><System><Provider Name='Microsoft-Windows-Sysmon' Guid='{5770385f-c22a-43e0-bf4c-06f5698ffbd9}'/><EventID>3</EventID><Version>5</Version><Level>4</Level><Task>3</Task><Opcode>0</Opcode><Keywords>0x8000000000000000</Keywords><TimeCreated SystemTime='2026-09-13T21:32:33.5291856Z'/><EventRecordID>621023</EventRecordID><Correlation/><Execution ProcessID='4168' ThreadID='5812'/><Channel>Microsoft-Windows-Sysmon/Operational</Channel><Computer>DESKTOP-FOEGBB0</Computer><Security UserID='S-1-5-18'/></System><EventData><Data Name='RuleName'>Usermode</Data><Data Name='UtcTime'>2026-09-13 21:32:32.359</Data><Data Name='ProcessGuid'>{66b35fd9-ee3a-6aa6-231e-000000001700}</Data><Data Name='ProcessId'>11556</Data><Data Name='Image'>C:\Users\o-neo\AppData\Local\OpenAI\Codex\bin\bffc5354119c8421\codex.exe</Data><Data Name='User'>DESKTOP-FOEGBB0\o-neo</Data><Data Name='Protocol'>tcp</Data><Data Name='Initiated'>true</Data><Data Name='SourceIsIpv6'>false</Data><Data Name='SourceIp'>192.168.1.120</Data><Data Name='SourceHostname'>DESKTOP-FOEGBB0</Data><Data Name='SourcePort'>63980</Data><Data Name='SourcePortName'>-</Data><Data Name='DestinationIsIpv6'>false</Data><Data Name='DestinationIp'>172.64.155.209</Data><Data Name='DestinationHostname'>-</Data><Data Name='DestinationPort'>443</Data><Data Name='DestinationPortName'>https</Data></EventData></Event><Event xmlns='http://schemas.microsoft.com/win/2004/08/events/event'><System><Provider Name='Microsoft-Windows-Sysmon' Guid='{5770385f-c22a-43e0-bf4c-06f5698ffbd9}'/><EventID>1</EventID><Version>5</Version><Level>4</Level><Task>1</Task><Opcode>0</Opcode><Keywords>0x8000000000000000</Keywords><TimeCreated SystemTime='2026-09-13T21:32:36.1654250Z'/><EventRecordID>621024</EventRecordID><Correlation/><Execution ProcessID='4168' ThreadID='5936'/><Channel>Microsoft-Windows-Sysmon/Operational</Channel><Computer>DESKTOP-FOEGBB0</Computer><Security UserID='S-1-5-18'/></System><EventData><Data Name='RuleName'>-</Data><Data Name='UtcTime'>2026-09-13 21:32:36.009</Data><Data Name='ProcessGuid'>{66b35fd9-1674-6aa7-7537-000000001700}</Data><Data Name='ProcessId'>12744</Data><Data Name='Image'>C:\Tools\Node\node-v24.21.0-win-x64\node.exe</Data><Data Name='FileVersion'>24.21.0</Data><Data Name='Description'>Node.js JavaScript Runtime</Data><Data Name='Product'>Node.js</Data><Data Name='Company'>Node.js</Data><Data Name='OriginalFileName'>node.exe</Data><Data Name='CommandLine'>"C:\Tools\Node\node-v24.21.0-win-x64\node.exe" scripts/search-missing-profile-images.js C:\Users\o-neo\AppData\Local\Temp\vip-gece-missing-image-keys.json "D:\01 Projeler" "D:\08 Arþivler" D:\Backups "D:\98 Ýncelenecekler" "D:\99 Çöp Adaylarý" "D:\WEB SÝTE ÞABLON" D:\ovhcloud</Data><Data Name='CurrentDirectory'>C:\Users\o-neo\Documents\Vip-Gece-Web-Gelistirme\</Data><Data Name='User'>DESKTOP-FOEGBB0\o-neo</Data><Data Name='LogonGuid'>{66b35fd9-c5ee-6aa6-d395-060000000000}</Data><Data Name='LogonId'>0x695d3</Data><Data Name='TerminalSessionId'>1</Data><Data Name='IntegrityLevel'>Medium</Data><Data Name='Hashes'>MD5=12E6FB7D516F65083AE68CCF1E5F4EB8,SHA256=BA4E6D110E8C1592A1ECD390F6B05F3DA124B13871A5BE62B341A07A853C6C32,IMPHASH=6538DFB25A4AF0BD0D9AAA2ACC7B075A</Data><Data Name='ParentProcessGuid'>{66b35fd9-163a-6aa7-6837-000000001700}</Data><Data Name='ParentProcessId'>2972</Data><Data Name='ParentImage'>C:\Users\o-neo\.cache\codex-runtimes\codex-primary-runtime\dependencies\native\powershell\pwsh.exe</Data><Data Name='ParentCommandLine'>"C:\Users\o-neo\.cache\codex-runtimes\codex-primary-runtime\dependencies\native\powershell\pwsh.exe" -Command "try { [Console]::OutputEncoding=[System.Text.Encoding]::UTF8 } catch {}
node scripts/search-missing-profile-images.js 'C:\Users\o-neo\AppData\Local\Temp\vip-gece-missing-image-keys.json' 'D:\01 Projeler' 'D:\08 Arþivler' 'D:\Backups' 'D:\98 Ýncelenecekler' 'D:\99 Çöp Adaylarý' 'D:\WEB SÝTE ÞABLON' 'D:\ovhcloud'"</Data><Data Name='ParentUser'>DESKTOP-FOEGBB0\o-neo</Data></EventData></Event><Event xmlns='http://schemas.microsoft.com/win/2004/08/events/event'><System><Provider Name='Microsoft-Windows-Sysmon' Guid='{5770385f-c22a-43e0-bf4c-06f5698ffbd9}'/><EventID>1</EventID><Version>5</Version><Level>4</Level><Task>1</Task><Opcode>0</Opcode><Keywords>0x8000000000000000</Keywords><TimeCreated SystemTime='2026-09-13T21:32:36.3472799Z'/><EventRecordID>621025</EventRecordID><Correlation/><Execution ProcessID='4168' ThreadID='5936'/><Channel>Microsoft-Windows-Sysmon/Operational</Channel><Computer>DESKTOP-FOEGBB0</Computer><Security UserID='S-1-5-18'/></System><EventData><Data Name='RuleName'>-</Data><Data Name='UtcTime'>2026-09-13 21:32:36.186</Data><Data Name='ProcessGuid'>{66b35fd9-1674-6aa7-7637-000000001700}</Data><Data Name='ProcessId'>12900</Data><Data Name='Image'>C:\Users\o-neo\.cache\codex-runtimes\codex-primary-runtime\dependencies\python\python.exe</Data><Data Name='FileVersion'>3.12.14</Data><Data Name='Description'>Python</Data><Data Name='Product'>Python</Data><Data Name='Company'>Python Software Foundation</Data><Data Name='OriginalFileName'>python.exe</Data><Data Name='CommandLine'>"C:\Users\o-neo\.cache\codex-runtimes\codex-primary-runtime\dependencies\python\python.exe" -c "import pandas; print('ok')"</Data><Data Name='CurrentDirectory'>C:\Users\o-neo\Documents\Vip-Gece-Web-Gelistirme\</Data><Data Name='User'>DESKTOP-FOEGBB0\CodexSandboxOffline</Data><Data Name='LogonGuid'>{66b35fd9-1650-6aa7-8058-7f0300000000}</Data><Data Name='LogonId'>0x37f5880</Data><Data Name='TerminalSessionId'>1</Data><Data Name='IntegrityLevel'>Medium</Data><Data Name='Hashes'>MD5=9040361B0BE629E55178E30A40BEC70F,SHA256=B7A12C3AF0B4DB44191EEC14EA095EBA731B7328917F570806183093D19DDCA2,IMPHASH=40445B394CDBF537CB1AA287F96583BD</Data><Data Name='ParentProcessGuid'>{66b35fd9-165d-6aa7-7137-000000001700}</Data><Data Name='ParentProcessId'>4544</Data><Data Name='ParentImage'>C:\Users\o-neo\.cache\codex-runtimes\codex-primary-runtime\dependencies\native\powershell\pwsh.exe</Data><Data Name='ParentCommandLine'>C:\Users\o-neo\.cache\codex-runtimes\codex-primary-runtime\dependencies\native\powershell\pwsh.exe -NoProfile -Command "try { [Console]::OutputEncoding=[System.Text.Encoding]::UTF8 } catch {}
&amp; 'C:\Users\o-neo\.cache\codex-runtimes\codex-primary-runtime\dependencies\python\python.exe' -c \"import pandas; print('ok')\""</Data><Data Name='ParentUser'>DESKTOP-FOEGBB0\CodexSandboxOffline</Data></EventData></Event><Event xmlns='http://schemas.microsoft.com/win/2004/08/events/event'><System><Provider Name='Microsoft-Windows-Sysmon' Guid='{5770385f-c22a-43e0-bf4c-06f5698ffbd9}'/><EventID>1</EventID><Version>5</Version><Level>4</Level><Task>1</Task><Opcode>0</Opcode><Keywords>0x8000000000000000</Keywords><TimeCreated SystemTime='2026-09-13T21:32:44.6220289Z'/><EventRecordID>621026</EventRecordID><Correlation/><Execution ProcessID='4168' ThreadID='5936'/><Channel>Microsoft-Windows-Sysmon/Operational</Channel><Computer>DESKTOP-FOEGBB0</Computer><Security UserID='S-1-5-18'/></System><EventData><Data Name='RuleName'>-</Data><Data Name='UtcTime'>2026-09-13 21:32:44.459</Data><Data Name='ProcessGuid'>{66b35fd9-167c-6aa7-7737-000000001700}</Data><Data Name='ProcessId'>9196</Data><Data Name='Image'>C:\Users\o-neo\AppData\Local\OpenAI\Codex\bin\bffc5354119c8421\codex-windows-sandbox-setup.exe</Data><Data Name='FileVersion'>-</Data><Data Name='Description'>-</Data><Data Name='Product'>-</Data><Data Name='Company'>-</Data><Data Name='OriginalFileName'>-</Data><Data Name='CommandLine'>"C:\Users\o-neo\AppData\Local\OpenAI\Codex\bin\bffc5354119c8421\codex-windows-sandbox-setup.exe" eyJ2ZXJzaW9uIjo1LCJvZmZsaW5lX3VzZXJuYW1lIjoiQ29kZXhTYW5kYm94T2ZmbGluZSIsIm9ubGluZV91c2VybmFtZSI6IkNvZGV4U2FuZGJveE9ubGluZSIsImNvZGV4X2hvbWUiOiJDOlxcVXNlcnNcXG8tbmVvXFwuY29kZXgiLCJjb21tYW5kX2N3ZCI6IkM6XFxVc2Vyc1xcby1uZW9cXERvY3VtZW50c1xcVmlwLUdlY2UtV2ViLUdlbGlzdGlybWUiLCJyZWFkX3Jvb3RzIjpbIkM6XFxQcm9ncmFtIEZpbGVzIiwiQzpcXFByb2dyYW0gRmlsZXMgKHg4NikiLCJDOlxcUHJvZ3JhbURhdGEiLCJDOlxcVXNlcnNcXG8tbmVvXFwuYW5kcm9pZCIsIkM6XFxVc2Vyc1xcby1uZW9cXC5hbmRyb2lkLnppcCIsIkM6XFxVc2Vyc1xcby1uZW9cXC5jYWNoZSIsIkM6XFxVc2Vyc1xcby1uZW9cXC5jYWNoZS56aXAiLCJDOlxcVXNlcnNcXG8tbmVvXFwuY29kZXgiLCJDOlxcVXNlcnNcXG8tbmVvXFwuY29kZXguemlwIiwiQzpcXFVzZXJzXFxvLW5lb1xcLmNvZGV4XFwuc2FuZGJveC1iaW4iLCJDOlxcVXNlcnNcXG8tbmVvXFwuY29uZmlnLnppcCIsIkM6XFxVc2Vyc1xcby1uZW9cXC5kb3RuZXQiLCJDOlxcVXNlcnNcXG8tbmVvXFwuZG90bmV0LnppcCIsIkM6XFxVc2Vyc1xcby1uZW9cXC5sb2NhbCIsIkM6XFxVc2Vyc1xcby1uZW9cXC5sb2NhbC56aXAiLCJDOlxcVXNlcnNcXG8tbmVvXFwubnVnZXQiLCJDOlxcVXNlcnNcXG8tbmVvXFwubnVnZXQuemlwIiwiQzpcXFVzZXJzXFxvLW5lb1xcLnRlbXBsYXRlZW5naW5lIiwiQzpcXFVzZXJzXFxvLW5lb1xcLnRlbXBsYXRlZW5naW5lLnppcCIsIkM6XFxVc2Vyc1xcby1uZW9cXEFwcERhdGEiLCJDOlxcVXNlcnNcXG8tbmVvXFxBcHBEYXRhLnppcCIsIkM6XFxVc2Vyc1xcby1uZW9cXEFwcERhdGFcXExvY2FsIiwiQzpcXFVzZXJzXFxvLW5lb1xcQXBwRGF0YVxcTG9jYWxcXE1pY3Jvc29mdFxcV2luZG93c1xcSU5ldENvb2tpZXMiLCJDOlxcVXNlcnNcXG8tbmVvXFxBcHBEYXRhXFxSb2FtaW5nIiwiQzpcXFVzZXJzXFxvLW5lb1xcQXBwRGF0YVxcUm9hbWluZ1xcTWljcm9zb2Z0XFxXaW5kb3dzXFxOZXR3b3JrIFNob3J0Y3V0cyIsIkM6XFxVc2Vyc1xcby1uZW9cXEFwcERhdGFcXFJvYW1pbmdcXE1pY3Jvc29mdFxcV2luZG93c1xcUHJpbnRlciBTaG9ydGN1dHMiLCJDOlxcVXNlcnNcXG8tbmVvXFxBcHBEYXRhXFxSb2FtaW5nXFxNaWNyb3NvZnRcXFdpbmRvd3NcXFJlY2VudCIsIkM6XFxVc2Vyc1xcby1uZW9cXEFwcERhdGFcXFJvYW1pbmdcXE1pY3Jvc29mdFxcV2luZG93c1xcU2VuZFRvIiwiQzpcXFVzZXJzXFxvLW5lb1xcQXBwRGF0YVxcUm9hbWluZ1xcTWljcm9zb2Z0XFxXaW5kb3dzXFxTdGFydCBNZW51IiwiQzpcXFVzZXJzXFxvLW5lb1xcQXBwRGF0YVxcUm9hbWluZ1xcTWljcm9zb2Z0XFxXaW5kb3dzXFxUZW1wbGF0ZXMiLCJDOlxcVXNlcnNcXG8tbmVvXFxDb250YWN0cyIsIkM6XFxVc2Vyc1xcby1uZW9cXERlc2t0b3AiLCJDOlxcVXNlcnNcXG8tbmVvXFxEb2N1bWVudHMiLCJDOlxcVXNlcnNcXG8tbmVvXFxEb3dubG9hZHMiLCJDOlxcVXNlcnNcXG8tbmVvXFxGYXZvcml0ZXMiLCJDOlxcVXNlcnNcXG8tbmVvXFxpQ2xvdWREcml2ZSIsIkM6XFxVc2Vyc1xcby1uZW9cXEludGVsR3JhcGhpY3NQcm9maWxlcyIsIkM6XFxVc2Vyc1xcby1uZW9cXExpbmtzIiwiQzpcXFVzZXJzXFxvLW5lb1xcTXVzaWMiLCJDOlxcVXNlcnNcXG8tbmVvXFxOVFVTRVIuREFUIiwiQzpcXFVzZXJzXFxvLW5lb1xcbnR1c2VyLmRhdC5MT0cxIiwiQzpcXFVzZXJzXFxvLW5lb1xcbnR1c2VyLmRhdC5MT0cyIiwiQzpcXFVzZXJzXFxvLW5lb1xcTlRVU0VSLkRBVHs3ZDFiZmNjMi1hYTFiLTExZjEtYjdkMS04MDlkNjVhMWY2Mjd9LlR4Ui4wLnJlZ3RyYW5zLW1zIiwiQzpcXFVzZXJzXFxvLW5lb1xcTlRVU0VSLkRBVHs3ZDFiZmNjMi1hYTFiLTExZjEtYjdkMS04MDlkNjVhMWY2Mjd9LlR4Ui4xLnJlZ3RyYW5zLW1zIiwiQzpcXFVzZXJzXFxvLW5lb1xcTlRVU0VSLkRBVHs3ZDFiZmNjMi1hYTFiLTExZjEtYjdkMS04MDlkNjVhMWY2Mjd9LlR4Ui4yLnJlZ3RyYW5zLW1zIiwiQzpcXFVzZXJzXFxvLW5lb1xcTlRVU0VSLkRBVHs3ZDFiZmNjMi1hYTFiLTExZjEtYjdkMS04MDlkNjVhMWY2Mjd9LlR4Ui5ibGYiLCJDOlxcVXNlcnNcXG8tbmVvXFxOVFVTRVIuREFUezdkMWJmY2MzLWFhMWItMTFmMS1iN2QxLTgwOWQ2NWExZjYyN30uVE0uYmxmIiwiQzpcXFVzZXJzXFxvLW5lb1xcTlRVU0VSLkRBVHs3ZDFiZmNjMy1hYTFiLTExZjEtYjdkMS04MDlkNjVhMWY2Mjd9LlRNLmJsZi5jbnBmIiwiQzpcXFVzZXJzXFxvLW5lb1xcTlRVU0VSLkRBVHs3ZDFiZmNjMy1hYTFiLTExZjEtYjdkMS04MDlkNjVhMWY2Mjd9LlRNQ29udGFpbmVyMDAwMDAwMDAwMDAwMDAwMDAwMDEucmVndHJhbnMtbXMiLCJDOlxcVXNlcnNcXG8tbmVvXFxOVFVTRVIuREFUezdkMWJmY2MzLWFhMWItMTFmMS1iN2QxLTgwOWQ2NWExZjYyN30uVE1Db250YWluZXIwMDAwMDAwMDAwMDAwMDAwMDAwMS5yZWd0cmFucy1tcy5jbnBmIiwiQzpcXFVzZXJzXFxvLW5lb1xcTlRVU0VSLkRBVHs3ZDFiZmNjMy1hYTFiLTExZjEtYjdkMS04MDlkNjVhMWY2Mjd9LlRNQ29udGFpbmVyMDAwMDAwMDAwMDAwMDAwMDAwMDIucmVndHJhbnMtbXMiLCJDOlxcVXNlcnNcXG8tbmVvXFxOVFVTRVIuREFUezdkMWJmY2MzLWFhMWItMTFmMS1iN2QxLTgwOWQ2NWExZjYyN30uVE1Db250YWluZXIwMDAwMDAwMDAwMDAwMDAwMDAwMi5yZWd0cmFucy1tcy5jbnBmIiwiQzpcXFVzZXJzXFxvLW5lb1xcbnR1c2VyLmluaSIsIkM6XFxVc2Vyc1xcby1uZW9cXE9uZURyaXZlIiwiQzpcXFVzZXJzXFxvLW5lb1xcUGljdHVyZXMiLCJDOlxcVXNlcnNcXG8tbmVvXFxTYW1zdW5nIiwiQzpcXFVzZXJzXFxvLW5lb1xcU2F2ZWQgR2FtZXMiLCJDOlxcVXNlcnNcXG8tbmVvXFxTZWFyY2hlcyIsIkM6XFxVc2Vyc1xcby1uZW9cXFZpZGVvcyIsIkM6XFxXaW5kb3dzIl0sIndyaXRlX3Jvb3RzIjpbIkM6XFxVc2Vyc1xcby1uZW9cXC5jb2RleFxcdmlzdWFsaXphdGlvbnNcXDIwMjZcXDA5XFwxM1xcMDFhMDljYTAtM2E5NS03NDgyLTkwODMtYjcxNjA4ZjhlYzFiIiwiQzpcXFVzZXJzXFxvLW5lb1xcQXBwRGF0YVxcTG9jYWxcXFRlbXAiLCJDOlxcVXNlcnNcXG8tbmVvXFxEb2N1bWVudHNcXFZpcC1HZWNlLVdlYi1HZWxpc3Rpcm1lIl0sImRlbnlfcmVhZF9wYXRocyI6W10sImRlbnlfd3JpdGVfcGF0aHMiOlsiQzpcXFVzZXJzXFxvLW5lb1xcRG9jdW1lbnRzXFxWaXAtR2VjZS1XZWItR2VsaXN0aXJtZVxcLmdpdCIsIkM6XFxVc2Vyc1xcby1uZW9cXERvY3VtZW50c1xcVmlwLUdlY2UtV2ViLUdlbGlzdGlybWVcXC5naXQiXSwicHJveHlfcG9ydHMiOltdLCJhbGxvd19sb2NhbF9iaW5kaW5nIjpmYWxzZSwib3RlbCI6bnVsbCwicmVhbF91c2VyIjoiby1uZW8iLCJtb2RlIjoiZnVsbCIsInJlZnJlc2hfb25seSI6dHJ1ZX0=</Data><Data Name='CurrentDirectory'>C:\Users\o-neo\AppData\Local\OpenAI\Codex\bin\bffc5354119c8421\</Data><Data Name='User'>DESKTOP-FOEGBB0\o-neo</Data><Data Name='LogonGuid'>{66b35fd9-c5ee-6aa6-d395-060000000000}</Data><Data Name='LogonId'>0x695d3</Data><Data Name='TerminalSessionId'>1</Data><Data Name='IntegrityLevel'>Medium</Data><Data Name='Hashes'>MD5=A2BAF20ED127A2BD6065B53E4ADCFCDF,SHA256=F10E0A6D40C3BCE4E65FD0A5C2550965B6E709C330711D7BE5C918AA41579546,IMPHASH=7553AF7FDB1A046F1A8BCFAE16B3BD07</Data><Data Name='ParentProcessGuid'>{66b35fd9-ee3a-6aa6-231e-000000001700}</Data><Data Name='ParentProcessId'>11556</Data><Data Name='ParentImage'>C:\Users\o-neo\AppData\Local\OpenAI\Codex\bin\bffc5354119c8421\codex.exe</Data><Data Name='ParentCommandLine'>C:\Users\o-neo\AppData\Local\OpenAI\Codex\bin\bffc5354119c8421\codex.exe -c features.code_mode_host=true app-server --analytics-default-enabled -c plugins.codex-app-tools@openai-bundled.mcp_servers.codex_app.enabled=true</Data><Data Name='ParentUser'>DESKTOP-FOEGBB0\o-neo</Data></EventData></Event>