<Event xmlns='http://schemas.microsoft.com/win/2004/08/events/event'><System><Provider Name='Microsoft-Windows-Sysmon' Guid='{5770385f-c22a-43e0-bf4c-06f5698ffbd9}'/><EventID>1</EventID><Version>5</Version><Level>4</Level><Task>1</Task><Opcode>0</Opcode><Keywords>0x8000000000000000</Keywords><TimeCreated SystemTime='2026-09-13T21:25:06.2914227Z'/><EventRecordID>620733</EventRecordID><Correlation/><Execution ProcessID='4168' ThreadID='5936'/><Channel>Microsoft-Windows-Sysmon/Operational</Channel><Computer>DESKTOP-FOEGBB0</Computer><Security UserID='S-1-5-18'/></System><EventData><Data Name='RuleName'>-</Data><Data Name='UtcTime'>2026-09-13 21:25:06.153</Data><Data Name='ProcessGuid'>{66b35fd9-14b2-6aa7-fa36-000000001700}</Data><Data Name='ProcessId'>3544</Data><Data Name='Image'>C:\Users\o-neo\.cache\codex-runtimes\codex-primary-runtime\dependencies\native\git\mingw64\bin\git.exe</Data><Data Name='FileVersion'>2.53.0.windows.3</Data><Data Name='Description'>Git for Windows</Data><Data Name='Product'>Git</Data><Data Name='Company'>The Git Development Community</Data><Data Name='OriginalFileName'>git.exe</Data><Data Name='CommandLine'>git.exe -c safe.bareRepository=explicit -c core.hooksPath=NUL -c core.fsmonitor=false remote get-url origin</Data><Data Name='CurrentDirectory'>C:\Users\o-neo\Documents\Vip-Gece-Web-Gelistirme\</Data><Data Name='User'>DESKTOP-FOEGBB0\o-neo</Data><Data Name='LogonGuid'>{66b35fd9-c5ee-6aa6-d395-060000000000}</Data><Data Name='LogonId'>0x695d3</Data><Data Name='TerminalSessionId'>1</Data><Data Name='IntegrityLevel'>Medium</Data><Data Name='Hashes'>MD5=66E8226F7CDADDE28EDBBF9C8BF12F3D,SHA256=C115A66A1BEDE6694B513AF420CC90F8775BE03666A54D1ECB82D6196B929FE9,IMPHASH=C46A0C43C45E1D61113699AA15203A44</Data><Data Name='ParentProcessGuid'>{66b35fd9-14b1-6aa7-f636-000000001700}</Data><Data Name='ParentProcessId'>9244</Data><Data Name='ParentImage'>C:\Users\o-neo\.cache\codex-runtimes\codex-primary-runtime\dependencies\native\git\cmd\git.exe</Data><Data Name='ParentCommandLine'>"git" -c safe.bareRepository=explicit -c core.hooksPath=NUL -c core.fsmonitor=false remote get-url origin</Data><Data Name='ParentUser'>DESKTOP-FOEGBB0\o-neo</Data></EventData></Event><Event xmlns='http://schemas.microsoft.com/win/2004/08/events/event'><System><Provider Name='Microsoft-Windows-Sysmon' Guid='{5770385f-c22a-43e0-bf4c-06f5698ffbd9}'/><EventID>1</EventID><Version>5</Version><Level>4</Level><Task>1</Task><Opcode>0</Opcode><Keywords>0x8000000000000000</Keywords><TimeCreated SystemTime='2026-09-13T21:25:07.0989716Z'/><EventRecordID>620741</EventRecordID><Correlation/><Execution ProcessID='4168' ThreadID='5936'/><Channel>Microsoft-Windows-Sysmon/Operational</Channel><Computer>DESKTOP-FOEGBB0</Computer><Security UserID='S-1-5-18'/></System><EventData><Data Name='RuleName'>-</Data><Data Name='UtcTime'>2026-09-13 21:25:06.942</Data><Data Name='ProcessGuid'>{66b35fd9-14b2-6aa7-fb36-000000001700}</Data><Data Name='ProcessId'>4380</Data><Data Name='Image'>C:\Users\o-neo\.cache\codex-runtimes\codex-primary-runtime\dependencies\native\git\cmd\git.exe</Data><Data Name='FileVersion'>2.53.0.windows.3</Data><Data Name='Description'>Git for Windows</Data><Data Name='Product'>Git</Data><Data Name='Company'>The Git Development Community</Data><Data Name='OriginalFileName'>git.exe</Data><Data Name='CommandLine'>C:\Users\o-neo\.cache\codex-runtimes\codex-primary-runtime\dependencies\native\git\cmd\git.exe -c attr.tree= -c core.attributesFile= -c filter.lfs.clean= -c filter.lfs.smudge= -c filter.lfs.process= -c filter.lfs.required=false -c safe.bareRepository=explicit -c core.hooksPath=NUL -c core.fsmonitor= status --renames --porcelain=v1 -z --untracked-files=no</Data><Data Name='CurrentDirectory'>C:\Users\o-neo\Documents\Vip-Gece-Web-Gelistirme\</Data><Data Name='User'>DESKTOP-FOEGBB0\o-neo</Data><Data Name='LogonGuid'>{66b35fd9-c5ee-6aa6-d395-060000000000}</Data><Data Name='LogonId'>0x695d3</Data><Data Name='TerminalSessionId'>1</Data><Data Name='IntegrityLevel'>Medium</Data><Data Name='Hashes'>MD5=72F87446775ECCA78F3119A8F329BDAF,SHA256=C53279919FDEA03474BB23B465B3A82287157491F1BD69A5EB82DD9831582333,IMPHASH=0991041C9DE5C72802D268A52B7C03AC</Data><Data Name='ParentProcessGuid'>{66b35fd9-ee27-6aa6-131e-000000001700}</Data><Data Name='ParentProcessId'>488</Data><Data Name='ParentImage'>C:\Program Files\WindowsApps\OpenAI.Codex_26.908.4834.0_x64__2p2nqsd0c76g0\app\ChatGPT.exe</Data><Data Name='ParentCommandLine'>"C:\Program Files\WindowsApps\OpenAI.Codex_26.908.4834.0_x64__2p2nqsd0c76g0\app\ChatGPT.exe" </Data><Data Name='ParentUser'>DESKTOP-FOEGBB0\o-neo</Data></EventData></Event><Event xmlns='http://schemas.microsoft.com/win/2004/08/events/event'><System><Provider Name='Microsoft-Windows-Sysmon' Guid='{5770385f-c22a-43e0-bf4c-06f5698ffbd9}'/><EventID>1</EventID><Version>5</Version><Level>4</Level><Task>1</Task><Opcode>0</Opcode><Keywords>0x8000000000000000</Keywords><TimeCreated SystemTime='2026-09-13T21:25:07.9618042Z'/><EventRecordID>620743</EventRecordID><Correlation/><Execution ProcessID='4168' ThreadID='5936'/><Channel>Microsoft-Windows-Sysmon/Operational</Channel><Computer>DESKTOP-FOEGBB0</Computer><Security UserID='S-1-5-18'/></System><EventData><Data Name='RuleName'>-</Data><Data Name='UtcTime'>2026-09-13 21:25:07.790</Data><Data Name='ProcessGuid'>{66b35fd9-14b3-6aa7-fd36-000000001700}</Data><Data Name='ProcessId'>12660</Data><Data Name='Image'>C:\Users\o-neo\.cache\codex-runtimes\codex-primary-runtime\dependencies\native\git\mingw64\bin\git.exe</Data><Data Name='FileVersion'>2.53.0.windows.3</Data><Data Name='Description'>Git for Windows</Data><Data Name='Product'>Git</Data><Data Name='Company'>The Git Development Community</Data><Data Name='OriginalFileName'>git.exe</Data><Data Name='CommandLine'>git.exe -c attr.tree= -c core.attributesFile= -c filter.lfs.clean= -c filter.lfs.smudge= -c filter.lfs.process= -c filter.lfs.required=false -c safe.bareRepository=explicit -c core.hooksPath=NUL -c core.fsmonitor= status --renames --porcelain=v1 -z --untracked-files=no</Data><Data Name='CurrentDirectory'>C:\Users\o-neo\Documents\Vip-Gece-Web-Gelistirme\</Data><Data Name='User'>DESKTOP-FOEGBB0\o-neo</Data><Data Name='LogonGuid'>{66b35fd9-c5ee-6aa6-d395-060000000000}</Data><Data Name='LogonId'>0x695d3</Data><Data Name='TerminalSessionId'>1</Data><Data Name='IntegrityLevel'>Medium</Data><Data Name='Hashes'>MD5=66E8226F7CDADDE28EDBBF9C8BF12F3D,SHA256=C115A66A1BEDE6694B513AF420CC90F8775BE03666A54D1ECB82D6196B929FE9,IMPHASH=C46A0C43C45E1D61113699AA15203A44</Data><Data Name='ParentProcessGuid'>{66b35fd9-14b2-6aa7-fb36-000000001700}</Data><Data Name='ParentProcessId'>4380</Data><Data Name='ParentImage'>C:\Users\o-neo\.cache\codex-runtimes\codex-primary-runtime\dependencies\native\git\cmd\git.exe</Data><Data Name='ParentCommandLine'>C:\Users\o-neo\.cache\codex-runtimes\codex-primary-runtime\dependencies\native\git\cmd\git.exe -c attr.tree= -c core.attributesFile= -c filter.lfs.clean= -c filter.lfs.smudge= -c filter.lfs.process= -c filter.lfs.required=false -c safe.bareRepository=explicit -c core.hooksPath=NUL -c core.fsmonitor= status --renames --porcelain=v1 -z --untracked-files=no</Data><Data Name='ParentUser'>DESKTOP-FOEGBB0\o-neo</Data></EventData></Event><Event xmlns='http://schemas.microsoft.com/win/2004/08/events/event'><System><Provider Name='Microsoft-Windows-Sysmon' Guid='{5770385f-c22a-43e0-bf4c-06f5698ffbd9}'/><EventID>1</EventID><Version>5</Version><Level>4</Level><Task>1</Task><Opcode>0</Opcode><Keywords>0x8000000000000000</Keywords><TimeCreated SystemTime='2026-09-13T21:25:08.8609591Z'/><EventRecordID>620746</EventRecordID><Correlation/><Execution ProcessID='4168' ThreadID='5936'/><Channel>Microsoft-Windows-Sysmon/Operational</Channel><Computer>DESKTOP-FOEGBB0</Computer><Security UserID='S-1-5-18'/></System><EventData><Data Name='RuleName'>-</Data><Data Name='UtcTime'>2026-09-13 21:25:08.812</Data><Data Name='ProcessGuid'>{66b35fd9-14b4-6aa7-fe36-000000001700}</Data><Data Name='ProcessId'>9740</Data><Data Name='Image'>C:\Users\o-neo\.cache\codex-runtimes\codex-primary-runtime\dependencies\native\git\cmd\git.exe</Data><Data Name='FileVersion'>2.53.0.windows.3</Data><Data Name='Description'>Git for Windows</Data><Data Name='Product'>Git</Data><Data Name='Company'>The Git Development Community</Data><Data Name='OriginalFileName'>git.exe</Data><Data Name='CommandLine'>C:\Users\o-neo\.cache\codex-runtimes\codex-primary-runtime\dependencies\native\git\cmd\git.exe -c safe.bareRepository=explicit config --null --get core.fsmonitor</Data><Data Name='CurrentDirectory'>C:\Users\o-neo\Documents\Vip-Gece-Web-Gelistirme\</Data><Data Name='User'>DESKTOP-FOEGBB0\o-neo</Data><Data Name='LogonGuid'>{66b35fd9-c5ee-6aa6-d395-060000000000}</Data><Data Name='LogonId'>0x695d3</Data><Data Name='TerminalSessionId'>1</Data><Data Name='IntegrityLevel'>Medium</Data><Data Name='Hashes'>MD5=72F87446775ECCA78F3119A8F329BDAF,SHA256=C53279919FDEA03474BB23B465B3A82287157491F1BD69A5EB82DD9831582333,IMPHASH=0991041C9DE5C72802D268A52B7C03AC</Data><Data Name='ParentProcessGuid'>{66b35fd9-ee27-6aa6-131e-000000001700}</Data><Data Name='ParentProcessId'>488</Data><Data Name='ParentImage'>C:\Program Files\WindowsApps\OpenAI.Codex_26.908.4834.0_x64__2p2nqsd0c76g0\app\ChatGPT.exe</Data><Data Name='ParentCommandLine'>"C:\Program Files\WindowsApps\OpenAI.Codex_26.908.4834.0_x64__2p2nqsd0c76g0\app\ChatGPT.exe" </Data><Data Name='ParentUser'>DESKTOP-FOEGBB0\o-neo</Data></EventData></Event><Event xmlns='http://schemas.microsoft.com/win/2004/08/events/event'><System><Provider Name='Microsoft-Windows-Sysmon' Guid='{5770385f-c22a-43e0-bf4c-06f5698ffbd9}'/><EventID>1</EventID><Version>5</Version><Level>4</Level><Task>1</Task><Opcode>0</Opcode><Keywords>0x8000000000000000</Keywords><TimeCreated SystemTime='2026-09-13T21:25:09.2459083Z'/><EventRecordID>620747</EventRecordID><Correlation/><Execution ProcessID='4168' ThreadID='5936'/><Channel>Microsoft-Windows-Sysmon/Operational</Channel><Computer>DESKTOP-FOEGBB0</Computer><Security UserID='S-1-5-18'/></System><EventData><Data Name='RuleName'>-</Data><Data Name='UtcTime'>2026-09-13 21:25:08.985</Data><Data Name='ProcessGuid'>{66b35fd9-14b4-6aa7-0037-000000001700}</Data><Data Name='ProcessId'>12124</Data><Data Name='Image'>C:\Windows\System32\curl.exe</Data><Data Name='FileVersion'>8.21.0</Data><Data Name='Description'>The curl executable</Data><Data Name='Product'>The curl executable</Data><Data Name='Company'>curl, https://curl.se/</Data><Data Name='OriginalFileName'>curl.exe</Data><Data Name='CommandLine'>"C:\WINDOWS\system32\curl.exe" -L https://www.btk.gov.tr/uploads/ntsfiles/KBN.xls -o C:\Users\o-neo\AppData\Local\Temp\btk-kbn.xls</Data><Data Name='CurrentDirectory'>C:\Users\o-neo\Documents\Vip-Gece-Web-Gelistirme\</Data><Data Name='User'>DESKTOP-FOEGBB0\o-neo</Data><Data Name='LogonGuid'>{66b35fd9-c5ee-6aa6-d395-060000000000}</Data><Data Name='LogonId'>0x695d3</Data><Data Name='TerminalSessionId'>1</Data><Data Name='IntegrityLevel'>Medium</Data><Data Name='Hashes'>MD5=9CC9716A95325E70A9E95B9D07D127D5,SHA256=73D24149FF289AFC49EC41F08918EF9FAA727D39AD993E929757DC2DDAFAB805,IMPHASH=E847D0A4B546F22477911AD1714BA42B</Data><Data Name='ParentProcessGuid'>{66b35fd9-14a7-6aa7-e336-000000001700}</Data><Data Name='ParentProcessId'>9264</Data><Data Name='ParentImage'>C:\Users\o-neo\.cache\codex-runtimes\codex-primary-runtime\dependencies\native\powershell\pwsh.exe</Data><Data Name='ParentCommandLine'>"C:\Users\o-neo\.cache\codex-runtimes\codex-primary-runtime\dependencies\native\powershell\pwsh.exe" -Command "try { [Console]::OutputEncoding=[System.Text.Encoding]::UTF8 } catch {}
curl.exe -L 'https://www.btk.gov.tr/uploads/ntsfiles/KBN.xls' -o \"$env:TEMP\btk-kbn.xls\"; Get-Item \"$env:TEMP\btk-kbn.xls\" | Select-Object FullName,Length,LastWriteTime"</Data><Data Name='ParentUser'>DESKTOP-FOEGBB0\o-neo</Data></EventData></Event><Event xmlns='http://schemas.microsoft.com/win/2004/08/events/event'><System><Provider Name='Microsoft-Windows-Sysmon' Guid='{5770385f-c22a-43e0-bf4c-06f5698ffbd9}'/><EventID>1</EventID><Version>5</Version><Level>4</Level><Task>1</Task><Opcode>0</Opcode><Keywords>0x8000000000000000</Keywords><TimeCreated SystemTime='2026-09-13T21:25:09.5641777Z'/><EventRecordID>620748</EventRecordID><Correlation/><Execution ProcessID='4168' ThreadID='5936'/><Channel>Microsoft-Windows-Sysmon/Operational</Channel><Computer>DESKTOP-FOEGBB0</Computer><Security UserID='S-1-5-18'/></System><EventData><Data Name='RuleName'>-</Data><Data Name='UtcTime'>2026-09-13 21:25:09.360</Data><Data Name='ProcessGuid'>{66b35fd9-14b5-6aa7-0137-000000001700}</Data><Data Name='ProcessId'>6884</Data><Data Name='Image'>C:\Users\o-neo\.cache\codex-runtimes\codex-primary-runtime\dependencies\native\git\mingw64\bin\git.exe</Data><Data Name='FileVersion'>2.53.0.windows.3</Data><Data Name='Description'>Git for Windows</Data><Data Name='Product'>Git</Data><Data Name='Company'>The Git Development Community</Data><Data Name='OriginalFileName'>git.exe</Data><Data Name='CommandLine'>git.exe -c safe.bareRepository=explicit config --null --get core.fsmonitor</Data><Data Name='CurrentDirectory'>C:\Users\o-neo\Documents\Vip-Gece-Web-Gelistirme\</Data><Data Name='User'>DESKTOP-FOEGBB0\o-neo</Data><Data Name='LogonGuid'>{66b35fd9-c5ee-6aa6-d395-060000000000}</Data><Data Name='LogonId'>0x695d3</Data><Data Name='TerminalSessionId'>1</Data><Data Name='IntegrityLevel'>Medium</Data><Data Name='Hashes'>MD5=66E8226F7CDADDE28EDBBF9C8BF12F3D,SHA256=C115A66A1BEDE6694B513AF420CC90F8775BE03666A54D1ECB82D6196B929FE9,IMPHASH=C46A0C43C45E1D61113699AA15203A44</Data><Data Name='ParentProcessGuid'>{66b35fd9-14b4-6aa7-fe36-000000001700}</Data><Data Name='ParentProcessId'>9740</Data><Data Name='ParentImage'>C:\Users\o-neo\.cache\codex-runtimes\codex-primary-runtime\dependencies\native\git\cmd\git.exe</Data><Data Name='ParentCommandLine'>C:\Users\o-neo\.cache\codex-runtimes\codex-primary-runtime\dependencies\native\git\cmd\git.exe -c safe.bareRepository=explicit config --null --get core.fsmonitor</Data><Data Name='ParentUser'>DESKTOP-FOEGBB0\o-neo</Data></EventData></Event><Event xmlns='http://schemas.microsoft.com/win/2004/08/events/event'><System><Provider Name='Microsoft-Windows-Sysmon' Guid='{5770385f-c22a-43e0-bf4c-06f5698ffbd9}'/><EventID>22</EventID><Version>5</Version><Level>4</Level><Task>22</Task><Opcode>0</Opcode><Keywords>0x8000000000000000</Keywords><TimeCreated SystemTime='2026-09-13T21:25:10.6301235Z'/><EventRecordID>620751</EventRecordID><Correlation/><Execution ProcessID='4168' ThreadID='6208'/><Channel>Microsoft-Windows-Sysmon/Operational</Channel><Computer>DESKTOP-FOEGBB0</Computer><Security UserID='S-1-5-18'/></System><EventData><Data Name='RuleName'>-</Data><Data Name='UtcTime'>2026-09-13 21:25:09.650</Data><Data Name='ProcessGuid'>{66b35fd9-14b4-6aa7-0037-000000001700}</Data><Data Name='ProcessId'>12124</Data><Data Name='QueryName'>www.btk.gov.tr</Data><Data Name='QueryStatus'>0</Data><Data Name='QueryResults'>212.175.164.65;</Data><Data Name='Image'>C:\Windows\System32\curl.exe</Data><Data Name='User'>DESKTOP-FOEGBB0\o-neo</Data></EventData></Event><Event xmlns='http://schemas.microsoft.com/win/2004/08/events/event'><System><Provider Name='Microsoft-Windows-Sysmon' Guid='{5770385f-c22a-43e0-bf4c-06f5698ffbd9}'/><EventID>22</EventID><Version>5</Version><Level>4</Level><Task>22</Task><Opcode>0</Opcode><Keywords>0x8000000000000000</Keywords><TimeCreated SystemTime='2026-09-13T21:25:10.6302223Z'/><EventRecordID>620752</EventRecordID><Correlation/><Execution ProcessID='4168' ThreadID='6208'/><Channel>Microsoft-Windows-Sysmon/Operational</Channel><Computer>DESKTOP-FOEGBB0</Computer><Security UserID='S-1-5-18'/></System><EventData><Data Name='RuleName'>-</Data><Data Name='UtcTime'>2026-09-13 21:25:09.731</Data><Data Name='ProcessGuid'>{66b35fd9-14b4-6aa7-0037-000000001700}</Data><Data Name='ProcessId'>12124</Data><Data Name='QueryName'>www.btk.gov.tr</Data><Data Name='QueryStatus'>0</Data><Data Name='QueryResults'>2a01:358:4014:1702::200;</Data><Data Name='Image'>C:\Windows\System32\curl.exe</Data><Data Name='User'>DESKTOP-FOEGBB0\o-neo</Data></EventData></Event><Event xmlns='http://schemas.microsoft.com/win/2004/08/events/event'><System><Provider Name='Microsoft-Windows-Sysmon' Guid='{5770385f-c22a-43e0-bf4c-06f5698ffbd9}'/><EventID>1</EventID><Version>5</Version><Level>4</Level><Task>1</Task><Opcode>0</Opcode><Keywords>0x8000000000000000</Keywords><TimeCreated SystemTime='2026-09-13T21:25:10.9726576Z'/><EventRecordID>620753</EventRecordID><Correlation/><Execution ProcessID='4168' ThreadID='5936'/><Channel>Microsoft-Windows-Sysmon/Operational</Channel><Computer>DESKTOP-FOEGBB0</Computer><Security UserID='S-1-5-18'/></System><EventData><Data Name='RuleName'>-</Data><Data Name='UtcTime'>2026-09-13 21:25:10.656</Data><Data Name='ProcessGuid'>{66b35fd9-14b6-6aa7-0237-000000001700}</Data><Data Name='ProcessId'>9372</Data><Data Name='Image'>C:\Users\o-neo\.cache\codex-runtimes\codex-primary-runtime\dependencies\native\git\cmd\git.exe</Data><Data Name='FileVersion'>2.53.0.windows.3</Data><Data Name='Description'>Git for Windows</Data><Data Name='Product'>Git</Data><Data Name='Company'>The Git Development Community</Data><Data Name='OriginalFileName'>git.exe</Data><Data Name='CommandLine'>C:\Users\o-neo\.cache\codex-runtimes\codex-primary-runtime\dependencies\native\git\cmd\git.exe -c diff.mnemonicPrefix=false -c diff.noprefix=false -c core.quotePath=false -c safe.bareRepository=explicit -c core.hooksPath=NUL -c core.fsmonitor= diff --no-ext-diff --no-textconv --color=never --src-prefix=a/ --dst-prefix=b/ --cached f3aa9826c2030898e8a66df0c0061268981a5595 --no-renames --name-only -z</Data><Data Name='CurrentDirectory'>C:\Users\o-neo\Documents\Vip-Gece-Web-Gelistirme\</Data><Data Name='User'>DESKTOP-FOEGBB0\o-neo</Data><Data Name='LogonGuid'>{66b35fd9-c5ee-6aa6-d395-060000000000}</Data><Data Name='LogonId'>0x695d3</Data><Data Name='TerminalSessionId'>1</Data><Data Name='IntegrityLevel'>Medium</Data><Data Name='Hashes'>MD5=72F87446775ECCA78F3119A8F329BDAF,SHA256=C53279919FDEA03474BB23B465B3A82287157491F1BD69A5EB82DD9831582333,IMPHASH=0991041C9DE5C72802D268A52B7C03AC</Data><Data Name='ParentProcessGuid'>{66b35fd9-ee27-6aa6-131e-000000001700}</Data><Data Name='ParentProcessId'>488</Data><Data Name='ParentImage'>C:\Program Files\WindowsApps\OpenAI.Codex_26.908.4834.0_x64__2p2nqsd0c76g0\app\ChatGPT.exe</Data><Data Name='ParentCommandLine'>"C:\Program Files\WindowsApps\OpenAI.Codex_26.908.4834.0_x64__2p2nqsd0c76g0\app\ChatGPT.exe" </Data><Data Name='ParentUser'>DESKTOP-FOEGBB0\o-neo</Data></EventData></Event><Event xmlns='http://schemas.microsoft.com/win/2004/08/events/event'><System><Provider Name='Microsoft-Windows-Sysmon' Guid='{5770385f-c22a-43e0-bf4c-06f5698ffbd9}'/><EventID>3</EventID><Version>5</Version><Level>4</Level><Task>3</Task><Opcode>0</Opcode><Keywords>0x8000000000000000</Keywords><TimeCreated SystemTime='2026-09-13T21:25:11.7538471Z'/><EventRecordID>620754</EventRecordID><Correlation/><Execution ProcessID='4168' ThreadID='5812'/><Channel>Microsoft-Windows-Sysmon/Operational</Channel><Computer>DESKTOP-FOEGBB0</Computer><Security UserID='S-1-5-18'/></System><EventData><Data Name='RuleName'>Usermode</Data><Data Name='UtcTime'>2026-09-13 21:25:10.548</Data><Data Name='ProcessGuid'>{66b35fd9-ee3a-6aa6-231e-000000001700}</Data><Data Name='ProcessId'>11556</Data><Data Name='Image'>C:\Users\o-neo\AppData\Local\OpenAI\Codex\bin\bffc5354119c8421\codex.exe</Data><Data Name='User'>DESKTOP-FOEGBB0\o-neo</Data><Data Name='Protocol'>tcp</Data><Data Name='Initiated'>true</Data><Data Name='SourceIsIpv6'>false</Data><Data Name='SourceIp'>192.168.1.120</Data><Data Name='SourceHostname'>DESKTOP-FOEGBB0</Data><Data Name='SourcePort'>51093</Data><Data Name='SourcePortName'>-</Data><Data Name='DestinationIsIpv6'>false</Data><Data Name='DestinationIp'>104.18.32.47</Data><Data Name='DestinationHostname'>-</Data><Data Name='DestinationPort'>443</Data><Data Name='DestinationPortName'>https</Data></EventData></Event><Event xmlns='http://schemas.microsoft.com/win/2004/08/events/event'><System><Provider Name='Microsoft-Windows-Sysmon' Guid='{5770385f-c22a-43e0-bf4c-06f5698ffbd9}'/><EventID>3</EventID><Version>5</Version><Level>4</Level><Task>3</Task><Opcode>0</Opcode><Keywords>0x8000000000000000</Keywords><TimeCreated SystemTime='2026-09-13T21:25:11.7538839Z'/><EventRecordID>620755</EventRecordID><Correlation/><Execution ProcessID='4168' ThreadID='5812'/><Channel>Microsoft-Windows-Sysmon/Operational</Channel><Computer>DESKTOP-FOEGBB0</Computer><Security UserID='S-1-5-18'/></System><EventData><Data Name='RuleName'>Usermode</Data><Data Name='UtcTime'>2026-09-13 21:25:10.661</Data><Data Name='ProcessGuid'>{66b35fd9-ee3a-6aa6-231e-000000001700}</Data><Data Name='ProcessId'>11556</Data><Data Name='Image'>C:\Users\o-neo\AppData\Local\OpenAI\Codex\bin\bffc5354119c8421\codex.exe</Data><Data Name='User'>DESKTOP-FOEGBB0\o-neo</Data><Data Name='Protocol'>tcp</Data><Data Name='Initiated'>true</Data><Data Name='SourceIsIpv6'>false</Data><Data Name='SourceIp'>192.168.1.120</Data><Data Name='SourceHostname'>DESKTOP-FOEGBB0</Data><Data Name='SourcePort'>51094</Data><Data Name='SourcePortName'>-</Data><Data Name='DestinationIsIpv6'>false</Data><Data Name='DestinationIp'>104.18.32.47</Data><Data Name='DestinationHostname'>-</Data><Data Name='DestinationPort'>443</Data><Data Name='DestinationPortName'>https</Data></EventData></Event><Event xmlns='http://schemas.microsoft.com/win/2004/08/events/event'><System><Provider Name='Microsoft-Windows-Sysmon' Guid='{5770385f-c22a-43e0-bf4c-06f5698ffbd9}'/><EventID>11</EventID><Version>2</Version><Level>4</Level><Task>11</Task><Opcode>0</Opcode><Keywords>0x8000000000000000</Keywords><TimeCreated SystemTime='2026-09-13T21:25:12.8872079Z'/><EventRecordID>620756</EventRecordID><Correlation/><Execution ProcessID='4168' ThreadID='5936'/><Channel>Microsoft-Windows-Sysmon/Operational</Channel><Computer>DESKTOP-FOEGBB0</Computer><Security UserID='S-1-5-18'/></System><EventData><Data Name='RuleName'>-</Data><Data Name='UtcTime'>2026-09-13 21:25:12.848</Data><Data Name='ProcessGuid'>{66b35fd9-14b4-6aa7-0037-000000001700}</Data><Data Name='ProcessId'>12124</Data><Data Name='Image'>C:\WINDOWS\system32\curl.exe</Data><Data Name='TargetFilename'>C:\Users\o-neo\AppData\Local\Temp\btk-kbn.xls</Data><Data Name='CreationUtcTime'>2026-09-13 21:25:12.841</Data><Data Name='User'>DESKTOP-FOEGBB0\o-neo</Data></EventData></Event><Event xmlns='http://schemas.microsoft.com/win/2004/08/events/event'><System><Provider Name='Microsoft-Windows-Sysmon' Guid='{5770385f-c22a-43e0-bf4c-06f5698ffbd9}'/><EventID>1</EventID><Version>5</Version><Level>4</Level><Task>1</Task><Opcode>0</Opcode><Keywords>0x8000000000000000</Keywords><TimeCreated SystemTime='2026-09-13T21:25:14.2864255Z'/><EventRecordID>620757</EventRecordID><Correlation/><Execution ProcessID='4168' ThreadID='5936'/><Channel>Microsoft-Windows-Sysmon/Operational</Channel><Computer>DESKTOP-FOEGBB0</Computer><Security UserID='S-1-5-18'/></System><EventData><Data Name='RuleName'>-</Data><Data Name='UtcTime'>2026-09-13 21:25:12.598</Data><Data Name='ProcessGuid'>{66b35fd9-14b8-6aa7-0437-000000001700}</Data><Data Name='ProcessId'>8504</Data><Data Name='Image'>C:\Users\o-neo\.cache\codex-runtimes\codex-primary-runtime\dependencies\native\git\mingw64\bin\git.exe</Data><Data Name='FileVersion'>2.53.0.windows.3</Data><Data Name='Description'>Git for Windows</Data><Data Name='Product'>Git</Data><Data Name='Company'>The Git Development Community</Data><Data Name='OriginalFileName'>git.exe</Data><Data Name='CommandLine'>git.exe -c diff.mnemonicPrefix=false -c diff.noprefix=false -c core.quotePath=false -c safe.bareRepository=explicit -c core.hooksPath=NUL -c core.fsmonitor= diff --no-ext-diff --no-textconv --color=never --src-prefix=a/ --dst-prefix=b/ --cached f3aa9826c2030898e8a66df0c0061268981a5595 --no-renames --name-only -z</Data><Data Name='CurrentDirectory'>C:\Users\o-neo\Documents\Vip-Gece-Web-Gelistirme\</Data><Data Name='User'>DESKTOP-FOEGBB0\o-neo</Data><Data Name='LogonGuid'>{66b35fd9-c5ee-6aa6-d395-060000000000}</Data><Data Name='LogonId'>0x695d3</Data><Data Name='TerminalSessionId'>1</Data><Data Name='IntegrityLevel'>Medium</Data><Data Name='Hashes'>MD5=66E8226F7CDADDE28EDBBF9C8BF12F3D,SHA256=C115A66A1BEDE6694B513AF420CC90F8775BE03666A54D1ECB82D6196B929FE9,IMPHASH=C46A0C43C45E1D61113699AA15203A44</Data><Data Name='ParentProcessGuid'>{66b35fd9-14b6-6aa7-0237-000000001700}</Data><Data Name='ParentProcessId'>9372</Data><Data Name='ParentImage'>C:\Users\o-neo\.cache\codex-runtimes\codex-primary-runtime\dependencies\native\git\cmd\git.exe</Data><Data Name='ParentCommandLine'>C:\Users\o-neo\.cache\codex-runtimes\codex-primary-runtime\dependencies\native\git\cmd\git.exe -c diff.mnemonicPrefix=false -c diff.noprefix=false -c core.quotePath=false -c safe.bareRepository=explicit -c core.hooksPath=NUL -c core.fsmonitor= diff --no-ext-diff --no-textconv --color=never --src-prefix=a/ --dst-prefix=b/ --cached f3aa9826c2030898e8a66df0c0061268981a5595 --no-renames --name-only -z</Data><Data Name='ParentUser'>DESKTOP-FOEGBB0\o-neo</Data></EventData></Event><Event xmlns='http://schemas.microsoft.com/win/2004/08/events/event'><System><Provider Name='Microsoft-Windows-Sysmon' Guid='{5770385f-c22a-43e0-bf4c-06f5698ffbd9}'/><EventID>3</EventID><Version>5</Version><Level>4</Level><Task>3</Task><Opcode>0</Opcode><Keywords>0x8000000000000000</Keywords><TimeCreated SystemTime='2026-09-13T21:25:14.4770860Z'/><EventRecordID>620758</EventRecordID><Correlation/><Execution ProcessID='4168' ThreadID='5812'/><Channel>Microsoft-Windows-Sysmon/Operational</Channel><Computer>DESKTOP-FOEGBB0</Computer><Security UserID='S-1-5-18'/></System><EventData><Data Name='RuleName'>Usermode</Data><Data Name='UtcTime'>2026-09-13 21:25:13.355</Data><Data Name='ProcessGuid'>{66b35fd9-ee3a-6aa6-231e-000000001700}</Data><Data Name='ProcessId'>11556</Data><Data Name='Image'>C:\Users\o-neo\AppData\Local\OpenAI\Codex\bin\bffc5354119c8421\codex.exe</Data><Data Name='User'>DESKTOP-FOEGBB0\o-neo</Data><Data Name='Protocol'>tcp</Data><Data Name='Initiated'>true</Data><Data Name='SourceIsIpv6'>false</Data><Data Name='SourceIp'>192.168.1.120</Data><Data Name='SourceHostname'>DESKTOP-FOEGBB0</Data><Data Name='SourcePort'>51096</Data><Data Name='SourcePortName'>-</Data><Data Name='DestinationIsIpv6'>false</Data><Data Name='DestinationIp'>104.18.32.47</Data><Data Name='DestinationHostname'>-</Data><Data Name='DestinationPort'>443</Data><Data Name='DestinationPortName'>https</Data></EventData></Event><Event xmlns='http://schemas.microsoft.com/win/2004/08/events/event'><System><Provider Name='Microsoft-Windows-Sysmon' Guid='{5770385f-c22a-43e0-bf4c-06f5698ffbd9}'/><EventID>1</EventID><Version>5</Version><Level>4</Level><Task>1</Task><Opcode>0</Opcode><Keywords>0x8000000000000000</Keywords><TimeCreated SystemTime='2026-09-13T21:25:15.6565818Z'/><EventRecordID>620761</EventRecordID><Correlation/><Execution ProcessID='4168' ThreadID='5936'/><Channel>Microsoft-Windows-Sysmon/Operational</Channel><Computer>DESKTOP-FOEGBB0</Computer><Security UserID='S-1-5-18'/></System><EventData><Data Name='RuleName'>-</Data><Data Name='UtcTime'>2026-09-13 21:25:15.365</Data><Data Name='ProcessGuid'>{66b35fd9-14bb-6aa7-0637-000000001700}</Data><Data Name='ProcessId'>10480</Data><Data Name='Image'>C:\Users\o-neo\.cache\codex-runtimes\codex-primary-runtime\dependencies\native\git\cmd\git.exe</Data><Data Name='FileVersion'>2.53.0.windows.3</Data><Data Name='Description'>Git for Windows</Data><Data Name='Product'>Git</Data><Data Name='Company'>The Git Development Community</Data><Data Name='OriginalFileName'>git.exe</Data><Data Name='CommandLine'>C:\Users\o-neo\.cache\codex-runtimes\codex-primary-runtime\dependencies\native\git\cmd\git.exe -c safe.bareRepository=explicit config --null --get core.fsmonitor</Data><Data Name='CurrentDirectory'>C:\Users\o-neo\Documents\Vip-Gece-Web-Gelistirme\</Data><Data Name='User'>DESKTOP-FOEGBB0\o-neo</Data><Data Name='LogonGuid'>{66b35fd9-c5ee-6aa6-d395-060000000000}</Data><Data Name='LogonId'>0x695d3</Data><Data Name='TerminalSessionId'>1</Data><Data Name='IntegrityLevel'>Medium</Data><Data Name='Hashes'>MD5=72F87446775ECCA78F3119A8F329BDAF,SHA256=C53279919FDEA03474BB23B465B3A82287157491F1BD69A5EB82DD9831582333,IMPHASH=0991041C9DE5C72802D268A52B7C03AC</Data><Data Name='ParentProcessGuid'>{66b35fd9-ee27-6aa6-131e-000000001700}</Data><Data Name='ParentProcessId'>488</Data><Data Name='ParentImage'>C:\Program Files\WindowsApps\OpenAI.Codex_26.908.4834.0_x64__2p2nqsd0c76g0\app\ChatGPT.exe</Data><Data Name='ParentCommandLine'>"C:\Program Files\WindowsApps\OpenAI.Codex_26.908.4834.0_x64__2p2nqsd0c76g0\app\ChatGPT.exe" </Data><Data Name='ParentUser'>DESKTOP-FOEGBB0\o-neo</Data></EventData></Event><Event xmlns='http://schemas.microsoft.com/win/2004/08/events/event'><System><Provider Name='Microsoft-Windows-Sysmon' Guid='{5770385f-c22a-43e0-bf4c-06f5698ffbd9}'/><EventID>3</EventID><Version>5</Version><Level>4</Level><Task>3</Task><Opcode>0</Opcode><Keywords>0x8000000000000000</Keywords><TimeCreated SystemTime='2026-09-13T21:25:16.0273686Z'/><EventRecordID>620762</EventRecordID><Correlation/><Execution ProcessID='4168' ThreadID='5812'/><Channel>Microsoft-Windows-Sysmon/Operational</Channel><Computer>DESKTOP-FOEGBB0</Computer><Security UserID='S-1-5-18'/></System><EventData><Data Name='RuleName'>Usermode</Data><Data Name='UtcTime'>2026-09-13 21:25:14.765</Data><Data Name='ProcessGuid'>{66b35fd9-ee3a-6aa6-231e-000000001700}</Data><Data Name='ProcessId'>11556</Data><Data Name='Image'>C:\Users\o-neo\AppData\Local\OpenAI\Codex\bin\bffc5354119c8421\codex.exe</Data><Data Name='User'>DESKTOP-FOEGBB0\o-neo</Data><Data Name='Protocol'>tcp</Data><Data Name='Initiated'>true</Data><Data Name='SourceIsIpv6'>false</Data><Data Name='SourceIp'>192.168.1.120</Data><Data Name='SourceHostname'>DESKTOP-FOEGBB0</Data><Data Name='SourcePort'>51097</Data><Data Name='SourcePortName'>-</Data><Data Name='DestinationIsIpv6'>false</Data><Data Name='DestinationIp'>104.18.32.47</Data><Data Name='DestinationHostname'>-</Data><Data Name='DestinationPort'>443</Data><Data Name='DestinationPortName'>https</Data></EventData></Event><Event xmlns='http://schemas.microsoft.com/win/2004/08/events/event'><System><Provider Name='Microsoft-Windows-Sysmon' Guid='{5770385f-c22a-43e0-bf4c-06f5698ffbd9}'/><EventID>3</EventID><Version>5</Version><Level>4</Level><Task>3</Task><Opcode>0</Opcode><Keywords>0x8000000000000000</Keywords><TimeCreated SystemTime='2026-09-13T21:25:16.6322889Z'/><EventRecordID>620763</EventRecordID><Correlation/><Execution ProcessID='4168' ThreadID='5812'/><Channel>Microsoft-Windows-Sysmon/Operational</Channel><Computer>DESKTOP-FOEGBB0</Computer><Security UserID='S-1-5-18'/></System><EventData><Data Name='RuleName'>Usermode</Data><Data Name='UtcTime'>2026-09-13 21:25:15.046</Data><Data Name='ProcessGuid'>{66b35fd9-ee3a-6aa6-231e-000000001700}</Data><Data Name='ProcessId'>11556</Data><Data Name='Image'>C:\Users\o-neo\AppData\Local\OpenAI\Codex\bin\bffc5354119c8421\codex.exe</Data><Data Name='User'>DESKTOP-FOEGBB0\o-neo</Data><Data Name='Protocol'>tcp</Data><Data Name='Initiated'>true</Data><Data Name='SourceIsIpv6'>false</Data><Data Name='SourceIp'>192.168.1.120</Data><Data Name='SourceHostname'>DESKTOP-FOEGBB0</Data><Data Name='SourcePort'>51098</Data><Data Name='SourcePortName'>-</Data><Data Name='DestinationIsIpv6'>false</Data><Data Name='DestinationIp'>104.18.32.47</Data><Data Name='DestinationHostname'>-</Data><Data Name='DestinationPort'>443</Data><Data Name='DestinationPortName'>https</Data></EventData></Event><Event xmlns='http://schemas.microsoft.com/win/2004/08/events/event'><System><Provider Name='Microsoft-Windows-Sysmon' Guid='{5770385f-c22a-43e0-bf4c-06f5698ffbd9}'/><EventID>3</EventID><Version>5</Version><Level>4</Level><Task>3</Task><Opcode>0</Opcode><Keywords>0x8000000000000000</Keywords><TimeCreated SystemTime='2026-09-13T21:25:16.9834246Z'/><EventRecordID>620764</EventRecordID><Correlation/><Execution ProcessID='4168' ThreadID='5812'/><Channel>Microsoft-Windows-Sysmon/Operational</Channel><Computer>DESKTOP-FOEGBB0</Computer><Security UserID='S-1-5-18'/></System><EventData><Data Name='RuleName'>Usermode</Data><Data Name='UtcTime'>2026-09-13 21:25:15.664</Data><Data Name='ProcessGuid'>{66b35fd9-ee3a-6aa6-231e-000000001700}</Data><Data Name='ProcessId'>11556</Data><Data Name='Image'>C:\Users\o-neo\AppData\Local\OpenAI\Codex\bin\bffc5354119c8421\codex.exe</Data><Data Name='User'>DESKTOP-FOEGBB0\o-neo</Data><Data Name='Protocol'>tcp</Data><Data Name='Initiated'>true</Data><Data Name='SourceIsIpv6'>false</Data><Data Name='SourceIp'>192.168.1.120</Data><Data Name='SourceHostname'>DESKTOP-FOEGBB0</Data><Data Name='SourcePort'>51099</Data><Data Name='SourcePortName'>-</Data><Data Name='DestinationIsIpv6'>false</Data><Data Name='DestinationIp'>104.18.32.47</Data><Data Name='DestinationHostname'>-</Data><Data Name='DestinationPort'>443</Data><Data Name='DestinationPortName'>https</Data></EventData></Event><Event xmlns='http://schemas.microsoft.com/win/2004/08/events/event'><System><Provider Name='Microsoft-Windows-Sysmon' Guid='{5770385f-c22a-43e0-bf4c-06f5698ffbd9}'/><EventID>3</EventID><Version>5</Version><Level>4</Level><Task>3</Task><Opcode>0</Opcode><Keywords>0x8000000000000000</Keywords><TimeCreated SystemTime='2026-09-13T21:25:17.3447973Z'/><EventRecordID>620765</EventRecordID><Correlation/><Execution ProcessID='4168' ThreadID='5812'/><Channel>Microsoft-Windows-Sysmon/Operational</Channel><Computer>DESKTOP-FOEGBB0</Computer><Security UserID='S-1-5-18'/></System><EventData><Data Name='RuleName'>Usermode</Data><Data Name='UtcTime'>2026-09-13 21:25:16.334</Data><Data Name='ProcessGuid'>{66b35fd9-ee3a-6aa6-231e-000000001700}</Data><Data Name='ProcessId'>11556</Data><Data Name='Image'>C:\Users\o-neo\AppData\Local\OpenAI\Codex\bin\bffc5354119c8421\codex.exe</Data><Data Name='User'>DESKTOP-FOEGBB0\o-neo</Data><Data Name='Protocol'>tcp</Data><Data Name='Initiated'>true</Data><Data Name='SourceIsIpv6'>false</Data><Data Name='SourceIp'>192.168.1.120</Data><Data Name='SourceHostname'>DESKTOP-FOEGBB0</Data><Data Name='SourcePort'>51100</Data><Data Name='SourcePortName'>-</Data><Data Name='DestinationIsIpv6'>false</Data><Data Name='DestinationIp'>104.18.32.47</Data><Data Name='DestinationHostname'>-</Data><Data Name='DestinationPort'>443</Data><Data Name='DestinationPortName'>https</Data></EventData></Event><Event xmlns='http://schemas.microsoft.com/win/2004/08/events/event'><System><Provider Name='Microsoft-Windows-Sysmon' Guid='{5770385f-c22a-43e0-bf4c-06f5698ffbd9}'/><EventID>1</EventID><Version>5</Version><Level>4</Level><Task>1</Task><Opcode>0</Opcode><Keywords>0x8000000000000000</Keywords><TimeCreated SystemTime='2026-09-13T21:25:17.4378500Z'/><EventRecordID>620766</EventRecordID><Correlation/><Execution ProcessID='4168' ThreadID='5936'/><Channel>Microsoft-Windows-Sysmon/Operational</Channel><Computer>DESKTOP-FOEGBB0</Computer><Security UserID='S-1-5-18'/></System><EventData><Data Name='RuleName'>-</Data><Data Name='UtcTime'>2026-09-13 21:25:17.313</Data><Data Name='ProcessGuid'>{66b35fd9-14bd-6aa7-0837-000000001700}</Data><Data Name='ProcessId'>6184</Data><Data Name='Image'>C:\Users\o-neo\.cache\codex-runtimes\codex-primary-runtime\dependencies\native\git\mingw64\bin\git.exe</Data><Data Name='FileVersion'>2.53.0.windows.3</Data><Data Name='Description'>Git for Windows</Data><Data Name='Product'>Git</Data><Data Name='Company'>The Git Development Community</Data><Data Name='OriginalFileName'>git.exe</Data><Data Name='CommandLine'>git.exe -c safe.bareRepository=explicit config --null --get core.fsmonitor</Data><Data Name='CurrentDirectory'>C:\Users\o-neo\Documents\Vip-Gece-Web-Gelistirme\</Data><Data Name='User'>DESKTOP-FOEGBB0\o-neo</Data><Data Name='LogonGuid'>{66b35fd9-c5ee-6aa6-d395-060000000000}</Data><Data Name='LogonId'>0x695d3</Data><Data Name='TerminalSessionId'>1</Data><Data Name='IntegrityLevel'>Medium</Data><Data Name='Hashes'>MD5=66E8226F7CDADDE28EDBBF9C8BF12F3D,SHA256=C115A66A1BEDE6694B513AF420CC90F8775BE03666A54D1ECB82D6196B929FE9,IMPHASH=C46A0C43C45E1D61113699AA15203A44</Data><Data Name='ParentProcessGuid'>{66b35fd9-14bb-6aa7-0637-000000001700}</Data><Data Name='ParentProcessId'>10480</Data><Data Name='ParentImage'>C:\Users\o-neo\.cache\codex-runtimes\codex-primary-runtime\dependencies\native\git\cmd\git.exe</Data><Data Name='ParentCommandLine'>C:\Users\o-neo\.cache\codex-runtimes\codex-primary-runtime\dependencies\native\git\cmd\git.exe -c safe.bareRepository=explicit config --null --get core.fsmonitor</Data><Data Name='ParentUser'>DESKTOP-FOEGBB0\o-neo</Data></EventData></Event><Event xmlns='http://schemas.microsoft.com/win/2004/08/events/event'><System><Provider Name='Microsoft-Windows-Sysmon' Guid='{5770385f-c22a-43e0-bf4c-06f5698ffbd9}'/><EventID>1</EventID><Version>5</Version><Level>4</Level><Task>1</Task><Opcode>0</Opcode><Keywords>0x8000000000000000</Keywords><TimeCreated SystemTime='2026-09-13T21:25:18.3853999Z'/><EventRecordID>620767</EventRecordID><Correlation/><Execution ProcessID='4168' ThreadID='5936'/><Channel>Microsoft-Windows-Sysmon/Operational</Channel><Computer>DESKTOP-FOEGBB0</Computer><Security UserID='S-1-5-18'/></System><EventData><Data Name='RuleName'>-</Data><Data Name='UtcTime'>2026-09-13 21:25:15.278</Data><Data Name='ProcessGuid'>{66b35fd9-14bb-6aa7-0537-000000001700}</Data><Data Name='ProcessId'>8944</Data><Data Name='Image'>C:\Users\o-neo\.cache\codex-runtimes\codex-primary-runtime\dependencies\native\powershell\pwsh.exe</Data><Data Name='FileVersion'>7.6.5.500</Data><Data Name='Description'>PowerShell 7</Data><Data Name='Product'>PowerShell</Data><Data Name='Company'>Microsoft Corporation</Data><Data Name='OriginalFileName'>pwsh.dll</Data><Data Name='CommandLine'>"C:\Users\o-neo\.cache\codex-runtimes\codex-primary-runtime\dependencies\native\powershell\pwsh.exe" -Command "try { [Console]::OutputEncoding=[System.Text.Encoding]::UTF8 } catch {}
Invoke-WebRequest -Uri 'https://www.btk.gov.tr/uploads/ntsfiles/KBN.xls' -OutFile \"$env:TEMP\KBN.xls\"; Get-Item \"$env:TEMP\KBN.xls\" | Select-Object FullName,Length,LastWriteTime"</Data><Data Name='CurrentDirectory'>C:\Users\o-neo\Documents\Vip-Gece-Web-Gelistirme\</Data><Data Name='User'>DESKTOP-FOEGBB0\o-neo</Data><Data Name='LogonGuid'>{66b35fd9-c5ee-6aa6-d395-060000000000}</Data><Data Name='LogonId'>0x695d3</Data><Data Name='TerminalSessionId'>1</Data><Data Name='IntegrityLevel'>Medium</Data><Data Name='Hashes'>MD5=900E13C7C07D7C3F949913452D81B208,SHA256=362A356CE7F0940EC74F73A8FC2C990A2CC24A38A11C90BBD8ECA947110AD139,IMPHASH=53E4E12437621212A425D294842D0A96</Data><Data Name='ParentProcessGuid'>{66b35fd9-ee3a-6aa6-231e-000000001700}</Data><Data Name='ParentProcessId'>11556</Data><Data Name='ParentImage'>C:\Users\o-neo\AppData\Local\OpenAI\Codex\bin\bffc5354119c8421\codex.exe</Data><Data Name='ParentCommandLine'>C:\Users\o-neo\AppData\Local\OpenAI\Codex\bin\bffc5354119c8421\codex.exe -c features.code_mode_host=true app-server --analytics-default-enabled -c plugins.codex-app-tools@openai-bundled.mcp_servers.codex_app.enabled=true</Data><Data Name='ParentUser'>DESKTOP-FOEGBB0\o-neo</Data></EventData></Event><Event xmlns='http://schemas.microsoft.com/win/2004/08/events/event'><System><Provider Name='Microsoft-Windows-Sysmon' Guid='{5770385f-c22a-43e0-bf4c-06f5698ffbd9}'/><EventID>1</EventID><Version>5</Version><Level>4</Level><Task>1</Task><Opcode>0</Opcode><Keywords>0x8000000000000000</Keywords><TimeCreated SystemTime='2026-09-13T21:25:19.6460472Z'/><EventRecordID>620770</EventRecordID><Correlation/><Execution ProcessID='4168' ThreadID='5936'/><Channel>Microsoft-Windows-Sysmon/Operational</Channel><Computer>DESKTOP-FOEGBB0</Computer><Security UserID='S-1-5-18'/></System><EventData><Data Name='RuleName'>-</Data><Data Name='UtcTime'>2026-09-13 21:25:19.118</Data><Data Name='ProcessGuid'>{66b35fd9-14bf-6aa7-0937-000000001700}</Data><Data Name='ProcessId'>6260</Data><Data Name='Image'>C:\Users\o-neo\.cache\codex-runtimes\codex-primary-runtime\dependencies\native\git\cmd\git.exe</Data><Data Name='FileVersion'>2.53.0.windows.3</Data><Data Name='Description'>Git for Windows</Data><Data Name='Product'>Git</Data><Data Name='Company'>The Git Development Community</Data><Data Name='OriginalFileName'>git.exe</Data><Data Name='CommandLine'>C:\Users\o-neo\.cache\codex-runtimes\codex-primary-runtime\dependencies\native\git\cmd\git.exe -c diff.mnemonicPrefix=false -c diff.noprefix=false -c core.quotePath=false -c safe.bareRepository=explicit -c core.hooksPath=NUL -c core.fsmonitor= diff --no-ext-diff --no-textconv --color=never --src-prefix=a/ --dst-prefix=b/ f3aa9826c2030898e8a66df0c0061268981a5595 --find-renames --raw --no-abbrev --numstat -z -- PROVENANCE.md README.md WORKLIST.md admin-sw.js admin.css admin.js docs/external/cloudflare-vip-gece-20260627.md docs/external/pagespeed-api-vip-gece.md docs/external/production-deploy-vip-gece.md docs/vip-gece-completion-audit-20260626.md docs/vip-gece-external-proof-runbook-20260626.md mobile-customer-native/README.md mobile-customer-native/android/app/src/main/java/com/vipgece/customer/config/EndpointResolver.java ops/domain-gateway/README.md ops/hetzner/README.md ops/hetzner/ecosystem.config.cjs ops/hetzner/nginx-vip-gece.conf ops/nginx/vip-gece.com-redirect.conf package.json public/js/admin/ads.js public/js/admin/analytics.js public/js/admin/auth.js public/js/admin/customers.js public/js/admin/index.js public/js/admin/profiles.js public/js/admin/pwa.js public/js/admin/settings.js public/js/admin/shared.js public/js/admin/tools.js public/js/detail/utils.js public/js/google-analytics.js scripts/admin-role-contract.mjs scripts/cloudflare-vip-gece-post-deploy.mjs scripts/contracts.mjs scripts/domain-role-contract.mjs scripts/full-redirect-cutover-audit.mjs scripts/live-domain-role-audit.mjs scripts/private-panels-contract.mjs scripts/profile-publication-contract.mjs scripts/seo-query-universe.mjs scripts/sign-customer-mobile-config.mjs scripts/staging-env-contract.mjs src/data/profilesRepo.js src/middleware/privatePanels.js src/middleware/security.js src/routes/adminOpsRoutes.js src/routes/adminRoutes.js src/services/profileImageProxyService.js src/services/render/detailRenderer.js src/services/render/homeRenderer.js src/services/render/hubRenderers.js src/services/render/landingRenderer.js src/services/render/markup.js src/services/render/shared.js src/utils/profileSeo.js vg-panel-91x.html</Data><Data Name='CurrentDirectory'>C:\Users\o-neo\Documents\Vip-Gece-Web-Gelistirme\</Data><Data Name='User'>DESKTOP-FOEGBB0\o-neo</Data><Data Name='LogonGuid'>{66b35fd9-c5ee-6aa6-d395-060000000000}</Data><Data Name='LogonId'>0x695d3</Data><Data Name='TerminalSessionId'>1</Data><Data Name='IntegrityLevel'>Medium</Data><Data Name='Hashes'>MD5=72F87446775ECCA78F3119A8F329BDAF,SHA256=C53279919FDEA03474BB23B465B3A82287157491F1BD69A5EB82DD9831582333,IMPHASH=0991041C9DE5C72802D268A52B7C03AC</Data><Data Name='ParentProcessGuid'>{66b35fd9-ee27-6aa6-131e-000000001700}</Data><Data Name='ParentProcessId'>488</Data><Data Name='ParentImage'>C:\Program Files\WindowsApps\OpenAI.Codex_26.908.4834.0_x64__2p2nqsd0c76g0\app\ChatGPT.exe</Data><Data Name='ParentCommandLine'>"C:\Program Files\WindowsApps\OpenAI.Codex_26.908.4834.0_x64__2p2nqsd0c76g0\app\ChatGPT.exe" </Data><Data Name='ParentUser'>DESKTOP-FOEGBB0\o-neo</Data></EventData></Event><Event xmlns='http://schemas.microsoft.com/win/2004/08/events/event'><System><Provider Name='Microsoft-Windows-Sysmon' Guid='{5770385f-c22a-43e0-bf4c-06f5698ffbd9}'/><EventID>3</EventID><Version>5</Version><Level>4</Level><Task>3</Task><Opcode>0</Opcode><Keywords>0x8000000000000000</Keywords><TimeCreated SystemTime='2026-09-13T21:25:20.6185757Z'/><EventRecordID>620772</EventRecordID><Correlation/><Execution ProcessID='4168' ThreadID='5812'/><Channel>Microsoft-Windows-Sysmon/Operational</Channel><Computer>DESKTOP-FOEGBB0</Computer><Security UserID='S-1-5-18'/></System><EventData><Data Name='RuleName'>Usermode</Data><Data Name='UtcTime'>2026-09-13 21:25:19.483</Data><Data Name='ProcessGuid'>{66b35fd9-ee3a-6aa6-231e-000000001700}</Data><Data Name='ProcessId'>11556</Data><Data Name='Image'>C:\Users\o-neo\AppData\Local\OpenAI\Codex\bin\bffc5354119c8421\codex.exe</Data><Data Name='User'>DESKTOP-FOEGBB0\o-neo</Data><Data Name='Protocol'>tcp</Data><Data Name='Initiated'>true</Data><Data Name='SourceIsIpv6'>false</Data><Data Name='SourceIp'>192.168.1.120</Data><Data Name='SourceHostname'>DESKTOP-FOEGBB0</Data><Data Name='SourcePort'>51101</Data><Data Name='SourcePortName'>-</Data><Data Name='DestinationIsIpv6'>false</Data><Data Name='DestinationIp'>104.18.32.47</Data><Data Name='DestinationHostname'>-</Data><Data Name='DestinationPort'>443</Data><Data Name='DestinationPortName'>https</Data></EventData></Event>